[2023-03-29 19:30:28,897] {taskinstance.py:1159} INFO - Dependencies all met for <TaskInstance: data_merge_dag.end_task manual__2023-03-29T15:43:08.139238+00:00 [queued]>
[2023-03-29 19:30:28,912] {taskinstance.py:1159} INFO - Dependencies all met for <TaskInstance: data_merge_dag.end_task manual__2023-03-29T15:43:08.139238+00:00 [queued]>
[2023-03-29 19:30:28,912] {taskinstance.py:1356} INFO - 
--------------------------------------------------------------------------------
[2023-03-29 19:30:28,912] {taskinstance.py:1357} INFO - Starting attempt 1 of 4
[2023-03-29 19:30:28,913] {taskinstance.py:1358} INFO - 
--------------------------------------------------------------------------------
[2023-03-29 19:30:28,934] {taskinstance.py:1377} INFO - Executing <Task(PythonOperator): end_task> on 2023-03-29 15:43:08.139238+00:00
[2023-03-29 19:30:28,941] {standard_task_runner.py:52} INFO - Started process 84 to run task
[2023-03-29 19:30:28,948] {standard_task_runner.py:79} INFO - Running: ['***', 'tasks', 'run', 'data_merge_dag', 'end_task', 'manual__2023-03-29T15:43:08.139238+00:00', '--job-id', '666', '--raw', '--subdir', 'DAGS_FOLDER/data_merge.py', '--cfg-path', '/tmp/tmp3nxh253b', '--error-file', '/tmp/tmpb5h78yip']
[2023-03-29 19:30:28,948] {standard_task_runner.py:80} INFO - Job 666: Subtask end_task
[2023-03-29 19:30:29,021] {task_command.py:369} INFO - Running <TaskInstance: data_merge_dag.end_task manual__2023-03-29T15:43:08.139238+00:00 [running]> on host 491e5e6b4ad4
[2023-03-29 19:30:29,178] {taskinstance.py:1571} INFO - Exporting the following env vars:
AIRFLOW_CTX_DAG_OWNER=kartaca
AIRFLOW_CTX_DAG_ID=data_merge_dag
AIRFLOW_CTX_TASK_ID=end_task
AIRFLOW_CTX_EXECUTION_DATE=2023-03-29T15:43:08.139238+00:00
AIRFLOW_CTX_TRY_NUMBER=1
AIRFLOW_CTX_DAG_RUN_ID=manual__2023-03-29T15:43:08.139238+00:00
[2023-03-29 19:30:29,179] {logging_mixin.py:115} INFO - DAG is completed...
[2023-03-29 19:30:29,179] {python.py:173} INFO - Done. Returned value was: DAG is completed...
[2023-03-29 19:30:29,227] {taskinstance.py:1400} INFO - Marking task as SUCCESS. dag_id=data_merge_dag, task_id=end_task, execution_date=20230329T154308, start_date=20230329T193028, end_date=20230329T193029
[2023-03-29 19:30:29,282] {local_task_job.py:156} INFO - Task exited with return code 0
[2023-03-29 19:30:29,327] {local_task_job.py:273} INFO - 0 downstream tasks scheduled from follow-on schedule check
