[2023-03-29 15:51:13,929] {taskinstance.py:1159} INFO - Dependencies all met for <TaskInstance: data_merge_dag.end_task manual__2023-03-29T15:51:10.349315+00:00 [queued]>
[2023-03-29 15:51:13,937] {taskinstance.py:1159} INFO - Dependencies all met for <TaskInstance: data_merge_dag.end_task manual__2023-03-29T15:51:10.349315+00:00 [queued]>
[2023-03-29 15:51:13,938] {taskinstance.py:1356} INFO - 
--------------------------------------------------------------------------------
[2023-03-29 15:51:13,938] {taskinstance.py:1357} INFO - Starting attempt 1 of 4
[2023-03-29 15:51:13,938] {taskinstance.py:1358} INFO - 
--------------------------------------------------------------------------------
[2023-03-29 15:51:13,950] {taskinstance.py:1377} INFO - Executing <Task(PythonOperator): end_task> on 2023-03-29 15:51:10.349315+00:00
[2023-03-29 15:51:13,954] {standard_task_runner.py:52} INFO - Started process 112 to run task
[2023-03-29 15:51:13,956] {standard_task_runner.py:79} INFO - Running: ['***', 'tasks', 'run', 'data_merge_dag', 'end_task', 'manual__2023-03-29T15:51:10.349315+00:00', '--job-id', '590', '--raw', '--subdir', 'DAGS_FOLDER/data_merge.py', '--cfg-path', '/tmp/tmpgidemrx6', '--error-file', '/tmp/tmpknnt1c1o']
[2023-03-29 15:51:13,957] {standard_task_runner.py:80} INFO - Job 590: Subtask end_task
[2023-03-29 15:51:14,004] {task_command.py:369} INFO - Running <TaskInstance: data_merge_dag.end_task manual__2023-03-29T15:51:10.349315+00:00 [running]> on host 5d8703454903
[2023-03-29 15:51:14,072] {taskinstance.py:1571} INFO - Exporting the following env vars:
AIRFLOW_CTX_DAG_OWNER=kartaca
AIRFLOW_CTX_DAG_ID=data_merge_dag
AIRFLOW_CTX_TASK_ID=end_task
AIRFLOW_CTX_EXECUTION_DATE=2023-03-29T15:51:10.349315+00:00
AIRFLOW_CTX_TRY_NUMBER=1
AIRFLOW_CTX_DAG_RUN_ID=manual__2023-03-29T15:51:10.349315+00:00
[2023-03-29 15:51:14,073] {logging_mixin.py:115} INFO - DAG is completed...
[2023-03-29 15:51:14,073] {python.py:173} INFO - Done. Returned value was: DAG is completed...
[2023-03-29 15:51:14,097] {taskinstance.py:1400} INFO - Marking task as SUCCESS. dag_id=data_merge_dag, task_id=end_task, execution_date=20230329T155110, start_date=20230329T155113, end_date=20230329T155114
[2023-03-29 15:51:14,129] {local_task_job.py:156} INFO - Task exited with return code 0
[2023-03-29 15:51:14,158] {local_task_job.py:273} INFO - 0 downstream tasks scheduled from follow-on schedule check
