[2023-03-29 15:55:46,869] {taskinstance.py:1159} INFO - Dependencies all met for <TaskInstance: data_merge_dag.end_task manual__2023-03-29T15:55:44.094028+00:00 [queued]>
[2023-03-29 15:55:46,881] {taskinstance.py:1159} INFO - Dependencies all met for <TaskInstance: data_merge_dag.end_task manual__2023-03-29T15:55:44.094028+00:00 [queued]>
[2023-03-29 15:55:46,881] {taskinstance.py:1356} INFO - 
--------------------------------------------------------------------------------
[2023-03-29 15:55:46,881] {taskinstance.py:1357} INFO - Starting attempt 1 of 4
[2023-03-29 15:55:46,881] {taskinstance.py:1358} INFO - 
--------------------------------------------------------------------------------
[2023-03-29 15:55:46,897] {taskinstance.py:1377} INFO - Executing <Task(PythonOperator): end_task> on 2023-03-29 15:55:44.094028+00:00
[2023-03-29 15:55:46,901] {standard_task_runner.py:52} INFO - Started process 175 to run task
[2023-03-29 15:55:46,903] {standard_task_runner.py:79} INFO - Running: ['***', 'tasks', 'run', 'data_merge_dag', 'end_task', 'manual__2023-03-29T15:55:44.094028+00:00', '--job-id', '610', '--raw', '--subdir', 'DAGS_FOLDER/data_merge.py', '--cfg-path', '/tmp/tmpn04aeq6y', '--error-file', '/tmp/tmpwczpcd7v']
[2023-03-29 15:55:46,904] {standard_task_runner.py:80} INFO - Job 610: Subtask end_task
[2023-03-29 15:55:46,965] {task_command.py:369} INFO - Running <TaskInstance: data_merge_dag.end_task manual__2023-03-29T15:55:44.094028+00:00 [running]> on host 4513f77b4fd8
[2023-03-29 15:55:47,043] {taskinstance.py:1571} INFO - Exporting the following env vars:
AIRFLOW_CTX_DAG_OWNER=kartaca
AIRFLOW_CTX_DAG_ID=data_merge_dag
AIRFLOW_CTX_TASK_ID=end_task
AIRFLOW_CTX_EXECUTION_DATE=2023-03-29T15:55:44.094028+00:00
AIRFLOW_CTX_TRY_NUMBER=1
AIRFLOW_CTX_DAG_RUN_ID=manual__2023-03-29T15:55:44.094028+00:00
[2023-03-29 15:55:47,044] {logging_mixin.py:115} INFO - DAG is completed...
[2023-03-29 15:55:47,044] {python.py:173} INFO - Done. Returned value was: DAG is completed...
[2023-03-29 15:55:47,080] {taskinstance.py:1400} INFO - Marking task as SUCCESS. dag_id=data_merge_dag, task_id=end_task, execution_date=20230329T155544, start_date=20230329T155546, end_date=20230329T155547
[2023-03-29 15:55:47,116] {local_task_job.py:156} INFO - Task exited with return code 0
[2023-03-29 15:55:47,150] {local_task_job.py:273} INFO - 0 downstream tasks scheduled from follow-on schedule check
