[2023-03-29 15:55:25,706] {taskinstance.py:1159} INFO - Dependencies all met for <TaskInstance: country_dag.end_task manual__2023-03-29T15:55:19.869602+00:00 [queued]>
[2023-03-29 15:55:25,719] {taskinstance.py:1159} INFO - Dependencies all met for <TaskInstance: country_dag.end_task manual__2023-03-29T15:55:19.869602+00:00 [queued]>
[2023-03-29 15:55:25,719] {taskinstance.py:1356} INFO - 
--------------------------------------------------------------------------------
[2023-03-29 15:55:25,719] {taskinstance.py:1357} INFO - Starting attempt 1 of 4
[2023-03-29 15:55:25,720] {taskinstance.py:1358} INFO - 
--------------------------------------------------------------------------------
[2023-03-29 15:55:25,736] {taskinstance.py:1377} INFO - Executing <Task(PythonOperator): end_task> on 2023-03-29 15:55:19.869602+00:00
[2023-03-29 15:55:25,742] {standard_task_runner.py:52} INFO - Started process 144 to run task
[2023-03-29 15:55:25,746] {standard_task_runner.py:79} INFO - Running: ['***', 'tasks', 'run', 'country_dag', 'end_task', 'manual__2023-03-29T15:55:19.869602+00:00', '--job-id', '599', '--raw', '--subdir', 'DAGS_FOLDER/country_dag.py', '--cfg-path', '/tmp/tmpkzgwyqky', '--error-file', '/tmp/tmp2r_ezttb']
[2023-03-29 15:55:25,746] {standard_task_runner.py:80} INFO - Job 599: Subtask end_task
[2023-03-29 15:55:25,812] {task_command.py:369} INFO - Running <TaskInstance: country_dag.end_task manual__2023-03-29T15:55:19.869602+00:00 [running]> on host 4513f77b4fd8
[2023-03-29 15:55:25,913] {taskinstance.py:1571} INFO - Exporting the following env vars:
AIRFLOW_CTX_DAG_OWNER=kartaca
AIRFLOW_CTX_DAG_ID=country_dag
AIRFLOW_CTX_TASK_ID=end_task
AIRFLOW_CTX_EXECUTION_DATE=2023-03-29T15:55:19.869602+00:00
AIRFLOW_CTX_TRY_NUMBER=1
AIRFLOW_CTX_DAG_RUN_ID=manual__2023-03-29T15:55:19.869602+00:00
[2023-03-29 15:55:25,914] {logging_mixin.py:115} INFO - DAG is completed...
[2023-03-29 15:55:25,914] {python.py:173} INFO - Done. Returned value was: DAG is completed...
[2023-03-29 15:55:25,940] {taskinstance.py:1400} INFO - Marking task as SUCCESS. dag_id=country_dag, task_id=end_task, execution_date=20230329T155519, start_date=20230329T155525, end_date=20230329T155525
[2023-03-29 15:55:25,958] {local_task_job.py:156} INFO - Task exited with return code 0
[2023-03-29 15:55:25,987] {local_task_job.py:273} INFO - 0 downstream tasks scheduled from follow-on schedule check
