[2023-03-29 15:39:09,915] {taskinstance.py:1159} INFO - Dependencies all met for <TaskInstance: currency_dag.end_task scheduled__2023-03-28T10:00:00+00:00 [queued]>
[2023-03-29 15:39:09,925] {taskinstance.py:1159} INFO - Dependencies all met for <TaskInstance: currency_dag.end_task scheduled__2023-03-28T10:00:00+00:00 [queued]>
[2023-03-29 15:39:09,925] {taskinstance.py:1356} INFO - 
--------------------------------------------------------------------------------
[2023-03-29 15:39:09,925] {taskinstance.py:1357} INFO - Starting attempt 1 of 4
[2023-03-29 15:39:09,925] {taskinstance.py:1358} INFO - 
--------------------------------------------------------------------------------
[2023-03-29 15:39:09,943] {taskinstance.py:1377} INFO - Executing <Task(PythonOperator): end_task> on 2023-03-28 10:00:00+00:00
[2023-03-29 15:39:09,950] {standard_task_runner.py:52} INFO - Started process 249 to run task
[2023-03-29 15:39:09,952] {standard_task_runner.py:79} INFO - Running: ['***', 'tasks', 'run', 'currency_dag', 'end_task', 'scheduled__2023-03-28T10:00:00+00:00', '--job-id', '511', '--raw', '--subdir', 'DAGS_FOLDER/currency_dag.py', '--cfg-path', '/tmp/tmp6fkxaldc', '--error-file', '/tmp/tmppjtqt3vc']
[2023-03-29 15:39:09,952] {standard_task_runner.py:80} INFO - Job 511: Subtask end_task
[2023-03-29 15:39:10,006] {task_command.py:369} INFO - Running <TaskInstance: currency_dag.end_task scheduled__2023-03-28T10:00:00+00:00 [running]> on host bc45bc710023
[2023-03-29 15:39:10,144] {taskinstance.py:1571} INFO - Exporting the following env vars:
AIRFLOW_CTX_DAG_OWNER=kartaca
AIRFLOW_CTX_DAG_ID=currency_dag
AIRFLOW_CTX_TASK_ID=end_task
AIRFLOW_CTX_EXECUTION_DATE=2023-03-28T10:00:00+00:00
AIRFLOW_CTX_TRY_NUMBER=1
AIRFLOW_CTX_DAG_RUN_ID=scheduled__2023-03-28T10:00:00+00:00
[2023-03-29 15:39:10,145] {logging_mixin.py:115} INFO - DAG is completed...
[2023-03-29 15:39:10,145] {python.py:173} INFO - Done. Returned value was: DAG is completed...
[2023-03-29 15:39:10,185] {taskinstance.py:1400} INFO - Marking task as SUCCESS. dag_id=currency_dag, task_id=end_task, execution_date=20230328T100000, start_date=20230329T153909, end_date=20230329T153910
[2023-03-29 15:39:10,205] {local_task_job.py:156} INFO - Task exited with return code 0
[2023-03-29 15:39:10,249] {local_task_job.py:273} INFO - 0 downstream tasks scheduled from follow-on schedule check
