[2023-03-29 15:42:28,119] {taskinstance.py:1159} INFO - Dependencies all met for <TaskInstance: country_dag.end_task manual__2023-03-29T15:42:21.948164+00:00 [queued]>
[2023-03-29 15:42:28,131] {taskinstance.py:1159} INFO - Dependencies all met for <TaskInstance: country_dag.end_task manual__2023-03-29T15:42:21.948164+00:00 [queued]>
[2023-03-29 15:42:28,131] {taskinstance.py:1356} INFO - 
--------------------------------------------------------------------------------
[2023-03-29 15:42:28,131] {taskinstance.py:1357} INFO - Starting attempt 1 of 4
[2023-03-29 15:42:28,131] {taskinstance.py:1358} INFO - 
--------------------------------------------------------------------------------
[2023-03-29 15:42:28,146] {taskinstance.py:1377} INFO - Executing <Task(PythonOperator): end_task> on 2023-03-29 15:42:21.948164+00:00
[2023-03-29 15:42:28,150] {standard_task_runner.py:52} INFO - Started process 106 to run task
[2023-03-29 15:42:28,152] {standard_task_runner.py:79} INFO - Running: ['***', 'tasks', 'run', 'country_dag', 'end_task', 'manual__2023-03-29T15:42:21.948164+00:00', '--job-id', '521', '--raw', '--subdir', 'DAGS_FOLDER/country_dag.py', '--cfg-path', '/tmp/tmppvhpz9_9', '--error-file', '/tmp/tmpajo7hed5']
[2023-03-29 15:42:28,153] {standard_task_runner.py:80} INFO - Job 521: Subtask end_task
[2023-03-29 15:42:28,205] {task_command.py:369} INFO - Running <TaskInstance: country_dag.end_task manual__2023-03-29T15:42:21.948164+00:00 [running]> on host 5d8703454903
[2023-03-29 15:42:28,281] {taskinstance.py:1571} INFO - Exporting the following env vars:
AIRFLOW_CTX_DAG_OWNER=kartaca
AIRFLOW_CTX_DAG_ID=country_dag
AIRFLOW_CTX_TASK_ID=end_task
AIRFLOW_CTX_EXECUTION_DATE=2023-03-29T15:42:21.948164+00:00
AIRFLOW_CTX_TRY_NUMBER=1
AIRFLOW_CTX_DAG_RUN_ID=manual__2023-03-29T15:42:21.948164+00:00
[2023-03-29 15:42:28,282] {logging_mixin.py:115} INFO - DAG is completed...
[2023-03-29 15:42:28,282] {python.py:173} INFO - Done. Returned value was: DAG is completed...
[2023-03-29 15:42:28,313] {taskinstance.py:1400} INFO - Marking task as SUCCESS. dag_id=country_dag, task_id=end_task, execution_date=20230329T154221, start_date=20230329T154228, end_date=20230329T154228
[2023-03-29 15:42:28,365] {local_task_job.py:156} INFO - Task exited with return code 0
[2023-03-29 15:42:28,400] {local_task_job.py:273} INFO - 0 downstream tasks scheduled from follow-on schedule check
