[2023-03-29 14:12:53,167] {taskinstance.py:1159} INFO - Dependencies all met for <TaskInstance: country_dag.end_task manual__2023-03-28T22:43:38.838387+00:00 [queued]>
[2023-03-29 14:12:53,177] {taskinstance.py:1159} INFO - Dependencies all met for <TaskInstance: country_dag.end_task manual__2023-03-28T22:43:38.838387+00:00 [queued]>
[2023-03-29 14:12:53,177] {taskinstance.py:1356} INFO - 
--------------------------------------------------------------------------------
[2023-03-29 14:12:53,177] {taskinstance.py:1357} INFO - Starting attempt 1 of 4
[2023-03-29 14:12:53,177] {taskinstance.py:1358} INFO - 
--------------------------------------------------------------------------------
[2023-03-29 14:12:53,191] {taskinstance.py:1377} INFO - Executing <Task(PythonOperator): end_task> on 2023-03-28 22:43:38.838387+00:00
[2023-03-29 14:12:53,196] {standard_task_runner.py:52} INFO - Started process 87 to run task
[2023-03-29 14:12:53,198] {standard_task_runner.py:79} INFO - Running: ['***', 'tasks', 'run', 'country_dag', 'end_task', 'manual__2023-03-28T22:43:38.838387+00:00', '--job-id', '338', '--raw', '--subdir', 'DAGS_FOLDER/country_dag.py', '--cfg-path', '/tmp/tmpap1o4f4x', '--error-file', '/tmp/tmpnoi82jcw']
[2023-03-29 14:12:53,198] {standard_task_runner.py:80} INFO - Job 338: Subtask end_task
[2023-03-29 14:12:53,246] {task_command.py:369} INFO - Running <TaskInstance: country_dag.end_task manual__2023-03-28T22:43:38.838387+00:00 [running]> on host c0bc2ca16b74
[2023-03-29 14:12:53,325] {taskinstance.py:1571} INFO - Exporting the following env vars:
AIRFLOW_CTX_DAG_OWNER=Ranga
AIRFLOW_CTX_DAG_ID=country_dag
AIRFLOW_CTX_TASK_ID=end_task
AIRFLOW_CTX_EXECUTION_DATE=2023-03-28T22:43:38.838387+00:00
AIRFLOW_CTX_TRY_NUMBER=1
AIRFLOW_CTX_DAG_RUN_ID=manual__2023-03-28T22:43:38.838387+00:00
[2023-03-29 14:12:53,325] {logging_mixin.py:115} INFO - DAG is completed...
[2023-03-29 14:12:53,325] {python.py:173} INFO - Done. Returned value was: DAG is completed...
[2023-03-29 14:12:53,355] {taskinstance.py:1400} INFO - Marking task as SUCCESS. dag_id=country_dag, task_id=end_task, execution_date=20230328T224338, start_date=20230329T141253, end_date=20230329T141253
[2023-03-29 14:12:53,371] {local_task_job.py:156} INFO - Task exited with return code 0
[2023-03-29 14:12:53,400] {local_task_job.py:273} INFO - 0 downstream tasks scheduled from follow-on schedule check
