[2023-03-29 15:39:04,563] {taskinstance.py:1159} INFO - Dependencies all met for <TaskInstance: currency_dag.start_task scheduled__2023-03-28T10:00:00+00:00 [queued]>
[2023-03-29 15:39:04,578] {taskinstance.py:1159} INFO - Dependencies all met for <TaskInstance: currency_dag.start_task scheduled__2023-03-28T10:00:00+00:00 [queued]>
[2023-03-29 15:39:04,578] {taskinstance.py:1356} INFO - 
--------------------------------------------------------------------------------
[2023-03-29 15:39:04,578] {taskinstance.py:1357} INFO - Starting attempt 3 of 4
[2023-03-29 15:39:04,578] {taskinstance.py:1358} INFO - 
--------------------------------------------------------------------------------
[2023-03-29 15:39:04,598] {taskinstance.py:1377} INFO - Executing <Task(PythonOperator): start_task> on 2023-03-28 10:00:00+00:00
[2023-03-29 15:39:04,605] {standard_task_runner.py:52} INFO - Started process 231 to run task
[2023-03-29 15:39:04,607] {standard_task_runner.py:79} INFO - Running: ['***', 'tasks', 'run', 'currency_dag', 'start_task', 'scheduled__2023-03-28T10:00:00+00:00', '--job-id', '500', '--raw', '--subdir', 'DAGS_FOLDER/currency_dag.py', '--cfg-path', '/tmp/tmpek5ot99i', '--error-file', '/tmp/tmpq1avrtfu']
[2023-03-29 15:39:04,608] {standard_task_runner.py:80} INFO - Job 500: Subtask start_task
[2023-03-29 15:39:04,681] {task_command.py:369} INFO - Running <TaskInstance: currency_dag.start_task scheduled__2023-03-28T10:00:00+00:00 [running]> on host bc45bc710023
[2023-03-29 15:39:04,789] {taskinstance.py:1571} INFO - Exporting the following env vars:
AIRFLOW_CTX_DAG_OWNER=kartaca
AIRFLOW_CTX_DAG_ID=currency_dag
AIRFLOW_CTX_TASK_ID=start_task
AIRFLOW_CTX_EXECUTION_DATE=2023-03-28T10:00:00+00:00
AIRFLOW_CTX_TRY_NUMBER=3
AIRFLOW_CTX_DAG_RUN_ID=scheduled__2023-03-28T10:00:00+00:00
[2023-03-29 15:39:04,791] {logging_mixin.py:115} INFO - DAG has been started...
[2023-03-29 15:39:04,791] {python.py:173} INFO - Done. Returned value was: DAG has been started...
[2023-03-29 15:39:04,821] {taskinstance.py:1400} INFO - Marking task as SUCCESS. dag_id=currency_dag, task_id=start_task, execution_date=20230328T100000, start_date=20230329T153904, end_date=20230329T153904
[2023-03-29 15:39:04,861] {local_task_job.py:156} INFO - Task exited with return code 0
[2023-03-29 15:39:04,904] {local_task_job.py:273} INFO - 1 downstream tasks scheduled from follow-on schedule check
