[2023-03-29 14:12:46,506] {taskinstance.py:1159} INFO - Dependencies all met for <TaskInstance: country_dag.start_task scheduled__2023-03-28T10:00:00+00:00 [queued]>
[2023-03-29 14:12:46,524] {taskinstance.py:1159} INFO - Dependencies all met for <TaskInstance: country_dag.start_task scheduled__2023-03-28T10:00:00+00:00 [queued]>
[2023-03-29 14:12:46,525] {taskinstance.py:1356} INFO - 
--------------------------------------------------------------------------------
[2023-03-29 14:12:46,525] {taskinstance.py:1357} INFO - Starting attempt 2 of 4
[2023-03-29 14:12:46,525] {taskinstance.py:1358} INFO - 
--------------------------------------------------------------------------------
[2023-03-29 14:12:46,550] {taskinstance.py:1377} INFO - Executing <Task(PythonOperator): start_task> on 2023-03-28 10:00:00+00:00
[2023-03-29 14:12:46,558] {standard_task_runner.py:52} INFO - Started process 75 to run task
[2023-03-29 14:12:46,565] {standard_task_runner.py:79} INFO - Running: ['***', 'tasks', 'run', 'country_dag', 'start_task', 'scheduled__2023-03-28T10:00:00+00:00', '--job-id', '331', '--raw', '--subdir', 'DAGS_FOLDER/country_dag.py', '--cfg-path', '/tmp/tmpxg_77upc', '--error-file', '/tmp/tmpq48wkd8t']
[2023-03-29 14:12:46,566] {standard_task_runner.py:80} INFO - Job 331: Subtask start_task
[2023-03-29 14:12:46,672] {task_command.py:369} INFO - Running <TaskInstance: country_dag.start_task scheduled__2023-03-28T10:00:00+00:00 [running]> on host c0bc2ca16b74
[2023-03-29 14:12:46,794] {taskinstance.py:1571} INFO - Exporting the following env vars:
AIRFLOW_CTX_DAG_OWNER=Ranga
AIRFLOW_CTX_DAG_ID=country_dag
AIRFLOW_CTX_TASK_ID=start_task
AIRFLOW_CTX_EXECUTION_DATE=2023-03-28T10:00:00+00:00
AIRFLOW_CTX_TRY_NUMBER=2
AIRFLOW_CTX_DAG_RUN_ID=scheduled__2023-03-28T10:00:00+00:00
[2023-03-29 14:12:46,797] {logging_mixin.py:115} INFO - DAG has been started...
[2023-03-29 14:12:46,797] {python.py:173} INFO - Done. Returned value was: DAG has been started...
[2023-03-29 14:12:46,848] {taskinstance.py:1400} INFO - Marking task as SUCCESS. dag_id=country_dag, task_id=start_task, execution_date=20230328T100000, start_date=20230329T141246, end_date=20230329T141246
[2023-03-29 14:12:46,898] {local_task_job.py:156} INFO - Task exited with return code 0
[2023-03-29 14:12:47,059] {local_task_job.py:273} INFO - 1 downstream tasks scheduled from follow-on schedule check
