[2023-03-29 15:36:52,770] {taskinstance.py:1159} INFO - Dependencies all met for <TaskInstance: currency_dag.start_task manual__2023-03-29T15:36:51.149482+00:00 [queued]>
[2023-03-29 15:36:52,781] {taskinstance.py:1159} INFO - Dependencies all met for <TaskInstance: currency_dag.start_task manual__2023-03-29T15:36:51.149482+00:00 [queued]>
[2023-03-29 15:36:52,781] {taskinstance.py:1356} INFO - 
--------------------------------------------------------------------------------
[2023-03-29 15:36:52,781] {taskinstance.py:1357} INFO - Starting attempt 1 of 4
[2023-03-29 15:36:52,781] {taskinstance.py:1358} INFO - 
--------------------------------------------------------------------------------
[2023-03-29 15:36:52,795] {taskinstance.py:1377} INFO - Executing <Task(PythonOperator): start_task> on 2023-03-29 15:36:51.149482+00:00
[2023-03-29 15:36:52,800] {standard_task_runner.py:52} INFO - Started process 105 to run task
[2023-03-29 15:36:52,803] {standard_task_runner.py:79} INFO - Running: ['***', 'tasks', 'run', 'currency_dag', 'start_task', 'manual__2023-03-29T15:36:51.149482+00:00', '--job-id', '493', '--raw', '--subdir', 'DAGS_FOLDER/currency_dag.py', '--cfg-path', '/tmp/tmp3kpy5jno', '--error-file', '/tmp/tmp64vnwaa_']
[2023-03-29 15:36:52,804] {standard_task_runner.py:80} INFO - Job 493: Subtask start_task
[2023-03-29 15:36:52,857] {task_command.py:369} INFO - Running <TaskInstance: currency_dag.start_task manual__2023-03-29T15:36:51.149482+00:00 [running]> on host bc45bc710023
[2023-03-29 15:36:52,942] {taskinstance.py:1571} INFO - Exporting the following env vars:
AIRFLOW_CTX_DAG_OWNER=kartaca
AIRFLOW_CTX_DAG_ID=currency_dag
AIRFLOW_CTX_TASK_ID=start_task
AIRFLOW_CTX_EXECUTION_DATE=2023-03-29T15:36:51.149482+00:00
AIRFLOW_CTX_TRY_NUMBER=1
AIRFLOW_CTX_DAG_RUN_ID=manual__2023-03-29T15:36:51.149482+00:00
[2023-03-29 15:36:52,943] {logging_mixin.py:115} INFO - DAG has been started...
[2023-03-29 15:36:52,943] {python.py:173} INFO - Done. Returned value was: DAG has been started...
[2023-03-29 15:36:52,970] {taskinstance.py:1400} INFO - Marking task as SUCCESS. dag_id=currency_dag, task_id=start_task, execution_date=20230329T153651, start_date=20230329T153652, end_date=20230329T153652
[2023-03-29 15:36:53,016] {local_task_job.py:156} INFO - Task exited with return code 0
[2023-03-29 15:36:53,059] {local_task_job.py:273} INFO - 1 downstream tasks scheduled from follow-on schedule check
