[2023-03-29 19:20:17,159] {taskinstance.py:1159} INFO - Dependencies all met for <TaskInstance: data_merge_dag.end_task manual__2023-03-29T15:47:23.455047+00:00 [queued]>
[2023-03-29 19:20:17,178] {taskinstance.py:1159} INFO - Dependencies all met for <TaskInstance: data_merge_dag.end_task manual__2023-03-29T15:47:23.455047+00:00 [queued]>
[2023-03-29 19:20:17,178] {taskinstance.py:1356} INFO - 
--------------------------------------------------------------------------------
[2023-03-29 19:20:17,178] {taskinstance.py:1357} INFO - Starting attempt 1 of 4
[2023-03-29 19:20:17,178] {taskinstance.py:1358} INFO - 
--------------------------------------------------------------------------------
[2023-03-29 19:20:17,204] {taskinstance.py:1377} INFO - Executing <Task(PythonOperator): end_task> on 2023-03-29 15:47:23.455047+00:00
[2023-03-29 19:20:17,212] {standard_task_runner.py:52} INFO - Started process 101 to run task
[2023-03-29 19:20:17,216] {standard_task_runner.py:79} INFO - Running: ['***', 'tasks', 'run', 'data_merge_dag', 'end_task', 'manual__2023-03-29T15:47:23.455047+00:00', '--job-id', '641', '--raw', '--subdir', 'DAGS_FOLDER/data_merge.py', '--cfg-path', '/tmp/tmpb16ifllu', '--error-file', '/tmp/tmp70c66322']
[2023-03-29 19:20:17,216] {standard_task_runner.py:80} INFO - Job 641: Subtask end_task
[2023-03-29 19:20:17,305] {task_command.py:369} INFO - Running <TaskInstance: data_merge_dag.end_task manual__2023-03-29T15:47:23.455047+00:00 [running]> on host 0f918821725a
[2023-03-29 19:20:17,416] {taskinstance.py:1571} INFO - Exporting the following env vars:
AIRFLOW_CTX_DAG_OWNER=kartaca
AIRFLOW_CTX_DAG_ID=data_merge_dag
AIRFLOW_CTX_TASK_ID=end_task
AIRFLOW_CTX_EXECUTION_DATE=2023-03-29T15:47:23.455047+00:00
AIRFLOW_CTX_TRY_NUMBER=1
AIRFLOW_CTX_DAG_RUN_ID=manual__2023-03-29T15:47:23.455047+00:00
[2023-03-29 19:20:17,417] {logging_mixin.py:115} INFO - DAG is completed...
[2023-03-29 19:20:17,417] {python.py:173} INFO - Done. Returned value was: DAG is completed...
[2023-03-29 19:20:17,456] {taskinstance.py:1400} INFO - Marking task as SUCCESS. dag_id=data_merge_dag, task_id=end_task, execution_date=20230329T154723, start_date=20230329T192017, end_date=20230329T192017
[2023-03-29 19:20:17,509] {local_task_job.py:156} INFO - Task exited with return code 0
[2023-03-29 19:20:17,549] {local_task_job.py:273} INFO - 0 downstream tasks scheduled from follow-on schedule check
