[2023-03-29 15:51:01,127] {taskinstance.py:1159} INFO - Dependencies all met for <TaskInstance: country_dag.insert_task manual__2023-03-29T15:50:55.975948+00:00 [queued]>
[2023-03-29 15:51:01,136] {taskinstance.py:1159} INFO - Dependencies all met for <TaskInstance: country_dag.insert_task manual__2023-03-29T15:50:55.975948+00:00 [queued]>
[2023-03-29 15:51:01,136] {taskinstance.py:1356} INFO - 
--------------------------------------------------------------------------------
[2023-03-29 15:51:01,136] {taskinstance.py:1357} INFO - Starting attempt 1 of 4
[2023-03-29 15:51:01,136] {taskinstance.py:1358} INFO - 
--------------------------------------------------------------------------------
[2023-03-29 15:51:01,149] {taskinstance.py:1377} INFO - Executing <Task(PythonOperator): insert_task> on 2023-03-29 15:50:55.975948+00:00
[2023-03-29 15:51:01,166] {standard_task_runner.py:52} INFO - Started process 90 to run task
[2023-03-29 15:51:01,169] {standard_task_runner.py:79} INFO - Running: ['***', 'tasks', 'run', 'country_dag', 'insert_task', 'manual__2023-03-29T15:50:55.975948+00:00', '--job-id', '583', '--raw', '--subdir', 'DAGS_FOLDER/country_dag.py', '--cfg-path', '/tmp/tmpqpssqxrm', '--error-file', '/tmp/tmp6ylig_fq']
[2023-03-29 15:51:01,170] {standard_task_runner.py:80} INFO - Job 583: Subtask insert_task
[2023-03-29 15:51:01,218] {task_command.py:369} INFO - Running <TaskInstance: country_dag.insert_task manual__2023-03-29T15:50:55.975948+00:00 [running]> on host 5d8703454903
[2023-03-29 15:51:01,287] {taskinstance.py:1571} INFO - Exporting the following env vars:
AIRFLOW_CTX_DAG_OWNER=kartaca
AIRFLOW_CTX_DAG_ID=country_dag
AIRFLOW_CTX_TASK_ID=insert_task
AIRFLOW_CTX_EXECUTION_DATE=2023-03-29T15:50:55.975948+00:00
AIRFLOW_CTX_TRY_NUMBER=1
AIRFLOW_CTX_DAG_RUN_ID=manual__2023-03-29T15:50:55.975948+00:00
[2023-03-29 15:51:02,031] {python.py:173} INFO - Done. Returned value was: None
[2023-03-29 15:51:02,079] {taskinstance.py:1400} INFO - Marking task as SUCCESS. dag_id=country_dag, task_id=insert_task, execution_date=20230329T155055, start_date=20230329T155101, end_date=20230329T155102
[2023-03-29 15:51:02,104] {local_task_job.py:156} INFO - Task exited with return code 0
[2023-03-29 15:51:02,141] {local_task_job.py:273} INFO - 1 downstream tasks scheduled from follow-on schedule check
