[2023-03-28 22:48:16,097] {taskinstance.py:1159} INFO - Dependencies all met for <TaskInstance: country_dag.start_task scheduled__2023-03-27T10:00:00+00:00 [queued]>
[2023-03-28 22:48:16,113] {taskinstance.py:1159} INFO - Dependencies all met for <TaskInstance: country_dag.start_task scheduled__2023-03-27T10:00:00+00:00 [queued]>
[2023-03-28 22:48:16,113] {taskinstance.py:1356} INFO - 
--------------------------------------------------------------------------------
[2023-03-28 22:48:16,113] {taskinstance.py:1357} INFO - Starting attempt 1 of 4
[2023-03-28 22:48:16,113] {taskinstance.py:1358} INFO - 
--------------------------------------------------------------------------------
[2023-03-28 22:48:16,135] {taskinstance.py:1377} INFO - Executing <Task(PythonOperator): start_task> on 2023-03-27 10:00:00+00:00
[2023-03-28 22:48:16,144] {standard_task_runner.py:52} INFO - Started process 74 to run task
[2023-03-28 22:48:16,149] {standard_task_runner.py:79} INFO - Running: ['***', 'tasks', 'run', 'country_dag', 'start_task', 'scheduled__2023-03-27T10:00:00+00:00', '--job-id', '284', '--raw', '--subdir', 'DAGS_FOLDER/country_dag.py', '--cfg-path', '/tmp/tmptfpnuexf', '--error-file', '/tmp/tmpi7w1negu']
[2023-03-28 22:48:16,150] {standard_task_runner.py:80} INFO - Job 284: Subtask start_task
[2023-03-28 22:48:16,223] {task_command.py:369} INFO - Running <TaskInstance: country_dag.start_task scheduled__2023-03-27T10:00:00+00:00 [running]> on host c0bc2ca16b74
[2023-03-28 22:48:16,314] {taskinstance.py:1571} INFO - Exporting the following env vars:
AIRFLOW_CTX_DAG_OWNER=Ranga
AIRFLOW_CTX_DAG_ID=country_dag
AIRFLOW_CTX_TASK_ID=start_task
AIRFLOW_CTX_EXECUTION_DATE=2023-03-27T10:00:00+00:00
AIRFLOW_CTX_TRY_NUMBER=1
AIRFLOW_CTX_DAG_RUN_ID=scheduled__2023-03-27T10:00:00+00:00
[2023-03-28 22:48:16,315] {logging_mixin.py:115} INFO - DAG has been started...
[2023-03-28 22:48:16,315] {python.py:173} INFO - Done. Returned value was: DAG has been started...
[2023-03-28 22:48:16,354] {taskinstance.py:1400} INFO - Marking task as SUCCESS. dag_id=country_dag, task_id=start_task, execution_date=20230327T100000, start_date=20230328T224816, end_date=20230328T224816
[2023-03-28 22:48:16,404] {local_task_job.py:156} INFO - Task exited with return code 0
[2023-03-28 22:48:16,459] {local_task_job.py:273} INFO - 1 downstream tasks scheduled from follow-on schedule check
