[2023-03-28 22:23:49,983] {processor.py:153} INFO - Started process (PID=2355) to work on /home/airflow/.local/lib/python3.7/site-packages/airflow/example_dags/example_branch_day_of_week_operator.py
[2023-03-28 22:23:49,984] {processor.py:641} INFO - Processing file /home/airflow/.local/lib/python3.7/site-packages/airflow/example_dags/example_branch_day_of_week_operator.py for tasks to queue
[2023-03-28 22:23:49,984] {logging_mixin.py:115} INFO - [2023-03-28 22:23:49,984] {dagbag.py:507} INFO - Filling up the DagBag from /home/airflow/.local/lib/python3.7/site-packages/airflow/example_dags/example_branch_day_of_week_operator.py
[2023-03-28 22:23:49,990] {processor.py:651} INFO - DAG(s) dict_keys(['example_weekday_branch_operator']) retrieved from /home/airflow/.local/lib/python3.7/site-packages/airflow/example_dags/example_branch_day_of_week_operator.py
[2023-03-28 22:23:50,013] {logging_mixin.py:115} INFO - [2023-03-28 22:23:50,013] {dag.py:2371} INFO - Sync 1 DAGs
[2023-03-28 22:23:50,033] {logging_mixin.py:115} INFO - [2023-03-28 22:23:50,033] {dag.py:2919} INFO - Setting next_dagrun for example_weekday_branch_operator to 2023-03-27T00:00:00+00:00, run_after=2023-03-28T00:00:00+00:00
[2023-03-28 22:23:50,046] {processor.py:161} INFO - Processing /home/airflow/.local/lib/python3.7/site-packages/airflow/example_dags/example_branch_day_of_week_operator.py took 0.065 seconds
[2023-03-28 22:24:20,934] {processor.py:153} INFO - Started process (PID=2410) to work on /home/airflow/.local/lib/python3.7/site-packages/airflow/example_dags/example_branch_day_of_week_operator.py
[2023-03-28 22:24:20,935] {processor.py:641} INFO - Processing file /home/airflow/.local/lib/python3.7/site-packages/airflow/example_dags/example_branch_day_of_week_operator.py for tasks to queue
[2023-03-28 22:24:20,936] {logging_mixin.py:115} INFO - [2023-03-28 22:24:20,935] {dagbag.py:507} INFO - Filling up the DagBag from /home/airflow/.local/lib/python3.7/site-packages/airflow/example_dags/example_branch_day_of_week_operator.py
[2023-03-28 22:24:20,941] {processor.py:651} INFO - DAG(s) dict_keys(['example_weekday_branch_operator']) retrieved from /home/airflow/.local/lib/python3.7/site-packages/airflow/example_dags/example_branch_day_of_week_operator.py
[2023-03-28 22:24:20,963] {logging_mixin.py:115} INFO - [2023-03-28 22:24:20,963] {dag.py:2371} INFO - Sync 1 DAGs
[2023-03-28 22:24:20,983] {logging_mixin.py:115} INFO - [2023-03-28 22:24:20,983] {dag.py:2919} INFO - Setting next_dagrun for example_weekday_branch_operator to 2023-03-27T00:00:00+00:00, run_after=2023-03-28T00:00:00+00:00
[2023-03-28 22:24:20,994] {processor.py:161} INFO - Processing /home/airflow/.local/lib/python3.7/site-packages/airflow/example_dags/example_branch_day_of_week_operator.py took 0.062 seconds
[2023-03-28 22:24:51,519] {processor.py:153} INFO - Started process (PID=2474) to work on /home/airflow/.local/lib/python3.7/site-packages/airflow/example_dags/example_branch_day_of_week_operator.py
[2023-03-28 22:24:51,521] {processor.py:641} INFO - Processing file /home/airflow/.local/lib/python3.7/site-packages/airflow/example_dags/example_branch_day_of_week_operator.py for tasks to queue
[2023-03-28 22:24:51,521] {logging_mixin.py:115} INFO - [2023-03-28 22:24:51,521] {dagbag.py:507} INFO - Filling up the DagBag from /home/airflow/.local/lib/python3.7/site-packages/airflow/example_dags/example_branch_day_of_week_operator.py
[2023-03-28 22:24:51,526] {processor.py:651} INFO - DAG(s) dict_keys(['example_weekday_branch_operator']) retrieved from /home/airflow/.local/lib/python3.7/site-packages/airflow/example_dags/example_branch_day_of_week_operator.py
[2023-03-28 22:24:51,548] {logging_mixin.py:115} INFO - [2023-03-28 22:24:51,548] {dag.py:2371} INFO - Sync 1 DAGs
[2023-03-28 22:24:51,568] {logging_mixin.py:115} INFO - [2023-03-28 22:24:51,567] {dag.py:2919} INFO - Setting next_dagrun for example_weekday_branch_operator to 2023-03-27T00:00:00+00:00, run_after=2023-03-28T00:00:00+00:00
[2023-03-28 22:24:51,579] {processor.py:161} INFO - Processing /home/airflow/.local/lib/python3.7/site-packages/airflow/example_dags/example_branch_day_of_week_operator.py took 0.062 seconds
[2023-03-28 22:25:22,431] {processor.py:153} INFO - Started process (PID=2538) to work on /home/airflow/.local/lib/python3.7/site-packages/airflow/example_dags/example_branch_day_of_week_operator.py
[2023-03-28 22:25:22,431] {processor.py:641} INFO - Processing file /home/airflow/.local/lib/python3.7/site-packages/airflow/example_dags/example_branch_day_of_week_operator.py for tasks to queue
[2023-03-28 22:25:22,431] {logging_mixin.py:115} INFO - [2023-03-28 22:25:22,431] {dagbag.py:507} INFO - Filling up the DagBag from /home/airflow/.local/lib/python3.7/site-packages/airflow/example_dags/example_branch_day_of_week_operator.py
[2023-03-28 22:25:22,437] {processor.py:651} INFO - DAG(s) dict_keys(['example_weekday_branch_operator']) retrieved from /home/airflow/.local/lib/python3.7/site-packages/airflow/example_dags/example_branch_day_of_week_operator.py
[2023-03-28 22:25:22,460] {logging_mixin.py:115} INFO - [2023-03-28 22:25:22,459] {dag.py:2371} INFO - Sync 1 DAGs
[2023-03-28 22:25:22,480] {logging_mixin.py:115} INFO - [2023-03-28 22:25:22,480] {dag.py:2919} INFO - Setting next_dagrun for example_weekday_branch_operator to 2023-03-27T00:00:00+00:00, run_after=2023-03-28T00:00:00+00:00
[2023-03-28 22:25:22,491] {processor.py:161} INFO - Processing /home/airflow/.local/lib/python3.7/site-packages/airflow/example_dags/example_branch_day_of_week_operator.py took 0.063 seconds
[2023-03-28 22:25:53,324] {processor.py:153} INFO - Started process (PID=2593) to work on /home/airflow/.local/lib/python3.7/site-packages/airflow/example_dags/example_branch_day_of_week_operator.py
[2023-03-28 22:25:53,325] {processor.py:641} INFO - Processing file /home/airflow/.local/lib/python3.7/site-packages/airflow/example_dags/example_branch_day_of_week_operator.py for tasks to queue
[2023-03-28 22:25:53,325] {logging_mixin.py:115} INFO - [2023-03-28 22:25:53,325] {dagbag.py:507} INFO - Filling up the DagBag from /home/airflow/.local/lib/python3.7/site-packages/airflow/example_dags/example_branch_day_of_week_operator.py
[2023-03-28 22:25:53,331] {processor.py:651} INFO - DAG(s) dict_keys(['example_weekday_branch_operator']) retrieved from /home/airflow/.local/lib/python3.7/site-packages/airflow/example_dags/example_branch_day_of_week_operator.py
[2023-03-28 22:25:53,353] {logging_mixin.py:115} INFO - [2023-03-28 22:25:53,353] {dag.py:2371} INFO - Sync 1 DAGs
[2023-03-28 22:25:53,372] {logging_mixin.py:115} INFO - [2023-03-28 22:25:53,372] {dag.py:2919} INFO - Setting next_dagrun for example_weekday_branch_operator to 2023-03-27T00:00:00+00:00, run_after=2023-03-28T00:00:00+00:00
[2023-03-28 22:25:53,385] {processor.py:161} INFO - Processing /home/airflow/.local/lib/python3.7/site-packages/airflow/example_dags/example_branch_day_of_week_operator.py took 0.063 seconds
[2023-03-28 22:26:24,219] {processor.py:153} INFO - Started process (PID=2658) to work on /home/airflow/.local/lib/python3.7/site-packages/airflow/example_dags/example_branch_day_of_week_operator.py
[2023-03-28 22:26:24,219] {processor.py:641} INFO - Processing file /home/airflow/.local/lib/python3.7/site-packages/airflow/example_dags/example_branch_day_of_week_operator.py for tasks to queue
[2023-03-28 22:26:24,220] {logging_mixin.py:115} INFO - [2023-03-28 22:26:24,219] {dagbag.py:507} INFO - Filling up the DagBag from /home/airflow/.local/lib/python3.7/site-packages/airflow/example_dags/example_branch_day_of_week_operator.py
[2023-03-28 22:26:24,225] {processor.py:651} INFO - DAG(s) dict_keys(['example_weekday_branch_operator']) retrieved from /home/airflow/.local/lib/python3.7/site-packages/airflow/example_dags/example_branch_day_of_week_operator.py
[2023-03-28 22:26:24,245] {logging_mixin.py:115} INFO - [2023-03-28 22:26:24,245] {dag.py:2371} INFO - Sync 1 DAGs
[2023-03-28 22:26:24,265] {logging_mixin.py:115} INFO - [2023-03-28 22:26:24,265] {dag.py:2919} INFO - Setting next_dagrun for example_weekday_branch_operator to 2023-03-27T00:00:00+00:00, run_after=2023-03-28T00:00:00+00:00
[2023-03-28 22:26:24,276] {processor.py:161} INFO - Processing /home/airflow/.local/lib/python3.7/site-packages/airflow/example_dags/example_branch_day_of_week_operator.py took 0.059 seconds
[2023-03-28 22:26:54,416] {processor.py:153} INFO - Started process (PID=2722) to work on /home/airflow/.local/lib/python3.7/site-packages/airflow/example_dags/example_branch_day_of_week_operator.py
[2023-03-28 22:26:54,417] {processor.py:641} INFO - Processing file /home/airflow/.local/lib/python3.7/site-packages/airflow/example_dags/example_branch_day_of_week_operator.py for tasks to queue
[2023-03-28 22:26:54,417] {logging_mixin.py:115} INFO - [2023-03-28 22:26:54,417] {dagbag.py:507} INFO - Filling up the DagBag from /home/airflow/.local/lib/python3.7/site-packages/airflow/example_dags/example_branch_day_of_week_operator.py
[2023-03-28 22:26:54,422] {processor.py:651} INFO - DAG(s) dict_keys(['example_weekday_branch_operator']) retrieved from /home/airflow/.local/lib/python3.7/site-packages/airflow/example_dags/example_branch_day_of_week_operator.py
[2023-03-28 22:26:54,445] {logging_mixin.py:115} INFO - [2023-03-28 22:26:54,445] {dag.py:2371} INFO - Sync 1 DAGs
[2023-03-28 22:26:54,464] {logging_mixin.py:115} INFO - [2023-03-28 22:26:54,464] {dag.py:2919} INFO - Setting next_dagrun for example_weekday_branch_operator to 2023-03-27T00:00:00+00:00, run_after=2023-03-28T00:00:00+00:00
[2023-03-28 22:26:54,477] {processor.py:161} INFO - Processing /home/airflow/.local/lib/python3.7/site-packages/airflow/example_dags/example_branch_day_of_week_operator.py took 0.063 seconds
[2023-03-28 22:27:25,108] {processor.py:153} INFO - Started process (PID=2788) to work on /home/airflow/.local/lib/python3.7/site-packages/airflow/example_dags/example_branch_day_of_week_operator.py
[2023-03-28 22:27:25,108] {processor.py:641} INFO - Processing file /home/airflow/.local/lib/python3.7/site-packages/airflow/example_dags/example_branch_day_of_week_operator.py for tasks to queue
[2023-03-28 22:27:25,109] {logging_mixin.py:115} INFO - [2023-03-28 22:27:25,109] {dagbag.py:507} INFO - Filling up the DagBag from /home/airflow/.local/lib/python3.7/site-packages/airflow/example_dags/example_branch_day_of_week_operator.py
[2023-03-28 22:27:25,114] {processor.py:651} INFO - DAG(s) dict_keys(['example_weekday_branch_operator']) retrieved from /home/airflow/.local/lib/python3.7/site-packages/airflow/example_dags/example_branch_day_of_week_operator.py
[2023-03-28 22:27:25,136] {logging_mixin.py:115} INFO - [2023-03-28 22:27:25,136] {dag.py:2371} INFO - Sync 1 DAGs
[2023-03-28 22:27:25,157] {logging_mixin.py:115} INFO - [2023-03-28 22:27:25,157] {dag.py:2919} INFO - Setting next_dagrun for example_weekday_branch_operator to 2023-03-27T00:00:00+00:00, run_after=2023-03-28T00:00:00+00:00
[2023-03-28 22:27:25,170] {processor.py:161} INFO - Processing /home/airflow/.local/lib/python3.7/site-packages/airflow/example_dags/example_branch_day_of_week_operator.py took 0.065 seconds
[2023-03-28 22:27:55,721] {processor.py:153} INFO - Started process (PID=2843) to work on /home/airflow/.local/lib/python3.7/site-packages/airflow/example_dags/example_branch_day_of_week_operator.py
[2023-03-28 22:27:55,722] {processor.py:641} INFO - Processing file /home/airflow/.local/lib/python3.7/site-packages/airflow/example_dags/example_branch_day_of_week_operator.py for tasks to queue
[2023-03-28 22:27:55,723] {logging_mixin.py:115} INFO - [2023-03-28 22:27:55,723] {dagbag.py:507} INFO - Filling up the DagBag from /home/airflow/.local/lib/python3.7/site-packages/airflow/example_dags/example_branch_day_of_week_operator.py
[2023-03-28 22:27:55,728] {processor.py:651} INFO - DAG(s) dict_keys(['example_weekday_branch_operator']) retrieved from /home/airflow/.local/lib/python3.7/site-packages/airflow/example_dags/example_branch_day_of_week_operator.py
[2023-03-28 22:27:55,752] {logging_mixin.py:115} INFO - [2023-03-28 22:27:55,752] {dag.py:2371} INFO - Sync 1 DAGs
[2023-03-28 22:27:55,772] {logging_mixin.py:115} INFO - [2023-03-28 22:27:55,772] {dag.py:2919} INFO - Setting next_dagrun for example_weekday_branch_operator to 2023-03-27T00:00:00+00:00, run_after=2023-03-28T00:00:00+00:00
[2023-03-28 22:27:55,784] {processor.py:161} INFO - Processing /home/airflow/.local/lib/python3.7/site-packages/airflow/example_dags/example_branch_day_of_week_operator.py took 0.065 seconds
[2023-03-28 22:28:26,477] {processor.py:153} INFO - Started process (PID=2907) to work on /home/airflow/.local/lib/python3.7/site-packages/airflow/example_dags/example_branch_day_of_week_operator.py
[2023-03-28 22:28:26,477] {processor.py:641} INFO - Processing file /home/airflow/.local/lib/python3.7/site-packages/airflow/example_dags/example_branch_day_of_week_operator.py for tasks to queue
[2023-03-28 22:28:26,477] {logging_mixin.py:115} INFO - [2023-03-28 22:28:26,477] {dagbag.py:507} INFO - Filling up the DagBag from /home/airflow/.local/lib/python3.7/site-packages/airflow/example_dags/example_branch_day_of_week_operator.py
[2023-03-28 22:28:26,483] {processor.py:651} INFO - DAG(s) dict_keys(['example_weekday_branch_operator']) retrieved from /home/airflow/.local/lib/python3.7/site-packages/airflow/example_dags/example_branch_day_of_week_operator.py
[2023-03-28 22:28:26,503] {logging_mixin.py:115} INFO - [2023-03-28 22:28:26,503] {dag.py:2371} INFO - Sync 1 DAGs
[2023-03-28 22:28:26,523] {logging_mixin.py:115} INFO - [2023-03-28 22:28:26,523] {dag.py:2919} INFO - Setting next_dagrun for example_weekday_branch_operator to 2023-03-27T00:00:00+00:00, run_after=2023-03-28T00:00:00+00:00
[2023-03-28 22:28:26,535] {processor.py:161} INFO - Processing /home/airflow/.local/lib/python3.7/site-packages/airflow/example_dags/example_branch_day_of_week_operator.py took 0.060 seconds
[2023-03-28 22:28:56,808] {processor.py:153} INFO - Started process (PID=2971) to work on /home/airflow/.local/lib/python3.7/site-packages/airflow/example_dags/example_branch_day_of_week_operator.py
[2023-03-28 22:28:56,809] {processor.py:641} INFO - Processing file /home/airflow/.local/lib/python3.7/site-packages/airflow/example_dags/example_branch_day_of_week_operator.py for tasks to queue
[2023-03-28 22:28:56,809] {logging_mixin.py:115} INFO - [2023-03-28 22:28:56,809] {dagbag.py:507} INFO - Filling up the DagBag from /home/airflow/.local/lib/python3.7/site-packages/airflow/example_dags/example_branch_day_of_week_operator.py
[2023-03-28 22:28:56,814] {processor.py:651} INFO - DAG(s) dict_keys(['example_weekday_branch_operator']) retrieved from /home/airflow/.local/lib/python3.7/site-packages/airflow/example_dags/example_branch_day_of_week_operator.py
[2023-03-28 22:28:56,837] {logging_mixin.py:115} INFO - [2023-03-28 22:28:56,837] {dag.py:2371} INFO - Sync 1 DAGs
[2023-03-28 22:28:56,857] {logging_mixin.py:115} INFO - [2023-03-28 22:28:56,857] {dag.py:2919} INFO - Setting next_dagrun for example_weekday_branch_operator to 2023-03-27T00:00:00+00:00, run_after=2023-03-28T00:00:00+00:00
[2023-03-28 22:28:56,870] {processor.py:161} INFO - Processing /home/airflow/.local/lib/python3.7/site-packages/airflow/example_dags/example_branch_day_of_week_operator.py took 0.064 seconds
[2023-03-28 22:29:27,558] {processor.py:153} INFO - Started process (PID=3026) to work on /home/airflow/.local/lib/python3.7/site-packages/airflow/example_dags/example_branch_day_of_week_operator.py
[2023-03-28 22:29:27,558] {processor.py:641} INFO - Processing file /home/airflow/.local/lib/python3.7/site-packages/airflow/example_dags/example_branch_day_of_week_operator.py for tasks to queue
[2023-03-28 22:29:27,559] {logging_mixin.py:115} INFO - [2023-03-28 22:29:27,558] {dagbag.py:507} INFO - Filling up the DagBag from /home/airflow/.local/lib/python3.7/site-packages/airflow/example_dags/example_branch_day_of_week_operator.py
[2023-03-28 22:29:27,563] {processor.py:651} INFO - DAG(s) dict_keys(['example_weekday_branch_operator']) retrieved from /home/airflow/.local/lib/python3.7/site-packages/airflow/example_dags/example_branch_day_of_week_operator.py
[2023-03-28 22:29:27,584] {logging_mixin.py:115} INFO - [2023-03-28 22:29:27,584] {dag.py:2371} INFO - Sync 1 DAGs
[2023-03-28 22:29:27,604] {logging_mixin.py:115} INFO - [2023-03-28 22:29:27,604] {dag.py:2919} INFO - Setting next_dagrun for example_weekday_branch_operator to 2023-03-27T00:00:00+00:00, run_after=2023-03-28T00:00:00+00:00
[2023-03-28 22:29:27,616] {processor.py:161} INFO - Processing /home/airflow/.local/lib/python3.7/site-packages/airflow/example_dags/example_branch_day_of_week_operator.py took 0.060 seconds
[2023-03-28 22:29:58,659] {processor.py:153} INFO - Started process (PID=3090) to work on /home/airflow/.local/lib/python3.7/site-packages/airflow/example_dags/example_branch_day_of_week_operator.py
[2023-03-28 22:29:58,659] {processor.py:641} INFO - Processing file /home/airflow/.local/lib/python3.7/site-packages/airflow/example_dags/example_branch_day_of_week_operator.py for tasks to queue
[2023-03-28 22:29:58,660] {logging_mixin.py:115} INFO - [2023-03-28 22:29:58,660] {dagbag.py:507} INFO - Filling up the DagBag from /home/airflow/.local/lib/python3.7/site-packages/airflow/example_dags/example_branch_day_of_week_operator.py
[2023-03-28 22:29:58,665] {processor.py:651} INFO - DAG(s) dict_keys(['example_weekday_branch_operator']) retrieved from /home/airflow/.local/lib/python3.7/site-packages/airflow/example_dags/example_branch_day_of_week_operator.py
[2023-03-28 22:29:58,687] {logging_mixin.py:115} INFO - [2023-03-28 22:29:58,687] {dag.py:2371} INFO - Sync 1 DAGs
[2023-03-28 22:29:58,706] {logging_mixin.py:115} INFO - [2023-03-28 22:29:58,706] {dag.py:2919} INFO - Setting next_dagrun for example_weekday_branch_operator to 2023-03-27T00:00:00+00:00, run_after=2023-03-28T00:00:00+00:00
[2023-03-28 22:29:58,718] {processor.py:161} INFO - Processing /home/airflow/.local/lib/python3.7/site-packages/airflow/example_dags/example_branch_day_of_week_operator.py took 0.061 seconds
[2023-03-28 22:30:29,055] {processor.py:153} INFO - Started process (PID=3154) to work on /home/airflow/.local/lib/python3.7/site-packages/airflow/example_dags/example_branch_day_of_week_operator.py
[2023-03-28 22:30:29,056] {processor.py:641} INFO - Processing file /home/airflow/.local/lib/python3.7/site-packages/airflow/example_dags/example_branch_day_of_week_operator.py for tasks to queue
[2023-03-28 22:30:29,056] {logging_mixin.py:115} INFO - [2023-03-28 22:30:29,056] {dagbag.py:507} INFO - Filling up the DagBag from /home/airflow/.local/lib/python3.7/site-packages/airflow/example_dags/example_branch_day_of_week_operator.py
[2023-03-28 22:30:29,061] {processor.py:651} INFO - DAG(s) dict_keys(['example_weekday_branch_operator']) retrieved from /home/airflow/.local/lib/python3.7/site-packages/airflow/example_dags/example_branch_day_of_week_operator.py
[2023-03-28 22:30:29,083] {logging_mixin.py:115} INFO - [2023-03-28 22:30:29,083] {dag.py:2371} INFO - Sync 1 DAGs
[2023-03-28 22:30:29,103] {logging_mixin.py:115} INFO - [2023-03-28 22:30:29,103] {dag.py:2919} INFO - Setting next_dagrun for example_weekday_branch_operator to 2023-03-27T00:00:00+00:00, run_after=2023-03-28T00:00:00+00:00
[2023-03-28 22:30:29,115] {processor.py:161} INFO - Processing /home/airflow/.local/lib/python3.7/site-packages/airflow/example_dags/example_branch_day_of_week_operator.py took 0.063 seconds
[2023-03-28 22:30:59,282] {processor.py:153} INFO - Started process (PID=3209) to work on /home/airflow/.local/lib/python3.7/site-packages/airflow/example_dags/example_branch_day_of_week_operator.py
[2023-03-28 22:30:59,283] {processor.py:641} INFO - Processing file /home/airflow/.local/lib/python3.7/site-packages/airflow/example_dags/example_branch_day_of_week_operator.py for tasks to queue
[2023-03-28 22:30:59,283] {logging_mixin.py:115} INFO - [2023-03-28 22:30:59,283] {dagbag.py:507} INFO - Filling up the DagBag from /home/airflow/.local/lib/python3.7/site-packages/airflow/example_dags/example_branch_day_of_week_operator.py
[2023-03-28 22:30:59,288] {processor.py:651} INFO - DAG(s) dict_keys(['example_weekday_branch_operator']) retrieved from /home/airflow/.local/lib/python3.7/site-packages/airflow/example_dags/example_branch_day_of_week_operator.py
[2023-03-28 22:30:59,309] {logging_mixin.py:115} INFO - [2023-03-28 22:30:59,309] {dag.py:2371} INFO - Sync 1 DAGs
[2023-03-28 22:30:59,329] {logging_mixin.py:115} INFO - [2023-03-28 22:30:59,329] {dag.py:2919} INFO - Setting next_dagrun for example_weekday_branch_operator to 2023-03-27T00:00:00+00:00, run_after=2023-03-28T00:00:00+00:00
[2023-03-28 22:30:59,342] {processor.py:161} INFO - Processing /home/airflow/.local/lib/python3.7/site-packages/airflow/example_dags/example_branch_day_of_week_operator.py took 0.062 seconds
[2023-03-28 22:31:29,535] {processor.py:153} INFO - Started process (PID=3273) to work on /home/airflow/.local/lib/python3.7/site-packages/airflow/example_dags/example_branch_day_of_week_operator.py
[2023-03-28 22:31:29,536] {processor.py:641} INFO - Processing file /home/airflow/.local/lib/python3.7/site-packages/airflow/example_dags/example_branch_day_of_week_operator.py for tasks to queue
[2023-03-28 22:31:29,537] {logging_mixin.py:115} INFO - [2023-03-28 22:31:29,537] {dagbag.py:507} INFO - Filling up the DagBag from /home/airflow/.local/lib/python3.7/site-packages/airflow/example_dags/example_branch_day_of_week_operator.py
[2023-03-28 22:31:29,542] {processor.py:651} INFO - DAG(s) dict_keys(['example_weekday_branch_operator']) retrieved from /home/airflow/.local/lib/python3.7/site-packages/airflow/example_dags/example_branch_day_of_week_operator.py
[2023-03-28 22:31:29,563] {logging_mixin.py:115} INFO - [2023-03-28 22:31:29,563] {dag.py:2371} INFO - Sync 1 DAGs
[2023-03-28 22:31:29,583] {logging_mixin.py:115} INFO - [2023-03-28 22:31:29,582] {dag.py:2919} INFO - Setting next_dagrun for example_weekday_branch_operator to 2023-03-27T00:00:00+00:00, run_after=2023-03-28T00:00:00+00:00
[2023-03-28 22:31:29,596] {processor.py:161} INFO - Processing /home/airflow/.local/lib/python3.7/site-packages/airflow/example_dags/example_branch_day_of_week_operator.py took 0.062 seconds
[2023-03-28 22:32:00,007] {processor.py:153} INFO - Started process (PID=3337) to work on /home/airflow/.local/lib/python3.7/site-packages/airflow/example_dags/example_branch_day_of_week_operator.py
[2023-03-28 22:32:00,007] {processor.py:641} INFO - Processing file /home/airflow/.local/lib/python3.7/site-packages/airflow/example_dags/example_branch_day_of_week_operator.py for tasks to queue
[2023-03-28 22:32:00,008] {logging_mixin.py:115} INFO - [2023-03-28 22:32:00,008] {dagbag.py:507} INFO - Filling up the DagBag from /home/airflow/.local/lib/python3.7/site-packages/airflow/example_dags/example_branch_day_of_week_operator.py
[2023-03-28 22:32:00,014] {processor.py:651} INFO - DAG(s) dict_keys(['example_weekday_branch_operator']) retrieved from /home/airflow/.local/lib/python3.7/site-packages/airflow/example_dags/example_branch_day_of_week_operator.py
[2023-03-28 22:32:00,037] {logging_mixin.py:115} INFO - [2023-03-28 22:32:00,036] {dag.py:2371} INFO - Sync 1 DAGs
[2023-03-28 22:32:00,059] {logging_mixin.py:115} INFO - [2023-03-28 22:32:00,059] {dag.py:2919} INFO - Setting next_dagrun for example_weekday_branch_operator to 2023-03-27T00:00:00+00:00, run_after=2023-03-28T00:00:00+00:00
[2023-03-28 22:32:00,073] {processor.py:161} INFO - Processing /home/airflow/.local/lib/python3.7/site-packages/airflow/example_dags/example_branch_day_of_week_operator.py took 0.068 seconds
[2023-03-28 22:32:30,425] {processor.py:153} INFO - Started process (PID=3392) to work on /home/airflow/.local/lib/python3.7/site-packages/airflow/example_dags/example_branch_day_of_week_operator.py
[2023-03-28 22:32:30,426] {processor.py:641} INFO - Processing file /home/airflow/.local/lib/python3.7/site-packages/airflow/example_dags/example_branch_day_of_week_operator.py for tasks to queue
[2023-03-28 22:32:30,427] {logging_mixin.py:115} INFO - [2023-03-28 22:32:30,427] {dagbag.py:507} INFO - Filling up the DagBag from /home/airflow/.local/lib/python3.7/site-packages/airflow/example_dags/example_branch_day_of_week_operator.py
[2023-03-28 22:32:30,435] {processor.py:651} INFO - DAG(s) dict_keys(['example_weekday_branch_operator']) retrieved from /home/airflow/.local/lib/python3.7/site-packages/airflow/example_dags/example_branch_day_of_week_operator.py
[2023-03-28 22:32:30,464] {logging_mixin.py:115} INFO - [2023-03-28 22:32:30,464] {dag.py:2371} INFO - Sync 1 DAGs
[2023-03-28 22:32:30,486] {logging_mixin.py:115} INFO - [2023-03-28 22:32:30,485] {dag.py:2919} INFO - Setting next_dagrun for example_weekday_branch_operator to 2023-03-27T00:00:00+00:00, run_after=2023-03-28T00:00:00+00:00
[2023-03-28 22:32:30,499] {processor.py:161} INFO - Processing /home/airflow/.local/lib/python3.7/site-packages/airflow/example_dags/example_branch_day_of_week_operator.py took 0.077 seconds
[2023-03-28 22:33:00,729] {processor.py:153} INFO - Started process (PID=3456) to work on /home/airflow/.local/lib/python3.7/site-packages/airflow/example_dags/example_branch_day_of_week_operator.py
[2023-03-28 22:33:00,729] {processor.py:641} INFO - Processing file /home/airflow/.local/lib/python3.7/site-packages/airflow/example_dags/example_branch_day_of_week_operator.py for tasks to queue
[2023-03-28 22:33:00,730] {logging_mixin.py:115} INFO - [2023-03-28 22:33:00,729] {dagbag.py:507} INFO - Filling up the DagBag from /home/airflow/.local/lib/python3.7/site-packages/airflow/example_dags/example_branch_day_of_week_operator.py
[2023-03-28 22:33:00,735] {processor.py:651} INFO - DAG(s) dict_keys(['example_weekday_branch_operator']) retrieved from /home/airflow/.local/lib/python3.7/site-packages/airflow/example_dags/example_branch_day_of_week_operator.py
[2023-03-28 22:33:00,760] {logging_mixin.py:115} INFO - [2023-03-28 22:33:00,760] {dag.py:2371} INFO - Sync 1 DAGs
[2023-03-28 22:33:00,782] {logging_mixin.py:115} INFO - [2023-03-28 22:33:00,782] {dag.py:2919} INFO - Setting next_dagrun for example_weekday_branch_operator to 2023-03-27T00:00:00+00:00, run_after=2023-03-28T00:00:00+00:00
[2023-03-28 22:33:00,796] {processor.py:161} INFO - Processing /home/airflow/.local/lib/python3.7/site-packages/airflow/example_dags/example_branch_day_of_week_operator.py took 0.069 seconds
[2023-03-28 22:33:31,110] {processor.py:153} INFO - Started process (PID=3520) to work on /home/airflow/.local/lib/python3.7/site-packages/airflow/example_dags/example_branch_day_of_week_operator.py
[2023-03-28 22:33:31,111] {processor.py:641} INFO - Processing file /home/airflow/.local/lib/python3.7/site-packages/airflow/example_dags/example_branch_day_of_week_operator.py for tasks to queue
[2023-03-28 22:33:31,112] {logging_mixin.py:115} INFO - [2023-03-28 22:33:31,111] {dagbag.py:507} INFO - Filling up the DagBag from /home/airflow/.local/lib/python3.7/site-packages/airflow/example_dags/example_branch_day_of_week_operator.py
[2023-03-28 22:33:31,117] {processor.py:651} INFO - DAG(s) dict_keys(['example_weekday_branch_operator']) retrieved from /home/airflow/.local/lib/python3.7/site-packages/airflow/example_dags/example_branch_day_of_week_operator.py
[2023-03-28 22:33:31,139] {logging_mixin.py:115} INFO - [2023-03-28 22:33:31,139] {dag.py:2371} INFO - Sync 1 DAGs
[2023-03-28 22:33:31,161] {logging_mixin.py:115} INFO - [2023-03-28 22:33:31,161] {dag.py:2919} INFO - Setting next_dagrun for example_weekday_branch_operator to 2023-03-27T00:00:00+00:00, run_after=2023-03-28T00:00:00+00:00
[2023-03-28 22:33:31,176] {processor.py:161} INFO - Processing /home/airflow/.local/lib/python3.7/site-packages/airflow/example_dags/example_branch_day_of_week_operator.py took 0.068 seconds
[2023-03-28 22:34:01,549] {processor.py:153} INFO - Started process (PID=3582) to work on /home/airflow/.local/lib/python3.7/site-packages/airflow/example_dags/example_branch_day_of_week_operator.py
[2023-03-28 22:34:01,550] {processor.py:641} INFO - Processing file /home/airflow/.local/lib/python3.7/site-packages/airflow/example_dags/example_branch_day_of_week_operator.py for tasks to queue
[2023-03-28 22:34:01,550] {logging_mixin.py:115} INFO - [2023-03-28 22:34:01,550] {dagbag.py:507} INFO - Filling up the DagBag from /home/airflow/.local/lib/python3.7/site-packages/airflow/example_dags/example_branch_day_of_week_operator.py
[2023-03-28 22:34:01,557] {processor.py:651} INFO - DAG(s) dict_keys(['example_weekday_branch_operator']) retrieved from /home/airflow/.local/lib/python3.7/site-packages/airflow/example_dags/example_branch_day_of_week_operator.py
[2023-03-28 22:34:01,581] {logging_mixin.py:115} INFO - [2023-03-28 22:34:01,581] {dag.py:2371} INFO - Sync 1 DAGs
[2023-03-28 22:34:01,603] {logging_mixin.py:115} INFO - [2023-03-28 22:34:01,602] {dag.py:2919} INFO - Setting next_dagrun for example_weekday_branch_operator to 2023-03-27T00:00:00+00:00, run_after=2023-03-28T00:00:00+00:00
[2023-03-28 22:34:01,618] {processor.py:161} INFO - Processing /home/airflow/.local/lib/python3.7/site-packages/airflow/example_dags/example_branch_day_of_week_operator.py took 0.071 seconds
[2023-03-28 22:34:31,830] {processor.py:153} INFO - Started process (PID=3639) to work on /home/airflow/.local/lib/python3.7/site-packages/airflow/example_dags/example_branch_day_of_week_operator.py
[2023-03-28 22:34:31,831] {processor.py:641} INFO - Processing file /home/airflow/.local/lib/python3.7/site-packages/airflow/example_dags/example_branch_day_of_week_operator.py for tasks to queue
[2023-03-28 22:34:31,831] {logging_mixin.py:115} INFO - [2023-03-28 22:34:31,831] {dagbag.py:507} INFO - Filling up the DagBag from /home/airflow/.local/lib/python3.7/site-packages/airflow/example_dags/example_branch_day_of_week_operator.py
[2023-03-28 22:34:31,836] {processor.py:651} INFO - DAG(s) dict_keys(['example_weekday_branch_operator']) retrieved from /home/airflow/.local/lib/python3.7/site-packages/airflow/example_dags/example_branch_day_of_week_operator.py
[2023-03-28 22:34:31,858] {logging_mixin.py:115} INFO - [2023-03-28 22:34:31,858] {dag.py:2371} INFO - Sync 1 DAGs
[2023-03-28 22:34:31,879] {logging_mixin.py:115} INFO - [2023-03-28 22:34:31,879] {dag.py:2919} INFO - Setting next_dagrun for example_weekday_branch_operator to 2023-03-27T00:00:00+00:00, run_after=2023-03-28T00:00:00+00:00
[2023-03-28 22:34:31,892] {processor.py:161} INFO - Processing /home/airflow/.local/lib/python3.7/site-packages/airflow/example_dags/example_branch_day_of_week_operator.py took 0.064 seconds
[2023-03-28 22:35:02,371] {processor.py:153} INFO - Started process (PID=3703) to work on /home/airflow/.local/lib/python3.7/site-packages/airflow/example_dags/example_branch_day_of_week_operator.py
[2023-03-28 22:35:02,371] {processor.py:641} INFO - Processing file /home/airflow/.local/lib/python3.7/site-packages/airflow/example_dags/example_branch_day_of_week_operator.py for tasks to queue
[2023-03-28 22:35:02,371] {logging_mixin.py:115} INFO - [2023-03-28 22:35:02,371] {dagbag.py:507} INFO - Filling up the DagBag from /home/airflow/.local/lib/python3.7/site-packages/airflow/example_dags/example_branch_day_of_week_operator.py
[2023-03-28 22:35:02,376] {processor.py:651} INFO - DAG(s) dict_keys(['example_weekday_branch_operator']) retrieved from /home/airflow/.local/lib/python3.7/site-packages/airflow/example_dags/example_branch_day_of_week_operator.py
[2023-03-28 22:35:02,397] {logging_mixin.py:115} INFO - [2023-03-28 22:35:02,397] {dag.py:2371} INFO - Sync 1 DAGs
[2023-03-28 22:35:02,417] {logging_mixin.py:115} INFO - [2023-03-28 22:35:02,417] {dag.py:2919} INFO - Setting next_dagrun for example_weekday_branch_operator to 2023-03-27T00:00:00+00:00, run_after=2023-03-28T00:00:00+00:00
[2023-03-28 22:35:02,431] {processor.py:161} INFO - Processing /home/airflow/.local/lib/python3.7/site-packages/airflow/example_dags/example_branch_day_of_week_operator.py took 0.062 seconds
[2023-03-28 22:35:33,121] {processor.py:153} INFO - Started process (PID=3768) to work on /home/airflow/.local/lib/python3.7/site-packages/airflow/example_dags/example_branch_day_of_week_operator.py
[2023-03-28 22:35:33,122] {processor.py:641} INFO - Processing file /home/airflow/.local/lib/python3.7/site-packages/airflow/example_dags/example_branch_day_of_week_operator.py for tasks to queue
[2023-03-28 22:35:33,122] {logging_mixin.py:115} INFO - [2023-03-28 22:35:33,122] {dagbag.py:507} INFO - Filling up the DagBag from /home/airflow/.local/lib/python3.7/site-packages/airflow/example_dags/example_branch_day_of_week_operator.py
[2023-03-28 22:35:33,128] {processor.py:651} INFO - DAG(s) dict_keys(['example_weekday_branch_operator']) retrieved from /home/airflow/.local/lib/python3.7/site-packages/airflow/example_dags/example_branch_day_of_week_operator.py
[2023-03-28 22:35:33,152] {logging_mixin.py:115} INFO - [2023-03-28 22:35:33,152] {dag.py:2371} INFO - Sync 1 DAGs
[2023-03-28 22:35:33,175] {logging_mixin.py:115} INFO - [2023-03-28 22:35:33,175] {dag.py:2919} INFO - Setting next_dagrun for example_weekday_branch_operator to 2023-03-27T00:00:00+00:00, run_after=2023-03-28T00:00:00+00:00
[2023-03-28 22:35:33,190] {processor.py:161} INFO - Processing /home/airflow/.local/lib/python3.7/site-packages/airflow/example_dags/example_branch_day_of_week_operator.py took 0.072 seconds
[2023-03-28 22:36:03,827] {processor.py:153} INFO - Started process (PID=3823) to work on /home/airflow/.local/lib/python3.7/site-packages/airflow/example_dags/example_branch_day_of_week_operator.py
[2023-03-28 22:36:03,827] {processor.py:641} INFO - Processing file /home/airflow/.local/lib/python3.7/site-packages/airflow/example_dags/example_branch_day_of_week_operator.py for tasks to queue
[2023-03-28 22:36:03,827] {logging_mixin.py:115} INFO - [2023-03-28 22:36:03,827] {dagbag.py:507} INFO - Filling up the DagBag from /home/airflow/.local/lib/python3.7/site-packages/airflow/example_dags/example_branch_day_of_week_operator.py
[2023-03-28 22:36:03,833] {processor.py:651} INFO - DAG(s) dict_keys(['example_weekday_branch_operator']) retrieved from /home/airflow/.local/lib/python3.7/site-packages/airflow/example_dags/example_branch_day_of_week_operator.py
[2023-03-28 22:36:03,854] {logging_mixin.py:115} INFO - [2023-03-28 22:36:03,854] {dag.py:2371} INFO - Sync 1 DAGs
[2023-03-28 22:36:03,875] {logging_mixin.py:115} INFO - [2023-03-28 22:36:03,875] {dag.py:2919} INFO - Setting next_dagrun for example_weekday_branch_operator to 2023-03-27T00:00:00+00:00, run_after=2023-03-28T00:00:00+00:00
[2023-03-28 22:36:03,890] {processor.py:161} INFO - Processing /home/airflow/.local/lib/python3.7/site-packages/airflow/example_dags/example_branch_day_of_week_operator.py took 0.066 seconds
[2023-03-28 22:36:34,629] {processor.py:153} INFO - Started process (PID=3889) to work on /home/airflow/.local/lib/python3.7/site-packages/airflow/example_dags/example_branch_day_of_week_operator.py
[2023-03-28 22:36:34,630] {processor.py:641} INFO - Processing file /home/airflow/.local/lib/python3.7/site-packages/airflow/example_dags/example_branch_day_of_week_operator.py for tasks to queue
[2023-03-28 22:36:34,630] {logging_mixin.py:115} INFO - [2023-03-28 22:36:34,630] {dagbag.py:507} INFO - Filling up the DagBag from /home/airflow/.local/lib/python3.7/site-packages/airflow/example_dags/example_branch_day_of_week_operator.py
[2023-03-28 22:36:34,635] {processor.py:651} INFO - DAG(s) dict_keys(['example_weekday_branch_operator']) retrieved from /home/airflow/.local/lib/python3.7/site-packages/airflow/example_dags/example_branch_day_of_week_operator.py
[2023-03-28 22:36:34,657] {logging_mixin.py:115} INFO - [2023-03-28 22:36:34,657] {dag.py:2371} INFO - Sync 1 DAGs
[2023-03-28 22:36:34,679] {logging_mixin.py:115} INFO - [2023-03-28 22:36:34,679] {dag.py:2919} INFO - Setting next_dagrun for example_weekday_branch_operator to 2023-03-27T00:00:00+00:00, run_after=2023-03-28T00:00:00+00:00
[2023-03-28 22:36:34,693] {processor.py:161} INFO - Processing /home/airflow/.local/lib/python3.7/site-packages/airflow/example_dags/example_branch_day_of_week_operator.py took 0.067 seconds
[2023-03-28 22:37:05,338] {processor.py:153} INFO - Started process (PID=3954) to work on /home/airflow/.local/lib/python3.7/site-packages/airflow/example_dags/example_branch_day_of_week_operator.py
[2023-03-28 22:37:05,338] {processor.py:641} INFO - Processing file /home/airflow/.local/lib/python3.7/site-packages/airflow/example_dags/example_branch_day_of_week_operator.py for tasks to queue
[2023-03-28 22:37:05,339] {logging_mixin.py:115} INFO - [2023-03-28 22:37:05,339] {dagbag.py:507} INFO - Filling up the DagBag from /home/airflow/.local/lib/python3.7/site-packages/airflow/example_dags/example_branch_day_of_week_operator.py
[2023-03-28 22:37:05,345] {processor.py:651} INFO - DAG(s) dict_keys(['example_weekday_branch_operator']) retrieved from /home/airflow/.local/lib/python3.7/site-packages/airflow/example_dags/example_branch_day_of_week_operator.py
[2023-03-28 22:37:05,367] {logging_mixin.py:115} INFO - [2023-03-28 22:37:05,367] {dag.py:2371} INFO - Sync 1 DAGs
[2023-03-28 22:37:05,388] {logging_mixin.py:115} INFO - [2023-03-28 22:37:05,388] {dag.py:2919} INFO - Setting next_dagrun for example_weekday_branch_operator to 2023-03-27T00:00:00+00:00, run_after=2023-03-28T00:00:00+00:00
[2023-03-28 22:37:05,403] {processor.py:161} INFO - Processing /home/airflow/.local/lib/python3.7/site-packages/airflow/example_dags/example_branch_day_of_week_operator.py took 0.067 seconds
[2023-03-28 22:37:36,182] {processor.py:153} INFO - Started process (PID=4009) to work on /home/airflow/.local/lib/python3.7/site-packages/airflow/example_dags/example_branch_day_of_week_operator.py
[2023-03-28 22:37:36,182] {processor.py:641} INFO - Processing file /home/airflow/.local/lib/python3.7/site-packages/airflow/example_dags/example_branch_day_of_week_operator.py for tasks to queue
[2023-03-28 22:37:36,183] {logging_mixin.py:115} INFO - [2023-03-28 22:37:36,183] {dagbag.py:507} INFO - Filling up the DagBag from /home/airflow/.local/lib/python3.7/site-packages/airflow/example_dags/example_branch_day_of_week_operator.py
[2023-03-28 22:37:36,188] {processor.py:651} INFO - DAG(s) dict_keys(['example_weekday_branch_operator']) retrieved from /home/airflow/.local/lib/python3.7/site-packages/airflow/example_dags/example_branch_day_of_week_operator.py
[2023-03-28 22:37:36,210] {logging_mixin.py:115} INFO - [2023-03-28 22:37:36,209] {dag.py:2371} INFO - Sync 1 DAGs
[2023-03-28 22:37:36,230] {logging_mixin.py:115} INFO - [2023-03-28 22:37:36,230] {dag.py:2919} INFO - Setting next_dagrun for example_weekday_branch_operator to 2023-03-27T00:00:00+00:00, run_after=2023-03-28T00:00:00+00:00
[2023-03-28 22:37:36,243] {processor.py:161} INFO - Processing /home/airflow/.local/lib/python3.7/site-packages/airflow/example_dags/example_branch_day_of_week_operator.py took 0.064 seconds
[2023-03-28 22:38:06,861] {processor.py:153} INFO - Started process (PID=4073) to work on /home/airflow/.local/lib/python3.7/site-packages/airflow/example_dags/example_branch_day_of_week_operator.py
[2023-03-28 22:38:06,862] {processor.py:641} INFO - Processing file /home/airflow/.local/lib/python3.7/site-packages/airflow/example_dags/example_branch_day_of_week_operator.py for tasks to queue
[2023-03-28 22:38:06,862] {logging_mixin.py:115} INFO - [2023-03-28 22:38:06,862] {dagbag.py:507} INFO - Filling up the DagBag from /home/airflow/.local/lib/python3.7/site-packages/airflow/example_dags/example_branch_day_of_week_operator.py
[2023-03-28 22:38:06,868] {processor.py:651} INFO - DAG(s) dict_keys(['example_weekday_branch_operator']) retrieved from /home/airflow/.local/lib/python3.7/site-packages/airflow/example_dags/example_branch_day_of_week_operator.py
[2023-03-28 22:38:06,889] {logging_mixin.py:115} INFO - [2023-03-28 22:38:06,889] {dag.py:2371} INFO - Sync 1 DAGs
[2023-03-28 22:38:06,910] {logging_mixin.py:115} INFO - [2023-03-28 22:38:06,910] {dag.py:2919} INFO - Setting next_dagrun for example_weekday_branch_operator to 2023-03-27T00:00:00+00:00, run_after=2023-03-28T00:00:00+00:00
[2023-03-28 22:38:06,922] {processor.py:161} INFO - Processing /home/airflow/.local/lib/python3.7/site-packages/airflow/example_dags/example_branch_day_of_week_operator.py took 0.063 seconds
[2023-03-28 22:38:37,781] {processor.py:153} INFO - Started process (PID=4137) to work on /home/airflow/.local/lib/python3.7/site-packages/airflow/example_dags/example_branch_day_of_week_operator.py
[2023-03-28 22:38:37,782] {processor.py:641} INFO - Processing file /home/airflow/.local/lib/python3.7/site-packages/airflow/example_dags/example_branch_day_of_week_operator.py for tasks to queue
[2023-03-28 22:38:37,783] {logging_mixin.py:115} INFO - [2023-03-28 22:38:37,783] {dagbag.py:507} INFO - Filling up the DagBag from /home/airflow/.local/lib/python3.7/site-packages/airflow/example_dags/example_branch_day_of_week_operator.py
[2023-03-28 22:38:37,788] {processor.py:651} INFO - DAG(s) dict_keys(['example_weekday_branch_operator']) retrieved from /home/airflow/.local/lib/python3.7/site-packages/airflow/example_dags/example_branch_day_of_week_operator.py
[2023-03-28 22:38:37,809] {logging_mixin.py:115} INFO - [2023-03-28 22:38:37,809] {dag.py:2371} INFO - Sync 1 DAGs
[2023-03-28 22:38:37,830] {logging_mixin.py:115} INFO - [2023-03-28 22:38:37,829] {dag.py:2919} INFO - Setting next_dagrun for example_weekday_branch_operator to 2023-03-27T00:00:00+00:00, run_after=2023-03-28T00:00:00+00:00
[2023-03-28 22:38:37,843] {processor.py:161} INFO - Processing /home/airflow/.local/lib/python3.7/site-packages/airflow/example_dags/example_branch_day_of_week_operator.py took 0.064 seconds
[2023-03-28 22:39:08,420] {processor.py:153} INFO - Started process (PID=4199) to work on /home/airflow/.local/lib/python3.7/site-packages/airflow/example_dags/example_branch_day_of_week_operator.py
[2023-03-28 22:39:08,421] {processor.py:641} INFO - Processing file /home/airflow/.local/lib/python3.7/site-packages/airflow/example_dags/example_branch_day_of_week_operator.py for tasks to queue
[2023-03-28 22:39:08,421] {logging_mixin.py:115} INFO - [2023-03-28 22:39:08,421] {dagbag.py:507} INFO - Filling up the DagBag from /home/airflow/.local/lib/python3.7/site-packages/airflow/example_dags/example_branch_day_of_week_operator.py
[2023-03-28 22:39:08,427] {processor.py:651} INFO - DAG(s) dict_keys(['example_weekday_branch_operator']) retrieved from /home/airflow/.local/lib/python3.7/site-packages/airflow/example_dags/example_branch_day_of_week_operator.py
[2023-03-28 22:39:08,456] {logging_mixin.py:115} INFO - [2023-03-28 22:39:08,456] {dag.py:2371} INFO - Sync 1 DAGs
[2023-03-28 22:39:08,483] {logging_mixin.py:115} INFO - [2023-03-28 22:39:08,483] {dag.py:2919} INFO - Setting next_dagrun for example_weekday_branch_operator to 2023-03-27T00:00:00+00:00, run_after=2023-03-28T00:00:00+00:00
[2023-03-28 22:39:08,501] {processor.py:161} INFO - Processing /home/airflow/.local/lib/python3.7/site-packages/airflow/example_dags/example_branch_day_of_week_operator.py took 0.083 seconds
[2023-03-28 22:39:39,157] {processor.py:153} INFO - Started process (PID=4257) to work on /home/airflow/.local/lib/python3.7/site-packages/airflow/example_dags/example_branch_day_of_week_operator.py
[2023-03-28 22:39:39,157] {processor.py:641} INFO - Processing file /home/airflow/.local/lib/python3.7/site-packages/airflow/example_dags/example_branch_day_of_week_operator.py for tasks to queue
[2023-03-28 22:39:39,158] {logging_mixin.py:115} INFO - [2023-03-28 22:39:39,158] {dagbag.py:507} INFO - Filling up the DagBag from /home/airflow/.local/lib/python3.7/site-packages/airflow/example_dags/example_branch_day_of_week_operator.py
[2023-03-28 22:39:39,162] {processor.py:651} INFO - DAG(s) dict_keys(['example_weekday_branch_operator']) retrieved from /home/airflow/.local/lib/python3.7/site-packages/airflow/example_dags/example_branch_day_of_week_operator.py
[2023-03-28 22:39:39,183] {logging_mixin.py:115} INFO - [2023-03-28 22:39:39,182] {dag.py:2371} INFO - Sync 1 DAGs
[2023-03-28 22:39:39,203] {logging_mixin.py:115} INFO - [2023-03-28 22:39:39,202] {dag.py:2919} INFO - Setting next_dagrun for example_weekday_branch_operator to 2023-03-27T00:00:00+00:00, run_after=2023-03-28T00:00:00+00:00
[2023-03-28 22:39:39,216] {processor.py:161} INFO - Processing /home/airflow/.local/lib/python3.7/site-packages/airflow/example_dags/example_branch_day_of_week_operator.py took 0.061 seconds
[2023-03-28 22:40:09,827] {processor.py:153} INFO - Started process (PID=4321) to work on /home/airflow/.local/lib/python3.7/site-packages/airflow/example_dags/example_branch_day_of_week_operator.py
[2023-03-28 22:40:09,828] {processor.py:641} INFO - Processing file /home/airflow/.local/lib/python3.7/site-packages/airflow/example_dags/example_branch_day_of_week_operator.py for tasks to queue
[2023-03-28 22:40:09,828] {logging_mixin.py:115} INFO - [2023-03-28 22:40:09,828] {dagbag.py:507} INFO - Filling up the DagBag from /home/airflow/.local/lib/python3.7/site-packages/airflow/example_dags/example_branch_day_of_week_operator.py
[2023-03-28 22:40:09,833] {processor.py:651} INFO - DAG(s) dict_keys(['example_weekday_branch_operator']) retrieved from /home/airflow/.local/lib/python3.7/site-packages/airflow/example_dags/example_branch_day_of_week_operator.py
[2023-03-28 22:40:09,853] {logging_mixin.py:115} INFO - [2023-03-28 22:40:09,853] {dag.py:2371} INFO - Sync 1 DAGs
[2023-03-28 22:40:09,874] {logging_mixin.py:115} INFO - [2023-03-28 22:40:09,874] {dag.py:2919} INFO - Setting next_dagrun for example_weekday_branch_operator to 2023-03-27T00:00:00+00:00, run_after=2023-03-28T00:00:00+00:00
[2023-03-28 22:40:09,976] {processor.py:161} INFO - Processing /home/airflow/.local/lib/python3.7/site-packages/airflow/example_dags/example_branch_day_of_week_operator.py took 0.151 seconds
[2023-03-28 22:41:27,742] {processor.py:153} INFO - Started process (PID=61) to work on /home/airflow/.local/lib/python3.7/site-packages/airflow/example_dags/example_branch_day_of_week_operator.py
[2023-03-28 22:41:27,743] {processor.py:641} INFO - Processing file /home/airflow/.local/lib/python3.7/site-packages/airflow/example_dags/example_branch_day_of_week_operator.py for tasks to queue
[2023-03-28 22:41:27,744] {logging_mixin.py:115} INFO - [2023-03-28 22:41:27,743] {dagbag.py:507} INFO - Filling up the DagBag from /home/airflow/.local/lib/python3.7/site-packages/airflow/example_dags/example_branch_day_of_week_operator.py
[2023-03-28 22:41:27,750] {processor.py:651} INFO - DAG(s) dict_keys(['example_weekday_branch_operator']) retrieved from /home/airflow/.local/lib/python3.7/site-packages/airflow/example_dags/example_branch_day_of_week_operator.py
[2023-03-28 22:41:27,776] {logging_mixin.py:115} INFO - [2023-03-28 22:41:27,775] {dag.py:2371} INFO - Sync 1 DAGs
[2023-03-28 22:41:27,800] {logging_mixin.py:115} INFO - [2023-03-28 22:41:27,799] {dag.py:2919} INFO - Setting next_dagrun for example_weekday_branch_operator to 2023-03-27T00:00:00+00:00, run_after=2023-03-28T00:00:00+00:00
[2023-03-28 22:41:27,817] {processor.py:161} INFO - Processing /home/airflow/.local/lib/python3.7/site-packages/airflow/example_dags/example_branch_day_of_week_operator.py took 0.077 seconds
[2023-03-28 22:41:58,201] {processor.py:153} INFO - Started process (PID=126) to work on /home/airflow/.local/lib/python3.7/site-packages/airflow/example_dags/example_branch_day_of_week_operator.py
[2023-03-28 22:41:58,202] {processor.py:641} INFO - Processing file /home/airflow/.local/lib/python3.7/site-packages/airflow/example_dags/example_branch_day_of_week_operator.py for tasks to queue
[2023-03-28 22:41:58,202] {logging_mixin.py:115} INFO - [2023-03-28 22:41:58,202] {dagbag.py:507} INFO - Filling up the DagBag from /home/airflow/.local/lib/python3.7/site-packages/airflow/example_dags/example_branch_day_of_week_operator.py
[2023-03-28 22:41:58,208] {processor.py:651} INFO - DAG(s) dict_keys(['example_weekday_branch_operator']) retrieved from /home/airflow/.local/lib/python3.7/site-packages/airflow/example_dags/example_branch_day_of_week_operator.py
[2023-03-28 22:41:58,229] {logging_mixin.py:115} INFO - [2023-03-28 22:41:58,229] {dag.py:2371} INFO - Sync 1 DAGs
[2023-03-28 22:41:58,250] {logging_mixin.py:115} INFO - [2023-03-28 22:41:58,250] {dag.py:2919} INFO - Setting next_dagrun for example_weekday_branch_operator to 2023-03-27T00:00:00+00:00, run_after=2023-03-28T00:00:00+00:00
[2023-03-28 22:41:58,264] {processor.py:161} INFO - Processing /home/airflow/.local/lib/python3.7/site-packages/airflow/example_dags/example_branch_day_of_week_operator.py took 0.065 seconds
[2023-03-28 22:42:28,526] {processor.py:153} INFO - Started process (PID=181) to work on /home/airflow/.local/lib/python3.7/site-packages/airflow/example_dags/example_branch_day_of_week_operator.py
[2023-03-28 22:42:28,527] {processor.py:641} INFO - Processing file /home/airflow/.local/lib/python3.7/site-packages/airflow/example_dags/example_branch_day_of_week_operator.py for tasks to queue
[2023-03-28 22:42:28,527] {logging_mixin.py:115} INFO - [2023-03-28 22:42:28,527] {dagbag.py:507} INFO - Filling up the DagBag from /home/airflow/.local/lib/python3.7/site-packages/airflow/example_dags/example_branch_day_of_week_operator.py
[2023-03-28 22:42:28,533] {processor.py:651} INFO - DAG(s) dict_keys(['example_weekday_branch_operator']) retrieved from /home/airflow/.local/lib/python3.7/site-packages/airflow/example_dags/example_branch_day_of_week_operator.py
[2023-03-28 22:42:28,561] {logging_mixin.py:115} INFO - [2023-03-28 22:42:28,561] {dag.py:2371} INFO - Sync 1 DAGs
[2023-03-28 22:42:28,586] {logging_mixin.py:115} INFO - [2023-03-28 22:42:28,585] {dag.py:2919} INFO - Setting next_dagrun for example_weekday_branch_operator to 2023-03-27T00:00:00+00:00, run_after=2023-03-28T00:00:00+00:00
[2023-03-28 22:42:28,602] {processor.py:161} INFO - Processing /home/airflow/.local/lib/python3.7/site-packages/airflow/example_dags/example_branch_day_of_week_operator.py took 0.078 seconds
[2023-03-28 22:42:59,053] {processor.py:153} INFO - Started process (PID=246) to work on /home/airflow/.local/lib/python3.7/site-packages/airflow/example_dags/example_branch_day_of_week_operator.py
[2023-03-28 22:42:59,054] {processor.py:641} INFO - Processing file /home/airflow/.local/lib/python3.7/site-packages/airflow/example_dags/example_branch_day_of_week_operator.py for tasks to queue
[2023-03-28 22:42:59,054] {logging_mixin.py:115} INFO - [2023-03-28 22:42:59,054] {dagbag.py:507} INFO - Filling up the DagBag from /home/airflow/.local/lib/python3.7/site-packages/airflow/example_dags/example_branch_day_of_week_operator.py
[2023-03-28 22:42:59,060] {processor.py:651} INFO - DAG(s) dict_keys(['example_weekday_branch_operator']) retrieved from /home/airflow/.local/lib/python3.7/site-packages/airflow/example_dags/example_branch_day_of_week_operator.py
[2023-03-28 22:42:59,081] {logging_mixin.py:115} INFO - [2023-03-28 22:42:59,081] {dag.py:2371} INFO - Sync 1 DAGs
[2023-03-28 22:42:59,102] {logging_mixin.py:115} INFO - [2023-03-28 22:42:59,102] {dag.py:2919} INFO - Setting next_dagrun for example_weekday_branch_operator to 2023-03-27T00:00:00+00:00, run_after=2023-03-28T00:00:00+00:00
[2023-03-28 22:42:59,115] {processor.py:161} INFO - Processing /home/airflow/.local/lib/python3.7/site-packages/airflow/example_dags/example_branch_day_of_week_operator.py took 0.064 seconds
[2023-03-28 22:43:29,760] {processor.py:153} INFO - Started process (PID=310) to work on /home/airflow/.local/lib/python3.7/site-packages/airflow/example_dags/example_branch_day_of_week_operator.py
[2023-03-28 22:43:29,760] {processor.py:641} INFO - Processing file /home/airflow/.local/lib/python3.7/site-packages/airflow/example_dags/example_branch_day_of_week_operator.py for tasks to queue
[2023-03-28 22:43:29,761] {logging_mixin.py:115} INFO - [2023-03-28 22:43:29,761] {dagbag.py:507} INFO - Filling up the DagBag from /home/airflow/.local/lib/python3.7/site-packages/airflow/example_dags/example_branch_day_of_week_operator.py
[2023-03-28 22:43:29,769] {processor.py:651} INFO - DAG(s) dict_keys(['example_weekday_branch_operator']) retrieved from /home/airflow/.local/lib/python3.7/site-packages/airflow/example_dags/example_branch_day_of_week_operator.py
[2023-03-28 22:43:29,807] {logging_mixin.py:115} INFO - [2023-03-28 22:43:29,807] {dag.py:2371} INFO - Sync 1 DAGs
[2023-03-28 22:43:29,839] {logging_mixin.py:115} INFO - [2023-03-28 22:43:29,838] {dag.py:2919} INFO - Setting next_dagrun for example_weekday_branch_operator to 2023-03-27T00:00:00+00:00, run_after=2023-03-28T00:00:00+00:00
[2023-03-28 22:43:29,856] {processor.py:161} INFO - Processing /home/airflow/.local/lib/python3.7/site-packages/airflow/example_dags/example_branch_day_of_week_operator.py took 0.099 seconds
[2023-03-28 22:44:00,151] {processor.py:153} INFO - Started process (PID=374) to work on /home/airflow/.local/lib/python3.7/site-packages/airflow/example_dags/example_branch_day_of_week_operator.py
[2023-03-28 22:44:00,152] {processor.py:641} INFO - Processing file /home/airflow/.local/lib/python3.7/site-packages/airflow/example_dags/example_branch_day_of_week_operator.py for tasks to queue
[2023-03-28 22:44:00,153] {logging_mixin.py:115} INFO - [2023-03-28 22:44:00,153] {dagbag.py:507} INFO - Filling up the DagBag from /home/airflow/.local/lib/python3.7/site-packages/airflow/example_dags/example_branch_day_of_week_operator.py
[2023-03-28 22:44:00,158] {processor.py:651} INFO - DAG(s) dict_keys(['example_weekday_branch_operator']) retrieved from /home/airflow/.local/lib/python3.7/site-packages/airflow/example_dags/example_branch_day_of_week_operator.py
[2023-03-28 22:44:00,182] {logging_mixin.py:115} INFO - [2023-03-28 22:44:00,182] {dag.py:2371} INFO - Sync 1 DAGs
[2023-03-28 22:44:00,206] {logging_mixin.py:115} INFO - [2023-03-28 22:44:00,206] {dag.py:2919} INFO - Setting next_dagrun for example_weekday_branch_operator to 2023-03-27T00:00:00+00:00, run_after=2023-03-28T00:00:00+00:00
[2023-03-28 22:44:00,223] {processor.py:161} INFO - Processing /home/airflow/.local/lib/python3.7/site-packages/airflow/example_dags/example_branch_day_of_week_operator.py took 0.074 seconds
[2023-03-28 22:44:30,657] {processor.py:153} INFO - Started process (PID=429) to work on /home/airflow/.local/lib/python3.7/site-packages/airflow/example_dags/example_branch_day_of_week_operator.py
[2023-03-28 22:44:30,658] {processor.py:641} INFO - Processing file /home/airflow/.local/lib/python3.7/site-packages/airflow/example_dags/example_branch_day_of_week_operator.py for tasks to queue
[2023-03-28 22:44:30,658] {logging_mixin.py:115} INFO - [2023-03-28 22:44:30,658] {dagbag.py:507} INFO - Filling up the DagBag from /home/airflow/.local/lib/python3.7/site-packages/airflow/example_dags/example_branch_day_of_week_operator.py
[2023-03-28 22:44:30,664] {processor.py:651} INFO - DAG(s) dict_keys(['example_weekday_branch_operator']) retrieved from /home/airflow/.local/lib/python3.7/site-packages/airflow/example_dags/example_branch_day_of_week_operator.py
[2023-03-28 22:44:30,685] {logging_mixin.py:115} INFO - [2023-03-28 22:44:30,685] {dag.py:2371} INFO - Sync 1 DAGs
[2023-03-28 22:44:30,705] {logging_mixin.py:115} INFO - [2023-03-28 22:44:30,705] {dag.py:2919} INFO - Setting next_dagrun for example_weekday_branch_operator to 2023-03-27T00:00:00+00:00, run_after=2023-03-28T00:00:00+00:00
[2023-03-28 22:44:30,718] {processor.py:161} INFO - Processing /home/airflow/.local/lib/python3.7/site-packages/airflow/example_dags/example_branch_day_of_week_operator.py took 0.063 seconds
[2023-03-28 22:45:01,563] {processor.py:153} INFO - Started process (PID=493) to work on /home/airflow/.local/lib/python3.7/site-packages/airflow/example_dags/example_branch_day_of_week_operator.py
[2023-03-28 22:45:01,564] {processor.py:641} INFO - Processing file /home/airflow/.local/lib/python3.7/site-packages/airflow/example_dags/example_branch_day_of_week_operator.py for tasks to queue
[2023-03-28 22:45:01,565] {logging_mixin.py:115} INFO - [2023-03-28 22:45:01,565] {dagbag.py:507} INFO - Filling up the DagBag from /home/airflow/.local/lib/python3.7/site-packages/airflow/example_dags/example_branch_day_of_week_operator.py
[2023-03-28 22:45:01,571] {processor.py:651} INFO - DAG(s) dict_keys(['example_weekday_branch_operator']) retrieved from /home/airflow/.local/lib/python3.7/site-packages/airflow/example_dags/example_branch_day_of_week_operator.py
[2023-03-28 22:45:01,594] {logging_mixin.py:115} INFO - [2023-03-28 22:45:01,594] {dag.py:2371} INFO - Sync 1 DAGs
[2023-03-28 22:45:01,618] {logging_mixin.py:115} INFO - [2023-03-28 22:45:01,618] {dag.py:2919} INFO - Setting next_dagrun for example_weekday_branch_operator to 2023-03-27T00:00:00+00:00, run_after=2023-03-28T00:00:00+00:00
[2023-03-28 22:45:01,633] {processor.py:161} INFO - Processing /home/airflow/.local/lib/python3.7/site-packages/airflow/example_dags/example_branch_day_of_week_operator.py took 0.072 seconds
[2023-03-28 22:45:32,485] {processor.py:153} INFO - Started process (PID=556) to work on /home/airflow/.local/lib/python3.7/site-packages/airflow/example_dags/example_branch_day_of_week_operator.py
[2023-03-28 22:45:32,486] {processor.py:641} INFO - Processing file /home/airflow/.local/lib/python3.7/site-packages/airflow/example_dags/example_branch_day_of_week_operator.py for tasks to queue
[2023-03-28 22:45:32,486] {logging_mixin.py:115} INFO - [2023-03-28 22:45:32,486] {dagbag.py:507} INFO - Filling up the DagBag from /home/airflow/.local/lib/python3.7/site-packages/airflow/example_dags/example_branch_day_of_week_operator.py
[2023-03-28 22:45:32,491] {processor.py:651} INFO - DAG(s) dict_keys(['example_weekday_branch_operator']) retrieved from /home/airflow/.local/lib/python3.7/site-packages/airflow/example_dags/example_branch_day_of_week_operator.py
[2023-03-28 22:45:32,514] {logging_mixin.py:115} INFO - [2023-03-28 22:45:32,514] {dag.py:2371} INFO - Sync 1 DAGs
[2023-03-28 22:45:32,536] {logging_mixin.py:115} INFO - [2023-03-28 22:45:32,536] {dag.py:2919} INFO - Setting next_dagrun for example_weekday_branch_operator to 2023-03-27T00:00:00+00:00, run_after=2023-03-28T00:00:00+00:00
[2023-03-28 22:45:32,552] {processor.py:161} INFO - Processing /home/airflow/.local/lib/python3.7/site-packages/airflow/example_dags/example_branch_day_of_week_operator.py took 0.069 seconds
[2023-03-28 22:46:02,780] {processor.py:153} INFO - Started process (PID=611) to work on /home/airflow/.local/lib/python3.7/site-packages/airflow/example_dags/example_branch_day_of_week_operator.py
[2023-03-28 22:46:02,781] {processor.py:641} INFO - Processing file /home/airflow/.local/lib/python3.7/site-packages/airflow/example_dags/example_branch_day_of_week_operator.py for tasks to queue
[2023-03-28 22:46:02,781] {logging_mixin.py:115} INFO - [2023-03-28 22:46:02,781] {dagbag.py:507} INFO - Filling up the DagBag from /home/airflow/.local/lib/python3.7/site-packages/airflow/example_dags/example_branch_day_of_week_operator.py
[2023-03-28 22:46:02,787] {processor.py:651} INFO - DAG(s) dict_keys(['example_weekday_branch_operator']) retrieved from /home/airflow/.local/lib/python3.7/site-packages/airflow/example_dags/example_branch_day_of_week_operator.py
[2023-03-28 22:46:02,809] {logging_mixin.py:115} INFO - [2023-03-28 22:46:02,809] {dag.py:2371} INFO - Sync 1 DAGs
[2023-03-28 22:46:02,833] {logging_mixin.py:115} INFO - [2023-03-28 22:46:02,833] {dag.py:2919} INFO - Setting next_dagrun for example_weekday_branch_operator to 2023-03-27T00:00:00+00:00, run_after=2023-03-28T00:00:00+00:00
[2023-03-28 22:46:02,848] {processor.py:161} INFO - Processing /home/airflow/.local/lib/python3.7/site-packages/airflow/example_dags/example_branch_day_of_week_operator.py took 0.070 seconds
[2023-03-28 22:46:32,989] {processor.py:153} INFO - Started process (PID=676) to work on /home/airflow/.local/lib/python3.7/site-packages/airflow/example_dags/example_branch_day_of_week_operator.py
[2023-03-28 22:46:32,989] {processor.py:641} INFO - Processing file /home/airflow/.local/lib/python3.7/site-packages/airflow/example_dags/example_branch_day_of_week_operator.py for tasks to queue
[2023-03-28 22:46:32,989] {logging_mixin.py:115} INFO - [2023-03-28 22:46:32,989] {dagbag.py:507} INFO - Filling up the DagBag from /home/airflow/.local/lib/python3.7/site-packages/airflow/example_dags/example_branch_day_of_week_operator.py
[2023-03-28 22:46:32,995] {processor.py:651} INFO - DAG(s) dict_keys(['example_weekday_branch_operator']) retrieved from /home/airflow/.local/lib/python3.7/site-packages/airflow/example_dags/example_branch_day_of_week_operator.py
[2023-03-28 22:46:33,015] {logging_mixin.py:115} INFO - [2023-03-28 22:46:33,015] {dag.py:2371} INFO - Sync 1 DAGs
[2023-03-28 22:46:33,034] {logging_mixin.py:115} INFO - [2023-03-28 22:46:33,034] {dag.py:2919} INFO - Setting next_dagrun for example_weekday_branch_operator to 2023-03-27T00:00:00+00:00, run_after=2023-03-28T00:00:00+00:00
[2023-03-28 22:46:33,046] {processor.py:161} INFO - Processing /home/airflow/.local/lib/python3.7/site-packages/airflow/example_dags/example_branch_day_of_week_operator.py took 0.059 seconds
[2023-03-28 22:47:03,179] {processor.py:153} INFO - Started process (PID=740) to work on /home/airflow/.local/lib/python3.7/site-packages/airflow/example_dags/example_branch_day_of_week_operator.py
[2023-03-28 22:47:03,180] {processor.py:641} INFO - Processing file /home/airflow/.local/lib/python3.7/site-packages/airflow/example_dags/example_branch_day_of_week_operator.py for tasks to queue
[2023-03-28 22:47:03,181] {logging_mixin.py:115} INFO - [2023-03-28 22:47:03,181] {dagbag.py:507} INFO - Filling up the DagBag from /home/airflow/.local/lib/python3.7/site-packages/airflow/example_dags/example_branch_day_of_week_operator.py
[2023-03-28 22:47:03,186] {processor.py:651} INFO - DAG(s) dict_keys(['example_weekday_branch_operator']) retrieved from /home/airflow/.local/lib/python3.7/site-packages/airflow/example_dags/example_branch_day_of_week_operator.py
[2023-03-28 22:47:03,211] {logging_mixin.py:115} INFO - [2023-03-28 22:47:03,210] {dag.py:2371} INFO - Sync 1 DAGs
[2023-03-28 22:47:03,235] {logging_mixin.py:115} INFO - [2023-03-28 22:47:03,234] {dag.py:2919} INFO - Setting next_dagrun for example_weekday_branch_operator to 2023-03-27T00:00:00+00:00, run_after=2023-03-28T00:00:00+00:00
[2023-03-28 22:47:03,252] {processor.py:161} INFO - Processing /home/airflow/.local/lib/python3.7/site-packages/airflow/example_dags/example_branch_day_of_week_operator.py took 0.075 seconds
[2023-03-28 22:48:13,656] {processor.py:153} INFO - Started process (PID=71) to work on /home/airflow/.local/lib/python3.7/site-packages/airflow/example_dags/example_branch_day_of_week_operator.py
[2023-03-28 22:48:13,657] {processor.py:641} INFO - Processing file /home/airflow/.local/lib/python3.7/site-packages/airflow/example_dags/example_branch_day_of_week_operator.py for tasks to queue
[2023-03-28 22:48:13,658] {logging_mixin.py:115} INFO - [2023-03-28 22:48:13,657] {dagbag.py:507} INFO - Filling up the DagBag from /home/airflow/.local/lib/python3.7/site-packages/airflow/example_dags/example_branch_day_of_week_operator.py
[2023-03-28 22:48:13,670] {processor.py:651} INFO - DAG(s) dict_keys(['example_weekday_branch_operator']) retrieved from /home/airflow/.local/lib/python3.7/site-packages/airflow/example_dags/example_branch_day_of_week_operator.py
[2023-03-28 22:48:13,704] {logging_mixin.py:115} INFO - [2023-03-28 22:48:13,704] {dag.py:2371} INFO - Sync 1 DAGs
[2023-03-28 22:48:13,884] {logging_mixin.py:115} INFO - [2023-03-28 22:48:13,884] {dag.py:2919} INFO - Setting next_dagrun for example_weekday_branch_operator to 2023-03-27T00:00:00+00:00, run_after=2023-03-28T00:00:00+00:00
[2023-03-28 22:48:13,899] {processor.py:161} INFO - Processing /home/airflow/.local/lib/python3.7/site-packages/airflow/example_dags/example_branch_day_of_week_operator.py took 0.246 seconds
[2023-03-28 22:48:44,703] {processor.py:153} INFO - Started process (PID=127) to work on /home/airflow/.local/lib/python3.7/site-packages/airflow/example_dags/example_branch_day_of_week_operator.py
[2023-03-28 22:48:44,704] {processor.py:641} INFO - Processing file /home/airflow/.local/lib/python3.7/site-packages/airflow/example_dags/example_branch_day_of_week_operator.py for tasks to queue
[2023-03-28 22:48:44,704] {logging_mixin.py:115} INFO - [2023-03-28 22:48:44,704] {dagbag.py:507} INFO - Filling up the DagBag from /home/airflow/.local/lib/python3.7/site-packages/airflow/example_dags/example_branch_day_of_week_operator.py
[2023-03-28 22:48:44,711] {processor.py:651} INFO - DAG(s) dict_keys(['example_weekday_branch_operator']) retrieved from /home/airflow/.local/lib/python3.7/site-packages/airflow/example_dags/example_branch_day_of_week_operator.py
[2023-03-28 22:48:44,736] {logging_mixin.py:115} INFO - [2023-03-28 22:48:44,736] {dag.py:2371} INFO - Sync 1 DAGs
[2023-03-28 22:48:44,865] {logging_mixin.py:115} INFO - [2023-03-28 22:48:44,865] {dag.py:2919} INFO - Setting next_dagrun for example_weekday_branch_operator to 2023-03-27T00:00:00+00:00, run_after=2023-03-28T00:00:00+00:00
[2023-03-28 22:48:44,878] {processor.py:161} INFO - Processing /home/airflow/.local/lib/python3.7/site-packages/airflow/example_dags/example_branch_day_of_week_operator.py took 0.178 seconds
[2023-03-28 22:49:14,928] {processor.py:153} INFO - Started process (PID=191) to work on /home/airflow/.local/lib/python3.7/site-packages/airflow/example_dags/example_branch_day_of_week_operator.py
[2023-03-28 22:49:14,929] {processor.py:641} INFO - Processing file /home/airflow/.local/lib/python3.7/site-packages/airflow/example_dags/example_branch_day_of_week_operator.py for tasks to queue
[2023-03-28 22:49:14,929] {logging_mixin.py:115} INFO - [2023-03-28 22:49:14,929] {dagbag.py:507} INFO - Filling up the DagBag from /home/airflow/.local/lib/python3.7/site-packages/airflow/example_dags/example_branch_day_of_week_operator.py
[2023-03-28 22:49:14,935] {processor.py:651} INFO - DAG(s) dict_keys(['example_weekday_branch_operator']) retrieved from /home/airflow/.local/lib/python3.7/site-packages/airflow/example_dags/example_branch_day_of_week_operator.py
[2023-03-28 22:49:14,958] {logging_mixin.py:115} INFO - [2023-03-28 22:49:14,958] {dag.py:2371} INFO - Sync 1 DAGs
[2023-03-28 22:49:15,080] {logging_mixin.py:115} INFO - [2023-03-28 22:49:15,080] {dag.py:2919} INFO - Setting next_dagrun for example_weekday_branch_operator to 2023-03-27T00:00:00+00:00, run_after=2023-03-28T00:00:00+00:00
[2023-03-28 22:49:15,093] {processor.py:161} INFO - Processing /home/airflow/.local/lib/python3.7/site-packages/airflow/example_dags/example_branch_day_of_week_operator.py took 0.167 seconds
[2023-03-28 22:49:45,379] {processor.py:153} INFO - Started process (PID=256) to work on /home/airflow/.local/lib/python3.7/site-packages/airflow/example_dags/example_branch_day_of_week_operator.py
[2023-03-28 22:49:45,380] {processor.py:641} INFO - Processing file /home/airflow/.local/lib/python3.7/site-packages/airflow/example_dags/example_branch_day_of_week_operator.py for tasks to queue
[2023-03-28 22:49:45,380] {logging_mixin.py:115} INFO - [2023-03-28 22:49:45,380] {dagbag.py:507} INFO - Filling up the DagBag from /home/airflow/.local/lib/python3.7/site-packages/airflow/example_dags/example_branch_day_of_week_operator.py
[2023-03-28 22:49:45,386] {processor.py:651} INFO - DAG(s) dict_keys(['example_weekday_branch_operator']) retrieved from /home/airflow/.local/lib/python3.7/site-packages/airflow/example_dags/example_branch_day_of_week_operator.py
[2023-03-28 22:49:45,408] {logging_mixin.py:115} INFO - [2023-03-28 22:49:45,408] {dag.py:2371} INFO - Sync 1 DAGs
[2023-03-28 22:49:45,528] {logging_mixin.py:115} INFO - [2023-03-28 22:49:45,528] {dag.py:2919} INFO - Setting next_dagrun for example_weekday_branch_operator to 2023-03-27T00:00:00+00:00, run_after=2023-03-28T00:00:00+00:00
[2023-03-28 22:49:45,543] {processor.py:161} INFO - Processing /home/airflow/.local/lib/python3.7/site-packages/airflow/example_dags/example_branch_day_of_week_operator.py took 0.166 seconds
[2023-03-28 22:50:15,952] {processor.py:153} INFO - Started process (PID=311) to work on /home/airflow/.local/lib/python3.7/site-packages/airflow/example_dags/example_branch_day_of_week_operator.py
[2023-03-28 22:50:15,953] {processor.py:641} INFO - Processing file /home/airflow/.local/lib/python3.7/site-packages/airflow/example_dags/example_branch_day_of_week_operator.py for tasks to queue
[2023-03-28 22:50:15,954] {logging_mixin.py:115} INFO - [2023-03-28 22:50:15,954] {dagbag.py:507} INFO - Filling up the DagBag from /home/airflow/.local/lib/python3.7/site-packages/airflow/example_dags/example_branch_day_of_week_operator.py
[2023-03-28 22:50:15,963] {processor.py:651} INFO - DAG(s) dict_keys(['example_weekday_branch_operator']) retrieved from /home/airflow/.local/lib/python3.7/site-packages/airflow/example_dags/example_branch_day_of_week_operator.py
[2023-03-28 22:50:16,001] {logging_mixin.py:115} INFO - [2023-03-28 22:50:16,001] {dag.py:2371} INFO - Sync 1 DAGs
[2023-03-28 22:50:16,205] {logging_mixin.py:115} INFO - [2023-03-28 22:50:16,205] {dag.py:2919} INFO - Setting next_dagrun for example_weekday_branch_operator to 2023-03-27T00:00:00+00:00, run_after=2023-03-28T00:00:00+00:00
[2023-03-28 22:50:16,223] {processor.py:161} INFO - Processing /home/airflow/.local/lib/python3.7/site-packages/airflow/example_dags/example_branch_day_of_week_operator.py took 0.276 seconds
[2023-03-28 22:50:46,841] {processor.py:153} INFO - Started process (PID=375) to work on /home/airflow/.local/lib/python3.7/site-packages/airflow/example_dags/example_branch_day_of_week_operator.py
[2023-03-28 22:50:46,842] {processor.py:641} INFO - Processing file /home/airflow/.local/lib/python3.7/site-packages/airflow/example_dags/example_branch_day_of_week_operator.py for tasks to queue
[2023-03-28 22:50:46,842] {logging_mixin.py:115} INFO - [2023-03-28 22:50:46,842] {dagbag.py:507} INFO - Filling up the DagBag from /home/airflow/.local/lib/python3.7/site-packages/airflow/example_dags/example_branch_day_of_week_operator.py
[2023-03-28 22:50:46,848] {processor.py:651} INFO - DAG(s) dict_keys(['example_weekday_branch_operator']) retrieved from /home/airflow/.local/lib/python3.7/site-packages/airflow/example_dags/example_branch_day_of_week_operator.py
[2023-03-28 22:50:46,872] {logging_mixin.py:115} INFO - [2023-03-28 22:50:46,872] {dag.py:2371} INFO - Sync 1 DAGs
[2023-03-28 22:50:46,994] {logging_mixin.py:115} INFO - [2023-03-28 22:50:46,994] {dag.py:2919} INFO - Setting next_dagrun for example_weekday_branch_operator to 2023-03-27T00:00:00+00:00, run_after=2023-03-28T00:00:00+00:00
[2023-03-28 22:50:47,006] {processor.py:161} INFO - Processing /home/airflow/.local/lib/python3.7/site-packages/airflow/example_dags/example_branch_day_of_week_operator.py took 0.167 seconds
[2023-03-28 22:52:16,507] {processor.py:153} INFO - Started process (PID=61) to work on /home/airflow/.local/lib/python3.7/site-packages/airflow/example_dags/example_branch_day_of_week_operator.py
[2023-03-28 22:52:16,508] {processor.py:641} INFO - Processing file /home/airflow/.local/lib/python3.7/site-packages/airflow/example_dags/example_branch_day_of_week_operator.py for tasks to queue
[2023-03-28 22:52:16,509] {logging_mixin.py:115} INFO - [2023-03-28 22:52:16,509] {dagbag.py:507} INFO - Filling up the DagBag from /home/airflow/.local/lib/python3.7/site-packages/airflow/example_dags/example_branch_day_of_week_operator.py
[2023-03-28 22:52:16,517] {processor.py:651} INFO - DAG(s) dict_keys(['example_weekday_branch_operator']) retrieved from /home/airflow/.local/lib/python3.7/site-packages/airflow/example_dags/example_branch_day_of_week_operator.py
[2023-03-28 22:52:16,548] {logging_mixin.py:115} INFO - [2023-03-28 22:52:16,548] {dag.py:2371} INFO - Sync 1 DAGs
[2023-03-28 22:52:16,575] {logging_mixin.py:115} INFO - [2023-03-28 22:52:16,575] {dag.py:2919} INFO - Setting next_dagrun for example_weekday_branch_operator to 2023-03-27T00:00:00+00:00, run_after=2023-03-28T00:00:00+00:00
[2023-03-28 22:52:16,592] {processor.py:161} INFO - Processing /home/airflow/.local/lib/python3.7/site-packages/airflow/example_dags/example_branch_day_of_week_operator.py took 0.089 seconds
[2023-03-28 22:52:46,682] {processor.py:153} INFO - Started process (PID=124) to work on /home/airflow/.local/lib/python3.7/site-packages/airflow/example_dags/example_branch_day_of_week_operator.py
[2023-03-28 22:52:46,683] {processor.py:641} INFO - Processing file /home/airflow/.local/lib/python3.7/site-packages/airflow/example_dags/example_branch_day_of_week_operator.py for tasks to queue
[2023-03-28 22:52:46,683] {logging_mixin.py:115} INFO - [2023-03-28 22:52:46,683] {dagbag.py:507} INFO - Filling up the DagBag from /home/airflow/.local/lib/python3.7/site-packages/airflow/example_dags/example_branch_day_of_week_operator.py
[2023-03-28 22:52:46,688] {processor.py:651} INFO - DAG(s) dict_keys(['example_weekday_branch_operator']) retrieved from /home/airflow/.local/lib/python3.7/site-packages/airflow/example_dags/example_branch_day_of_week_operator.py
[2023-03-28 22:52:46,709] {logging_mixin.py:115} INFO - [2023-03-28 22:52:46,709] {dag.py:2371} INFO - Sync 1 DAGs
[2023-03-28 22:52:46,730] {logging_mixin.py:115} INFO - [2023-03-28 22:52:46,730] {dag.py:2919} INFO - Setting next_dagrun for example_weekday_branch_operator to 2023-03-27T00:00:00+00:00, run_after=2023-03-28T00:00:00+00:00
[2023-03-28 22:52:46,742] {processor.py:161} INFO - Processing /home/airflow/.local/lib/python3.7/site-packages/airflow/example_dags/example_branch_day_of_week_operator.py took 0.062 seconds
[2023-03-28 22:53:17,171] {processor.py:153} INFO - Started process (PID=188) to work on /home/airflow/.local/lib/python3.7/site-packages/airflow/example_dags/example_branch_day_of_week_operator.py
[2023-03-28 22:53:17,171] {processor.py:641} INFO - Processing file /home/airflow/.local/lib/python3.7/site-packages/airflow/example_dags/example_branch_day_of_week_operator.py for tasks to queue
[2023-03-28 22:53:17,172] {logging_mixin.py:115} INFO - [2023-03-28 22:53:17,171] {dagbag.py:507} INFO - Filling up the DagBag from /home/airflow/.local/lib/python3.7/site-packages/airflow/example_dags/example_branch_day_of_week_operator.py
[2023-03-28 22:53:17,177] {processor.py:651} INFO - DAG(s) dict_keys(['example_weekday_branch_operator']) retrieved from /home/airflow/.local/lib/python3.7/site-packages/airflow/example_dags/example_branch_day_of_week_operator.py
[2023-03-28 22:53:17,201] {logging_mixin.py:115} INFO - [2023-03-28 22:53:17,201] {dag.py:2371} INFO - Sync 1 DAGs
[2023-03-28 22:53:17,225] {logging_mixin.py:115} INFO - [2023-03-28 22:53:17,225] {dag.py:2919} INFO - Setting next_dagrun for example_weekday_branch_operator to 2023-03-27T00:00:00+00:00, run_after=2023-03-28T00:00:00+00:00
[2023-03-28 22:53:17,240] {processor.py:161} INFO - Processing /home/airflow/.local/lib/python3.7/site-packages/airflow/example_dags/example_branch_day_of_week_operator.py took 0.071 seconds
[2023-03-28 22:53:47,542] {processor.py:153} INFO - Started process (PID=243) to work on /home/airflow/.local/lib/python3.7/site-packages/airflow/example_dags/example_branch_day_of_week_operator.py
[2023-03-28 22:53:47,543] {processor.py:641} INFO - Processing file /home/airflow/.local/lib/python3.7/site-packages/airflow/example_dags/example_branch_day_of_week_operator.py for tasks to queue
[2023-03-28 22:53:47,543] {logging_mixin.py:115} INFO - [2023-03-28 22:53:47,543] {dagbag.py:507} INFO - Filling up the DagBag from /home/airflow/.local/lib/python3.7/site-packages/airflow/example_dags/example_branch_day_of_week_operator.py
[2023-03-28 22:53:47,549] {processor.py:651} INFO - DAG(s) dict_keys(['example_weekday_branch_operator']) retrieved from /home/airflow/.local/lib/python3.7/site-packages/airflow/example_dags/example_branch_day_of_week_operator.py
[2023-03-28 22:53:47,572] {logging_mixin.py:115} INFO - [2023-03-28 22:53:47,571] {dag.py:2371} INFO - Sync 1 DAGs
[2023-03-28 22:53:47,593] {logging_mixin.py:115} INFO - [2023-03-28 22:53:47,593] {dag.py:2919} INFO - Setting next_dagrun for example_weekday_branch_operator to 2023-03-27T00:00:00+00:00, run_after=2023-03-28T00:00:00+00:00
[2023-03-28 22:53:47,610] {processor.py:161} INFO - Processing /home/airflow/.local/lib/python3.7/site-packages/airflow/example_dags/example_branch_day_of_week_operator.py took 0.071 seconds
