[2023-03-28 22:23:52,067] {processor.py:153} INFO - Started process (PID=2357) to work on /home/airflow/.local/lib/python3.7/site-packages/airflow/example_dags/example_python_operator.py
[2023-03-28 22:23:52,068] {processor.py:641} INFO - Processing file /home/airflow/.local/lib/python3.7/site-packages/airflow/example_dags/example_python_operator.py for tasks to queue
[2023-03-28 22:23:52,068] {logging_mixin.py:115} INFO - [2023-03-28 22:23:52,068] {dagbag.py:507} INFO - Filling up the DagBag from /home/airflow/.local/lib/python3.7/site-packages/airflow/example_dags/example_python_operator.py
[2023-03-28 22:23:52,080] {processor.py:651} INFO - DAG(s) dict_keys(['example_python_operator']) retrieved from /home/airflow/.local/lib/python3.7/site-packages/airflow/example_dags/example_python_operator.py
[2023-03-28 22:23:52,100] {logging_mixin.py:115} INFO - [2023-03-28 22:23:52,100] {dag.py:2371} INFO - Sync 1 DAGs
[2023-03-28 22:23:52,117] {logging_mixin.py:115} INFO - [2023-03-28 22:23:52,117] {dag.py:2919} INFO - Setting next_dagrun for example_python_operator to None, run_after=None
[2023-03-28 22:23:52,140] {processor.py:161} INFO - Processing /home/airflow/.local/lib/python3.7/site-packages/airflow/example_dags/example_python_operator.py took 0.075 seconds
[2023-03-28 22:24:23,015] {processor.py:153} INFO - Started process (PID=2412) to work on /home/airflow/.local/lib/python3.7/site-packages/airflow/example_dags/example_python_operator.py
[2023-03-28 22:24:23,016] {processor.py:641} INFO - Processing file /home/airflow/.local/lib/python3.7/site-packages/airflow/example_dags/example_python_operator.py for tasks to queue
[2023-03-28 22:24:23,016] {logging_mixin.py:115} INFO - [2023-03-28 22:24:23,016] {dagbag.py:507} INFO - Filling up the DagBag from /home/airflow/.local/lib/python3.7/site-packages/airflow/example_dags/example_python_operator.py
[2023-03-28 22:24:23,029] {processor.py:651} INFO - DAG(s) dict_keys(['example_python_operator']) retrieved from /home/airflow/.local/lib/python3.7/site-packages/airflow/example_dags/example_python_operator.py
[2023-03-28 22:24:23,051] {logging_mixin.py:115} INFO - [2023-03-28 22:24:23,051] {dag.py:2371} INFO - Sync 1 DAGs
[2023-03-28 22:24:23,071] {logging_mixin.py:115} INFO - [2023-03-28 22:24:23,071] {dag.py:2919} INFO - Setting next_dagrun for example_python_operator to None, run_after=None
[2023-03-28 22:24:23,086] {processor.py:161} INFO - Processing /home/airflow/.local/lib/python3.7/site-packages/airflow/example_dags/example_python_operator.py took 0.073 seconds
[2023-03-28 22:24:53,600] {processor.py:153} INFO - Started process (PID=2476) to work on /home/airflow/.local/lib/python3.7/site-packages/airflow/example_dags/example_python_operator.py
[2023-03-28 22:24:53,601] {processor.py:641} INFO - Processing file /home/airflow/.local/lib/python3.7/site-packages/airflow/example_dags/example_python_operator.py for tasks to queue
[2023-03-28 22:24:53,601] {logging_mixin.py:115} INFO - [2023-03-28 22:24:53,601] {dagbag.py:507} INFO - Filling up the DagBag from /home/airflow/.local/lib/python3.7/site-packages/airflow/example_dags/example_python_operator.py
[2023-03-28 22:24:53,619] {processor.py:651} INFO - DAG(s) dict_keys(['example_python_operator']) retrieved from /home/airflow/.local/lib/python3.7/site-packages/airflow/example_dags/example_python_operator.py
[2023-03-28 22:24:53,646] {logging_mixin.py:115} INFO - [2023-03-28 22:24:53,646] {dag.py:2371} INFO - Sync 1 DAGs
[2023-03-28 22:24:53,669] {logging_mixin.py:115} INFO - [2023-03-28 22:24:53,669] {dag.py:2919} INFO - Setting next_dagrun for example_python_operator to None, run_after=None
[2023-03-28 22:24:53,684] {processor.py:161} INFO - Processing /home/airflow/.local/lib/python3.7/site-packages/airflow/example_dags/example_python_operator.py took 0.088 seconds
[2023-03-28 22:25:24,513] {processor.py:153} INFO - Started process (PID=2540) to work on /home/airflow/.local/lib/python3.7/site-packages/airflow/example_dags/example_python_operator.py
[2023-03-28 22:25:24,513] {processor.py:641} INFO - Processing file /home/airflow/.local/lib/python3.7/site-packages/airflow/example_dags/example_python_operator.py for tasks to queue
[2023-03-28 22:25:24,513] {logging_mixin.py:115} INFO - [2023-03-28 22:25:24,513] {dagbag.py:507} INFO - Filling up the DagBag from /home/airflow/.local/lib/python3.7/site-packages/airflow/example_dags/example_python_operator.py
[2023-03-28 22:25:24,528] {processor.py:651} INFO - DAG(s) dict_keys(['example_python_operator']) retrieved from /home/airflow/.local/lib/python3.7/site-packages/airflow/example_dags/example_python_operator.py
[2023-03-28 22:25:24,551] {logging_mixin.py:115} INFO - [2023-03-28 22:25:24,551] {dag.py:2371} INFO - Sync 1 DAGs
[2023-03-28 22:25:24,572] {logging_mixin.py:115} INFO - [2023-03-28 22:25:24,572] {dag.py:2919} INFO - Setting next_dagrun for example_python_operator to None, run_after=None
[2023-03-28 22:25:24,585] {processor.py:161} INFO - Processing /home/airflow/.local/lib/python3.7/site-packages/airflow/example_dags/example_python_operator.py took 0.075 seconds
[2023-03-28 22:25:55,404] {processor.py:153} INFO - Started process (PID=2604) to work on /home/airflow/.local/lib/python3.7/site-packages/airflow/example_dags/example_python_operator.py
[2023-03-28 22:25:55,405] {processor.py:641} INFO - Processing file /home/airflow/.local/lib/python3.7/site-packages/airflow/example_dags/example_python_operator.py for tasks to queue
[2023-03-28 22:25:55,406] {logging_mixin.py:115} INFO - [2023-03-28 22:25:55,406] {dagbag.py:507} INFO - Filling up the DagBag from /home/airflow/.local/lib/python3.7/site-packages/airflow/example_dags/example_python_operator.py
[2023-03-28 22:25:55,418] {processor.py:651} INFO - DAG(s) dict_keys(['example_python_operator']) retrieved from /home/airflow/.local/lib/python3.7/site-packages/airflow/example_dags/example_python_operator.py
[2023-03-28 22:25:55,438] {logging_mixin.py:115} INFO - [2023-03-28 22:25:55,438] {dag.py:2371} INFO - Sync 1 DAGs
[2023-03-28 22:25:55,461] {logging_mixin.py:115} INFO - [2023-03-28 22:25:55,461] {dag.py:2919} INFO - Setting next_dagrun for example_python_operator to None, run_after=None
[2023-03-28 22:25:55,475] {processor.py:161} INFO - Processing /home/airflow/.local/lib/python3.7/site-packages/airflow/example_dags/example_python_operator.py took 0.073 seconds
[2023-03-28 22:26:26,296] {processor.py:153} INFO - Started process (PID=2660) to work on /home/airflow/.local/lib/python3.7/site-packages/airflow/example_dags/example_python_operator.py
[2023-03-28 22:26:26,296] {processor.py:641} INFO - Processing file /home/airflow/.local/lib/python3.7/site-packages/airflow/example_dags/example_python_operator.py for tasks to queue
[2023-03-28 22:26:26,297] {logging_mixin.py:115} INFO - [2023-03-28 22:26:26,297] {dagbag.py:507} INFO - Filling up the DagBag from /home/airflow/.local/lib/python3.7/site-packages/airflow/example_dags/example_python_operator.py
[2023-03-28 22:26:26,309] {processor.py:651} INFO - DAG(s) dict_keys(['example_python_operator']) retrieved from /home/airflow/.local/lib/python3.7/site-packages/airflow/example_dags/example_python_operator.py
[2023-03-28 22:26:26,329] {logging_mixin.py:115} INFO - [2023-03-28 22:26:26,329] {dag.py:2371} INFO - Sync 1 DAGs
[2023-03-28 22:26:26,347] {logging_mixin.py:115} INFO - [2023-03-28 22:26:26,347] {dag.py:2919} INFO - Setting next_dagrun for example_python_operator to None, run_after=None
[2023-03-28 22:26:26,360] {processor.py:161} INFO - Processing /home/airflow/.local/lib/python3.7/site-packages/airflow/example_dags/example_python_operator.py took 0.066 seconds
[2023-03-28 22:26:56,494] {processor.py:153} INFO - Started process (PID=2724) to work on /home/airflow/.local/lib/python3.7/site-packages/airflow/example_dags/example_python_operator.py
[2023-03-28 22:26:56,495] {processor.py:641} INFO - Processing file /home/airflow/.local/lib/python3.7/site-packages/airflow/example_dags/example_python_operator.py for tasks to queue
[2023-03-28 22:26:56,495] {logging_mixin.py:115} INFO - [2023-03-28 22:26:56,495] {dagbag.py:507} INFO - Filling up the DagBag from /home/airflow/.local/lib/python3.7/site-packages/airflow/example_dags/example_python_operator.py
[2023-03-28 22:26:56,509] {processor.py:651} INFO - DAG(s) dict_keys(['example_python_operator']) retrieved from /home/airflow/.local/lib/python3.7/site-packages/airflow/example_dags/example_python_operator.py
[2023-03-28 22:26:56,532] {logging_mixin.py:115} INFO - [2023-03-28 22:26:56,531] {dag.py:2371} INFO - Sync 1 DAGs
[2023-03-28 22:26:56,551] {logging_mixin.py:115} INFO - [2023-03-28 22:26:56,551] {dag.py:2919} INFO - Setting next_dagrun for example_python_operator to None, run_after=None
[2023-03-28 22:26:56,565] {processor.py:161} INFO - Processing /home/airflow/.local/lib/python3.7/site-packages/airflow/example_dags/example_python_operator.py took 0.074 seconds
[2023-03-28 22:27:27,189] {processor.py:153} INFO - Started process (PID=2790) to work on /home/airflow/.local/lib/python3.7/site-packages/airflow/example_dags/example_python_operator.py
[2023-03-28 22:27:27,189] {processor.py:641} INFO - Processing file /home/airflow/.local/lib/python3.7/site-packages/airflow/example_dags/example_python_operator.py for tasks to queue
[2023-03-28 22:27:27,190] {logging_mixin.py:115} INFO - [2023-03-28 22:27:27,190] {dagbag.py:507} INFO - Filling up the DagBag from /home/airflow/.local/lib/python3.7/site-packages/airflow/example_dags/example_python_operator.py
[2023-03-28 22:27:27,201] {processor.py:651} INFO - DAG(s) dict_keys(['example_python_operator']) retrieved from /home/airflow/.local/lib/python3.7/site-packages/airflow/example_dags/example_python_operator.py
[2023-03-28 22:27:27,223] {logging_mixin.py:115} INFO - [2023-03-28 22:27:27,223] {dag.py:2371} INFO - Sync 1 DAGs
[2023-03-28 22:27:27,246] {logging_mixin.py:115} INFO - [2023-03-28 22:27:27,246] {dag.py:2919} INFO - Setting next_dagrun for example_python_operator to None, run_after=None
[2023-03-28 22:27:27,259] {processor.py:161} INFO - Processing /home/airflow/.local/lib/python3.7/site-packages/airflow/example_dags/example_python_operator.py took 0.072 seconds
[2023-03-28 22:27:57,804] {processor.py:153} INFO - Started process (PID=2845) to work on /home/airflow/.local/lib/python3.7/site-packages/airflow/example_dags/example_python_operator.py
[2023-03-28 22:27:57,816] {processor.py:641} INFO - Processing file /home/airflow/.local/lib/python3.7/site-packages/airflow/example_dags/example_python_operator.py for tasks to queue
[2023-03-28 22:27:57,816] {logging_mixin.py:115} INFO - [2023-03-28 22:27:57,816] {dagbag.py:507} INFO - Filling up the DagBag from /home/airflow/.local/lib/python3.7/site-packages/airflow/example_dags/example_python_operator.py
[2023-03-28 22:27:57,830] {processor.py:651} INFO - DAG(s) dict_keys(['example_python_operator']) retrieved from /home/airflow/.local/lib/python3.7/site-packages/airflow/example_dags/example_python_operator.py
[2023-03-28 22:27:57,854] {logging_mixin.py:115} INFO - [2023-03-28 22:27:57,853] {dag.py:2371} INFO - Sync 1 DAGs
[2023-03-28 22:27:57,877] {logging_mixin.py:115} INFO - [2023-03-28 22:27:57,877] {dag.py:2919} INFO - Setting next_dagrun for example_python_operator to None, run_after=None
[2023-03-28 22:27:57,893] {processor.py:161} INFO - Processing /home/airflow/.local/lib/python3.7/site-packages/airflow/example_dags/example_python_operator.py took 0.091 seconds
[2023-03-28 22:28:28,554] {processor.py:153} INFO - Started process (PID=2909) to work on /home/airflow/.local/lib/python3.7/site-packages/airflow/example_dags/example_python_operator.py
[2023-03-28 22:28:28,566] {processor.py:641} INFO - Processing file /home/airflow/.local/lib/python3.7/site-packages/airflow/example_dags/example_python_operator.py for tasks to queue
[2023-03-28 22:28:28,567] {logging_mixin.py:115} INFO - [2023-03-28 22:28:28,566] {dagbag.py:507} INFO - Filling up the DagBag from /home/airflow/.local/lib/python3.7/site-packages/airflow/example_dags/example_python_operator.py
[2023-03-28 22:28:28,583] {processor.py:651} INFO - DAG(s) dict_keys(['example_python_operator']) retrieved from /home/airflow/.local/lib/python3.7/site-packages/airflow/example_dags/example_python_operator.py
[2023-03-28 22:28:28,670] {logging_mixin.py:115} INFO - [2023-03-28 22:28:28,670] {dag.py:2371} INFO - Sync 1 DAGs
[2023-03-28 22:28:28,695] {logging_mixin.py:115} INFO - [2023-03-28 22:28:28,695] {dag.py:2919} INFO - Setting next_dagrun for example_python_operator to None, run_after=None
[2023-03-28 22:28:28,709] {processor.py:161} INFO - Processing /home/airflow/.local/lib/python3.7/site-packages/airflow/example_dags/example_python_operator.py took 0.158 seconds
[2023-03-28 22:28:58,889] {processor.py:153} INFO - Started process (PID=2973) to work on /home/airflow/.local/lib/python3.7/site-packages/airflow/example_dags/example_python_operator.py
[2023-03-28 22:28:58,890] {processor.py:641} INFO - Processing file /home/airflow/.local/lib/python3.7/site-packages/airflow/example_dags/example_python_operator.py for tasks to queue
[2023-03-28 22:28:58,890] {logging_mixin.py:115} INFO - [2023-03-28 22:28:58,890] {dagbag.py:507} INFO - Filling up the DagBag from /home/airflow/.local/lib/python3.7/site-packages/airflow/example_dags/example_python_operator.py
[2023-03-28 22:28:58,902] {processor.py:651} INFO - DAG(s) dict_keys(['example_python_operator']) retrieved from /home/airflow/.local/lib/python3.7/site-packages/airflow/example_dags/example_python_operator.py
[2023-03-28 22:28:58,923] {logging_mixin.py:115} INFO - [2023-03-28 22:28:58,923] {dag.py:2371} INFO - Sync 1 DAGs
[2023-03-28 22:28:58,942] {logging_mixin.py:115} INFO - [2023-03-28 22:28:58,942] {dag.py:2919} INFO - Setting next_dagrun for example_python_operator to None, run_after=None
[2023-03-28 22:28:58,954] {processor.py:161} INFO - Processing /home/airflow/.local/lib/python3.7/site-packages/airflow/example_dags/example_python_operator.py took 0.067 seconds
[2023-03-28 22:29:29,637] {processor.py:153} INFO - Started process (PID=3037) to work on /home/airflow/.local/lib/python3.7/site-packages/airflow/example_dags/example_python_operator.py
[2023-03-28 22:29:29,638] {processor.py:641} INFO - Processing file /home/airflow/.local/lib/python3.7/site-packages/airflow/example_dags/example_python_operator.py for tasks to queue
[2023-03-28 22:29:29,639] {logging_mixin.py:115} INFO - [2023-03-28 22:29:29,639] {dagbag.py:507} INFO - Filling up the DagBag from /home/airflow/.local/lib/python3.7/site-packages/airflow/example_dags/example_python_operator.py
[2023-03-28 22:29:29,656] {processor.py:651} INFO - DAG(s) dict_keys(['example_python_operator']) retrieved from /home/airflow/.local/lib/python3.7/site-packages/airflow/example_dags/example_python_operator.py
[2023-03-28 22:29:29,693] {logging_mixin.py:115} INFO - [2023-03-28 22:29:29,693] {dag.py:2371} INFO - Sync 1 DAGs
[2023-03-28 22:29:29,721] {logging_mixin.py:115} INFO - [2023-03-28 22:29:29,721] {dag.py:2919} INFO - Setting next_dagrun for example_python_operator to None, run_after=None
[2023-03-28 22:29:29,740] {processor.py:161} INFO - Processing /home/airflow/.local/lib/python3.7/site-packages/airflow/example_dags/example_python_operator.py took 0.106 seconds
[2023-03-28 22:30:00,735] {processor.py:153} INFO - Started process (PID=3092) to work on /home/airflow/.local/lib/python3.7/site-packages/airflow/example_dags/example_python_operator.py
[2023-03-28 22:30:00,736] {processor.py:641} INFO - Processing file /home/airflow/.local/lib/python3.7/site-packages/airflow/example_dags/example_python_operator.py for tasks to queue
[2023-03-28 22:30:00,736] {logging_mixin.py:115} INFO - [2023-03-28 22:30:00,736] {dagbag.py:507} INFO - Filling up the DagBag from /home/airflow/.local/lib/python3.7/site-packages/airflow/example_dags/example_python_operator.py
[2023-03-28 22:30:00,753] {processor.py:651} INFO - DAG(s) dict_keys(['example_python_operator']) retrieved from /home/airflow/.local/lib/python3.7/site-packages/airflow/example_dags/example_python_operator.py
[2023-03-28 22:30:00,774] {logging_mixin.py:115} INFO - [2023-03-28 22:30:00,774] {dag.py:2371} INFO - Sync 1 DAGs
[2023-03-28 22:30:00,793] {logging_mixin.py:115} INFO - [2023-03-28 22:30:00,793] {dag.py:2919} INFO - Setting next_dagrun for example_python_operator to None, run_after=None
[2023-03-28 22:30:00,913] {processor.py:161} INFO - Processing /home/airflow/.local/lib/python3.7/site-packages/airflow/example_dags/example_python_operator.py took 0.180 seconds
[2023-03-28 22:30:31,132] {processor.py:153} INFO - Started process (PID=3156) to work on /home/airflow/.local/lib/python3.7/site-packages/airflow/example_dags/example_python_operator.py
[2023-03-28 22:30:31,133] {processor.py:641} INFO - Processing file /home/airflow/.local/lib/python3.7/site-packages/airflow/example_dags/example_python_operator.py for tasks to queue
[2023-03-28 22:30:31,134] {logging_mixin.py:115} INFO - [2023-03-28 22:30:31,133] {dagbag.py:507} INFO - Filling up the DagBag from /home/airflow/.local/lib/python3.7/site-packages/airflow/example_dags/example_python_operator.py
[2023-03-28 22:30:31,145] {processor.py:651} INFO - DAG(s) dict_keys(['example_python_operator']) retrieved from /home/airflow/.local/lib/python3.7/site-packages/airflow/example_dags/example_python_operator.py
[2023-03-28 22:30:31,165] {logging_mixin.py:115} INFO - [2023-03-28 22:30:31,165] {dag.py:2371} INFO - Sync 1 DAGs
[2023-03-28 22:30:31,184] {logging_mixin.py:115} INFO - [2023-03-28 22:30:31,184] {dag.py:2919} INFO - Setting next_dagrun for example_python_operator to None, run_after=None
[2023-03-28 22:30:31,302] {processor.py:161} INFO - Processing /home/airflow/.local/lib/python3.7/site-packages/airflow/example_dags/example_python_operator.py took 0.172 seconds
[2023-03-28 22:31:01,362] {processor.py:153} INFO - Started process (PID=3220) to work on /home/airflow/.local/lib/python3.7/site-packages/airflow/example_dags/example_python_operator.py
[2023-03-28 22:31:01,362] {processor.py:641} INFO - Processing file /home/airflow/.local/lib/python3.7/site-packages/airflow/example_dags/example_python_operator.py for tasks to queue
[2023-03-28 22:31:01,362] {logging_mixin.py:115} INFO - [2023-03-28 22:31:01,362] {dagbag.py:507} INFO - Filling up the DagBag from /home/airflow/.local/lib/python3.7/site-packages/airflow/example_dags/example_python_operator.py
[2023-03-28 22:31:01,374] {processor.py:651} INFO - DAG(s) dict_keys(['example_python_operator']) retrieved from /home/airflow/.local/lib/python3.7/site-packages/airflow/example_dags/example_python_operator.py
[2023-03-28 22:31:01,396] {logging_mixin.py:115} INFO - [2023-03-28 22:31:01,395] {dag.py:2371} INFO - Sync 1 DAGs
[2023-03-28 22:31:01,415] {logging_mixin.py:115} INFO - [2023-03-28 22:31:01,415] {dag.py:2919} INFO - Setting next_dagrun for example_python_operator to None, run_after=None
[2023-03-28 22:31:01,521] {processor.py:161} INFO - Processing /home/airflow/.local/lib/python3.7/site-packages/airflow/example_dags/example_python_operator.py took 0.162 seconds
[2023-03-28 22:31:31,614] {processor.py:153} INFO - Started process (PID=3275) to work on /home/airflow/.local/lib/python3.7/site-packages/airflow/example_dags/example_python_operator.py
[2023-03-28 22:31:31,615] {processor.py:641} INFO - Processing file /home/airflow/.local/lib/python3.7/site-packages/airflow/example_dags/example_python_operator.py for tasks to queue
[2023-03-28 22:31:31,615] {logging_mixin.py:115} INFO - [2023-03-28 22:31:31,615] {dagbag.py:507} INFO - Filling up the DagBag from /home/airflow/.local/lib/python3.7/site-packages/airflow/example_dags/example_python_operator.py
[2023-03-28 22:31:31,628] {processor.py:651} INFO - DAG(s) dict_keys(['example_python_operator']) retrieved from /home/airflow/.local/lib/python3.7/site-packages/airflow/example_dags/example_python_operator.py
[2023-03-28 22:31:31,651] {logging_mixin.py:115} INFO - [2023-03-28 22:31:31,651] {dag.py:2371} INFO - Sync 1 DAGs
[2023-03-28 22:31:31,670] {logging_mixin.py:115} INFO - [2023-03-28 22:31:31,670] {dag.py:2919} INFO - Setting next_dagrun for example_python_operator to None, run_after=None
[2023-03-28 22:31:31,774] {processor.py:161} INFO - Processing /home/airflow/.local/lib/python3.7/site-packages/airflow/example_dags/example_python_operator.py took 0.162 seconds
[2023-03-28 22:32:02,091] {processor.py:153} INFO - Started process (PID=3339) to work on /home/airflow/.local/lib/python3.7/site-packages/airflow/example_dags/example_python_operator.py
[2023-03-28 22:32:02,092] {processor.py:641} INFO - Processing file /home/airflow/.local/lib/python3.7/site-packages/airflow/example_dags/example_python_operator.py for tasks to queue
[2023-03-28 22:32:02,092] {logging_mixin.py:115} INFO - [2023-03-28 22:32:02,092] {dagbag.py:507} INFO - Filling up the DagBag from /home/airflow/.local/lib/python3.7/site-packages/airflow/example_dags/example_python_operator.py
[2023-03-28 22:32:02,104] {processor.py:651} INFO - DAG(s) dict_keys(['example_python_operator']) retrieved from /home/airflow/.local/lib/python3.7/site-packages/airflow/example_dags/example_python_operator.py
[2023-03-28 22:32:02,125] {logging_mixin.py:115} INFO - [2023-03-28 22:32:02,125] {dag.py:2371} INFO - Sync 1 DAGs
[2023-03-28 22:32:02,144] {logging_mixin.py:115} INFO - [2023-03-28 22:32:02,144] {dag.py:2919} INFO - Setting next_dagrun for example_python_operator to None, run_after=None
[2023-03-28 22:32:02,242] {processor.py:161} INFO - Processing /home/airflow/.local/lib/python3.7/site-packages/airflow/example_dags/example_python_operator.py took 0.153 seconds
[2023-03-28 22:32:32,519] {processor.py:153} INFO - Started process (PID=3403) to work on /home/airflow/.local/lib/python3.7/site-packages/airflow/example_dags/example_python_operator.py
[2023-03-28 22:32:32,520] {processor.py:641} INFO - Processing file /home/airflow/.local/lib/python3.7/site-packages/airflow/example_dags/example_python_operator.py for tasks to queue
[2023-03-28 22:32:32,520] {logging_mixin.py:115} INFO - [2023-03-28 22:32:32,520] {dagbag.py:507} INFO - Filling up the DagBag from /home/airflow/.local/lib/python3.7/site-packages/airflow/example_dags/example_python_operator.py
[2023-03-28 22:32:32,534] {processor.py:651} INFO - DAG(s) dict_keys(['example_python_operator']) retrieved from /home/airflow/.local/lib/python3.7/site-packages/airflow/example_dags/example_python_operator.py
[2023-03-28 22:32:32,556] {logging_mixin.py:115} INFO - [2023-03-28 22:32:32,556] {dag.py:2371} INFO - Sync 1 DAGs
[2023-03-28 22:32:32,577] {logging_mixin.py:115} INFO - [2023-03-28 22:32:32,576] {dag.py:2919} INFO - Setting next_dagrun for example_python_operator to None, run_after=None
[2023-03-28 22:32:32,719] {processor.py:161} INFO - Processing /home/airflow/.local/lib/python3.7/site-packages/airflow/example_dags/example_python_operator.py took 0.203 seconds
[2023-03-28 22:33:02,743] {processor.py:153} INFO - Started process (PID=3458) to work on /home/airflow/.local/lib/python3.7/site-packages/airflow/example_dags/example_python_operator.py
[2023-03-28 22:33:02,744] {processor.py:641} INFO - Processing file /home/airflow/.local/lib/python3.7/site-packages/airflow/example_dags/example_python_operator.py for tasks to queue
[2023-03-28 22:33:02,744] {logging_mixin.py:115} INFO - [2023-03-28 22:33:02,744] {dagbag.py:507} INFO - Filling up the DagBag from /home/airflow/.local/lib/python3.7/site-packages/airflow/example_dags/example_python_operator.py
[2023-03-28 22:33:02,759] {processor.py:651} INFO - DAG(s) dict_keys(['example_python_operator']) retrieved from /home/airflow/.local/lib/python3.7/site-packages/airflow/example_dags/example_python_operator.py
[2023-03-28 22:33:02,783] {logging_mixin.py:115} INFO - [2023-03-28 22:33:02,783] {dag.py:2371} INFO - Sync 1 DAGs
[2023-03-28 22:33:02,806] {logging_mixin.py:115} INFO - [2023-03-28 22:33:02,806] {dag.py:2919} INFO - Setting next_dagrun for example_python_operator to None, run_after=None
[2023-03-28 22:33:02,911] {processor.py:161} INFO - Processing /home/airflow/.local/lib/python3.7/site-packages/airflow/example_dags/example_python_operator.py took 0.170 seconds
[2023-03-28 22:33:33,194] {processor.py:153} INFO - Started process (PID=3522) to work on /home/airflow/.local/lib/python3.7/site-packages/airflow/example_dags/example_python_operator.py
[2023-03-28 22:33:33,206] {processor.py:641} INFO - Processing file /home/airflow/.local/lib/python3.7/site-packages/airflow/example_dags/example_python_operator.py for tasks to queue
[2023-03-28 22:33:33,206] {logging_mixin.py:115} INFO - [2023-03-28 22:33:33,206] {dagbag.py:507} INFO - Filling up the DagBag from /home/airflow/.local/lib/python3.7/site-packages/airflow/example_dags/example_python_operator.py
[2023-03-28 22:33:33,218] {processor.py:651} INFO - DAG(s) dict_keys(['example_python_operator']) retrieved from /home/airflow/.local/lib/python3.7/site-packages/airflow/example_dags/example_python_operator.py
[2023-03-28 22:33:33,241] {logging_mixin.py:115} INFO - [2023-03-28 22:33:33,241] {dag.py:2371} INFO - Sync 1 DAGs
[2023-03-28 22:33:33,260] {logging_mixin.py:115} INFO - [2023-03-28 22:33:33,260] {dag.py:2919} INFO - Setting next_dagrun for example_python_operator to None, run_after=None
[2023-03-28 22:33:33,379] {processor.py:161} INFO - Processing /home/airflow/.local/lib/python3.7/site-packages/airflow/example_dags/example_python_operator.py took 0.186 seconds
[2023-03-28 22:34:03,641] {processor.py:153} INFO - Started process (PID=3586) to work on /home/airflow/.local/lib/python3.7/site-packages/airflow/example_dags/example_python_operator.py
[2023-03-28 22:34:03,641] {processor.py:641} INFO - Processing file /home/airflow/.local/lib/python3.7/site-packages/airflow/example_dags/example_python_operator.py for tasks to queue
[2023-03-28 22:34:03,641] {logging_mixin.py:115} INFO - [2023-03-28 22:34:03,641] {dagbag.py:507} INFO - Filling up the DagBag from /home/airflow/.local/lib/python3.7/site-packages/airflow/example_dags/example_python_operator.py
[2023-03-28 22:34:03,655] {processor.py:651} INFO - DAG(s) dict_keys(['example_python_operator']) retrieved from /home/airflow/.local/lib/python3.7/site-packages/airflow/example_dags/example_python_operator.py
[2023-03-28 22:34:03,679] {logging_mixin.py:115} INFO - [2023-03-28 22:34:03,679] {dag.py:2371} INFO - Sync 1 DAGs
[2023-03-28 22:34:03,700] {logging_mixin.py:115} INFO - [2023-03-28 22:34:03,700] {dag.py:2919} INFO - Setting next_dagrun for example_python_operator to None, run_after=None
[2023-03-28 22:34:03,822] {processor.py:161} INFO - Processing /home/airflow/.local/lib/python3.7/site-packages/airflow/example_dags/example_python_operator.py took 0.184 seconds
[2023-03-28 22:34:33,912] {processor.py:153} INFO - Started process (PID=3641) to work on /home/airflow/.local/lib/python3.7/site-packages/airflow/example_dags/example_python_operator.py
[2023-03-28 22:34:33,924] {processor.py:641} INFO - Processing file /home/airflow/.local/lib/python3.7/site-packages/airflow/example_dags/example_python_operator.py for tasks to queue
[2023-03-28 22:34:33,925] {logging_mixin.py:115} INFO - [2023-03-28 22:34:33,925] {dagbag.py:507} INFO - Filling up the DagBag from /home/airflow/.local/lib/python3.7/site-packages/airflow/example_dags/example_python_operator.py
[2023-03-28 22:34:33,937] {processor.py:651} INFO - DAG(s) dict_keys(['example_python_operator']) retrieved from /home/airflow/.local/lib/python3.7/site-packages/airflow/example_dags/example_python_operator.py
[2023-03-28 22:34:33,958] {logging_mixin.py:115} INFO - [2023-03-28 22:34:33,958] {dag.py:2371} INFO - Sync 1 DAGs
[2023-03-28 22:34:33,977] {logging_mixin.py:115} INFO - [2023-03-28 22:34:33,977] {dag.py:2919} INFO - Setting next_dagrun for example_python_operator to None, run_after=None
[2023-03-28 22:34:34,079] {processor.py:161} INFO - Processing /home/airflow/.local/lib/python3.7/site-packages/airflow/example_dags/example_python_operator.py took 0.168 seconds
[2023-03-28 22:35:04,450] {processor.py:153} INFO - Started process (PID=3705) to work on /home/airflow/.local/lib/python3.7/site-packages/airflow/example_dags/example_python_operator.py
[2023-03-28 22:35:04,450] {processor.py:641} INFO - Processing file /home/airflow/.local/lib/python3.7/site-packages/airflow/example_dags/example_python_operator.py for tasks to queue
[2023-03-28 22:35:04,450] {logging_mixin.py:115} INFO - [2023-03-28 22:35:04,450] {dagbag.py:507} INFO - Filling up the DagBag from /home/airflow/.local/lib/python3.7/site-packages/airflow/example_dags/example_python_operator.py
[2023-03-28 22:35:04,466] {processor.py:651} INFO - DAG(s) dict_keys(['example_python_operator']) retrieved from /home/airflow/.local/lib/python3.7/site-packages/airflow/example_dags/example_python_operator.py
[2023-03-28 22:35:04,492] {logging_mixin.py:115} INFO - [2023-03-28 22:35:04,492] {dag.py:2371} INFO - Sync 1 DAGs
[2023-03-28 22:35:04,608] {logging_mixin.py:115} INFO - [2023-03-28 22:35:04,608] {dag.py:2919} INFO - Setting next_dagrun for example_python_operator to None, run_after=None
[2023-03-28 22:35:04,621] {processor.py:161} INFO - Processing /home/airflow/.local/lib/python3.7/site-packages/airflow/example_dags/example_python_operator.py took 0.174 seconds
[2023-03-28 22:35:35,209] {processor.py:153} INFO - Started process (PID=3770) to work on /home/airflow/.local/lib/python3.7/site-packages/airflow/example_dags/example_python_operator.py
[2023-03-28 22:35:35,211] {processor.py:641} INFO - Processing file /home/airflow/.local/lib/python3.7/site-packages/airflow/example_dags/example_python_operator.py for tasks to queue
[2023-03-28 22:35:35,211] {logging_mixin.py:115} INFO - [2023-03-28 22:35:35,211] {dagbag.py:507} INFO - Filling up the DagBag from /home/airflow/.local/lib/python3.7/site-packages/airflow/example_dags/example_python_operator.py
[2023-03-28 22:35:35,223] {processor.py:651} INFO - DAG(s) dict_keys(['example_python_operator']) retrieved from /home/airflow/.local/lib/python3.7/site-packages/airflow/example_dags/example_python_operator.py
[2023-03-28 22:35:35,245] {logging_mixin.py:115} INFO - [2023-03-28 22:35:35,245] {dag.py:2371} INFO - Sync 1 DAGs
[2023-03-28 22:35:35,356] {logging_mixin.py:115} INFO - [2023-03-28 22:35:35,356] {dag.py:2919} INFO - Setting next_dagrun for example_python_operator to None, run_after=None
[2023-03-28 22:35:35,367] {processor.py:161} INFO - Processing /home/airflow/.local/lib/python3.7/site-packages/airflow/example_dags/example_python_operator.py took 0.160 seconds
[2023-03-28 22:36:05,911] {processor.py:153} INFO - Started process (PID=3825) to work on /home/airflow/.local/lib/python3.7/site-packages/airflow/example_dags/example_python_operator.py
[2023-03-28 22:36:05,911] {processor.py:641} INFO - Processing file /home/airflow/.local/lib/python3.7/site-packages/airflow/example_dags/example_python_operator.py for tasks to queue
[2023-03-28 22:36:05,911] {logging_mixin.py:115} INFO - [2023-03-28 22:36:05,911] {dagbag.py:507} INFO - Filling up the DagBag from /home/airflow/.local/lib/python3.7/site-packages/airflow/example_dags/example_python_operator.py
[2023-03-28 22:36:05,923] {processor.py:651} INFO - DAG(s) dict_keys(['example_python_operator']) retrieved from /home/airflow/.local/lib/python3.7/site-packages/airflow/example_dags/example_python_operator.py
[2023-03-28 22:36:05,945] {logging_mixin.py:115} INFO - [2023-03-28 22:36:05,945] {dag.py:2371} INFO - Sync 1 DAGs
[2023-03-28 22:36:06,058] {logging_mixin.py:115} INFO - [2023-03-28 22:36:06,058] {dag.py:2919} INFO - Setting next_dagrun for example_python_operator to None, run_after=None
[2023-03-28 22:36:06,069] {processor.py:161} INFO - Processing /home/airflow/.local/lib/python3.7/site-packages/airflow/example_dags/example_python_operator.py took 0.161 seconds
[2023-03-28 22:36:36,715] {processor.py:153} INFO - Started process (PID=3891) to work on /home/airflow/.local/lib/python3.7/site-packages/airflow/example_dags/example_python_operator.py
[2023-03-28 22:36:36,716] {processor.py:641} INFO - Processing file /home/airflow/.local/lib/python3.7/site-packages/airflow/example_dags/example_python_operator.py for tasks to queue
[2023-03-28 22:36:36,716] {logging_mixin.py:115} INFO - [2023-03-28 22:36:36,716] {dagbag.py:507} INFO - Filling up the DagBag from /home/airflow/.local/lib/python3.7/site-packages/airflow/example_dags/example_python_operator.py
[2023-03-28 22:36:36,731] {processor.py:651} INFO - DAG(s) dict_keys(['example_python_operator']) retrieved from /home/airflow/.local/lib/python3.7/site-packages/airflow/example_dags/example_python_operator.py
[2023-03-28 22:36:36,757] {logging_mixin.py:115} INFO - [2023-03-28 22:36:36,756] {dag.py:2371} INFO - Sync 1 DAGs
[2023-03-28 22:36:36,896] {logging_mixin.py:115} INFO - [2023-03-28 22:36:36,896] {dag.py:2919} INFO - Setting next_dagrun for example_python_operator to None, run_after=None
[2023-03-28 22:36:36,919] {processor.py:161} INFO - Processing /home/airflow/.local/lib/python3.7/site-packages/airflow/example_dags/example_python_operator.py took 0.206 seconds
[2023-03-28 22:37:07,423] {processor.py:153} INFO - Started process (PID=3956) to work on /home/airflow/.local/lib/python3.7/site-packages/airflow/example_dags/example_python_operator.py
[2023-03-28 22:37:07,435] {processor.py:641} INFO - Processing file /home/airflow/.local/lib/python3.7/site-packages/airflow/example_dags/example_python_operator.py for tasks to queue
[2023-03-28 22:37:07,435] {logging_mixin.py:115} INFO - [2023-03-28 22:37:07,435] {dagbag.py:507} INFO - Filling up the DagBag from /home/airflow/.local/lib/python3.7/site-packages/airflow/example_dags/example_python_operator.py
[2023-03-28 22:37:07,448] {processor.py:651} INFO - DAG(s) dict_keys(['example_python_operator']) retrieved from /home/airflow/.local/lib/python3.7/site-packages/airflow/example_dags/example_python_operator.py
[2023-03-28 22:37:07,473] {logging_mixin.py:115} INFO - [2023-03-28 22:37:07,473] {dag.py:2371} INFO - Sync 1 DAGs
[2023-03-28 22:37:07,671] {logging_mixin.py:115} INFO - [2023-03-28 22:37:07,671] {dag.py:2919} INFO - Setting next_dagrun for example_python_operator to None, run_after=None
[2023-03-28 22:37:07,683] {processor.py:161} INFO - Processing /home/airflow/.local/lib/python3.7/site-packages/airflow/example_dags/example_python_operator.py took 0.262 seconds
[2023-03-28 22:37:38,264] {processor.py:153} INFO - Started process (PID=4020) to work on /home/airflow/.local/lib/python3.7/site-packages/airflow/example_dags/example_python_operator.py
[2023-03-28 22:37:38,264] {processor.py:641} INFO - Processing file /home/airflow/.local/lib/python3.7/site-packages/airflow/example_dags/example_python_operator.py for tasks to queue
[2023-03-28 22:37:38,265] {logging_mixin.py:115} INFO - [2023-03-28 22:37:38,265] {dagbag.py:507} INFO - Filling up the DagBag from /home/airflow/.local/lib/python3.7/site-packages/airflow/example_dags/example_python_operator.py
[2023-03-28 22:37:38,283] {processor.py:651} INFO - DAG(s) dict_keys(['example_python_operator']) retrieved from /home/airflow/.local/lib/python3.7/site-packages/airflow/example_dags/example_python_operator.py
[2023-03-28 22:37:38,312] {logging_mixin.py:115} INFO - [2023-03-28 22:37:38,312] {dag.py:2371} INFO - Sync 1 DAGs
[2023-03-28 22:37:38,472] {logging_mixin.py:115} INFO - [2023-03-28 22:37:38,472] {dag.py:2919} INFO - Setting next_dagrun for example_python_operator to None, run_after=None
[2023-03-28 22:37:38,495] {processor.py:161} INFO - Processing /home/airflow/.local/lib/python3.7/site-packages/airflow/example_dags/example_python_operator.py took 0.235 seconds
[2023-03-28 22:38:08,945] {processor.py:153} INFO - Started process (PID=4075) to work on /home/airflow/.local/lib/python3.7/site-packages/airflow/example_dags/example_python_operator.py
[2023-03-28 22:38:08,947] {processor.py:641} INFO - Processing file /home/airflow/.local/lib/python3.7/site-packages/airflow/example_dags/example_python_operator.py for tasks to queue
[2023-03-28 22:38:08,947] {logging_mixin.py:115} INFO - [2023-03-28 22:38:08,947] {dagbag.py:507} INFO - Filling up the DagBag from /home/airflow/.local/lib/python3.7/site-packages/airflow/example_dags/example_python_operator.py
[2023-03-28 22:38:08,965] {processor.py:651} INFO - DAG(s) dict_keys(['example_python_operator']) retrieved from /home/airflow/.local/lib/python3.7/site-packages/airflow/example_dags/example_python_operator.py
[2023-03-28 22:38:08,991] {logging_mixin.py:115} INFO - [2023-03-28 22:38:08,991] {dag.py:2371} INFO - Sync 1 DAGs
[2023-03-28 22:38:09,140] {logging_mixin.py:115} INFO - [2023-03-28 22:38:09,140] {dag.py:2919} INFO - Setting next_dagrun for example_python_operator to None, run_after=None
[2023-03-28 22:38:09,158] {processor.py:161} INFO - Processing /home/airflow/.local/lib/python3.7/site-packages/airflow/example_dags/example_python_operator.py took 0.215 seconds
[2023-03-28 22:38:39,863] {processor.py:153} INFO - Started process (PID=4139) to work on /home/airflow/.local/lib/python3.7/site-packages/airflow/example_dags/example_python_operator.py
[2023-03-28 22:38:39,863] {processor.py:641} INFO - Processing file /home/airflow/.local/lib/python3.7/site-packages/airflow/example_dags/example_python_operator.py for tasks to queue
[2023-03-28 22:38:39,863] {logging_mixin.py:115} INFO - [2023-03-28 22:38:39,863] {dagbag.py:507} INFO - Filling up the DagBag from /home/airflow/.local/lib/python3.7/site-packages/airflow/example_dags/example_python_operator.py
[2023-03-28 22:38:39,875] {processor.py:651} INFO - DAG(s) dict_keys(['example_python_operator']) retrieved from /home/airflow/.local/lib/python3.7/site-packages/airflow/example_dags/example_python_operator.py
[2023-03-28 22:38:39,897] {logging_mixin.py:115} INFO - [2023-03-28 22:38:39,897] {dag.py:2371} INFO - Sync 1 DAGs
[2023-03-28 22:38:40,007] {logging_mixin.py:115} INFO - [2023-03-28 22:38:40,007] {dag.py:2919} INFO - Setting next_dagrun for example_python_operator to None, run_after=None
[2023-03-28 22:38:40,018] {processor.py:161} INFO - Processing /home/airflow/.local/lib/python3.7/site-packages/airflow/example_dags/example_python_operator.py took 0.157 seconds
[2023-03-28 22:39:10,526] {processor.py:153} INFO - Started process (PID=4203) to work on /home/airflow/.local/lib/python3.7/site-packages/airflow/example_dags/example_python_operator.py
[2023-03-28 22:39:10,527] {processor.py:641} INFO - Processing file /home/airflow/.local/lib/python3.7/site-packages/airflow/example_dags/example_python_operator.py for tasks to queue
[2023-03-28 22:39:10,528] {logging_mixin.py:115} INFO - [2023-03-28 22:39:10,528] {dagbag.py:507} INFO - Filling up the DagBag from /home/airflow/.local/lib/python3.7/site-packages/airflow/example_dags/example_python_operator.py
[2023-03-28 22:39:10,542] {processor.py:651} INFO - DAG(s) dict_keys(['example_python_operator']) retrieved from /home/airflow/.local/lib/python3.7/site-packages/airflow/example_dags/example_python_operator.py
[2023-03-28 22:39:10,564] {logging_mixin.py:115} INFO - [2023-03-28 22:39:10,564] {dag.py:2371} INFO - Sync 1 DAGs
[2023-03-28 22:39:10,683] {logging_mixin.py:115} INFO - [2023-03-28 22:39:10,683] {dag.py:2919} INFO - Setting next_dagrun for example_python_operator to None, run_after=None
[2023-03-28 22:39:10,697] {processor.py:161} INFO - Processing /home/airflow/.local/lib/python3.7/site-packages/airflow/example_dags/example_python_operator.py took 0.174 seconds
[2023-03-28 22:39:41,235] {processor.py:153} INFO - Started process (PID=4259) to work on /home/airflow/.local/lib/python3.7/site-packages/airflow/example_dags/example_python_operator.py
[2023-03-28 22:39:41,236] {processor.py:641} INFO - Processing file /home/airflow/.local/lib/python3.7/site-packages/airflow/example_dags/example_python_operator.py for tasks to queue
[2023-03-28 22:39:41,236] {logging_mixin.py:115} INFO - [2023-03-28 22:39:41,236] {dagbag.py:507} INFO - Filling up the DagBag from /home/airflow/.local/lib/python3.7/site-packages/airflow/example_dags/example_python_operator.py
[2023-03-28 22:39:41,249] {processor.py:651} INFO - DAG(s) dict_keys(['example_python_operator']) retrieved from /home/airflow/.local/lib/python3.7/site-packages/airflow/example_dags/example_python_operator.py
[2023-03-28 22:39:41,272] {logging_mixin.py:115} INFO - [2023-03-28 22:39:41,272] {dag.py:2371} INFO - Sync 1 DAGs
[2023-03-28 22:39:41,381] {logging_mixin.py:115} INFO - [2023-03-28 22:39:41,381] {dag.py:2919} INFO - Setting next_dagrun for example_python_operator to None, run_after=None
[2023-03-28 22:39:41,391] {processor.py:161} INFO - Processing /home/airflow/.local/lib/python3.7/site-packages/airflow/example_dags/example_python_operator.py took 0.158 seconds
[2023-03-28 22:40:12,000] {processor.py:153} INFO - Started process (PID=4323) to work on /home/airflow/.local/lib/python3.7/site-packages/airflow/example_dags/example_python_operator.py
[2023-03-28 22:40:12,011] {processor.py:641} INFO - Processing file /home/airflow/.local/lib/python3.7/site-packages/airflow/example_dags/example_python_operator.py for tasks to queue
[2023-03-28 22:40:12,011] {logging_mixin.py:115} INFO - [2023-03-28 22:40:12,011] {dagbag.py:507} INFO - Filling up the DagBag from /home/airflow/.local/lib/python3.7/site-packages/airflow/example_dags/example_python_operator.py
[2023-03-28 22:40:12,024] {processor.py:651} INFO - DAG(s) dict_keys(['example_python_operator']) retrieved from /home/airflow/.local/lib/python3.7/site-packages/airflow/example_dags/example_python_operator.py
[2023-03-28 22:40:12,047] {logging_mixin.py:115} INFO - [2023-03-28 22:40:12,046] {dag.py:2371} INFO - Sync 1 DAGs
[2023-03-28 22:40:12,171] {logging_mixin.py:115} INFO - [2023-03-28 22:40:12,171] {dag.py:2919} INFO - Setting next_dagrun for example_python_operator to None, run_after=None
[2023-03-28 22:40:12,184] {processor.py:161} INFO - Processing /home/airflow/.local/lib/python3.7/site-packages/airflow/example_dags/example_python_operator.py took 0.187 seconds
[2023-03-28 22:41:27,911] {processor.py:153} INFO - Started process (PID=63) to work on /home/airflow/.local/lib/python3.7/site-packages/airflow/example_dags/example_python_operator.py
[2023-03-28 22:41:27,912] {processor.py:641} INFO - Processing file /home/airflow/.local/lib/python3.7/site-packages/airflow/example_dags/example_python_operator.py for tasks to queue
[2023-03-28 22:41:27,913] {logging_mixin.py:115} INFO - [2023-03-28 22:41:27,913] {dagbag.py:507} INFO - Filling up the DagBag from /home/airflow/.local/lib/python3.7/site-packages/airflow/example_dags/example_python_operator.py
[2023-03-28 22:41:27,927] {processor.py:651} INFO - DAG(s) dict_keys(['example_python_operator']) retrieved from /home/airflow/.local/lib/python3.7/site-packages/airflow/example_dags/example_python_operator.py
[2023-03-28 22:41:27,950] {logging_mixin.py:115} INFO - [2023-03-28 22:41:27,950] {dag.py:2371} INFO - Sync 1 DAGs
[2023-03-28 22:41:27,971] {logging_mixin.py:115} INFO - [2023-03-28 22:41:27,970] {dag.py:2919} INFO - Setting next_dagrun for example_python_operator to None, run_after=None
[2023-03-28 22:41:27,984] {processor.py:161} INFO - Processing /home/airflow/.local/lib/python3.7/site-packages/airflow/example_dags/example_python_operator.py took 0.075 seconds
[2023-03-28 22:41:58,358] {processor.py:153} INFO - Started process (PID=128) to work on /home/airflow/.local/lib/python3.7/site-packages/airflow/example_dags/example_python_operator.py
[2023-03-28 22:41:58,359] {processor.py:641} INFO - Processing file /home/airflow/.local/lib/python3.7/site-packages/airflow/example_dags/example_python_operator.py for tasks to queue
[2023-03-28 22:41:58,359] {logging_mixin.py:115} INFO - [2023-03-28 22:41:58,359] {dagbag.py:507} INFO - Filling up the DagBag from /home/airflow/.local/lib/python3.7/site-packages/airflow/example_dags/example_python_operator.py
[2023-03-28 22:41:58,374] {processor.py:651} INFO - DAG(s) dict_keys(['example_python_operator']) retrieved from /home/airflow/.local/lib/python3.7/site-packages/airflow/example_dags/example_python_operator.py
[2023-03-28 22:41:58,399] {logging_mixin.py:115} INFO - [2023-03-28 22:41:58,399] {dag.py:2371} INFO - Sync 1 DAGs
[2023-03-28 22:41:58,422] {logging_mixin.py:115} INFO - [2023-03-28 22:41:58,422] {dag.py:2919} INFO - Setting next_dagrun for example_python_operator to None, run_after=None
[2023-03-28 22:41:58,434] {processor.py:161} INFO - Processing /home/airflow/.local/lib/python3.7/site-packages/airflow/example_dags/example_python_operator.py took 0.079 seconds
[2023-03-28 22:42:28,785] {processor.py:153} INFO - Started process (PID=190) to work on /home/airflow/.local/lib/python3.7/site-packages/airflow/example_dags/example_python_operator.py
[2023-03-28 22:42:28,786] {processor.py:641} INFO - Processing file /home/airflow/.local/lib/python3.7/site-packages/airflow/example_dags/example_python_operator.py for tasks to queue
[2023-03-28 22:42:28,786] {logging_mixin.py:115} INFO - [2023-03-28 22:42:28,786] {dagbag.py:507} INFO - Filling up the DagBag from /home/airflow/.local/lib/python3.7/site-packages/airflow/example_dags/example_python_operator.py
[2023-03-28 22:42:28,811] {processor.py:651} INFO - DAG(s) dict_keys(['example_python_operator']) retrieved from /home/airflow/.local/lib/python3.7/site-packages/airflow/example_dags/example_python_operator.py
[2023-03-28 22:42:28,839] {logging_mixin.py:115} INFO - [2023-03-28 22:42:28,839] {dag.py:2371} INFO - Sync 1 DAGs
[2023-03-28 22:42:28,867] {logging_mixin.py:115} INFO - [2023-03-28 22:42:28,866] {dag.py:2919} INFO - Setting next_dagrun for example_python_operator to None, run_after=None
[2023-03-28 22:42:28,882] {processor.py:161} INFO - Processing /home/airflow/.local/lib/python3.7/site-packages/airflow/example_dags/example_python_operator.py took 0.100 seconds
[2023-03-28 22:42:59,204] {processor.py:153} INFO - Started process (PID=248) to work on /home/airflow/.local/lib/python3.7/site-packages/airflow/example_dags/example_python_operator.py
[2023-03-28 22:42:59,205] {processor.py:641} INFO - Processing file /home/airflow/.local/lib/python3.7/site-packages/airflow/example_dags/example_python_operator.py for tasks to queue
[2023-03-28 22:42:59,206] {logging_mixin.py:115} INFO - [2023-03-28 22:42:59,206] {dagbag.py:507} INFO - Filling up the DagBag from /home/airflow/.local/lib/python3.7/site-packages/airflow/example_dags/example_python_operator.py
[2023-03-28 22:42:59,218] {processor.py:651} INFO - DAG(s) dict_keys(['example_python_operator']) retrieved from /home/airflow/.local/lib/python3.7/site-packages/airflow/example_dags/example_python_operator.py
[2023-03-28 22:42:59,240] {logging_mixin.py:115} INFO - [2023-03-28 22:42:59,240] {dag.py:2371} INFO - Sync 1 DAGs
[2023-03-28 22:42:59,258] {logging_mixin.py:115} INFO - [2023-03-28 22:42:59,258] {dag.py:2919} INFO - Setting next_dagrun for example_python_operator to None, run_after=None
[2023-03-28 22:42:59,272] {processor.py:161} INFO - Processing /home/airflow/.local/lib/python3.7/site-packages/airflow/example_dags/example_python_operator.py took 0.070 seconds
[2023-03-28 22:43:29,944] {processor.py:153} INFO - Started process (PID=312) to work on /home/airflow/.local/lib/python3.7/site-packages/airflow/example_dags/example_python_operator.py
[2023-03-28 22:43:29,945] {processor.py:641} INFO - Processing file /home/airflow/.local/lib/python3.7/site-packages/airflow/example_dags/example_python_operator.py for tasks to queue
[2023-03-28 22:43:29,945] {logging_mixin.py:115} INFO - [2023-03-28 22:43:29,945] {dagbag.py:507} INFO - Filling up the DagBag from /home/airflow/.local/lib/python3.7/site-packages/airflow/example_dags/example_python_operator.py
[2023-03-28 22:43:29,961] {processor.py:651} INFO - DAG(s) dict_keys(['example_python_operator']) retrieved from /home/airflow/.local/lib/python3.7/site-packages/airflow/example_dags/example_python_operator.py
[2023-03-28 22:43:29,988] {logging_mixin.py:115} INFO - [2023-03-28 22:43:29,988] {dag.py:2371} INFO - Sync 1 DAGs
[2023-03-28 22:43:30,010] {logging_mixin.py:115} INFO - [2023-03-28 22:43:30,010] {dag.py:2919} INFO - Setting next_dagrun for example_python_operator to None, run_after=None
[2023-03-28 22:43:30,025] {processor.py:161} INFO - Processing /home/airflow/.local/lib/python3.7/site-packages/airflow/example_dags/example_python_operator.py took 0.084 seconds
[2023-03-28 22:44:00,327] {processor.py:153} INFO - Started process (PID=376) to work on /home/airflow/.local/lib/python3.7/site-packages/airflow/example_dags/example_python_operator.py
[2023-03-28 22:44:00,328] {processor.py:641} INFO - Processing file /home/airflow/.local/lib/python3.7/site-packages/airflow/example_dags/example_python_operator.py for tasks to queue
[2023-03-28 22:44:00,328] {logging_mixin.py:115} INFO - [2023-03-28 22:44:00,328] {dagbag.py:507} INFO - Filling up the DagBag from /home/airflow/.local/lib/python3.7/site-packages/airflow/example_dags/example_python_operator.py
[2023-03-28 22:44:00,342] {processor.py:651} INFO - DAG(s) dict_keys(['example_python_operator']) retrieved from /home/airflow/.local/lib/python3.7/site-packages/airflow/example_dags/example_python_operator.py
[2023-03-28 22:44:00,366] {logging_mixin.py:115} INFO - [2023-03-28 22:44:00,366] {dag.py:2371} INFO - Sync 1 DAGs
[2023-03-28 22:44:00,398] {logging_mixin.py:115} INFO - [2023-03-28 22:44:00,398] {dag.py:2919} INFO - Setting next_dagrun for example_python_operator to None, run_after=None
[2023-03-28 22:44:00,420] {processor.py:161} INFO - Processing /home/airflow/.local/lib/python3.7/site-packages/airflow/example_dags/example_python_operator.py took 0.096 seconds
[2023-03-28 22:44:30,731] {processor.py:153} INFO - Started process (PID=431) to work on /home/airflow/.local/lib/python3.7/site-packages/airflow/example_dags/example_python_operator.py
[2023-03-28 22:44:30,732] {processor.py:641} INFO - Processing file /home/airflow/.local/lib/python3.7/site-packages/airflow/example_dags/example_python_operator.py for tasks to queue
[2023-03-28 22:44:30,732] {logging_mixin.py:115} INFO - [2023-03-28 22:44:30,732] {dagbag.py:507} INFO - Filling up the DagBag from /home/airflow/.local/lib/python3.7/site-packages/airflow/example_dags/example_python_operator.py
[2023-03-28 22:44:30,744] {processor.py:651} INFO - DAG(s) dict_keys(['example_python_operator']) retrieved from /home/airflow/.local/lib/python3.7/site-packages/airflow/example_dags/example_python_operator.py
[2023-03-28 22:44:30,765] {logging_mixin.py:115} INFO - [2023-03-28 22:44:30,765] {dag.py:2371} INFO - Sync 1 DAGs
[2023-03-28 22:44:30,785] {logging_mixin.py:115} INFO - [2023-03-28 22:44:30,785] {dag.py:2919} INFO - Setting next_dagrun for example_python_operator to None, run_after=None
[2023-03-28 22:44:30,798] {processor.py:161} INFO - Processing /home/airflow/.local/lib/python3.7/site-packages/airflow/example_dags/example_python_operator.py took 0.069 seconds
[2023-03-28 22:45:01,724] {processor.py:153} INFO - Started process (PID=495) to work on /home/airflow/.local/lib/python3.7/site-packages/airflow/example_dags/example_python_operator.py
[2023-03-28 22:45:01,725] {processor.py:641} INFO - Processing file /home/airflow/.local/lib/python3.7/site-packages/airflow/example_dags/example_python_operator.py for tasks to queue
[2023-03-28 22:45:01,725] {logging_mixin.py:115} INFO - [2023-03-28 22:45:01,725] {dagbag.py:507} INFO - Filling up the DagBag from /home/airflow/.local/lib/python3.7/site-packages/airflow/example_dags/example_python_operator.py
[2023-03-28 22:45:01,740] {processor.py:651} INFO - DAG(s) dict_keys(['example_python_operator']) retrieved from /home/airflow/.local/lib/python3.7/site-packages/airflow/example_dags/example_python_operator.py
[2023-03-28 22:45:01,765] {logging_mixin.py:115} INFO - [2023-03-28 22:45:01,765] {dag.py:2371} INFO - Sync 1 DAGs
[2023-03-28 22:45:01,784] {logging_mixin.py:115} INFO - [2023-03-28 22:45:01,784] {dag.py:2919} INFO - Setting next_dagrun for example_python_operator to None, run_after=None
[2023-03-28 22:45:01,795] {processor.py:161} INFO - Processing /home/airflow/.local/lib/python3.7/site-packages/airflow/example_dags/example_python_operator.py took 0.073 seconds
[2023-03-28 22:45:32,674] {processor.py:153} INFO - Started process (PID=559) to work on /home/airflow/.local/lib/python3.7/site-packages/airflow/example_dags/example_python_operator.py
[2023-03-28 22:45:32,676] {processor.py:641} INFO - Processing file /home/airflow/.local/lib/python3.7/site-packages/airflow/example_dags/example_python_operator.py for tasks to queue
[2023-03-28 22:45:32,676] {logging_mixin.py:115} INFO - [2023-03-28 22:45:32,676] {dagbag.py:507} INFO - Filling up the DagBag from /home/airflow/.local/lib/python3.7/site-packages/airflow/example_dags/example_python_operator.py
[2023-03-28 22:45:32,692] {processor.py:651} INFO - DAG(s) dict_keys(['example_python_operator']) retrieved from /home/airflow/.local/lib/python3.7/site-packages/airflow/example_dags/example_python_operator.py
[2023-03-28 22:45:32,721] {logging_mixin.py:115} INFO - [2023-03-28 22:45:32,720] {dag.py:2371} INFO - Sync 1 DAGs
[2023-03-28 22:45:32,746] {logging_mixin.py:115} INFO - [2023-03-28 22:45:32,746] {dag.py:2919} INFO - Setting next_dagrun for example_python_operator to None, run_after=None
[2023-03-28 22:45:32,759] {processor.py:161} INFO - Processing /home/airflow/.local/lib/python3.7/site-packages/airflow/example_dags/example_python_operator.py took 0.088 seconds
[2023-03-28 22:46:02,864] {processor.py:153} INFO - Started process (PID=613) to work on /home/airflow/.local/lib/python3.7/site-packages/airflow/example_dags/example_python_operator.py
[2023-03-28 22:46:02,865] {processor.py:641} INFO - Processing file /home/airflow/.local/lib/python3.7/site-packages/airflow/example_dags/example_python_operator.py for tasks to queue
[2023-03-28 22:46:02,865] {logging_mixin.py:115} INFO - [2023-03-28 22:46:02,865] {dagbag.py:507} INFO - Filling up the DagBag from /home/airflow/.local/lib/python3.7/site-packages/airflow/example_dags/example_python_operator.py
[2023-03-28 22:46:02,878] {processor.py:651} INFO - DAG(s) dict_keys(['example_python_operator']) retrieved from /home/airflow/.local/lib/python3.7/site-packages/airflow/example_dags/example_python_operator.py
[2023-03-28 22:46:02,901] {logging_mixin.py:115} INFO - [2023-03-28 22:46:02,901] {dag.py:2371} INFO - Sync 1 DAGs
[2023-03-28 22:46:02,921] {logging_mixin.py:115} INFO - [2023-03-28 22:46:02,921] {dag.py:2919} INFO - Setting next_dagrun for example_python_operator to None, run_after=None
[2023-03-28 22:46:02,933] {processor.py:161} INFO - Processing /home/airflow/.local/lib/python3.7/site-packages/airflow/example_dags/example_python_operator.py took 0.071 seconds
[2023-03-28 22:46:33,059] {processor.py:153} INFO - Started process (PID=678) to work on /home/airflow/.local/lib/python3.7/site-packages/airflow/example_dags/example_python_operator.py
[2023-03-28 22:46:33,060] {processor.py:641} INFO - Processing file /home/airflow/.local/lib/python3.7/site-packages/airflow/example_dags/example_python_operator.py for tasks to queue
[2023-03-28 22:46:33,060] {logging_mixin.py:115} INFO - [2023-03-28 22:46:33,060] {dagbag.py:507} INFO - Filling up the DagBag from /home/airflow/.local/lib/python3.7/site-packages/airflow/example_dags/example_python_operator.py
[2023-03-28 22:46:33,073] {processor.py:651} INFO - DAG(s) dict_keys(['example_python_operator']) retrieved from /home/airflow/.local/lib/python3.7/site-packages/airflow/example_dags/example_python_operator.py
[2023-03-28 22:46:33,094] {logging_mixin.py:115} INFO - [2023-03-28 22:46:33,094] {dag.py:2371} INFO - Sync 1 DAGs
[2023-03-28 22:46:33,111] {logging_mixin.py:115} INFO - [2023-03-28 22:46:33,111] {dag.py:2919} INFO - Setting next_dagrun for example_python_operator to None, run_after=None
[2023-03-28 22:46:33,124] {processor.py:161} INFO - Processing /home/airflow/.local/lib/python3.7/site-packages/airflow/example_dags/example_python_operator.py took 0.067 seconds
[2023-03-28 22:47:03,315] {processor.py:153} INFO - Started process (PID=742) to work on /home/airflow/.local/lib/python3.7/site-packages/airflow/example_dags/example_python_operator.py
[2023-03-28 22:47:03,315] {processor.py:641} INFO - Processing file /home/airflow/.local/lib/python3.7/site-packages/airflow/example_dags/example_python_operator.py for tasks to queue
[2023-03-28 22:47:03,315] {logging_mixin.py:115} INFO - [2023-03-28 22:47:03,315] {dagbag.py:507} INFO - Filling up the DagBag from /home/airflow/.local/lib/python3.7/site-packages/airflow/example_dags/example_python_operator.py
[2023-03-28 22:47:03,341] {processor.py:651} INFO - DAG(s) dict_keys(['example_python_operator']) retrieved from /home/airflow/.local/lib/python3.7/site-packages/airflow/example_dags/example_python_operator.py
[2023-03-28 22:47:03,371] {logging_mixin.py:115} INFO - [2023-03-28 22:47:03,371] {dag.py:2371} INFO - Sync 1 DAGs
[2023-03-28 22:47:03,398] {logging_mixin.py:115} INFO - [2023-03-28 22:47:03,397] {dag.py:2919} INFO - Setting next_dagrun for example_python_operator to None, run_after=None
[2023-03-28 22:47:03,410] {processor.py:161} INFO - Processing /home/airflow/.local/lib/python3.7/site-packages/airflow/example_dags/example_python_operator.py took 0.099 seconds
[2023-03-28 22:48:13,920] {processor.py:153} INFO - Started process (PID=73) to work on /home/airflow/.local/lib/python3.7/site-packages/airflow/example_dags/example_python_operator.py
[2023-03-28 22:48:13,922] {processor.py:641} INFO - Processing file /home/airflow/.local/lib/python3.7/site-packages/airflow/example_dags/example_python_operator.py for tasks to queue
[2023-03-28 22:48:13,922] {logging_mixin.py:115} INFO - [2023-03-28 22:48:13,922] {dagbag.py:507} INFO - Filling up the DagBag from /home/airflow/.local/lib/python3.7/site-packages/airflow/example_dags/example_python_operator.py
[2023-03-28 22:48:13,942] {processor.py:651} INFO - DAG(s) dict_keys(['example_python_operator']) retrieved from /home/airflow/.local/lib/python3.7/site-packages/airflow/example_dags/example_python_operator.py
[2023-03-28 22:48:13,983] {logging_mixin.py:115} INFO - [2023-03-28 22:48:13,982] {dag.py:2371} INFO - Sync 1 DAGs
[2023-03-28 22:48:14,211] {logging_mixin.py:115} INFO - [2023-03-28 22:48:14,211] {dag.py:2919} INFO - Setting next_dagrun for example_python_operator to None, run_after=None
[2023-03-28 22:48:14,227] {processor.py:161} INFO - Processing /home/airflow/.local/lib/python3.7/site-packages/airflow/example_dags/example_python_operator.py took 0.309 seconds
[2023-03-28 22:48:45,076] {processor.py:153} INFO - Started process (PID=129) to work on /home/airflow/.local/lib/python3.7/site-packages/airflow/example_dags/example_python_operator.py
[2023-03-28 22:48:45,077] {processor.py:641} INFO - Processing file /home/airflow/.local/lib/python3.7/site-packages/airflow/example_dags/example_python_operator.py for tasks to queue
[2023-03-28 22:48:45,077] {logging_mixin.py:115} INFO - [2023-03-28 22:48:45,077] {dagbag.py:507} INFO - Filling up the DagBag from /home/airflow/.local/lib/python3.7/site-packages/airflow/example_dags/example_python_operator.py
[2023-03-28 22:48:45,091] {processor.py:651} INFO - DAG(s) dict_keys(['example_python_operator']) retrieved from /home/airflow/.local/lib/python3.7/site-packages/airflow/example_dags/example_python_operator.py
[2023-03-28 22:48:45,117] {logging_mixin.py:115} INFO - [2023-03-28 22:48:45,117] {dag.py:2371} INFO - Sync 1 DAGs
[2023-03-28 22:48:45,245] {logging_mixin.py:115} INFO - [2023-03-28 22:48:45,245] {dag.py:2919} INFO - Setting next_dagrun for example_python_operator to None, run_after=None
[2023-03-28 22:48:45,258] {processor.py:161} INFO - Processing /home/airflow/.local/lib/python3.7/site-packages/airflow/example_dags/example_python_operator.py took 0.184 seconds
[2023-03-28 22:49:16,113] {processor.py:153} INFO - Started process (PID=193) to work on /home/airflow/.local/lib/python3.7/site-packages/airflow/example_dags/example_python_operator.py
[2023-03-28 22:49:16,113] {processor.py:641} INFO - Processing file /home/airflow/.local/lib/python3.7/site-packages/airflow/example_dags/example_python_operator.py for tasks to queue
[2023-03-28 22:49:16,114] {logging_mixin.py:115} INFO - [2023-03-28 22:49:16,114] {dagbag.py:507} INFO - Filling up the DagBag from /home/airflow/.local/lib/python3.7/site-packages/airflow/example_dags/example_python_operator.py
[2023-03-28 22:49:16,126] {processor.py:651} INFO - DAG(s) dict_keys(['example_python_operator']) retrieved from /home/airflow/.local/lib/python3.7/site-packages/airflow/example_dags/example_python_operator.py
[2023-03-28 22:49:16,150] {logging_mixin.py:115} INFO - [2023-03-28 22:49:16,150] {dag.py:2371} INFO - Sync 1 DAGs
[2023-03-28 22:49:16,266] {logging_mixin.py:115} INFO - [2023-03-28 22:49:16,266] {dag.py:2919} INFO - Setting next_dagrun for example_python_operator to None, run_after=None
[2023-03-28 22:49:16,276] {processor.py:161} INFO - Processing /home/airflow/.local/lib/python3.7/site-packages/airflow/example_dags/example_python_operator.py took 0.165 seconds
[2023-03-28 22:49:46,562] {processor.py:153} INFO - Started process (PID=258) to work on /home/airflow/.local/lib/python3.7/site-packages/airflow/example_dags/example_python_operator.py
[2023-03-28 22:49:46,563] {processor.py:641} INFO - Processing file /home/airflow/.local/lib/python3.7/site-packages/airflow/example_dags/example_python_operator.py for tasks to queue
[2023-03-28 22:49:46,564] {logging_mixin.py:115} INFO - [2023-03-28 22:49:46,564] {dagbag.py:507} INFO - Filling up the DagBag from /home/airflow/.local/lib/python3.7/site-packages/airflow/example_dags/example_python_operator.py
[2023-03-28 22:49:46,576] {processor.py:651} INFO - DAG(s) dict_keys(['example_python_operator']) retrieved from /home/airflow/.local/lib/python3.7/site-packages/airflow/example_dags/example_python_operator.py
[2023-03-28 22:49:46,601] {logging_mixin.py:115} INFO - [2023-03-28 22:49:46,601] {dag.py:2371} INFO - Sync 1 DAGs
[2023-03-28 22:49:46,713] {logging_mixin.py:115} INFO - [2023-03-28 22:49:46,713] {dag.py:2919} INFO - Setting next_dagrun for example_python_operator to None, run_after=None
[2023-03-28 22:49:46,725] {processor.py:161} INFO - Processing /home/airflow/.local/lib/python3.7/site-packages/airflow/example_dags/example_python_operator.py took 0.165 seconds
[2023-03-28 22:50:17,264] {processor.py:153} INFO - Started process (PID=322) to work on /home/airflow/.local/lib/python3.7/site-packages/airflow/example_dags/example_python_operator.py
[2023-03-28 22:50:17,265] {processor.py:641} INFO - Processing file /home/airflow/.local/lib/python3.7/site-packages/airflow/example_dags/example_python_operator.py for tasks to queue
[2023-03-28 22:50:17,266] {logging_mixin.py:115} INFO - [2023-03-28 22:50:17,266] {dagbag.py:507} INFO - Filling up the DagBag from /home/airflow/.local/lib/python3.7/site-packages/airflow/example_dags/example_python_operator.py
[2023-03-28 22:50:17,317] {processor.py:651} INFO - DAG(s) dict_keys(['example_python_operator']) retrieved from /home/airflow/.local/lib/python3.7/site-packages/airflow/example_dags/example_python_operator.py
[2023-03-28 22:50:17,390] {logging_mixin.py:115} INFO - [2023-03-28 22:50:17,390] {dag.py:2371} INFO - Sync 1 DAGs
[2023-03-28 22:50:17,755] {logging_mixin.py:115} INFO - [2023-03-28 22:50:17,755] {dag.py:2919} INFO - Setting next_dagrun for example_python_operator to None, run_after=None
[2023-03-28 22:50:17,805] {processor.py:161} INFO - Processing /home/airflow/.local/lib/python3.7/site-packages/airflow/example_dags/example_python_operator.py took 0.548 seconds
[2023-03-28 22:50:48,025] {processor.py:153} INFO - Started process (PID=377) to work on /home/airflow/.local/lib/python3.7/site-packages/airflow/example_dags/example_python_operator.py
[2023-03-28 22:50:48,026] {processor.py:641} INFO - Processing file /home/airflow/.local/lib/python3.7/site-packages/airflow/example_dags/example_python_operator.py for tasks to queue
[2023-03-28 22:50:48,027] {logging_mixin.py:115} INFO - [2023-03-28 22:50:48,027] {dagbag.py:507} INFO - Filling up the DagBag from /home/airflow/.local/lib/python3.7/site-packages/airflow/example_dags/example_python_operator.py
[2023-03-28 22:50:48,040] {processor.py:651} INFO - DAG(s) dict_keys(['example_python_operator']) retrieved from /home/airflow/.local/lib/python3.7/site-packages/airflow/example_dags/example_python_operator.py
[2023-03-28 22:50:48,065] {logging_mixin.py:115} INFO - [2023-03-28 22:50:48,064] {dag.py:2371} INFO - Sync 1 DAGs
[2023-03-28 22:50:48,193] {logging_mixin.py:115} INFO - [2023-03-28 22:50:48,193] {dag.py:2919} INFO - Setting next_dagrun for example_python_operator to None, run_after=None
[2023-03-28 22:50:48,206] {processor.py:161} INFO - Processing /home/airflow/.local/lib/python3.7/site-packages/airflow/example_dags/example_python_operator.py took 0.182 seconds
[2023-03-28 22:52:16,648] {processor.py:153} INFO - Started process (PID=63) to work on /home/airflow/.local/lib/python3.7/site-packages/airflow/example_dags/example_python_operator.py
[2023-03-28 22:52:16,649] {processor.py:641} INFO - Processing file /home/airflow/.local/lib/python3.7/site-packages/airflow/example_dags/example_python_operator.py for tasks to queue
[2023-03-28 22:52:16,650] {logging_mixin.py:115} INFO - [2023-03-28 22:52:16,650] {dagbag.py:507} INFO - Filling up the DagBag from /home/airflow/.local/lib/python3.7/site-packages/airflow/example_dags/example_python_operator.py
[2023-03-28 22:52:16,663] {processor.py:651} INFO - DAG(s) dict_keys(['example_python_operator']) retrieved from /home/airflow/.local/lib/python3.7/site-packages/airflow/example_dags/example_python_operator.py
[2023-03-28 22:52:16,689] {logging_mixin.py:115} INFO - [2023-03-28 22:52:16,689] {dag.py:2371} INFO - Sync 1 DAGs
[2023-03-28 22:52:16,710] {logging_mixin.py:115} INFO - [2023-03-28 22:52:16,710] {dag.py:2919} INFO - Setting next_dagrun for example_python_operator to None, run_after=None
[2023-03-28 22:52:16,722] {processor.py:161} INFO - Processing /home/airflow/.local/lib/python3.7/site-packages/airflow/example_dags/example_python_operator.py took 0.076 seconds
[2023-03-28 22:52:46,823] {processor.py:153} INFO - Started process (PID=127) to work on /home/airflow/.local/lib/python3.7/site-packages/airflow/example_dags/example_python_operator.py
[2023-03-28 22:52:46,824] {processor.py:641} INFO - Processing file /home/airflow/.local/lib/python3.7/site-packages/airflow/example_dags/example_python_operator.py for tasks to queue
[2023-03-28 22:52:46,825] {logging_mixin.py:115} INFO - [2023-03-28 22:52:46,825] {dagbag.py:507} INFO - Filling up the DagBag from /home/airflow/.local/lib/python3.7/site-packages/airflow/example_dags/example_python_operator.py
[2023-03-28 22:52:46,837] {processor.py:651} INFO - DAG(s) dict_keys(['example_python_operator']) retrieved from /home/airflow/.local/lib/python3.7/site-packages/airflow/example_dags/example_python_operator.py
[2023-03-28 22:52:46,863] {logging_mixin.py:115} INFO - [2023-03-28 22:52:46,863] {dag.py:2371} INFO - Sync 1 DAGs
[2023-03-28 22:52:46,883] {logging_mixin.py:115} INFO - [2023-03-28 22:52:46,882] {dag.py:2919} INFO - Setting next_dagrun for example_python_operator to None, run_after=None
[2023-03-28 22:52:46,896] {processor.py:161} INFO - Processing /home/airflow/.local/lib/python3.7/site-packages/airflow/example_dags/example_python_operator.py took 0.074 seconds
[2023-03-28 22:53:17,285] {processor.py:153} INFO - Started process (PID=191) to work on /home/airflow/.local/lib/python3.7/site-packages/airflow/example_dags/example_python_operator.py
[2023-03-28 22:53:17,286] {processor.py:641} INFO - Processing file /home/airflow/.local/lib/python3.7/site-packages/airflow/example_dags/example_python_operator.py for tasks to queue
[2023-03-28 22:53:17,287] {logging_mixin.py:115} INFO - [2023-03-28 22:53:17,286] {dagbag.py:507} INFO - Filling up the DagBag from /home/airflow/.local/lib/python3.7/site-packages/airflow/example_dags/example_python_operator.py
[2023-03-28 22:53:17,303] {processor.py:651} INFO - DAG(s) dict_keys(['example_python_operator']) retrieved from /home/airflow/.local/lib/python3.7/site-packages/airflow/example_dags/example_python_operator.py
[2023-03-28 22:53:17,328] {logging_mixin.py:115} INFO - [2023-03-28 22:53:17,328] {dag.py:2371} INFO - Sync 1 DAGs
[2023-03-28 22:53:17,348] {logging_mixin.py:115} INFO - [2023-03-28 22:53:17,348] {dag.py:2919} INFO - Setting next_dagrun for example_python_operator to None, run_after=None
[2023-03-28 22:53:17,363] {processor.py:161} INFO - Processing /home/airflow/.local/lib/python3.7/site-packages/airflow/example_dags/example_python_operator.py took 0.080 seconds
[2023-03-28 22:53:47,626] {processor.py:153} INFO - Started process (PID=245) to work on /home/airflow/.local/lib/python3.7/site-packages/airflow/example_dags/example_python_operator.py
[2023-03-28 22:53:47,627] {processor.py:641} INFO - Processing file /home/airflow/.local/lib/python3.7/site-packages/airflow/example_dags/example_python_operator.py for tasks to queue
[2023-03-28 22:53:47,627] {logging_mixin.py:115} INFO - [2023-03-28 22:53:47,627] {dagbag.py:507} INFO - Filling up the DagBag from /home/airflow/.local/lib/python3.7/site-packages/airflow/example_dags/example_python_operator.py
[2023-03-28 22:53:47,641] {processor.py:651} INFO - DAG(s) dict_keys(['example_python_operator']) retrieved from /home/airflow/.local/lib/python3.7/site-packages/airflow/example_dags/example_python_operator.py
[2023-03-28 22:53:47,663] {logging_mixin.py:115} INFO - [2023-03-28 22:53:47,663] {dag.py:2371} INFO - Sync 1 DAGs
[2023-03-28 22:53:47,681] {logging_mixin.py:115} INFO - [2023-03-28 22:53:47,681] {dag.py:2919} INFO - Setting next_dagrun for example_python_operator to None, run_after=None
[2023-03-28 22:53:47,694] {processor.py:161} INFO - Processing /home/airflow/.local/lib/python3.7/site-packages/airflow/example_dags/example_python_operator.py took 0.070 seconds
