[2023-03-28 22:23:49,644] {processor.py:153} INFO - Started process (PID=2347) to work on /home/airflow/.local/lib/python3.7/site-packages/airflow/example_dags/example_dag_decorator.py
[2023-03-28 22:23:49,645] {processor.py:641} INFO - Processing file /home/airflow/.local/lib/python3.7/site-packages/airflow/example_dags/example_dag_decorator.py for tasks to queue
[2023-03-28 22:23:49,645] {logging_mixin.py:115} INFO - [2023-03-28 22:23:49,645] {dagbag.py:507} INFO - Filling up the DagBag from /home/airflow/.local/lib/python3.7/site-packages/airflow/example_dags/example_dag_decorator.py
[2023-03-28 22:23:49,665] {processor.py:651} INFO - DAG(s) dict_keys(['example_dag_decorator']) retrieved from /home/airflow/.local/lib/python3.7/site-packages/airflow/example_dags/example_dag_decorator.py
[2023-03-28 22:23:49,690] {logging_mixin.py:115} INFO - [2023-03-28 22:23:49,690] {dag.py:2371} INFO - Sync 1 DAGs
[2023-03-28 22:23:49,712] {logging_mixin.py:115} INFO - [2023-03-28 22:23:49,712] {dag.py:2919} INFO - Setting next_dagrun for example_dag_decorator to None, run_after=None
[2023-03-28 22:23:49,826] {processor.py:161} INFO - Processing /home/airflow/.local/lib/python3.7/site-packages/airflow/example_dags/example_dag_decorator.py took 0.185 seconds
[2023-03-28 22:24:20,638] {processor.py:153} INFO - Started process (PID=2404) to work on /home/airflow/.local/lib/python3.7/site-packages/airflow/example_dags/example_dag_decorator.py
[2023-03-28 22:24:20,638] {processor.py:641} INFO - Processing file /home/airflow/.local/lib/python3.7/site-packages/airflow/example_dags/example_dag_decorator.py for tasks to queue
[2023-03-28 22:24:20,638] {logging_mixin.py:115} INFO - [2023-03-28 22:24:20,638] {dagbag.py:507} INFO - Filling up the DagBag from /home/airflow/.local/lib/python3.7/site-packages/airflow/example_dags/example_dag_decorator.py
[2023-03-28 22:24:20,655] {processor.py:651} INFO - DAG(s) dict_keys(['example_dag_decorator']) retrieved from /home/airflow/.local/lib/python3.7/site-packages/airflow/example_dags/example_dag_decorator.py
[2023-03-28 22:24:20,678] {logging_mixin.py:115} INFO - [2023-03-28 22:24:20,678] {dag.py:2371} INFO - Sync 1 DAGs
[2023-03-28 22:24:20,698] {logging_mixin.py:115} INFO - [2023-03-28 22:24:20,698] {dag.py:2919} INFO - Setting next_dagrun for example_dag_decorator to None, run_after=None
[2023-03-28 22:24:20,794] {processor.py:161} INFO - Processing /home/airflow/.local/lib/python3.7/site-packages/airflow/example_dags/example_dag_decorator.py took 0.158 seconds
[2023-03-28 22:24:51,207] {processor.py:153} INFO - Started process (PID=2468) to work on /home/airflow/.local/lib/python3.7/site-packages/airflow/example_dags/example_dag_decorator.py
[2023-03-28 22:24:51,208] {processor.py:641} INFO - Processing file /home/airflow/.local/lib/python3.7/site-packages/airflow/example_dags/example_dag_decorator.py for tasks to queue
[2023-03-28 22:24:51,208] {logging_mixin.py:115} INFO - [2023-03-28 22:24:51,208] {dagbag.py:507} INFO - Filling up the DagBag from /home/airflow/.local/lib/python3.7/site-packages/airflow/example_dags/example_dag_decorator.py
[2023-03-28 22:24:51,224] {processor.py:651} INFO - DAG(s) dict_keys(['example_dag_decorator']) retrieved from /home/airflow/.local/lib/python3.7/site-packages/airflow/example_dags/example_dag_decorator.py
[2023-03-28 22:24:51,246] {logging_mixin.py:115} INFO - [2023-03-28 22:24:51,246] {dag.py:2371} INFO - Sync 1 DAGs
[2023-03-28 22:24:51,270] {logging_mixin.py:115} INFO - [2023-03-28 22:24:51,270] {dag.py:2919} INFO - Setting next_dagrun for example_dag_decorator to None, run_after=None
[2023-03-28 22:24:51,373] {processor.py:161} INFO - Processing /home/airflow/.local/lib/python3.7/site-packages/airflow/example_dags/example_dag_decorator.py took 0.169 seconds
[2023-03-28 22:25:22,005] {processor.py:153} INFO - Started process (PID=2532) to work on /home/airflow/.local/lib/python3.7/site-packages/airflow/example_dags/example_dag_decorator.py
[2023-03-28 22:25:22,014] {processor.py:641} INFO - Processing file /home/airflow/.local/lib/python3.7/site-packages/airflow/example_dags/example_dag_decorator.py for tasks to queue
[2023-03-28 22:25:22,014] {logging_mixin.py:115} INFO - [2023-03-28 22:25:22,014] {dagbag.py:507} INFO - Filling up the DagBag from /home/airflow/.local/lib/python3.7/site-packages/airflow/example_dags/example_dag_decorator.py
[2023-03-28 22:25:22,030] {processor.py:651} INFO - DAG(s) dict_keys(['example_dag_decorator']) retrieved from /home/airflow/.local/lib/python3.7/site-packages/airflow/example_dags/example_dag_decorator.py
[2023-03-28 22:25:22,180] {logging_mixin.py:115} INFO - [2023-03-28 22:25:22,180] {dag.py:2371} INFO - Sync 1 DAGs
[2023-03-28 22:25:22,196] {logging_mixin.py:115} INFO - [2023-03-28 22:25:22,196] {dag.py:2919} INFO - Setting next_dagrun for example_dag_decorator to None, run_after=None
[2023-03-28 22:25:22,210] {processor.py:161} INFO - Processing /home/airflow/.local/lib/python3.7/site-packages/airflow/example_dags/example_dag_decorator.py took 0.207 seconds
[2023-03-28 22:25:52,919] {processor.py:153} INFO - Started process (PID=2587) to work on /home/airflow/.local/lib/python3.7/site-packages/airflow/example_dags/example_dag_decorator.py
[2023-03-28 22:25:52,919] {processor.py:641} INFO - Processing file /home/airflow/.local/lib/python3.7/site-packages/airflow/example_dags/example_dag_decorator.py for tasks to queue
[2023-03-28 22:25:52,919] {logging_mixin.py:115} INFO - [2023-03-28 22:25:52,919] {dagbag.py:507} INFO - Filling up the DagBag from /home/airflow/.local/lib/python3.7/site-packages/airflow/example_dags/example_dag_decorator.py
[2023-03-28 22:25:52,936] {processor.py:651} INFO - DAG(s) dict_keys(['example_dag_decorator']) retrieved from /home/airflow/.local/lib/python3.7/site-packages/airflow/example_dags/example_dag_decorator.py
[2023-03-28 22:25:53,078] {logging_mixin.py:115} INFO - [2023-03-28 22:25:53,078] {dag.py:2371} INFO - Sync 1 DAGs
[2023-03-28 22:25:53,101] {logging_mixin.py:115} INFO - [2023-03-28 22:25:53,101] {dag.py:2919} INFO - Setting next_dagrun for example_dag_decorator to None, run_after=None
[2023-03-28 22:25:53,114] {processor.py:161} INFO - Processing /home/airflow/.local/lib/python3.7/site-packages/airflow/example_dags/example_dag_decorator.py took 0.198 seconds
[2023-03-28 22:26:23,787] {processor.py:153} INFO - Started process (PID=2652) to work on /home/airflow/.local/lib/python3.7/site-packages/airflow/example_dags/example_dag_decorator.py
[2023-03-28 22:26:23,795] {processor.py:641} INFO - Processing file /home/airflow/.local/lib/python3.7/site-packages/airflow/example_dags/example_dag_decorator.py for tasks to queue
[2023-03-28 22:26:23,796] {logging_mixin.py:115} INFO - [2023-03-28 22:26:23,796] {dagbag.py:507} INFO - Filling up the DagBag from /home/airflow/.local/lib/python3.7/site-packages/airflow/example_dags/example_dag_decorator.py
[2023-03-28 22:26:23,814] {processor.py:651} INFO - DAG(s) dict_keys(['example_dag_decorator']) retrieved from /home/airflow/.local/lib/python3.7/site-packages/airflow/example_dags/example_dag_decorator.py
[2023-03-28 22:26:23,962] {logging_mixin.py:115} INFO - [2023-03-28 22:26:23,962] {dag.py:2371} INFO - Sync 1 DAGs
[2023-03-28 22:26:23,977] {logging_mixin.py:115} INFO - [2023-03-28 22:26:23,977] {dag.py:2919} INFO - Setting next_dagrun for example_dag_decorator to None, run_after=None
[2023-03-28 22:26:23,990] {processor.py:161} INFO - Processing /home/airflow/.local/lib/python3.7/site-packages/airflow/example_dags/example_dag_decorator.py took 0.205 seconds
[2023-03-28 22:26:54,095] {processor.py:153} INFO - Started process (PID=2716) to work on /home/airflow/.local/lib/python3.7/site-packages/airflow/example_dags/example_dag_decorator.py
[2023-03-28 22:26:54,096] {processor.py:641} INFO - Processing file /home/airflow/.local/lib/python3.7/site-packages/airflow/example_dags/example_dag_decorator.py for tasks to queue
[2023-03-28 22:26:54,096] {logging_mixin.py:115} INFO - [2023-03-28 22:26:54,096] {dagbag.py:507} INFO - Filling up the DagBag from /home/airflow/.local/lib/python3.7/site-packages/airflow/example_dags/example_dag_decorator.py
[2023-03-28 22:26:54,118] {processor.py:651} INFO - DAG(s) dict_keys(['example_dag_decorator']) retrieved from /home/airflow/.local/lib/python3.7/site-packages/airflow/example_dags/example_dag_decorator.py
[2023-03-28 22:26:54,140] {logging_mixin.py:115} INFO - [2023-03-28 22:26:54,140] {dag.py:2371} INFO - Sync 1 DAGs
[2023-03-28 22:26:54,251] {logging_mixin.py:115} INFO - [2023-03-28 22:26:54,250] {dag.py:2919} INFO - Setting next_dagrun for example_dag_decorator to None, run_after=None
[2023-03-28 22:26:54,263] {processor.py:161} INFO - Processing /home/airflow/.local/lib/python3.7/site-packages/airflow/example_dags/example_dag_decorator.py took 0.170 seconds
[2023-03-28 22:27:24,775] {processor.py:153} INFO - Started process (PID=2782) to work on /home/airflow/.local/lib/python3.7/site-packages/airflow/example_dags/example_dag_decorator.py
[2023-03-28 22:27:24,776] {processor.py:641} INFO - Processing file /home/airflow/.local/lib/python3.7/site-packages/airflow/example_dags/example_dag_decorator.py for tasks to queue
[2023-03-28 22:27:24,777] {logging_mixin.py:115} INFO - [2023-03-28 22:27:24,777] {dagbag.py:507} INFO - Filling up the DagBag from /home/airflow/.local/lib/python3.7/site-packages/airflow/example_dags/example_dag_decorator.py
[2023-03-28 22:27:24,794] {processor.py:651} INFO - DAG(s) dict_keys(['example_dag_decorator']) retrieved from /home/airflow/.local/lib/python3.7/site-packages/airflow/example_dags/example_dag_decorator.py
[2023-03-28 22:27:24,818] {logging_mixin.py:115} INFO - [2023-03-28 22:27:24,817] {dag.py:2371} INFO - Sync 1 DAGs
[2023-03-28 22:27:24,948] {logging_mixin.py:115} INFO - [2023-03-28 22:27:24,948] {dag.py:2919} INFO - Setting next_dagrun for example_dag_decorator to None, run_after=None
[2023-03-28 22:27:24,963] {processor.py:161} INFO - Processing /home/airflow/.local/lib/python3.7/site-packages/airflow/example_dags/example_dag_decorator.py took 0.190 seconds
[2023-03-28 22:27:55,426] {processor.py:153} INFO - Started process (PID=2837) to work on /home/airflow/.local/lib/python3.7/site-packages/airflow/example_dags/example_dag_decorator.py
[2023-03-28 22:27:55,426] {processor.py:641} INFO - Processing file /home/airflow/.local/lib/python3.7/site-packages/airflow/example_dags/example_dag_decorator.py for tasks to queue
[2023-03-28 22:27:55,426] {logging_mixin.py:115} INFO - [2023-03-28 22:27:55,426] {dagbag.py:507} INFO - Filling up the DagBag from /home/airflow/.local/lib/python3.7/site-packages/airflow/example_dags/example_dag_decorator.py
[2023-03-28 22:27:55,441] {processor.py:651} INFO - DAG(s) dict_keys(['example_dag_decorator']) retrieved from /home/airflow/.local/lib/python3.7/site-packages/airflow/example_dags/example_dag_decorator.py
[2023-03-28 22:27:55,462] {logging_mixin.py:115} INFO - [2023-03-28 22:27:55,462] {dag.py:2371} INFO - Sync 1 DAGs
[2023-03-28 22:27:55,567] {logging_mixin.py:115} INFO - [2023-03-28 22:27:55,566] {dag.py:2919} INFO - Setting next_dagrun for example_dag_decorator to None, run_after=None
[2023-03-28 22:27:55,578] {processor.py:161} INFO - Processing /home/airflow/.local/lib/python3.7/site-packages/airflow/example_dags/example_dag_decorator.py took 0.154 seconds
[2023-03-28 22:28:26,161] {processor.py:153} INFO - Started process (PID=2901) to work on /home/airflow/.local/lib/python3.7/site-packages/airflow/example_dags/example_dag_decorator.py
[2023-03-28 22:28:26,170] {processor.py:641} INFO - Processing file /home/airflow/.local/lib/python3.7/site-packages/airflow/example_dags/example_dag_decorator.py for tasks to queue
[2023-03-28 22:28:26,170] {logging_mixin.py:115} INFO - [2023-03-28 22:28:26,170] {dagbag.py:507} INFO - Filling up the DagBag from /home/airflow/.local/lib/python3.7/site-packages/airflow/example_dags/example_dag_decorator.py
[2023-03-28 22:28:26,185] {processor.py:651} INFO - DAG(s) dict_keys(['example_dag_decorator']) retrieved from /home/airflow/.local/lib/python3.7/site-packages/airflow/example_dags/example_dag_decorator.py
[2023-03-28 22:28:26,206] {logging_mixin.py:115} INFO - [2023-03-28 22:28:26,206] {dag.py:2371} INFO - Sync 1 DAGs
[2023-03-28 22:28:26,310] {logging_mixin.py:115} INFO - [2023-03-28 22:28:26,310] {dag.py:2919} INFO - Setting next_dagrun for example_dag_decorator to None, run_after=None
[2023-03-28 22:28:26,322] {processor.py:161} INFO - Processing /home/airflow/.local/lib/python3.7/site-packages/airflow/example_dags/example_dag_decorator.py took 0.164 seconds
[2023-03-28 22:28:56,443] {processor.py:153} INFO - Started process (PID=2965) to work on /home/airflow/.local/lib/python3.7/site-packages/airflow/example_dags/example_dag_decorator.py
[2023-03-28 22:28:56,443] {processor.py:641} INFO - Processing file /home/airflow/.local/lib/python3.7/site-packages/airflow/example_dags/example_dag_decorator.py for tasks to queue
[2023-03-28 22:28:56,443] {logging_mixin.py:115} INFO - [2023-03-28 22:28:56,443] {dagbag.py:507} INFO - Filling up the DagBag from /home/airflow/.local/lib/python3.7/site-packages/airflow/example_dags/example_dag_decorator.py
[2023-03-28 22:28:56,459] {processor.py:651} INFO - DAG(s) dict_keys(['example_dag_decorator']) retrieved from /home/airflow/.local/lib/python3.7/site-packages/airflow/example_dags/example_dag_decorator.py
[2023-03-28 22:28:56,481] {logging_mixin.py:115} INFO - [2023-03-28 22:28:56,481] {dag.py:2371} INFO - Sync 1 DAGs
[2023-03-28 22:28:56,591] {logging_mixin.py:115} INFO - [2023-03-28 22:28:56,591] {dag.py:2919} INFO - Setting next_dagrun for example_dag_decorator to None, run_after=None
[2023-03-28 22:28:56,602] {processor.py:161} INFO - Processing /home/airflow/.local/lib/python3.7/site-packages/airflow/example_dags/example_dag_decorator.py took 0.161 seconds
[2023-03-28 22:29:27,202] {processor.py:153} INFO - Started process (PID=3020) to work on /home/airflow/.local/lib/python3.7/site-packages/airflow/example_dags/example_dag_decorator.py
[2023-03-28 22:29:27,203] {processor.py:641} INFO - Processing file /home/airflow/.local/lib/python3.7/site-packages/airflow/example_dags/example_dag_decorator.py for tasks to queue
[2023-03-28 22:29:27,204] {logging_mixin.py:115} INFO - [2023-03-28 22:29:27,204] {dagbag.py:507} INFO - Filling up the DagBag from /home/airflow/.local/lib/python3.7/site-packages/airflow/example_dags/example_dag_decorator.py
[2023-03-28 22:29:27,219] {processor.py:651} INFO - DAG(s) dict_keys(['example_dag_decorator']) retrieved from /home/airflow/.local/lib/python3.7/site-packages/airflow/example_dags/example_dag_decorator.py
[2023-03-28 22:29:27,240] {logging_mixin.py:115} INFO - [2023-03-28 22:29:27,240] {dag.py:2371} INFO - Sync 1 DAGs
[2023-03-28 22:29:27,347] {logging_mixin.py:115} INFO - [2023-03-28 22:29:27,347] {dag.py:2919} INFO - Setting next_dagrun for example_dag_decorator to None, run_after=None
[2023-03-28 22:29:27,357] {processor.py:161} INFO - Processing /home/airflow/.local/lib/python3.7/site-packages/airflow/example_dags/example_dag_decorator.py took 0.157 seconds
[2023-03-28 22:29:58,186] {processor.py:153} INFO - Started process (PID=3084) to work on /home/airflow/.local/lib/python3.7/site-packages/airflow/example_dags/example_dag_decorator.py
[2023-03-28 22:29:58,187] {processor.py:641} INFO - Processing file /home/airflow/.local/lib/python3.7/site-packages/airflow/example_dags/example_dag_decorator.py for tasks to queue
[2023-03-28 22:29:58,187] {logging_mixin.py:115} INFO - [2023-03-28 22:29:58,187] {dagbag.py:507} INFO - Filling up the DagBag from /home/airflow/.local/lib/python3.7/site-packages/airflow/example_dags/example_dag_decorator.py
[2023-03-28 22:29:58,217] {processor.py:651} INFO - DAG(s) dict_keys(['example_dag_decorator']) retrieved from /home/airflow/.local/lib/python3.7/site-packages/airflow/example_dags/example_dag_decorator.py
[2023-03-28 22:29:58,384] {logging_mixin.py:115} INFO - [2023-03-28 22:29:58,384] {dag.py:2371} INFO - Sync 1 DAGs
[2023-03-28 22:29:58,402] {logging_mixin.py:115} INFO - [2023-03-28 22:29:58,402] {dag.py:2919} INFO - Setting next_dagrun for example_dag_decorator to None, run_after=None
[2023-03-28 22:29:58,415] {processor.py:161} INFO - Processing /home/airflow/.local/lib/python3.7/site-packages/airflow/example_dags/example_dag_decorator.py took 0.231 seconds
[2023-03-28 22:30:28,579] {processor.py:153} INFO - Started process (PID=3148) to work on /home/airflow/.local/lib/python3.7/site-packages/airflow/example_dags/example_dag_decorator.py
[2023-03-28 22:30:28,580] {processor.py:641} INFO - Processing file /home/airflow/.local/lib/python3.7/site-packages/airflow/example_dags/example_dag_decorator.py for tasks to queue
[2023-03-28 22:30:28,581] {logging_mixin.py:115} INFO - [2023-03-28 22:30:28,581] {dagbag.py:507} INFO - Filling up the DagBag from /home/airflow/.local/lib/python3.7/site-packages/airflow/example_dags/example_dag_decorator.py
[2023-03-28 22:30:28,616] {processor.py:651} INFO - DAG(s) dict_keys(['example_dag_decorator']) retrieved from /home/airflow/.local/lib/python3.7/site-packages/airflow/example_dags/example_dag_decorator.py
[2023-03-28 22:30:28,822] {logging_mixin.py:115} INFO - [2023-03-28 22:30:28,822] {dag.py:2371} INFO - Sync 1 DAGs
[2023-03-28 22:30:28,848] {logging_mixin.py:115} INFO - [2023-03-28 22:30:28,848] {dag.py:2919} INFO - Setting next_dagrun for example_dag_decorator to None, run_after=None
[2023-03-28 22:30:28,870] {processor.py:161} INFO - Processing /home/airflow/.local/lib/python3.7/site-packages/airflow/example_dags/example_dag_decorator.py took 0.293 seconds
[2023-03-28 22:30:58,940] {processor.py:153} INFO - Started process (PID=3203) to work on /home/airflow/.local/lib/python3.7/site-packages/airflow/example_dags/example_dag_decorator.py
[2023-03-28 22:30:58,940] {processor.py:641} INFO - Processing file /home/airflow/.local/lib/python3.7/site-packages/airflow/example_dags/example_dag_decorator.py for tasks to queue
[2023-03-28 22:30:58,941] {logging_mixin.py:115} INFO - [2023-03-28 22:30:58,941] {dagbag.py:507} INFO - Filling up the DagBag from /home/airflow/.local/lib/python3.7/site-packages/airflow/example_dags/example_dag_decorator.py
[2023-03-28 22:30:58,964] {processor.py:651} INFO - DAG(s) dict_keys(['example_dag_decorator']) retrieved from /home/airflow/.local/lib/python3.7/site-packages/airflow/example_dags/example_dag_decorator.py
[2023-03-28 22:30:58,985] {logging_mixin.py:115} INFO - [2023-03-28 22:30:58,985] {dag.py:2371} INFO - Sync 1 DAGs
[2023-03-28 22:30:59,102] {logging_mixin.py:115} INFO - [2023-03-28 22:30:59,102] {dag.py:2919} INFO - Setting next_dagrun for example_dag_decorator to None, run_after=None
[2023-03-28 22:30:59,114] {processor.py:161} INFO - Processing /home/airflow/.local/lib/python3.7/site-packages/airflow/example_dags/example_dag_decorator.py took 0.177 seconds
[2023-03-28 22:31:29,172] {processor.py:153} INFO - Started process (PID=3267) to work on /home/airflow/.local/lib/python3.7/site-packages/airflow/example_dags/example_dag_decorator.py
[2023-03-28 22:31:29,172] {processor.py:641} INFO - Processing file /home/airflow/.local/lib/python3.7/site-packages/airflow/example_dags/example_dag_decorator.py for tasks to queue
[2023-03-28 22:31:29,173] {logging_mixin.py:115} INFO - [2023-03-28 22:31:29,173] {dagbag.py:507} INFO - Filling up the DagBag from /home/airflow/.local/lib/python3.7/site-packages/airflow/example_dags/example_dag_decorator.py
[2023-03-28 22:31:29,190] {processor.py:651} INFO - DAG(s) dict_keys(['example_dag_decorator']) retrieved from /home/airflow/.local/lib/python3.7/site-packages/airflow/example_dags/example_dag_decorator.py
[2023-03-28 22:31:29,209] {logging_mixin.py:115} INFO - [2023-03-28 22:31:29,209] {dag.py:2371} INFO - Sync 1 DAGs
[2023-03-28 22:31:29,324] {logging_mixin.py:115} INFO - [2023-03-28 22:31:29,324] {dag.py:2919} INFO - Setting next_dagrun for example_dag_decorator to None, run_after=None
[2023-03-28 22:31:29,337] {processor.py:161} INFO - Processing /home/airflow/.local/lib/python3.7/site-packages/airflow/example_dags/example_dag_decorator.py took 0.168 seconds
[2023-03-28 22:31:59,616] {processor.py:153} INFO - Started process (PID=3331) to work on /home/airflow/.local/lib/python3.7/site-packages/airflow/example_dags/example_dag_decorator.py
[2023-03-28 22:31:59,617] {processor.py:641} INFO - Processing file /home/airflow/.local/lib/python3.7/site-packages/airflow/example_dags/example_dag_decorator.py for tasks to queue
[2023-03-28 22:31:59,617] {logging_mixin.py:115} INFO - [2023-03-28 22:31:59,617] {dagbag.py:507} INFO - Filling up the DagBag from /home/airflow/.local/lib/python3.7/site-packages/airflow/example_dags/example_dag_decorator.py
[2023-03-28 22:31:59,651] {processor.py:651} INFO - DAG(s) dict_keys(['example_dag_decorator']) retrieved from /home/airflow/.local/lib/python3.7/site-packages/airflow/example_dags/example_dag_decorator.py
[2023-03-28 22:31:59,679] {logging_mixin.py:115} INFO - [2023-03-28 22:31:59,679] {dag.py:2371} INFO - Sync 1 DAGs
[2023-03-28 22:31:59,820] {logging_mixin.py:115} INFO - [2023-03-28 22:31:59,819] {dag.py:2919} INFO - Setting next_dagrun for example_dag_decorator to None, run_after=None
[2023-03-28 22:31:59,833] {processor.py:161} INFO - Processing /home/airflow/.local/lib/python3.7/site-packages/airflow/example_dags/example_dag_decorator.py took 0.219 seconds
[2023-03-28 22:32:29,991] {processor.py:153} INFO - Started process (PID=3386) to work on /home/airflow/.local/lib/python3.7/site-packages/airflow/example_dags/example_dag_decorator.py
[2023-03-28 22:32:29,992] {processor.py:641} INFO - Processing file /home/airflow/.local/lib/python3.7/site-packages/airflow/example_dags/example_dag_decorator.py for tasks to queue
[2023-03-28 22:32:29,993] {logging_mixin.py:115} INFO - [2023-03-28 22:32:29,993] {dagbag.py:507} INFO - Filling up the DagBag from /home/airflow/.local/lib/python3.7/site-packages/airflow/example_dags/example_dag_decorator.py
[2023-03-28 22:32:30,009] {processor.py:651} INFO - DAG(s) dict_keys(['example_dag_decorator']) retrieved from /home/airflow/.local/lib/python3.7/site-packages/airflow/example_dags/example_dag_decorator.py
[2023-03-28 22:32:30,031] {logging_mixin.py:115} INFO - [2023-03-28 22:32:30,031] {dag.py:2371} INFO - Sync 1 DAGs
[2023-03-28 22:32:30,203] {logging_mixin.py:115} INFO - [2023-03-28 22:32:30,203] {dag.py:2919} INFO - Setting next_dagrun for example_dag_decorator to None, run_after=None
[2023-03-28 22:32:30,222] {processor.py:161} INFO - Processing /home/airflow/.local/lib/python3.7/site-packages/airflow/example_dags/example_dag_decorator.py took 0.233 seconds
[2023-03-28 22:33:00,293] {processor.py:153} INFO - Started process (PID=3450) to work on /home/airflow/.local/lib/python3.7/site-packages/airflow/example_dags/example_dag_decorator.py
[2023-03-28 22:33:00,294] {processor.py:641} INFO - Processing file /home/airflow/.local/lib/python3.7/site-packages/airflow/example_dags/example_dag_decorator.py for tasks to queue
[2023-03-28 22:33:00,294] {logging_mixin.py:115} INFO - [2023-03-28 22:33:00,294] {dagbag.py:507} INFO - Filling up the DagBag from /home/airflow/.local/lib/python3.7/site-packages/airflow/example_dags/example_dag_decorator.py
[2023-03-28 22:33:00,324] {processor.py:651} INFO - DAG(s) dict_keys(['example_dag_decorator']) retrieved from /home/airflow/.local/lib/python3.7/site-packages/airflow/example_dags/example_dag_decorator.py
[2023-03-28 22:33:00,430] {logging_mixin.py:115} INFO - [2023-03-28 22:33:00,429] {dag.py:2371} INFO - Sync 1 DAGs
[2023-03-28 22:33:00,559] {logging_mixin.py:115} INFO - [2023-03-28 22:33:00,559] {dag.py:2919} INFO - Setting next_dagrun for example_dag_decorator to None, run_after=None
[2023-03-28 22:33:00,572] {processor.py:161} INFO - Processing /home/airflow/.local/lib/python3.7/site-packages/airflow/example_dags/example_dag_decorator.py took 0.281 seconds
[2023-03-28 22:33:30,745] {processor.py:153} INFO - Started process (PID=3514) to work on /home/airflow/.local/lib/python3.7/site-packages/airflow/example_dags/example_dag_decorator.py
[2023-03-28 22:33:30,746] {processor.py:641} INFO - Processing file /home/airflow/.local/lib/python3.7/site-packages/airflow/example_dags/example_dag_decorator.py for tasks to queue
[2023-03-28 22:33:30,747] {logging_mixin.py:115} INFO - [2023-03-28 22:33:30,747] {dagbag.py:507} INFO - Filling up the DagBag from /home/airflow/.local/lib/python3.7/site-packages/airflow/example_dags/example_dag_decorator.py
[2023-03-28 22:33:30,772] {processor.py:651} INFO - DAG(s) dict_keys(['example_dag_decorator']) retrieved from /home/airflow/.local/lib/python3.7/site-packages/airflow/example_dags/example_dag_decorator.py
[2023-03-28 22:33:30,795] {logging_mixin.py:115} INFO - [2023-03-28 22:33:30,794] {dag.py:2371} INFO - Sync 1 DAGs
[2023-03-28 22:33:30,919] {logging_mixin.py:115} INFO - [2023-03-28 22:33:30,919] {dag.py:2919} INFO - Setting next_dagrun for example_dag_decorator to None, run_after=None
[2023-03-28 22:33:30,932] {processor.py:161} INFO - Processing /home/airflow/.local/lib/python3.7/site-packages/airflow/example_dags/example_dag_decorator.py took 0.189 seconds
[2023-03-28 22:34:00,974] {processor.py:153} INFO - Started process (PID=3569) to work on /home/airflow/.local/lib/python3.7/site-packages/airflow/example_dags/example_dag_decorator.py
[2023-03-28 22:34:00,974] {processor.py:641} INFO - Processing file /home/airflow/.local/lib/python3.7/site-packages/airflow/example_dags/example_dag_decorator.py for tasks to queue
[2023-03-28 22:34:00,975] {logging_mixin.py:115} INFO - [2023-03-28 22:34:00,975] {dagbag.py:507} INFO - Filling up the DagBag from /home/airflow/.local/lib/python3.7/site-packages/airflow/example_dags/example_dag_decorator.py
[2023-03-28 22:34:00,993] {processor.py:651} INFO - DAG(s) dict_keys(['example_dag_decorator']) retrieved from /home/airflow/.local/lib/python3.7/site-packages/airflow/example_dags/example_dag_decorator.py
[2023-03-28 22:34:01,106] {logging_mixin.py:115} INFO - [2023-03-28 22:34:01,106] {dag.py:2371} INFO - Sync 1 DAGs
[2023-03-28 22:34:01,230] {logging_mixin.py:115} INFO - [2023-03-28 22:34:01,230] {dag.py:2919} INFO - Setting next_dagrun for example_dag_decorator to None, run_after=None
[2023-03-28 22:34:01,243] {processor.py:161} INFO - Processing /home/airflow/.local/lib/python3.7/site-packages/airflow/example_dags/example_dag_decorator.py took 0.273 seconds
[2023-03-28 22:34:31,468] {processor.py:153} INFO - Started process (PID=3633) to work on /home/airflow/.local/lib/python3.7/site-packages/airflow/example_dags/example_dag_decorator.py
[2023-03-28 22:34:31,469] {processor.py:641} INFO - Processing file /home/airflow/.local/lib/python3.7/site-packages/airflow/example_dags/example_dag_decorator.py for tasks to queue
[2023-03-28 22:34:31,470] {logging_mixin.py:115} INFO - [2023-03-28 22:34:31,470] {dagbag.py:507} INFO - Filling up the DagBag from /home/airflow/.local/lib/python3.7/site-packages/airflow/example_dags/example_dag_decorator.py
[2023-03-28 22:34:31,499] {processor.py:651} INFO - DAG(s) dict_keys(['example_dag_decorator']) retrieved from /home/airflow/.local/lib/python3.7/site-packages/airflow/example_dags/example_dag_decorator.py
[2023-03-28 22:34:31,520] {logging_mixin.py:115} INFO - [2023-03-28 22:34:31,520] {dag.py:2371} INFO - Sync 1 DAGs
[2023-03-28 22:34:31,643] {logging_mixin.py:115} INFO - [2023-03-28 22:34:31,643] {dag.py:2919} INFO - Setting next_dagrun for example_dag_decorator to None, run_after=None
[2023-03-28 22:34:31,658] {processor.py:161} INFO - Processing /home/airflow/.local/lib/python3.7/site-packages/airflow/example_dags/example_dag_decorator.py took 0.192 seconds
[2023-03-28 22:35:01,941] {processor.py:153} INFO - Started process (PID=3697) to work on /home/airflow/.local/lib/python3.7/site-packages/airflow/example_dags/example_dag_decorator.py
[2023-03-28 22:35:01,941] {processor.py:641} INFO - Processing file /home/airflow/.local/lib/python3.7/site-packages/airflow/example_dags/example_dag_decorator.py for tasks to queue
[2023-03-28 22:35:01,942] {logging_mixin.py:115} INFO - [2023-03-28 22:35:01,942] {dagbag.py:507} INFO - Filling up the DagBag from /home/airflow/.local/lib/python3.7/site-packages/airflow/example_dags/example_dag_decorator.py
[2023-03-28 22:35:01,959] {processor.py:651} INFO - DAG(s) dict_keys(['example_dag_decorator']) retrieved from /home/airflow/.local/lib/python3.7/site-packages/airflow/example_dags/example_dag_decorator.py
[2023-03-28 22:35:02,113] {logging_mixin.py:115} INFO - [2023-03-28 22:35:02,113] {dag.py:2371} INFO - Sync 1 DAGs
[2023-03-28 22:35:02,131] {logging_mixin.py:115} INFO - [2023-03-28 22:35:02,131] {dag.py:2919} INFO - Setting next_dagrun for example_dag_decorator to None, run_after=None
[2023-03-28 22:35:02,145] {processor.py:161} INFO - Processing /home/airflow/.local/lib/python3.7/site-packages/airflow/example_dags/example_dag_decorator.py took 0.207 seconds
[2023-03-28 22:35:32,593] {processor.py:153} INFO - Started process (PID=3762) to work on /home/airflow/.local/lib/python3.7/site-packages/airflow/example_dags/example_dag_decorator.py
[2023-03-28 22:35:32,594] {processor.py:641} INFO - Processing file /home/airflow/.local/lib/python3.7/site-packages/airflow/example_dags/example_dag_decorator.py for tasks to queue
[2023-03-28 22:35:32,594] {logging_mixin.py:115} INFO - [2023-03-28 22:35:32,594] {dagbag.py:507} INFO - Filling up the DagBag from /home/airflow/.local/lib/python3.7/site-packages/airflow/example_dags/example_dag_decorator.py
[2023-03-28 22:35:32,613] {processor.py:651} INFO - DAG(s) dict_keys(['example_dag_decorator']) retrieved from /home/airflow/.local/lib/python3.7/site-packages/airflow/example_dags/example_dag_decorator.py
[2023-03-28 22:35:32,635] {logging_mixin.py:115} INFO - [2023-03-28 22:35:32,635] {dag.py:2371} INFO - Sync 1 DAGs
[2023-03-28 22:35:32,764] {logging_mixin.py:115} INFO - [2023-03-28 22:35:32,764] {dag.py:2919} INFO - Setting next_dagrun for example_dag_decorator to None, run_after=None
[2023-03-28 22:35:32,778] {processor.py:161} INFO - Processing /home/airflow/.local/lib/python3.7/site-packages/airflow/example_dags/example_dag_decorator.py took 0.187 seconds
[2023-03-28 22:36:03,383] {processor.py:153} INFO - Started process (PID=3817) to work on /home/airflow/.local/lib/python3.7/site-packages/airflow/example_dags/example_dag_decorator.py
[2023-03-28 22:36:03,384] {processor.py:641} INFO - Processing file /home/airflow/.local/lib/python3.7/site-packages/airflow/example_dags/example_dag_decorator.py for tasks to queue
[2023-03-28 22:36:03,384] {logging_mixin.py:115} INFO - [2023-03-28 22:36:03,384] {dagbag.py:507} INFO - Filling up the DagBag from /home/airflow/.local/lib/python3.7/site-packages/airflow/example_dags/example_dag_decorator.py
[2023-03-28 22:36:03,400] {processor.py:651} INFO - DAG(s) dict_keys(['example_dag_decorator']) retrieved from /home/airflow/.local/lib/python3.7/site-packages/airflow/example_dags/example_dag_decorator.py
[2023-03-28 22:36:03,420] {logging_mixin.py:115} INFO - [2023-03-28 22:36:03,420] {dag.py:2371} INFO - Sync 1 DAGs
[2023-03-28 22:36:03,551] {logging_mixin.py:115} INFO - [2023-03-28 22:36:03,551] {dag.py:2919} INFO - Setting next_dagrun for example_dag_decorator to None, run_after=None
[2023-03-28 22:36:03,564] {processor.py:161} INFO - Processing /home/airflow/.local/lib/python3.7/site-packages/airflow/example_dags/example_dag_decorator.py took 0.182 seconds
[2023-03-28 22:36:34,183] {processor.py:153} INFO - Started process (PID=3883) to work on /home/airflow/.local/lib/python3.7/site-packages/airflow/example_dags/example_dag_decorator.py
[2023-03-28 22:36:34,184] {processor.py:641} INFO - Processing file /home/airflow/.local/lib/python3.7/site-packages/airflow/example_dags/example_dag_decorator.py for tasks to queue
[2023-03-28 22:36:34,184] {logging_mixin.py:115} INFO - [2023-03-28 22:36:34,184] {dagbag.py:507} INFO - Filling up the DagBag from /home/airflow/.local/lib/python3.7/site-packages/airflow/example_dags/example_dag_decorator.py
[2023-03-28 22:36:34,199] {processor.py:651} INFO - DAG(s) dict_keys(['example_dag_decorator']) retrieved from /home/airflow/.local/lib/python3.7/site-packages/airflow/example_dags/example_dag_decorator.py
[2023-03-28 22:36:34,340] {logging_mixin.py:115} INFO - [2023-03-28 22:36:34,340] {dag.py:2371} INFO - Sync 1 DAGs
[2023-03-28 22:36:34,356] {logging_mixin.py:115} INFO - [2023-03-28 22:36:34,356] {dag.py:2919} INFO - Setting next_dagrun for example_dag_decorator to None, run_after=None
[2023-03-28 22:36:34,368] {processor.py:161} INFO - Processing /home/airflow/.local/lib/python3.7/site-packages/airflow/example_dags/example_dag_decorator.py took 0.187 seconds
[2023-03-28 22:37:04,869] {processor.py:153} INFO - Started process (PID=3948) to work on /home/airflow/.local/lib/python3.7/site-packages/airflow/example_dags/example_dag_decorator.py
[2023-03-28 22:37:04,869] {processor.py:641} INFO - Processing file /home/airflow/.local/lib/python3.7/site-packages/airflow/example_dags/example_dag_decorator.py for tasks to queue
[2023-03-28 22:37:04,870] {logging_mixin.py:115} INFO - [2023-03-28 22:37:04,870] {dagbag.py:507} INFO - Filling up the DagBag from /home/airflow/.local/lib/python3.7/site-packages/airflow/example_dags/example_dag_decorator.py
[2023-03-28 22:37:04,888] {processor.py:651} INFO - DAG(s) dict_keys(['example_dag_decorator']) retrieved from /home/airflow/.local/lib/python3.7/site-packages/airflow/example_dags/example_dag_decorator.py
[2023-03-28 22:37:05,061] {logging_mixin.py:115} INFO - [2023-03-28 22:37:05,061] {dag.py:2371} INFO - Sync 1 DAGs
[2023-03-28 22:37:05,077] {logging_mixin.py:115} INFO - [2023-03-28 22:37:05,077] {dag.py:2919} INFO - Setting next_dagrun for example_dag_decorator to None, run_after=None
[2023-03-28 22:37:05,093] {processor.py:161} INFO - Processing /home/airflow/.local/lib/python3.7/site-packages/airflow/example_dags/example_dag_decorator.py took 0.227 seconds
[2023-03-28 22:37:35,751] {processor.py:153} INFO - Started process (PID=4003) to work on /home/airflow/.local/lib/python3.7/site-packages/airflow/example_dags/example_dag_decorator.py
[2023-03-28 22:37:35,752] {processor.py:641} INFO - Processing file /home/airflow/.local/lib/python3.7/site-packages/airflow/example_dags/example_dag_decorator.py for tasks to queue
[2023-03-28 22:37:35,753] {logging_mixin.py:115} INFO - [2023-03-28 22:37:35,753] {dagbag.py:507} INFO - Filling up the DagBag from /home/airflow/.local/lib/python3.7/site-packages/airflow/example_dags/example_dag_decorator.py
[2023-03-28 22:37:35,770] {processor.py:651} INFO - DAG(s) dict_keys(['example_dag_decorator']) retrieved from /home/airflow/.local/lib/python3.7/site-packages/airflow/example_dags/example_dag_decorator.py
[2023-03-28 22:37:35,926] {logging_mixin.py:115} INFO - [2023-03-28 22:37:35,925] {dag.py:2371} INFO - Sync 1 DAGs
[2023-03-28 22:37:35,945] {logging_mixin.py:115} INFO - [2023-03-28 22:37:35,944] {dag.py:2919} INFO - Setting next_dagrun for example_dag_decorator to None, run_after=None
[2023-03-28 22:37:35,964] {processor.py:161} INFO - Processing /home/airflow/.local/lib/python3.7/site-packages/airflow/example_dags/example_dag_decorator.py took 0.214 seconds
[2023-03-28 22:38:06,400] {processor.py:153} INFO - Started process (PID=4067) to work on /home/airflow/.local/lib/python3.7/site-packages/airflow/example_dags/example_dag_decorator.py
[2023-03-28 22:38:06,401] {processor.py:641} INFO - Processing file /home/airflow/.local/lib/python3.7/site-packages/airflow/example_dags/example_dag_decorator.py for tasks to queue
[2023-03-28 22:38:06,401] {logging_mixin.py:115} INFO - [2023-03-28 22:38:06,401] {dagbag.py:507} INFO - Filling up the DagBag from /home/airflow/.local/lib/python3.7/site-packages/airflow/example_dags/example_dag_decorator.py
[2023-03-28 22:38:06,417] {processor.py:651} INFO - DAG(s) dict_keys(['example_dag_decorator']) retrieved from /home/airflow/.local/lib/python3.7/site-packages/airflow/example_dags/example_dag_decorator.py
[2023-03-28 22:38:06,577] {logging_mixin.py:115} INFO - [2023-03-28 22:38:06,577] {dag.py:2371} INFO - Sync 1 DAGs
[2023-03-28 22:38:06,593] {logging_mixin.py:115} INFO - [2023-03-28 22:38:06,593] {dag.py:2919} INFO - Setting next_dagrun for example_dag_decorator to None, run_after=None
[2023-03-28 22:38:06,607] {processor.py:161} INFO - Processing /home/airflow/.local/lib/python3.7/site-packages/airflow/example_dags/example_dag_decorator.py took 0.209 seconds
[2023-03-28 22:38:37,307] {processor.py:153} INFO - Started process (PID=4131) to work on /home/airflow/.local/lib/python3.7/site-packages/airflow/example_dags/example_dag_decorator.py
[2023-03-28 22:38:37,315] {processor.py:641} INFO - Processing file /home/airflow/.local/lib/python3.7/site-packages/airflow/example_dags/example_dag_decorator.py for tasks to queue
[2023-03-28 22:38:37,315] {logging_mixin.py:115} INFO - [2023-03-28 22:38:37,315] {dagbag.py:507} INFO - Filling up the DagBag from /home/airflow/.local/lib/python3.7/site-packages/airflow/example_dags/example_dag_decorator.py
[2023-03-28 22:38:37,331] {processor.py:651} INFO - DAG(s) dict_keys(['example_dag_decorator']) retrieved from /home/airflow/.local/lib/python3.7/site-packages/airflow/example_dags/example_dag_decorator.py
[2023-03-28 22:38:37,353] {logging_mixin.py:115} INFO - [2023-03-28 22:38:37,352] {dag.py:2371} INFO - Sync 1 DAGs
[2023-03-28 22:38:37,470] {logging_mixin.py:115} INFO - [2023-03-28 22:38:37,469] {dag.py:2919} INFO - Setting next_dagrun for example_dag_decorator to None, run_after=None
[2023-03-28 22:38:37,482] {processor.py:161} INFO - Processing /home/airflow/.local/lib/python3.7/site-packages/airflow/example_dags/example_dag_decorator.py took 0.177 seconds
[2023-03-28 22:39:07,963] {processor.py:153} INFO - Started process (PID=4186) to work on /home/airflow/.local/lib/python3.7/site-packages/airflow/example_dags/example_dag_decorator.py
[2023-03-28 22:39:07,965] {processor.py:641} INFO - Processing file /home/airflow/.local/lib/python3.7/site-packages/airflow/example_dags/example_dag_decorator.py for tasks to queue
[2023-03-28 22:39:07,965] {logging_mixin.py:115} INFO - [2023-03-28 22:39:07,965] {dagbag.py:507} INFO - Filling up the DagBag from /home/airflow/.local/lib/python3.7/site-packages/airflow/example_dags/example_dag_decorator.py
[2023-03-28 22:39:07,981] {processor.py:651} INFO - DAG(s) dict_keys(['example_dag_decorator']) retrieved from /home/airflow/.local/lib/python3.7/site-packages/airflow/example_dags/example_dag_decorator.py
[2023-03-28 22:39:08,005] {logging_mixin.py:115} INFO - [2023-03-28 22:39:08,005] {dag.py:2371} INFO - Sync 1 DAGs
[2023-03-28 22:39:08,123] {logging_mixin.py:115} INFO - [2023-03-28 22:39:08,123] {dag.py:2919} INFO - Setting next_dagrun for example_dag_decorator to None, run_after=None
[2023-03-28 22:39:08,136] {processor.py:161} INFO - Processing /home/airflow/.local/lib/python3.7/site-packages/airflow/example_dags/example_dag_decorator.py took 0.174 seconds
[2023-03-28 22:39:38,731] {processor.py:153} INFO - Started process (PID=4251) to work on /home/airflow/.local/lib/python3.7/site-packages/airflow/example_dags/example_dag_decorator.py
[2023-03-28 22:39:38,738] {processor.py:641} INFO - Processing file /home/airflow/.local/lib/python3.7/site-packages/airflow/example_dags/example_dag_decorator.py for tasks to queue
[2023-03-28 22:39:38,739] {logging_mixin.py:115} INFO - [2023-03-28 22:39:38,739] {dagbag.py:507} INFO - Filling up the DagBag from /home/airflow/.local/lib/python3.7/site-packages/airflow/example_dags/example_dag_decorator.py
[2023-03-28 22:39:38,754] {processor.py:651} INFO - DAG(s) dict_keys(['example_dag_decorator']) retrieved from /home/airflow/.local/lib/python3.7/site-packages/airflow/example_dags/example_dag_decorator.py
[2023-03-28 22:39:38,775] {logging_mixin.py:115} INFO - [2023-03-28 22:39:38,775] {dag.py:2371} INFO - Sync 1 DAGs
[2023-03-28 22:39:38,884] {logging_mixin.py:115} INFO - [2023-03-28 22:39:38,884] {dag.py:2919} INFO - Setting next_dagrun for example_dag_decorator to None, run_after=None
[2023-03-28 22:39:38,896] {processor.py:161} INFO - Processing /home/airflow/.local/lib/python3.7/site-packages/airflow/example_dags/example_dag_decorator.py took 0.167 seconds
[2023-03-28 22:40:09,270] {processor.py:153} INFO - Started process (PID=4315) to work on /home/airflow/.local/lib/python3.7/site-packages/airflow/example_dags/example_dag_decorator.py
[2023-03-28 22:40:09,271] {processor.py:641} INFO - Processing file /home/airflow/.local/lib/python3.7/site-packages/airflow/example_dags/example_dag_decorator.py for tasks to queue
[2023-03-28 22:40:09,271] {logging_mixin.py:115} INFO - [2023-03-28 22:40:09,271] {dagbag.py:507} INFO - Filling up the DagBag from /home/airflow/.local/lib/python3.7/site-packages/airflow/example_dags/example_dag_decorator.py
[2023-03-28 22:40:09,286] {processor.py:651} INFO - DAG(s) dict_keys(['example_dag_decorator']) retrieved from /home/airflow/.local/lib/python3.7/site-packages/airflow/example_dags/example_dag_decorator.py
[2023-03-28 22:40:09,428] {logging_mixin.py:115} INFO - [2023-03-28 22:40:09,428] {dag.py:2371} INFO - Sync 1 DAGs
[2023-03-28 22:40:09,445] {logging_mixin.py:115} INFO - [2023-03-28 22:40:09,444] {dag.py:2919} INFO - Setting next_dagrun for example_dag_decorator to None, run_after=None
[2023-03-28 22:40:09,461] {processor.py:161} INFO - Processing /home/airflow/.local/lib/python3.7/site-packages/airflow/example_dags/example_dag_decorator.py took 0.192 seconds
[2023-03-28 22:41:27,314] {processor.py:153} INFO - Started process (PID=54) to work on /home/airflow/.local/lib/python3.7/site-packages/airflow/example_dags/example_dag_decorator.py
[2023-03-28 22:41:27,315] {processor.py:641} INFO - Processing file /home/airflow/.local/lib/python3.7/site-packages/airflow/example_dags/example_dag_decorator.py for tasks to queue
[2023-03-28 22:41:27,316] {logging_mixin.py:115} INFO - [2023-03-28 22:41:27,316] {dagbag.py:507} INFO - Filling up the DagBag from /home/airflow/.local/lib/python3.7/site-packages/airflow/example_dags/example_dag_decorator.py
[2023-03-28 22:41:27,333] {processor.py:651} INFO - DAG(s) dict_keys(['example_dag_decorator']) retrieved from /home/airflow/.local/lib/python3.7/site-packages/airflow/example_dags/example_dag_decorator.py
[2023-03-28 22:41:27,389] {logging_mixin.py:115} INFO - [2023-03-28 22:41:27,389] {dag.py:2371} INFO - Sync 1 DAGs
[2023-03-28 22:41:27,515] {logging_mixin.py:115} INFO - [2023-03-28 22:41:27,515] {dag.py:2919} INFO - Setting next_dagrun for example_dag_decorator to None, run_after=None
[2023-03-28 22:41:27,532] {processor.py:161} INFO - Processing /home/airflow/.local/lib/python3.7/site-packages/airflow/example_dags/example_dag_decorator.py took 0.219 seconds
[2023-03-28 22:41:57,824] {processor.py:153} INFO - Started process (PID=119) to work on /home/airflow/.local/lib/python3.7/site-packages/airflow/example_dags/example_dag_decorator.py
[2023-03-28 22:41:57,825] {processor.py:641} INFO - Processing file /home/airflow/.local/lib/python3.7/site-packages/airflow/example_dags/example_dag_decorator.py for tasks to queue
[2023-03-28 22:41:57,825] {logging_mixin.py:115} INFO - [2023-03-28 22:41:57,825] {dagbag.py:507} INFO - Filling up the DagBag from /home/airflow/.local/lib/python3.7/site-packages/airflow/example_dags/example_dag_decorator.py
[2023-03-28 22:41:57,842] {processor.py:651} INFO - DAG(s) dict_keys(['example_dag_decorator']) retrieved from /home/airflow/.local/lib/python3.7/site-packages/airflow/example_dags/example_dag_decorator.py
[2023-03-28 22:41:57,898] {logging_mixin.py:115} INFO - [2023-03-28 22:41:57,898] {dag.py:2371} INFO - Sync 1 DAGs
[2023-03-28 22:41:58,014] {logging_mixin.py:115} INFO - [2023-03-28 22:41:58,014] {dag.py:2919} INFO - Setting next_dagrun for example_dag_decorator to None, run_after=None
[2023-03-28 22:41:58,028] {processor.py:161} INFO - Processing /home/airflow/.local/lib/python3.7/site-packages/airflow/example_dags/example_dag_decorator.py took 0.206 seconds
[2023-03-28 22:42:28,205] {processor.py:153} INFO - Started process (PID=174) to work on /home/airflow/.local/lib/python3.7/site-packages/airflow/example_dags/example_dag_decorator.py
[2023-03-28 22:42:28,205] {processor.py:641} INFO - Processing file /home/airflow/.local/lib/python3.7/site-packages/airflow/example_dags/example_dag_decorator.py for tasks to queue
[2023-03-28 22:42:28,205] {logging_mixin.py:115} INFO - [2023-03-28 22:42:28,205] {dagbag.py:507} INFO - Filling up the DagBag from /home/airflow/.local/lib/python3.7/site-packages/airflow/example_dags/example_dag_decorator.py
[2023-03-28 22:42:28,221] {processor.py:651} INFO - DAG(s) dict_keys(['example_dag_decorator']) retrieved from /home/airflow/.local/lib/python3.7/site-packages/airflow/example_dags/example_dag_decorator.py
[2023-03-28 22:42:28,278] {logging_mixin.py:115} INFO - [2023-03-28 22:42:28,278] {dag.py:2371} INFO - Sync 1 DAGs
[2023-03-28 22:42:28,382] {logging_mixin.py:115} INFO - [2023-03-28 22:42:28,382] {dag.py:2919} INFO - Setting next_dagrun for example_dag_decorator to None, run_after=None
[2023-03-28 22:42:28,395] {processor.py:161} INFO - Processing /home/airflow/.local/lib/python3.7/site-packages/airflow/example_dags/example_dag_decorator.py took 0.192 seconds
[2023-03-28 22:42:58,743] {processor.py:153} INFO - Started process (PID=239) to work on /home/airflow/.local/lib/python3.7/site-packages/airflow/example_dags/example_dag_decorator.py
[2023-03-28 22:42:58,744] {processor.py:641} INFO - Processing file /home/airflow/.local/lib/python3.7/site-packages/airflow/example_dags/example_dag_decorator.py for tasks to queue
[2023-03-28 22:42:58,744] {logging_mixin.py:115} INFO - [2023-03-28 22:42:58,744] {dagbag.py:507} INFO - Filling up the DagBag from /home/airflow/.local/lib/python3.7/site-packages/airflow/example_dags/example_dag_decorator.py
[2023-03-28 22:42:58,762] {processor.py:651} INFO - DAG(s) dict_keys(['example_dag_decorator']) retrieved from /home/airflow/.local/lib/python3.7/site-packages/airflow/example_dags/example_dag_decorator.py
[2023-03-28 22:42:58,824] {logging_mixin.py:115} INFO - [2023-03-28 22:42:58,824] {dag.py:2371} INFO - Sync 1 DAGs
[2023-03-28 22:42:58,936] {logging_mixin.py:115} INFO - [2023-03-28 22:42:58,936] {dag.py:2919} INFO - Setting next_dagrun for example_dag_decorator to None, run_after=None
[2023-03-28 22:42:58,950] {processor.py:161} INFO - Processing /home/airflow/.local/lib/python3.7/site-packages/airflow/example_dags/example_dag_decorator.py took 0.209 seconds
[2023-03-28 22:43:29,377] {processor.py:153} INFO - Started process (PID=304) to work on /home/airflow/.local/lib/python3.7/site-packages/airflow/example_dags/example_dag_decorator.py
[2023-03-28 22:43:29,378] {processor.py:641} INFO - Processing file /home/airflow/.local/lib/python3.7/site-packages/airflow/example_dags/example_dag_decorator.py for tasks to queue
[2023-03-28 22:43:29,379] {logging_mixin.py:115} INFO - [2023-03-28 22:43:29,378] {dagbag.py:507} INFO - Filling up the DagBag from /home/airflow/.local/lib/python3.7/site-packages/airflow/example_dags/example_dag_decorator.py
[2023-03-28 22:43:29,402] {processor.py:651} INFO - DAG(s) dict_keys(['example_dag_decorator']) retrieved from /home/airflow/.local/lib/python3.7/site-packages/airflow/example_dags/example_dag_decorator.py
[2023-03-28 22:43:29,470] {logging_mixin.py:115} INFO - [2023-03-28 22:43:29,469] {dag.py:2371} INFO - Sync 1 DAGs
[2023-03-28 22:43:29,608] {logging_mixin.py:115} INFO - [2023-03-28 22:43:29,608] {dag.py:2919} INFO - Setting next_dagrun for example_dag_decorator to None, run_after=None
[2023-03-28 22:43:29,624] {processor.py:161} INFO - Processing /home/airflow/.local/lib/python3.7/site-packages/airflow/example_dags/example_dag_decorator.py took 0.250 seconds
[2023-03-28 22:43:59,821] {processor.py:153} INFO - Started process (PID=366) to work on /home/airflow/.local/lib/python3.7/site-packages/airflow/example_dags/example_dag_decorator.py
[2023-03-28 22:43:59,821] {processor.py:641} INFO - Processing file /home/airflow/.local/lib/python3.7/site-packages/airflow/example_dags/example_dag_decorator.py for tasks to queue
[2023-03-28 22:43:59,822] {logging_mixin.py:115} INFO - [2023-03-28 22:43:59,822] {dagbag.py:507} INFO - Filling up the DagBag from /home/airflow/.local/lib/python3.7/site-packages/airflow/example_dags/example_dag_decorator.py
[2023-03-28 22:43:59,842] {processor.py:651} INFO - DAG(s) dict_keys(['example_dag_decorator']) retrieved from /home/airflow/.local/lib/python3.7/site-packages/airflow/example_dags/example_dag_decorator.py
[2023-03-28 22:43:59,899] {logging_mixin.py:115} INFO - [2023-03-28 22:43:59,899] {dag.py:2371} INFO - Sync 1 DAGs
[2023-03-28 22:44:00,037] {logging_mixin.py:115} INFO - [2023-03-28 22:44:00,037] {dag.py:2919} INFO - Setting next_dagrun for example_dag_decorator to None, run_after=None
[2023-03-28 22:44:00,051] {processor.py:161} INFO - Processing /home/airflow/.local/lib/python3.7/site-packages/airflow/example_dags/example_dag_decorator.py took 0.233 seconds
[2023-03-28 22:44:30,286] {processor.py:153} INFO - Started process (PID=422) to work on /home/airflow/.local/lib/python3.7/site-packages/airflow/example_dags/example_dag_decorator.py
[2023-03-28 22:44:30,287] {processor.py:641} INFO - Processing file /home/airflow/.local/lib/python3.7/site-packages/airflow/example_dags/example_dag_decorator.py for tasks to queue
[2023-03-28 22:44:30,287] {logging_mixin.py:115} INFO - [2023-03-28 22:44:30,287] {dagbag.py:507} INFO - Filling up the DagBag from /home/airflow/.local/lib/python3.7/site-packages/airflow/example_dags/example_dag_decorator.py
[2023-03-28 22:44:30,308] {processor.py:651} INFO - DAG(s) dict_keys(['example_dag_decorator']) retrieved from /home/airflow/.local/lib/python3.7/site-packages/airflow/example_dags/example_dag_decorator.py
[2023-03-28 22:44:30,371] {logging_mixin.py:115} INFO - [2023-03-28 22:44:30,370] {dag.py:2371} INFO - Sync 1 DAGs
[2023-03-28 22:44:30,483] {logging_mixin.py:115} INFO - [2023-03-28 22:44:30,483] {dag.py:2919} INFO - Setting next_dagrun for example_dag_decorator to None, run_after=None
[2023-03-28 22:44:30,497] {processor.py:161} INFO - Processing /home/airflow/.local/lib/python3.7/site-packages/airflow/example_dags/example_dag_decorator.py took 0.213 seconds
[2023-03-28 22:45:01,197] {processor.py:153} INFO - Started process (PID=486) to work on /home/airflow/.local/lib/python3.7/site-packages/airflow/example_dags/example_dag_decorator.py
[2023-03-28 22:45:01,198] {processor.py:641} INFO - Processing file /home/airflow/.local/lib/python3.7/site-packages/airflow/example_dags/example_dag_decorator.py for tasks to queue
[2023-03-28 22:45:01,199] {logging_mixin.py:115} INFO - [2023-03-28 22:45:01,199] {dagbag.py:507} INFO - Filling up the DagBag from /home/airflow/.local/lib/python3.7/site-packages/airflow/example_dags/example_dag_decorator.py
[2023-03-28 22:45:01,216] {processor.py:651} INFO - DAG(s) dict_keys(['example_dag_decorator']) retrieved from /home/airflow/.local/lib/python3.7/site-packages/airflow/example_dags/example_dag_decorator.py
[2023-03-28 22:45:01,272] {logging_mixin.py:115} INFO - [2023-03-28 22:45:01,272] {dag.py:2371} INFO - Sync 1 DAGs
[2023-03-28 22:45:01,381] {logging_mixin.py:115} INFO - [2023-03-28 22:45:01,380] {dag.py:2919} INFO - Setting next_dagrun for example_dag_decorator to None, run_after=None
[2023-03-28 22:45:01,394] {processor.py:161} INFO - Processing /home/airflow/.local/lib/python3.7/site-packages/airflow/example_dags/example_dag_decorator.py took 0.200 seconds
[2023-03-28 22:45:32,213] {processor.py:153} INFO - Started process (PID=550) to work on /home/airflow/.local/lib/python3.7/site-packages/airflow/example_dags/example_dag_decorator.py
[2023-03-28 22:45:32,214] {processor.py:641} INFO - Processing file /home/airflow/.local/lib/python3.7/site-packages/airflow/example_dags/example_dag_decorator.py for tasks to queue
[2023-03-28 22:45:32,214] {logging_mixin.py:115} INFO - [2023-03-28 22:45:32,214] {dagbag.py:507} INFO - Filling up the DagBag from /home/airflow/.local/lib/python3.7/site-packages/airflow/example_dags/example_dag_decorator.py
[2023-03-28 22:45:32,233] {processor.py:651} INFO - DAG(s) dict_keys(['example_dag_decorator']) retrieved from /home/airflow/.local/lib/python3.7/site-packages/airflow/example_dags/example_dag_decorator.py
[2023-03-28 22:45:32,257] {logging_mixin.py:115} INFO - [2023-03-28 22:45:32,257] {dag.py:2371} INFO - Sync 1 DAGs
[2023-03-28 22:45:32,278] {logging_mixin.py:115} INFO - [2023-03-28 22:45:32,278] {dag.py:2919} INFO - Setting next_dagrun for example_dag_decorator to None, run_after=None
[2023-03-28 22:45:32,293] {processor.py:161} INFO - Processing /home/airflow/.local/lib/python3.7/site-packages/airflow/example_dags/example_dag_decorator.py took 0.082 seconds
[2023-03-28 22:46:02,486] {processor.py:153} INFO - Started process (PID=605) to work on /home/airflow/.local/lib/python3.7/site-packages/airflow/example_dags/example_dag_decorator.py
[2023-03-28 22:46:02,487] {processor.py:641} INFO - Processing file /home/airflow/.local/lib/python3.7/site-packages/airflow/example_dags/example_dag_decorator.py for tasks to queue
[2023-03-28 22:46:02,487] {logging_mixin.py:115} INFO - [2023-03-28 22:46:02,487] {dagbag.py:507} INFO - Filling up the DagBag from /home/airflow/.local/lib/python3.7/site-packages/airflow/example_dags/example_dag_decorator.py
[2023-03-28 22:46:02,505] {processor.py:651} INFO - DAG(s) dict_keys(['example_dag_decorator']) retrieved from /home/airflow/.local/lib/python3.7/site-packages/airflow/example_dags/example_dag_decorator.py
[2023-03-28 22:46:02,559] {logging_mixin.py:115} INFO - [2023-03-28 22:46:02,559] {dag.py:2371} INFO - Sync 1 DAGs
[2023-03-28 22:46:02,675] {logging_mixin.py:115} INFO - [2023-03-28 22:46:02,675] {dag.py:2919} INFO - Setting next_dagrun for example_dag_decorator to None, run_after=None
[2023-03-28 22:46:02,691] {processor.py:161} INFO - Processing /home/airflow/.local/lib/python3.7/site-packages/airflow/example_dags/example_dag_decorator.py took 0.207 seconds
[2023-03-28 22:46:32,784] {processor.py:153} INFO - Started process (PID=672) to work on /home/airflow/.local/lib/python3.7/site-packages/airflow/example_dags/example_dag_decorator.py
[2023-03-28 22:46:32,784] {processor.py:641} INFO - Processing file /home/airflow/.local/lib/python3.7/site-packages/airflow/example_dags/example_dag_decorator.py for tasks to queue
[2023-03-28 22:46:32,784] {logging_mixin.py:115} INFO - [2023-03-28 22:46:32,784] {dagbag.py:507} INFO - Filling up the DagBag from /home/airflow/.local/lib/python3.7/site-packages/airflow/example_dags/example_dag_decorator.py
[2023-03-28 22:46:32,802] {processor.py:651} INFO - DAG(s) dict_keys(['example_dag_decorator']) retrieved from /home/airflow/.local/lib/python3.7/site-packages/airflow/example_dags/example_dag_decorator.py
[2023-03-28 22:46:32,859] {logging_mixin.py:115} INFO - [2023-03-28 22:46:32,859] {dag.py:2371} INFO - Sync 1 DAGs
[2023-03-28 22:46:32,961] {logging_mixin.py:115} INFO - [2023-03-28 22:46:32,961] {dag.py:2919} INFO - Setting next_dagrun for example_dag_decorator to None, run_after=None
[2023-03-28 22:46:32,975] {processor.py:161} INFO - Processing /home/airflow/.local/lib/python3.7/site-packages/airflow/example_dags/example_dag_decorator.py took 0.193 seconds
[2023-03-28 22:47:03,079] {processor.py:153} INFO - Started process (PID=737) to work on /home/airflow/.local/lib/python3.7/site-packages/airflow/example_dags/example_dag_decorator.py
[2023-03-28 22:47:03,080] {processor.py:641} INFO - Processing file /home/airflow/.local/lib/python3.7/site-packages/airflow/example_dags/example_dag_decorator.py for tasks to queue
[2023-03-28 22:47:03,080] {logging_mixin.py:115} INFO - [2023-03-28 22:47:03,080] {dagbag.py:507} INFO - Filling up the DagBag from /home/airflow/.local/lib/python3.7/site-packages/airflow/example_dags/example_dag_decorator.py
[2023-03-28 22:47:03,098] {processor.py:651} INFO - DAG(s) dict_keys(['example_dag_decorator']) retrieved from /home/airflow/.local/lib/python3.7/site-packages/airflow/example_dags/example_dag_decorator.py
[2023-03-28 22:47:03,122] {logging_mixin.py:115} INFO - [2023-03-28 22:47:03,122] {dag.py:2371} INFO - Sync 1 DAGs
[2023-03-28 22:47:03,140] {logging_mixin.py:115} INFO - [2023-03-28 22:47:03,140] {dag.py:2919} INFO - Setting next_dagrun for example_dag_decorator to None, run_after=None
[2023-03-28 22:47:03,153] {processor.py:161} INFO - Processing /home/airflow/.local/lib/python3.7/site-packages/airflow/example_dags/example_dag_decorator.py took 0.077 seconds
[2023-03-28 22:48:12,382] {processor.py:153} INFO - Started process (PID=64) to work on /home/airflow/.local/lib/python3.7/site-packages/airflow/example_dags/example_dag_decorator.py
[2023-03-28 22:48:12,384] {processor.py:641} INFO - Processing file /home/airflow/.local/lib/python3.7/site-packages/airflow/example_dags/example_dag_decorator.py for tasks to queue
[2023-03-28 22:48:12,385] {logging_mixin.py:115} INFO - [2023-03-28 22:48:12,385] {dagbag.py:507} INFO - Filling up the DagBag from /home/airflow/.local/lib/python3.7/site-packages/airflow/example_dags/example_dag_decorator.py
[2023-03-28 22:48:12,457] {processor.py:651} INFO - DAG(s) dict_keys(['example_dag_decorator']) retrieved from /home/airflow/.local/lib/python3.7/site-packages/airflow/example_dags/example_dag_decorator.py
[2023-03-28 22:48:12,899] {logging_mixin.py:115} INFO - [2023-03-28 22:48:12,899] {dag.py:2371} INFO - Sync 1 DAGs
[2023-03-28 22:48:12,974] {logging_mixin.py:115} INFO - [2023-03-28 22:48:12,973] {dag.py:2919} INFO - Setting next_dagrun for example_dag_decorator to None, run_after=None
[2023-03-28 22:48:13,002] {processor.py:161} INFO - Processing /home/airflow/.local/lib/python3.7/site-packages/airflow/example_dags/example_dag_decorator.py took 0.630 seconds
[2023-03-28 22:48:43,839] {processor.py:153} INFO - Started process (PID=120) to work on /home/airflow/.local/lib/python3.7/site-packages/airflow/example_dags/example_dag_decorator.py
[2023-03-28 22:48:43,840] {processor.py:641} INFO - Processing file /home/airflow/.local/lib/python3.7/site-packages/airflow/example_dags/example_dag_decorator.py for tasks to queue
[2023-03-28 22:48:43,841] {logging_mixin.py:115} INFO - [2023-03-28 22:48:43,841] {dagbag.py:507} INFO - Filling up the DagBag from /home/airflow/.local/lib/python3.7/site-packages/airflow/example_dags/example_dag_decorator.py
[2023-03-28 22:48:43,860] {processor.py:651} INFO - DAG(s) dict_keys(['example_dag_decorator']) retrieved from /home/airflow/.local/lib/python3.7/site-packages/airflow/example_dags/example_dag_decorator.py
[2023-03-28 22:48:44,028] {logging_mixin.py:115} INFO - [2023-03-28 22:48:44,028] {dag.py:2371} INFO - Sync 1 DAGs
[2023-03-28 22:48:44,046] {logging_mixin.py:115} INFO - [2023-03-28 22:48:44,046] {dag.py:2919} INFO - Setting next_dagrun for example_dag_decorator to None, run_after=None
[2023-03-28 22:48:44,062] {processor.py:161} INFO - Processing /home/airflow/.local/lib/python3.7/site-packages/airflow/example_dags/example_dag_decorator.py took 0.225 seconds
[2023-03-28 22:49:14,178] {processor.py:153} INFO - Started process (PID=184) to work on /home/airflow/.local/lib/python3.7/site-packages/airflow/example_dags/example_dag_decorator.py
[2023-03-28 22:49:14,178] {processor.py:641} INFO - Processing file /home/airflow/.local/lib/python3.7/site-packages/airflow/example_dags/example_dag_decorator.py for tasks to queue
[2023-03-28 22:49:14,179] {logging_mixin.py:115} INFO - [2023-03-28 22:49:14,179] {dagbag.py:507} INFO - Filling up the DagBag from /home/airflow/.local/lib/python3.7/site-packages/airflow/example_dags/example_dag_decorator.py
[2023-03-28 22:49:14,200] {processor.py:651} INFO - DAG(s) dict_keys(['example_dag_decorator']) retrieved from /home/airflow/.local/lib/python3.7/site-packages/airflow/example_dags/example_dag_decorator.py
[2023-03-28 22:49:14,362] {logging_mixin.py:115} INFO - [2023-03-28 22:49:14,362] {dag.py:2371} INFO - Sync 1 DAGs
[2023-03-28 22:49:14,378] {logging_mixin.py:115} INFO - [2023-03-28 22:49:14,378] {dag.py:2919} INFO - Setting next_dagrun for example_dag_decorator to None, run_after=None
[2023-03-28 22:49:14,392] {processor.py:161} INFO - Processing /home/airflow/.local/lib/python3.7/site-packages/airflow/example_dags/example_dag_decorator.py took 0.216 seconds
[2023-03-28 22:49:44,690] {processor.py:153} INFO - Started process (PID=249) to work on /home/airflow/.local/lib/python3.7/site-packages/airflow/example_dags/example_dag_decorator.py
[2023-03-28 22:49:44,691] {processor.py:641} INFO - Processing file /home/airflow/.local/lib/python3.7/site-packages/airflow/example_dags/example_dag_decorator.py for tasks to queue
[2023-03-28 22:49:44,692] {logging_mixin.py:115} INFO - [2023-03-28 22:49:44,691] {dagbag.py:507} INFO - Filling up the DagBag from /home/airflow/.local/lib/python3.7/site-packages/airflow/example_dags/example_dag_decorator.py
[2023-03-28 22:49:44,717] {processor.py:651} INFO - DAG(s) dict_keys(['example_dag_decorator']) retrieved from /home/airflow/.local/lib/python3.7/site-packages/airflow/example_dags/example_dag_decorator.py
[2023-03-28 22:49:44,918] {logging_mixin.py:115} INFO - [2023-03-28 22:49:44,918] {dag.py:2371} INFO - Sync 1 DAGs
[2023-03-28 22:49:44,935] {logging_mixin.py:115} INFO - [2023-03-28 22:49:44,935] {dag.py:2919} INFO - Setting next_dagrun for example_dag_decorator to None, run_after=None
[2023-03-28 22:49:44,950] {processor.py:161} INFO - Processing /home/airflow/.local/lib/python3.7/site-packages/airflow/example_dags/example_dag_decorator.py took 0.264 seconds
[2023-03-28 22:50:15,142] {processor.py:153} INFO - Started process (PID=304) to work on /home/airflow/.local/lib/python3.7/site-packages/airflow/example_dags/example_dag_decorator.py
[2023-03-28 22:50:15,143] {processor.py:641} INFO - Processing file /home/airflow/.local/lib/python3.7/site-packages/airflow/example_dags/example_dag_decorator.py for tasks to queue
[2023-03-28 22:50:15,143] {logging_mixin.py:115} INFO - [2023-03-28 22:50:15,143] {dagbag.py:507} INFO - Filling up the DagBag from /home/airflow/.local/lib/python3.7/site-packages/airflow/example_dags/example_dag_decorator.py
[2023-03-28 22:50:15,180] {processor.py:651} INFO - DAG(s) dict_keys(['example_dag_decorator']) retrieved from /home/airflow/.local/lib/python3.7/site-packages/airflow/example_dags/example_dag_decorator.py
[2023-03-28 22:50:15,392] {logging_mixin.py:115} INFO - [2023-03-28 22:50:15,392] {dag.py:2371} INFO - Sync 1 DAGs
[2023-03-28 22:50:15,411] {logging_mixin.py:115} INFO - [2023-03-28 22:50:15,411] {dag.py:2919} INFO - Setting next_dagrun for example_dag_decorator to None, run_after=None
[2023-03-28 22:50:15,427] {processor.py:161} INFO - Processing /home/airflow/.local/lib/python3.7/site-packages/airflow/example_dags/example_dag_decorator.py took 0.287 seconds
[2023-03-28 22:50:46,199] {processor.py:153} INFO - Started process (PID=368) to work on /home/airflow/.local/lib/python3.7/site-packages/airflow/example_dags/example_dag_decorator.py
[2023-03-28 22:50:46,200] {processor.py:641} INFO - Processing file /home/airflow/.local/lib/python3.7/site-packages/airflow/example_dags/example_dag_decorator.py for tasks to queue
[2023-03-28 22:50:46,201] {logging_mixin.py:115} INFO - [2023-03-28 22:50:46,201] {dagbag.py:507} INFO - Filling up the DagBag from /home/airflow/.local/lib/python3.7/site-packages/airflow/example_dags/example_dag_decorator.py
[2023-03-28 22:50:46,221] {processor.py:651} INFO - DAG(s) dict_keys(['example_dag_decorator']) retrieved from /home/airflow/.local/lib/python3.7/site-packages/airflow/example_dags/example_dag_decorator.py
[2023-03-28 22:50:46,375] {logging_mixin.py:115} INFO - [2023-03-28 22:50:46,375] {dag.py:2371} INFO - Sync 1 DAGs
[2023-03-28 22:50:46,392] {logging_mixin.py:115} INFO - [2023-03-28 22:50:46,392] {dag.py:2919} INFO - Setting next_dagrun for example_dag_decorator to None, run_after=None
[2023-03-28 22:50:46,405] {processor.py:161} INFO - Processing /home/airflow/.local/lib/python3.7/site-packages/airflow/example_dags/example_dag_decorator.py took 0.208 seconds
[2023-03-28 22:52:16,003] {processor.py:153} INFO - Started process (PID=54) to work on /home/airflow/.local/lib/python3.7/site-packages/airflow/example_dags/example_dag_decorator.py
[2023-03-28 22:52:16,004] {processor.py:641} INFO - Processing file /home/airflow/.local/lib/python3.7/site-packages/airflow/example_dags/example_dag_decorator.py for tasks to queue
[2023-03-28 22:52:16,004] {logging_mixin.py:115} INFO - [2023-03-28 22:52:16,004] {dagbag.py:507} INFO - Filling up the DagBag from /home/airflow/.local/lib/python3.7/site-packages/airflow/example_dags/example_dag_decorator.py
[2023-03-28 22:52:16,024] {processor.py:651} INFO - DAG(s) dict_keys(['example_dag_decorator']) retrieved from /home/airflow/.local/lib/python3.7/site-packages/airflow/example_dags/example_dag_decorator.py
[2023-03-28 22:52:16,092] {logging_mixin.py:115} INFO - [2023-03-28 22:52:16,091] {dag.py:2371} INFO - Sync 1 DAGs
[2023-03-28 22:52:16,287] {logging_mixin.py:115} INFO - [2023-03-28 22:52:16,287] {dag.py:2919} INFO - Setting next_dagrun for example_dag_decorator to None, run_after=None
[2023-03-28 22:52:16,312] {processor.py:161} INFO - Processing /home/airflow/.local/lib/python3.7/site-packages/airflow/example_dags/example_dag_decorator.py took 0.312 seconds
[2023-03-28 22:52:46,402] {processor.py:153} INFO - Started process (PID=119) to work on /home/airflow/.local/lib/python3.7/site-packages/airflow/example_dags/example_dag_decorator.py
[2023-03-28 22:52:46,403] {processor.py:641} INFO - Processing file /home/airflow/.local/lib/python3.7/site-packages/airflow/example_dags/example_dag_decorator.py for tasks to queue
[2023-03-28 22:52:46,403] {logging_mixin.py:115} INFO - [2023-03-28 22:52:46,403] {dagbag.py:507} INFO - Filling up the DagBag from /home/airflow/.local/lib/python3.7/site-packages/airflow/example_dags/example_dag_decorator.py
[2023-03-28 22:52:46,420] {processor.py:651} INFO - DAG(s) dict_keys(['example_dag_decorator']) retrieved from /home/airflow/.local/lib/python3.7/site-packages/airflow/example_dags/example_dag_decorator.py
[2023-03-28 22:52:46,476] {logging_mixin.py:115} INFO - [2023-03-28 22:52:46,476] {dag.py:2371} INFO - Sync 1 DAGs
[2023-03-28 22:52:46,584] {logging_mixin.py:115} INFO - [2023-03-28 22:52:46,584] {dag.py:2919} INFO - Setting next_dagrun for example_dag_decorator to None, run_after=None
[2023-03-28 22:52:46,598] {processor.py:161} INFO - Processing /home/airflow/.local/lib/python3.7/site-packages/airflow/example_dags/example_dag_decorator.py took 0.198 seconds
[2023-03-28 22:53:16,870] {processor.py:153} INFO - Started process (PID=183) to work on /home/airflow/.local/lib/python3.7/site-packages/airflow/example_dags/example_dag_decorator.py
[2023-03-28 22:53:16,871] {processor.py:641} INFO - Processing file /home/airflow/.local/lib/python3.7/site-packages/airflow/example_dags/example_dag_decorator.py for tasks to queue
[2023-03-28 22:53:16,871] {logging_mixin.py:115} INFO - [2023-03-28 22:53:16,871] {dagbag.py:507} INFO - Filling up the DagBag from /home/airflow/.local/lib/python3.7/site-packages/airflow/example_dags/example_dag_decorator.py
[2023-03-28 22:53:16,889] {processor.py:651} INFO - DAG(s) dict_keys(['example_dag_decorator']) retrieved from /home/airflow/.local/lib/python3.7/site-packages/airflow/example_dags/example_dag_decorator.py
[2023-03-28 22:53:16,955] {logging_mixin.py:115} INFO - [2023-03-28 22:53:16,955] {dag.py:2371} INFO - Sync 1 DAGs
[2023-03-28 22:53:17,094] {logging_mixin.py:115} INFO - [2023-03-28 22:53:17,094] {dag.py:2919} INFO - Setting next_dagrun for example_dag_decorator to None, run_after=None
[2023-03-28 22:53:17,111] {processor.py:161} INFO - Processing /home/airflow/.local/lib/python3.7/site-packages/airflow/example_dags/example_dag_decorator.py took 0.244 seconds
[2023-03-28 22:53:47,227] {processor.py:153} INFO - Started process (PID=238) to work on /home/airflow/.local/lib/python3.7/site-packages/airflow/example_dags/example_dag_decorator.py
[2023-03-28 22:53:47,228] {processor.py:641} INFO - Processing file /home/airflow/.local/lib/python3.7/site-packages/airflow/example_dags/example_dag_decorator.py for tasks to queue
[2023-03-28 22:53:47,229] {logging_mixin.py:115} INFO - [2023-03-28 22:53:47,229] {dagbag.py:507} INFO - Filling up the DagBag from /home/airflow/.local/lib/python3.7/site-packages/airflow/example_dags/example_dag_decorator.py
[2023-03-28 22:53:47,259] {processor.py:651} INFO - DAG(s) dict_keys(['example_dag_decorator']) retrieved from /home/airflow/.local/lib/python3.7/site-packages/airflow/example_dags/example_dag_decorator.py
[2023-03-28 22:53:47,332] {logging_mixin.py:115} INFO - [2023-03-28 22:53:47,332] {dag.py:2371} INFO - Sync 1 DAGs
[2023-03-28 22:53:47,501] {logging_mixin.py:115} INFO - [2023-03-28 22:53:47,501] {dag.py:2919} INFO - Setting next_dagrun for example_dag_decorator to None, run_after=None
[2023-03-28 22:53:47,519] {processor.py:161} INFO - Processing /home/airflow/.local/lib/python3.7/site-packages/airflow/example_dags/example_dag_decorator.py took 0.295 seconds
