[2023-03-28 22:23:48,629] {processor.py:153} INFO - Started process (PID=2338) to work on /home/airflow/.local/lib/python3.7/site-packages/airflow/example_dags/example_branch_operator_decorator.py
[2023-03-28 22:23:48,629] {processor.py:641} INFO - Processing file /home/airflow/.local/lib/python3.7/site-packages/airflow/example_dags/example_branch_operator_decorator.py for tasks to queue
[2023-03-28 22:23:48,630] {logging_mixin.py:115} INFO - [2023-03-28 22:23:48,630] {dagbag.py:507} INFO - Filling up the DagBag from /home/airflow/.local/lib/python3.7/site-packages/airflow/example_dags/example_branch_operator_decorator.py
[2023-03-28 22:23:48,642] {processor.py:651} INFO - DAG(s) dict_keys(['example_branch_python_operator_decorator']) retrieved from /home/airflow/.local/lib/python3.7/site-packages/airflow/example_dags/example_branch_operator_decorator.py
[2023-03-28 22:23:48,663] {logging_mixin.py:115} INFO - [2023-03-28 22:23:48,662] {dag.py:2371} INFO - Sync 1 DAGs
[2023-03-28 22:23:48,681] {logging_mixin.py:115} INFO - [2023-03-28 22:23:48,681] {dag.py:2919} INFO - Setting next_dagrun for example_branch_python_operator_decorator to 2023-03-27T00:00:00+00:00, run_after=2023-03-28T00:00:00+00:00
[2023-03-28 22:23:48,694] {processor.py:161} INFO - Processing /home/airflow/.local/lib/python3.7/site-packages/airflow/example_dags/example_branch_operator_decorator.py took 0.066 seconds
[2023-03-28 22:24:19,614] {processor.py:153} INFO - Started process (PID=2402) to work on /home/airflow/.local/lib/python3.7/site-packages/airflow/example_dags/example_branch_operator_decorator.py
[2023-03-28 22:24:19,614] {processor.py:641} INFO - Processing file /home/airflow/.local/lib/python3.7/site-packages/airflow/example_dags/example_branch_operator_decorator.py for tasks to queue
[2023-03-28 22:24:19,615] {logging_mixin.py:115} INFO - [2023-03-28 22:24:19,615] {dagbag.py:507} INFO - Filling up the DagBag from /home/airflow/.local/lib/python3.7/site-packages/airflow/example_dags/example_branch_operator_decorator.py
[2023-03-28 22:24:19,628] {processor.py:651} INFO - DAG(s) dict_keys(['example_branch_python_operator_decorator']) retrieved from /home/airflow/.local/lib/python3.7/site-packages/airflow/example_dags/example_branch_operator_decorator.py
[2023-03-28 22:24:19,650] {logging_mixin.py:115} INFO - [2023-03-28 22:24:19,650] {dag.py:2371} INFO - Sync 1 DAGs
[2023-03-28 22:24:19,671] {logging_mixin.py:115} INFO - [2023-03-28 22:24:19,671] {dag.py:2919} INFO - Setting next_dagrun for example_branch_python_operator_decorator to 2023-03-27T00:00:00+00:00, run_after=2023-03-28T00:00:00+00:00
[2023-03-28 22:24:19,686] {processor.py:161} INFO - Processing /home/airflow/.local/lib/python3.7/site-packages/airflow/example_dags/example_branch_operator_decorator.py took 0.075 seconds
[2023-03-28 22:24:50,190] {processor.py:153} INFO - Started process (PID=2466) to work on /home/airflow/.local/lib/python3.7/site-packages/airflow/example_dags/example_branch_operator_decorator.py
[2023-03-28 22:24:50,191] {processor.py:641} INFO - Processing file /home/airflow/.local/lib/python3.7/site-packages/airflow/example_dags/example_branch_operator_decorator.py for tasks to queue
[2023-03-28 22:24:50,192] {logging_mixin.py:115} INFO - [2023-03-28 22:24:50,192] {dagbag.py:507} INFO - Filling up the DagBag from /home/airflow/.local/lib/python3.7/site-packages/airflow/example_dags/example_branch_operator_decorator.py
[2023-03-28 22:24:50,205] {processor.py:651} INFO - DAG(s) dict_keys(['example_branch_python_operator_decorator']) retrieved from /home/airflow/.local/lib/python3.7/site-packages/airflow/example_dags/example_branch_operator_decorator.py
[2023-03-28 22:24:50,227] {logging_mixin.py:115} INFO - [2023-03-28 22:24:50,227] {dag.py:2371} INFO - Sync 1 DAGs
[2023-03-28 22:24:50,246] {logging_mixin.py:115} INFO - [2023-03-28 22:24:50,246] {dag.py:2919} INFO - Setting next_dagrun for example_branch_python_operator_decorator to 2023-03-27T00:00:00+00:00, run_after=2023-03-28T00:00:00+00:00
[2023-03-28 22:24:50,258] {processor.py:161} INFO - Processing /home/airflow/.local/lib/python3.7/site-packages/airflow/example_dags/example_branch_operator_decorator.py took 0.070 seconds
[2023-03-28 22:25:20,996] {processor.py:153} INFO - Started process (PID=2530) to work on /home/airflow/.local/lib/python3.7/site-packages/airflow/example_dags/example_branch_operator_decorator.py
[2023-03-28 22:25:20,996] {processor.py:641} INFO - Processing file /home/airflow/.local/lib/python3.7/site-packages/airflow/example_dags/example_branch_operator_decorator.py for tasks to queue
[2023-03-28 22:25:20,996] {logging_mixin.py:115} INFO - [2023-03-28 22:25:20,996] {dagbag.py:507} INFO - Filling up the DagBag from /home/airflow/.local/lib/python3.7/site-packages/airflow/example_dags/example_branch_operator_decorator.py
[2023-03-28 22:25:21,009] {processor.py:651} INFO - DAG(s) dict_keys(['example_branch_python_operator_decorator']) retrieved from /home/airflow/.local/lib/python3.7/site-packages/airflow/example_dags/example_branch_operator_decorator.py
[2023-03-28 22:25:21,031] {logging_mixin.py:115} INFO - [2023-03-28 22:25:21,031] {dag.py:2371} INFO - Sync 1 DAGs
[2023-03-28 22:25:21,053] {logging_mixin.py:115} INFO - [2023-03-28 22:25:21,053] {dag.py:2919} INFO - Setting next_dagrun for example_branch_python_operator_decorator to 2023-03-27T00:00:00+00:00, run_after=2023-03-28T00:00:00+00:00
[2023-03-28 22:25:21,066] {processor.py:161} INFO - Processing /home/airflow/.local/lib/python3.7/site-packages/airflow/example_dags/example_branch_operator_decorator.py took 0.073 seconds
[2023-03-28 22:25:51,909] {processor.py:153} INFO - Started process (PID=2585) to work on /home/airflow/.local/lib/python3.7/site-packages/airflow/example_dags/example_branch_operator_decorator.py
[2023-03-28 22:25:51,909] {processor.py:641} INFO - Processing file /home/airflow/.local/lib/python3.7/site-packages/airflow/example_dags/example_branch_operator_decorator.py for tasks to queue
[2023-03-28 22:25:51,910] {logging_mixin.py:115} INFO - [2023-03-28 22:25:51,910] {dagbag.py:507} INFO - Filling up the DagBag from /home/airflow/.local/lib/python3.7/site-packages/airflow/example_dags/example_branch_operator_decorator.py
[2023-03-28 22:25:51,922] {processor.py:651} INFO - DAG(s) dict_keys(['example_branch_python_operator_decorator']) retrieved from /home/airflow/.local/lib/python3.7/site-packages/airflow/example_dags/example_branch_operator_decorator.py
[2023-03-28 22:25:51,942] {logging_mixin.py:115} INFO - [2023-03-28 22:25:51,942] {dag.py:2371} INFO - Sync 1 DAGs
[2023-03-28 22:25:51,963] {logging_mixin.py:115} INFO - [2023-03-28 22:25:51,963] {dag.py:2919} INFO - Setting next_dagrun for example_branch_python_operator_decorator to 2023-03-27T00:00:00+00:00, run_after=2023-03-28T00:00:00+00:00
[2023-03-28 22:25:51,974] {processor.py:161} INFO - Processing /home/airflow/.local/lib/python3.7/site-packages/airflow/example_dags/example_branch_operator_decorator.py took 0.068 seconds
[2023-03-28 22:26:22,778] {processor.py:153} INFO - Started process (PID=2650) to work on /home/airflow/.local/lib/python3.7/site-packages/airflow/example_dags/example_branch_operator_decorator.py
[2023-03-28 22:26:22,779] {processor.py:641} INFO - Processing file /home/airflow/.local/lib/python3.7/site-packages/airflow/example_dags/example_branch_operator_decorator.py for tasks to queue
[2023-03-28 22:26:22,779] {logging_mixin.py:115} INFO - [2023-03-28 22:26:22,779] {dagbag.py:507} INFO - Filling up the DagBag from /home/airflow/.local/lib/python3.7/site-packages/airflow/example_dags/example_branch_operator_decorator.py
[2023-03-28 22:26:22,792] {processor.py:651} INFO - DAG(s) dict_keys(['example_branch_python_operator_decorator']) retrieved from /home/airflow/.local/lib/python3.7/site-packages/airflow/example_dags/example_branch_operator_decorator.py
[2023-03-28 22:26:22,812] {logging_mixin.py:115} INFO - [2023-03-28 22:26:22,812] {dag.py:2371} INFO - Sync 1 DAGs
[2023-03-28 22:26:22,832] {logging_mixin.py:115} INFO - [2023-03-28 22:26:22,832] {dag.py:2919} INFO - Setting next_dagrun for example_branch_python_operator_decorator to 2023-03-27T00:00:00+00:00, run_after=2023-03-28T00:00:00+00:00
[2023-03-28 22:26:22,843] {processor.py:161} INFO - Processing /home/airflow/.local/lib/python3.7/site-packages/airflow/example_dags/example_branch_operator_decorator.py took 0.066 seconds
[2023-03-28 22:26:52,997] {processor.py:153} INFO - Started process (PID=2714) to work on /home/airflow/.local/lib/python3.7/site-packages/airflow/example_dags/example_branch_operator_decorator.py
[2023-03-28 22:26:52,998] {processor.py:641} INFO - Processing file /home/airflow/.local/lib/python3.7/site-packages/airflow/example_dags/example_branch_operator_decorator.py for tasks to queue
[2023-03-28 22:26:52,998] {logging_mixin.py:115} INFO - [2023-03-28 22:26:52,998] {dagbag.py:507} INFO - Filling up the DagBag from /home/airflow/.local/lib/python3.7/site-packages/airflow/example_dags/example_branch_operator_decorator.py
[2023-03-28 22:26:53,014] {processor.py:651} INFO - DAG(s) dict_keys(['example_branch_python_operator_decorator']) retrieved from /home/airflow/.local/lib/python3.7/site-packages/airflow/example_dags/example_branch_operator_decorator.py
[2023-03-28 22:26:53,039] {logging_mixin.py:115} INFO - [2023-03-28 22:26:53,039] {dag.py:2371} INFO - Sync 1 DAGs
[2023-03-28 22:26:53,062] {logging_mixin.py:115} INFO - [2023-03-28 22:26:53,062] {dag.py:2919} INFO - Setting next_dagrun for example_branch_python_operator_decorator to 2023-03-27T00:00:00+00:00, run_after=2023-03-28T00:00:00+00:00
[2023-03-28 22:26:53,076] {processor.py:161} INFO - Processing /home/airflow/.local/lib/python3.7/site-packages/airflow/example_dags/example_branch_operator_decorator.py took 0.081 seconds
[2023-03-28 22:27:23,765] {processor.py:153} INFO - Started process (PID=2770) to work on /home/airflow/.local/lib/python3.7/site-packages/airflow/example_dags/example_branch_operator_decorator.py
[2023-03-28 22:27:23,765] {processor.py:641} INFO - Processing file /home/airflow/.local/lib/python3.7/site-packages/airflow/example_dags/example_branch_operator_decorator.py for tasks to queue
[2023-03-28 22:27:23,766] {logging_mixin.py:115} INFO - [2023-03-28 22:27:23,766] {dagbag.py:507} INFO - Filling up the DagBag from /home/airflow/.local/lib/python3.7/site-packages/airflow/example_dags/example_branch_operator_decorator.py
[2023-03-28 22:27:23,778] {processor.py:651} INFO - DAG(s) dict_keys(['example_branch_python_operator_decorator']) retrieved from /home/airflow/.local/lib/python3.7/site-packages/airflow/example_dags/example_branch_operator_decorator.py
[2023-03-28 22:27:23,801] {logging_mixin.py:115} INFO - [2023-03-28 22:27:23,801] {dag.py:2371} INFO - Sync 1 DAGs
[2023-03-28 22:27:23,823] {logging_mixin.py:115} INFO - [2023-03-28 22:27:23,823] {dag.py:2919} INFO - Setting next_dagrun for example_branch_python_operator_decorator to 2023-03-27T00:00:00+00:00, run_after=2023-03-28T00:00:00+00:00
[2023-03-28 22:27:23,835] {processor.py:161} INFO - Processing /home/airflow/.local/lib/python3.7/site-packages/airflow/example_dags/example_branch_operator_decorator.py took 0.072 seconds
[2023-03-28 22:27:54,328] {processor.py:153} INFO - Started process (PID=2835) to work on /home/airflow/.local/lib/python3.7/site-packages/airflow/example_dags/example_branch_operator_decorator.py
[2023-03-28 22:27:54,329] {processor.py:641} INFO - Processing file /home/airflow/.local/lib/python3.7/site-packages/airflow/example_dags/example_branch_operator_decorator.py for tasks to queue
[2023-03-28 22:27:54,329] {logging_mixin.py:115} INFO - [2023-03-28 22:27:54,329] {dagbag.py:507} INFO - Filling up the DagBag from /home/airflow/.local/lib/python3.7/site-packages/airflow/example_dags/example_branch_operator_decorator.py
[2023-03-28 22:27:54,344] {processor.py:651} INFO - DAG(s) dict_keys(['example_branch_python_operator_decorator']) retrieved from /home/airflow/.local/lib/python3.7/site-packages/airflow/example_dags/example_branch_operator_decorator.py
[2023-03-28 22:27:54,369] {logging_mixin.py:115} INFO - [2023-03-28 22:27:54,368] {dag.py:2371} INFO - Sync 1 DAGs
[2023-03-28 22:27:54,393] {logging_mixin.py:115} INFO - [2023-03-28 22:27:54,393] {dag.py:2919} INFO - Setting next_dagrun for example_branch_python_operator_decorator to 2023-03-27T00:00:00+00:00, run_after=2023-03-28T00:00:00+00:00
[2023-03-28 22:27:54,406] {processor.py:161} INFO - Processing /home/airflow/.local/lib/python3.7/site-packages/airflow/example_dags/example_branch_operator_decorator.py took 0.080 seconds
[2023-03-28 22:28:25,152] {processor.py:153} INFO - Started process (PID=2899) to work on /home/airflow/.local/lib/python3.7/site-packages/airflow/example_dags/example_branch_operator_decorator.py
[2023-03-28 22:28:25,153] {processor.py:641} INFO - Processing file /home/airflow/.local/lib/python3.7/site-packages/airflow/example_dags/example_branch_operator_decorator.py for tasks to queue
[2023-03-28 22:28:25,153] {logging_mixin.py:115} INFO - [2023-03-28 22:28:25,153] {dagbag.py:507} INFO - Filling up the DagBag from /home/airflow/.local/lib/python3.7/site-packages/airflow/example_dags/example_branch_operator_decorator.py
[2023-03-28 22:28:25,165] {processor.py:651} INFO - DAG(s) dict_keys(['example_branch_python_operator_decorator']) retrieved from /home/airflow/.local/lib/python3.7/site-packages/airflow/example_dags/example_branch_operator_decorator.py
[2023-03-28 22:28:25,186] {logging_mixin.py:115} INFO - [2023-03-28 22:28:25,186] {dag.py:2371} INFO - Sync 1 DAGs
[2023-03-28 22:28:25,206] {logging_mixin.py:115} INFO - [2023-03-28 22:28:25,206] {dag.py:2919} INFO - Setting next_dagrun for example_branch_python_operator_decorator to 2023-03-27T00:00:00+00:00, run_after=2023-03-28T00:00:00+00:00
[2023-03-28 22:28:25,217] {processor.py:161} INFO - Processing /home/airflow/.local/lib/python3.7/site-packages/airflow/example_dags/example_branch_operator_decorator.py took 0.067 seconds
[2023-03-28 22:28:55,432] {processor.py:153} INFO - Started process (PID=2963) to work on /home/airflow/.local/lib/python3.7/site-packages/airflow/example_dags/example_branch_operator_decorator.py
[2023-03-28 22:28:55,434] {processor.py:641} INFO - Processing file /home/airflow/.local/lib/python3.7/site-packages/airflow/example_dags/example_branch_operator_decorator.py for tasks to queue
[2023-03-28 22:28:55,434] {logging_mixin.py:115} INFO - [2023-03-28 22:28:55,434] {dagbag.py:507} INFO - Filling up the DagBag from /home/airflow/.local/lib/python3.7/site-packages/airflow/example_dags/example_branch_operator_decorator.py
[2023-03-28 22:28:55,448] {processor.py:651} INFO - DAG(s) dict_keys(['example_branch_python_operator_decorator']) retrieved from /home/airflow/.local/lib/python3.7/site-packages/airflow/example_dags/example_branch_operator_decorator.py
[2023-03-28 22:28:55,471] {logging_mixin.py:115} INFO - [2023-03-28 22:28:55,471] {dag.py:2371} INFO - Sync 1 DAGs
[2023-03-28 22:28:55,494] {logging_mixin.py:115} INFO - [2023-03-28 22:28:55,494] {dag.py:2919} INFO - Setting next_dagrun for example_branch_python_operator_decorator to 2023-03-27T00:00:00+00:00, run_after=2023-03-28T00:00:00+00:00
[2023-03-28 22:28:55,508] {processor.py:161} INFO - Processing /home/airflow/.local/lib/python3.7/site-packages/airflow/example_dags/example_branch_operator_decorator.py took 0.078 seconds
[2023-03-28 22:29:26,194] {processor.py:153} INFO - Started process (PID=3018) to work on /home/airflow/.local/lib/python3.7/site-packages/airflow/example_dags/example_branch_operator_decorator.py
[2023-03-28 22:29:26,194] {processor.py:641} INFO - Processing file /home/airflow/.local/lib/python3.7/site-packages/airflow/example_dags/example_branch_operator_decorator.py for tasks to queue
[2023-03-28 22:29:26,195] {logging_mixin.py:115} INFO - [2023-03-28 22:29:26,195] {dagbag.py:507} INFO - Filling up the DagBag from /home/airflow/.local/lib/python3.7/site-packages/airflow/example_dags/example_branch_operator_decorator.py
[2023-03-28 22:29:26,207] {processor.py:651} INFO - DAG(s) dict_keys(['example_branch_python_operator_decorator']) retrieved from /home/airflow/.local/lib/python3.7/site-packages/airflow/example_dags/example_branch_operator_decorator.py
[2023-03-28 22:29:26,228] {logging_mixin.py:115} INFO - [2023-03-28 22:29:26,227] {dag.py:2371} INFO - Sync 1 DAGs
[2023-03-28 22:29:26,249] {logging_mixin.py:115} INFO - [2023-03-28 22:29:26,249] {dag.py:2919} INFO - Setting next_dagrun for example_branch_python_operator_decorator to 2023-03-27T00:00:00+00:00, run_after=2023-03-28T00:00:00+00:00
[2023-03-28 22:29:26,262] {processor.py:161} INFO - Processing /home/airflow/.local/lib/python3.7/site-packages/airflow/example_dags/example_branch_operator_decorator.py took 0.070 seconds
[2023-03-28 22:29:57,015] {processor.py:153} INFO - Started process (PID=3082) to work on /home/airflow/.local/lib/python3.7/site-packages/airflow/example_dags/example_branch_operator_decorator.py
[2023-03-28 22:29:57,022] {processor.py:641} INFO - Processing file /home/airflow/.local/lib/python3.7/site-packages/airflow/example_dags/example_branch_operator_decorator.py for tasks to queue
[2023-03-28 22:29:57,023] {logging_mixin.py:115} INFO - [2023-03-28 22:29:57,023] {dagbag.py:507} INFO - Filling up the DagBag from /home/airflow/.local/lib/python3.7/site-packages/airflow/example_dags/example_branch_operator_decorator.py
[2023-03-28 22:29:57,035] {processor.py:651} INFO - DAG(s) dict_keys(['example_branch_python_operator_decorator']) retrieved from /home/airflow/.local/lib/python3.7/site-packages/airflow/example_dags/example_branch_operator_decorator.py
[2023-03-28 22:29:57,057] {logging_mixin.py:115} INFO - [2023-03-28 22:29:57,056] {dag.py:2371} INFO - Sync 1 DAGs
[2023-03-28 22:29:57,077] {logging_mixin.py:115} INFO - [2023-03-28 22:29:57,077] {dag.py:2919} INFO - Setting next_dagrun for example_branch_python_operator_decorator to 2023-03-27T00:00:00+00:00, run_after=2023-03-28T00:00:00+00:00
[2023-03-28 22:29:57,164] {processor.py:161} INFO - Processing /home/airflow/.local/lib/python3.7/site-packages/airflow/example_dags/example_branch_operator_decorator.py took 0.151 seconds
[2023-03-28 22:30:27,382] {processor.py:153} INFO - Started process (PID=3146) to work on /home/airflow/.local/lib/python3.7/site-packages/airflow/example_dags/example_branch_operator_decorator.py
[2023-03-28 22:30:27,382] {processor.py:641} INFO - Processing file /home/airflow/.local/lib/python3.7/site-packages/airflow/example_dags/example_branch_operator_decorator.py for tasks to queue
[2023-03-28 22:30:27,383] {logging_mixin.py:115} INFO - [2023-03-28 22:30:27,383] {dagbag.py:507} INFO - Filling up the DagBag from /home/airflow/.local/lib/python3.7/site-packages/airflow/example_dags/example_branch_operator_decorator.py
[2023-03-28 22:30:27,396] {processor.py:651} INFO - DAG(s) dict_keys(['example_branch_python_operator_decorator']) retrieved from /home/airflow/.local/lib/python3.7/site-packages/airflow/example_dags/example_branch_operator_decorator.py
[2023-03-28 22:30:27,417] {logging_mixin.py:115} INFO - [2023-03-28 22:30:27,417] {dag.py:2371} INFO - Sync 1 DAGs
[2023-03-28 22:30:27,439] {logging_mixin.py:115} INFO - [2023-03-28 22:30:27,439] {dag.py:2919} INFO - Setting next_dagrun for example_branch_python_operator_decorator to 2023-03-27T00:00:00+00:00, run_after=2023-03-28T00:00:00+00:00
[2023-03-28 22:30:27,532] {processor.py:161} INFO - Processing /home/airflow/.local/lib/python3.7/site-packages/airflow/example_dags/example_branch_operator_decorator.py took 0.152 seconds
[2023-03-28 22:30:57,731] {processor.py:153} INFO - Started process (PID=3201) to work on /home/airflow/.local/lib/python3.7/site-packages/airflow/example_dags/example_branch_operator_decorator.py
[2023-03-28 22:30:57,732] {processor.py:641} INFO - Processing file /home/airflow/.local/lib/python3.7/site-packages/airflow/example_dags/example_branch_operator_decorator.py for tasks to queue
[2023-03-28 22:30:57,732] {logging_mixin.py:115} INFO - [2023-03-28 22:30:57,732] {dagbag.py:507} INFO - Filling up the DagBag from /home/airflow/.local/lib/python3.7/site-packages/airflow/example_dags/example_branch_operator_decorator.py
[2023-03-28 22:30:57,751] {processor.py:651} INFO - DAG(s) dict_keys(['example_branch_python_operator_decorator']) retrieved from /home/airflow/.local/lib/python3.7/site-packages/airflow/example_dags/example_branch_operator_decorator.py
[2023-03-28 22:30:57,775] {logging_mixin.py:115} INFO - [2023-03-28 22:30:57,775] {dag.py:2371} INFO - Sync 1 DAGs
[2023-03-28 22:30:57,799] {logging_mixin.py:115} INFO - [2023-03-28 22:30:57,799] {dag.py:2919} INFO - Setting next_dagrun for example_branch_python_operator_decorator to 2023-03-27T00:00:00+00:00, run_after=2023-03-28T00:00:00+00:00
[2023-03-28 22:30:57,920] {processor.py:161} INFO - Processing /home/airflow/.local/lib/python3.7/site-packages/airflow/example_dags/example_branch_operator_decorator.py took 0.191 seconds
[2023-03-28 22:31:28,064] {processor.py:153} INFO - Started process (PID=3265) to work on /home/airflow/.local/lib/python3.7/site-packages/airflow/example_dags/example_branch_operator_decorator.py
[2023-03-28 22:31:28,064] {processor.py:641} INFO - Processing file /home/airflow/.local/lib/python3.7/site-packages/airflow/example_dags/example_branch_operator_decorator.py for tasks to queue
[2023-03-28 22:31:28,064] {logging_mixin.py:115} INFO - [2023-03-28 22:31:28,064] {dagbag.py:507} INFO - Filling up the DagBag from /home/airflow/.local/lib/python3.7/site-packages/airflow/example_dags/example_branch_operator_decorator.py
[2023-03-28 22:31:28,077] {processor.py:651} INFO - DAG(s) dict_keys(['example_branch_python_operator_decorator']) retrieved from /home/airflow/.local/lib/python3.7/site-packages/airflow/example_dags/example_branch_operator_decorator.py
[2023-03-28 22:31:28,101] {logging_mixin.py:115} INFO - [2023-03-28 22:31:28,101] {dag.py:2371} INFO - Sync 1 DAGs
[2023-03-28 22:31:28,125] {logging_mixin.py:115} INFO - [2023-03-28 22:31:28,125] {dag.py:2919} INFO - Setting next_dagrun for example_branch_python_operator_decorator to 2023-03-27T00:00:00+00:00, run_after=2023-03-28T00:00:00+00:00
[2023-03-28 22:31:28,240] {processor.py:161} INFO - Processing /home/airflow/.local/lib/python3.7/site-packages/airflow/example_dags/example_branch_operator_decorator.py took 0.179 seconds
[2023-03-28 22:31:58,484] {processor.py:153} INFO - Started process (PID=3329) to work on /home/airflow/.local/lib/python3.7/site-packages/airflow/example_dags/example_branch_operator_decorator.py
[2023-03-28 22:31:58,485] {processor.py:641} INFO - Processing file /home/airflow/.local/lib/python3.7/site-packages/airflow/example_dags/example_branch_operator_decorator.py for tasks to queue
[2023-03-28 22:31:58,486] {logging_mixin.py:115} INFO - [2023-03-28 22:31:58,486] {dagbag.py:507} INFO - Filling up the DagBag from /home/airflow/.local/lib/python3.7/site-packages/airflow/example_dags/example_branch_operator_decorator.py
[2023-03-28 22:31:58,499] {processor.py:651} INFO - DAG(s) dict_keys(['example_branch_python_operator_decorator']) retrieved from /home/airflow/.local/lib/python3.7/site-packages/airflow/example_dags/example_branch_operator_decorator.py
[2023-03-28 22:31:58,522] {logging_mixin.py:115} INFO - [2023-03-28 22:31:58,522] {dag.py:2371} INFO - Sync 1 DAGs
[2023-03-28 22:31:58,545] {logging_mixin.py:115} INFO - [2023-03-28 22:31:58,544] {dag.py:2919} INFO - Setting next_dagrun for example_branch_python_operator_decorator to 2023-03-27T00:00:00+00:00, run_after=2023-03-28T00:00:00+00:00
[2023-03-28 22:31:58,667] {processor.py:161} INFO - Processing /home/airflow/.local/lib/python3.7/site-packages/airflow/example_dags/example_branch_operator_decorator.py took 0.185 seconds
[2023-03-28 22:32:28,893] {processor.py:153} INFO - Started process (PID=3384) to work on /home/airflow/.local/lib/python3.7/site-packages/airflow/example_dags/example_branch_operator_decorator.py
[2023-03-28 22:32:28,893] {processor.py:641} INFO - Processing file /home/airflow/.local/lib/python3.7/site-packages/airflow/example_dags/example_branch_operator_decorator.py for tasks to queue
[2023-03-28 22:32:28,893] {logging_mixin.py:115} INFO - [2023-03-28 22:32:28,893] {dagbag.py:507} INFO - Filling up the DagBag from /home/airflow/.local/lib/python3.7/site-packages/airflow/example_dags/example_branch_operator_decorator.py
[2023-03-28 22:32:28,906] {processor.py:651} INFO - DAG(s) dict_keys(['example_branch_python_operator_decorator']) retrieved from /home/airflow/.local/lib/python3.7/site-packages/airflow/example_dags/example_branch_operator_decorator.py
[2023-03-28 22:32:28,926] {logging_mixin.py:115} INFO - [2023-03-28 22:32:28,926] {dag.py:2371} INFO - Sync 1 DAGs
[2023-03-28 22:32:28,947] {logging_mixin.py:115} INFO - [2023-03-28 22:32:28,947] {dag.py:2919} INFO - Setting next_dagrun for example_branch_python_operator_decorator to 2023-03-27T00:00:00+00:00, run_after=2023-03-28T00:00:00+00:00
[2023-03-28 22:32:29,050] {processor.py:161} INFO - Processing /home/airflow/.local/lib/python3.7/site-packages/airflow/example_dags/example_branch_operator_decorator.py took 0.160 seconds
[2023-03-28 22:32:59,197] {processor.py:153} INFO - Started process (PID=3448) to work on /home/airflow/.local/lib/python3.7/site-packages/airflow/example_dags/example_branch_operator_decorator.py
[2023-03-28 22:32:59,198] {processor.py:641} INFO - Processing file /home/airflow/.local/lib/python3.7/site-packages/airflow/example_dags/example_branch_operator_decorator.py for tasks to queue
[2023-03-28 22:32:59,199] {logging_mixin.py:115} INFO - [2023-03-28 22:32:59,199] {dagbag.py:507} INFO - Filling up the DagBag from /home/airflow/.local/lib/python3.7/site-packages/airflow/example_dags/example_branch_operator_decorator.py
[2023-03-28 22:32:59,212] {processor.py:651} INFO - DAG(s) dict_keys(['example_branch_python_operator_decorator']) retrieved from /home/airflow/.local/lib/python3.7/site-packages/airflow/example_dags/example_branch_operator_decorator.py
[2023-03-28 22:32:59,234] {logging_mixin.py:115} INFO - [2023-03-28 22:32:59,234] {dag.py:2371} INFO - Sync 1 DAGs
[2023-03-28 22:32:59,255] {logging_mixin.py:115} INFO - [2023-03-28 22:32:59,254] {dag.py:2919} INFO - Setting next_dagrun for example_branch_python_operator_decorator to 2023-03-27T00:00:00+00:00, run_after=2023-03-28T00:00:00+00:00
[2023-03-28 22:32:59,348] {processor.py:161} INFO - Processing /home/airflow/.local/lib/python3.7/site-packages/airflow/example_dags/example_branch_operator_decorator.py took 0.152 seconds
[2023-03-28 22:33:29,615] {processor.py:153} INFO - Started process (PID=3512) to work on /home/airflow/.local/lib/python3.7/site-packages/airflow/example_dags/example_branch_operator_decorator.py
[2023-03-28 22:33:29,615] {processor.py:641} INFO - Processing file /home/airflow/.local/lib/python3.7/site-packages/airflow/example_dags/example_branch_operator_decorator.py for tasks to queue
[2023-03-28 22:33:29,615] {logging_mixin.py:115} INFO - [2023-03-28 22:33:29,615] {dagbag.py:507} INFO - Filling up the DagBag from /home/airflow/.local/lib/python3.7/site-packages/airflow/example_dags/example_branch_operator_decorator.py
[2023-03-28 22:33:29,629] {processor.py:651} INFO - DAG(s) dict_keys(['example_branch_python_operator_decorator']) retrieved from /home/airflow/.local/lib/python3.7/site-packages/airflow/example_dags/example_branch_operator_decorator.py
[2023-03-28 22:33:29,656] {logging_mixin.py:115} INFO - [2023-03-28 22:33:29,656] {dag.py:2371} INFO - Sync 1 DAGs
[2023-03-28 22:33:29,682] {logging_mixin.py:115} INFO - [2023-03-28 22:33:29,682] {dag.py:2919} INFO - Setting next_dagrun for example_branch_python_operator_decorator to 2023-03-27T00:00:00+00:00, run_after=2023-03-28T00:00:00+00:00
[2023-03-28 22:33:29,790] {processor.py:161} INFO - Processing /home/airflow/.local/lib/python3.7/site-packages/airflow/example_dags/example_branch_operator_decorator.py took 0.178 seconds
[2023-03-28 22:33:59,964] {processor.py:153} INFO - Started process (PID=3567) to work on /home/airflow/.local/lib/python3.7/site-packages/airflow/example_dags/example_branch_operator_decorator.py
[2023-03-28 22:33:59,965] {processor.py:641} INFO - Processing file /home/airflow/.local/lib/python3.7/site-packages/airflow/example_dags/example_branch_operator_decorator.py for tasks to queue
[2023-03-28 22:33:59,965] {logging_mixin.py:115} INFO - [2023-03-28 22:33:59,965] {dagbag.py:507} INFO - Filling up the DagBag from /home/airflow/.local/lib/python3.7/site-packages/airflow/example_dags/example_branch_operator_decorator.py
[2023-03-28 22:33:59,979] {processor.py:651} INFO - DAG(s) dict_keys(['example_branch_python_operator_decorator']) retrieved from /home/airflow/.local/lib/python3.7/site-packages/airflow/example_dags/example_branch_operator_decorator.py
[2023-03-28 22:34:00,002] {logging_mixin.py:115} INFO - [2023-03-28 22:34:00,002] {dag.py:2371} INFO - Sync 1 DAGs
[2023-03-28 22:34:00,026] {logging_mixin.py:115} INFO - [2023-03-28 22:34:00,026] {dag.py:2919} INFO - Setting next_dagrun for example_branch_python_operator_decorator to 2023-03-27T00:00:00+00:00, run_after=2023-03-28T00:00:00+00:00
[2023-03-28 22:34:00,121] {processor.py:161} INFO - Processing /home/airflow/.local/lib/python3.7/site-packages/airflow/example_dags/example_branch_operator_decorator.py took 0.158 seconds
[2023-03-28 22:34:30,369] {processor.py:153} INFO - Started process (PID=3631) to work on /home/airflow/.local/lib/python3.7/site-packages/airflow/example_dags/example_branch_operator_decorator.py
[2023-03-28 22:34:30,369] {processor.py:641} INFO - Processing file /home/airflow/.local/lib/python3.7/site-packages/airflow/example_dags/example_branch_operator_decorator.py for tasks to queue
[2023-03-28 22:34:30,369] {logging_mixin.py:115} INFO - [2023-03-28 22:34:30,369] {dagbag.py:507} INFO - Filling up the DagBag from /home/airflow/.local/lib/python3.7/site-packages/airflow/example_dags/example_branch_operator_decorator.py
[2023-03-28 22:34:30,382] {processor.py:651} INFO - DAG(s) dict_keys(['example_branch_python_operator_decorator']) retrieved from /home/airflow/.local/lib/python3.7/site-packages/airflow/example_dags/example_branch_operator_decorator.py
[2023-03-28 22:34:30,403] {logging_mixin.py:115} INFO - [2023-03-28 22:34:30,403] {dag.py:2371} INFO - Sync 1 DAGs
[2023-03-28 22:34:30,424] {logging_mixin.py:115} INFO - [2023-03-28 22:34:30,424] {dag.py:2919} INFO - Setting next_dagrun for example_branch_python_operator_decorator to 2023-03-27T00:00:00+00:00, run_after=2023-03-28T00:00:00+00:00
[2023-03-28 22:34:30,514] {processor.py:161} INFO - Processing /home/airflow/.local/lib/python3.7/site-packages/airflow/example_dags/example_branch_operator_decorator.py took 0.147 seconds
[2023-03-28 22:35:00,845] {processor.py:153} INFO - Started process (PID=3695) to work on /home/airflow/.local/lib/python3.7/site-packages/airflow/example_dags/example_branch_operator_decorator.py
[2023-03-28 22:35:00,857] {processor.py:641} INFO - Processing file /home/airflow/.local/lib/python3.7/site-packages/airflow/example_dags/example_branch_operator_decorator.py for tasks to queue
[2023-03-28 22:35:00,857] {logging_mixin.py:115} INFO - [2023-03-28 22:35:00,857] {dagbag.py:507} INFO - Filling up the DagBag from /home/airflow/.local/lib/python3.7/site-packages/airflow/example_dags/example_branch_operator_decorator.py
[2023-03-28 22:35:00,869] {processor.py:651} INFO - DAG(s) dict_keys(['example_branch_python_operator_decorator']) retrieved from /home/airflow/.local/lib/python3.7/site-packages/airflow/example_dags/example_branch_operator_decorator.py
[2023-03-28 22:35:00,890] {logging_mixin.py:115} INFO - [2023-03-28 22:35:00,890] {dag.py:2371} INFO - Sync 1 DAGs
[2023-03-28 22:35:00,994] {logging_mixin.py:115} INFO - [2023-03-28 22:35:00,994] {dag.py:2919} INFO - Setting next_dagrun for example_branch_python_operator_decorator to 2023-03-27T00:00:00+00:00, run_after=2023-03-28T00:00:00+00:00
[2023-03-28 22:35:01,007] {processor.py:161} INFO - Processing /home/airflow/.local/lib/python3.7/site-packages/airflow/example_dags/example_branch_operator_decorator.py took 0.164 seconds
[2023-03-28 22:35:31,490] {processor.py:153} INFO - Started process (PID=3751) to work on /home/airflow/.local/lib/python3.7/site-packages/airflow/example_dags/example_branch_operator_decorator.py
[2023-03-28 22:35:31,491] {processor.py:641} INFO - Processing file /home/airflow/.local/lib/python3.7/site-packages/airflow/example_dags/example_branch_operator_decorator.py for tasks to queue
[2023-03-28 22:35:31,491] {logging_mixin.py:115} INFO - [2023-03-28 22:35:31,491] {dagbag.py:507} INFO - Filling up the DagBag from /home/airflow/.local/lib/python3.7/site-packages/airflow/example_dags/example_branch_operator_decorator.py
[2023-03-28 22:35:31,505] {processor.py:651} INFO - DAG(s) dict_keys(['example_branch_python_operator_decorator']) retrieved from /home/airflow/.local/lib/python3.7/site-packages/airflow/example_dags/example_branch_operator_decorator.py
[2023-03-28 22:35:31,528] {logging_mixin.py:115} INFO - [2023-03-28 22:35:31,528] {dag.py:2371} INFO - Sync 1 DAGs
[2023-03-28 22:35:31,629] {logging_mixin.py:115} INFO - [2023-03-28 22:35:31,629] {dag.py:2919} INFO - Setting next_dagrun for example_branch_python_operator_decorator to 2023-03-27T00:00:00+00:00, run_after=2023-03-28T00:00:00+00:00
[2023-03-28 22:35:31,640] {processor.py:161} INFO - Processing /home/airflow/.local/lib/python3.7/site-packages/airflow/example_dags/example_branch_operator_decorator.py took 0.152 seconds
[2023-03-28 22:36:02,219] {processor.py:153} INFO - Started process (PID=3815) to work on /home/airflow/.local/lib/python3.7/site-packages/airflow/example_dags/example_branch_operator_decorator.py
[2023-03-28 22:36:02,220] {processor.py:641} INFO - Processing file /home/airflow/.local/lib/python3.7/site-packages/airflow/example_dags/example_branch_operator_decorator.py for tasks to queue
[2023-03-28 22:36:02,220] {logging_mixin.py:115} INFO - [2023-03-28 22:36:02,220] {dagbag.py:507} INFO - Filling up the DagBag from /home/airflow/.local/lib/python3.7/site-packages/airflow/example_dags/example_branch_operator_decorator.py
[2023-03-28 22:36:02,232] {processor.py:651} INFO - DAG(s) dict_keys(['example_branch_python_operator_decorator']) retrieved from /home/airflow/.local/lib/python3.7/site-packages/airflow/example_dags/example_branch_operator_decorator.py
[2023-03-28 22:36:02,254] {logging_mixin.py:115} INFO - [2023-03-28 22:36:02,254] {dag.py:2371} INFO - Sync 1 DAGs
[2023-03-28 22:36:02,359] {logging_mixin.py:115} INFO - [2023-03-28 22:36:02,359] {dag.py:2919} INFO - Setting next_dagrun for example_branch_python_operator_decorator to 2023-03-27T00:00:00+00:00, run_after=2023-03-28T00:00:00+00:00
[2023-03-28 22:36:02,370] {processor.py:161} INFO - Processing /home/airflow/.local/lib/python3.7/site-packages/airflow/example_dags/example_branch_operator_decorator.py took 0.152 seconds
[2023-03-28 22:36:33,084] {processor.py:153} INFO - Started process (PID=3881) to work on /home/airflow/.local/lib/python3.7/site-packages/airflow/example_dags/example_branch_operator_decorator.py
[2023-03-28 22:36:33,085] {processor.py:641} INFO - Processing file /home/airflow/.local/lib/python3.7/site-packages/airflow/example_dags/example_branch_operator_decorator.py for tasks to queue
[2023-03-28 22:36:33,086] {logging_mixin.py:115} INFO - [2023-03-28 22:36:33,086] {dagbag.py:507} INFO - Filling up the DagBag from /home/airflow/.local/lib/python3.7/site-packages/airflow/example_dags/example_branch_operator_decorator.py
[2023-03-28 22:36:33,104] {processor.py:651} INFO - DAG(s) dict_keys(['example_branch_python_operator_decorator']) retrieved from /home/airflow/.local/lib/python3.7/site-packages/airflow/example_dags/example_branch_operator_decorator.py
[2023-03-28 22:36:33,130] {logging_mixin.py:115} INFO - [2023-03-28 22:36:33,130] {dag.py:2371} INFO - Sync 1 DAGs
[2023-03-28 22:36:33,234] {logging_mixin.py:115} INFO - [2023-03-28 22:36:33,234] {dag.py:2919} INFO - Setting next_dagrun for example_branch_python_operator_decorator to 2023-03-27T00:00:00+00:00, run_after=2023-03-28T00:00:00+00:00
[2023-03-28 22:36:33,246] {processor.py:161} INFO - Processing /home/airflow/.local/lib/python3.7/site-packages/airflow/example_dags/example_branch_operator_decorator.py took 0.164 seconds
[2023-03-28 22:37:03,764] {processor.py:153} INFO - Started process (PID=3946) to work on /home/airflow/.local/lib/python3.7/site-packages/airflow/example_dags/example_branch_operator_decorator.py
[2023-03-28 22:37:03,764] {processor.py:641} INFO - Processing file /home/airflow/.local/lib/python3.7/site-packages/airflow/example_dags/example_branch_operator_decorator.py for tasks to queue
[2023-03-28 22:37:03,764] {logging_mixin.py:115} INFO - [2023-03-28 22:37:03,764] {dagbag.py:507} INFO - Filling up the DagBag from /home/airflow/.local/lib/python3.7/site-packages/airflow/example_dags/example_branch_operator_decorator.py
[2023-03-28 22:37:03,778] {processor.py:651} INFO - DAG(s) dict_keys(['example_branch_python_operator_decorator']) retrieved from /home/airflow/.local/lib/python3.7/site-packages/airflow/example_dags/example_branch_operator_decorator.py
[2023-03-28 22:37:03,803] {logging_mixin.py:115} INFO - [2023-03-28 22:37:03,803] {dag.py:2371} INFO - Sync 1 DAGs
[2023-03-28 22:37:03,928] {logging_mixin.py:115} INFO - [2023-03-28 22:37:03,928] {dag.py:2919} INFO - Setting next_dagrun for example_branch_python_operator_decorator to 2023-03-27T00:00:00+00:00, run_after=2023-03-28T00:00:00+00:00
[2023-03-28 22:37:03,942] {processor.py:161} INFO - Processing /home/airflow/.local/lib/python3.7/site-packages/airflow/example_dags/example_branch_operator_decorator.py took 0.180 seconds
[2023-03-28 22:37:34,630] {processor.py:153} INFO - Started process (PID=4001) to work on /home/airflow/.local/lib/python3.7/site-packages/airflow/example_dags/example_branch_operator_decorator.py
[2023-03-28 22:37:34,631] {processor.py:641} INFO - Processing file /home/airflow/.local/lib/python3.7/site-packages/airflow/example_dags/example_branch_operator_decorator.py for tasks to queue
[2023-03-28 22:37:34,632] {logging_mixin.py:115} INFO - [2023-03-28 22:37:34,631] {dagbag.py:507} INFO - Filling up the DagBag from /home/airflow/.local/lib/python3.7/site-packages/airflow/example_dags/example_branch_operator_decorator.py
[2023-03-28 22:37:34,651] {processor.py:651} INFO - DAG(s) dict_keys(['example_branch_python_operator_decorator']) retrieved from /home/airflow/.local/lib/python3.7/site-packages/airflow/example_dags/example_branch_operator_decorator.py
[2023-03-28 22:37:34,681] {logging_mixin.py:115} INFO - [2023-03-28 22:37:34,681] {dag.py:2371} INFO - Sync 1 DAGs
[2023-03-28 22:37:34,812] {logging_mixin.py:115} INFO - [2023-03-28 22:37:34,812] {dag.py:2919} INFO - Setting next_dagrun for example_branch_python_operator_decorator to 2023-03-27T00:00:00+00:00, run_after=2023-03-28T00:00:00+00:00
[2023-03-28 22:37:34,825] {processor.py:161} INFO - Processing /home/airflow/.local/lib/python3.7/site-packages/airflow/example_dags/example_branch_operator_decorator.py took 0.198 seconds
[2023-03-28 22:38:05,300] {processor.py:153} INFO - Started process (PID=4065) to work on /home/airflow/.local/lib/python3.7/site-packages/airflow/example_dags/example_branch_operator_decorator.py
[2023-03-28 22:38:05,300] {processor.py:641} INFO - Processing file /home/airflow/.local/lib/python3.7/site-packages/airflow/example_dags/example_branch_operator_decorator.py for tasks to queue
[2023-03-28 22:38:05,301] {logging_mixin.py:115} INFO - [2023-03-28 22:38:05,301] {dagbag.py:507} INFO - Filling up the DagBag from /home/airflow/.local/lib/python3.7/site-packages/airflow/example_dags/example_branch_operator_decorator.py
[2023-03-28 22:38:05,313] {processor.py:651} INFO - DAG(s) dict_keys(['example_branch_python_operator_decorator']) retrieved from /home/airflow/.local/lib/python3.7/site-packages/airflow/example_dags/example_branch_operator_decorator.py
[2023-03-28 22:38:05,335] {logging_mixin.py:115} INFO - [2023-03-28 22:38:05,334] {dag.py:2371} INFO - Sync 1 DAGs
[2023-03-28 22:38:05,434] {logging_mixin.py:115} INFO - [2023-03-28 22:38:05,434] {dag.py:2919} INFO - Setting next_dagrun for example_branch_python_operator_decorator to 2023-03-27T00:00:00+00:00, run_after=2023-03-28T00:00:00+00:00
[2023-03-28 22:38:05,445] {processor.py:161} INFO - Processing /home/airflow/.local/lib/python3.7/site-packages/airflow/example_dags/example_branch_operator_decorator.py took 0.147 seconds
[2023-03-28 22:38:36,196] {processor.py:153} INFO - Started process (PID=4129) to work on /home/airflow/.local/lib/python3.7/site-packages/airflow/example_dags/example_branch_operator_decorator.py
[2023-03-28 22:38:36,197] {processor.py:641} INFO - Processing file /home/airflow/.local/lib/python3.7/site-packages/airflow/example_dags/example_branch_operator_decorator.py for tasks to queue
[2023-03-28 22:38:36,197] {logging_mixin.py:115} INFO - [2023-03-28 22:38:36,197] {dagbag.py:507} INFO - Filling up the DagBag from /home/airflow/.local/lib/python3.7/site-packages/airflow/example_dags/example_branch_operator_decorator.py
[2023-03-28 22:38:36,212] {processor.py:651} INFO - DAG(s) dict_keys(['example_branch_python_operator_decorator']) retrieved from /home/airflow/.local/lib/python3.7/site-packages/airflow/example_dags/example_branch_operator_decorator.py
[2023-03-28 22:38:36,233] {logging_mixin.py:115} INFO - [2023-03-28 22:38:36,233] {dag.py:2371} INFO - Sync 1 DAGs
[2023-03-28 22:38:36,338] {logging_mixin.py:115} INFO - [2023-03-28 22:38:36,338] {dag.py:2919} INFO - Setting next_dagrun for example_branch_python_operator_decorator to 2023-03-27T00:00:00+00:00, run_after=2023-03-28T00:00:00+00:00
[2023-03-28 22:38:36,350] {processor.py:161} INFO - Processing /home/airflow/.local/lib/python3.7/site-packages/airflow/example_dags/example_branch_operator_decorator.py took 0.157 seconds
[2023-03-28 22:39:06,872] {processor.py:153} INFO - Started process (PID=4184) to work on /home/airflow/.local/lib/python3.7/site-packages/airflow/example_dags/example_branch_operator_decorator.py
[2023-03-28 22:39:06,872] {processor.py:641} INFO - Processing file /home/airflow/.local/lib/python3.7/site-packages/airflow/example_dags/example_branch_operator_decorator.py for tasks to queue
[2023-03-28 22:39:06,872] {logging_mixin.py:115} INFO - [2023-03-28 22:39:06,872] {dagbag.py:507} INFO - Filling up the DagBag from /home/airflow/.local/lib/python3.7/site-packages/airflow/example_dags/example_branch_operator_decorator.py
[2023-03-28 22:39:06,885] {processor.py:651} INFO - DAG(s) dict_keys(['example_branch_python_operator_decorator']) retrieved from /home/airflow/.local/lib/python3.7/site-packages/airflow/example_dags/example_branch_operator_decorator.py
[2023-03-28 22:39:06,908] {logging_mixin.py:115} INFO - [2023-03-28 22:39:06,908] {dag.py:2371} INFO - Sync 1 DAGs
[2023-03-28 22:39:07,022] {logging_mixin.py:115} INFO - [2023-03-28 22:39:07,022] {dag.py:2919} INFO - Setting next_dagrun for example_branch_python_operator_decorator to 2023-03-27T00:00:00+00:00, run_after=2023-03-28T00:00:00+00:00
[2023-03-28 22:39:07,034] {processor.py:161} INFO - Processing /home/airflow/.local/lib/python3.7/site-packages/airflow/example_dags/example_branch_operator_decorator.py took 0.164 seconds
[2023-03-28 22:39:37,631] {processor.py:153} INFO - Started process (PID=4249) to work on /home/airflow/.local/lib/python3.7/site-packages/airflow/example_dags/example_branch_operator_decorator.py
[2023-03-28 22:39:37,632] {processor.py:641} INFO - Processing file /home/airflow/.local/lib/python3.7/site-packages/airflow/example_dags/example_branch_operator_decorator.py for tasks to queue
[2023-03-28 22:39:37,632] {logging_mixin.py:115} INFO - [2023-03-28 22:39:37,632] {dagbag.py:507} INFO - Filling up the DagBag from /home/airflow/.local/lib/python3.7/site-packages/airflow/example_dags/example_branch_operator_decorator.py
[2023-03-28 22:39:37,645] {processor.py:651} INFO - DAG(s) dict_keys(['example_branch_python_operator_decorator']) retrieved from /home/airflow/.local/lib/python3.7/site-packages/airflow/example_dags/example_branch_operator_decorator.py
[2023-03-28 22:39:37,666] {logging_mixin.py:115} INFO - [2023-03-28 22:39:37,666] {dag.py:2371} INFO - Sync 1 DAGs
[2023-03-28 22:39:37,770] {logging_mixin.py:115} INFO - [2023-03-28 22:39:37,770] {dag.py:2919} INFO - Setting next_dagrun for example_branch_python_operator_decorator to 2023-03-27T00:00:00+00:00, run_after=2023-03-28T00:00:00+00:00
[2023-03-28 22:39:37,782] {processor.py:161} INFO - Processing /home/airflow/.local/lib/python3.7/site-packages/airflow/example_dags/example_branch_operator_decorator.py took 0.153 seconds
[2023-03-28 22:40:08,258] {processor.py:153} INFO - Started process (PID=4313) to work on /home/airflow/.local/lib/python3.7/site-packages/airflow/example_dags/example_branch_operator_decorator.py
[2023-03-28 22:40:08,259] {processor.py:641} INFO - Processing file /home/airflow/.local/lib/python3.7/site-packages/airflow/example_dags/example_branch_operator_decorator.py for tasks to queue
[2023-03-28 22:40:08,259] {logging_mixin.py:115} INFO - [2023-03-28 22:40:08,259] {dagbag.py:507} INFO - Filling up the DagBag from /home/airflow/.local/lib/python3.7/site-packages/airflow/example_dags/example_branch_operator_decorator.py
[2023-03-28 22:40:08,273] {processor.py:651} INFO - DAG(s) dict_keys(['example_branch_python_operator_decorator']) retrieved from /home/airflow/.local/lib/python3.7/site-packages/airflow/example_dags/example_branch_operator_decorator.py
[2023-03-28 22:40:08,296] {logging_mixin.py:115} INFO - [2023-03-28 22:40:08,295] {dag.py:2371} INFO - Sync 1 DAGs
[2023-03-28 22:40:08,407] {logging_mixin.py:115} INFO - [2023-03-28 22:40:08,407] {dag.py:2919} INFO - Setting next_dagrun for example_branch_python_operator_decorator to 2023-03-27T00:00:00+00:00, run_after=2023-03-28T00:00:00+00:00
[2023-03-28 22:40:08,419] {processor.py:161} INFO - Processing /home/airflow/.local/lib/python3.7/site-packages/airflow/example_dags/example_branch_operator_decorator.py took 0.162 seconds
[2023-03-28 22:40:38,775] {processor.py:153} INFO - Started process (PID=4368) to work on /home/airflow/.local/lib/python3.7/site-packages/airflow/example_dags/example_branch_operator_decorator.py
[2023-03-28 22:40:38,777] {processor.py:641} INFO - Processing file /home/airflow/.local/lib/python3.7/site-packages/airflow/example_dags/example_branch_operator_decorator.py for tasks to queue
[2023-03-28 22:40:38,778] {logging_mixin.py:115} INFO - [2023-03-28 22:40:38,778] {dagbag.py:507} INFO - Filling up the DagBag from /home/airflow/.local/lib/python3.7/site-packages/airflow/example_dags/example_branch_operator_decorator.py
[2023-03-28 22:40:38,812] {processor.py:651} INFO - DAG(s) dict_keys(['example_branch_python_operator_decorator']) retrieved from /home/airflow/.local/lib/python3.7/site-packages/airflow/example_dags/example_branch_operator_decorator.py
[2023-03-28 22:40:38,868] {logging_mixin.py:115} INFO - [2023-03-28 22:40:38,867] {dag.py:2371} INFO - Sync 1 DAGs
[2023-03-28 22:40:39,105] {logging_mixin.py:115} INFO - [2023-03-28 22:40:39,104] {dag.py:2919} INFO - Setting next_dagrun for example_branch_python_operator_decorator to 2023-03-27T00:00:00+00:00, run_after=2023-03-28T00:00:00+00:00
[2023-03-28 22:40:39,137] {processor.py:161} INFO - Processing /home/airflow/.local/lib/python3.7/site-packages/airflow/example_dags/example_branch_operator_decorator.py took 0.366 seconds
[2023-03-28 22:41:27,277] {processor.py:153} INFO - Started process (PID=53) to work on /home/airflow/.local/lib/python3.7/site-packages/airflow/example_dags/example_branch_operator_decorator.py
[2023-03-28 22:41:27,278] {processor.py:641} INFO - Processing file /home/airflow/.local/lib/python3.7/site-packages/airflow/example_dags/example_branch_operator_decorator.py for tasks to queue
[2023-03-28 22:41:27,278] {logging_mixin.py:115} INFO - [2023-03-28 22:41:27,278] {dagbag.py:507} INFO - Filling up the DagBag from /home/airflow/.local/lib/python3.7/site-packages/airflow/example_dags/example_branch_operator_decorator.py
[2023-03-28 22:41:27,295] {processor.py:651} INFO - DAG(s) dict_keys(['example_branch_python_operator_decorator']) retrieved from /home/airflow/.local/lib/python3.7/site-packages/airflow/example_dags/example_branch_operator_decorator.py
[2023-03-28 22:41:27,323] {logging_mixin.py:115} INFO - [2023-03-28 22:41:27,323] {dag.py:2371} INFO - Sync 1 DAGs
[2023-03-28 22:41:27,345] {logging_mixin.py:115} INFO - [2023-03-28 22:41:27,345] {dag.py:2919} INFO - Setting next_dagrun for example_branch_python_operator_decorator to 2023-03-27T00:00:00+00:00, run_after=2023-03-28T00:00:00+00:00
[2023-03-28 22:41:27,358] {processor.py:161} INFO - Processing /home/airflow/.local/lib/python3.7/site-packages/airflow/example_dags/example_branch_operator_decorator.py took 0.084 seconds
[2023-03-28 22:41:57,816] {processor.py:153} INFO - Started process (PID=118) to work on /home/airflow/.local/lib/python3.7/site-packages/airflow/example_dags/example_branch_operator_decorator.py
[2023-03-28 22:41:57,816] {processor.py:641} INFO - Processing file /home/airflow/.local/lib/python3.7/site-packages/airflow/example_dags/example_branch_operator_decorator.py for tasks to queue
[2023-03-28 22:41:57,816] {logging_mixin.py:115} INFO - [2023-03-28 22:41:57,816] {dagbag.py:507} INFO - Filling up the DagBag from /home/airflow/.local/lib/python3.7/site-packages/airflow/example_dags/example_branch_operator_decorator.py
[2023-03-28 22:41:57,830] {processor.py:651} INFO - DAG(s) dict_keys(['example_branch_python_operator_decorator']) retrieved from /home/airflow/.local/lib/python3.7/site-packages/airflow/example_dags/example_branch_operator_decorator.py
[2023-03-28 22:41:57,853] {logging_mixin.py:115} INFO - [2023-03-28 22:41:57,853] {dag.py:2371} INFO - Sync 1 DAGs
[2023-03-28 22:41:57,873] {logging_mixin.py:115} INFO - [2023-03-28 22:41:57,873] {dag.py:2919} INFO - Setting next_dagrun for example_branch_python_operator_decorator to 2023-03-27T00:00:00+00:00, run_after=2023-03-28T00:00:00+00:00
[2023-03-28 22:41:57,885] {processor.py:161} INFO - Processing /home/airflow/.local/lib/python3.7/site-packages/airflow/example_dags/example_branch_operator_decorator.py took 0.072 seconds
[2023-03-28 22:42:28,136] {processor.py:153} INFO - Started process (PID=173) to work on /home/airflow/.local/lib/python3.7/site-packages/airflow/example_dags/example_branch_operator_decorator.py
[2023-03-28 22:42:28,137] {processor.py:641} INFO - Processing file /home/airflow/.local/lib/python3.7/site-packages/airflow/example_dags/example_branch_operator_decorator.py for tasks to queue
[2023-03-28 22:42:28,138] {logging_mixin.py:115} INFO - [2023-03-28 22:42:28,137] {dagbag.py:507} INFO - Filling up the DagBag from /home/airflow/.local/lib/python3.7/site-packages/airflow/example_dags/example_branch_operator_decorator.py
[2023-03-28 22:42:28,150] {processor.py:651} INFO - DAG(s) dict_keys(['example_branch_python_operator_decorator']) retrieved from /home/airflow/.local/lib/python3.7/site-packages/airflow/example_dags/example_branch_operator_decorator.py
[2023-03-28 22:42:28,173] {logging_mixin.py:115} INFO - [2023-03-28 22:42:28,173] {dag.py:2371} INFO - Sync 1 DAGs
[2023-03-28 22:42:28,191] {logging_mixin.py:115} INFO - [2023-03-28 22:42:28,191] {dag.py:2919} INFO - Setting next_dagrun for example_branch_python_operator_decorator to 2023-03-27T00:00:00+00:00, run_after=2023-03-28T00:00:00+00:00
[2023-03-28 22:42:28,204] {processor.py:161} INFO - Processing /home/airflow/.local/lib/python3.7/site-packages/airflow/example_dags/example_branch_operator_decorator.py took 0.069 seconds
[2023-03-28 22:42:58,663] {processor.py:153} INFO - Started process (PID=238) to work on /home/airflow/.local/lib/python3.7/site-packages/airflow/example_dags/example_branch_operator_decorator.py
[2023-03-28 22:42:58,663] {processor.py:641} INFO - Processing file /home/airflow/.local/lib/python3.7/site-packages/airflow/example_dags/example_branch_operator_decorator.py for tasks to queue
[2023-03-28 22:42:58,663] {logging_mixin.py:115} INFO - [2023-03-28 22:42:58,663] {dagbag.py:507} INFO - Filling up the DagBag from /home/airflow/.local/lib/python3.7/site-packages/airflow/example_dags/example_branch_operator_decorator.py
[2023-03-28 22:42:58,675] {processor.py:651} INFO - DAG(s) dict_keys(['example_branch_python_operator_decorator']) retrieved from /home/airflow/.local/lib/python3.7/site-packages/airflow/example_dags/example_branch_operator_decorator.py
[2023-03-28 22:42:58,698] {logging_mixin.py:115} INFO - [2023-03-28 22:42:58,698] {dag.py:2371} INFO - Sync 1 DAGs
[2023-03-28 22:42:58,718] {logging_mixin.py:115} INFO - [2023-03-28 22:42:58,718] {dag.py:2919} INFO - Setting next_dagrun for example_branch_python_operator_decorator to 2023-03-27T00:00:00+00:00, run_after=2023-03-28T00:00:00+00:00
[2023-03-28 22:42:58,731] {processor.py:161} INFO - Processing /home/airflow/.local/lib/python3.7/site-packages/airflow/example_dags/example_branch_operator_decorator.py took 0.071 seconds
[2023-03-28 22:43:29,173] {processor.py:153} INFO - Started process (PID=302) to work on /home/airflow/.local/lib/python3.7/site-packages/airflow/example_dags/example_branch_operator_decorator.py
[2023-03-28 22:43:29,174] {processor.py:641} INFO - Processing file /home/airflow/.local/lib/python3.7/site-packages/airflow/example_dags/example_branch_operator_decorator.py for tasks to queue
[2023-03-28 22:43:29,174] {logging_mixin.py:115} INFO - [2023-03-28 22:43:29,174] {dagbag.py:507} INFO - Filling up the DagBag from /home/airflow/.local/lib/python3.7/site-packages/airflow/example_dags/example_branch_operator_decorator.py
[2023-03-28 22:43:29,188] {processor.py:651} INFO - DAG(s) dict_keys(['example_branch_python_operator_decorator']) retrieved from /home/airflow/.local/lib/python3.7/site-packages/airflow/example_dags/example_branch_operator_decorator.py
[2023-03-28 22:43:29,212] {logging_mixin.py:115} INFO - [2023-03-28 22:43:29,212] {dag.py:2371} INFO - Sync 1 DAGs
[2023-03-28 22:43:29,235] {logging_mixin.py:115} INFO - [2023-03-28 22:43:29,235] {dag.py:2919} INFO - Setting next_dagrun for example_branch_python_operator_decorator to 2023-03-27T00:00:00+00:00, run_after=2023-03-28T00:00:00+00:00
[2023-03-28 22:43:29,251] {processor.py:161} INFO - Processing /home/airflow/.local/lib/python3.7/site-packages/airflow/example_dags/example_branch_operator_decorator.py took 0.081 seconds
[2023-03-28 22:43:59,685] {processor.py:153} INFO - Started process (PID=357) to work on /home/airflow/.local/lib/python3.7/site-packages/airflow/example_dags/example_branch_operator_decorator.py
[2023-03-28 22:43:59,686] {processor.py:641} INFO - Processing file /home/airflow/.local/lib/python3.7/site-packages/airflow/example_dags/example_branch_operator_decorator.py for tasks to queue
[2023-03-28 22:43:59,687] {logging_mixin.py:115} INFO - [2023-03-28 22:43:59,687] {dagbag.py:507} INFO - Filling up the DagBag from /home/airflow/.local/lib/python3.7/site-packages/airflow/example_dags/example_branch_operator_decorator.py
[2023-03-28 22:43:59,718] {processor.py:651} INFO - DAG(s) dict_keys(['example_branch_python_operator_decorator']) retrieved from /home/airflow/.local/lib/python3.7/site-packages/airflow/example_dags/example_branch_operator_decorator.py
[2023-03-28 22:43:59,758] {logging_mixin.py:115} INFO - [2023-03-28 22:43:59,757] {dag.py:2371} INFO - Sync 1 DAGs
[2023-03-28 22:43:59,785] {logging_mixin.py:115} INFO - [2023-03-28 22:43:59,785] {dag.py:2919} INFO - Setting next_dagrun for example_branch_python_operator_decorator to 2023-03-27T00:00:00+00:00, run_after=2023-03-28T00:00:00+00:00
[2023-03-28 22:43:59,803] {processor.py:161} INFO - Processing /home/airflow/.local/lib/python3.7/site-packages/airflow/example_dags/example_branch_operator_decorator.py took 0.121 seconds
[2023-03-28 22:44:30,191] {processor.py:153} INFO - Started process (PID=421) to work on /home/airflow/.local/lib/python3.7/site-packages/airflow/example_dags/example_branch_operator_decorator.py
[2023-03-28 22:44:30,192] {processor.py:641} INFO - Processing file /home/airflow/.local/lib/python3.7/site-packages/airflow/example_dags/example_branch_operator_decorator.py for tasks to queue
[2023-03-28 22:44:30,192] {logging_mixin.py:115} INFO - [2023-03-28 22:44:30,192] {dagbag.py:507} INFO - Filling up the DagBag from /home/airflow/.local/lib/python3.7/site-packages/airflow/example_dags/example_branch_operator_decorator.py
[2023-03-28 22:44:30,205] {processor.py:651} INFO - DAG(s) dict_keys(['example_branch_python_operator_decorator']) retrieved from /home/airflow/.local/lib/python3.7/site-packages/airflow/example_dags/example_branch_operator_decorator.py
[2023-03-28 22:44:30,230] {logging_mixin.py:115} INFO - [2023-03-28 22:44:30,230] {dag.py:2371} INFO - Sync 1 DAGs
[2023-03-28 22:44:30,253] {logging_mixin.py:115} INFO - [2023-03-28 22:44:30,253] {dag.py:2919} INFO - Setting next_dagrun for example_branch_python_operator_decorator to 2023-03-27T00:00:00+00:00, run_after=2023-03-28T00:00:00+00:00
[2023-03-28 22:44:30,269] {processor.py:161} INFO - Processing /home/airflow/.local/lib/python3.7/site-packages/airflow/example_dags/example_branch_operator_decorator.py took 0.080 seconds
[2023-03-28 22:45:01,184] {processor.py:153} INFO - Started process (PID=485) to work on /home/airflow/.local/lib/python3.7/site-packages/airflow/example_dags/example_branch_operator_decorator.py
[2023-03-28 22:45:01,185] {processor.py:641} INFO - Processing file /home/airflow/.local/lib/python3.7/site-packages/airflow/example_dags/example_branch_operator_decorator.py for tasks to queue
[2023-03-28 22:45:01,186] {logging_mixin.py:115} INFO - [2023-03-28 22:45:01,185] {dagbag.py:507} INFO - Filling up the DagBag from /home/airflow/.local/lib/python3.7/site-packages/airflow/example_dags/example_branch_operator_decorator.py
[2023-03-28 22:45:01,200] {processor.py:651} INFO - DAG(s) dict_keys(['example_branch_python_operator_decorator']) retrieved from /home/airflow/.local/lib/python3.7/site-packages/airflow/example_dags/example_branch_operator_decorator.py
[2023-03-28 22:45:01,225] {logging_mixin.py:115} INFO - [2023-03-28 22:45:01,225] {dag.py:2371} INFO - Sync 1 DAGs
[2023-03-28 22:45:01,245] {logging_mixin.py:115} INFO - [2023-03-28 22:45:01,245] {dag.py:2919} INFO - Setting next_dagrun for example_branch_python_operator_decorator to 2023-03-27T00:00:00+00:00, run_after=2023-03-28T00:00:00+00:00
[2023-03-28 22:45:01,258] {processor.py:161} INFO - Processing /home/airflow/.local/lib/python3.7/site-packages/airflow/example_dags/example_branch_operator_decorator.py took 0.076 seconds
[2023-03-28 22:45:32,201] {processor.py:153} INFO - Started process (PID=549) to work on /home/airflow/.local/lib/python3.7/site-packages/airflow/example_dags/example_branch_operator_decorator.py
[2023-03-28 22:45:32,202] {processor.py:641} INFO - Processing file /home/airflow/.local/lib/python3.7/site-packages/airflow/example_dags/example_branch_operator_decorator.py for tasks to queue
[2023-03-28 22:45:32,202] {logging_mixin.py:115} INFO - [2023-03-28 22:45:32,202] {dagbag.py:507} INFO - Filling up the DagBag from /home/airflow/.local/lib/python3.7/site-packages/airflow/example_dags/example_branch_operator_decorator.py
[2023-03-28 22:45:32,218] {processor.py:651} INFO - DAG(s) dict_keys(['example_branch_python_operator_decorator']) retrieved from /home/airflow/.local/lib/python3.7/site-packages/airflow/example_dags/example_branch_operator_decorator.py
[2023-03-28 22:45:32,243] {logging_mixin.py:115} INFO - [2023-03-28 22:45:32,243] {dag.py:2371} INFO - Sync 1 DAGs
[2023-03-28 22:45:32,266] {logging_mixin.py:115} INFO - [2023-03-28 22:45:32,266] {dag.py:2919} INFO - Setting next_dagrun for example_branch_python_operator_decorator to 2023-03-27T00:00:00+00:00, run_after=2023-03-28T00:00:00+00:00
[2023-03-28 22:45:32,279] {processor.py:161} INFO - Processing /home/airflow/.local/lib/python3.7/site-packages/airflow/example_dags/example_branch_operator_decorator.py took 0.080 seconds
[2023-03-28 22:46:02,404] {processor.py:153} INFO - Started process (PID=604) to work on /home/airflow/.local/lib/python3.7/site-packages/airflow/example_dags/example_branch_operator_decorator.py
[2023-03-28 22:46:02,405] {processor.py:641} INFO - Processing file /home/airflow/.local/lib/python3.7/site-packages/airflow/example_dags/example_branch_operator_decorator.py for tasks to queue
[2023-03-28 22:46:02,405] {logging_mixin.py:115} INFO - [2023-03-28 22:46:02,405] {dagbag.py:507} INFO - Filling up the DagBag from /home/airflow/.local/lib/python3.7/site-packages/airflow/example_dags/example_branch_operator_decorator.py
[2023-03-28 22:46:02,418] {processor.py:651} INFO - DAG(s) dict_keys(['example_branch_python_operator_decorator']) retrieved from /home/airflow/.local/lib/python3.7/site-packages/airflow/example_dags/example_branch_operator_decorator.py
[2023-03-28 22:46:02,442] {logging_mixin.py:115} INFO - [2023-03-28 22:46:02,442] {dag.py:2371} INFO - Sync 1 DAGs
[2023-03-28 22:46:02,462] {logging_mixin.py:115} INFO - [2023-03-28 22:46:02,462] {dag.py:2919} INFO - Setting next_dagrun for example_branch_python_operator_decorator to 2023-03-27T00:00:00+00:00, run_after=2023-03-28T00:00:00+00:00
[2023-03-28 22:46:02,474] {processor.py:161} INFO - Processing /home/airflow/.local/lib/python3.7/site-packages/airflow/example_dags/example_branch_operator_decorator.py took 0.072 seconds
[2023-03-28 22:46:32,535] {processor.py:153} INFO - Started process (PID=669) to work on /home/airflow/.local/lib/python3.7/site-packages/airflow/example_dags/example_branch_operator_decorator.py
[2023-03-28 22:46:32,535] {processor.py:641} INFO - Processing file /home/airflow/.local/lib/python3.7/site-packages/airflow/example_dags/example_branch_operator_decorator.py for tasks to queue
[2023-03-28 22:46:32,536] {logging_mixin.py:115} INFO - [2023-03-28 22:46:32,536] {dagbag.py:507} INFO - Filling up the DagBag from /home/airflow/.local/lib/python3.7/site-packages/airflow/example_dags/example_branch_operator_decorator.py
[2023-03-28 22:46:32,549] {processor.py:651} INFO - DAG(s) dict_keys(['example_branch_python_operator_decorator']) retrieved from /home/airflow/.local/lib/python3.7/site-packages/airflow/example_dags/example_branch_operator_decorator.py
[2023-03-28 22:46:32,572] {logging_mixin.py:115} INFO - [2023-03-28 22:46:32,572] {dag.py:2371} INFO - Sync 1 DAGs
[2023-03-28 22:46:32,598] {logging_mixin.py:115} INFO - [2023-03-28 22:46:32,598] {dag.py:2919} INFO - Setting next_dagrun for example_branch_python_operator_decorator to 2023-03-27T00:00:00+00:00, run_after=2023-03-28T00:00:00+00:00
[2023-03-28 22:46:32,613] {processor.py:161} INFO - Processing /home/airflow/.local/lib/python3.7/site-packages/airflow/example_dags/example_branch_operator_decorator.py took 0.079 seconds
[2023-03-28 22:47:02,858] {processor.py:153} INFO - Started process (PID=731) to work on /home/airflow/.local/lib/python3.7/site-packages/airflow/example_dags/example_branch_operator_decorator.py
[2023-03-28 22:47:02,859] {processor.py:641} INFO - Processing file /home/airflow/.local/lib/python3.7/site-packages/airflow/example_dags/example_branch_operator_decorator.py for tasks to queue
[2023-03-28 22:47:02,859] {logging_mixin.py:115} INFO - [2023-03-28 22:47:02,859] {dagbag.py:507} INFO - Filling up the DagBag from /home/airflow/.local/lib/python3.7/site-packages/airflow/example_dags/example_branch_operator_decorator.py
[2023-03-28 22:47:02,874] {processor.py:651} INFO - DAG(s) dict_keys(['example_branch_python_operator_decorator']) retrieved from /home/airflow/.local/lib/python3.7/site-packages/airflow/example_dags/example_branch_operator_decorator.py
[2023-03-28 22:47:02,899] {logging_mixin.py:115} INFO - [2023-03-28 22:47:02,899] {dag.py:2371} INFO - Sync 1 DAGs
[2023-03-28 22:47:02,920] {logging_mixin.py:115} INFO - [2023-03-28 22:47:02,920] {dag.py:2919} INFO - Setting next_dagrun for example_branch_python_operator_decorator to 2023-03-27T00:00:00+00:00, run_after=2023-03-28T00:00:00+00:00
[2023-03-28 22:47:02,934] {processor.py:161} INFO - Processing /home/airflow/.local/lib/python3.7/site-packages/airflow/example_dags/example_branch_operator_decorator.py took 0.079 seconds
[2023-03-28 22:48:12,194] {processor.py:153} INFO - Started process (PID=63) to work on /home/airflow/.local/lib/python3.7/site-packages/airflow/example_dags/example_branch_operator_decorator.py
[2023-03-28 22:48:12,195] {processor.py:641} INFO - Processing file /home/airflow/.local/lib/python3.7/site-packages/airflow/example_dags/example_branch_operator_decorator.py for tasks to queue
[2023-03-28 22:48:12,196] {logging_mixin.py:115} INFO - [2023-03-28 22:48:12,196] {dagbag.py:507} INFO - Filling up the DagBag from /home/airflow/.local/lib/python3.7/site-packages/airflow/example_dags/example_branch_operator_decorator.py
[2023-03-28 22:48:12,231] {processor.py:651} INFO - DAG(s) dict_keys(['example_branch_python_operator_decorator']) retrieved from /home/airflow/.local/lib/python3.7/site-packages/airflow/example_dags/example_branch_operator_decorator.py
[2023-03-28 22:48:12,604] {logging_mixin.py:115} INFO - [2023-03-28 22:48:12,603] {dag.py:2371} INFO - Sync 1 DAGs
[2023-03-28 22:48:12,685] {logging_mixin.py:115} INFO - [2023-03-28 22:48:12,684] {dag.py:2919} INFO - Setting next_dagrun for example_branch_python_operator_decorator to 2023-03-27T00:00:00+00:00, run_after=2023-03-28T00:00:00+00:00
[2023-03-28 22:48:12,711] {processor.py:161} INFO - Processing /home/airflow/.local/lib/python3.7/site-packages/airflow/example_dags/example_branch_operator_decorator.py took 0.521 seconds
[2023-03-28 22:48:42,786] {processor.py:153} INFO - Started process (PID=119) to work on /home/airflow/.local/lib/python3.7/site-packages/airflow/example_dags/example_branch_operator_decorator.py
[2023-03-28 22:48:42,787] {processor.py:641} INFO - Processing file /home/airflow/.local/lib/python3.7/site-packages/airflow/example_dags/example_branch_operator_decorator.py for tasks to queue
[2023-03-28 22:48:42,788] {logging_mixin.py:115} INFO - [2023-03-28 22:48:42,788] {dagbag.py:507} INFO - Filling up the DagBag from /home/airflow/.local/lib/python3.7/site-packages/airflow/example_dags/example_branch_operator_decorator.py
[2023-03-28 22:48:42,807] {processor.py:651} INFO - DAG(s) dict_keys(['example_branch_python_operator_decorator']) retrieved from /home/airflow/.local/lib/python3.7/site-packages/airflow/example_dags/example_branch_operator_decorator.py
[2023-03-28 22:48:42,933] {logging_mixin.py:115} INFO - [2023-03-28 22:48:42,933] {dag.py:2371} INFO - Sync 1 DAGs
[2023-03-28 22:48:42,953] {logging_mixin.py:115} INFO - [2023-03-28 22:48:42,953] {dag.py:2919} INFO - Setting next_dagrun for example_branch_python_operator_decorator to 2023-03-27T00:00:00+00:00, run_after=2023-03-28T00:00:00+00:00
[2023-03-28 22:48:42,968] {processor.py:161} INFO - Processing /home/airflow/.local/lib/python3.7/site-packages/airflow/example_dags/example_branch_operator_decorator.py took 0.184 seconds
[2023-03-28 22:49:12,995] {processor.py:153} INFO - Started process (PID=183) to work on /home/airflow/.local/lib/python3.7/site-packages/airflow/example_dags/example_branch_operator_decorator.py
[2023-03-28 22:49:12,995] {processor.py:641} INFO - Processing file /home/airflow/.local/lib/python3.7/site-packages/airflow/example_dags/example_branch_operator_decorator.py for tasks to queue
[2023-03-28 22:49:12,996] {logging_mixin.py:115} INFO - [2023-03-28 22:49:12,996] {dagbag.py:507} INFO - Filling up the DagBag from /home/airflow/.local/lib/python3.7/site-packages/airflow/example_dags/example_branch_operator_decorator.py
[2023-03-28 22:49:13,010] {processor.py:651} INFO - DAG(s) dict_keys(['example_branch_python_operator_decorator']) retrieved from /home/airflow/.local/lib/python3.7/site-packages/airflow/example_dags/example_branch_operator_decorator.py
[2023-03-28 22:49:13,139] {logging_mixin.py:115} INFO - [2023-03-28 22:49:13,139] {dag.py:2371} INFO - Sync 1 DAGs
[2023-03-28 22:49:13,157] {logging_mixin.py:115} INFO - [2023-03-28 22:49:13,157] {dag.py:2919} INFO - Setting next_dagrun for example_branch_python_operator_decorator to 2023-03-27T00:00:00+00:00, run_after=2023-03-28T00:00:00+00:00
[2023-03-28 22:49:13,169] {processor.py:161} INFO - Processing /home/airflow/.local/lib/python3.7/site-packages/airflow/example_dags/example_branch_operator_decorator.py took 0.176 seconds
[2023-03-28 22:49:43,580] {processor.py:153} INFO - Started process (PID=248) to work on /home/airflow/.local/lib/python3.7/site-packages/airflow/example_dags/example_branch_operator_decorator.py
[2023-03-28 22:49:43,581] {processor.py:641} INFO - Processing file /home/airflow/.local/lib/python3.7/site-packages/airflow/example_dags/example_branch_operator_decorator.py for tasks to queue
[2023-03-28 22:49:43,582] {logging_mixin.py:115} INFO - [2023-03-28 22:49:43,582] {dagbag.py:507} INFO - Filling up the DagBag from /home/airflow/.local/lib/python3.7/site-packages/airflow/example_dags/example_branch_operator_decorator.py
[2023-03-28 22:49:43,602] {processor.py:651} INFO - DAG(s) dict_keys(['example_branch_python_operator_decorator']) retrieved from /home/airflow/.local/lib/python3.7/site-packages/airflow/example_dags/example_branch_operator_decorator.py
[2023-03-28 22:49:43,750] {logging_mixin.py:115} INFO - [2023-03-28 22:49:43,750] {dag.py:2371} INFO - Sync 1 DAGs
[2023-03-28 22:49:43,769] {logging_mixin.py:115} INFO - [2023-03-28 22:49:43,769] {dag.py:2919} INFO - Setting next_dagrun for example_branch_python_operator_decorator to 2023-03-27T00:00:00+00:00, run_after=2023-03-28T00:00:00+00:00
[2023-03-28 22:49:43,780] {processor.py:161} INFO - Processing /home/airflow/.local/lib/python3.7/site-packages/airflow/example_dags/example_branch_operator_decorator.py took 0.203 seconds
[2023-03-28 22:50:14,098] {processor.py:153} INFO - Started process (PID=303) to work on /home/airflow/.local/lib/python3.7/site-packages/airflow/example_dags/example_branch_operator_decorator.py
[2023-03-28 22:50:14,098] {processor.py:641} INFO - Processing file /home/airflow/.local/lib/python3.7/site-packages/airflow/example_dags/example_branch_operator_decorator.py for tasks to queue
[2023-03-28 22:50:14,098] {logging_mixin.py:115} INFO - [2023-03-28 22:50:14,098] {dagbag.py:507} INFO - Filling up the DagBag from /home/airflow/.local/lib/python3.7/site-packages/airflow/example_dags/example_branch_operator_decorator.py
[2023-03-28 22:50:14,112] {processor.py:651} INFO - DAG(s) dict_keys(['example_branch_python_operator_decorator']) retrieved from /home/airflow/.local/lib/python3.7/site-packages/airflow/example_dags/example_branch_operator_decorator.py
[2023-03-28 22:50:14,219] {logging_mixin.py:115} INFO - [2023-03-28 22:50:14,219] {dag.py:2371} INFO - Sync 1 DAGs
[2023-03-28 22:50:14,238] {logging_mixin.py:115} INFO - [2023-03-28 22:50:14,238] {dag.py:2919} INFO - Setting next_dagrun for example_branch_python_operator_decorator to 2023-03-27T00:00:00+00:00, run_after=2023-03-28T00:00:00+00:00
[2023-03-28 22:50:14,252] {processor.py:161} INFO - Processing /home/airflow/.local/lib/python3.7/site-packages/airflow/example_dags/example_branch_operator_decorator.py took 0.156 seconds
[2023-03-28 22:50:45,116] {processor.py:153} INFO - Started process (PID=367) to work on /home/airflow/.local/lib/python3.7/site-packages/airflow/example_dags/example_branch_operator_decorator.py
[2023-03-28 22:50:45,117] {processor.py:641} INFO - Processing file /home/airflow/.local/lib/python3.7/site-packages/airflow/example_dags/example_branch_operator_decorator.py for tasks to queue
[2023-03-28 22:50:45,118] {logging_mixin.py:115} INFO - [2023-03-28 22:50:45,118] {dagbag.py:507} INFO - Filling up the DagBag from /home/airflow/.local/lib/python3.7/site-packages/airflow/example_dags/example_branch_operator_decorator.py
[2023-03-28 22:50:45,131] {processor.py:651} INFO - DAG(s) dict_keys(['example_branch_python_operator_decorator']) retrieved from /home/airflow/.local/lib/python3.7/site-packages/airflow/example_dags/example_branch_operator_decorator.py
[2023-03-28 22:50:45,245] {logging_mixin.py:115} INFO - [2023-03-28 22:50:45,245] {dag.py:2371} INFO - Sync 1 DAGs
[2023-03-28 22:50:45,264] {logging_mixin.py:115} INFO - [2023-03-28 22:50:45,264] {dag.py:2919} INFO - Setting next_dagrun for example_branch_python_operator_decorator to 2023-03-27T00:00:00+00:00, run_after=2023-03-28T00:00:00+00:00
[2023-03-28 22:50:45,276] {processor.py:161} INFO - Processing /home/airflow/.local/lib/python3.7/site-packages/airflow/example_dags/example_branch_operator_decorator.py took 0.162 seconds
[2023-03-28 22:52:15,931] {processor.py:153} INFO - Started process (PID=53) to work on /home/airflow/.local/lib/python3.7/site-packages/airflow/example_dags/example_branch_operator_decorator.py
[2023-03-28 22:52:15,932] {processor.py:641} INFO - Processing file /home/airflow/.local/lib/python3.7/site-packages/airflow/example_dags/example_branch_operator_decorator.py for tasks to queue
[2023-03-28 22:52:15,933] {logging_mixin.py:115} INFO - [2023-03-28 22:52:15,933] {dagbag.py:507} INFO - Filling up the DagBag from /home/airflow/.local/lib/python3.7/site-packages/airflow/example_dags/example_branch_operator_decorator.py
[2023-03-28 22:52:15,948] {processor.py:651} INFO - DAG(s) dict_keys(['example_branch_python_operator_decorator']) retrieved from /home/airflow/.local/lib/python3.7/site-packages/airflow/example_dags/example_branch_operator_decorator.py
[2023-03-28 22:52:15,979] {logging_mixin.py:115} INFO - [2023-03-28 22:52:15,979] {dag.py:2371} INFO - Sync 1 DAGs
[2023-03-28 22:52:16,004] {logging_mixin.py:115} INFO - [2023-03-28 22:52:16,004] {dag.py:2919} INFO - Setting next_dagrun for example_branch_python_operator_decorator to 2023-03-27T00:00:00+00:00, run_after=2023-03-28T00:00:00+00:00
[2023-03-28 22:52:16,020] {processor.py:161} INFO - Processing /home/airflow/.local/lib/python3.7/site-packages/airflow/example_dags/example_branch_operator_decorator.py took 0.091 seconds
[2023-03-28 22:52:46,299] {processor.py:153} INFO - Started process (PID=117) to work on /home/airflow/.local/lib/python3.7/site-packages/airflow/example_dags/example_branch_operator_decorator.py
[2023-03-28 22:52:46,300] {processor.py:641} INFO - Processing file /home/airflow/.local/lib/python3.7/site-packages/airflow/example_dags/example_branch_operator_decorator.py for tasks to queue
[2023-03-28 22:52:46,300] {logging_mixin.py:115} INFO - [2023-03-28 22:52:46,300] {dagbag.py:507} INFO - Filling up the DagBag from /home/airflow/.local/lib/python3.7/site-packages/airflow/example_dags/example_branch_operator_decorator.py
[2023-03-28 22:52:46,316] {processor.py:651} INFO - DAG(s) dict_keys(['example_branch_python_operator_decorator']) retrieved from /home/airflow/.local/lib/python3.7/site-packages/airflow/example_dags/example_branch_operator_decorator.py
[2023-03-28 22:52:46,339] {logging_mixin.py:115} INFO - [2023-03-28 22:52:46,339] {dag.py:2371} INFO - Sync 1 DAGs
[2023-03-28 22:52:46,360] {logging_mixin.py:115} INFO - [2023-03-28 22:52:46,360] {dag.py:2919} INFO - Setting next_dagrun for example_branch_python_operator_decorator to 2023-03-27T00:00:00+00:00, run_after=2023-03-28T00:00:00+00:00
[2023-03-28 22:52:46,371] {processor.py:161} INFO - Processing /home/airflow/.local/lib/python3.7/site-packages/airflow/example_dags/example_branch_operator_decorator.py took 0.075 seconds
[2023-03-28 22:53:16,773] {processor.py:153} INFO - Started process (PID=181) to work on /home/airflow/.local/lib/python3.7/site-packages/airflow/example_dags/example_branch_operator_decorator.py
[2023-03-28 22:53:16,774] {processor.py:641} INFO - Processing file /home/airflow/.local/lib/python3.7/site-packages/airflow/example_dags/example_branch_operator_decorator.py for tasks to queue
[2023-03-28 22:53:16,774] {logging_mixin.py:115} INFO - [2023-03-28 22:53:16,774] {dagbag.py:507} INFO - Filling up the DagBag from /home/airflow/.local/lib/python3.7/site-packages/airflow/example_dags/example_branch_operator_decorator.py
[2023-03-28 22:53:16,789] {processor.py:651} INFO - DAG(s) dict_keys(['example_branch_python_operator_decorator']) retrieved from /home/airflow/.local/lib/python3.7/site-packages/airflow/example_dags/example_branch_operator_decorator.py
[2023-03-28 22:53:16,814] {logging_mixin.py:115} INFO - [2023-03-28 22:53:16,814] {dag.py:2371} INFO - Sync 1 DAGs
[2023-03-28 22:53:16,838] {logging_mixin.py:115} INFO - [2023-03-28 22:53:16,837] {dag.py:2919} INFO - Setting next_dagrun for example_branch_python_operator_decorator to 2023-03-27T00:00:00+00:00, run_after=2023-03-28T00:00:00+00:00
[2023-03-28 22:53:16,852] {processor.py:161} INFO - Processing /home/airflow/.local/lib/python3.7/site-packages/airflow/example_dags/example_branch_operator_decorator.py took 0.081 seconds
[2023-03-28 22:53:47,138] {processor.py:153} INFO - Started process (PID=236) to work on /home/airflow/.local/lib/python3.7/site-packages/airflow/example_dags/example_branch_operator_decorator.py
[2023-03-28 22:53:47,139] {processor.py:641} INFO - Processing file /home/airflow/.local/lib/python3.7/site-packages/airflow/example_dags/example_branch_operator_decorator.py for tasks to queue
[2023-03-28 22:53:47,139] {logging_mixin.py:115} INFO - [2023-03-28 22:53:47,139] {dagbag.py:507} INFO - Filling up the DagBag from /home/airflow/.local/lib/python3.7/site-packages/airflow/example_dags/example_branch_operator_decorator.py
[2023-03-28 22:53:47,151] {processor.py:651} INFO - DAG(s) dict_keys(['example_branch_python_operator_decorator']) retrieved from /home/airflow/.local/lib/python3.7/site-packages/airflow/example_dags/example_branch_operator_decorator.py
[2023-03-28 22:53:47,173] {logging_mixin.py:115} INFO - [2023-03-28 22:53:47,173] {dag.py:2371} INFO - Sync 1 DAGs
[2023-03-28 22:53:47,193] {logging_mixin.py:115} INFO - [2023-03-28 22:53:47,193] {dag.py:2919} INFO - Setting next_dagrun for example_branch_python_operator_decorator to 2023-03-27T00:00:00+00:00, run_after=2023-03-28T00:00:00+00:00
[2023-03-28 22:53:47,208] {processor.py:161} INFO - Processing /home/airflow/.local/lib/python3.7/site-packages/airflow/example_dags/example_branch_operator_decorator.py took 0.073 seconds
