[2023-03-28 22:23:49,819] {processor.py:153} INFO - Started process (PID=2351) to work on /home/airflow/.local/lib/python3.7/site-packages/airflow/example_dags/example_complex.py
[2023-03-28 22:23:49,820] {processor.py:641} INFO - Processing file /home/airflow/.local/lib/python3.7/site-packages/airflow/example_dags/example_complex.py for tasks to queue
[2023-03-28 22:23:49,820] {logging_mixin.py:115} INFO - [2023-03-28 22:23:49,820] {dagbag.py:507} INFO - Filling up the DagBag from /home/airflow/.local/lib/python3.7/site-packages/airflow/example_dags/example_complex.py
[2023-03-28 22:23:49,830] {processor.py:651} INFO - DAG(s) dict_keys(['example_complex']) retrieved from /home/airflow/.local/lib/python3.7/site-packages/airflow/example_dags/example_complex.py
[2023-03-28 22:23:49,859] {logging_mixin.py:115} INFO - [2023-03-28 22:23:49,859] {dag.py:2371} INFO - Sync 1 DAGs
[2023-03-28 22:23:49,880] {logging_mixin.py:115} INFO - [2023-03-28 22:23:49,880] {dag.py:2919} INFO - Setting next_dagrun for example_complex to None, run_after=None
[2023-03-28 22:23:49,893] {processor.py:161} INFO - Processing /home/airflow/.local/lib/python3.7/site-packages/airflow/example_dags/example_complex.py took 0.076 seconds
[2023-03-28 22:24:20,786] {processor.py:153} INFO - Started process (PID=2406) to work on /home/airflow/.local/lib/python3.7/site-packages/airflow/example_dags/example_complex.py
[2023-03-28 22:24:20,786] {processor.py:641} INFO - Processing file /home/airflow/.local/lib/python3.7/site-packages/airflow/example_dags/example_complex.py for tasks to queue
[2023-03-28 22:24:20,787] {logging_mixin.py:115} INFO - [2023-03-28 22:24:20,787] {dagbag.py:507} INFO - Filling up the DagBag from /home/airflow/.local/lib/python3.7/site-packages/airflow/example_dags/example_complex.py
[2023-03-28 22:24:20,797] {processor.py:651} INFO - DAG(s) dict_keys(['example_complex']) retrieved from /home/airflow/.local/lib/python3.7/site-packages/airflow/example_dags/example_complex.py
[2023-03-28 22:24:20,822] {logging_mixin.py:115} INFO - [2023-03-28 22:24:20,822] {dag.py:2371} INFO - Sync 1 DAGs
[2023-03-28 22:24:20,840] {logging_mixin.py:115} INFO - [2023-03-28 22:24:20,840] {dag.py:2919} INFO - Setting next_dagrun for example_complex to None, run_after=None
[2023-03-28 22:24:20,852] {processor.py:161} INFO - Processing /home/airflow/.local/lib/python3.7/site-packages/airflow/example_dags/example_complex.py took 0.068 seconds
[2023-03-28 22:24:51,366] {processor.py:153} INFO - Started process (PID=2470) to work on /home/airflow/.local/lib/python3.7/site-packages/airflow/example_dags/example_complex.py
[2023-03-28 22:24:51,367] {processor.py:641} INFO - Processing file /home/airflow/.local/lib/python3.7/site-packages/airflow/example_dags/example_complex.py for tasks to queue
[2023-03-28 22:24:51,367] {logging_mixin.py:115} INFO - [2023-03-28 22:24:51,367] {dagbag.py:507} INFO - Filling up the DagBag from /home/airflow/.local/lib/python3.7/site-packages/airflow/example_dags/example_complex.py
[2023-03-28 22:24:51,376] {processor.py:651} INFO - DAG(s) dict_keys(['example_complex']) retrieved from /home/airflow/.local/lib/python3.7/site-packages/airflow/example_dags/example_complex.py
[2023-03-28 22:24:51,402] {logging_mixin.py:115} INFO - [2023-03-28 22:24:51,402] {dag.py:2371} INFO - Sync 1 DAGs
[2023-03-28 22:24:51,421] {logging_mixin.py:115} INFO - [2023-03-28 22:24:51,421] {dag.py:2919} INFO - Setting next_dagrun for example_complex to None, run_after=None
[2023-03-28 22:24:51,434] {processor.py:161} INFO - Processing /home/airflow/.local/lib/python3.7/site-packages/airflow/example_dags/example_complex.py took 0.070 seconds
[2023-03-28 22:25:22,293] {processor.py:153} INFO - Started process (PID=2534) to work on /home/airflow/.local/lib/python3.7/site-packages/airflow/example_dags/example_complex.py
[2023-03-28 22:25:22,293] {processor.py:641} INFO - Processing file /home/airflow/.local/lib/python3.7/site-packages/airflow/example_dags/example_complex.py for tasks to queue
[2023-03-28 22:25:22,293] {logging_mixin.py:115} INFO - [2023-03-28 22:25:22,293] {dagbag.py:507} INFO - Filling up the DagBag from /home/airflow/.local/lib/python3.7/site-packages/airflow/example_dags/example_complex.py
[2023-03-28 22:25:22,303] {processor.py:651} INFO - DAG(s) dict_keys(['example_complex']) retrieved from /home/airflow/.local/lib/python3.7/site-packages/airflow/example_dags/example_complex.py
[2023-03-28 22:25:22,328] {logging_mixin.py:115} INFO - [2023-03-28 22:25:22,327] {dag.py:2371} INFO - Sync 1 DAGs
[2023-03-28 22:25:22,348] {logging_mixin.py:115} INFO - [2023-03-28 22:25:22,347] {dag.py:2919} INFO - Setting next_dagrun for example_complex to None, run_after=None
[2023-03-28 22:25:22,360] {processor.py:161} INFO - Processing /home/airflow/.local/lib/python3.7/site-packages/airflow/example_dags/example_complex.py took 0.070 seconds
[2023-03-28 22:25:53,166] {processor.py:153} INFO - Started process (PID=2589) to work on /home/airflow/.local/lib/python3.7/site-packages/airflow/example_dags/example_complex.py
[2023-03-28 22:25:53,167] {processor.py:641} INFO - Processing file /home/airflow/.local/lib/python3.7/site-packages/airflow/example_dags/example_complex.py for tasks to queue
[2023-03-28 22:25:53,167] {logging_mixin.py:115} INFO - [2023-03-28 22:25:53,167] {dagbag.py:507} INFO - Filling up the DagBag from /home/airflow/.local/lib/python3.7/site-packages/airflow/example_dags/example_complex.py
[2023-03-28 22:25:53,182] {processor.py:651} INFO - DAG(s) dict_keys(['example_complex']) retrieved from /home/airflow/.local/lib/python3.7/site-packages/airflow/example_dags/example_complex.py
[2023-03-28 22:25:53,206] {logging_mixin.py:115} INFO - [2023-03-28 22:25:53,206] {dag.py:2371} INFO - Sync 1 DAGs
[2023-03-28 22:25:53,225] {logging_mixin.py:115} INFO - [2023-03-28 22:25:53,225] {dag.py:2919} INFO - Setting next_dagrun for example_complex to None, run_after=None
[2023-03-28 22:25:53,237] {processor.py:161} INFO - Processing /home/airflow/.local/lib/python3.7/site-packages/airflow/example_dags/example_complex.py took 0.074 seconds
[2023-03-28 22:26:24,073] {processor.py:153} INFO - Started process (PID=2654) to work on /home/airflow/.local/lib/python3.7/site-packages/airflow/example_dags/example_complex.py
[2023-03-28 22:26:24,073] {processor.py:641} INFO - Processing file /home/airflow/.local/lib/python3.7/site-packages/airflow/example_dags/example_complex.py for tasks to queue
[2023-03-28 22:26:24,074] {logging_mixin.py:115} INFO - [2023-03-28 22:26:24,073] {dagbag.py:507} INFO - Filling up the DagBag from /home/airflow/.local/lib/python3.7/site-packages/airflow/example_dags/example_complex.py
[2023-03-28 22:26:24,084] {processor.py:651} INFO - DAG(s) dict_keys(['example_complex']) retrieved from /home/airflow/.local/lib/python3.7/site-packages/airflow/example_dags/example_complex.py
[2023-03-28 22:26:24,113] {logging_mixin.py:115} INFO - [2023-03-28 22:26:24,113] {dag.py:2371} INFO - Sync 1 DAGs
[2023-03-28 22:26:24,133] {logging_mixin.py:115} INFO - [2023-03-28 22:26:24,133] {dag.py:2919} INFO - Setting next_dagrun for example_complex to None, run_after=None
[2023-03-28 22:26:24,145] {processor.py:161} INFO - Processing /home/airflow/.local/lib/python3.7/site-packages/airflow/example_dags/example_complex.py took 0.075 seconds
[2023-03-28 22:26:54,264] {processor.py:153} INFO - Started process (PID=2718) to work on /home/airflow/.local/lib/python3.7/site-packages/airflow/example_dags/example_complex.py
[2023-03-28 22:26:54,265] {processor.py:641} INFO - Processing file /home/airflow/.local/lib/python3.7/site-packages/airflow/example_dags/example_complex.py for tasks to queue
[2023-03-28 22:26:54,266] {logging_mixin.py:115} INFO - [2023-03-28 22:26:54,266] {dagbag.py:507} INFO - Filling up the DagBag from /home/airflow/.local/lib/python3.7/site-packages/airflow/example_dags/example_complex.py
[2023-03-28 22:26:54,275] {processor.py:651} INFO - DAG(s) dict_keys(['example_complex']) retrieved from /home/airflow/.local/lib/python3.7/site-packages/airflow/example_dags/example_complex.py
[2023-03-28 22:26:54,300] {logging_mixin.py:115} INFO - [2023-03-28 22:26:54,300] {dag.py:2371} INFO - Sync 1 DAGs
[2023-03-28 22:26:54,319] {logging_mixin.py:115} INFO - [2023-03-28 22:26:54,319] {dag.py:2919} INFO - Setting next_dagrun for example_complex to None, run_after=None
[2023-03-28 22:26:54,332] {processor.py:161} INFO - Processing /home/airflow/.local/lib/python3.7/site-packages/airflow/example_dags/example_complex.py took 0.070 seconds
[2023-03-28 22:27:24,947] {processor.py:153} INFO - Started process (PID=2784) to work on /home/airflow/.local/lib/python3.7/site-packages/airflow/example_dags/example_complex.py
[2023-03-28 22:27:24,947] {processor.py:641} INFO - Processing file /home/airflow/.local/lib/python3.7/site-packages/airflow/example_dags/example_complex.py for tasks to queue
[2023-03-28 22:27:24,947] {logging_mixin.py:115} INFO - [2023-03-28 22:27:24,947] {dagbag.py:507} INFO - Filling up the DagBag from /home/airflow/.local/lib/python3.7/site-packages/airflow/example_dags/example_complex.py
[2023-03-28 22:27:24,957] {processor.py:651} INFO - DAG(s) dict_keys(['example_complex']) retrieved from /home/airflow/.local/lib/python3.7/site-packages/airflow/example_dags/example_complex.py
[2023-03-28 22:27:24,985] {logging_mixin.py:115} INFO - [2023-03-28 22:27:24,985] {dag.py:2371} INFO - Sync 1 DAGs
[2023-03-28 22:27:25,006] {logging_mixin.py:115} INFO - [2023-03-28 22:27:25,006] {dag.py:2919} INFO - Setting next_dagrun for example_complex to None, run_after=None
[2023-03-28 22:27:25,020] {processor.py:161} INFO - Processing /home/airflow/.local/lib/python3.7/site-packages/airflow/example_dags/example_complex.py took 0.076 seconds
[2023-03-28 22:27:55,570] {processor.py:153} INFO - Started process (PID=2839) to work on /home/airflow/.local/lib/python3.7/site-packages/airflow/example_dags/example_complex.py
[2023-03-28 22:27:55,572] {processor.py:641} INFO - Processing file /home/airflow/.local/lib/python3.7/site-packages/airflow/example_dags/example_complex.py for tasks to queue
[2023-03-28 22:27:55,572] {logging_mixin.py:115} INFO - [2023-03-28 22:27:55,572] {dagbag.py:507} INFO - Filling up the DagBag from /home/airflow/.local/lib/python3.7/site-packages/airflow/example_dags/example_complex.py
[2023-03-28 22:27:55,582] {processor.py:651} INFO - DAG(s) dict_keys(['example_complex']) retrieved from /home/airflow/.local/lib/python3.7/site-packages/airflow/example_dags/example_complex.py
[2023-03-28 22:27:55,607] {logging_mixin.py:115} INFO - [2023-03-28 22:27:55,607] {dag.py:2371} INFO - Sync 1 DAGs
[2023-03-28 22:27:55,626] {logging_mixin.py:115} INFO - [2023-03-28 22:27:55,626] {dag.py:2919} INFO - Setting next_dagrun for example_complex to None, run_after=None
[2023-03-28 22:27:55,638] {processor.py:161} INFO - Processing /home/airflow/.local/lib/python3.7/site-packages/airflow/example_dags/example_complex.py took 0.070 seconds
[2023-03-28 22:28:26,325] {processor.py:153} INFO - Started process (PID=2903) to work on /home/airflow/.local/lib/python3.7/site-packages/airflow/example_dags/example_complex.py
[2023-03-28 22:28:26,326] {processor.py:641} INFO - Processing file /home/airflow/.local/lib/python3.7/site-packages/airflow/example_dags/example_complex.py for tasks to queue
[2023-03-28 22:28:26,326] {logging_mixin.py:115} INFO - [2023-03-28 22:28:26,326] {dagbag.py:507} INFO - Filling up the DagBag from /home/airflow/.local/lib/python3.7/site-packages/airflow/example_dags/example_complex.py
[2023-03-28 22:28:26,335] {processor.py:651} INFO - DAG(s) dict_keys(['example_complex']) retrieved from /home/airflow/.local/lib/python3.7/site-packages/airflow/example_dags/example_complex.py
[2023-03-28 22:28:26,361] {logging_mixin.py:115} INFO - [2023-03-28 22:28:26,361] {dag.py:2371} INFO - Sync 1 DAGs
[2023-03-28 22:28:26,380] {logging_mixin.py:115} INFO - [2023-03-28 22:28:26,380] {dag.py:2919} INFO - Setting next_dagrun for example_complex to None, run_after=None
[2023-03-28 22:28:26,392] {processor.py:161} INFO - Processing /home/airflow/.local/lib/python3.7/site-packages/airflow/example_dags/example_complex.py took 0.069 seconds
[2023-03-28 22:28:56,654] {processor.py:153} INFO - Started process (PID=2967) to work on /home/airflow/.local/lib/python3.7/site-packages/airflow/example_dags/example_complex.py
[2023-03-28 22:28:56,656] {processor.py:641} INFO - Processing file /home/airflow/.local/lib/python3.7/site-packages/airflow/example_dags/example_complex.py for tasks to queue
[2023-03-28 22:28:56,656] {logging_mixin.py:115} INFO - [2023-03-28 22:28:56,656] {dagbag.py:507} INFO - Filling up the DagBag from /home/airflow/.local/lib/python3.7/site-packages/airflow/example_dags/example_complex.py
[2023-03-28 22:28:56,665] {processor.py:651} INFO - DAG(s) dict_keys(['example_complex']) retrieved from /home/airflow/.local/lib/python3.7/site-packages/airflow/example_dags/example_complex.py
[2023-03-28 22:28:56,691] {logging_mixin.py:115} INFO - [2023-03-28 22:28:56,691] {dag.py:2371} INFO - Sync 1 DAGs
[2023-03-28 22:28:56,710] {logging_mixin.py:115} INFO - [2023-03-28 22:28:56,710] {dag.py:2919} INFO - Setting next_dagrun for example_complex to None, run_after=None
[2023-03-28 22:28:56,722] {processor.py:161} INFO - Processing /home/airflow/.local/lib/python3.7/site-packages/airflow/example_dags/example_complex.py took 0.069 seconds
[2023-03-28 22:29:27,403] {processor.py:153} INFO - Started process (PID=3022) to work on /home/airflow/.local/lib/python3.7/site-packages/airflow/example_dags/example_complex.py
[2023-03-28 22:29:27,403] {processor.py:641} INFO - Processing file /home/airflow/.local/lib/python3.7/site-packages/airflow/example_dags/example_complex.py for tasks to queue
[2023-03-28 22:29:27,404] {logging_mixin.py:115} INFO - [2023-03-28 22:29:27,404] {dagbag.py:507} INFO - Filling up the DagBag from /home/airflow/.local/lib/python3.7/site-packages/airflow/example_dags/example_complex.py
[2023-03-28 22:29:27,413] {processor.py:651} INFO - DAG(s) dict_keys(['example_complex']) retrieved from /home/airflow/.local/lib/python3.7/site-packages/airflow/example_dags/example_complex.py
[2023-03-28 22:29:27,439] {logging_mixin.py:115} INFO - [2023-03-28 22:29:27,439] {dag.py:2371} INFO - Sync 1 DAGs
[2023-03-28 22:29:27,460] {logging_mixin.py:115} INFO - [2023-03-28 22:29:27,460] {dag.py:2919} INFO - Setting next_dagrun for example_complex to None, run_after=None
[2023-03-28 22:29:27,473] {processor.py:161} INFO - Processing /home/airflow/.local/lib/python3.7/site-packages/airflow/example_dags/example_complex.py took 0.072 seconds
[2023-03-28 22:29:58,502] {processor.py:153} INFO - Started process (PID=3086) to work on /home/airflow/.local/lib/python3.7/site-packages/airflow/example_dags/example_complex.py
[2023-03-28 22:29:58,503] {processor.py:641} INFO - Processing file /home/airflow/.local/lib/python3.7/site-packages/airflow/example_dags/example_complex.py for tasks to queue
[2023-03-28 22:29:58,504] {logging_mixin.py:115} INFO - [2023-03-28 22:29:58,504] {dagbag.py:507} INFO - Filling up the DagBag from /home/airflow/.local/lib/python3.7/site-packages/airflow/example_dags/example_complex.py
[2023-03-28 22:29:58,513] {processor.py:651} INFO - DAG(s) dict_keys(['example_complex']) retrieved from /home/airflow/.local/lib/python3.7/site-packages/airflow/example_dags/example_complex.py
[2023-03-28 22:29:58,545] {logging_mixin.py:115} INFO - [2023-03-28 22:29:58,545] {dag.py:2371} INFO - Sync 1 DAGs
[2023-03-28 22:29:58,567] {logging_mixin.py:115} INFO - [2023-03-28 22:29:58,567] {dag.py:2919} INFO - Setting next_dagrun for example_complex to None, run_after=None
[2023-03-28 22:29:58,583] {processor.py:161} INFO - Processing /home/airflow/.local/lib/python3.7/site-packages/airflow/example_dags/example_complex.py took 0.083 seconds
[2023-03-28 22:30:28,974] {processor.py:153} INFO - Started process (PID=3151) to work on /home/airflow/.local/lib/python3.7/site-packages/airflow/example_dags/example_complex.py
[2023-03-28 22:30:28,975] {processor.py:641} INFO - Processing file /home/airflow/.local/lib/python3.7/site-packages/airflow/example_dags/example_complex.py for tasks to queue
[2023-03-28 22:30:28,975] {logging_mixin.py:115} INFO - [2023-03-28 22:30:28,975] {dagbag.py:507} INFO - Filling up the DagBag from /home/airflow/.local/lib/python3.7/site-packages/airflow/example_dags/example_complex.py
[2023-03-28 22:30:28,985] {processor.py:651} INFO - DAG(s) dict_keys(['example_complex']) retrieved from /home/airflow/.local/lib/python3.7/site-packages/airflow/example_dags/example_complex.py
[2023-03-28 22:30:29,011] {logging_mixin.py:115} INFO - [2023-03-28 22:30:29,011] {dag.py:2371} INFO - Sync 1 DAGs
[2023-03-28 22:30:29,029] {logging_mixin.py:115} INFO - [2023-03-28 22:30:29,029] {dag.py:2919} INFO - Setting next_dagrun for example_complex to None, run_after=None
[2023-03-28 22:30:29,040] {processor.py:161} INFO - Processing /home/airflow/.local/lib/python3.7/site-packages/airflow/example_dags/example_complex.py took 0.068 seconds
[2023-03-28 22:30:59,129] {processor.py:153} INFO - Started process (PID=3205) to work on /home/airflow/.local/lib/python3.7/site-packages/airflow/example_dags/example_complex.py
[2023-03-28 22:30:59,130] {processor.py:641} INFO - Processing file /home/airflow/.local/lib/python3.7/site-packages/airflow/example_dags/example_complex.py for tasks to queue
[2023-03-28 22:30:59,131] {logging_mixin.py:115} INFO - [2023-03-28 22:30:59,131] {dagbag.py:507} INFO - Filling up the DagBag from /home/airflow/.local/lib/python3.7/site-packages/airflow/example_dags/example_complex.py
[2023-03-28 22:30:59,140] {processor.py:651} INFO - DAG(s) dict_keys(['example_complex']) retrieved from /home/airflow/.local/lib/python3.7/site-packages/airflow/example_dags/example_complex.py
[2023-03-28 22:30:59,165] {logging_mixin.py:115} INFO - [2023-03-28 22:30:59,165] {dag.py:2371} INFO - Sync 1 DAGs
[2023-03-28 22:30:59,185] {logging_mixin.py:115} INFO - [2023-03-28 22:30:59,185] {dag.py:2919} INFO - Setting next_dagrun for example_complex to None, run_after=None
[2023-03-28 22:30:59,198] {processor.py:161} INFO - Processing /home/airflow/.local/lib/python3.7/site-packages/airflow/example_dags/example_complex.py took 0.071 seconds
[2023-03-28 22:31:29,353] {processor.py:153} INFO - Started process (PID=3269) to work on /home/airflow/.local/lib/python3.7/site-packages/airflow/example_dags/example_complex.py
[2023-03-28 22:31:29,354] {processor.py:641} INFO - Processing file /home/airflow/.local/lib/python3.7/site-packages/airflow/example_dags/example_complex.py for tasks to queue
[2023-03-28 22:31:29,355] {logging_mixin.py:115} INFO - [2023-03-28 22:31:29,354] {dagbag.py:507} INFO - Filling up the DagBag from /home/airflow/.local/lib/python3.7/site-packages/airflow/example_dags/example_complex.py
[2023-03-28 22:31:29,367] {processor.py:651} INFO - DAG(s) dict_keys(['example_complex']) retrieved from /home/airflow/.local/lib/python3.7/site-packages/airflow/example_dags/example_complex.py
[2023-03-28 22:31:29,399] {logging_mixin.py:115} INFO - [2023-03-28 22:31:29,399] {dag.py:2371} INFO - Sync 1 DAGs
[2023-03-28 22:31:29,419] {logging_mixin.py:115} INFO - [2023-03-28 22:31:29,419] {dag.py:2919} INFO - Setting next_dagrun for example_complex to None, run_after=None
[2023-03-28 22:31:29,436] {processor.py:161} INFO - Processing /home/airflow/.local/lib/python3.7/site-packages/airflow/example_dags/example_complex.py took 0.085 seconds
[2023-03-28 22:31:59,848] {processor.py:153} INFO - Started process (PID=3333) to work on /home/airflow/.local/lib/python3.7/site-packages/airflow/example_dags/example_complex.py
[2023-03-28 22:31:59,849] {processor.py:641} INFO - Processing file /home/airflow/.local/lib/python3.7/site-packages/airflow/example_dags/example_complex.py for tasks to queue
[2023-03-28 22:31:59,849] {logging_mixin.py:115} INFO - [2023-03-28 22:31:59,849] {dagbag.py:507} INFO - Filling up the DagBag from /home/airflow/.local/lib/python3.7/site-packages/airflow/example_dags/example_complex.py
[2023-03-28 22:31:59,859] {processor.py:651} INFO - DAG(s) dict_keys(['example_complex']) retrieved from /home/airflow/.local/lib/python3.7/site-packages/airflow/example_dags/example_complex.py
[2023-03-28 22:31:59,886] {logging_mixin.py:115} INFO - [2023-03-28 22:31:59,886] {dag.py:2371} INFO - Sync 1 DAGs
[2023-03-28 22:31:59,906] {logging_mixin.py:115} INFO - [2023-03-28 22:31:59,906] {dag.py:2919} INFO - Setting next_dagrun for example_complex to None, run_after=None
[2023-03-28 22:31:59,921] {processor.py:161} INFO - Processing /home/airflow/.local/lib/python3.7/site-packages/airflow/example_dags/example_complex.py took 0.075 seconds
[2023-03-28 22:32:30,242] {processor.py:153} INFO - Started process (PID=3388) to work on /home/airflow/.local/lib/python3.7/site-packages/airflow/example_dags/example_complex.py
[2023-03-28 22:32:30,242] {processor.py:641} INFO - Processing file /home/airflow/.local/lib/python3.7/site-packages/airflow/example_dags/example_complex.py for tasks to queue
[2023-03-28 22:32:30,243] {logging_mixin.py:115} INFO - [2023-03-28 22:32:30,243] {dagbag.py:507} INFO - Filling up the DagBag from /home/airflow/.local/lib/python3.7/site-packages/airflow/example_dags/example_complex.py
[2023-03-28 22:32:30,253] {processor.py:651} INFO - DAG(s) dict_keys(['example_complex']) retrieved from /home/airflow/.local/lib/python3.7/site-packages/airflow/example_dags/example_complex.py
[2023-03-28 22:32:30,281] {logging_mixin.py:115} INFO - [2023-03-28 22:32:30,281] {dag.py:2371} INFO - Sync 1 DAGs
[2023-03-28 22:32:30,304] {logging_mixin.py:115} INFO - [2023-03-28 22:32:30,303] {dag.py:2919} INFO - Setting next_dagrun for example_complex to None, run_after=None
[2023-03-28 22:32:30,323] {processor.py:161} INFO - Processing /home/airflow/.local/lib/python3.7/site-packages/airflow/example_dags/example_complex.py took 0.083 seconds
[2023-03-28 22:33:00,569] {processor.py:153} INFO - Started process (PID=3452) to work on /home/airflow/.local/lib/python3.7/site-packages/airflow/example_dags/example_complex.py
[2023-03-28 22:33:00,570] {processor.py:641} INFO - Processing file /home/airflow/.local/lib/python3.7/site-packages/airflow/example_dags/example_complex.py for tasks to queue
[2023-03-28 22:33:00,571] {logging_mixin.py:115} INFO - [2023-03-28 22:33:00,571] {dagbag.py:507} INFO - Filling up the DagBag from /home/airflow/.local/lib/python3.7/site-packages/airflow/example_dags/example_complex.py
[2023-03-28 22:33:00,581] {processor.py:651} INFO - DAG(s) dict_keys(['example_complex']) retrieved from /home/airflow/.local/lib/python3.7/site-packages/airflow/example_dags/example_complex.py
[2023-03-28 22:33:00,608] {logging_mixin.py:115} INFO - [2023-03-28 22:33:00,608] {dag.py:2371} INFO - Sync 1 DAGs
[2023-03-28 22:33:00,627] {logging_mixin.py:115} INFO - [2023-03-28 22:33:00,627] {dag.py:2919} INFO - Setting next_dagrun for example_complex to None, run_after=None
[2023-03-28 22:33:00,641] {processor.py:161} INFO - Processing /home/airflow/.local/lib/python3.7/site-packages/airflow/example_dags/example_complex.py took 0.074 seconds
[2023-03-28 22:33:30,948] {processor.py:153} INFO - Started process (PID=3516) to work on /home/airflow/.local/lib/python3.7/site-packages/airflow/example_dags/example_complex.py
[2023-03-28 22:33:30,949] {processor.py:641} INFO - Processing file /home/airflow/.local/lib/python3.7/site-packages/airflow/example_dags/example_complex.py for tasks to queue
[2023-03-28 22:33:30,949] {logging_mixin.py:115} INFO - [2023-03-28 22:33:30,949] {dagbag.py:507} INFO - Filling up the DagBag from /home/airflow/.local/lib/python3.7/site-packages/airflow/example_dags/example_complex.py
[2023-03-28 22:33:30,959] {processor.py:651} INFO - DAG(s) dict_keys(['example_complex']) retrieved from /home/airflow/.local/lib/python3.7/site-packages/airflow/example_dags/example_complex.py
[2023-03-28 22:33:30,984] {logging_mixin.py:115} INFO - [2023-03-28 22:33:30,984] {dag.py:2371} INFO - Sync 1 DAGs
[2023-03-28 22:33:31,003] {logging_mixin.py:115} INFO - [2023-03-28 22:33:31,003] {dag.py:2919} INFO - Setting next_dagrun for example_complex to None, run_after=None
[2023-03-28 22:33:31,018] {processor.py:161} INFO - Processing /home/airflow/.local/lib/python3.7/site-packages/airflow/example_dags/example_complex.py took 0.072 seconds
[2023-03-28 22:34:01,332] {processor.py:153} INFO - Started process (PID=3571) to work on /home/airflow/.local/lib/python3.7/site-packages/airflow/example_dags/example_complex.py
[2023-03-28 22:34:01,333] {processor.py:641} INFO - Processing file /home/airflow/.local/lib/python3.7/site-packages/airflow/example_dags/example_complex.py for tasks to queue
[2023-03-28 22:34:01,334] {logging_mixin.py:115} INFO - [2023-03-28 22:34:01,334] {dagbag.py:507} INFO - Filling up the DagBag from /home/airflow/.local/lib/python3.7/site-packages/airflow/example_dags/example_complex.py
[2023-03-28 22:34:01,346] {processor.py:651} INFO - DAG(s) dict_keys(['example_complex']) retrieved from /home/airflow/.local/lib/python3.7/site-packages/airflow/example_dags/example_complex.py
[2023-03-28 22:34:01,374] {logging_mixin.py:115} INFO - [2023-03-28 22:34:01,373] {dag.py:2371} INFO - Sync 1 DAGs
[2023-03-28 22:34:01,392] {logging_mixin.py:115} INFO - [2023-03-28 22:34:01,392] {dag.py:2919} INFO - Setting next_dagrun for example_complex to None, run_after=None
[2023-03-28 22:34:01,403] {processor.py:161} INFO - Processing /home/airflow/.local/lib/python3.7/site-packages/airflow/example_dags/example_complex.py took 0.073 seconds
[2023-03-28 22:34:31,673] {processor.py:153} INFO - Started process (PID=3635) to work on /home/airflow/.local/lib/python3.7/site-packages/airflow/example_dags/example_complex.py
[2023-03-28 22:34:31,673] {processor.py:641} INFO - Processing file /home/airflow/.local/lib/python3.7/site-packages/airflow/example_dags/example_complex.py for tasks to queue
[2023-03-28 22:34:31,674] {logging_mixin.py:115} INFO - [2023-03-28 22:34:31,674] {dagbag.py:507} INFO - Filling up the DagBag from /home/airflow/.local/lib/python3.7/site-packages/airflow/example_dags/example_complex.py
[2023-03-28 22:34:31,683] {processor.py:651} INFO - DAG(s) dict_keys(['example_complex']) retrieved from /home/airflow/.local/lib/python3.7/site-packages/airflow/example_dags/example_complex.py
[2023-03-28 22:34:31,709] {logging_mixin.py:115} INFO - [2023-03-28 22:34:31,709] {dag.py:2371} INFO - Sync 1 DAGs
[2023-03-28 22:34:31,730] {logging_mixin.py:115} INFO - [2023-03-28 22:34:31,730] {dag.py:2919} INFO - Setting next_dagrun for example_complex to None, run_after=None
[2023-03-28 22:34:31,744] {processor.py:161} INFO - Processing /home/airflow/.local/lib/python3.7/site-packages/airflow/example_dags/example_complex.py took 0.073 seconds
[2023-03-28 22:35:02,161] {processor.py:153} INFO - Started process (PID=3699) to work on /home/airflow/.local/lib/python3.7/site-packages/airflow/example_dags/example_complex.py
[2023-03-28 22:35:02,161] {processor.py:641} INFO - Processing file /home/airflow/.local/lib/python3.7/site-packages/airflow/example_dags/example_complex.py for tasks to queue
[2023-03-28 22:35:02,162] {logging_mixin.py:115} INFO - [2023-03-28 22:35:02,162] {dagbag.py:507} INFO - Filling up the DagBag from /home/airflow/.local/lib/python3.7/site-packages/airflow/example_dags/example_complex.py
[2023-03-28 22:35:02,171] {processor.py:651} INFO - DAG(s) dict_keys(['example_complex']) retrieved from /home/airflow/.local/lib/python3.7/site-packages/airflow/example_dags/example_complex.py
[2023-03-28 22:35:02,195] {logging_mixin.py:115} INFO - [2023-03-28 22:35:02,195] {dag.py:2371} INFO - Sync 1 DAGs
[2023-03-28 22:35:02,216] {logging_mixin.py:115} INFO - [2023-03-28 22:35:02,215] {dag.py:2919} INFO - Setting next_dagrun for example_complex to None, run_after=None
[2023-03-28 22:35:02,318] {processor.py:161} INFO - Processing /home/airflow/.local/lib/python3.7/site-packages/airflow/example_dags/example_complex.py took 0.159 seconds
[2023-03-28 22:35:32,871] {processor.py:153} INFO - Started process (PID=3764) to work on /home/airflow/.local/lib/python3.7/site-packages/airflow/example_dags/example_complex.py
[2023-03-28 22:35:32,872] {processor.py:641} INFO - Processing file /home/airflow/.local/lib/python3.7/site-packages/airflow/example_dags/example_complex.py for tasks to queue
[2023-03-28 22:35:32,872] {logging_mixin.py:115} INFO - [2023-03-28 22:35:32,872] {dagbag.py:507} INFO - Filling up the DagBag from /home/airflow/.local/lib/python3.7/site-packages/airflow/example_dags/example_complex.py
[2023-03-28 22:35:32,883] {processor.py:651} INFO - DAG(s) dict_keys(['example_complex']) retrieved from /home/airflow/.local/lib/python3.7/site-packages/airflow/example_dags/example_complex.py
[2023-03-28 22:35:32,949] {logging_mixin.py:115} INFO - [2023-03-28 22:35:32,949] {dag.py:2371} INFO - Sync 1 DAGs
[2023-03-28 22:35:32,982] {logging_mixin.py:115} INFO - [2023-03-28 22:35:32,982] {dag.py:2919} INFO - Setting next_dagrun for example_complex to None, run_after=None
[2023-03-28 22:35:33,103] {processor.py:161} INFO - Processing /home/airflow/.local/lib/python3.7/site-packages/airflow/example_dags/example_complex.py took 0.234 seconds
[2023-03-28 22:36:03,653] {processor.py:153} INFO - Started process (PID=3819) to work on /home/airflow/.local/lib/python3.7/site-packages/airflow/example_dags/example_complex.py
[2023-03-28 22:36:03,654] {processor.py:641} INFO - Processing file /home/airflow/.local/lib/python3.7/site-packages/airflow/example_dags/example_complex.py for tasks to queue
[2023-03-28 22:36:03,655] {logging_mixin.py:115} INFO - [2023-03-28 22:36:03,655] {dagbag.py:507} INFO - Filling up the DagBag from /home/airflow/.local/lib/python3.7/site-packages/airflow/example_dags/example_complex.py
[2023-03-28 22:36:03,665] {processor.py:651} INFO - DAG(s) dict_keys(['example_complex']) retrieved from /home/airflow/.local/lib/python3.7/site-packages/airflow/example_dags/example_complex.py
[2023-03-28 22:36:03,689] {logging_mixin.py:115} INFO - [2023-03-28 22:36:03,689] {dag.py:2371} INFO - Sync 1 DAGs
[2023-03-28 22:36:03,709] {logging_mixin.py:115} INFO - [2023-03-28 22:36:03,709] {dag.py:2919} INFO - Setting next_dagrun for example_complex to None, run_after=None
[2023-03-28 22:36:03,811] {processor.py:161} INFO - Processing /home/airflow/.local/lib/python3.7/site-packages/airflow/example_dags/example_complex.py took 0.160 seconds
[2023-03-28 22:36:34,454] {processor.py:153} INFO - Started process (PID=3885) to work on /home/airflow/.local/lib/python3.7/site-packages/airflow/example_dags/example_complex.py
[2023-03-28 22:36:34,454] {processor.py:641} INFO - Processing file /home/airflow/.local/lib/python3.7/site-packages/airflow/example_dags/example_complex.py for tasks to queue
[2023-03-28 22:36:34,455] {logging_mixin.py:115} INFO - [2023-03-28 22:36:34,455] {dagbag.py:507} INFO - Filling up the DagBag from /home/airflow/.local/lib/python3.7/site-packages/airflow/example_dags/example_complex.py
[2023-03-28 22:36:34,464] {processor.py:651} INFO - DAG(s) dict_keys(['example_complex']) retrieved from /home/airflow/.local/lib/python3.7/site-packages/airflow/example_dags/example_complex.py
[2023-03-28 22:36:34,489] {logging_mixin.py:115} INFO - [2023-03-28 22:36:34,489] {dag.py:2371} INFO - Sync 1 DAGs
[2023-03-28 22:36:34,509] {logging_mixin.py:115} INFO - [2023-03-28 22:36:34,509] {dag.py:2919} INFO - Setting next_dagrun for example_complex to None, run_after=None
[2023-03-28 22:36:34,613] {processor.py:161} INFO - Processing /home/airflow/.local/lib/python3.7/site-packages/airflow/example_dags/example_complex.py took 0.161 seconds
[2023-03-28 22:37:05,109] {processor.py:153} INFO - Started process (PID=3950) to work on /home/airflow/.local/lib/python3.7/site-packages/airflow/example_dags/example_complex.py
[2023-03-28 22:37:05,110] {processor.py:641} INFO - Processing file /home/airflow/.local/lib/python3.7/site-packages/airflow/example_dags/example_complex.py for tasks to queue
[2023-03-28 22:37:05,110] {logging_mixin.py:115} INFO - [2023-03-28 22:37:05,110] {dagbag.py:507} INFO - Filling up the DagBag from /home/airflow/.local/lib/python3.7/site-packages/airflow/example_dags/example_complex.py
[2023-03-28 22:37:05,120] {processor.py:651} INFO - DAG(s) dict_keys(['example_complex']) retrieved from /home/airflow/.local/lib/python3.7/site-packages/airflow/example_dags/example_complex.py
[2023-03-28 22:37:05,147] {logging_mixin.py:115} INFO - [2023-03-28 22:37:05,147] {dag.py:2371} INFO - Sync 1 DAGs
[2023-03-28 22:37:05,168] {logging_mixin.py:115} INFO - [2023-03-28 22:37:05,168] {dag.py:2919} INFO - Setting next_dagrun for example_complex to None, run_after=None
[2023-03-28 22:37:05,282] {processor.py:161} INFO - Processing /home/airflow/.local/lib/python3.7/site-packages/airflow/example_dags/example_complex.py took 0.175 seconds
[2023-03-28 22:37:35,983] {processor.py:153} INFO - Started process (PID=4005) to work on /home/airflow/.local/lib/python3.7/site-packages/airflow/example_dags/example_complex.py
[2023-03-28 22:37:35,984] {processor.py:641} INFO - Processing file /home/airflow/.local/lib/python3.7/site-packages/airflow/example_dags/example_complex.py for tasks to queue
[2023-03-28 22:37:35,984] {logging_mixin.py:115} INFO - [2023-03-28 22:37:35,984] {dagbag.py:507} INFO - Filling up the DagBag from /home/airflow/.local/lib/python3.7/site-packages/airflow/example_dags/example_complex.py
[2023-03-28 22:37:35,994] {processor.py:651} INFO - DAG(s) dict_keys(['example_complex']) retrieved from /home/airflow/.local/lib/python3.7/site-packages/airflow/example_dags/example_complex.py
[2023-03-28 22:37:36,022] {logging_mixin.py:115} INFO - [2023-03-28 22:37:36,022] {dag.py:2371} INFO - Sync 1 DAGs
[2023-03-28 22:37:36,042] {logging_mixin.py:115} INFO - [2023-03-28 22:37:36,042] {dag.py:2919} INFO - Setting next_dagrun for example_complex to None, run_after=None
[2023-03-28 22:37:36,163] {processor.py:161} INFO - Processing /home/airflow/.local/lib/python3.7/site-packages/airflow/example_dags/example_complex.py took 0.182 seconds
[2023-03-28 22:38:06,689] {processor.py:153} INFO - Started process (PID=4069) to work on /home/airflow/.local/lib/python3.7/site-packages/airflow/example_dags/example_complex.py
[2023-03-28 22:38:06,690] {processor.py:641} INFO - Processing file /home/airflow/.local/lib/python3.7/site-packages/airflow/example_dags/example_complex.py for tasks to queue
[2023-03-28 22:38:06,690] {logging_mixin.py:115} INFO - [2023-03-28 22:38:06,690] {dagbag.py:507} INFO - Filling up the DagBag from /home/airflow/.local/lib/python3.7/site-packages/airflow/example_dags/example_complex.py
[2023-03-28 22:38:06,700] {processor.py:651} INFO - DAG(s) dict_keys(['example_complex']) retrieved from /home/airflow/.local/lib/python3.7/site-packages/airflow/example_dags/example_complex.py
[2023-03-28 22:38:06,725] {logging_mixin.py:115} INFO - [2023-03-28 22:38:06,725] {dag.py:2371} INFO - Sync 1 DAGs
[2023-03-28 22:38:06,745] {logging_mixin.py:115} INFO - [2023-03-28 22:38:06,745] {dag.py:2919} INFO - Setting next_dagrun for example_complex to None, run_after=None
[2023-03-28 22:38:06,846] {processor.py:161} INFO - Processing /home/airflow/.local/lib/python3.7/site-packages/airflow/example_dags/example_complex.py took 0.159 seconds
[2023-03-28 22:38:37,571] {processor.py:153} INFO - Started process (PID=4133) to work on /home/airflow/.local/lib/python3.7/site-packages/airflow/example_dags/example_complex.py
[2023-03-28 22:38:37,572] {processor.py:641} INFO - Processing file /home/airflow/.local/lib/python3.7/site-packages/airflow/example_dags/example_complex.py for tasks to queue
[2023-03-28 22:38:37,572] {logging_mixin.py:115} INFO - [2023-03-28 22:38:37,572] {dagbag.py:507} INFO - Filling up the DagBag from /home/airflow/.local/lib/python3.7/site-packages/airflow/example_dags/example_complex.py
[2023-03-28 22:38:37,585] {processor.py:651} INFO - DAG(s) dict_keys(['example_complex']) retrieved from /home/airflow/.local/lib/python3.7/site-packages/airflow/example_dags/example_complex.py
[2023-03-28 22:38:37,618] {logging_mixin.py:115} INFO - [2023-03-28 22:38:37,618] {dag.py:2371} INFO - Sync 1 DAGs
[2023-03-28 22:38:37,654] {logging_mixin.py:115} INFO - [2023-03-28 22:38:37,654] {dag.py:2919} INFO - Setting next_dagrun for example_complex to None, run_after=None
[2023-03-28 22:38:37,767] {processor.py:161} INFO - Processing /home/airflow/.local/lib/python3.7/site-packages/airflow/example_dags/example_complex.py took 0.198 seconds
[2023-03-28 22:39:08,151] {processor.py:153} INFO - Started process (PID=4188) to work on /home/airflow/.local/lib/python3.7/site-packages/airflow/example_dags/example_complex.py
[2023-03-28 22:39:08,152] {processor.py:641} INFO - Processing file /home/airflow/.local/lib/python3.7/site-packages/airflow/example_dags/example_complex.py for tasks to queue
[2023-03-28 22:39:08,153] {logging_mixin.py:115} INFO - [2023-03-28 22:39:08,153] {dagbag.py:507} INFO - Filling up the DagBag from /home/airflow/.local/lib/python3.7/site-packages/airflow/example_dags/example_complex.py
[2023-03-28 22:39:08,162] {processor.py:651} INFO - DAG(s) dict_keys(['example_complex']) retrieved from /home/airflow/.local/lib/python3.7/site-packages/airflow/example_dags/example_complex.py
[2023-03-28 22:39:08,187] {logging_mixin.py:115} INFO - [2023-03-28 22:39:08,187] {dag.py:2371} INFO - Sync 1 DAGs
[2023-03-28 22:39:08,206] {logging_mixin.py:115} INFO - [2023-03-28 22:39:08,206] {dag.py:2919} INFO - Setting next_dagrun for example_complex to None, run_after=None
[2023-03-28 22:39:08,322] {processor.py:161} INFO - Processing /home/airflow/.local/lib/python3.7/site-packages/airflow/example_dags/example_complex.py took 0.173 seconds
[2023-03-28 22:39:38,980] {processor.py:153} INFO - Started process (PID=4253) to work on /home/airflow/.local/lib/python3.7/site-packages/airflow/example_dags/example_complex.py
[2023-03-28 22:39:38,980] {processor.py:641} INFO - Processing file /home/airflow/.local/lib/python3.7/site-packages/airflow/example_dags/example_complex.py for tasks to queue
[2023-03-28 22:39:38,980] {logging_mixin.py:115} INFO - [2023-03-28 22:39:38,980] {dagbag.py:507} INFO - Filling up the DagBag from /home/airflow/.local/lib/python3.7/site-packages/airflow/example_dags/example_complex.py
[2023-03-28 22:39:38,991] {processor.py:651} INFO - DAG(s) dict_keys(['example_complex']) retrieved from /home/airflow/.local/lib/python3.7/site-packages/airflow/example_dags/example_complex.py
[2023-03-28 22:39:39,018] {logging_mixin.py:115} INFO - [2023-03-28 22:39:39,018] {dag.py:2371} INFO - Sync 1 DAGs
[2023-03-28 22:39:39,039] {logging_mixin.py:115} INFO - [2023-03-28 22:39:39,039] {dag.py:2919} INFO - Setting next_dagrun for example_complex to None, run_after=None
[2023-03-28 22:39:39,140] {processor.py:161} INFO - Processing /home/airflow/.local/lib/python3.7/site-packages/airflow/example_dags/example_complex.py took 0.163 seconds
[2023-03-28 22:40:09,477] {processor.py:153} INFO - Started process (PID=4317) to work on /home/airflow/.local/lib/python3.7/site-packages/airflow/example_dags/example_complex.py
[2023-03-28 22:40:09,478] {processor.py:641} INFO - Processing file /home/airflow/.local/lib/python3.7/site-packages/airflow/example_dags/example_complex.py for tasks to queue
[2023-03-28 22:40:09,479] {logging_mixin.py:115} INFO - [2023-03-28 22:40:09,479] {dagbag.py:507} INFO - Filling up the DagBag from /home/airflow/.local/lib/python3.7/site-packages/airflow/example_dags/example_complex.py
[2023-03-28 22:40:09,489] {processor.py:651} INFO - DAG(s) dict_keys(['example_complex']) retrieved from /home/airflow/.local/lib/python3.7/site-packages/airflow/example_dags/example_complex.py
[2023-03-28 22:40:09,515] {logging_mixin.py:115} INFO - [2023-03-28 22:40:09,515] {dag.py:2371} INFO - Sync 1 DAGs
[2023-03-28 22:40:09,626] {logging_mixin.py:115} INFO - [2023-03-28 22:40:09,626] {dag.py:2919} INFO - Setting next_dagrun for example_complex to None, run_after=None
[2023-03-28 22:40:09,640] {processor.py:161} INFO - Processing /home/airflow/.local/lib/python3.7/site-packages/airflow/example_dags/example_complex.py took 0.165 seconds
[2023-03-28 22:41:27,454] {processor.py:153} INFO - Started process (PID=56) to work on /home/airflow/.local/lib/python3.7/site-packages/airflow/example_dags/example_complex.py
[2023-03-28 22:41:27,455] {processor.py:641} INFO - Processing file /home/airflow/.local/lib/python3.7/site-packages/airflow/example_dags/example_complex.py for tasks to queue
[2023-03-28 22:41:27,455] {logging_mixin.py:115} INFO - [2023-03-28 22:41:27,455] {dagbag.py:507} INFO - Filling up the DagBag from /home/airflow/.local/lib/python3.7/site-packages/airflow/example_dags/example_complex.py
[2023-03-28 22:41:27,466] {processor.py:651} INFO - DAG(s) dict_keys(['example_complex']) retrieved from /home/airflow/.local/lib/python3.7/site-packages/airflow/example_dags/example_complex.py
[2023-03-28 22:41:27,495] {logging_mixin.py:115} INFO - [2023-03-28 22:41:27,494] {dag.py:2371} INFO - Sync 1 DAGs
[2023-03-28 22:41:27,513] {logging_mixin.py:115} INFO - [2023-03-28 22:41:27,513] {dag.py:2919} INFO - Setting next_dagrun for example_complex to None, run_after=None
[2023-03-28 22:41:27,526] {processor.py:161} INFO - Processing /home/airflow/.local/lib/python3.7/site-packages/airflow/example_dags/example_complex.py took 0.075 seconds
[2023-03-28 22:41:57,982] {processor.py:153} INFO - Started process (PID=121) to work on /home/airflow/.local/lib/python3.7/site-packages/airflow/example_dags/example_complex.py
[2023-03-28 22:41:57,984] {processor.py:641} INFO - Processing file /home/airflow/.local/lib/python3.7/site-packages/airflow/example_dags/example_complex.py for tasks to queue
[2023-03-28 22:41:57,984] {logging_mixin.py:115} INFO - [2023-03-28 22:41:57,984] {dagbag.py:507} INFO - Filling up the DagBag from /home/airflow/.local/lib/python3.7/site-packages/airflow/example_dags/example_complex.py
[2023-03-28 22:41:57,994] {processor.py:651} INFO - DAG(s) dict_keys(['example_complex']) retrieved from /home/airflow/.local/lib/python3.7/site-packages/airflow/example_dags/example_complex.py
[2023-03-28 22:41:58,021] {logging_mixin.py:115} INFO - [2023-03-28 22:41:58,021] {dag.py:2371} INFO - Sync 1 DAGs
[2023-03-28 22:41:58,040] {logging_mixin.py:115} INFO - [2023-03-28 22:41:58,040] {dag.py:2919} INFO - Setting next_dagrun for example_complex to None, run_after=None
[2023-03-28 22:41:58,054] {processor.py:161} INFO - Processing /home/airflow/.local/lib/python3.7/site-packages/airflow/example_dags/example_complex.py took 0.074 seconds
[2023-03-28 22:42:28,286] {processor.py:153} INFO - Started process (PID=176) to work on /home/airflow/.local/lib/python3.7/site-packages/airflow/example_dags/example_complex.py
[2023-03-28 22:42:28,287] {processor.py:641} INFO - Processing file /home/airflow/.local/lib/python3.7/site-packages/airflow/example_dags/example_complex.py for tasks to queue
[2023-03-28 22:42:28,287] {logging_mixin.py:115} INFO - [2023-03-28 22:42:28,287] {dagbag.py:507} INFO - Filling up the DagBag from /home/airflow/.local/lib/python3.7/site-packages/airflow/example_dags/example_complex.py
[2023-03-28 22:42:28,298] {processor.py:651} INFO - DAG(s) dict_keys(['example_complex']) retrieved from /home/airflow/.local/lib/python3.7/site-packages/airflow/example_dags/example_complex.py
[2023-03-28 22:42:28,326] {logging_mixin.py:115} INFO - [2023-03-28 22:42:28,326] {dag.py:2371} INFO - Sync 1 DAGs
[2023-03-28 22:42:28,347] {logging_mixin.py:115} INFO - [2023-03-28 22:42:28,347] {dag.py:2919} INFO - Setting next_dagrun for example_complex to None, run_after=None
[2023-03-28 22:42:28,360] {processor.py:161} INFO - Processing /home/airflow/.local/lib/python3.7/site-packages/airflow/example_dags/example_complex.py took 0.077 seconds
[2023-03-28 22:42:58,822] {processor.py:153} INFO - Started process (PID=241) to work on /home/airflow/.local/lib/python3.7/site-packages/airflow/example_dags/example_complex.py
[2023-03-28 22:42:58,822] {processor.py:641} INFO - Processing file /home/airflow/.local/lib/python3.7/site-packages/airflow/example_dags/example_complex.py for tasks to queue
[2023-03-28 22:42:58,823] {logging_mixin.py:115} INFO - [2023-03-28 22:42:58,823] {dagbag.py:507} INFO - Filling up the DagBag from /home/airflow/.local/lib/python3.7/site-packages/airflow/example_dags/example_complex.py
[2023-03-28 22:42:58,832] {processor.py:651} INFO - DAG(s) dict_keys(['example_complex']) retrieved from /home/airflow/.local/lib/python3.7/site-packages/airflow/example_dags/example_complex.py
[2023-03-28 22:42:58,859] {logging_mixin.py:115} INFO - [2023-03-28 22:42:58,859] {dag.py:2371} INFO - Sync 1 DAGs
[2023-03-28 22:42:58,880] {logging_mixin.py:115} INFO - [2023-03-28 22:42:58,880] {dag.py:2919} INFO - Setting next_dagrun for example_complex to None, run_after=None
[2023-03-28 22:42:58,893] {processor.py:161} INFO - Processing /home/airflow/.local/lib/python3.7/site-packages/airflow/example_dags/example_complex.py took 0.074 seconds
[2023-03-28 22:43:29,389] {processor.py:153} INFO - Started process (PID=305) to work on /home/airflow/.local/lib/python3.7/site-packages/airflow/example_dags/example_complex.py
[2023-03-28 22:43:29,390] {processor.py:641} INFO - Processing file /home/airflow/.local/lib/python3.7/site-packages/airflow/example_dags/example_complex.py for tasks to queue
[2023-03-28 22:43:29,391] {logging_mixin.py:115} INFO - [2023-03-28 22:43:29,391] {dagbag.py:507} INFO - Filling up the DagBag from /home/airflow/.local/lib/python3.7/site-packages/airflow/example_dags/example_complex.py
[2023-03-28 22:43:29,401] {processor.py:651} INFO - DAG(s) dict_keys(['example_complex']) retrieved from /home/airflow/.local/lib/python3.7/site-packages/airflow/example_dags/example_complex.py
[2023-03-28 22:43:29,431] {logging_mixin.py:115} INFO - [2023-03-28 22:43:29,431] {dag.py:2371} INFO - Sync 1 DAGs
[2023-03-28 22:43:29,451] {logging_mixin.py:115} INFO - [2023-03-28 22:43:29,451] {dag.py:2919} INFO - Setting next_dagrun for example_complex to None, run_after=None
[2023-03-28 22:43:29,466] {processor.py:161} INFO - Processing /home/airflow/.local/lib/python3.7/site-packages/airflow/example_dags/example_complex.py took 0.080 seconds
[2023-03-28 22:43:59,834] {processor.py:153} INFO - Started process (PID=367) to work on /home/airflow/.local/lib/python3.7/site-packages/airflow/example_dags/example_complex.py
[2023-03-28 22:43:59,835] {processor.py:641} INFO - Processing file /home/airflow/.local/lib/python3.7/site-packages/airflow/example_dags/example_complex.py for tasks to queue
[2023-03-28 22:43:59,835] {logging_mixin.py:115} INFO - [2023-03-28 22:43:59,835] {dagbag.py:507} INFO - Filling up the DagBag from /home/airflow/.local/lib/python3.7/site-packages/airflow/example_dags/example_complex.py
[2023-03-28 22:43:59,846] {processor.py:651} INFO - DAG(s) dict_keys(['example_complex']) retrieved from /home/airflow/.local/lib/python3.7/site-packages/airflow/example_dags/example_complex.py
[2023-03-28 22:43:59,874] {logging_mixin.py:115} INFO - [2023-03-28 22:43:59,874] {dag.py:2371} INFO - Sync 1 DAGs
[2023-03-28 22:43:59,893] {logging_mixin.py:115} INFO - [2023-03-28 22:43:59,893] {dag.py:2919} INFO - Setting next_dagrun for example_complex to None, run_after=None
[2023-03-28 22:43:59,906] {processor.py:161} INFO - Processing /home/airflow/.local/lib/python3.7/site-packages/airflow/example_dags/example_complex.py took 0.074 seconds
[2023-03-28 22:44:30,484] {processor.py:153} INFO - Started process (PID=424) to work on /home/airflow/.local/lib/python3.7/site-packages/airflow/example_dags/example_complex.py
[2023-03-28 22:44:30,485] {processor.py:641} INFO - Processing file /home/airflow/.local/lib/python3.7/site-packages/airflow/example_dags/example_complex.py for tasks to queue
[2023-03-28 22:44:30,486] {logging_mixin.py:115} INFO - [2023-03-28 22:44:30,486] {dagbag.py:507} INFO - Filling up the DagBag from /home/airflow/.local/lib/python3.7/site-packages/airflow/example_dags/example_complex.py
[2023-03-28 22:44:30,495] {processor.py:651} INFO - DAG(s) dict_keys(['example_complex']) retrieved from /home/airflow/.local/lib/python3.7/site-packages/airflow/example_dags/example_complex.py
[2023-03-28 22:44:30,522] {logging_mixin.py:115} INFO - [2023-03-28 22:44:30,522] {dag.py:2371} INFO - Sync 1 DAGs
[2023-03-28 22:44:30,542] {logging_mixin.py:115} INFO - [2023-03-28 22:44:30,542] {dag.py:2919} INFO - Setting next_dagrun for example_complex to None, run_after=None
[2023-03-28 22:44:30,554] {processor.py:161} INFO - Processing /home/airflow/.local/lib/python3.7/site-packages/airflow/example_dags/example_complex.py took 0.071 seconds
[2023-03-28 22:45:01,351] {processor.py:153} INFO - Started process (PID=488) to work on /home/airflow/.local/lib/python3.7/site-packages/airflow/example_dags/example_complex.py
[2023-03-28 22:45:01,352] {processor.py:641} INFO - Processing file /home/airflow/.local/lib/python3.7/site-packages/airflow/example_dags/example_complex.py for tasks to queue
[2023-03-28 22:45:01,352] {logging_mixin.py:115} INFO - [2023-03-28 22:45:01,352] {dagbag.py:507} INFO - Filling up the DagBag from /home/airflow/.local/lib/python3.7/site-packages/airflow/example_dags/example_complex.py
[2023-03-28 22:45:01,361] {processor.py:651} INFO - DAG(s) dict_keys(['example_complex']) retrieved from /home/airflow/.local/lib/python3.7/site-packages/airflow/example_dags/example_complex.py
[2023-03-28 22:45:01,385] {logging_mixin.py:115} INFO - [2023-03-28 22:45:01,385] {dag.py:2371} INFO - Sync 1 DAGs
[2023-03-28 22:45:01,404] {logging_mixin.py:115} INFO - [2023-03-28 22:45:01,404] {dag.py:2919} INFO - Setting next_dagrun for example_complex to None, run_after=None
[2023-03-28 22:45:01,417] {processor.py:161} INFO - Processing /home/airflow/.local/lib/python3.7/site-packages/airflow/example_dags/example_complex.py took 0.068 seconds
[2023-03-28 22:45:32,309] {processor.py:153} INFO - Started process (PID=552) to work on /home/airflow/.local/lib/python3.7/site-packages/airflow/example_dags/example_complex.py
[2023-03-28 22:45:32,309] {processor.py:641} INFO - Processing file /home/airflow/.local/lib/python3.7/site-packages/airflow/example_dags/example_complex.py for tasks to queue
[2023-03-28 22:45:32,310] {logging_mixin.py:115} INFO - [2023-03-28 22:45:32,310] {dagbag.py:507} INFO - Filling up the DagBag from /home/airflow/.local/lib/python3.7/site-packages/airflow/example_dags/example_complex.py
[2023-03-28 22:45:32,320] {processor.py:651} INFO - DAG(s) dict_keys(['example_complex']) retrieved from /home/airflow/.local/lib/python3.7/site-packages/airflow/example_dags/example_complex.py
[2023-03-28 22:45:32,349] {logging_mixin.py:115} INFO - [2023-03-28 22:45:32,349] {dag.py:2371} INFO - Sync 1 DAGs
[2023-03-28 22:45:32,370] {logging_mixin.py:115} INFO - [2023-03-28 22:45:32,370] {dag.py:2919} INFO - Setting next_dagrun for example_complex to None, run_after=None
[2023-03-28 22:45:32,385] {processor.py:161} INFO - Processing /home/airflow/.local/lib/python3.7/site-packages/airflow/example_dags/example_complex.py took 0.079 seconds
[2023-03-28 22:46:02,565] {processor.py:153} INFO - Started process (PID=607) to work on /home/airflow/.local/lib/python3.7/site-packages/airflow/example_dags/example_complex.py
[2023-03-28 22:46:02,566] {processor.py:641} INFO - Processing file /home/airflow/.local/lib/python3.7/site-packages/airflow/example_dags/example_complex.py for tasks to queue
[2023-03-28 22:46:02,567] {logging_mixin.py:115} INFO - [2023-03-28 22:46:02,567] {dagbag.py:507} INFO - Filling up the DagBag from /home/airflow/.local/lib/python3.7/site-packages/airflow/example_dags/example_complex.py
[2023-03-28 22:46:02,577] {processor.py:651} INFO - DAG(s) dict_keys(['example_complex']) retrieved from /home/airflow/.local/lib/python3.7/site-packages/airflow/example_dags/example_complex.py
[2023-03-28 22:46:02,606] {logging_mixin.py:115} INFO - [2023-03-28 22:46:02,606] {dag.py:2371} INFO - Sync 1 DAGs
[2023-03-28 22:46:02,626] {logging_mixin.py:115} INFO - [2023-03-28 22:46:02,626] {dag.py:2919} INFO - Setting next_dagrun for example_complex to None, run_after=None
[2023-03-28 22:46:02,640] {processor.py:161} INFO - Processing /home/airflow/.local/lib/python3.7/site-packages/airflow/example_dags/example_complex.py took 0.077 seconds
[2023-03-28 22:46:32,732] {processor.py:153} INFO - Started process (PID=671) to work on /home/airflow/.local/lib/python3.7/site-packages/airflow/example_dags/example_complex.py
[2023-03-28 22:46:32,732] {processor.py:641} INFO - Processing file /home/airflow/.local/lib/python3.7/site-packages/airflow/example_dags/example_complex.py for tasks to queue
[2023-03-28 22:46:32,733] {logging_mixin.py:115} INFO - [2023-03-28 22:46:32,733] {dagbag.py:507} INFO - Filling up the DagBag from /home/airflow/.local/lib/python3.7/site-packages/airflow/example_dags/example_complex.py
[2023-03-28 22:46:32,744] {processor.py:651} INFO - DAG(s) dict_keys(['example_complex']) retrieved from /home/airflow/.local/lib/python3.7/site-packages/airflow/example_dags/example_complex.py
[2023-03-28 22:46:32,773] {logging_mixin.py:115} INFO - [2023-03-28 22:46:32,773] {dag.py:2371} INFO - Sync 1 DAGs
[2023-03-28 22:46:32,792] {logging_mixin.py:115} INFO - [2023-03-28 22:46:32,792] {dag.py:2919} INFO - Setting next_dagrun for example_complex to None, run_after=None
[2023-03-28 22:46:32,805] {processor.py:161} INFO - Processing /home/airflow/.local/lib/python3.7/site-packages/airflow/example_dags/example_complex.py took 0.076 seconds
[2023-03-28 22:47:02,992] {processor.py:153} INFO - Started process (PID=735) to work on /home/airflow/.local/lib/python3.7/site-packages/airflow/example_dags/example_complex.py
[2023-03-28 22:47:02,993] {processor.py:641} INFO - Processing file /home/airflow/.local/lib/python3.7/site-packages/airflow/example_dags/example_complex.py for tasks to queue
[2023-03-28 22:47:02,993] {logging_mixin.py:115} INFO - [2023-03-28 22:47:02,993] {dagbag.py:507} INFO - Filling up the DagBag from /home/airflow/.local/lib/python3.7/site-packages/airflow/example_dags/example_complex.py
[2023-03-28 22:47:03,004] {processor.py:651} INFO - DAG(s) dict_keys(['example_complex']) retrieved from /home/airflow/.local/lib/python3.7/site-packages/airflow/example_dags/example_complex.py
[2023-03-28 22:47:03,031] {logging_mixin.py:115} INFO - [2023-03-28 22:47:03,031] {dag.py:2371} INFO - Sync 1 DAGs
[2023-03-28 22:47:03,051] {logging_mixin.py:115} INFO - [2023-03-28 22:47:03,051] {dag.py:2919} INFO - Setting next_dagrun for example_complex to None, run_after=None
[2023-03-28 22:47:03,064] {processor.py:161} INFO - Processing /home/airflow/.local/lib/python3.7/site-packages/airflow/example_dags/example_complex.py took 0.074 seconds
[2023-03-28 22:48:13,024] {processor.py:153} INFO - Started process (PID=66) to work on /home/airflow/.local/lib/python3.7/site-packages/airflow/example_dags/example_complex.py
[2023-03-28 22:48:13,025] {processor.py:641} INFO - Processing file /home/airflow/.local/lib/python3.7/site-packages/airflow/example_dags/example_complex.py for tasks to queue
[2023-03-28 22:48:13,026] {logging_mixin.py:115} INFO - [2023-03-28 22:48:13,026] {dagbag.py:507} INFO - Filling up the DagBag from /home/airflow/.local/lib/python3.7/site-packages/airflow/example_dags/example_complex.py
[2023-03-28 22:48:13,038] {processor.py:651} INFO - DAG(s) dict_keys(['example_complex']) retrieved from /home/airflow/.local/lib/python3.7/site-packages/airflow/example_dags/example_complex.py
[2023-03-28 22:48:13,072] {logging_mixin.py:115} INFO - [2023-03-28 22:48:13,072] {dag.py:2371} INFO - Sync 1 DAGs
[2023-03-28 22:48:13,288] {logging_mixin.py:115} INFO - [2023-03-28 22:48:13,288] {dag.py:2919} INFO - Setting next_dagrun for example_complex to None, run_after=None
[2023-03-28 22:48:13,309] {processor.py:161} INFO - Processing /home/airflow/.local/lib/python3.7/site-packages/airflow/example_dags/example_complex.py took 0.288 seconds
[2023-03-28 22:48:44,035] {processor.py:153} INFO - Started process (PID=122) to work on /home/airflow/.local/lib/python3.7/site-packages/airflow/example_dags/example_complex.py
[2023-03-28 22:48:44,036] {processor.py:641} INFO - Processing file /home/airflow/.local/lib/python3.7/site-packages/airflow/example_dags/example_complex.py for tasks to queue
[2023-03-28 22:48:44,037] {logging_mixin.py:115} INFO - [2023-03-28 22:48:44,036] {dagbag.py:507} INFO - Filling up the DagBag from /home/airflow/.local/lib/python3.7/site-packages/airflow/example_dags/example_complex.py
[2023-03-28 22:48:44,046] {processor.py:651} INFO - DAG(s) dict_keys(['example_complex']) retrieved from /home/airflow/.local/lib/python3.7/site-packages/airflow/example_dags/example_complex.py
[2023-03-28 22:48:44,075] {logging_mixin.py:115} INFO - [2023-03-28 22:48:44,075] {dag.py:2371} INFO - Sync 1 DAGs
[2023-03-28 22:48:44,204] {logging_mixin.py:115} INFO - [2023-03-28 22:48:44,204] {dag.py:2919} INFO - Setting next_dagrun for example_complex to None, run_after=None
[2023-03-28 22:48:44,218] {processor.py:161} INFO - Processing /home/airflow/.local/lib/python3.7/site-packages/airflow/example_dags/example_complex.py took 0.186 seconds
[2023-03-28 22:49:14,367] {processor.py:153} INFO - Started process (PID=186) to work on /home/airflow/.local/lib/python3.7/site-packages/airflow/example_dags/example_complex.py
[2023-03-28 22:49:14,367] {processor.py:641} INFO - Processing file /home/airflow/.local/lib/python3.7/site-packages/airflow/example_dags/example_complex.py for tasks to queue
[2023-03-28 22:49:14,367] {logging_mixin.py:115} INFO - [2023-03-28 22:49:14,367] {dagbag.py:507} INFO - Filling up the DagBag from /home/airflow/.local/lib/python3.7/site-packages/airflow/example_dags/example_complex.py
[2023-03-28 22:49:14,376] {processor.py:651} INFO - DAG(s) dict_keys(['example_complex']) retrieved from /home/airflow/.local/lib/python3.7/site-packages/airflow/example_dags/example_complex.py
[2023-03-28 22:49:14,405] {logging_mixin.py:115} INFO - [2023-03-28 22:49:14,405] {dag.py:2371} INFO - Sync 1 DAGs
[2023-03-28 22:49:14,520] {logging_mixin.py:115} INFO - [2023-03-28 22:49:14,520] {dag.py:2919} INFO - Setting next_dagrun for example_complex to None, run_after=None
[2023-03-28 22:49:14,533] {processor.py:161} INFO - Processing /home/airflow/.local/lib/python3.7/site-packages/airflow/example_dags/example_complex.py took 0.169 seconds
[2023-03-28 22:49:44,908] {processor.py:153} INFO - Started process (PID=251) to work on /home/airflow/.local/lib/python3.7/site-packages/airflow/example_dags/example_complex.py
[2023-03-28 22:49:44,909] {processor.py:641} INFO - Processing file /home/airflow/.local/lib/python3.7/site-packages/airflow/example_dags/example_complex.py for tasks to queue
[2023-03-28 22:49:44,910] {logging_mixin.py:115} INFO - [2023-03-28 22:49:44,909] {dagbag.py:507} INFO - Filling up the DagBag from /home/airflow/.local/lib/python3.7/site-packages/airflow/example_dags/example_complex.py
[2023-03-28 22:49:44,919] {processor.py:651} INFO - DAG(s) dict_keys(['example_complex']) retrieved from /home/airflow/.local/lib/python3.7/site-packages/airflow/example_dags/example_complex.py
[2023-03-28 22:49:44,948] {logging_mixin.py:115} INFO - [2023-03-28 22:49:44,948] {dag.py:2371} INFO - Sync 1 DAGs
[2023-03-28 22:49:45,076] {logging_mixin.py:115} INFO - [2023-03-28 22:49:45,076] {dag.py:2919} INFO - Setting next_dagrun for example_complex to None, run_after=None
[2023-03-28 22:49:45,090] {processor.py:161} INFO - Processing /home/airflow/.local/lib/python3.7/site-packages/airflow/example_dags/example_complex.py took 0.184 seconds
[2023-03-28 22:50:15,390] {processor.py:153} INFO - Started process (PID=306) to work on /home/airflow/.local/lib/python3.7/site-packages/airflow/example_dags/example_complex.py
[2023-03-28 22:50:15,391] {processor.py:641} INFO - Processing file /home/airflow/.local/lib/python3.7/site-packages/airflow/example_dags/example_complex.py for tasks to queue
[2023-03-28 22:50:15,391] {logging_mixin.py:115} INFO - [2023-03-28 22:50:15,391] {dagbag.py:507} INFO - Filling up the DagBag from /home/airflow/.local/lib/python3.7/site-packages/airflow/example_dags/example_complex.py
[2023-03-28 22:50:15,401] {processor.py:651} INFO - DAG(s) dict_keys(['example_complex']) retrieved from /home/airflow/.local/lib/python3.7/site-packages/airflow/example_dags/example_complex.py
[2023-03-28 22:50:15,431] {logging_mixin.py:115} INFO - [2023-03-28 22:50:15,431] {dag.py:2371} INFO - Sync 1 DAGs
[2023-03-28 22:50:15,571] {logging_mixin.py:115} INFO - [2023-03-28 22:50:15,571] {dag.py:2919} INFO - Setting next_dagrun for example_complex to None, run_after=None
[2023-03-28 22:50:15,586] {processor.py:161} INFO - Processing /home/airflow/.local/lib/python3.7/site-packages/airflow/example_dags/example_complex.py took 0.197 seconds
[2023-03-28 22:50:46,381] {processor.py:153} INFO - Started process (PID=370) to work on /home/airflow/.local/lib/python3.7/site-packages/airflow/example_dags/example_complex.py
[2023-03-28 22:50:46,382] {processor.py:641} INFO - Processing file /home/airflow/.local/lib/python3.7/site-packages/airflow/example_dags/example_complex.py for tasks to queue
[2023-03-28 22:50:46,382] {logging_mixin.py:115} INFO - [2023-03-28 22:50:46,382] {dagbag.py:507} INFO - Filling up the DagBag from /home/airflow/.local/lib/python3.7/site-packages/airflow/example_dags/example_complex.py
[2023-03-28 22:50:46,392] {processor.py:651} INFO - DAG(s) dict_keys(['example_complex']) retrieved from /home/airflow/.local/lib/python3.7/site-packages/airflow/example_dags/example_complex.py
[2023-03-28 22:50:46,420] {logging_mixin.py:115} INFO - [2023-03-28 22:50:46,420] {dag.py:2371} INFO - Sync 1 DAGs
[2023-03-28 22:50:46,535] {logging_mixin.py:115} INFO - [2023-03-28 22:50:46,535] {dag.py:2919} INFO - Setting next_dagrun for example_complex to None, run_after=None
[2023-03-28 22:50:46,547] {processor.py:161} INFO - Processing /home/airflow/.local/lib/python3.7/site-packages/airflow/example_dags/example_complex.py took 0.168 seconds
[2023-03-28 22:52:16,136] {processor.py:153} INFO - Started process (PID=56) to work on /home/airflow/.local/lib/python3.7/site-packages/airflow/example_dags/example_complex.py
[2023-03-28 22:52:16,138] {processor.py:641} INFO - Processing file /home/airflow/.local/lib/python3.7/site-packages/airflow/example_dags/example_complex.py for tasks to queue
[2023-03-28 22:52:16,139] {logging_mixin.py:115} INFO - [2023-03-28 22:52:16,139] {dagbag.py:507} INFO - Filling up the DagBag from /home/airflow/.local/lib/python3.7/site-packages/airflow/example_dags/example_complex.py
[2023-03-28 22:52:16,157] {processor.py:651} INFO - DAG(s) dict_keys(['example_complex']) retrieved from /home/airflow/.local/lib/python3.7/site-packages/airflow/example_dags/example_complex.py
[2023-03-28 22:52:16,198] {logging_mixin.py:115} INFO - [2023-03-28 22:52:16,198] {dag.py:2371} INFO - Sync 1 DAGs
[2023-03-28 22:52:16,231] {logging_mixin.py:115} INFO - [2023-03-28 22:52:16,231] {dag.py:2919} INFO - Setting next_dagrun for example_complex to None, run_after=None
[2023-03-28 22:52:16,248] {processor.py:161} INFO - Processing /home/airflow/.local/lib/python3.7/site-packages/airflow/example_dags/example_complex.py took 0.115 seconds
[2023-03-28 22:52:46,455] {processor.py:153} INFO - Started process (PID=120) to work on /home/airflow/.local/lib/python3.7/site-packages/airflow/example_dags/example_complex.py
[2023-03-28 22:52:46,456] {processor.py:641} INFO - Processing file /home/airflow/.local/lib/python3.7/site-packages/airflow/example_dags/example_complex.py for tasks to queue
[2023-03-28 22:52:46,456] {logging_mixin.py:115} INFO - [2023-03-28 22:52:46,456] {dagbag.py:507} INFO - Filling up the DagBag from /home/airflow/.local/lib/python3.7/site-packages/airflow/example_dags/example_complex.py
[2023-03-28 22:52:46,466] {processor.py:651} INFO - DAG(s) dict_keys(['example_complex']) retrieved from /home/airflow/.local/lib/python3.7/site-packages/airflow/example_dags/example_complex.py
[2023-03-28 22:52:46,491] {logging_mixin.py:115} INFO - [2023-03-28 22:52:46,491] {dag.py:2371} INFO - Sync 1 DAGs
[2023-03-28 22:52:46,513] {logging_mixin.py:115} INFO - [2023-03-28 22:52:46,513] {dag.py:2919} INFO - Setting next_dagrun for example_complex to None, run_after=None
[2023-03-28 22:52:46,528] {processor.py:161} INFO - Processing /home/airflow/.local/lib/python3.7/site-packages/airflow/example_dags/example_complex.py took 0.075 seconds
[2023-03-28 22:53:16,908] {processor.py:153} INFO - Started process (PID=184) to work on /home/airflow/.local/lib/python3.7/site-packages/airflow/example_dags/example_complex.py
[2023-03-28 22:53:16,908] {processor.py:641} INFO - Processing file /home/airflow/.local/lib/python3.7/site-packages/airflow/example_dags/example_complex.py for tasks to queue
[2023-03-28 22:53:16,909] {logging_mixin.py:115} INFO - [2023-03-28 22:53:16,908] {dagbag.py:507} INFO - Filling up the DagBag from /home/airflow/.local/lib/python3.7/site-packages/airflow/example_dags/example_complex.py
[2023-03-28 22:53:16,918] {processor.py:651} INFO - DAG(s) dict_keys(['example_complex']) retrieved from /home/airflow/.local/lib/python3.7/site-packages/airflow/example_dags/example_complex.py
[2023-03-28 22:53:16,949] {logging_mixin.py:115} INFO - [2023-03-28 22:53:16,949] {dag.py:2371} INFO - Sync 1 DAGs
[2023-03-28 22:53:16,971] {logging_mixin.py:115} INFO - [2023-03-28 22:53:16,971] {dag.py:2919} INFO - Setting next_dagrun for example_complex to None, run_after=None
[2023-03-28 22:53:16,990] {processor.py:161} INFO - Processing /home/airflow/.local/lib/python3.7/site-packages/airflow/example_dags/example_complex.py took 0.085 seconds
[2023-03-28 22:53:47,245] {processor.py:153} INFO - Started process (PID=239) to work on /home/airflow/.local/lib/python3.7/site-packages/airflow/example_dags/example_complex.py
[2023-03-28 22:53:47,247] {processor.py:641} INFO - Processing file /home/airflow/.local/lib/python3.7/site-packages/airflow/example_dags/example_complex.py for tasks to queue
[2023-03-28 22:53:47,248] {logging_mixin.py:115} INFO - [2023-03-28 22:53:47,247] {dagbag.py:507} INFO - Filling up the DagBag from /home/airflow/.local/lib/python3.7/site-packages/airflow/example_dags/example_complex.py
[2023-03-28 22:53:47,260] {processor.py:651} INFO - DAG(s) dict_keys(['example_complex']) retrieved from /home/airflow/.local/lib/python3.7/site-packages/airflow/example_dags/example_complex.py
[2023-03-28 22:53:47,297] {logging_mixin.py:115} INFO - [2023-03-28 22:53:47,297] {dag.py:2371} INFO - Sync 1 DAGs
[2023-03-28 22:53:47,319] {logging_mixin.py:115} INFO - [2023-03-28 22:53:47,319] {dag.py:2919} INFO - Setting next_dagrun for example_complex to None, run_after=None
[2023-03-28 22:53:47,336] {processor.py:161} INFO - Processing /home/airflow/.local/lib/python3.7/site-packages/airflow/example_dags/example_complex.py took 0.094 seconds
