[2023-03-28 22:23:54,374] {processor.py:153} INFO - Started process (PID=2362) to work on /home/airflow/.local/lib/python3.7/site-packages/airflow/example_dags/example_nested_branch_dag.py
[2023-03-28 22:23:54,374] {processor.py:641} INFO - Processing file /home/airflow/.local/lib/python3.7/site-packages/airflow/example_dags/example_nested_branch_dag.py for tasks to queue
[2023-03-28 22:23:54,374] {logging_mixin.py:115} INFO - [2023-03-28 22:23:54,374] {dagbag.py:507} INFO - Filling up the DagBag from /home/airflow/.local/lib/python3.7/site-packages/airflow/example_dags/example_nested_branch_dag.py
[2023-03-28 22:23:54,381] {processor.py:651} INFO - DAG(s) dict_keys(['example_nested_branch_dag']) retrieved from /home/airflow/.local/lib/python3.7/site-packages/airflow/example_dags/example_nested_branch_dag.py
[2023-03-28 22:23:54,404] {logging_mixin.py:115} INFO - [2023-03-28 22:23:54,404] {dag.py:2371} INFO - Sync 1 DAGs
[2023-03-28 22:23:54,425] {logging_mixin.py:115} INFO - [2023-03-28 22:23:54,424] {dag.py:2919} INFO - Setting next_dagrun for example_nested_branch_dag to 2023-03-27T00:00:00+00:00, run_after=2023-03-28T00:00:00+00:00
[2023-03-28 22:23:54,438] {processor.py:161} INFO - Processing /home/airflow/.local/lib/python3.7/site-packages/airflow/example_dags/example_nested_branch_dag.py took 0.066 seconds
[2023-03-28 22:24:25,253] {processor.py:153} INFO - Started process (PID=2426) to work on /home/airflow/.local/lib/python3.7/site-packages/airflow/example_dags/example_nested_branch_dag.py
[2023-03-28 22:24:25,253] {processor.py:641} INFO - Processing file /home/airflow/.local/lib/python3.7/site-packages/airflow/example_dags/example_nested_branch_dag.py for tasks to queue
[2023-03-28 22:24:25,254] {logging_mixin.py:115} INFO - [2023-03-28 22:24:25,254] {dagbag.py:507} INFO - Filling up the DagBag from /home/airflow/.local/lib/python3.7/site-packages/airflow/example_dags/example_nested_branch_dag.py
[2023-03-28 22:24:25,260] {processor.py:651} INFO - DAG(s) dict_keys(['example_nested_branch_dag']) retrieved from /home/airflow/.local/lib/python3.7/site-packages/airflow/example_dags/example_nested_branch_dag.py
[2023-03-28 22:24:25,281] {logging_mixin.py:115} INFO - [2023-03-28 22:24:25,281] {dag.py:2371} INFO - Sync 1 DAGs
[2023-03-28 22:24:25,300] {logging_mixin.py:115} INFO - [2023-03-28 22:24:25,300] {dag.py:2919} INFO - Setting next_dagrun for example_nested_branch_dag to 2023-03-27T00:00:00+00:00, run_after=2023-03-28T00:00:00+00:00
[2023-03-28 22:24:25,313] {processor.py:161} INFO - Processing /home/airflow/.local/lib/python3.7/site-packages/airflow/example_dags/example_nested_branch_dag.py took 0.061 seconds
[2023-03-28 22:24:55,862] {processor.py:153} INFO - Started process (PID=2481) to work on /home/airflow/.local/lib/python3.7/site-packages/airflow/example_dags/example_nested_branch_dag.py
[2023-03-28 22:24:55,863] {processor.py:641} INFO - Processing file /home/airflow/.local/lib/python3.7/site-packages/airflow/example_dags/example_nested_branch_dag.py for tasks to queue
[2023-03-28 22:24:55,863] {logging_mixin.py:115} INFO - [2023-03-28 22:24:55,863] {dagbag.py:507} INFO - Filling up the DagBag from /home/airflow/.local/lib/python3.7/site-packages/airflow/example_dags/example_nested_branch_dag.py
[2023-03-28 22:24:55,870] {processor.py:651} INFO - DAG(s) dict_keys(['example_nested_branch_dag']) retrieved from /home/airflow/.local/lib/python3.7/site-packages/airflow/example_dags/example_nested_branch_dag.py
[2023-03-28 22:24:55,892] {logging_mixin.py:115} INFO - [2023-03-28 22:24:55,892] {dag.py:2371} INFO - Sync 1 DAGs
[2023-03-28 22:24:55,912] {logging_mixin.py:115} INFO - [2023-03-28 22:24:55,912] {dag.py:2919} INFO - Setting next_dagrun for example_nested_branch_dag to 2023-03-27T00:00:00+00:00, run_after=2023-03-28T00:00:00+00:00
[2023-03-28 22:24:55,924] {processor.py:161} INFO - Processing /home/airflow/.local/lib/python3.7/site-packages/airflow/example_dags/example_nested_branch_dag.py took 0.065 seconds
[2023-03-28 22:25:26,814] {processor.py:153} INFO - Started process (PID=2545) to work on /home/airflow/.local/lib/python3.7/site-packages/airflow/example_dags/example_nested_branch_dag.py
[2023-03-28 22:25:26,815] {processor.py:641} INFO - Processing file /home/airflow/.local/lib/python3.7/site-packages/airflow/example_dags/example_nested_branch_dag.py for tasks to queue
[2023-03-28 22:25:26,815] {logging_mixin.py:115} INFO - [2023-03-28 22:25:26,815] {dagbag.py:507} INFO - Filling up the DagBag from /home/airflow/.local/lib/python3.7/site-packages/airflow/example_dags/example_nested_branch_dag.py
[2023-03-28 22:25:26,822] {processor.py:651} INFO - DAG(s) dict_keys(['example_nested_branch_dag']) retrieved from /home/airflow/.local/lib/python3.7/site-packages/airflow/example_dags/example_nested_branch_dag.py
[2023-03-28 22:25:26,842] {logging_mixin.py:115} INFO - [2023-03-28 22:25:26,841] {dag.py:2371} INFO - Sync 1 DAGs
[2023-03-28 22:25:26,861] {logging_mixin.py:115} INFO - [2023-03-28 22:25:26,861] {dag.py:2919} INFO - Setting next_dagrun for example_nested_branch_dag to 2023-03-27T00:00:00+00:00, run_after=2023-03-28T00:00:00+00:00
[2023-03-28 22:25:26,874] {processor.py:161} INFO - Processing /home/airflow/.local/lib/python3.7/site-packages/airflow/example_dags/example_nested_branch_dag.py took 0.062 seconds
[2023-03-28 22:25:57,581] {processor.py:153} INFO - Started process (PID=2609) to work on /home/airflow/.local/lib/python3.7/site-packages/airflow/example_dags/example_nested_branch_dag.py
[2023-03-28 22:25:57,581] {processor.py:641} INFO - Processing file /home/airflow/.local/lib/python3.7/site-packages/airflow/example_dags/example_nested_branch_dag.py for tasks to queue
[2023-03-28 22:25:57,582] {logging_mixin.py:115} INFO - [2023-03-28 22:25:57,582] {dagbag.py:507} INFO - Filling up the DagBag from /home/airflow/.local/lib/python3.7/site-packages/airflow/example_dags/example_nested_branch_dag.py
[2023-03-28 22:25:57,588] {processor.py:651} INFO - DAG(s) dict_keys(['example_nested_branch_dag']) retrieved from /home/airflow/.local/lib/python3.7/site-packages/airflow/example_dags/example_nested_branch_dag.py
[2023-03-28 22:25:57,609] {logging_mixin.py:115} INFO - [2023-03-28 22:25:57,609] {dag.py:2371} INFO - Sync 1 DAGs
[2023-03-28 22:25:57,628] {logging_mixin.py:115} INFO - [2023-03-28 22:25:57,628] {dag.py:2919} INFO - Setting next_dagrun for example_nested_branch_dag to 2023-03-27T00:00:00+00:00, run_after=2023-03-28T00:00:00+00:00
[2023-03-28 22:25:57,642] {processor.py:161} INFO - Processing /home/airflow/.local/lib/python3.7/site-packages/airflow/example_dags/example_nested_branch_dag.py took 0.063 seconds
[2023-03-28 22:26:28,747] {processor.py:153} INFO - Started process (PID=2674) to work on /home/airflow/.local/lib/python3.7/site-packages/airflow/example_dags/example_nested_branch_dag.py
[2023-03-28 22:26:28,748] {processor.py:641} INFO - Processing file /home/airflow/.local/lib/python3.7/site-packages/airflow/example_dags/example_nested_branch_dag.py for tasks to queue
[2023-03-28 22:26:28,748] {logging_mixin.py:115} INFO - [2023-03-28 22:26:28,748] {dagbag.py:507} INFO - Filling up the DagBag from /home/airflow/.local/lib/python3.7/site-packages/airflow/example_dags/example_nested_branch_dag.py
[2023-03-28 22:26:28,755] {processor.py:651} INFO - DAG(s) dict_keys(['example_nested_branch_dag']) retrieved from /home/airflow/.local/lib/python3.7/site-packages/airflow/example_dags/example_nested_branch_dag.py
[2023-03-28 22:26:28,777] {logging_mixin.py:115} INFO - [2023-03-28 22:26:28,777] {dag.py:2371} INFO - Sync 1 DAGs
[2023-03-28 22:26:28,798] {logging_mixin.py:115} INFO - [2023-03-28 22:26:28,797] {dag.py:2919} INFO - Setting next_dagrun for example_nested_branch_dag to 2023-03-27T00:00:00+00:00, run_after=2023-03-28T00:00:00+00:00
[2023-03-28 22:26:28,811] {processor.py:161} INFO - Processing /home/airflow/.local/lib/python3.7/site-packages/airflow/example_dags/example_nested_branch_dag.py took 0.066 seconds
[2023-03-28 22:26:59,750] {processor.py:153} INFO - Started process (PID=2729) to work on /home/airflow/.local/lib/python3.7/site-packages/airflow/example_dags/example_nested_branch_dag.py
[2023-03-28 22:26:59,751] {processor.py:641} INFO - Processing file /home/airflow/.local/lib/python3.7/site-packages/airflow/example_dags/example_nested_branch_dag.py for tasks to queue
[2023-03-28 22:26:59,751] {logging_mixin.py:115} INFO - [2023-03-28 22:26:59,751] {dagbag.py:507} INFO - Filling up the DagBag from /home/airflow/.local/lib/python3.7/site-packages/airflow/example_dags/example_nested_branch_dag.py
[2023-03-28 22:26:59,758] {processor.py:651} INFO - DAG(s) dict_keys(['example_nested_branch_dag']) retrieved from /home/airflow/.local/lib/python3.7/site-packages/airflow/example_dags/example_nested_branch_dag.py
[2023-03-28 22:26:59,782] {logging_mixin.py:115} INFO - [2023-03-28 22:26:59,782] {dag.py:2371} INFO - Sync 1 DAGs
[2023-03-28 22:26:59,803] {logging_mixin.py:115} INFO - [2023-03-28 22:26:59,802] {dag.py:2919} INFO - Setting next_dagrun for example_nested_branch_dag to 2023-03-27T00:00:00+00:00, run_after=2023-03-28T00:00:00+00:00
[2023-03-28 22:26:59,816] {processor.py:161} INFO - Processing /home/airflow/.local/lib/python3.7/site-packages/airflow/example_dags/example_nested_branch_dag.py took 0.069 seconds
[2023-03-28 22:27:30,316] {processor.py:153} INFO - Started process (PID=2795) to work on /home/airflow/.local/lib/python3.7/site-packages/airflow/example_dags/example_nested_branch_dag.py
[2023-03-28 22:27:30,317] {processor.py:641} INFO - Processing file /home/airflow/.local/lib/python3.7/site-packages/airflow/example_dags/example_nested_branch_dag.py for tasks to queue
[2023-03-28 22:27:30,317] {logging_mixin.py:115} INFO - [2023-03-28 22:27:30,317] {dagbag.py:507} INFO - Filling up the DagBag from /home/airflow/.local/lib/python3.7/site-packages/airflow/example_dags/example_nested_branch_dag.py
[2023-03-28 22:27:30,324] {processor.py:651} INFO - DAG(s) dict_keys(['example_nested_branch_dag']) retrieved from /home/airflow/.local/lib/python3.7/site-packages/airflow/example_dags/example_nested_branch_dag.py
[2023-03-28 22:27:30,346] {logging_mixin.py:115} INFO - [2023-03-28 22:27:30,346] {dag.py:2371} INFO - Sync 1 DAGs
[2023-03-28 22:27:30,367] {logging_mixin.py:115} INFO - [2023-03-28 22:27:30,367] {dag.py:2919} INFO - Setting next_dagrun for example_nested_branch_dag to 2023-03-27T00:00:00+00:00, run_after=2023-03-28T00:00:00+00:00
[2023-03-28 22:27:30,379] {processor.py:161} INFO - Processing /home/airflow/.local/lib/python3.7/site-packages/airflow/example_dags/example_nested_branch_dag.py took 0.066 seconds
[2023-03-28 22:28:01,010] {processor.py:153} INFO - Started process (PID=2859) to work on /home/airflow/.local/lib/python3.7/site-packages/airflow/example_dags/example_nested_branch_dag.py
[2023-03-28 22:28:01,010] {processor.py:641} INFO - Processing file /home/airflow/.local/lib/python3.7/site-packages/airflow/example_dags/example_nested_branch_dag.py for tasks to queue
[2023-03-28 22:28:01,011] {logging_mixin.py:115} INFO - [2023-03-28 22:28:01,011] {dagbag.py:507} INFO - Filling up the DagBag from /home/airflow/.local/lib/python3.7/site-packages/airflow/example_dags/example_nested_branch_dag.py
[2023-03-28 22:28:01,018] {processor.py:651} INFO - DAG(s) dict_keys(['example_nested_branch_dag']) retrieved from /home/airflow/.local/lib/python3.7/site-packages/airflow/example_dags/example_nested_branch_dag.py
[2023-03-28 22:28:01,041] {logging_mixin.py:115} INFO - [2023-03-28 22:28:01,041] {dag.py:2371} INFO - Sync 1 DAGs
[2023-03-28 22:28:01,061] {logging_mixin.py:115} INFO - [2023-03-28 22:28:01,061] {dag.py:2919} INFO - Setting next_dagrun for example_nested_branch_dag to 2023-03-27T00:00:00+00:00, run_after=2023-03-28T00:00:00+00:00
[2023-03-28 22:28:01,074] {processor.py:161} INFO - Processing /home/airflow/.local/lib/python3.7/site-packages/airflow/example_dags/example_nested_branch_dag.py took 0.066 seconds
[2023-03-28 22:28:31,896] {processor.py:153} INFO - Started process (PID=2914) to work on /home/airflow/.local/lib/python3.7/site-packages/airflow/example_dags/example_nested_branch_dag.py
[2023-03-28 22:28:31,897] {processor.py:641} INFO - Processing file /home/airflow/.local/lib/python3.7/site-packages/airflow/example_dags/example_nested_branch_dag.py for tasks to queue
[2023-03-28 22:28:31,898] {logging_mixin.py:115} INFO - [2023-03-28 22:28:31,897] {dagbag.py:507} INFO - Filling up the DagBag from /home/airflow/.local/lib/python3.7/site-packages/airflow/example_dags/example_nested_branch_dag.py
[2023-03-28 22:28:31,907] {processor.py:651} INFO - DAG(s) dict_keys(['example_nested_branch_dag']) retrieved from /home/airflow/.local/lib/python3.7/site-packages/airflow/example_dags/example_nested_branch_dag.py
[2023-03-28 22:28:31,991] {logging_mixin.py:115} INFO - [2023-03-28 22:28:31,991] {dag.py:2371} INFO - Sync 1 DAGs
[2023-03-28 22:28:32,018] {logging_mixin.py:115} INFO - [2023-03-28 22:28:32,018] {dag.py:2919} INFO - Setting next_dagrun for example_nested_branch_dag to 2023-03-27T00:00:00+00:00, run_after=2023-03-28T00:00:00+00:00
[2023-03-28 22:28:32,031] {processor.py:161} INFO - Processing /home/airflow/.local/lib/python3.7/site-packages/airflow/example_dags/example_nested_branch_dag.py took 0.138 seconds
[2023-03-28 22:29:02,125] {processor.py:153} INFO - Started process (PID=2978) to work on /home/airflow/.local/lib/python3.7/site-packages/airflow/example_dags/example_nested_branch_dag.py
[2023-03-28 22:29:02,125] {processor.py:641} INFO - Processing file /home/airflow/.local/lib/python3.7/site-packages/airflow/example_dags/example_nested_branch_dag.py for tasks to queue
[2023-03-28 22:29:02,125] {logging_mixin.py:115} INFO - [2023-03-28 22:29:02,125] {dagbag.py:507} INFO - Filling up the DagBag from /home/airflow/.local/lib/python3.7/site-packages/airflow/example_dags/example_nested_branch_dag.py
[2023-03-28 22:29:02,132] {processor.py:651} INFO - DAG(s) dict_keys(['example_nested_branch_dag']) retrieved from /home/airflow/.local/lib/python3.7/site-packages/airflow/example_dags/example_nested_branch_dag.py
[2023-03-28 22:29:02,152] {logging_mixin.py:115} INFO - [2023-03-28 22:29:02,152] {dag.py:2371} INFO - Sync 1 DAGs
[2023-03-28 22:29:02,172] {logging_mixin.py:115} INFO - [2023-03-28 22:29:02,172] {dag.py:2919} INFO - Setting next_dagrun for example_nested_branch_dag to 2023-03-27T00:00:00+00:00, run_after=2023-03-28T00:00:00+00:00
[2023-03-28 22:29:02,185] {processor.py:161} INFO - Processing /home/airflow/.local/lib/python3.7/site-packages/airflow/example_dags/example_nested_branch_dag.py took 0.062 seconds
[2023-03-28 22:29:32,827] {processor.py:153} INFO - Started process (PID=3042) to work on /home/airflow/.local/lib/python3.7/site-packages/airflow/example_dags/example_nested_branch_dag.py
[2023-03-28 22:29:32,828] {processor.py:641} INFO - Processing file /home/airflow/.local/lib/python3.7/site-packages/airflow/example_dags/example_nested_branch_dag.py for tasks to queue
[2023-03-28 22:29:32,829] {logging_mixin.py:115} INFO - [2023-03-28 22:29:32,828] {dagbag.py:507} INFO - Filling up the DagBag from /home/airflow/.local/lib/python3.7/site-packages/airflow/example_dags/example_nested_branch_dag.py
[2023-03-28 22:29:32,835] {processor.py:651} INFO - DAG(s) dict_keys(['example_nested_branch_dag']) retrieved from /home/airflow/.local/lib/python3.7/site-packages/airflow/example_dags/example_nested_branch_dag.py
[2023-03-28 22:29:32,856] {logging_mixin.py:115} INFO - [2023-03-28 22:29:32,856] {dag.py:2371} INFO - Sync 1 DAGs
[2023-03-28 22:29:32,877] {logging_mixin.py:115} INFO - [2023-03-28 22:29:32,877] {dag.py:2919} INFO - Setting next_dagrun for example_nested_branch_dag to 2023-03-27T00:00:00+00:00, run_after=2023-03-28T00:00:00+00:00
[2023-03-28 22:29:32,890] {processor.py:161} INFO - Processing /home/airflow/.local/lib/python3.7/site-packages/airflow/example_dags/example_nested_branch_dag.py took 0.065 seconds
[2023-03-28 22:30:03,192] {processor.py:153} INFO - Started process (PID=3106) to work on /home/airflow/.local/lib/python3.7/site-packages/airflow/example_dags/example_nested_branch_dag.py
[2023-03-28 22:30:03,192] {processor.py:641} INFO - Processing file /home/airflow/.local/lib/python3.7/site-packages/airflow/example_dags/example_nested_branch_dag.py for tasks to queue
[2023-03-28 22:30:03,192] {logging_mixin.py:115} INFO - [2023-03-28 22:30:03,192] {dagbag.py:507} INFO - Filling up the DagBag from /home/airflow/.local/lib/python3.7/site-packages/airflow/example_dags/example_nested_branch_dag.py
[2023-03-28 22:30:03,200] {processor.py:651} INFO - DAG(s) dict_keys(['example_nested_branch_dag']) retrieved from /home/airflow/.local/lib/python3.7/site-packages/airflow/example_dags/example_nested_branch_dag.py
[2023-03-28 22:30:03,225] {logging_mixin.py:115} INFO - [2023-03-28 22:30:03,225] {dag.py:2371} INFO - Sync 1 DAGs
[2023-03-28 22:30:03,245] {logging_mixin.py:115} INFO - [2023-03-28 22:30:03,245] {dag.py:2919} INFO - Setting next_dagrun for example_nested_branch_dag to 2023-03-27T00:00:00+00:00, run_after=2023-03-28T00:00:00+00:00
[2023-03-28 22:30:03,260] {processor.py:161} INFO - Processing /home/airflow/.local/lib/python3.7/site-packages/airflow/example_dags/example_nested_branch_dag.py took 0.071 seconds
[2023-03-28 22:30:33,620] {processor.py:153} INFO - Started process (PID=3161) to work on /home/airflow/.local/lib/python3.7/site-packages/airflow/example_dags/example_nested_branch_dag.py
[2023-03-28 22:30:33,621] {processor.py:641} INFO - Processing file /home/airflow/.local/lib/python3.7/site-packages/airflow/example_dags/example_nested_branch_dag.py for tasks to queue
[2023-03-28 22:30:33,621] {logging_mixin.py:115} INFO - [2023-03-28 22:30:33,621] {dagbag.py:507} INFO - Filling up the DagBag from /home/airflow/.local/lib/python3.7/site-packages/airflow/example_dags/example_nested_branch_dag.py
[2023-03-28 22:30:33,628] {processor.py:651} INFO - DAG(s) dict_keys(['example_nested_branch_dag']) retrieved from /home/airflow/.local/lib/python3.7/site-packages/airflow/example_dags/example_nested_branch_dag.py
[2023-03-28 22:30:33,649] {logging_mixin.py:115} INFO - [2023-03-28 22:30:33,649] {dag.py:2371} INFO - Sync 1 DAGs
[2023-03-28 22:30:33,668] {logging_mixin.py:115} INFO - [2023-03-28 22:30:33,668] {dag.py:2919} INFO - Setting next_dagrun for example_nested_branch_dag to 2023-03-27T00:00:00+00:00, run_after=2023-03-28T00:00:00+00:00
[2023-03-28 22:30:33,682] {processor.py:161} INFO - Processing /home/airflow/.local/lib/python3.7/site-packages/airflow/example_dags/example_nested_branch_dag.py took 0.064 seconds
[2023-03-28 22:31:03,774] {processor.py:153} INFO - Started process (PID=3225) to work on /home/airflow/.local/lib/python3.7/site-packages/airflow/example_dags/example_nested_branch_dag.py
[2023-03-28 22:31:03,774] {processor.py:641} INFO - Processing file /home/airflow/.local/lib/python3.7/site-packages/airflow/example_dags/example_nested_branch_dag.py for tasks to queue
[2023-03-28 22:31:03,775] {logging_mixin.py:115} INFO - [2023-03-28 22:31:03,775] {dagbag.py:507} INFO - Filling up the DagBag from /home/airflow/.local/lib/python3.7/site-packages/airflow/example_dags/example_nested_branch_dag.py
[2023-03-28 22:31:03,781] {processor.py:651} INFO - DAG(s) dict_keys(['example_nested_branch_dag']) retrieved from /home/airflow/.local/lib/python3.7/site-packages/airflow/example_dags/example_nested_branch_dag.py
[2023-03-28 22:31:03,803] {logging_mixin.py:115} INFO - [2023-03-28 22:31:03,803] {dag.py:2371} INFO - Sync 1 DAGs
[2023-03-28 22:31:03,824] {logging_mixin.py:115} INFO - [2023-03-28 22:31:03,823] {dag.py:2919} INFO - Setting next_dagrun for example_nested_branch_dag to 2023-03-27T00:00:00+00:00, run_after=2023-03-28T00:00:00+00:00
[2023-03-28 22:31:03,837] {processor.py:161} INFO - Processing /home/airflow/.local/lib/python3.7/site-packages/airflow/example_dags/example_nested_branch_dag.py took 0.064 seconds
[2023-03-28 22:31:34,163] {processor.py:153} INFO - Started process (PID=3289) to work on /home/airflow/.local/lib/python3.7/site-packages/airflow/example_dags/example_nested_branch_dag.py
[2023-03-28 22:31:34,164] {processor.py:641} INFO - Processing file /home/airflow/.local/lib/python3.7/site-packages/airflow/example_dags/example_nested_branch_dag.py for tasks to queue
[2023-03-28 22:31:34,165] {logging_mixin.py:115} INFO - [2023-03-28 22:31:34,164] {dagbag.py:507} INFO - Filling up the DagBag from /home/airflow/.local/lib/python3.7/site-packages/airflow/example_dags/example_nested_branch_dag.py
[2023-03-28 22:31:34,172] {processor.py:651} INFO - DAG(s) dict_keys(['example_nested_branch_dag']) retrieved from /home/airflow/.local/lib/python3.7/site-packages/airflow/example_dags/example_nested_branch_dag.py
[2023-03-28 22:31:34,195] {logging_mixin.py:115} INFO - [2023-03-28 22:31:34,195] {dag.py:2371} INFO - Sync 1 DAGs
[2023-03-28 22:31:34,221] {logging_mixin.py:115} INFO - [2023-03-28 22:31:34,221] {dag.py:2919} INFO - Setting next_dagrun for example_nested_branch_dag to 2023-03-27T00:00:00+00:00, run_after=2023-03-28T00:00:00+00:00
[2023-03-28 22:31:34,237] {processor.py:161} INFO - Processing /home/airflow/.local/lib/python3.7/site-packages/airflow/example_dags/example_nested_branch_dag.py took 0.076 seconds
[2023-03-28 22:32:04,505] {processor.py:153} INFO - Started process (PID=3344) to work on /home/airflow/.local/lib/python3.7/site-packages/airflow/example_dags/example_nested_branch_dag.py
[2023-03-28 22:32:04,506] {processor.py:641} INFO - Processing file /home/airflow/.local/lib/python3.7/site-packages/airflow/example_dags/example_nested_branch_dag.py for tasks to queue
[2023-03-28 22:32:04,506] {logging_mixin.py:115} INFO - [2023-03-28 22:32:04,506] {dagbag.py:507} INFO - Filling up the DagBag from /home/airflow/.local/lib/python3.7/site-packages/airflow/example_dags/example_nested_branch_dag.py
[2023-03-28 22:32:04,512] {processor.py:651} INFO - DAG(s) dict_keys(['example_nested_branch_dag']) retrieved from /home/airflow/.local/lib/python3.7/site-packages/airflow/example_dags/example_nested_branch_dag.py
[2023-03-28 22:32:04,534] {logging_mixin.py:115} INFO - [2023-03-28 22:32:04,534] {dag.py:2371} INFO - Sync 1 DAGs
[2023-03-28 22:32:04,555] {logging_mixin.py:115} INFO - [2023-03-28 22:32:04,555] {dag.py:2919} INFO - Setting next_dagrun for example_nested_branch_dag to 2023-03-27T00:00:00+00:00, run_after=2023-03-28T00:00:00+00:00
[2023-03-28 22:32:04,568] {processor.py:161} INFO - Processing /home/airflow/.local/lib/python3.7/site-packages/airflow/example_dags/example_nested_branch_dag.py took 0.065 seconds
[2023-03-28 22:32:35,003] {processor.py:153} INFO - Started process (PID=3408) to work on /home/airflow/.local/lib/python3.7/site-packages/airflow/example_dags/example_nested_branch_dag.py
[2023-03-28 22:32:35,004] {processor.py:641} INFO - Processing file /home/airflow/.local/lib/python3.7/site-packages/airflow/example_dags/example_nested_branch_dag.py for tasks to queue
[2023-03-28 22:32:35,005] {logging_mixin.py:115} INFO - [2023-03-28 22:32:35,004] {dagbag.py:507} INFO - Filling up the DagBag from /home/airflow/.local/lib/python3.7/site-packages/airflow/example_dags/example_nested_branch_dag.py
[2023-03-28 22:32:35,011] {processor.py:651} INFO - DAG(s) dict_keys(['example_nested_branch_dag']) retrieved from /home/airflow/.local/lib/python3.7/site-packages/airflow/example_dags/example_nested_branch_dag.py
[2023-03-28 22:32:35,039] {logging_mixin.py:115} INFO - [2023-03-28 22:32:35,039] {dag.py:2371} INFO - Sync 1 DAGs
[2023-03-28 22:32:35,066] {logging_mixin.py:115} INFO - [2023-03-28 22:32:35,066] {dag.py:2919} INFO - Setting next_dagrun for example_nested_branch_dag to 2023-03-27T00:00:00+00:00, run_after=2023-03-28T00:00:00+00:00
[2023-03-28 22:32:35,080] {processor.py:161} INFO - Processing /home/airflow/.local/lib/python3.7/site-packages/airflow/example_dags/example_nested_branch_dag.py took 0.079 seconds
[2023-03-28 22:33:05,207] {processor.py:153} INFO - Started process (PID=3472) to work on /home/airflow/.local/lib/python3.7/site-packages/airflow/example_dags/example_nested_branch_dag.py
[2023-03-28 22:33:05,208] {processor.py:641} INFO - Processing file /home/airflow/.local/lib/python3.7/site-packages/airflow/example_dags/example_nested_branch_dag.py for tasks to queue
[2023-03-28 22:33:05,208] {logging_mixin.py:115} INFO - [2023-03-28 22:33:05,208] {dagbag.py:507} INFO - Filling up the DagBag from /home/airflow/.local/lib/python3.7/site-packages/airflow/example_dags/example_nested_branch_dag.py
[2023-03-28 22:33:05,215] {processor.py:651} INFO - DAG(s) dict_keys(['example_nested_branch_dag']) retrieved from /home/airflow/.local/lib/python3.7/site-packages/airflow/example_dags/example_nested_branch_dag.py
[2023-03-28 22:33:05,240] {logging_mixin.py:115} INFO - [2023-03-28 22:33:05,239] {dag.py:2371} INFO - Sync 1 DAGs
[2023-03-28 22:33:05,262] {logging_mixin.py:115} INFO - [2023-03-28 22:33:05,262] {dag.py:2919} INFO - Setting next_dagrun for example_nested_branch_dag to 2023-03-27T00:00:00+00:00, run_after=2023-03-28T00:00:00+00:00
[2023-03-28 22:33:05,278] {processor.py:161} INFO - Processing /home/airflow/.local/lib/python3.7/site-packages/airflow/example_dags/example_nested_branch_dag.py took 0.073 seconds
[2023-03-28 22:33:35,615] {processor.py:153} INFO - Started process (PID=3527) to work on /home/airflow/.local/lib/python3.7/site-packages/airflow/example_dags/example_nested_branch_dag.py
[2023-03-28 22:33:35,617] {processor.py:641} INFO - Processing file /home/airflow/.local/lib/python3.7/site-packages/airflow/example_dags/example_nested_branch_dag.py for tasks to queue
[2023-03-28 22:33:35,617] {logging_mixin.py:115} INFO - [2023-03-28 22:33:35,617] {dagbag.py:507} INFO - Filling up the DagBag from /home/airflow/.local/lib/python3.7/site-packages/airflow/example_dags/example_nested_branch_dag.py
[2023-03-28 22:33:35,625] {processor.py:651} INFO - DAG(s) dict_keys(['example_nested_branch_dag']) retrieved from /home/airflow/.local/lib/python3.7/site-packages/airflow/example_dags/example_nested_branch_dag.py
[2023-03-28 22:33:35,647] {logging_mixin.py:115} INFO - [2023-03-28 22:33:35,647] {dag.py:2371} INFO - Sync 1 DAGs
[2023-03-28 22:33:35,666] {logging_mixin.py:115} INFO - [2023-03-28 22:33:35,666] {dag.py:2919} INFO - Setting next_dagrun for example_nested_branch_dag to 2023-03-27T00:00:00+00:00, run_after=2023-03-28T00:00:00+00:00
[2023-03-28 22:33:35,679] {processor.py:161} INFO - Processing /home/airflow/.local/lib/python3.7/site-packages/airflow/example_dags/example_nested_branch_dag.py took 0.065 seconds
[2023-03-28 22:34:06,072] {processor.py:153} INFO - Started process (PID=3591) to work on /home/airflow/.local/lib/python3.7/site-packages/airflow/example_dags/example_nested_branch_dag.py
[2023-03-28 22:34:06,073] {processor.py:641} INFO - Processing file /home/airflow/.local/lib/python3.7/site-packages/airflow/example_dags/example_nested_branch_dag.py for tasks to queue
[2023-03-28 22:34:06,073] {logging_mixin.py:115} INFO - [2023-03-28 22:34:06,073] {dagbag.py:507} INFO - Filling up the DagBag from /home/airflow/.local/lib/python3.7/site-packages/airflow/example_dags/example_nested_branch_dag.py
[2023-03-28 22:34:06,081] {processor.py:651} INFO - DAG(s) dict_keys(['example_nested_branch_dag']) retrieved from /home/airflow/.local/lib/python3.7/site-packages/airflow/example_dags/example_nested_branch_dag.py
[2023-03-28 22:34:06,104] {logging_mixin.py:115} INFO - [2023-03-28 22:34:06,104] {dag.py:2371} INFO - Sync 1 DAGs
[2023-03-28 22:34:06,127] {logging_mixin.py:115} INFO - [2023-03-28 22:34:06,126] {dag.py:2919} INFO - Setting next_dagrun for example_nested_branch_dag to 2023-03-27T00:00:00+00:00, run_after=2023-03-28T00:00:00+00:00
[2023-03-28 22:34:06,142] {processor.py:161} INFO - Processing /home/airflow/.local/lib/python3.7/site-packages/airflow/example_dags/example_nested_branch_dag.py took 0.073 seconds
[2023-03-28 22:34:36,367] {processor.py:153} INFO - Started process (PID=3655) to work on /home/airflow/.local/lib/python3.7/site-packages/airflow/example_dags/example_nested_branch_dag.py
[2023-03-28 22:34:36,368] {processor.py:641} INFO - Processing file /home/airflow/.local/lib/python3.7/site-packages/airflow/example_dags/example_nested_branch_dag.py for tasks to queue
[2023-03-28 22:34:36,369] {logging_mixin.py:115} INFO - [2023-03-28 22:34:36,369] {dagbag.py:507} INFO - Filling up the DagBag from /home/airflow/.local/lib/python3.7/site-packages/airflow/example_dags/example_nested_branch_dag.py
[2023-03-28 22:34:36,382] {processor.py:651} INFO - DAG(s) dict_keys(['example_nested_branch_dag']) retrieved from /home/airflow/.local/lib/python3.7/site-packages/airflow/example_dags/example_nested_branch_dag.py
[2023-03-28 22:34:36,415] {logging_mixin.py:115} INFO - [2023-03-28 22:34:36,415] {dag.py:2371} INFO - Sync 1 DAGs
[2023-03-28 22:34:36,444] {logging_mixin.py:115} INFO - [2023-03-28 22:34:36,444] {dag.py:2919} INFO - Setting next_dagrun for example_nested_branch_dag to 2023-03-27T00:00:00+00:00, run_after=2023-03-28T00:00:00+00:00
[2023-03-28 22:34:36,462] {processor.py:161} INFO - Processing /home/airflow/.local/lib/python3.7/site-packages/airflow/example_dags/example_nested_branch_dag.py took 0.100 seconds
[2023-03-28 22:35:06,859] {processor.py:153} INFO - Started process (PID=3710) to work on /home/airflow/.local/lib/python3.7/site-packages/airflow/example_dags/example_nested_branch_dag.py
[2023-03-28 22:35:06,859] {processor.py:641} INFO - Processing file /home/airflow/.local/lib/python3.7/site-packages/airflow/example_dags/example_nested_branch_dag.py for tasks to queue
[2023-03-28 22:35:06,859] {logging_mixin.py:115} INFO - [2023-03-28 22:35:06,859] {dagbag.py:507} INFO - Filling up the DagBag from /home/airflow/.local/lib/python3.7/site-packages/airflow/example_dags/example_nested_branch_dag.py
[2023-03-28 22:35:06,866] {processor.py:651} INFO - DAG(s) dict_keys(['example_nested_branch_dag']) retrieved from /home/airflow/.local/lib/python3.7/site-packages/airflow/example_dags/example_nested_branch_dag.py
[2023-03-28 22:35:06,890] {logging_mixin.py:115} INFO - [2023-03-28 22:35:06,890] {dag.py:2371} INFO - Sync 1 DAGs
[2023-03-28 22:35:06,912] {logging_mixin.py:115} INFO - [2023-03-28 22:35:06,912] {dag.py:2919} INFO - Setting next_dagrun for example_nested_branch_dag to 2023-03-27T00:00:00+00:00, run_after=2023-03-28T00:00:00+00:00
[2023-03-28 22:35:07,048] {processor.py:161} INFO - Processing /home/airflow/.local/lib/python3.7/site-packages/airflow/example_dags/example_nested_branch_dag.py took 0.191 seconds
[2023-03-28 22:35:37,835] {processor.py:153} INFO - Started process (PID=3775) to work on /home/airflow/.local/lib/python3.7/site-packages/airflow/example_dags/example_nested_branch_dag.py
[2023-03-28 22:35:37,836] {processor.py:641} INFO - Processing file /home/airflow/.local/lib/python3.7/site-packages/airflow/example_dags/example_nested_branch_dag.py for tasks to queue
[2023-03-28 22:35:37,837] {logging_mixin.py:115} INFO - [2023-03-28 22:35:37,837] {dagbag.py:507} INFO - Filling up the DagBag from /home/airflow/.local/lib/python3.7/site-packages/airflow/example_dags/example_nested_branch_dag.py
[2023-03-28 22:35:37,843] {processor.py:651} INFO - DAG(s) dict_keys(['example_nested_branch_dag']) retrieved from /home/airflow/.local/lib/python3.7/site-packages/airflow/example_dags/example_nested_branch_dag.py
[2023-03-28 22:35:37,864] {logging_mixin.py:115} INFO - [2023-03-28 22:35:37,864] {dag.py:2371} INFO - Sync 1 DAGs
[2023-03-28 22:35:37,885] {logging_mixin.py:115} INFO - [2023-03-28 22:35:37,885] {dag.py:2919} INFO - Setting next_dagrun for example_nested_branch_dag to 2023-03-27T00:00:00+00:00, run_after=2023-03-28T00:00:00+00:00
[2023-03-28 22:35:37,982] {processor.py:161} INFO - Processing /home/airflow/.local/lib/python3.7/site-packages/airflow/example_dags/example_nested_branch_dag.py took 0.149 seconds
[2023-03-28 22:36:08,301] {processor.py:153} INFO - Started process (PID=3839) to work on /home/airflow/.local/lib/python3.7/site-packages/airflow/example_dags/example_nested_branch_dag.py
[2023-03-28 22:36:08,302] {processor.py:641} INFO - Processing file /home/airflow/.local/lib/python3.7/site-packages/airflow/example_dags/example_nested_branch_dag.py for tasks to queue
[2023-03-28 22:36:08,302] {logging_mixin.py:115} INFO - [2023-03-28 22:36:08,302] {dagbag.py:507} INFO - Filling up the DagBag from /home/airflow/.local/lib/python3.7/site-packages/airflow/example_dags/example_nested_branch_dag.py
[2023-03-28 22:36:08,308] {processor.py:651} INFO - DAG(s) dict_keys(['example_nested_branch_dag']) retrieved from /home/airflow/.local/lib/python3.7/site-packages/airflow/example_dags/example_nested_branch_dag.py
[2023-03-28 22:36:08,330] {logging_mixin.py:115} INFO - [2023-03-28 22:36:08,330] {dag.py:2371} INFO - Sync 1 DAGs
[2023-03-28 22:36:08,351] {logging_mixin.py:115} INFO - [2023-03-28 22:36:08,351] {dag.py:2919} INFO - Setting next_dagrun for example_nested_branch_dag to 2023-03-27T00:00:00+00:00, run_after=2023-03-28T00:00:00+00:00
[2023-03-28 22:36:08,448] {processor.py:161} INFO - Processing /home/airflow/.local/lib/python3.7/site-packages/airflow/example_dags/example_nested_branch_dag.py took 0.148 seconds
[2023-03-28 22:36:39,289] {processor.py:153} INFO - Started process (PID=3896) to work on /home/airflow/.local/lib/python3.7/site-packages/airflow/example_dags/example_nested_branch_dag.py
[2023-03-28 22:36:39,291] {processor.py:641} INFO - Processing file /home/airflow/.local/lib/python3.7/site-packages/airflow/example_dags/example_nested_branch_dag.py for tasks to queue
[2023-03-28 22:36:39,291] {logging_mixin.py:115} INFO - [2023-03-28 22:36:39,291] {dagbag.py:507} INFO - Filling up the DagBag from /home/airflow/.local/lib/python3.7/site-packages/airflow/example_dags/example_nested_branch_dag.py
[2023-03-28 22:36:39,298] {processor.py:651} INFO - DAG(s) dict_keys(['example_nested_branch_dag']) retrieved from /home/airflow/.local/lib/python3.7/site-packages/airflow/example_dags/example_nested_branch_dag.py
[2023-03-28 22:36:39,319] {logging_mixin.py:115} INFO - [2023-03-28 22:36:39,319] {dag.py:2371} INFO - Sync 1 DAGs
[2023-03-28 22:36:39,340] {logging_mixin.py:115} INFO - [2023-03-28 22:36:39,339] {dag.py:2919} INFO - Setting next_dagrun for example_nested_branch_dag to 2023-03-27T00:00:00+00:00, run_after=2023-03-28T00:00:00+00:00
[2023-03-28 22:36:39,454] {processor.py:161} INFO - Processing /home/airflow/.local/lib/python3.7/site-packages/airflow/example_dags/example_nested_branch_dag.py took 0.167 seconds
[2023-03-28 22:37:09,931] {processor.py:153} INFO - Started process (PID=3961) to work on /home/airflow/.local/lib/python3.7/site-packages/airflow/example_dags/example_nested_branch_dag.py
[2023-03-28 22:37:09,932] {processor.py:641} INFO - Processing file /home/airflow/.local/lib/python3.7/site-packages/airflow/example_dags/example_nested_branch_dag.py for tasks to queue
[2023-03-28 22:37:09,932] {logging_mixin.py:115} INFO - [2023-03-28 22:37:09,932] {dagbag.py:507} INFO - Filling up the DagBag from /home/airflow/.local/lib/python3.7/site-packages/airflow/example_dags/example_nested_branch_dag.py
[2023-03-28 22:37:09,939] {processor.py:651} INFO - DAG(s) dict_keys(['example_nested_branch_dag']) retrieved from /home/airflow/.local/lib/python3.7/site-packages/airflow/example_dags/example_nested_branch_dag.py
[2023-03-28 22:37:09,963] {logging_mixin.py:115} INFO - [2023-03-28 22:37:09,963] {dag.py:2371} INFO - Sync 1 DAGs
[2023-03-28 22:37:09,986] {logging_mixin.py:115} INFO - [2023-03-28 22:37:09,986] {dag.py:2919} INFO - Setting next_dagrun for example_nested_branch_dag to 2023-03-27T00:00:00+00:00, run_after=2023-03-28T00:00:00+00:00
[2023-03-28 22:37:10,097] {processor.py:161} INFO - Processing /home/airflow/.local/lib/python3.7/site-packages/airflow/example_dags/example_nested_branch_dag.py took 0.168 seconds
[2023-03-28 22:37:40,731] {processor.py:153} INFO - Started process (PID=4025) to work on /home/airflow/.local/lib/python3.7/site-packages/airflow/example_dags/example_nested_branch_dag.py
[2023-03-28 22:37:40,732] {processor.py:641} INFO - Processing file /home/airflow/.local/lib/python3.7/site-packages/airflow/example_dags/example_nested_branch_dag.py for tasks to queue
[2023-03-28 22:37:40,732] {logging_mixin.py:115} INFO - [2023-03-28 22:37:40,732] {dagbag.py:507} INFO - Filling up the DagBag from /home/airflow/.local/lib/python3.7/site-packages/airflow/example_dags/example_nested_branch_dag.py
[2023-03-28 22:37:40,740] {processor.py:651} INFO - DAG(s) dict_keys(['example_nested_branch_dag']) retrieved from /home/airflow/.local/lib/python3.7/site-packages/airflow/example_dags/example_nested_branch_dag.py
[2023-03-28 22:37:40,761] {logging_mixin.py:115} INFO - [2023-03-28 22:37:40,761] {dag.py:2371} INFO - Sync 1 DAGs
[2023-03-28 22:37:40,784] {logging_mixin.py:115} INFO - [2023-03-28 22:37:40,784] {dag.py:2919} INFO - Setting next_dagrun for example_nested_branch_dag to 2023-03-27T00:00:00+00:00, run_after=2023-03-28T00:00:00+00:00
[2023-03-28 22:37:40,886] {processor.py:161} INFO - Processing /home/airflow/.local/lib/python3.7/site-packages/airflow/example_dags/example_nested_branch_dag.py took 0.158 seconds
[2023-03-28 22:38:11,571] {processor.py:153} INFO - Started process (PID=4080) to work on /home/airflow/.local/lib/python3.7/site-packages/airflow/example_dags/example_nested_branch_dag.py
[2023-03-28 22:38:11,572] {processor.py:641} INFO - Processing file /home/airflow/.local/lib/python3.7/site-packages/airflow/example_dags/example_nested_branch_dag.py for tasks to queue
[2023-03-28 22:38:11,572] {logging_mixin.py:115} INFO - [2023-03-28 22:38:11,572] {dagbag.py:507} INFO - Filling up the DagBag from /home/airflow/.local/lib/python3.7/site-packages/airflow/example_dags/example_nested_branch_dag.py
[2023-03-28 22:38:11,580] {processor.py:651} INFO - DAG(s) dict_keys(['example_nested_branch_dag']) retrieved from /home/airflow/.local/lib/python3.7/site-packages/airflow/example_dags/example_nested_branch_dag.py
[2023-03-28 22:38:11,603] {logging_mixin.py:115} INFO - [2023-03-28 22:38:11,603] {dag.py:2371} INFO - Sync 1 DAGs
[2023-03-28 22:38:11,630] {logging_mixin.py:115} INFO - [2023-03-28 22:38:11,629] {dag.py:2919} INFO - Setting next_dagrun for example_nested_branch_dag to 2023-03-27T00:00:00+00:00, run_after=2023-03-28T00:00:00+00:00
[2023-03-28 22:38:11,741] {processor.py:161} INFO - Processing /home/airflow/.local/lib/python3.7/site-packages/airflow/example_dags/example_nested_branch_dag.py took 0.172 seconds
[2023-03-28 22:38:42,417] {processor.py:153} INFO - Started process (PID=4144) to work on /home/airflow/.local/lib/python3.7/site-packages/airflow/example_dags/example_nested_branch_dag.py
[2023-03-28 22:38:42,417] {processor.py:641} INFO - Processing file /home/airflow/.local/lib/python3.7/site-packages/airflow/example_dags/example_nested_branch_dag.py for tasks to queue
[2023-03-28 22:38:42,418] {logging_mixin.py:115} INFO - [2023-03-28 22:38:42,418] {dagbag.py:507} INFO - Filling up the DagBag from /home/airflow/.local/lib/python3.7/site-packages/airflow/example_dags/example_nested_branch_dag.py
[2023-03-28 22:38:42,425] {processor.py:651} INFO - DAG(s) dict_keys(['example_nested_branch_dag']) retrieved from /home/airflow/.local/lib/python3.7/site-packages/airflow/example_dags/example_nested_branch_dag.py
[2023-03-28 22:38:42,447] {logging_mixin.py:115} INFO - [2023-03-28 22:38:42,447] {dag.py:2371} INFO - Sync 1 DAGs
[2023-03-28 22:38:42,469] {logging_mixin.py:115} INFO - [2023-03-28 22:38:42,469] {dag.py:2919} INFO - Setting next_dagrun for example_nested_branch_dag to 2023-03-27T00:00:00+00:00, run_after=2023-03-28T00:00:00+00:00
[2023-03-28 22:38:42,567] {processor.py:161} INFO - Processing /home/airflow/.local/lib/python3.7/site-packages/airflow/example_dags/example_nested_branch_dag.py took 0.153 seconds
[2023-03-28 22:39:13,069] {processor.py:153} INFO - Started process (PID=4208) to work on /home/airflow/.local/lib/python3.7/site-packages/airflow/example_dags/example_nested_branch_dag.py
[2023-03-28 22:39:13,070] {processor.py:641} INFO - Processing file /home/airflow/.local/lib/python3.7/site-packages/airflow/example_dags/example_nested_branch_dag.py for tasks to queue
[2023-03-28 22:39:13,070] {logging_mixin.py:115} INFO - [2023-03-28 22:39:13,070] {dagbag.py:507} INFO - Filling up the DagBag from /home/airflow/.local/lib/python3.7/site-packages/airflow/example_dags/example_nested_branch_dag.py
[2023-03-28 22:39:13,078] {processor.py:651} INFO - DAG(s) dict_keys(['example_nested_branch_dag']) retrieved from /home/airflow/.local/lib/python3.7/site-packages/airflow/example_dags/example_nested_branch_dag.py
[2023-03-28 22:39:13,099] {logging_mixin.py:115} INFO - [2023-03-28 22:39:13,099] {dag.py:2371} INFO - Sync 1 DAGs
[2023-03-28 22:39:13,120] {logging_mixin.py:115} INFO - [2023-03-28 22:39:13,119] {dag.py:2919} INFO - Setting next_dagrun for example_nested_branch_dag to 2023-03-27T00:00:00+00:00, run_after=2023-03-28T00:00:00+00:00
[2023-03-28 22:39:13,223] {processor.py:161} INFO - Processing /home/airflow/.local/lib/python3.7/site-packages/airflow/example_dags/example_nested_branch_dag.py took 0.157 seconds
[2023-03-28 22:39:43,654] {processor.py:153} INFO - Started process (PID=4273) to work on /home/airflow/.local/lib/python3.7/site-packages/airflow/example_dags/example_nested_branch_dag.py
[2023-03-28 22:39:43,655] {processor.py:641} INFO - Processing file /home/airflow/.local/lib/python3.7/site-packages/airflow/example_dags/example_nested_branch_dag.py for tasks to queue
[2023-03-28 22:39:43,655] {logging_mixin.py:115} INFO - [2023-03-28 22:39:43,655] {dagbag.py:507} INFO - Filling up the DagBag from /home/airflow/.local/lib/python3.7/site-packages/airflow/example_dags/example_nested_branch_dag.py
[2023-03-28 22:39:43,664] {processor.py:651} INFO - DAG(s) dict_keys(['example_nested_branch_dag']) retrieved from /home/airflow/.local/lib/python3.7/site-packages/airflow/example_dags/example_nested_branch_dag.py
[2023-03-28 22:39:43,687] {logging_mixin.py:115} INFO - [2023-03-28 22:39:43,687] {dag.py:2371} INFO - Sync 1 DAGs
[2023-03-28 22:39:43,708] {logging_mixin.py:115} INFO - [2023-03-28 22:39:43,708] {dag.py:2919} INFO - Setting next_dagrun for example_nested_branch_dag to 2023-03-27T00:00:00+00:00, run_after=2023-03-28T00:00:00+00:00
[2023-03-28 22:39:43,819] {processor.py:161} INFO - Processing /home/airflow/.local/lib/python3.7/site-packages/airflow/example_dags/example_nested_branch_dag.py took 0.167 seconds
[2023-03-28 22:40:14,571] {processor.py:153} INFO - Started process (PID=4328) to work on /home/airflow/.local/lib/python3.7/site-packages/airflow/example_dags/example_nested_branch_dag.py
[2023-03-28 22:40:14,571] {processor.py:641} INFO - Processing file /home/airflow/.local/lib/python3.7/site-packages/airflow/example_dags/example_nested_branch_dag.py for tasks to queue
[2023-03-28 22:40:14,572] {logging_mixin.py:115} INFO - [2023-03-28 22:40:14,572] {dagbag.py:507} INFO - Filling up the DagBag from /home/airflow/.local/lib/python3.7/site-packages/airflow/example_dags/example_nested_branch_dag.py
[2023-03-28 22:40:14,579] {processor.py:651} INFO - DAG(s) dict_keys(['example_nested_branch_dag']) retrieved from /home/airflow/.local/lib/python3.7/site-packages/airflow/example_dags/example_nested_branch_dag.py
[2023-03-28 22:40:14,602] {logging_mixin.py:115} INFO - [2023-03-28 22:40:14,602] {dag.py:2371} INFO - Sync 1 DAGs
[2023-03-28 22:40:14,735] {logging_mixin.py:115} INFO - [2023-03-28 22:40:14,735] {dag.py:2919} INFO - Setting next_dagrun for example_nested_branch_dag to 2023-03-27T00:00:00+00:00, run_after=2023-03-28T00:00:00+00:00
[2023-03-28 22:40:14,747] {processor.py:161} INFO - Processing /home/airflow/.local/lib/python3.7/site-packages/airflow/example_dags/example_nested_branch_dag.py took 0.178 seconds
[2023-03-28 22:41:28,105] {processor.py:153} INFO - Started process (PID=67) to work on /home/airflow/.local/lib/python3.7/site-packages/airflow/example_dags/example_nested_branch_dag.py
[2023-03-28 22:41:28,106] {processor.py:641} INFO - Processing file /home/airflow/.local/lib/python3.7/site-packages/airflow/example_dags/example_nested_branch_dag.py for tasks to queue
[2023-03-28 22:41:28,107] {logging_mixin.py:115} INFO - [2023-03-28 22:41:28,107] {dagbag.py:507} INFO - Filling up the DagBag from /home/airflow/.local/lib/python3.7/site-packages/airflow/example_dags/example_nested_branch_dag.py
[2023-03-28 22:41:28,115] {processor.py:651} INFO - DAG(s) dict_keys(['example_nested_branch_dag']) retrieved from /home/airflow/.local/lib/python3.7/site-packages/airflow/example_dags/example_nested_branch_dag.py
[2023-03-28 22:41:28,141] {logging_mixin.py:115} INFO - [2023-03-28 22:41:28,141] {dag.py:2371} INFO - Sync 1 DAGs
[2023-03-28 22:41:28,163] {logging_mixin.py:115} INFO - [2023-03-28 22:41:28,163] {dag.py:2919} INFO - Setting next_dagrun for example_nested_branch_dag to 2023-03-27T00:00:00+00:00, run_after=2023-03-28T00:00:00+00:00
[2023-03-28 22:41:28,178] {processor.py:161} INFO - Processing /home/airflow/.local/lib/python3.7/site-packages/airflow/example_dags/example_nested_branch_dag.py took 0.075 seconds
[2023-03-28 22:41:58,545] {processor.py:153} INFO - Started process (PID=132) to work on /home/airflow/.local/lib/python3.7/site-packages/airflow/example_dags/example_nested_branch_dag.py
[2023-03-28 22:41:58,546] {processor.py:641} INFO - Processing file /home/airflow/.local/lib/python3.7/site-packages/airflow/example_dags/example_nested_branch_dag.py for tasks to queue
[2023-03-28 22:41:58,547] {logging_mixin.py:115} INFO - [2023-03-28 22:41:58,547] {dagbag.py:507} INFO - Filling up the DagBag from /home/airflow/.local/lib/python3.7/site-packages/airflow/example_dags/example_nested_branch_dag.py
[2023-03-28 22:41:58,556] {processor.py:651} INFO - DAG(s) dict_keys(['example_nested_branch_dag']) retrieved from /home/airflow/.local/lib/python3.7/site-packages/airflow/example_dags/example_nested_branch_dag.py
[2023-03-28 22:41:58,583] {logging_mixin.py:115} INFO - [2023-03-28 22:41:58,583] {dag.py:2371} INFO - Sync 1 DAGs
[2023-03-28 22:41:58,605] {logging_mixin.py:115} INFO - [2023-03-28 22:41:58,605] {dag.py:2919} INFO - Setting next_dagrun for example_nested_branch_dag to 2023-03-27T00:00:00+00:00, run_after=2023-03-28T00:00:00+00:00
[2023-03-28 22:41:58,622] {processor.py:161} INFO - Processing /home/airflow/.local/lib/python3.7/site-packages/airflow/example_dags/example_nested_branch_dag.py took 0.081 seconds
[2023-03-28 22:42:29,076] {processor.py:153} INFO - Started process (PID=197) to work on /home/airflow/.local/lib/python3.7/site-packages/airflow/example_dags/example_nested_branch_dag.py
[2023-03-28 22:42:29,076] {processor.py:641} INFO - Processing file /home/airflow/.local/lib/python3.7/site-packages/airflow/example_dags/example_nested_branch_dag.py for tasks to queue
[2023-03-28 22:42:29,076] {logging_mixin.py:115} INFO - [2023-03-28 22:42:29,076] {dagbag.py:507} INFO - Filling up the DagBag from /home/airflow/.local/lib/python3.7/site-packages/airflow/example_dags/example_nested_branch_dag.py
[2023-03-28 22:42:29,083] {processor.py:651} INFO - DAG(s) dict_keys(['example_nested_branch_dag']) retrieved from /home/airflow/.local/lib/python3.7/site-packages/airflow/example_dags/example_nested_branch_dag.py
[2023-03-28 22:42:29,110] {logging_mixin.py:115} INFO - [2023-03-28 22:42:29,109] {dag.py:2371} INFO - Sync 1 DAGs
[2023-03-28 22:42:29,136] {logging_mixin.py:115} INFO - [2023-03-28 22:42:29,136] {dag.py:2919} INFO - Setting next_dagrun for example_nested_branch_dag to 2023-03-27T00:00:00+00:00, run_after=2023-03-28T00:00:00+00:00
[2023-03-28 22:42:29,151] {processor.py:161} INFO - Processing /home/airflow/.local/lib/python3.7/site-packages/airflow/example_dags/example_nested_branch_dag.py took 0.078 seconds
[2023-03-28 22:42:59,413] {processor.py:153} INFO - Started process (PID=252) to work on /home/airflow/.local/lib/python3.7/site-packages/airflow/example_dags/example_nested_branch_dag.py
[2023-03-28 22:42:59,413] {processor.py:641} INFO - Processing file /home/airflow/.local/lib/python3.7/site-packages/airflow/example_dags/example_nested_branch_dag.py for tasks to queue
[2023-03-28 22:42:59,414] {logging_mixin.py:115} INFO - [2023-03-28 22:42:59,414] {dagbag.py:507} INFO - Filling up the DagBag from /home/airflow/.local/lib/python3.7/site-packages/airflow/example_dags/example_nested_branch_dag.py
[2023-03-28 22:42:59,421] {processor.py:651} INFO - DAG(s) dict_keys(['example_nested_branch_dag']) retrieved from /home/airflow/.local/lib/python3.7/site-packages/airflow/example_dags/example_nested_branch_dag.py
[2023-03-28 22:42:59,443] {logging_mixin.py:115} INFO - [2023-03-28 22:42:59,443] {dag.py:2371} INFO - Sync 1 DAGs
[2023-03-28 22:42:59,463] {logging_mixin.py:115} INFO - [2023-03-28 22:42:59,463] {dag.py:2919} INFO - Setting next_dagrun for example_nested_branch_dag to 2023-03-27T00:00:00+00:00, run_after=2023-03-28T00:00:00+00:00
[2023-03-28 22:42:59,475] {processor.py:161} INFO - Processing /home/airflow/.local/lib/python3.7/site-packages/airflow/example_dags/example_nested_branch_dag.py took 0.065 seconds
[2023-03-28 22:43:30,154] {processor.py:153} INFO - Started process (PID=316) to work on /home/airflow/.local/lib/python3.7/site-packages/airflow/example_dags/example_nested_branch_dag.py
[2023-03-28 22:43:30,155] {processor.py:641} INFO - Processing file /home/airflow/.local/lib/python3.7/site-packages/airflow/example_dags/example_nested_branch_dag.py for tasks to queue
[2023-03-28 22:43:30,156] {logging_mixin.py:115} INFO - [2023-03-28 22:43:30,155] {dagbag.py:507} INFO - Filling up the DagBag from /home/airflow/.local/lib/python3.7/site-packages/airflow/example_dags/example_nested_branch_dag.py
[2023-03-28 22:43:30,185] {processor.py:651} INFO - DAG(s) dict_keys(['example_nested_branch_dag']) retrieved from /home/airflow/.local/lib/python3.7/site-packages/airflow/example_dags/example_nested_branch_dag.py
[2023-03-28 22:43:30,255] {logging_mixin.py:115} INFO - [2023-03-28 22:43:30,255] {dag.py:2371} INFO - Sync 1 DAGs
[2023-03-28 22:43:30,296] {logging_mixin.py:115} INFO - [2023-03-28 22:43:30,296] {dag.py:2919} INFO - Setting next_dagrun for example_nested_branch_dag to 2023-03-27T00:00:00+00:00, run_after=2023-03-28T00:00:00+00:00
[2023-03-28 22:43:30,314] {processor.py:161} INFO - Processing /home/airflow/.local/lib/python3.7/site-packages/airflow/example_dags/example_nested_branch_dag.py took 0.165 seconds
[2023-03-28 22:44:00,604] {processor.py:153} INFO - Started process (PID=380) to work on /home/airflow/.local/lib/python3.7/site-packages/airflow/example_dags/example_nested_branch_dag.py
[2023-03-28 22:44:00,605] {processor.py:641} INFO - Processing file /home/airflow/.local/lib/python3.7/site-packages/airflow/example_dags/example_nested_branch_dag.py for tasks to queue
[2023-03-28 22:44:00,606] {logging_mixin.py:115} INFO - [2023-03-28 22:44:00,605] {dagbag.py:507} INFO - Filling up the DagBag from /home/airflow/.local/lib/python3.7/site-packages/airflow/example_dags/example_nested_branch_dag.py
[2023-03-28 22:44:00,620] {processor.py:651} INFO - DAG(s) dict_keys(['example_nested_branch_dag']) retrieved from /home/airflow/.local/lib/python3.7/site-packages/airflow/example_dags/example_nested_branch_dag.py
[2023-03-28 22:44:00,669] {logging_mixin.py:115} INFO - [2023-03-28 22:44:00,669] {dag.py:2371} INFO - Sync 1 DAGs
[2023-03-28 22:44:00,707] {logging_mixin.py:115} INFO - [2023-03-28 22:44:00,707] {dag.py:2919} INFO - Setting next_dagrun for example_nested_branch_dag to 2023-03-27T00:00:00+00:00, run_after=2023-03-28T00:00:00+00:00
[2023-03-28 22:44:00,730] {processor.py:161} INFO - Processing /home/airflow/.local/lib/python3.7/site-packages/airflow/example_dags/example_nested_branch_dag.py took 0.129 seconds
[2023-03-28 22:44:30,886] {processor.py:153} INFO - Started process (PID=435) to work on /home/airflow/.local/lib/python3.7/site-packages/airflow/example_dags/example_nested_branch_dag.py
[2023-03-28 22:44:30,886] {processor.py:641} INFO - Processing file /home/airflow/.local/lib/python3.7/site-packages/airflow/example_dags/example_nested_branch_dag.py for tasks to queue
[2023-03-28 22:44:30,886] {logging_mixin.py:115} INFO - [2023-03-28 22:44:30,886] {dagbag.py:507} INFO - Filling up the DagBag from /home/airflow/.local/lib/python3.7/site-packages/airflow/example_dags/example_nested_branch_dag.py
[2023-03-28 22:44:30,893] {processor.py:651} INFO - DAG(s) dict_keys(['example_nested_branch_dag']) retrieved from /home/airflow/.local/lib/python3.7/site-packages/airflow/example_dags/example_nested_branch_dag.py
[2023-03-28 22:44:30,915] {logging_mixin.py:115} INFO - [2023-03-28 22:44:30,915] {dag.py:2371} INFO - Sync 1 DAGs
[2023-03-28 22:44:30,935] {logging_mixin.py:115} INFO - [2023-03-28 22:44:30,934] {dag.py:2919} INFO - Setting next_dagrun for example_nested_branch_dag to 2023-03-27T00:00:00+00:00, run_after=2023-03-28T00:00:00+00:00
[2023-03-28 22:44:30,948] {processor.py:161} INFO - Processing /home/airflow/.local/lib/python3.7/site-packages/airflow/example_dags/example_nested_branch_dag.py took 0.064 seconds
[2023-03-28 22:45:01,908] {processor.py:153} INFO - Started process (PID=499) to work on /home/airflow/.local/lib/python3.7/site-packages/airflow/example_dags/example_nested_branch_dag.py
[2023-03-28 22:45:01,909] {processor.py:641} INFO - Processing file /home/airflow/.local/lib/python3.7/site-packages/airflow/example_dags/example_nested_branch_dag.py for tasks to queue
[2023-03-28 22:45:01,910] {logging_mixin.py:115} INFO - [2023-03-28 22:45:01,910] {dagbag.py:507} INFO - Filling up the DagBag from /home/airflow/.local/lib/python3.7/site-packages/airflow/example_dags/example_nested_branch_dag.py
[2023-03-28 22:45:01,918] {processor.py:651} INFO - DAG(s) dict_keys(['example_nested_branch_dag']) retrieved from /home/airflow/.local/lib/python3.7/site-packages/airflow/example_dags/example_nested_branch_dag.py
[2023-03-28 22:45:01,944] {logging_mixin.py:115} INFO - [2023-03-28 22:45:01,943] {dag.py:2371} INFO - Sync 1 DAGs
[2023-03-28 22:45:01,967] {logging_mixin.py:115} INFO - [2023-03-28 22:45:01,967] {dag.py:2919} INFO - Setting next_dagrun for example_nested_branch_dag to 2023-03-27T00:00:00+00:00, run_after=2023-03-28T00:00:00+00:00
[2023-03-28 22:45:01,980] {processor.py:161} INFO - Processing /home/airflow/.local/lib/python3.7/site-packages/airflow/example_dags/example_nested_branch_dag.py took 0.075 seconds
[2023-03-28 22:45:32,957] {processor.py:153} INFO - Started process (PID=563) to work on /home/airflow/.local/lib/python3.7/site-packages/airflow/example_dags/example_nested_branch_dag.py
[2023-03-28 22:45:32,957] {processor.py:641} INFO - Processing file /home/airflow/.local/lib/python3.7/site-packages/airflow/example_dags/example_nested_branch_dag.py for tasks to queue
[2023-03-28 22:45:32,957] {logging_mixin.py:115} INFO - [2023-03-28 22:45:32,957] {dagbag.py:507} INFO - Filling up the DagBag from /home/airflow/.local/lib/python3.7/site-packages/airflow/example_dags/example_nested_branch_dag.py
[2023-03-28 22:45:32,964] {processor.py:651} INFO - DAG(s) dict_keys(['example_nested_branch_dag']) retrieved from /home/airflow/.local/lib/python3.7/site-packages/airflow/example_dags/example_nested_branch_dag.py
[2023-03-28 22:45:32,987] {logging_mixin.py:115} INFO - [2023-03-28 22:45:32,987] {dag.py:2371} INFO - Sync 1 DAGs
[2023-03-28 22:45:33,010] {logging_mixin.py:115} INFO - [2023-03-28 22:45:33,010] {dag.py:2919} INFO - Setting next_dagrun for example_nested_branch_dag to 2023-03-27T00:00:00+00:00, run_after=2023-03-28T00:00:00+00:00
[2023-03-28 22:45:33,031] {processor.py:161} INFO - Processing /home/airflow/.local/lib/python3.7/site-packages/airflow/example_dags/example_nested_branch_dag.py took 0.076 seconds
[2023-03-28 22:46:03,121] {processor.py:153} INFO - Started process (PID=618) to work on /home/airflow/.local/lib/python3.7/site-packages/airflow/example_dags/example_nested_branch_dag.py
[2023-03-28 22:46:03,122] {processor.py:641} INFO - Processing file /home/airflow/.local/lib/python3.7/site-packages/airflow/example_dags/example_nested_branch_dag.py for tasks to queue
[2023-03-28 22:46:03,122] {logging_mixin.py:115} INFO - [2023-03-28 22:46:03,122] {dagbag.py:507} INFO - Filling up the DagBag from /home/airflow/.local/lib/python3.7/site-packages/airflow/example_dags/example_nested_branch_dag.py
[2023-03-28 22:46:03,129] {processor.py:651} INFO - DAG(s) dict_keys(['example_nested_branch_dag']) retrieved from /home/airflow/.local/lib/python3.7/site-packages/airflow/example_dags/example_nested_branch_dag.py
[2023-03-28 22:46:03,151] {logging_mixin.py:115} INFO - [2023-03-28 22:46:03,151] {dag.py:2371} INFO - Sync 1 DAGs
[2023-03-28 22:46:03,172] {logging_mixin.py:115} INFO - [2023-03-28 22:46:03,172] {dag.py:2919} INFO - Setting next_dagrun for example_nested_branch_dag to 2023-03-27T00:00:00+00:00, run_after=2023-03-28T00:00:00+00:00
[2023-03-28 22:46:03,185] {processor.py:161} INFO - Processing /home/airflow/.local/lib/python3.7/site-packages/airflow/example_dags/example_nested_branch_dag.py took 0.066 seconds
[2023-03-28 22:46:33,335] {processor.py:153} INFO - Started process (PID=683) to work on /home/airflow/.local/lib/python3.7/site-packages/airflow/example_dags/example_nested_branch_dag.py
[2023-03-28 22:46:33,335] {processor.py:641} INFO - Processing file /home/airflow/.local/lib/python3.7/site-packages/airflow/example_dags/example_nested_branch_dag.py for tasks to queue
[2023-03-28 22:46:33,336] {logging_mixin.py:115} INFO - [2023-03-28 22:46:33,336] {dagbag.py:507} INFO - Filling up the DagBag from /home/airflow/.local/lib/python3.7/site-packages/airflow/example_dags/example_nested_branch_dag.py
[2023-03-28 22:46:33,342] {processor.py:651} INFO - DAG(s) dict_keys(['example_nested_branch_dag']) retrieved from /home/airflow/.local/lib/python3.7/site-packages/airflow/example_dags/example_nested_branch_dag.py
[2023-03-28 22:46:33,363] {logging_mixin.py:115} INFO - [2023-03-28 22:46:33,363] {dag.py:2371} INFO - Sync 1 DAGs
[2023-03-28 22:46:33,383] {logging_mixin.py:115} INFO - [2023-03-28 22:46:33,383] {dag.py:2919} INFO - Setting next_dagrun for example_nested_branch_dag to 2023-03-27T00:00:00+00:00, run_after=2023-03-28T00:00:00+00:00
[2023-03-28 22:46:33,395] {processor.py:161} INFO - Processing /home/airflow/.local/lib/python3.7/site-packages/airflow/example_dags/example_nested_branch_dag.py took 0.062 seconds
[2023-03-28 22:47:03,596] {processor.py:153} INFO - Started process (PID=746) to work on /home/airflow/.local/lib/python3.7/site-packages/airflow/example_dags/example_nested_branch_dag.py
[2023-03-28 22:47:03,597] {processor.py:641} INFO - Processing file /home/airflow/.local/lib/python3.7/site-packages/airflow/example_dags/example_nested_branch_dag.py for tasks to queue
[2023-03-28 22:47:03,597] {logging_mixin.py:115} INFO - [2023-03-28 22:47:03,597] {dagbag.py:507} INFO - Filling up the DagBag from /home/airflow/.local/lib/python3.7/site-packages/airflow/example_dags/example_nested_branch_dag.py
[2023-03-28 22:47:03,605] {processor.py:651} INFO - DAG(s) dict_keys(['example_nested_branch_dag']) retrieved from /home/airflow/.local/lib/python3.7/site-packages/airflow/example_dags/example_nested_branch_dag.py
[2023-03-28 22:47:03,632] {logging_mixin.py:115} INFO - [2023-03-28 22:47:03,632] {dag.py:2371} INFO - Sync 1 DAGs
[2023-03-28 22:47:03,655] {logging_mixin.py:115} INFO - [2023-03-28 22:47:03,655] {dag.py:2919} INFO - Setting next_dagrun for example_nested_branch_dag to 2023-03-27T00:00:00+00:00, run_after=2023-03-28T00:00:00+00:00
[2023-03-28 22:47:03,667] {processor.py:161} INFO - Processing /home/airflow/.local/lib/python3.7/site-packages/airflow/example_dags/example_nested_branch_dag.py took 0.074 seconds
[2023-03-28 22:48:14,542] {processor.py:153} INFO - Started process (PID=77) to work on /home/airflow/.local/lib/python3.7/site-packages/airflow/example_dags/example_nested_branch_dag.py
[2023-03-28 22:48:14,543] {processor.py:641} INFO - Processing file /home/airflow/.local/lib/python3.7/site-packages/airflow/example_dags/example_nested_branch_dag.py for tasks to queue
[2023-03-28 22:48:14,543] {logging_mixin.py:115} INFO - [2023-03-28 22:48:14,543] {dagbag.py:507} INFO - Filling up the DagBag from /home/airflow/.local/lib/python3.7/site-packages/airflow/example_dags/example_nested_branch_dag.py
[2023-03-28 22:48:14,552] {processor.py:651} INFO - DAG(s) dict_keys(['example_nested_branch_dag']) retrieved from /home/airflow/.local/lib/python3.7/site-packages/airflow/example_dags/example_nested_branch_dag.py
[2023-03-28 22:48:14,577] {logging_mixin.py:115} INFO - [2023-03-28 22:48:14,577] {dag.py:2371} INFO - Sync 1 DAGs
[2023-03-28 22:48:14,722] {logging_mixin.py:115} INFO - [2023-03-28 22:48:14,721] {dag.py:2919} INFO - Setting next_dagrun for example_nested_branch_dag to 2023-03-27T00:00:00+00:00, run_after=2023-03-28T00:00:00+00:00
[2023-03-28 22:48:14,739] {processor.py:161} INFO - Processing /home/airflow/.local/lib/python3.7/site-packages/airflow/example_dags/example_nested_branch_dag.py took 0.200 seconds
[2023-03-28 22:48:45,480] {processor.py:153} INFO - Started process (PID=133) to work on /home/airflow/.local/lib/python3.7/site-packages/airflow/example_dags/example_nested_branch_dag.py
[2023-03-28 22:48:45,481] {processor.py:641} INFO - Processing file /home/airflow/.local/lib/python3.7/site-packages/airflow/example_dags/example_nested_branch_dag.py for tasks to queue
[2023-03-28 22:48:45,482] {logging_mixin.py:115} INFO - [2023-03-28 22:48:45,482] {dagbag.py:507} INFO - Filling up the DagBag from /home/airflow/.local/lib/python3.7/site-packages/airflow/example_dags/example_nested_branch_dag.py
[2023-03-28 22:48:45,490] {processor.py:651} INFO - DAG(s) dict_keys(['example_nested_branch_dag']) retrieved from /home/airflow/.local/lib/python3.7/site-packages/airflow/example_dags/example_nested_branch_dag.py
[2023-03-28 22:48:45,517] {logging_mixin.py:115} INFO - [2023-03-28 22:48:45,517] {dag.py:2371} INFO - Sync 1 DAGs
[2023-03-28 22:48:45,678] {logging_mixin.py:115} INFO - [2023-03-28 22:48:45,678] {dag.py:2919} INFO - Setting next_dagrun for example_nested_branch_dag to 2023-03-27T00:00:00+00:00, run_after=2023-03-28T00:00:00+00:00
[2023-03-28 22:48:45,691] {processor.py:161} INFO - Processing /home/airflow/.local/lib/python3.7/site-packages/airflow/example_dags/example_nested_branch_dag.py took 0.213 seconds
[2023-03-28 22:49:16,487] {processor.py:153} INFO - Started process (PID=197) to work on /home/airflow/.local/lib/python3.7/site-packages/airflow/example_dags/example_nested_branch_dag.py
[2023-03-28 22:49:16,487] {processor.py:641} INFO - Processing file /home/airflow/.local/lib/python3.7/site-packages/airflow/example_dags/example_nested_branch_dag.py for tasks to queue
[2023-03-28 22:49:16,487] {logging_mixin.py:115} INFO - [2023-03-28 22:49:16,487] {dagbag.py:507} INFO - Filling up the DagBag from /home/airflow/.local/lib/python3.7/site-packages/airflow/example_dags/example_nested_branch_dag.py
[2023-03-28 22:49:16,493] {processor.py:651} INFO - DAG(s) dict_keys(['example_nested_branch_dag']) retrieved from /home/airflow/.local/lib/python3.7/site-packages/airflow/example_dags/example_nested_branch_dag.py
[2023-03-28 22:49:16,516] {logging_mixin.py:115} INFO - [2023-03-28 22:49:16,516] {dag.py:2371} INFO - Sync 1 DAGs
[2023-03-28 22:49:16,646] {logging_mixin.py:115} INFO - [2023-03-28 22:49:16,646] {dag.py:2919} INFO - Setting next_dagrun for example_nested_branch_dag to 2023-03-27T00:00:00+00:00, run_after=2023-03-28T00:00:00+00:00
[2023-03-28 22:49:16,660] {processor.py:161} INFO - Processing /home/airflow/.local/lib/python3.7/site-packages/airflow/example_dags/example_nested_branch_dag.py took 0.176 seconds
[2023-03-28 22:49:47,111] {processor.py:153} INFO - Started process (PID=262) to work on /home/airflow/.local/lib/python3.7/site-packages/airflow/example_dags/example_nested_branch_dag.py
[2023-03-28 22:49:47,112] {processor.py:641} INFO - Processing file /home/airflow/.local/lib/python3.7/site-packages/airflow/example_dags/example_nested_branch_dag.py for tasks to queue
[2023-03-28 22:49:47,113] {logging_mixin.py:115} INFO - [2023-03-28 22:49:47,113] {dagbag.py:507} INFO - Filling up the DagBag from /home/airflow/.local/lib/python3.7/site-packages/airflow/example_dags/example_nested_branch_dag.py
[2023-03-28 22:49:47,120] {processor.py:651} INFO - DAG(s) dict_keys(['example_nested_branch_dag']) retrieved from /home/airflow/.local/lib/python3.7/site-packages/airflow/example_dags/example_nested_branch_dag.py
[2023-03-28 22:49:47,142] {logging_mixin.py:115} INFO - [2023-03-28 22:49:47,142] {dag.py:2371} INFO - Sync 1 DAGs
[2023-03-28 22:49:47,262] {logging_mixin.py:115} INFO - [2023-03-28 22:49:47,262] {dag.py:2919} INFO - Setting next_dagrun for example_nested_branch_dag to 2023-03-27T00:00:00+00:00, run_after=2023-03-28T00:00:00+00:00
[2023-03-28 22:49:47,274] {processor.py:161} INFO - Processing /home/airflow/.local/lib/python3.7/site-packages/airflow/example_dags/example_nested_branch_dag.py took 0.164 seconds
[2023-03-28 22:50:18,571] {processor.py:153} INFO - Started process (PID=326) to work on /home/airflow/.local/lib/python3.7/site-packages/airflow/example_dags/example_nested_branch_dag.py
[2023-03-28 22:50:18,573] {processor.py:641} INFO - Processing file /home/airflow/.local/lib/python3.7/site-packages/airflow/example_dags/example_nested_branch_dag.py for tasks to queue
[2023-03-28 22:50:18,577] {logging_mixin.py:115} INFO - [2023-03-28 22:50:18,576] {dagbag.py:507} INFO - Filling up the DagBag from /home/airflow/.local/lib/python3.7/site-packages/airflow/example_dags/example_nested_branch_dag.py
[2023-03-28 22:50:18,608] {processor.py:651} INFO - DAG(s) dict_keys(['example_nested_branch_dag']) retrieved from /home/airflow/.local/lib/python3.7/site-packages/airflow/example_dags/example_nested_branch_dag.py
[2023-03-28 22:50:18,700] {logging_mixin.py:115} INFO - [2023-03-28 22:50:18,700] {dag.py:2371} INFO - Sync 1 DAGs
[2023-03-28 22:50:19,107] {logging_mixin.py:115} INFO - [2023-03-28 22:50:19,107] {dag.py:2919} INFO - Setting next_dagrun for example_nested_branch_dag to 2023-03-27T00:00:00+00:00, run_after=2023-03-28T00:00:00+00:00
[2023-03-28 22:50:19,148] {processor.py:161} INFO - Processing /home/airflow/.local/lib/python3.7/site-packages/airflow/example_dags/example_nested_branch_dag.py took 0.598 seconds
[2023-03-28 22:50:49,459] {processor.py:153} INFO - Started process (PID=381) to work on /home/airflow/.local/lib/python3.7/site-packages/airflow/example_dags/example_nested_branch_dag.py
[2023-03-28 22:50:49,459] {processor.py:641} INFO - Processing file /home/airflow/.local/lib/python3.7/site-packages/airflow/example_dags/example_nested_branch_dag.py for tasks to queue
[2023-03-28 22:50:49,460] {logging_mixin.py:115} INFO - [2023-03-28 22:50:49,460] {dagbag.py:507} INFO - Filling up the DagBag from /home/airflow/.local/lib/python3.7/site-packages/airflow/example_dags/example_nested_branch_dag.py
[2023-03-28 22:50:49,469] {processor.py:651} INFO - DAG(s) dict_keys(['example_nested_branch_dag']) retrieved from /home/airflow/.local/lib/python3.7/site-packages/airflow/example_dags/example_nested_branch_dag.py
[2023-03-28 22:50:49,496] {logging_mixin.py:115} INFO - [2023-03-28 22:50:49,496] {dag.py:2371} INFO - Sync 1 DAGs
[2023-03-28 22:50:49,660] {logging_mixin.py:115} INFO - [2023-03-28 22:50:49,660] {dag.py:2919} INFO - Setting next_dagrun for example_nested_branch_dag to 2023-03-27T00:00:00+00:00, run_after=2023-03-28T00:00:00+00:00
[2023-03-28 22:50:49,679] {processor.py:161} INFO - Processing /home/airflow/.local/lib/python3.7/site-packages/airflow/example_dags/example_nested_branch_dag.py took 0.223 seconds
[2023-03-28 22:52:16,888] {processor.py:153} INFO - Started process (PID=67) to work on /home/airflow/.local/lib/python3.7/site-packages/airflow/example_dags/example_nested_branch_dag.py
[2023-03-28 22:52:16,889] {processor.py:641} INFO - Processing file /home/airflow/.local/lib/python3.7/site-packages/airflow/example_dags/example_nested_branch_dag.py for tasks to queue
[2023-03-28 22:52:16,890] {logging_mixin.py:115} INFO - [2023-03-28 22:52:16,890] {dagbag.py:507} INFO - Filling up the DagBag from /home/airflow/.local/lib/python3.7/site-packages/airflow/example_dags/example_nested_branch_dag.py
[2023-03-28 22:52:16,898] {processor.py:651} INFO - DAG(s) dict_keys(['example_nested_branch_dag']) retrieved from /home/airflow/.local/lib/python3.7/site-packages/airflow/example_dags/example_nested_branch_dag.py
[2023-03-28 22:52:16,928] {logging_mixin.py:115} INFO - [2023-03-28 22:52:16,928] {dag.py:2371} INFO - Sync 1 DAGs
[2023-03-28 22:52:16,952] {logging_mixin.py:115} INFO - [2023-03-28 22:52:16,952] {dag.py:2919} INFO - Setting next_dagrun for example_nested_branch_dag to 2023-03-27T00:00:00+00:00, run_after=2023-03-28T00:00:00+00:00
[2023-03-28 22:52:16,967] {processor.py:161} INFO - Processing /home/airflow/.local/lib/python3.7/site-packages/airflow/example_dags/example_nested_branch_dag.py took 0.082 seconds
[2023-03-28 22:52:46,993] {processor.py:153} INFO - Started process (PID=130) to work on /home/airflow/.local/lib/python3.7/site-packages/airflow/example_dags/example_nested_branch_dag.py
[2023-03-28 22:52:46,994] {processor.py:641} INFO - Processing file /home/airflow/.local/lib/python3.7/site-packages/airflow/example_dags/example_nested_branch_dag.py for tasks to queue
[2023-03-28 22:52:46,994] {logging_mixin.py:115} INFO - [2023-03-28 22:52:46,994] {dagbag.py:507} INFO - Filling up the DagBag from /home/airflow/.local/lib/python3.7/site-packages/airflow/example_dags/example_nested_branch_dag.py
[2023-03-28 22:52:47,001] {processor.py:651} INFO - DAG(s) dict_keys(['example_nested_branch_dag']) retrieved from /home/airflow/.local/lib/python3.7/site-packages/airflow/example_dags/example_nested_branch_dag.py
[2023-03-28 22:52:47,023] {logging_mixin.py:115} INFO - [2023-03-28 22:52:47,023] {dag.py:2371} INFO - Sync 1 DAGs
[2023-03-28 22:52:47,044] {logging_mixin.py:115} INFO - [2023-03-28 22:52:47,044] {dag.py:2919} INFO - Setting next_dagrun for example_nested_branch_dag to 2023-03-27T00:00:00+00:00, run_after=2023-03-28T00:00:00+00:00
[2023-03-28 22:52:47,058] {processor.py:161} INFO - Processing /home/airflow/.local/lib/python3.7/site-packages/airflow/example_dags/example_nested_branch_dag.py took 0.067 seconds
[2023-03-28 22:53:17,808] {processor.py:153} INFO - Started process (PID=195) to work on /home/airflow/.local/lib/python3.7/site-packages/airflow/example_dags/example_nested_branch_dag.py
[2023-03-28 22:53:17,808] {processor.py:641} INFO - Processing file /home/airflow/.local/lib/python3.7/site-packages/airflow/example_dags/example_nested_branch_dag.py for tasks to queue
[2023-03-28 22:53:17,809] {logging_mixin.py:115} INFO - [2023-03-28 22:53:17,809] {dagbag.py:507} INFO - Filling up the DagBag from /home/airflow/.local/lib/python3.7/site-packages/airflow/example_dags/example_nested_branch_dag.py
[2023-03-28 22:53:17,817] {processor.py:651} INFO - DAG(s) dict_keys(['example_nested_branch_dag']) retrieved from /home/airflow/.local/lib/python3.7/site-packages/airflow/example_dags/example_nested_branch_dag.py
[2023-03-28 22:53:17,841] {logging_mixin.py:115} INFO - [2023-03-28 22:53:17,841] {dag.py:2371} INFO - Sync 1 DAGs
[2023-03-28 22:53:17,861] {logging_mixin.py:115} INFO - [2023-03-28 22:53:17,861] {dag.py:2919} INFO - Setting next_dagrun for example_nested_branch_dag to 2023-03-27T00:00:00+00:00, run_after=2023-03-28T00:00:00+00:00
[2023-03-28 22:53:17,876] {processor.py:161} INFO - Processing /home/airflow/.local/lib/python3.7/site-packages/airflow/example_dags/example_nested_branch_dag.py took 0.070 seconds
[2023-03-28 22:53:48,014] {processor.py:153} INFO - Started process (PID=250) to work on /home/airflow/.local/lib/python3.7/site-packages/airflow/example_dags/example_nested_branch_dag.py
[2023-03-28 22:53:48,014] {processor.py:641} INFO - Processing file /home/airflow/.local/lib/python3.7/site-packages/airflow/example_dags/example_nested_branch_dag.py for tasks to queue
[2023-03-28 22:53:48,015] {logging_mixin.py:115} INFO - [2023-03-28 22:53:48,015] {dagbag.py:507} INFO - Filling up the DagBag from /home/airflow/.local/lib/python3.7/site-packages/airflow/example_dags/example_nested_branch_dag.py
[2023-03-28 22:53:48,022] {processor.py:651} INFO - DAG(s) dict_keys(['example_nested_branch_dag']) retrieved from /home/airflow/.local/lib/python3.7/site-packages/airflow/example_dags/example_nested_branch_dag.py
[2023-03-28 22:53:48,044] {logging_mixin.py:115} INFO - [2023-03-28 22:53:48,044] {dag.py:2371} INFO - Sync 1 DAGs
[2023-03-28 22:53:48,064] {logging_mixin.py:115} INFO - [2023-03-28 22:53:48,064] {dag.py:2919} INFO - Setting next_dagrun for example_nested_branch_dag to 2023-03-27T00:00:00+00:00, run_after=2023-03-28T00:00:00+00:00
[2023-03-28 22:53:48,077] {processor.py:161} INFO - Processing /home/airflow/.local/lib/python3.7/site-packages/airflow/example_dags/example_nested_branch_dag.py took 0.065 seconds
