[2023-03-28 22:23:54,863] {processor.py:153} INFO - Started process (PID=2371) to work on /home/airflow/.local/lib/python3.7/site-packages/airflow/example_dags/example_trigger_target_dag.py
[2023-03-28 22:23:54,864] {processor.py:641} INFO - Processing file /home/airflow/.local/lib/python3.7/site-packages/airflow/example_dags/example_trigger_target_dag.py for tasks to queue
[2023-03-28 22:23:54,865] {logging_mixin.py:115} INFO - [2023-03-28 22:23:54,865] {dagbag.py:507} INFO - Filling up the DagBag from /home/airflow/.local/lib/python3.7/site-packages/airflow/example_dags/example_trigger_target_dag.py
[2023-03-28 22:23:54,884] {processor.py:651} INFO - DAG(s) dict_keys(['example_trigger_target_dag']) retrieved from /home/airflow/.local/lib/python3.7/site-packages/airflow/example_dags/example_trigger_target_dag.py
[2023-03-28 22:23:54,910] {logging_mixin.py:115} INFO - [2023-03-28 22:23:54,910] {dag.py:2371} INFO - Sync 1 DAGs
[2023-03-28 22:23:54,929] {logging_mixin.py:115} INFO - [2023-03-28 22:23:54,929] {dag.py:2919} INFO - Setting next_dagrun for example_trigger_target_dag to None, run_after=None
[2023-03-28 22:23:54,943] {processor.py:161} INFO - Processing /home/airflow/.local/lib/python3.7/site-packages/airflow/example_dags/example_trigger_target_dag.py took 0.087 seconds
[2023-03-28 22:24:25,624] {processor.py:153} INFO - Started process (PID=2435) to work on /home/airflow/.local/lib/python3.7/site-packages/airflow/example_dags/example_trigger_target_dag.py
[2023-03-28 22:24:25,625] {processor.py:641} INFO - Processing file /home/airflow/.local/lib/python3.7/site-packages/airflow/example_dags/example_trigger_target_dag.py for tasks to queue
[2023-03-28 22:24:25,625] {logging_mixin.py:115} INFO - [2023-03-28 22:24:25,625] {dagbag.py:507} INFO - Filling up the DagBag from /home/airflow/.local/lib/python3.7/site-packages/airflow/example_dags/example_trigger_target_dag.py
[2023-03-28 22:24:25,635] {processor.py:651} INFO - DAG(s) dict_keys(['example_trigger_target_dag']) retrieved from /home/airflow/.local/lib/python3.7/site-packages/airflow/example_dags/example_trigger_target_dag.py
[2023-03-28 22:24:25,655] {logging_mixin.py:115} INFO - [2023-03-28 22:24:25,655] {dag.py:2371} INFO - Sync 1 DAGs
[2023-03-28 22:24:25,674] {logging_mixin.py:115} INFO - [2023-03-28 22:24:25,674] {dag.py:2919} INFO - Setting next_dagrun for example_trigger_target_dag to None, run_after=None
[2023-03-28 22:24:25,686] {processor.py:161} INFO - Processing /home/airflow/.local/lib/python3.7/site-packages/airflow/example_dags/example_trigger_target_dag.py took 0.064 seconds
[2023-03-28 22:24:56,278] {processor.py:153} INFO - Started process (PID=2490) to work on /home/airflow/.local/lib/python3.7/site-packages/airflow/example_dags/example_trigger_target_dag.py
[2023-03-28 22:24:56,278] {processor.py:641} INFO - Processing file /home/airflow/.local/lib/python3.7/site-packages/airflow/example_dags/example_trigger_target_dag.py for tasks to queue
[2023-03-28 22:24:56,279] {logging_mixin.py:115} INFO - [2023-03-28 22:24:56,279] {dagbag.py:507} INFO - Filling up the DagBag from /home/airflow/.local/lib/python3.7/site-packages/airflow/example_dags/example_trigger_target_dag.py
[2023-03-28 22:24:56,291] {processor.py:651} INFO - DAG(s) dict_keys(['example_trigger_target_dag']) retrieved from /home/airflow/.local/lib/python3.7/site-packages/airflow/example_dags/example_trigger_target_dag.py
[2023-03-28 22:24:56,314] {logging_mixin.py:115} INFO - [2023-03-28 22:24:56,314] {dag.py:2371} INFO - Sync 1 DAGs
[2023-03-28 22:24:56,335] {logging_mixin.py:115} INFO - [2023-03-28 22:24:56,335] {dag.py:2919} INFO - Setting next_dagrun for example_trigger_target_dag to None, run_after=None
[2023-03-28 22:24:56,349] {processor.py:161} INFO - Processing /home/airflow/.local/lib/python3.7/site-packages/airflow/example_dags/example_trigger_target_dag.py took 0.074 seconds
[2023-03-28 22:25:27,255] {processor.py:153} INFO - Started process (PID=2554) to work on /home/airflow/.local/lib/python3.7/site-packages/airflow/example_dags/example_trigger_target_dag.py
[2023-03-28 22:25:27,255] {processor.py:641} INFO - Processing file /home/airflow/.local/lib/python3.7/site-packages/airflow/example_dags/example_trigger_target_dag.py for tasks to queue
[2023-03-28 22:25:27,256] {logging_mixin.py:115} INFO - [2023-03-28 22:25:27,256] {dagbag.py:507} INFO - Filling up the DagBag from /home/airflow/.local/lib/python3.7/site-packages/airflow/example_dags/example_trigger_target_dag.py
[2023-03-28 22:25:27,266] {processor.py:651} INFO - DAG(s) dict_keys(['example_trigger_target_dag']) retrieved from /home/airflow/.local/lib/python3.7/site-packages/airflow/example_dags/example_trigger_target_dag.py
[2023-03-28 22:25:27,286] {logging_mixin.py:115} INFO - [2023-03-28 22:25:27,286] {dag.py:2371} INFO - Sync 1 DAGs
[2023-03-28 22:25:27,305] {logging_mixin.py:115} INFO - [2023-03-28 22:25:27,305] {dag.py:2919} INFO - Setting next_dagrun for example_trigger_target_dag to None, run_after=None
[2023-03-28 22:25:27,317] {processor.py:161} INFO - Processing /home/airflow/.local/lib/python3.7/site-packages/airflow/example_dags/example_trigger_target_dag.py took 0.065 seconds
[2023-03-28 22:25:58,133] {processor.py:153} INFO - Started process (PID=2618) to work on /home/airflow/.local/lib/python3.7/site-packages/airflow/example_dags/example_trigger_target_dag.py
[2023-03-28 22:25:58,133] {processor.py:641} INFO - Processing file /home/airflow/.local/lib/python3.7/site-packages/airflow/example_dags/example_trigger_target_dag.py for tasks to queue
[2023-03-28 22:25:58,134] {logging_mixin.py:115} INFO - [2023-03-28 22:25:58,134] {dagbag.py:507} INFO - Filling up the DagBag from /home/airflow/.local/lib/python3.7/site-packages/airflow/example_dags/example_trigger_target_dag.py
[2023-03-28 22:25:58,144] {processor.py:651} INFO - DAG(s) dict_keys(['example_trigger_target_dag']) retrieved from /home/airflow/.local/lib/python3.7/site-packages/airflow/example_dags/example_trigger_target_dag.py
[2023-03-28 22:25:58,165] {logging_mixin.py:115} INFO - [2023-03-28 22:25:58,165] {dag.py:2371} INFO - Sync 1 DAGs
[2023-03-28 22:25:58,184] {logging_mixin.py:115} INFO - [2023-03-28 22:25:58,184] {dag.py:2919} INFO - Setting next_dagrun for example_trigger_target_dag to None, run_after=None
[2023-03-28 22:25:58,197] {processor.py:161} INFO - Processing /home/airflow/.local/lib/python3.7/site-packages/airflow/example_dags/example_trigger_target_dag.py took 0.066 seconds
[2023-03-28 22:26:29,298] {processor.py:153} INFO - Started process (PID=2683) to work on /home/airflow/.local/lib/python3.7/site-packages/airflow/example_dags/example_trigger_target_dag.py
[2023-03-28 22:26:29,299] {processor.py:641} INFO - Processing file /home/airflow/.local/lib/python3.7/site-packages/airflow/example_dags/example_trigger_target_dag.py for tasks to queue
[2023-03-28 22:26:29,299] {logging_mixin.py:115} INFO - [2023-03-28 22:26:29,299] {dagbag.py:507} INFO - Filling up the DagBag from /home/airflow/.local/lib/python3.7/site-packages/airflow/example_dags/example_trigger_target_dag.py
[2023-03-28 22:26:29,310] {processor.py:651} INFO - DAG(s) dict_keys(['example_trigger_target_dag']) retrieved from /home/airflow/.local/lib/python3.7/site-packages/airflow/example_dags/example_trigger_target_dag.py
[2023-03-28 22:26:29,330] {logging_mixin.py:115} INFO - [2023-03-28 22:26:29,330] {dag.py:2371} INFO - Sync 1 DAGs
[2023-03-28 22:26:29,348] {logging_mixin.py:115} INFO - [2023-03-28 22:26:29,348] {dag.py:2919} INFO - Setting next_dagrun for example_trigger_target_dag to None, run_after=None
[2023-03-28 22:26:29,360] {processor.py:161} INFO - Processing /home/airflow/.local/lib/python3.7/site-packages/airflow/example_dags/example_trigger_target_dag.py took 0.064 seconds
[2023-03-28 22:27:00,142] {processor.py:153} INFO - Started process (PID=2738) to work on /home/airflow/.local/lib/python3.7/site-packages/airflow/example_dags/example_trigger_target_dag.py
[2023-03-28 22:27:00,142] {processor.py:641} INFO - Processing file /home/airflow/.local/lib/python3.7/site-packages/airflow/example_dags/example_trigger_target_dag.py for tasks to queue
[2023-03-28 22:27:00,142] {logging_mixin.py:115} INFO - [2023-03-28 22:27:00,142] {dagbag.py:507} INFO - Filling up the DagBag from /home/airflow/.local/lib/python3.7/site-packages/airflow/example_dags/example_trigger_target_dag.py
[2023-03-28 22:27:00,152] {processor.py:651} INFO - DAG(s) dict_keys(['example_trigger_target_dag']) retrieved from /home/airflow/.local/lib/python3.7/site-packages/airflow/example_dags/example_trigger_target_dag.py
[2023-03-28 22:27:00,173] {logging_mixin.py:115} INFO - [2023-03-28 22:27:00,173] {dag.py:2371} INFO - Sync 1 DAGs
[2023-03-28 22:27:00,190] {logging_mixin.py:115} INFO - [2023-03-28 22:27:00,190] {dag.py:2919} INFO - Setting next_dagrun for example_trigger_target_dag to None, run_after=None
[2023-03-28 22:27:00,203] {processor.py:161} INFO - Processing /home/airflow/.local/lib/python3.7/site-packages/airflow/example_dags/example_trigger_target_dag.py took 0.064 seconds
[2023-03-28 22:27:30,762] {processor.py:153} INFO - Started process (PID=2804) to work on /home/airflow/.local/lib/python3.7/site-packages/airflow/example_dags/example_trigger_target_dag.py
[2023-03-28 22:27:30,764] {processor.py:641} INFO - Processing file /home/airflow/.local/lib/python3.7/site-packages/airflow/example_dags/example_trigger_target_dag.py for tasks to queue
[2023-03-28 22:27:30,764] {logging_mixin.py:115} INFO - [2023-03-28 22:27:30,764] {dagbag.py:507} INFO - Filling up the DagBag from /home/airflow/.local/lib/python3.7/site-packages/airflow/example_dags/example_trigger_target_dag.py
[2023-03-28 22:27:30,776] {processor.py:651} INFO - DAG(s) dict_keys(['example_trigger_target_dag']) retrieved from /home/airflow/.local/lib/python3.7/site-packages/airflow/example_dags/example_trigger_target_dag.py
[2023-03-28 22:27:30,797] {logging_mixin.py:115} INFO - [2023-03-28 22:27:30,797] {dag.py:2371} INFO - Sync 1 DAGs
[2023-03-28 22:27:30,816] {logging_mixin.py:115} INFO - [2023-03-28 22:27:30,816] {dag.py:2919} INFO - Setting next_dagrun for example_trigger_target_dag to None, run_after=None
[2023-03-28 22:27:30,830] {processor.py:161} INFO - Processing /home/airflow/.local/lib/python3.7/site-packages/airflow/example_dags/example_trigger_target_dag.py took 0.071 seconds
[2023-03-28 22:28:01,492] {processor.py:153} INFO - Started process (PID=2868) to work on /home/airflow/.local/lib/python3.7/site-packages/airflow/example_dags/example_trigger_target_dag.py
[2023-03-28 22:28:01,493] {processor.py:641} INFO - Processing file /home/airflow/.local/lib/python3.7/site-packages/airflow/example_dags/example_trigger_target_dag.py for tasks to queue
[2023-03-28 22:28:01,493] {logging_mixin.py:115} INFO - [2023-03-28 22:28:01,493] {dagbag.py:507} INFO - Filling up the DagBag from /home/airflow/.local/lib/python3.7/site-packages/airflow/example_dags/example_trigger_target_dag.py
[2023-03-28 22:28:01,505] {processor.py:651} INFO - DAG(s) dict_keys(['example_trigger_target_dag']) retrieved from /home/airflow/.local/lib/python3.7/site-packages/airflow/example_dags/example_trigger_target_dag.py
[2023-03-28 22:28:01,528] {logging_mixin.py:115} INFO - [2023-03-28 22:28:01,528] {dag.py:2371} INFO - Sync 1 DAGs
[2023-03-28 22:28:01,548] {logging_mixin.py:115} INFO - [2023-03-28 22:28:01,548] {dag.py:2919} INFO - Setting next_dagrun for example_trigger_target_dag to None, run_after=None
[2023-03-28 22:28:01,562] {processor.py:161} INFO - Processing /home/airflow/.local/lib/python3.7/site-packages/airflow/example_dags/example_trigger_target_dag.py took 0.072 seconds
[2023-03-28 22:28:32,516] {processor.py:153} INFO - Started process (PID=2932) to work on /home/airflow/.local/lib/python3.7/site-packages/airflow/example_dags/example_trigger_target_dag.py
[2023-03-28 22:28:32,517] {processor.py:641} INFO - Processing file /home/airflow/.local/lib/python3.7/site-packages/airflow/example_dags/example_trigger_target_dag.py for tasks to queue
[2023-03-28 22:28:32,517] {logging_mixin.py:115} INFO - [2023-03-28 22:28:32,517] {dagbag.py:507} INFO - Filling up the DagBag from /home/airflow/.local/lib/python3.7/site-packages/airflow/example_dags/example_trigger_target_dag.py
[2023-03-28 22:28:32,529] {processor.py:651} INFO - DAG(s) dict_keys(['example_trigger_target_dag']) retrieved from /home/airflow/.local/lib/python3.7/site-packages/airflow/example_dags/example_trigger_target_dag.py
[2023-03-28 22:28:32,550] {logging_mixin.py:115} INFO - [2023-03-28 22:28:32,550] {dag.py:2371} INFO - Sync 1 DAGs
[2023-03-28 22:28:32,569] {logging_mixin.py:115} INFO - [2023-03-28 22:28:32,569] {dag.py:2919} INFO - Setting next_dagrun for example_trigger_target_dag to None, run_after=None
[2023-03-28 22:28:32,584] {processor.py:161} INFO - Processing /home/airflow/.local/lib/python3.7/site-packages/airflow/example_dags/example_trigger_target_dag.py took 0.071 seconds
[2023-03-28 22:29:03,537] {processor.py:153} INFO - Started process (PID=2987) to work on /home/airflow/.local/lib/python3.7/site-packages/airflow/example_dags/example_trigger_target_dag.py
[2023-03-28 22:29:03,538] {processor.py:641} INFO - Processing file /home/airflow/.local/lib/python3.7/site-packages/airflow/example_dags/example_trigger_target_dag.py for tasks to queue
[2023-03-28 22:29:03,539] {logging_mixin.py:115} INFO - [2023-03-28 22:29:03,538] {dagbag.py:507} INFO - Filling up the DagBag from /home/airflow/.local/lib/python3.7/site-packages/airflow/example_dags/example_trigger_target_dag.py
[2023-03-28 22:29:03,553] {processor.py:651} INFO - DAG(s) dict_keys(['example_trigger_target_dag']) retrieved from /home/airflow/.local/lib/python3.7/site-packages/airflow/example_dags/example_trigger_target_dag.py
[2023-03-28 22:29:03,581] {logging_mixin.py:115} INFO - [2023-03-28 22:29:03,581] {dag.py:2371} INFO - Sync 1 DAGs
[2023-03-28 22:29:03,607] {logging_mixin.py:115} INFO - [2023-03-28 22:29:03,607] {dag.py:2919} INFO - Setting next_dagrun for example_trigger_target_dag to None, run_after=None
[2023-03-28 22:29:03,631] {processor.py:161} INFO - Processing /home/airflow/.local/lib/python3.7/site-packages/airflow/example_dags/example_trigger_target_dag.py took 0.096 seconds
[2023-03-28 22:29:34,219] {processor.py:153} INFO - Started process (PID=3051) to work on /home/airflow/.local/lib/python3.7/site-packages/airflow/example_dags/example_trigger_target_dag.py
[2023-03-28 22:29:34,220] {processor.py:641} INFO - Processing file /home/airflow/.local/lib/python3.7/site-packages/airflow/example_dags/example_trigger_target_dag.py for tasks to queue
[2023-03-28 22:29:34,220] {logging_mixin.py:115} INFO - [2023-03-28 22:29:34,220] {dagbag.py:507} INFO - Filling up the DagBag from /home/airflow/.local/lib/python3.7/site-packages/airflow/example_dags/example_trigger_target_dag.py
[2023-03-28 22:29:34,230] {processor.py:651} INFO - DAG(s) dict_keys(['example_trigger_target_dag']) retrieved from /home/airflow/.local/lib/python3.7/site-packages/airflow/example_dags/example_trigger_target_dag.py
[2023-03-28 22:29:34,250] {logging_mixin.py:115} INFO - [2023-03-28 22:29:34,250] {dag.py:2371} INFO - Sync 1 DAGs
[2023-03-28 22:29:34,269] {logging_mixin.py:115} INFO - [2023-03-28 22:29:34,269] {dag.py:2919} INFO - Setting next_dagrun for example_trigger_target_dag to None, run_after=None
[2023-03-28 22:29:34,284] {processor.py:161} INFO - Processing /home/airflow/.local/lib/python3.7/site-packages/airflow/example_dags/example_trigger_target_dag.py took 0.067 seconds
[2023-03-28 22:30:04,727] {processor.py:153} INFO - Started process (PID=3115) to work on /home/airflow/.local/lib/python3.7/site-packages/airflow/example_dags/example_trigger_target_dag.py
[2023-03-28 22:30:04,728] {processor.py:641} INFO - Processing file /home/airflow/.local/lib/python3.7/site-packages/airflow/example_dags/example_trigger_target_dag.py for tasks to queue
[2023-03-28 22:30:04,728] {logging_mixin.py:115} INFO - [2023-03-28 22:30:04,728] {dagbag.py:507} INFO - Filling up the DagBag from /home/airflow/.local/lib/python3.7/site-packages/airflow/example_dags/example_trigger_target_dag.py
[2023-03-28 22:30:04,742] {processor.py:651} INFO - DAG(s) dict_keys(['example_trigger_target_dag']) retrieved from /home/airflow/.local/lib/python3.7/site-packages/airflow/example_dags/example_trigger_target_dag.py
[2023-03-28 22:30:04,764] {logging_mixin.py:115} INFO - [2023-03-28 22:30:04,764] {dag.py:2371} INFO - Sync 1 DAGs
[2023-03-28 22:30:04,784] {logging_mixin.py:115} INFO - [2023-03-28 22:30:04,784] {dag.py:2919} INFO - Setting next_dagrun for example_trigger_target_dag to None, run_after=None
[2023-03-28 22:30:04,884] {processor.py:161} INFO - Processing /home/airflow/.local/lib/python3.7/site-packages/airflow/example_dags/example_trigger_target_dag.py took 0.159 seconds
[2023-03-28 22:30:35,069] {processor.py:153} INFO - Started process (PID=3170) to work on /home/airflow/.local/lib/python3.7/site-packages/airflow/example_dags/example_trigger_target_dag.py
[2023-03-28 22:30:35,070] {processor.py:641} INFO - Processing file /home/airflow/.local/lib/python3.7/site-packages/airflow/example_dags/example_trigger_target_dag.py for tasks to queue
[2023-03-28 22:30:35,070] {logging_mixin.py:115} INFO - [2023-03-28 22:30:35,070] {dagbag.py:507} INFO - Filling up the DagBag from /home/airflow/.local/lib/python3.7/site-packages/airflow/example_dags/example_trigger_target_dag.py
[2023-03-28 22:30:35,081] {processor.py:651} INFO - DAG(s) dict_keys(['example_trigger_target_dag']) retrieved from /home/airflow/.local/lib/python3.7/site-packages/airflow/example_dags/example_trigger_target_dag.py
[2023-03-28 22:30:35,104] {logging_mixin.py:115} INFO - [2023-03-28 22:30:35,104] {dag.py:2371} INFO - Sync 1 DAGs
[2023-03-28 22:30:35,124] {logging_mixin.py:115} INFO - [2023-03-28 22:30:35,124] {dag.py:2919} INFO - Setting next_dagrun for example_trigger_target_dag to None, run_after=None
[2023-03-28 22:30:35,222] {processor.py:161} INFO - Processing /home/airflow/.local/lib/python3.7/site-packages/airflow/example_dags/example_trigger_target_dag.py took 0.155 seconds
[2023-03-28 22:31:05,328] {processor.py:153} INFO - Started process (PID=3234) to work on /home/airflow/.local/lib/python3.7/site-packages/airflow/example_dags/example_trigger_target_dag.py
[2023-03-28 22:31:05,329] {processor.py:641} INFO - Processing file /home/airflow/.local/lib/python3.7/site-packages/airflow/example_dags/example_trigger_target_dag.py for tasks to queue
[2023-03-28 22:31:05,329] {logging_mixin.py:115} INFO - [2023-03-28 22:31:05,329] {dagbag.py:507} INFO - Filling up the DagBag from /home/airflow/.local/lib/python3.7/site-packages/airflow/example_dags/example_trigger_target_dag.py
[2023-03-28 22:31:05,340] {processor.py:651} INFO - DAG(s) dict_keys(['example_trigger_target_dag']) retrieved from /home/airflow/.local/lib/python3.7/site-packages/airflow/example_dags/example_trigger_target_dag.py
[2023-03-28 22:31:05,361] {logging_mixin.py:115} INFO - [2023-03-28 22:31:05,361] {dag.py:2371} INFO - Sync 1 DAGs
[2023-03-28 22:31:05,379] {logging_mixin.py:115} INFO - [2023-03-28 22:31:05,379] {dag.py:2919} INFO - Setting next_dagrun for example_trigger_target_dag to None, run_after=None
[2023-03-28 22:31:05,478] {processor.py:161} INFO - Processing /home/airflow/.local/lib/python3.7/site-packages/airflow/example_dags/example_trigger_target_dag.py took 0.152 seconds
[2023-03-28 22:31:35,562] {processor.py:153} INFO - Started process (PID=3298) to work on /home/airflow/.local/lib/python3.7/site-packages/airflow/example_dags/example_trigger_target_dag.py
[2023-03-28 22:31:35,562] {processor.py:641} INFO - Processing file /home/airflow/.local/lib/python3.7/site-packages/airflow/example_dags/example_trigger_target_dag.py for tasks to queue
[2023-03-28 22:31:35,562] {logging_mixin.py:115} INFO - [2023-03-28 22:31:35,562] {dagbag.py:507} INFO - Filling up the DagBag from /home/airflow/.local/lib/python3.7/site-packages/airflow/example_dags/example_trigger_target_dag.py
[2023-03-28 22:31:35,573] {processor.py:651} INFO - DAG(s) dict_keys(['example_trigger_target_dag']) retrieved from /home/airflow/.local/lib/python3.7/site-packages/airflow/example_dags/example_trigger_target_dag.py
[2023-03-28 22:31:35,594] {logging_mixin.py:115} INFO - [2023-03-28 22:31:35,594] {dag.py:2371} INFO - Sync 1 DAGs
[2023-03-28 22:31:35,615] {logging_mixin.py:115} INFO - [2023-03-28 22:31:35,614] {dag.py:2919} INFO - Setting next_dagrun for example_trigger_target_dag to None, run_after=None
[2023-03-28 22:31:35,714] {processor.py:161} INFO - Processing /home/airflow/.local/lib/python3.7/site-packages/airflow/example_dags/example_trigger_target_dag.py took 0.154 seconds
[2023-03-28 22:32:06,049] {processor.py:153} INFO - Started process (PID=3353) to work on /home/airflow/.local/lib/python3.7/site-packages/airflow/example_dags/example_trigger_target_dag.py
[2023-03-28 22:32:06,050] {processor.py:641} INFO - Processing file /home/airflow/.local/lib/python3.7/site-packages/airflow/example_dags/example_trigger_target_dag.py for tasks to queue
[2023-03-28 22:32:06,051] {logging_mixin.py:115} INFO - [2023-03-28 22:32:06,051] {dagbag.py:507} INFO - Filling up the DagBag from /home/airflow/.local/lib/python3.7/site-packages/airflow/example_dags/example_trigger_target_dag.py
[2023-03-28 22:32:06,062] {processor.py:651} INFO - DAG(s) dict_keys(['example_trigger_target_dag']) retrieved from /home/airflow/.local/lib/python3.7/site-packages/airflow/example_dags/example_trigger_target_dag.py
[2023-03-28 22:32:06,081] {logging_mixin.py:115} INFO - [2023-03-28 22:32:06,081] {dag.py:2371} INFO - Sync 1 DAGs
[2023-03-28 22:32:06,101] {logging_mixin.py:115} INFO - [2023-03-28 22:32:06,101] {dag.py:2919} INFO - Setting next_dagrun for example_trigger_target_dag to None, run_after=None
[2023-03-28 22:32:06,200] {processor.py:161} INFO - Processing /home/airflow/.local/lib/python3.7/site-packages/airflow/example_dags/example_trigger_target_dag.py took 0.153 seconds
[2023-03-28 22:32:36,607] {processor.py:153} INFO - Started process (PID=3418) to work on /home/airflow/.local/lib/python3.7/site-packages/airflow/example_dags/example_trigger_target_dag.py
[2023-03-28 22:32:36,608] {processor.py:641} INFO - Processing file /home/airflow/.local/lib/python3.7/site-packages/airflow/example_dags/example_trigger_target_dag.py for tasks to queue
[2023-03-28 22:32:36,608] {logging_mixin.py:115} INFO - [2023-03-28 22:32:36,608] {dagbag.py:507} INFO - Filling up the DagBag from /home/airflow/.local/lib/python3.7/site-packages/airflow/example_dags/example_trigger_target_dag.py
[2023-03-28 22:32:36,620] {processor.py:651} INFO - DAG(s) dict_keys(['example_trigger_target_dag']) retrieved from /home/airflow/.local/lib/python3.7/site-packages/airflow/example_dags/example_trigger_target_dag.py
[2023-03-28 22:32:36,642] {logging_mixin.py:115} INFO - [2023-03-28 22:32:36,641] {dag.py:2371} INFO - Sync 1 DAGs
[2023-03-28 22:32:36,661] {logging_mixin.py:115} INFO - [2023-03-28 22:32:36,661] {dag.py:2919} INFO - Setting next_dagrun for example_trigger_target_dag to None, run_after=None
[2023-03-28 22:32:36,771] {processor.py:161} INFO - Processing /home/airflow/.local/lib/python3.7/site-packages/airflow/example_dags/example_trigger_target_dag.py took 0.166 seconds
[2023-03-28 22:33:06,858] {processor.py:153} INFO - Started process (PID=3482) to work on /home/airflow/.local/lib/python3.7/site-packages/airflow/example_dags/example_trigger_target_dag.py
[2023-03-28 22:33:06,859] {processor.py:641} INFO - Processing file /home/airflow/.local/lib/python3.7/site-packages/airflow/example_dags/example_trigger_target_dag.py for tasks to queue
[2023-03-28 22:33:06,859] {logging_mixin.py:115} INFO - [2023-03-28 22:33:06,859] {dagbag.py:507} INFO - Filling up the DagBag from /home/airflow/.local/lib/python3.7/site-packages/airflow/example_dags/example_trigger_target_dag.py
[2023-03-28 22:33:06,872] {processor.py:651} INFO - DAG(s) dict_keys(['example_trigger_target_dag']) retrieved from /home/airflow/.local/lib/python3.7/site-packages/airflow/example_dags/example_trigger_target_dag.py
[2023-03-28 22:33:06,893] {logging_mixin.py:115} INFO - [2023-03-28 22:33:06,893] {dag.py:2371} INFO - Sync 1 DAGs
[2023-03-28 22:33:06,914] {logging_mixin.py:115} INFO - [2023-03-28 22:33:06,914] {dag.py:2919} INFO - Setting next_dagrun for example_trigger_target_dag to None, run_after=None
[2023-03-28 22:33:07,049] {processor.py:161} INFO - Processing /home/airflow/.local/lib/python3.7/site-packages/airflow/example_dags/example_trigger_target_dag.py took 0.194 seconds
[2023-03-28 22:33:37,224] {processor.py:153} INFO - Started process (PID=3538) to work on /home/airflow/.local/lib/python3.7/site-packages/airflow/example_dags/example_trigger_target_dag.py
[2023-03-28 22:33:37,225] {processor.py:641} INFO - Processing file /home/airflow/.local/lib/python3.7/site-packages/airflow/example_dags/example_trigger_target_dag.py for tasks to queue
[2023-03-28 22:33:37,225] {logging_mixin.py:115} INFO - [2023-03-28 22:33:37,225] {dagbag.py:507} INFO - Filling up the DagBag from /home/airflow/.local/lib/python3.7/site-packages/airflow/example_dags/example_trigger_target_dag.py
[2023-03-28 22:33:37,236] {processor.py:651} INFO - DAG(s) dict_keys(['example_trigger_target_dag']) retrieved from /home/airflow/.local/lib/python3.7/site-packages/airflow/example_dags/example_trigger_target_dag.py
[2023-03-28 22:33:37,258] {logging_mixin.py:115} INFO - [2023-03-28 22:33:37,258] {dag.py:2371} INFO - Sync 1 DAGs
[2023-03-28 22:33:37,278] {logging_mixin.py:115} INFO - [2023-03-28 22:33:37,278] {dag.py:2919} INFO - Setting next_dagrun for example_trigger_target_dag to None, run_after=None
[2023-03-28 22:33:37,373] {processor.py:161} INFO - Processing /home/airflow/.local/lib/python3.7/site-packages/airflow/example_dags/example_trigger_target_dag.py took 0.151 seconds
[2023-03-28 22:34:07,561] {processor.py:153} INFO - Started process (PID=3601) to work on /home/airflow/.local/lib/python3.7/site-packages/airflow/example_dags/example_trigger_target_dag.py
[2023-03-28 22:34:07,562] {processor.py:641} INFO - Processing file /home/airflow/.local/lib/python3.7/site-packages/airflow/example_dags/example_trigger_target_dag.py for tasks to queue
[2023-03-28 22:34:07,563] {logging_mixin.py:115} INFO - [2023-03-28 22:34:07,563] {dagbag.py:507} INFO - Filling up the DagBag from /home/airflow/.local/lib/python3.7/site-packages/airflow/example_dags/example_trigger_target_dag.py
[2023-03-28 22:34:07,574] {processor.py:651} INFO - DAG(s) dict_keys(['example_trigger_target_dag']) retrieved from /home/airflow/.local/lib/python3.7/site-packages/airflow/example_dags/example_trigger_target_dag.py
[2023-03-28 22:34:07,595] {logging_mixin.py:115} INFO - [2023-03-28 22:34:07,595] {dag.py:2371} INFO - Sync 1 DAGs
[2023-03-28 22:34:07,614] {logging_mixin.py:115} INFO - [2023-03-28 22:34:07,614] {dag.py:2919} INFO - Setting next_dagrun for example_trigger_target_dag to None, run_after=None
[2023-03-28 22:34:07,719] {processor.py:161} INFO - Processing /home/airflow/.local/lib/python3.7/site-packages/airflow/example_dags/example_trigger_target_dag.py took 0.159 seconds
[2023-03-28 22:34:37,826] {processor.py:153} INFO - Started process (PID=3664) to work on /home/airflow/.local/lib/python3.7/site-packages/airflow/example_dags/example_trigger_target_dag.py
[2023-03-28 22:34:37,826] {processor.py:641} INFO - Processing file /home/airflow/.local/lib/python3.7/site-packages/airflow/example_dags/example_trigger_target_dag.py for tasks to queue
[2023-03-28 22:34:37,826] {logging_mixin.py:115} INFO - [2023-03-28 22:34:37,826] {dagbag.py:507} INFO - Filling up the DagBag from /home/airflow/.local/lib/python3.7/site-packages/airflow/example_dags/example_trigger_target_dag.py
[2023-03-28 22:34:37,838] {processor.py:651} INFO - DAG(s) dict_keys(['example_trigger_target_dag']) retrieved from /home/airflow/.local/lib/python3.7/site-packages/airflow/example_dags/example_trigger_target_dag.py
[2023-03-28 22:34:37,859] {logging_mixin.py:115} INFO - [2023-03-28 22:34:37,859] {dag.py:2371} INFO - Sync 1 DAGs
[2023-03-28 22:34:37,881] {logging_mixin.py:115} INFO - [2023-03-28 22:34:37,881] {dag.py:2919} INFO - Setting next_dagrun for example_trigger_target_dag to None, run_after=None
[2023-03-28 22:34:37,984] {processor.py:161} INFO - Processing /home/airflow/.local/lib/python3.7/site-packages/airflow/example_dags/example_trigger_target_dag.py took 0.161 seconds
[2023-03-28 22:35:08,517] {processor.py:153} INFO - Started process (PID=3719) to work on /home/airflow/.local/lib/python3.7/site-packages/airflow/example_dags/example_trigger_target_dag.py
[2023-03-28 22:35:08,518] {processor.py:641} INFO - Processing file /home/airflow/.local/lib/python3.7/site-packages/airflow/example_dags/example_trigger_target_dag.py for tasks to queue
[2023-03-28 22:35:08,519] {logging_mixin.py:115} INFO - [2023-03-28 22:35:08,519] {dagbag.py:507} INFO - Filling up the DagBag from /home/airflow/.local/lib/python3.7/site-packages/airflow/example_dags/example_trigger_target_dag.py
[2023-03-28 22:35:08,532] {processor.py:651} INFO - DAG(s) dict_keys(['example_trigger_target_dag']) retrieved from /home/airflow/.local/lib/python3.7/site-packages/airflow/example_dags/example_trigger_target_dag.py
[2023-03-28 22:35:08,558] {logging_mixin.py:115} INFO - [2023-03-28 22:35:08,558] {dag.py:2371} INFO - Sync 1 DAGs
[2023-03-28 22:35:08,680] {logging_mixin.py:115} INFO - [2023-03-28 22:35:08,680] {dag.py:2919} INFO - Setting next_dagrun for example_trigger_target_dag to None, run_after=None
[2023-03-28 22:35:08,692] {processor.py:161} INFO - Processing /home/airflow/.local/lib/python3.7/site-packages/airflow/example_dags/example_trigger_target_dag.py took 0.176 seconds
[2023-03-28 22:35:39,406] {processor.py:153} INFO - Started process (PID=3784) to work on /home/airflow/.local/lib/python3.7/site-packages/airflow/example_dags/example_trigger_target_dag.py
[2023-03-28 22:35:39,406] {processor.py:641} INFO - Processing file /home/airflow/.local/lib/python3.7/site-packages/airflow/example_dags/example_trigger_target_dag.py for tasks to queue
[2023-03-28 22:35:39,406] {logging_mixin.py:115} INFO - [2023-03-28 22:35:39,406] {dagbag.py:507} INFO - Filling up the DagBag from /home/airflow/.local/lib/python3.7/site-packages/airflow/example_dags/example_trigger_target_dag.py
[2023-03-28 22:35:39,418] {processor.py:651} INFO - DAG(s) dict_keys(['example_trigger_target_dag']) retrieved from /home/airflow/.local/lib/python3.7/site-packages/airflow/example_dags/example_trigger_target_dag.py
[2023-03-28 22:35:39,440] {logging_mixin.py:115} INFO - [2023-03-28 22:35:39,440] {dag.py:2371} INFO - Sync 1 DAGs
[2023-03-28 22:35:39,554] {logging_mixin.py:115} INFO - [2023-03-28 22:35:39,554] {dag.py:2919} INFO - Setting next_dagrun for example_trigger_target_dag to None, run_after=None
[2023-03-28 22:35:39,565] {processor.py:161} INFO - Processing /home/airflow/.local/lib/python3.7/site-packages/airflow/example_dags/example_trigger_target_dag.py took 0.162 seconds
[2023-03-28 22:36:09,872] {processor.py:153} INFO - Started process (PID=3848) to work on /home/airflow/.local/lib/python3.7/site-packages/airflow/example_dags/example_trigger_target_dag.py
[2023-03-28 22:36:09,873] {processor.py:641} INFO - Processing file /home/airflow/.local/lib/python3.7/site-packages/airflow/example_dags/example_trigger_target_dag.py for tasks to queue
[2023-03-28 22:36:09,873] {logging_mixin.py:115} INFO - [2023-03-28 22:36:09,873] {dagbag.py:507} INFO - Filling up the DagBag from /home/airflow/.local/lib/python3.7/site-packages/airflow/example_dags/example_trigger_target_dag.py
[2023-03-28 22:36:09,883] {processor.py:651} INFO - DAG(s) dict_keys(['example_trigger_target_dag']) retrieved from /home/airflow/.local/lib/python3.7/site-packages/airflow/example_dags/example_trigger_target_dag.py
[2023-03-28 22:36:09,906] {logging_mixin.py:115} INFO - [2023-03-28 22:36:09,905] {dag.py:2371} INFO - Sync 1 DAGs
[2023-03-28 22:36:10,013] {logging_mixin.py:115} INFO - [2023-03-28 22:36:10,013] {dag.py:2919} INFO - Setting next_dagrun for example_trigger_target_dag to None, run_after=None
[2023-03-28 22:36:10,026] {processor.py:161} INFO - Processing /home/airflow/.local/lib/python3.7/site-packages/airflow/example_dags/example_trigger_target_dag.py took 0.156 seconds
[2023-03-28 22:36:40,922] {processor.py:153} INFO - Started process (PID=3912) to work on /home/airflow/.local/lib/python3.7/site-packages/airflow/example_dags/example_trigger_target_dag.py
[2023-03-28 22:36:40,923] {processor.py:641} INFO - Processing file /home/airflow/.local/lib/python3.7/site-packages/airflow/example_dags/example_trigger_target_dag.py for tasks to queue
[2023-03-28 22:36:40,924] {logging_mixin.py:115} INFO - [2023-03-28 22:36:40,923] {dagbag.py:507} INFO - Filling up the DagBag from /home/airflow/.local/lib/python3.7/site-packages/airflow/example_dags/example_trigger_target_dag.py
[2023-03-28 22:36:40,936] {processor.py:651} INFO - DAG(s) dict_keys(['example_trigger_target_dag']) retrieved from /home/airflow/.local/lib/python3.7/site-packages/airflow/example_dags/example_trigger_target_dag.py
[2023-03-28 22:36:40,961] {logging_mixin.py:115} INFO - [2023-03-28 22:36:40,960] {dag.py:2371} INFO - Sync 1 DAGs
[2023-03-28 22:36:41,087] {logging_mixin.py:115} INFO - [2023-03-28 22:36:41,087] {dag.py:2919} INFO - Setting next_dagrun for example_trigger_target_dag to None, run_after=None
[2023-03-28 22:36:41,103] {processor.py:161} INFO - Processing /home/airflow/.local/lib/python3.7/site-packages/airflow/example_dags/example_trigger_target_dag.py took 0.183 seconds
[2023-03-28 22:37:11,545] {processor.py:153} INFO - Started process (PID=3970) to work on /home/airflow/.local/lib/python3.7/site-packages/airflow/example_dags/example_trigger_target_dag.py
[2023-03-28 22:37:11,546] {processor.py:641} INFO - Processing file /home/airflow/.local/lib/python3.7/site-packages/airflow/example_dags/example_trigger_target_dag.py for tasks to queue
[2023-03-28 22:37:11,547] {logging_mixin.py:115} INFO - [2023-03-28 22:37:11,547] {dagbag.py:507} INFO - Filling up the DagBag from /home/airflow/.local/lib/python3.7/site-packages/airflow/example_dags/example_trigger_target_dag.py
[2023-03-28 22:37:11,557] {processor.py:651} INFO - DAG(s) dict_keys(['example_trigger_target_dag']) retrieved from /home/airflow/.local/lib/python3.7/site-packages/airflow/example_dags/example_trigger_target_dag.py
[2023-03-28 22:37:11,580] {logging_mixin.py:115} INFO - [2023-03-28 22:37:11,580] {dag.py:2371} INFO - Sync 1 DAGs
[2023-03-28 22:37:11,693] {logging_mixin.py:115} INFO - [2023-03-28 22:37:11,693] {dag.py:2919} INFO - Setting next_dagrun for example_trigger_target_dag to None, run_after=None
[2023-03-28 22:37:11,707] {processor.py:161} INFO - Processing /home/airflow/.local/lib/python3.7/site-packages/airflow/example_dags/example_trigger_target_dag.py took 0.164 seconds
[2023-03-28 22:37:42,351] {processor.py:153} INFO - Started process (PID=4034) to work on /home/airflow/.local/lib/python3.7/site-packages/airflow/example_dags/example_trigger_target_dag.py
[2023-03-28 22:37:42,352] {processor.py:641} INFO - Processing file /home/airflow/.local/lib/python3.7/site-packages/airflow/example_dags/example_trigger_target_dag.py for tasks to queue
[2023-03-28 22:37:42,352] {logging_mixin.py:115} INFO - [2023-03-28 22:37:42,352] {dagbag.py:507} INFO - Filling up the DagBag from /home/airflow/.local/lib/python3.7/site-packages/airflow/example_dags/example_trigger_target_dag.py
[2023-03-28 22:37:42,362] {processor.py:651} INFO - DAG(s) dict_keys(['example_trigger_target_dag']) retrieved from /home/airflow/.local/lib/python3.7/site-packages/airflow/example_dags/example_trigger_target_dag.py
[2023-03-28 22:37:42,383] {logging_mixin.py:115} INFO - [2023-03-28 22:37:42,383] {dag.py:2371} INFO - Sync 1 DAGs
[2023-03-28 22:37:42,505] {logging_mixin.py:115} INFO - [2023-03-28 22:37:42,505] {dag.py:2919} INFO - Setting next_dagrun for example_trigger_target_dag to None, run_after=None
[2023-03-28 22:37:42,519] {processor.py:161} INFO - Processing /home/airflow/.local/lib/python3.7/site-packages/airflow/example_dags/example_trigger_target_dag.py took 0.170 seconds
[2023-03-28 22:38:13,236] {processor.py:153} INFO - Started process (PID=4098) to work on /home/airflow/.local/lib/python3.7/site-packages/airflow/example_dags/example_trigger_target_dag.py
[2023-03-28 22:38:13,237] {processor.py:641} INFO - Processing file /home/airflow/.local/lib/python3.7/site-packages/airflow/example_dags/example_trigger_target_dag.py for tasks to queue
[2023-03-28 22:38:13,238] {logging_mixin.py:115} INFO - [2023-03-28 22:38:13,238] {dagbag.py:507} INFO - Filling up the DagBag from /home/airflow/.local/lib/python3.7/site-packages/airflow/example_dags/example_trigger_target_dag.py
[2023-03-28 22:38:13,251] {processor.py:651} INFO - DAG(s) dict_keys(['example_trigger_target_dag']) retrieved from /home/airflow/.local/lib/python3.7/site-packages/airflow/example_dags/example_trigger_target_dag.py
[2023-03-28 22:38:13,275] {logging_mixin.py:115} INFO - [2023-03-28 22:38:13,274] {dag.py:2371} INFO - Sync 1 DAGs
[2023-03-28 22:38:13,396] {logging_mixin.py:115} INFO - [2023-03-28 22:38:13,396] {dag.py:2919} INFO - Setting next_dagrun for example_trigger_target_dag to None, run_after=None
[2023-03-28 22:38:13,410] {processor.py:161} INFO - Processing /home/airflow/.local/lib/python3.7/site-packages/airflow/example_dags/example_trigger_target_dag.py took 0.176 seconds
[2023-03-28 22:38:43,921] {processor.py:153} INFO - Started process (PID=4153) to work on /home/airflow/.local/lib/python3.7/site-packages/airflow/example_dags/example_trigger_target_dag.py
[2023-03-28 22:38:43,921] {processor.py:641} INFO - Processing file /home/airflow/.local/lib/python3.7/site-packages/airflow/example_dags/example_trigger_target_dag.py for tasks to queue
[2023-03-28 22:38:43,921] {logging_mixin.py:115} INFO - [2023-03-28 22:38:43,921] {dagbag.py:507} INFO - Filling up the DagBag from /home/airflow/.local/lib/python3.7/site-packages/airflow/example_dags/example_trigger_target_dag.py
[2023-03-28 22:38:43,931] {processor.py:651} INFO - DAG(s) dict_keys(['example_trigger_target_dag']) retrieved from /home/airflow/.local/lib/python3.7/site-packages/airflow/example_dags/example_trigger_target_dag.py
[2023-03-28 22:38:43,952] {logging_mixin.py:115} INFO - [2023-03-28 22:38:43,952] {dag.py:2371} INFO - Sync 1 DAGs
[2023-03-28 22:38:44,059] {logging_mixin.py:115} INFO - [2023-03-28 22:38:44,059] {dag.py:2919} INFO - Setting next_dagrun for example_trigger_target_dag to None, run_after=None
[2023-03-28 22:38:44,072] {processor.py:161} INFO - Processing /home/airflow/.local/lib/python3.7/site-packages/airflow/example_dags/example_trigger_target_dag.py took 0.154 seconds
[2023-03-28 22:39:14,594] {processor.py:153} INFO - Started process (PID=4217) to work on /home/airflow/.local/lib/python3.7/site-packages/airflow/example_dags/example_trigger_target_dag.py
[2023-03-28 22:39:14,594] {processor.py:641} INFO - Processing file /home/airflow/.local/lib/python3.7/site-packages/airflow/example_dags/example_trigger_target_dag.py for tasks to queue
[2023-03-28 22:39:14,595] {logging_mixin.py:115} INFO - [2023-03-28 22:39:14,595] {dagbag.py:507} INFO - Filling up the DagBag from /home/airflow/.local/lib/python3.7/site-packages/airflow/example_dags/example_trigger_target_dag.py
[2023-03-28 22:39:14,606] {processor.py:651} INFO - DAG(s) dict_keys(['example_trigger_target_dag']) retrieved from /home/airflow/.local/lib/python3.7/site-packages/airflow/example_dags/example_trigger_target_dag.py
[2023-03-28 22:39:14,628] {logging_mixin.py:115} INFO - [2023-03-28 22:39:14,628] {dag.py:2371} INFO - Sync 1 DAGs
[2023-03-28 22:39:14,762] {logging_mixin.py:115} INFO - [2023-03-28 22:39:14,762] {dag.py:2919} INFO - Setting next_dagrun for example_trigger_target_dag to None, run_after=None
[2023-03-28 22:39:14,776] {processor.py:161} INFO - Processing /home/airflow/.local/lib/python3.7/site-packages/airflow/example_dags/example_trigger_target_dag.py took 0.185 seconds
[2023-03-28 22:39:45,280] {processor.py:153} INFO - Started process (PID=4282) to work on /home/airflow/.local/lib/python3.7/site-packages/airflow/example_dags/example_trigger_target_dag.py
[2023-03-28 22:39:45,281] {processor.py:641} INFO - Processing file /home/airflow/.local/lib/python3.7/site-packages/airflow/example_dags/example_trigger_target_dag.py for tasks to queue
[2023-03-28 22:39:45,281] {logging_mixin.py:115} INFO - [2023-03-28 22:39:45,281] {dagbag.py:507} INFO - Filling up the DagBag from /home/airflow/.local/lib/python3.7/site-packages/airflow/example_dags/example_trigger_target_dag.py
[2023-03-28 22:39:45,292] {processor.py:651} INFO - DAG(s) dict_keys(['example_trigger_target_dag']) retrieved from /home/airflow/.local/lib/python3.7/site-packages/airflow/example_dags/example_trigger_target_dag.py
[2023-03-28 22:39:45,349] {logging_mixin.py:115} INFO - [2023-03-28 22:39:45,349] {dag.py:2371} INFO - Sync 1 DAGs
[2023-03-28 22:39:45,477] {logging_mixin.py:115} INFO - [2023-03-28 22:39:45,477] {dag.py:2919} INFO - Setting next_dagrun for example_trigger_target_dag to None, run_after=None
[2023-03-28 22:39:45,489] {processor.py:161} INFO - Processing /home/airflow/.local/lib/python3.7/site-packages/airflow/example_dags/example_trigger_target_dag.py took 0.212 seconds
[2023-03-28 22:40:16,621] {processor.py:153} INFO - Started process (PID=4347) to work on /home/airflow/.local/lib/python3.7/site-packages/airflow/example_dags/example_trigger_target_dag.py
[2023-03-28 22:40:16,622] {processor.py:641} INFO - Processing file /home/airflow/.local/lib/python3.7/site-packages/airflow/example_dags/example_trigger_target_dag.py for tasks to queue
[2023-03-28 22:40:16,623] {logging_mixin.py:115} INFO - [2023-03-28 22:40:16,623] {dagbag.py:507} INFO - Filling up the DagBag from /home/airflow/.local/lib/python3.7/site-packages/airflow/example_dags/example_trigger_target_dag.py
[2023-03-28 22:40:16,635] {processor.py:651} INFO - DAG(s) dict_keys(['example_trigger_target_dag']) retrieved from /home/airflow/.local/lib/python3.7/site-packages/airflow/example_dags/example_trigger_target_dag.py
[2023-03-28 22:40:16,658] {logging_mixin.py:115} INFO - [2023-03-28 22:40:16,658] {dag.py:2371} INFO - Sync 1 DAGs
[2023-03-28 22:40:16,804] {logging_mixin.py:115} INFO - [2023-03-28 22:40:16,804] {dag.py:2919} INFO - Setting next_dagrun for example_trigger_target_dag to None, run_after=None
[2023-03-28 22:40:16,819] {processor.py:161} INFO - Processing /home/airflow/.local/lib/python3.7/site-packages/airflow/example_dags/example_trigger_target_dag.py took 0.200 seconds
[2023-03-28 22:41:28,699] {processor.py:153} INFO - Started process (PID=76) to work on /home/airflow/.local/lib/python3.7/site-packages/airflow/example_dags/example_trigger_target_dag.py
[2023-03-28 22:41:28,700] {processor.py:641} INFO - Processing file /home/airflow/.local/lib/python3.7/site-packages/airflow/example_dags/example_trigger_target_dag.py for tasks to queue
[2023-03-28 22:41:28,700] {logging_mixin.py:115} INFO - [2023-03-28 22:41:28,700] {dagbag.py:507} INFO - Filling up the DagBag from /home/airflow/.local/lib/python3.7/site-packages/airflow/example_dags/example_trigger_target_dag.py
[2023-03-28 22:41:28,712] {processor.py:651} INFO - DAG(s) dict_keys(['example_trigger_target_dag']) retrieved from /home/airflow/.local/lib/python3.7/site-packages/airflow/example_dags/example_trigger_target_dag.py
[2023-03-28 22:41:28,738] {logging_mixin.py:115} INFO - [2023-03-28 22:41:28,737] {dag.py:2371} INFO - Sync 1 DAGs
[2023-03-28 22:41:28,759] {logging_mixin.py:115} INFO - [2023-03-28 22:41:28,759] {dag.py:2919} INFO - Setting next_dagrun for example_trigger_target_dag to None, run_after=None
[2023-03-28 22:41:28,775] {processor.py:161} INFO - Processing /home/airflow/.local/lib/python3.7/site-packages/airflow/example_dags/example_trigger_target_dag.py took 0.078 seconds
[2023-03-28 22:41:59,185] {processor.py:153} INFO - Started process (PID=141) to work on /home/airflow/.local/lib/python3.7/site-packages/airflow/example_dags/example_trigger_target_dag.py
[2023-03-28 22:41:59,186] {processor.py:641} INFO - Processing file /home/airflow/.local/lib/python3.7/site-packages/airflow/example_dags/example_trigger_target_dag.py for tasks to queue
[2023-03-28 22:41:59,187] {logging_mixin.py:115} INFO - [2023-03-28 22:41:59,186] {dagbag.py:507} INFO - Filling up the DagBag from /home/airflow/.local/lib/python3.7/site-packages/airflow/example_dags/example_trigger_target_dag.py
[2023-03-28 22:41:59,198] {processor.py:651} INFO - DAG(s) dict_keys(['example_trigger_target_dag']) retrieved from /home/airflow/.local/lib/python3.7/site-packages/airflow/example_dags/example_trigger_target_dag.py
[2023-03-28 22:41:59,220] {logging_mixin.py:115} INFO - [2023-03-28 22:41:59,220] {dag.py:2371} INFO - Sync 1 DAGs
[2023-03-28 22:41:59,239] {logging_mixin.py:115} INFO - [2023-03-28 22:41:59,239] {dag.py:2919} INFO - Setting next_dagrun for example_trigger_target_dag to None, run_after=None
[2023-03-28 22:41:59,251] {processor.py:161} INFO - Processing /home/airflow/.local/lib/python3.7/site-packages/airflow/example_dags/example_trigger_target_dag.py took 0.068 seconds
[2023-03-28 22:42:29,573] {processor.py:153} INFO - Started process (PID=206) to work on /home/airflow/.local/lib/python3.7/site-packages/airflow/example_dags/example_trigger_target_dag.py
[2023-03-28 22:42:29,574] {processor.py:641} INFO - Processing file /home/airflow/.local/lib/python3.7/site-packages/airflow/example_dags/example_trigger_target_dag.py for tasks to queue
[2023-03-28 22:42:29,574] {logging_mixin.py:115} INFO - [2023-03-28 22:42:29,574] {dagbag.py:507} INFO - Filling up the DagBag from /home/airflow/.local/lib/python3.7/site-packages/airflow/example_dags/example_trigger_target_dag.py
[2023-03-28 22:42:29,585] {processor.py:651} INFO - DAG(s) dict_keys(['example_trigger_target_dag']) retrieved from /home/airflow/.local/lib/python3.7/site-packages/airflow/example_dags/example_trigger_target_dag.py
[2023-03-28 22:42:29,606] {logging_mixin.py:115} INFO - [2023-03-28 22:42:29,606] {dag.py:2371} INFO - Sync 1 DAGs
[2023-03-28 22:42:29,626] {logging_mixin.py:115} INFO - [2023-03-28 22:42:29,626] {dag.py:2919} INFO - Setting next_dagrun for example_trigger_target_dag to None, run_after=None
[2023-03-28 22:42:29,640] {processor.py:161} INFO - Processing /home/airflow/.local/lib/python3.7/site-packages/airflow/example_dags/example_trigger_target_dag.py took 0.069 seconds
[2023-03-28 22:43:00,008] {processor.py:153} INFO - Started process (PID=261) to work on /home/airflow/.local/lib/python3.7/site-packages/airflow/example_dags/example_trigger_target_dag.py
[2023-03-28 22:43:00,009] {processor.py:641} INFO - Processing file /home/airflow/.local/lib/python3.7/site-packages/airflow/example_dags/example_trigger_target_dag.py for tasks to queue
[2023-03-28 22:43:00,010] {logging_mixin.py:115} INFO - [2023-03-28 22:43:00,010] {dagbag.py:507} INFO - Filling up the DagBag from /home/airflow/.local/lib/python3.7/site-packages/airflow/example_dags/example_trigger_target_dag.py
[2023-03-28 22:43:00,023] {processor.py:651} INFO - DAG(s) dict_keys(['example_trigger_target_dag']) retrieved from /home/airflow/.local/lib/python3.7/site-packages/airflow/example_dags/example_trigger_target_dag.py
[2023-03-28 22:43:00,046] {logging_mixin.py:115} INFO - [2023-03-28 22:43:00,045] {dag.py:2371} INFO - Sync 1 DAGs
[2023-03-28 22:43:00,064] {logging_mixin.py:115} INFO - [2023-03-28 22:43:00,064] {dag.py:2919} INFO - Setting next_dagrun for example_trigger_target_dag to None, run_after=None
[2023-03-28 22:43:00,077] {processor.py:161} INFO - Processing /home/airflow/.local/lib/python3.7/site-packages/airflow/example_dags/example_trigger_target_dag.py took 0.072 seconds
[2023-03-28 22:43:30,805] {processor.py:153} INFO - Started process (PID=325) to work on /home/airflow/.local/lib/python3.7/site-packages/airflow/example_dags/example_trigger_target_dag.py
[2023-03-28 22:43:30,806] {processor.py:641} INFO - Processing file /home/airflow/.local/lib/python3.7/site-packages/airflow/example_dags/example_trigger_target_dag.py for tasks to queue
[2023-03-28 22:43:30,806] {logging_mixin.py:115} INFO - [2023-03-28 22:43:30,806] {dagbag.py:507} INFO - Filling up the DagBag from /home/airflow/.local/lib/python3.7/site-packages/airflow/example_dags/example_trigger_target_dag.py
[2023-03-28 22:43:30,820] {processor.py:651} INFO - DAG(s) dict_keys(['example_trigger_target_dag']) retrieved from /home/airflow/.local/lib/python3.7/site-packages/airflow/example_dags/example_trigger_target_dag.py
[2023-03-28 22:43:30,849] {logging_mixin.py:115} INFO - [2023-03-28 22:43:30,849] {dag.py:2371} INFO - Sync 1 DAGs
[2023-03-28 22:43:30,871] {logging_mixin.py:115} INFO - [2023-03-28 22:43:30,871] {dag.py:2919} INFO - Setting next_dagrun for example_trigger_target_dag to None, run_after=None
[2023-03-28 22:43:30,887] {processor.py:161} INFO - Processing /home/airflow/.local/lib/python3.7/site-packages/airflow/example_dags/example_trigger_target_dag.py took 0.085 seconds
[2023-03-28 22:44:01,329] {processor.py:153} INFO - Started process (PID=389) to work on /home/airflow/.local/lib/python3.7/site-packages/airflow/example_dags/example_trigger_target_dag.py
[2023-03-28 22:44:01,331] {processor.py:641} INFO - Processing file /home/airflow/.local/lib/python3.7/site-packages/airflow/example_dags/example_trigger_target_dag.py for tasks to queue
[2023-03-28 22:44:01,331] {logging_mixin.py:115} INFO - [2023-03-28 22:44:01,331] {dagbag.py:507} INFO - Filling up the DagBag from /home/airflow/.local/lib/python3.7/site-packages/airflow/example_dags/example_trigger_target_dag.py
[2023-03-28 22:44:01,351] {processor.py:651} INFO - DAG(s) dict_keys(['example_trigger_target_dag']) retrieved from /home/airflow/.local/lib/python3.7/site-packages/airflow/example_dags/example_trigger_target_dag.py
[2023-03-28 22:44:01,383] {logging_mixin.py:115} INFO - [2023-03-28 22:44:01,382] {dag.py:2371} INFO - Sync 1 DAGs
[2023-03-28 22:44:01,419] {logging_mixin.py:115} INFO - [2023-03-28 22:44:01,419] {dag.py:2919} INFO - Setting next_dagrun for example_trigger_target_dag to None, run_after=None
[2023-03-28 22:44:01,438] {processor.py:161} INFO - Processing /home/airflow/.local/lib/python3.7/site-packages/airflow/example_dags/example_trigger_target_dag.py took 0.113 seconds
[2023-03-28 22:44:32,379] {processor.py:153} INFO - Started process (PID=444) to work on /home/airflow/.local/lib/python3.7/site-packages/airflow/example_dags/example_trigger_target_dag.py
[2023-03-28 22:44:32,379] {processor.py:641} INFO - Processing file /home/airflow/.local/lib/python3.7/site-packages/airflow/example_dags/example_trigger_target_dag.py for tasks to queue
[2023-03-28 22:44:32,379] {logging_mixin.py:115} INFO - [2023-03-28 22:44:32,379] {dagbag.py:507} INFO - Filling up the DagBag from /home/airflow/.local/lib/python3.7/site-packages/airflow/example_dags/example_trigger_target_dag.py
[2023-03-28 22:44:32,390] {processor.py:651} INFO - DAG(s) dict_keys(['example_trigger_target_dag']) retrieved from /home/airflow/.local/lib/python3.7/site-packages/airflow/example_dags/example_trigger_target_dag.py
[2023-03-28 22:44:32,412] {logging_mixin.py:115} INFO - [2023-03-28 22:44:32,412] {dag.py:2371} INFO - Sync 1 DAGs
[2023-03-28 22:44:32,430] {logging_mixin.py:115} INFO - [2023-03-28 22:44:32,430] {dag.py:2919} INFO - Setting next_dagrun for example_trigger_target_dag to None, run_after=None
[2023-03-28 22:44:32,441] {processor.py:161} INFO - Processing /home/airflow/.local/lib/python3.7/site-packages/airflow/example_dags/example_trigger_target_dag.py took 0.065 seconds
[2023-03-28 22:45:03,362] {processor.py:153} INFO - Started process (PID=508) to work on /home/airflow/.local/lib/python3.7/site-packages/airflow/example_dags/example_trigger_target_dag.py
[2023-03-28 22:45:03,363] {processor.py:641} INFO - Processing file /home/airflow/.local/lib/python3.7/site-packages/airflow/example_dags/example_trigger_target_dag.py for tasks to queue
[2023-03-28 22:45:03,364] {logging_mixin.py:115} INFO - [2023-03-28 22:45:03,364] {dagbag.py:507} INFO - Filling up the DagBag from /home/airflow/.local/lib/python3.7/site-packages/airflow/example_dags/example_trigger_target_dag.py
[2023-03-28 22:45:03,374] {processor.py:651} INFO - DAG(s) dict_keys(['example_trigger_target_dag']) retrieved from /home/airflow/.local/lib/python3.7/site-packages/airflow/example_dags/example_trigger_target_dag.py
[2023-03-28 22:45:03,395] {logging_mixin.py:115} INFO - [2023-03-28 22:45:03,394] {dag.py:2371} INFO - Sync 1 DAGs
[2023-03-28 22:45:03,413] {logging_mixin.py:115} INFO - [2023-03-28 22:45:03,413] {dag.py:2919} INFO - Setting next_dagrun for example_trigger_target_dag to None, run_after=None
[2023-03-28 22:45:03,425] {processor.py:161} INFO - Processing /home/airflow/.local/lib/python3.7/site-packages/airflow/example_dags/example_trigger_target_dag.py took 0.065 seconds
[2023-03-28 22:45:33,539] {processor.py:153} INFO - Started process (PID=572) to work on /home/airflow/.local/lib/python3.7/site-packages/airflow/example_dags/example_trigger_target_dag.py
[2023-03-28 22:45:33,540] {processor.py:641} INFO - Processing file /home/airflow/.local/lib/python3.7/site-packages/airflow/example_dags/example_trigger_target_dag.py for tasks to queue
[2023-03-28 22:45:33,540] {logging_mixin.py:115} INFO - [2023-03-28 22:45:33,540] {dagbag.py:507} INFO - Filling up the DagBag from /home/airflow/.local/lib/python3.7/site-packages/airflow/example_dags/example_trigger_target_dag.py
[2023-03-28 22:45:33,556] {processor.py:651} INFO - DAG(s) dict_keys(['example_trigger_target_dag']) retrieved from /home/airflow/.local/lib/python3.7/site-packages/airflow/example_dags/example_trigger_target_dag.py
[2023-03-28 22:45:33,583] {logging_mixin.py:115} INFO - [2023-03-28 22:45:33,583] {dag.py:2371} INFO - Sync 1 DAGs
[2023-03-28 22:45:33,606] {logging_mixin.py:115} INFO - [2023-03-28 22:45:33,605] {dag.py:2919} INFO - Setting next_dagrun for example_trigger_target_dag to None, run_after=None
[2023-03-28 22:45:33,621] {processor.py:161} INFO - Processing /home/airflow/.local/lib/python3.7/site-packages/airflow/example_dags/example_trigger_target_dag.py took 0.084 seconds
[2023-03-28 22:46:03,681] {processor.py:153} INFO - Started process (PID=626) to work on /home/airflow/.local/lib/python3.7/site-packages/airflow/example_dags/example_trigger_target_dag.py
[2023-03-28 22:46:03,682] {processor.py:641} INFO - Processing file /home/airflow/.local/lib/python3.7/site-packages/airflow/example_dags/example_trigger_target_dag.py for tasks to queue
[2023-03-28 22:46:03,682] {logging_mixin.py:115} INFO - [2023-03-28 22:46:03,682] {dagbag.py:507} INFO - Filling up the DagBag from /home/airflow/.local/lib/python3.7/site-packages/airflow/example_dags/example_trigger_target_dag.py
[2023-03-28 22:46:03,693] {processor.py:651} INFO - DAG(s) dict_keys(['example_trigger_target_dag']) retrieved from /home/airflow/.local/lib/python3.7/site-packages/airflow/example_dags/example_trigger_target_dag.py
[2023-03-28 22:46:03,714] {logging_mixin.py:115} INFO - [2023-03-28 22:46:03,713] {dag.py:2371} INFO - Sync 1 DAGs
[2023-03-28 22:46:03,734] {logging_mixin.py:115} INFO - [2023-03-28 22:46:03,734] {dag.py:2919} INFO - Setting next_dagrun for example_trigger_target_dag to None, run_after=None
[2023-03-28 22:46:03,746] {processor.py:161} INFO - Processing /home/airflow/.local/lib/python3.7/site-packages/airflow/example_dags/example_trigger_target_dag.py took 0.067 seconds
[2023-03-28 22:46:33,782] {processor.py:153} INFO - Started process (PID=691) to work on /home/airflow/.local/lib/python3.7/site-packages/airflow/example_dags/example_trigger_target_dag.py
[2023-03-28 22:46:33,783] {processor.py:641} INFO - Processing file /home/airflow/.local/lib/python3.7/site-packages/airflow/example_dags/example_trigger_target_dag.py for tasks to queue
[2023-03-28 22:46:33,783] {logging_mixin.py:115} INFO - [2023-03-28 22:46:33,783] {dagbag.py:507} INFO - Filling up the DagBag from /home/airflow/.local/lib/python3.7/site-packages/airflow/example_dags/example_trigger_target_dag.py
[2023-03-28 22:46:33,793] {processor.py:651} INFO - DAG(s) dict_keys(['example_trigger_target_dag']) retrieved from /home/airflow/.local/lib/python3.7/site-packages/airflow/example_dags/example_trigger_target_dag.py
[2023-03-28 22:46:33,812] {logging_mixin.py:115} INFO - [2023-03-28 22:46:33,812] {dag.py:2371} INFO - Sync 1 DAGs
[2023-03-28 22:46:33,831] {logging_mixin.py:115} INFO - [2023-03-28 22:46:33,831] {dag.py:2919} INFO - Setting next_dagrun for example_trigger_target_dag to None, run_after=None
[2023-03-28 22:46:33,842] {processor.py:161} INFO - Processing /home/airflow/.local/lib/python3.7/site-packages/airflow/example_dags/example_trigger_target_dag.py took 0.061 seconds
[2023-03-28 22:47:04,077] {processor.py:153} INFO - Started process (PID=755) to work on /home/airflow/.local/lib/python3.7/site-packages/airflow/example_dags/example_trigger_target_dag.py
[2023-03-28 22:47:04,078] {processor.py:641} INFO - Processing file /home/airflow/.local/lib/python3.7/site-packages/airflow/example_dags/example_trigger_target_dag.py for tasks to queue
[2023-03-28 22:47:04,079] {logging_mixin.py:115} INFO - [2023-03-28 22:47:04,079] {dagbag.py:507} INFO - Filling up the DagBag from /home/airflow/.local/lib/python3.7/site-packages/airflow/example_dags/example_trigger_target_dag.py
[2023-03-28 22:47:04,096] {processor.py:651} INFO - DAG(s) dict_keys(['example_trigger_target_dag']) retrieved from /home/airflow/.local/lib/python3.7/site-packages/airflow/example_dags/example_trigger_target_dag.py
[2023-03-28 22:47:04,116] {logging_mixin.py:115} INFO - [2023-03-28 22:47:04,115] {dag.py:2371} INFO - Sync 1 DAGs
[2023-03-28 22:47:04,133] {logging_mixin.py:115} INFO - [2023-03-28 22:47:04,133] {dag.py:2919} INFO - Setting next_dagrun for example_trigger_target_dag to None, run_after=None
[2023-03-28 22:47:04,144] {processor.py:161} INFO - Processing /home/airflow/.local/lib/python3.7/site-packages/airflow/example_dags/example_trigger_target_dag.py took 0.070 seconds
[2023-03-28 22:48:15,724] {processor.py:153} INFO - Started process (PID=86) to work on /home/airflow/.local/lib/python3.7/site-packages/airflow/example_dags/example_trigger_target_dag.py
[2023-03-28 22:48:15,725] {processor.py:641} INFO - Processing file /home/airflow/.local/lib/python3.7/site-packages/airflow/example_dags/example_trigger_target_dag.py for tasks to queue
[2023-03-28 22:48:15,726] {logging_mixin.py:115} INFO - [2023-03-28 22:48:15,725] {dagbag.py:507} INFO - Filling up the DagBag from /home/airflow/.local/lib/python3.7/site-packages/airflow/example_dags/example_trigger_target_dag.py
[2023-03-28 22:48:15,742] {processor.py:651} INFO - DAG(s) dict_keys(['example_trigger_target_dag']) retrieved from /home/airflow/.local/lib/python3.7/site-packages/airflow/example_dags/example_trigger_target_dag.py
[2023-03-28 22:48:15,782] {logging_mixin.py:115} INFO - [2023-03-28 22:48:15,782] {dag.py:2371} INFO - Sync 1 DAGs
[2023-03-28 22:48:15,983] {logging_mixin.py:115} INFO - [2023-03-28 22:48:15,983] {dag.py:2919} INFO - Setting next_dagrun for example_trigger_target_dag to None, run_after=None
[2023-03-28 22:48:16,001] {processor.py:161} INFO - Processing /home/airflow/.local/lib/python3.7/site-packages/airflow/example_dags/example_trigger_target_dag.py took 0.280 seconds
[2023-03-28 22:48:46,407] {processor.py:153} INFO - Started process (PID=151) to work on /home/airflow/.local/lib/python3.7/site-packages/airflow/example_dags/example_trigger_target_dag.py
[2023-03-28 22:48:46,407] {processor.py:641} INFO - Processing file /home/airflow/.local/lib/python3.7/site-packages/airflow/example_dags/example_trigger_target_dag.py for tasks to queue
[2023-03-28 22:48:46,408] {logging_mixin.py:115} INFO - [2023-03-28 22:48:46,408] {dagbag.py:507} INFO - Filling up the DagBag from /home/airflow/.local/lib/python3.7/site-packages/airflow/example_dags/example_trigger_target_dag.py
[2023-03-28 22:48:46,420] {processor.py:651} INFO - DAG(s) dict_keys(['example_trigger_target_dag']) retrieved from /home/airflow/.local/lib/python3.7/site-packages/airflow/example_dags/example_trigger_target_dag.py
[2023-03-28 22:48:46,447] {logging_mixin.py:115} INFO - [2023-03-28 22:48:46,447] {dag.py:2371} INFO - Sync 1 DAGs
[2023-03-28 22:48:46,568] {logging_mixin.py:115} INFO - [2023-03-28 22:48:46,568] {dag.py:2919} INFO - Setting next_dagrun for example_trigger_target_dag to None, run_after=None
[2023-03-28 22:48:46,581] {processor.py:161} INFO - Processing /home/airflow/.local/lib/python3.7/site-packages/airflow/example_dags/example_trigger_target_dag.py took 0.176 seconds
[2023-03-28 22:49:17,271] {processor.py:153} INFO - Started process (PID=206) to work on /home/airflow/.local/lib/python3.7/site-packages/airflow/example_dags/example_trigger_target_dag.py
[2023-03-28 22:49:17,272] {processor.py:641} INFO - Processing file /home/airflow/.local/lib/python3.7/site-packages/airflow/example_dags/example_trigger_target_dag.py for tasks to queue
[2023-03-28 22:49:17,272] {logging_mixin.py:115} INFO - [2023-03-28 22:49:17,272] {dagbag.py:507} INFO - Filling up the DagBag from /home/airflow/.local/lib/python3.7/site-packages/airflow/example_dags/example_trigger_target_dag.py
[2023-03-28 22:49:17,284] {processor.py:651} INFO - DAG(s) dict_keys(['example_trigger_target_dag']) retrieved from /home/airflow/.local/lib/python3.7/site-packages/airflow/example_dags/example_trigger_target_dag.py
[2023-03-28 22:49:17,309] {logging_mixin.py:115} INFO - [2023-03-28 22:49:17,309] {dag.py:2371} INFO - Sync 1 DAGs
[2023-03-28 22:49:17,424] {logging_mixin.py:115} INFO - [2023-03-28 22:49:17,424] {dag.py:2919} INFO - Setting next_dagrun for example_trigger_target_dag to None, run_after=None
[2023-03-28 22:49:17,437] {processor.py:161} INFO - Processing /home/airflow/.local/lib/python3.7/site-packages/airflow/example_dags/example_trigger_target_dag.py took 0.168 seconds
[2023-03-28 22:49:47,857] {processor.py:153} INFO - Started process (PID=271) to work on /home/airflow/.local/lib/python3.7/site-packages/airflow/example_dags/example_trigger_target_dag.py
[2023-03-28 22:49:47,858] {processor.py:641} INFO - Processing file /home/airflow/.local/lib/python3.7/site-packages/airflow/example_dags/example_trigger_target_dag.py for tasks to queue
[2023-03-28 22:49:47,858] {logging_mixin.py:115} INFO - [2023-03-28 22:49:47,858] {dagbag.py:507} INFO - Filling up the DagBag from /home/airflow/.local/lib/python3.7/site-packages/airflow/example_dags/example_trigger_target_dag.py
[2023-03-28 22:49:47,869] {processor.py:651} INFO - DAG(s) dict_keys(['example_trigger_target_dag']) retrieved from /home/airflow/.local/lib/python3.7/site-packages/airflow/example_dags/example_trigger_target_dag.py
[2023-03-28 22:49:47,891] {logging_mixin.py:115} INFO - [2023-03-28 22:49:47,891] {dag.py:2371} INFO - Sync 1 DAGs
[2023-03-28 22:49:48,002] {logging_mixin.py:115} INFO - [2023-03-28 22:49:48,002] {dag.py:2919} INFO - Setting next_dagrun for example_trigger_target_dag to None, run_after=None
[2023-03-28 22:49:48,012] {processor.py:161} INFO - Processing /home/airflow/.local/lib/python3.7/site-packages/airflow/example_dags/example_trigger_target_dag.py took 0.157 seconds
[2023-03-28 22:50:20,805] {processor.py:153} INFO - Started process (PID=335) to work on /home/airflow/.local/lib/python3.7/site-packages/airflow/example_dags/example_trigger_target_dag.py
[2023-03-28 22:50:20,805] {processor.py:641} INFO - Processing file /home/airflow/.local/lib/python3.7/site-packages/airflow/example_dags/example_trigger_target_dag.py for tasks to queue
[2023-03-28 22:50:20,806] {logging_mixin.py:115} INFO - [2023-03-28 22:50:20,806] {dagbag.py:507} INFO - Filling up the DagBag from /home/airflow/.local/lib/python3.7/site-packages/airflow/example_dags/example_trigger_target_dag.py
[2023-03-28 22:50:20,819] {processor.py:651} INFO - DAG(s) dict_keys(['example_trigger_target_dag']) retrieved from /home/airflow/.local/lib/python3.7/site-packages/airflow/example_dags/example_trigger_target_dag.py
[2023-03-28 22:50:20,845] {logging_mixin.py:115} INFO - [2023-03-28 22:50:20,844] {dag.py:2371} INFO - Sync 1 DAGs
[2023-03-28 22:50:20,979] {logging_mixin.py:115} INFO - [2023-03-28 22:50:20,979] {dag.py:2919} INFO - Setting next_dagrun for example_trigger_target_dag to None, run_after=None
[2023-03-28 22:50:20,992] {processor.py:161} INFO - Processing /home/airflow/.local/lib/python3.7/site-packages/airflow/example_dags/example_trigger_target_dag.py took 0.189 seconds
[2023-03-28 22:50:51,510] {processor.py:153} INFO - Started process (PID=391) to work on /home/airflow/.local/lib/python3.7/site-packages/airflow/example_dags/example_trigger_target_dag.py
[2023-03-28 22:50:51,511] {processor.py:641} INFO - Processing file /home/airflow/.local/lib/python3.7/site-packages/airflow/example_dags/example_trigger_target_dag.py for tasks to queue
[2023-03-28 22:50:51,511] {logging_mixin.py:115} INFO - [2023-03-28 22:50:51,511] {dagbag.py:507} INFO - Filling up the DagBag from /home/airflow/.local/lib/python3.7/site-packages/airflow/example_dags/example_trigger_target_dag.py
[2023-03-28 22:50:51,524] {processor.py:651} INFO - DAG(s) dict_keys(['example_trigger_target_dag']) retrieved from /home/airflow/.local/lib/python3.7/site-packages/airflow/example_dags/example_trigger_target_dag.py
[2023-03-28 22:50:51,550] {logging_mixin.py:115} INFO - [2023-03-28 22:50:51,550] {dag.py:2371} INFO - Sync 1 DAGs
[2023-03-28 22:50:51,659] {logging_mixin.py:115} INFO - [2023-03-28 22:50:51,658] {dag.py:2919} INFO - Setting next_dagrun for example_trigger_target_dag to None, run_after=None
[2023-03-28 22:50:51,673] {processor.py:161} INFO - Processing /home/airflow/.local/lib/python3.7/site-packages/airflow/example_dags/example_trigger_target_dag.py took 0.165 seconds
[2023-03-28 22:52:17,471] {processor.py:153} INFO - Started process (PID=76) to work on /home/airflow/.local/lib/python3.7/site-packages/airflow/example_dags/example_trigger_target_dag.py
[2023-03-28 22:52:17,472] {processor.py:641} INFO - Processing file /home/airflow/.local/lib/python3.7/site-packages/airflow/example_dags/example_trigger_target_dag.py for tasks to queue
[2023-03-28 22:52:17,472] {logging_mixin.py:115} INFO - [2023-03-28 22:52:17,472] {dagbag.py:507} INFO - Filling up the DagBag from /home/airflow/.local/lib/python3.7/site-packages/airflow/example_dags/example_trigger_target_dag.py
[2023-03-28 22:52:17,484] {processor.py:651} INFO - DAG(s) dict_keys(['example_trigger_target_dag']) retrieved from /home/airflow/.local/lib/python3.7/site-packages/airflow/example_dags/example_trigger_target_dag.py
[2023-03-28 22:52:17,514] {logging_mixin.py:115} INFO - [2023-03-28 22:52:17,514] {dag.py:2371} INFO - Sync 1 DAGs
[2023-03-28 22:52:17,540] {logging_mixin.py:115} INFO - [2023-03-28 22:52:17,540] {dag.py:2919} INFO - Setting next_dagrun for example_trigger_target_dag to None, run_after=None
[2023-03-28 22:52:17,557] {processor.py:161} INFO - Processing /home/airflow/.local/lib/python3.7/site-packages/airflow/example_dags/example_trigger_target_dag.py took 0.089 seconds
[2023-03-28 22:52:47,623] {processor.py:153} INFO - Started process (PID=140) to work on /home/airflow/.local/lib/python3.7/site-packages/airflow/example_dags/example_trigger_target_dag.py
[2023-03-28 22:52:47,624] {processor.py:641} INFO - Processing file /home/airflow/.local/lib/python3.7/site-packages/airflow/example_dags/example_trigger_target_dag.py for tasks to queue
[2023-03-28 22:52:47,624] {logging_mixin.py:115} INFO - [2023-03-28 22:52:47,624] {dagbag.py:507} INFO - Filling up the DagBag from /home/airflow/.local/lib/python3.7/site-packages/airflow/example_dags/example_trigger_target_dag.py
[2023-03-28 22:52:47,635] {processor.py:651} INFO - DAG(s) dict_keys(['example_trigger_target_dag']) retrieved from /home/airflow/.local/lib/python3.7/site-packages/airflow/example_dags/example_trigger_target_dag.py
[2023-03-28 22:52:47,656] {logging_mixin.py:115} INFO - [2023-03-28 22:52:47,655] {dag.py:2371} INFO - Sync 1 DAGs
[2023-03-28 22:52:47,673] {logging_mixin.py:115} INFO - [2023-03-28 22:52:47,673] {dag.py:2919} INFO - Setting next_dagrun for example_trigger_target_dag to None, run_after=None
[2023-03-28 22:52:47,685] {processor.py:161} INFO - Processing /home/airflow/.local/lib/python3.7/site-packages/airflow/example_dags/example_trigger_target_dag.py took 0.064 seconds
[2023-03-28 22:53:18,327] {processor.py:153} INFO - Started process (PID=204) to work on /home/airflow/.local/lib/python3.7/site-packages/airflow/example_dags/example_trigger_target_dag.py
[2023-03-28 22:53:18,327] {processor.py:641} INFO - Processing file /home/airflow/.local/lib/python3.7/site-packages/airflow/example_dags/example_trigger_target_dag.py for tasks to queue
[2023-03-28 22:53:18,328] {logging_mixin.py:115} INFO - [2023-03-28 22:53:18,328] {dagbag.py:507} INFO - Filling up the DagBag from /home/airflow/.local/lib/python3.7/site-packages/airflow/example_dags/example_trigger_target_dag.py
[2023-03-28 22:53:18,340] {processor.py:651} INFO - DAG(s) dict_keys(['example_trigger_target_dag']) retrieved from /home/airflow/.local/lib/python3.7/site-packages/airflow/example_dags/example_trigger_target_dag.py
[2023-03-28 22:53:18,364] {logging_mixin.py:115} INFO - [2023-03-28 22:53:18,364] {dag.py:2371} INFO - Sync 1 DAGs
[2023-03-28 22:53:18,386] {logging_mixin.py:115} INFO - [2023-03-28 22:53:18,385] {dag.py:2919} INFO - Setting next_dagrun for example_trigger_target_dag to None, run_after=None
[2023-03-28 22:53:18,399] {processor.py:161} INFO - Processing /home/airflow/.local/lib/python3.7/site-packages/airflow/example_dags/example_trigger_target_dag.py took 0.075 seconds
[2023-03-28 22:53:48,462] {processor.py:153} INFO - Started process (PID=259) to work on /home/airflow/.local/lib/python3.7/site-packages/airflow/example_dags/example_trigger_target_dag.py
[2023-03-28 22:53:48,463] {processor.py:641} INFO - Processing file /home/airflow/.local/lib/python3.7/site-packages/airflow/example_dags/example_trigger_target_dag.py for tasks to queue
[2023-03-28 22:53:48,463] {logging_mixin.py:115} INFO - [2023-03-28 22:53:48,463] {dagbag.py:507} INFO - Filling up the DagBag from /home/airflow/.local/lib/python3.7/site-packages/airflow/example_dags/example_trigger_target_dag.py
[2023-03-28 22:53:48,478] {processor.py:651} INFO - DAG(s) dict_keys(['example_trigger_target_dag']) retrieved from /home/airflow/.local/lib/python3.7/site-packages/airflow/example_dags/example_trigger_target_dag.py
[2023-03-28 22:53:48,504] {logging_mixin.py:115} INFO - [2023-03-28 22:53:48,504] {dag.py:2371} INFO - Sync 1 DAGs
[2023-03-28 22:53:48,526] {logging_mixin.py:115} INFO - [2023-03-28 22:53:48,526] {dag.py:2919} INFO - Setting next_dagrun for example_trigger_target_dag to None, run_after=None
[2023-03-28 22:53:48,540] {processor.py:161} INFO - Processing /home/airflow/.local/lib/python3.7/site-packages/airflow/example_dags/example_trigger_target_dag.py took 0.081 seconds
