[2023-03-28 22:23:49,998] {processor.py:153} INFO - Started process (PID=2356) to work on /home/airflow/.local/lib/python3.7/site-packages/airflow/example_dags/example_latest_only.py
[2023-03-28 22:23:49,999] {processor.py:641} INFO - Processing file /home/airflow/.local/lib/python3.7/site-packages/airflow/example_dags/example_latest_only.py for tasks to queue
[2023-03-28 22:23:49,999] {logging_mixin.py:115} INFO - [2023-03-28 22:23:49,999] {dagbag.py:507} INFO - Filling up the DagBag from /home/airflow/.local/lib/python3.7/site-packages/airflow/example_dags/example_latest_only.py
[2023-03-28 22:23:50,003] {processor.py:651} INFO - DAG(s) dict_keys(['latest_only']) retrieved from /home/airflow/.local/lib/python3.7/site-packages/airflow/example_dags/example_latest_only.py
[2023-03-28 22:23:50,025] {logging_mixin.py:115} INFO - [2023-03-28 22:23:50,025] {dag.py:2371} INFO - Sync 1 DAGs
[2023-03-28 22:23:50,045] {logging_mixin.py:115} INFO - [2023-03-28 22:23:50,045] {dag.py:2919} INFO - Setting next_dagrun for latest_only to 2023-03-28T18:23:50.044822+00:00, run_after=2023-03-28T22:23:50.044822+00:00
[2023-03-28 22:23:50,058] {processor.py:161} INFO - Processing /home/airflow/.local/lib/python3.7/site-packages/airflow/example_dags/example_latest_only.py took 0.062 seconds
[2023-03-28 22:24:20,944] {processor.py:153} INFO - Started process (PID=2411) to work on /home/airflow/.local/lib/python3.7/site-packages/airflow/example_dags/example_latest_only.py
[2023-03-28 22:24:20,945] {processor.py:641} INFO - Processing file /home/airflow/.local/lib/python3.7/site-packages/airflow/example_dags/example_latest_only.py for tasks to queue
[2023-03-28 22:24:20,945] {logging_mixin.py:115} INFO - [2023-03-28 22:24:20,945] {dagbag.py:507} INFO - Filling up the DagBag from /home/airflow/.local/lib/python3.7/site-packages/airflow/example_dags/example_latest_only.py
[2023-03-28 22:24:20,949] {processor.py:651} INFO - DAG(s) dict_keys(['latest_only']) retrieved from /home/airflow/.local/lib/python3.7/site-packages/airflow/example_dags/example_latest_only.py
[2023-03-28 22:24:20,971] {logging_mixin.py:115} INFO - [2023-03-28 22:24:20,971] {dag.py:2371} INFO - Sync 1 DAGs
[2023-03-28 22:24:20,991] {logging_mixin.py:115} INFO - [2023-03-28 22:24:20,991] {dag.py:2919} INFO - Setting next_dagrun for latest_only to 2023-03-28T18:24:20.991655+00:00, run_after=2023-03-28T22:24:20.991655+00:00
[2023-03-28 22:24:21,004] {processor.py:161} INFO - Processing /home/airflow/.local/lib/python3.7/site-packages/airflow/example_dags/example_latest_only.py took 0.062 seconds
[2023-03-28 22:24:51,529] {processor.py:153} INFO - Started process (PID=2475) to work on /home/airflow/.local/lib/python3.7/site-packages/airflow/example_dags/example_latest_only.py
[2023-03-28 22:24:51,529] {processor.py:641} INFO - Processing file /home/airflow/.local/lib/python3.7/site-packages/airflow/example_dags/example_latest_only.py for tasks to queue
[2023-03-28 22:24:51,530] {logging_mixin.py:115} INFO - [2023-03-28 22:24:51,530] {dagbag.py:507} INFO - Filling up the DagBag from /home/airflow/.local/lib/python3.7/site-packages/airflow/example_dags/example_latest_only.py
[2023-03-28 22:24:51,534] {processor.py:651} INFO - DAG(s) dict_keys(['latest_only']) retrieved from /home/airflow/.local/lib/python3.7/site-packages/airflow/example_dags/example_latest_only.py
[2023-03-28 22:24:51,554] {logging_mixin.py:115} INFO - [2023-03-28 22:24:51,554] {dag.py:2371} INFO - Sync 1 DAGs
[2023-03-28 22:24:51,573] {logging_mixin.py:115} INFO - [2023-03-28 22:24:51,573] {dag.py:2919} INFO - Setting next_dagrun for latest_only to 2023-03-28T18:24:51.573353+00:00, run_after=2023-03-28T22:24:51.573353+00:00
[2023-03-28 22:24:51,586] {processor.py:161} INFO - Processing /home/airflow/.local/lib/python3.7/site-packages/airflow/example_dags/example_latest_only.py took 0.059 seconds
[2023-03-28 22:25:22,445] {processor.py:153} INFO - Started process (PID=2539) to work on /home/airflow/.local/lib/python3.7/site-packages/airflow/example_dags/example_latest_only.py
[2023-03-28 22:25:22,445] {processor.py:641} INFO - Processing file /home/airflow/.local/lib/python3.7/site-packages/airflow/example_dags/example_latest_only.py for tasks to queue
[2023-03-28 22:25:22,446] {logging_mixin.py:115} INFO - [2023-03-28 22:25:22,446] {dagbag.py:507} INFO - Filling up the DagBag from /home/airflow/.local/lib/python3.7/site-packages/airflow/example_dags/example_latest_only.py
[2023-03-28 22:25:22,449] {processor.py:651} INFO - DAG(s) dict_keys(['latest_only']) retrieved from /home/airflow/.local/lib/python3.7/site-packages/airflow/example_dags/example_latest_only.py
[2023-03-28 22:25:22,470] {logging_mixin.py:115} INFO - [2023-03-28 22:25:22,470] {dag.py:2371} INFO - Sync 1 DAGs
[2023-03-28 22:25:22,490] {logging_mixin.py:115} INFO - [2023-03-28 22:25:22,490] {dag.py:2919} INFO - Setting next_dagrun for latest_only to 2023-03-28T18:25:22.489888+00:00, run_after=2023-03-28T22:25:22.489888+00:00
[2023-03-28 22:25:22,504] {processor.py:161} INFO - Processing /home/airflow/.local/lib/python3.7/site-packages/airflow/example_dags/example_latest_only.py took 0.061 seconds
[2023-03-28 22:25:53,384] {processor.py:153} INFO - Started process (PID=2594) to work on /home/airflow/.local/lib/python3.7/site-packages/airflow/example_dags/example_latest_only.py
[2023-03-28 22:25:53,385] {processor.py:641} INFO - Processing file /home/airflow/.local/lib/python3.7/site-packages/airflow/example_dags/example_latest_only.py for tasks to queue
[2023-03-28 22:25:53,386] {logging_mixin.py:115} INFO - [2023-03-28 22:25:53,386] {dagbag.py:507} INFO - Filling up the DagBag from /home/airflow/.local/lib/python3.7/site-packages/airflow/example_dags/example_latest_only.py
[2023-03-28 22:25:53,391] {processor.py:651} INFO - DAG(s) dict_keys(['latest_only']) retrieved from /home/airflow/.local/lib/python3.7/site-packages/airflow/example_dags/example_latest_only.py
[2023-03-28 22:25:53,416] {logging_mixin.py:115} INFO - [2023-03-28 22:25:53,415] {dag.py:2371} INFO - Sync 1 DAGs
[2023-03-28 22:25:53,437] {logging_mixin.py:115} INFO - [2023-03-28 22:25:53,436] {dag.py:2919} INFO - Setting next_dagrun for latest_only to 2023-03-28T18:25:53.436739+00:00, run_after=2023-03-28T22:25:53.436739+00:00
[2023-03-28 22:25:53,451] {processor.py:161} INFO - Processing /home/airflow/.local/lib/python3.7/site-packages/airflow/example_dags/example_latest_only.py took 0.069 seconds
[2023-03-28 22:26:24,224] {processor.py:153} INFO - Started process (PID=2659) to work on /home/airflow/.local/lib/python3.7/site-packages/airflow/example_dags/example_latest_only.py
[2023-03-28 22:26:24,224] {processor.py:641} INFO - Processing file /home/airflow/.local/lib/python3.7/site-packages/airflow/example_dags/example_latest_only.py for tasks to queue
[2023-03-28 22:26:24,225] {logging_mixin.py:115} INFO - [2023-03-28 22:26:24,224] {dagbag.py:507} INFO - Filling up the DagBag from /home/airflow/.local/lib/python3.7/site-packages/airflow/example_dags/example_latest_only.py
[2023-03-28 22:26:24,228] {processor.py:651} INFO - DAG(s) dict_keys(['latest_only']) retrieved from /home/airflow/.local/lib/python3.7/site-packages/airflow/example_dags/example_latest_only.py
[2023-03-28 22:26:24,249] {logging_mixin.py:115} INFO - [2023-03-28 22:26:24,249] {dag.py:2371} INFO - Sync 1 DAGs
[2023-03-28 22:26:24,268] {logging_mixin.py:115} INFO - [2023-03-28 22:26:24,268] {dag.py:2919} INFO - Setting next_dagrun for latest_only to 2023-03-28T18:26:24.268195+00:00, run_after=2023-03-28T22:26:24.268195+00:00
[2023-03-28 22:26:24,280] {processor.py:161} INFO - Processing /home/airflow/.local/lib/python3.7/site-packages/airflow/example_dags/example_latest_only.py took 0.058 seconds
[2023-03-28 22:26:54,428] {processor.py:153} INFO - Started process (PID=2723) to work on /home/airflow/.local/lib/python3.7/site-packages/airflow/example_dags/example_latest_only.py
[2023-03-28 22:26:54,429] {processor.py:641} INFO - Processing file /home/airflow/.local/lib/python3.7/site-packages/airflow/example_dags/example_latest_only.py for tasks to queue
[2023-03-28 22:26:54,429] {logging_mixin.py:115} INFO - [2023-03-28 22:26:54,429] {dagbag.py:507} INFO - Filling up the DagBag from /home/airflow/.local/lib/python3.7/site-packages/airflow/example_dags/example_latest_only.py
[2023-03-28 22:26:54,433] {processor.py:651} INFO - DAG(s) dict_keys(['latest_only']) retrieved from /home/airflow/.local/lib/python3.7/site-packages/airflow/example_dags/example_latest_only.py
[2023-03-28 22:26:54,454] {logging_mixin.py:115} INFO - [2023-03-28 22:26:54,454] {dag.py:2371} INFO - Sync 1 DAGs
[2023-03-28 22:26:54,475] {logging_mixin.py:115} INFO - [2023-03-28 22:26:54,475] {dag.py:2919} INFO - Setting next_dagrun for latest_only to 2023-03-28T18:26:54.474836+00:00, run_after=2023-03-28T22:26:54.474836+00:00
[2023-03-28 22:26:54,487] {processor.py:161} INFO - Processing /home/airflow/.local/lib/python3.7/site-packages/airflow/example_dags/example_latest_only.py took 0.062 seconds
[2023-03-28 22:27:25,136] {processor.py:153} INFO - Started process (PID=2789) to work on /home/airflow/.local/lib/python3.7/site-packages/airflow/example_dags/example_latest_only.py
[2023-03-28 22:27:25,136] {processor.py:641} INFO - Processing file /home/airflow/.local/lib/python3.7/site-packages/airflow/example_dags/example_latest_only.py for tasks to queue
[2023-03-28 22:27:25,137] {logging_mixin.py:115} INFO - [2023-03-28 22:27:25,137] {dagbag.py:507} INFO - Filling up the DagBag from /home/airflow/.local/lib/python3.7/site-packages/airflow/example_dags/example_latest_only.py
[2023-03-28 22:27:25,140] {processor.py:651} INFO - DAG(s) dict_keys(['latest_only']) retrieved from /home/airflow/.local/lib/python3.7/site-packages/airflow/example_dags/example_latest_only.py
[2023-03-28 22:27:25,163] {logging_mixin.py:115} INFO - [2023-03-28 22:27:25,163] {dag.py:2371} INFO - Sync 1 DAGs
[2023-03-28 22:27:25,182] {logging_mixin.py:115} INFO - [2023-03-28 22:27:25,182] {dag.py:2919} INFO - Setting next_dagrun for latest_only to 2023-03-28T18:27:25.182096+00:00, run_after=2023-03-28T22:27:25.182096+00:00
[2023-03-28 22:27:25,195] {processor.py:161} INFO - Processing /home/airflow/.local/lib/python3.7/site-packages/airflow/example_dags/example_latest_only.py took 0.061 seconds
[2023-03-28 22:27:55,731] {processor.py:153} INFO - Started process (PID=2844) to work on /home/airflow/.local/lib/python3.7/site-packages/airflow/example_dags/example_latest_only.py
[2023-03-28 22:27:55,732] {processor.py:641} INFO - Processing file /home/airflow/.local/lib/python3.7/site-packages/airflow/example_dags/example_latest_only.py for tasks to queue
[2023-03-28 22:27:55,732] {logging_mixin.py:115} INFO - [2023-03-28 22:27:55,732] {dagbag.py:507} INFO - Filling up the DagBag from /home/airflow/.local/lib/python3.7/site-packages/airflow/example_dags/example_latest_only.py
[2023-03-28 22:27:55,737] {processor.py:651} INFO - DAG(s) dict_keys(['latest_only']) retrieved from /home/airflow/.local/lib/python3.7/site-packages/airflow/example_dags/example_latest_only.py
[2023-03-28 22:27:55,759] {logging_mixin.py:115} INFO - [2023-03-28 22:27:55,759] {dag.py:2371} INFO - Sync 1 DAGs
[2023-03-28 22:27:55,777] {logging_mixin.py:115} INFO - [2023-03-28 22:27:55,777] {dag.py:2919} INFO - Setting next_dagrun for latest_only to 2023-03-28T18:27:55.777709+00:00, run_after=2023-03-28T22:27:55.777709+00:00
[2023-03-28 22:27:55,790] {processor.py:161} INFO - Processing /home/airflow/.local/lib/python3.7/site-packages/airflow/example_dags/example_latest_only.py took 0.061 seconds
[2023-03-28 22:28:26,542] {processor.py:153} INFO - Started process (PID=2908) to work on /home/airflow/.local/lib/python3.7/site-packages/airflow/example_dags/example_latest_only.py
[2023-03-28 22:28:26,543] {processor.py:641} INFO - Processing file /home/airflow/.local/lib/python3.7/site-packages/airflow/example_dags/example_latest_only.py for tasks to queue
[2023-03-28 22:28:26,543] {logging_mixin.py:115} INFO - [2023-03-28 22:28:26,543] {dagbag.py:507} INFO - Filling up the DagBag from /home/airflow/.local/lib/python3.7/site-packages/airflow/example_dags/example_latest_only.py
[2023-03-28 22:28:26,546] {processor.py:651} INFO - DAG(s) dict_keys(['latest_only']) retrieved from /home/airflow/.local/lib/python3.7/site-packages/airflow/example_dags/example_latest_only.py
[2023-03-28 22:28:26,568] {logging_mixin.py:115} INFO - [2023-03-28 22:28:26,568] {dag.py:2371} INFO - Sync 1 DAGs
[2023-03-28 22:28:26,587] {logging_mixin.py:115} INFO - [2023-03-28 22:28:26,586] {dag.py:2919} INFO - Setting next_dagrun for latest_only to 2023-03-28T18:28:26.586745+00:00, run_after=2023-03-28T22:28:26.586745+00:00
[2023-03-28 22:28:26,598] {processor.py:161} INFO - Processing /home/airflow/.local/lib/python3.7/site-packages/airflow/example_dags/example_latest_only.py took 0.057 seconds
[2023-03-28 22:28:56,837] {processor.py:153} INFO - Started process (PID=2972) to work on /home/airflow/.local/lib/python3.7/site-packages/airflow/example_dags/example_latest_only.py
[2023-03-28 22:28:56,838] {processor.py:641} INFO - Processing file /home/airflow/.local/lib/python3.7/site-packages/airflow/example_dags/example_latest_only.py for tasks to queue
[2023-03-28 22:28:56,838] {logging_mixin.py:115} INFO - [2023-03-28 22:28:56,838] {dagbag.py:507} INFO - Filling up the DagBag from /home/airflow/.local/lib/python3.7/site-packages/airflow/example_dags/example_latest_only.py
[2023-03-28 22:28:56,842] {processor.py:651} INFO - DAG(s) dict_keys(['latest_only']) retrieved from /home/airflow/.local/lib/python3.7/site-packages/airflow/example_dags/example_latest_only.py
[2023-03-28 22:28:56,864] {logging_mixin.py:115} INFO - [2023-03-28 22:28:56,864] {dag.py:2371} INFO - Sync 1 DAGs
[2023-03-28 22:28:56,885] {logging_mixin.py:115} INFO - [2023-03-28 22:28:56,884] {dag.py:2919} INFO - Setting next_dagrun for latest_only to 2023-03-28T18:28:56.884792+00:00, run_after=2023-03-28T22:28:56.884792+00:00
[2023-03-28 22:28:56,897] {processor.py:161} INFO - Processing /home/airflow/.local/lib/python3.7/site-packages/airflow/example_dags/example_latest_only.py took 0.062 seconds
[2023-03-28 22:29:27,590] {processor.py:153} INFO - Started process (PID=3027) to work on /home/airflow/.local/lib/python3.7/site-packages/airflow/example_dags/example_latest_only.py
[2023-03-28 22:29:27,590] {processor.py:641} INFO - Processing file /home/airflow/.local/lib/python3.7/site-packages/airflow/example_dags/example_latest_only.py for tasks to queue
[2023-03-28 22:29:27,590] {logging_mixin.py:115} INFO - [2023-03-28 22:29:27,590] {dagbag.py:507} INFO - Filling up the DagBag from /home/airflow/.local/lib/python3.7/site-packages/airflow/example_dags/example_latest_only.py
[2023-03-28 22:29:27,593] {processor.py:651} INFO - DAG(s) dict_keys(['latest_only']) retrieved from /home/airflow/.local/lib/python3.7/site-packages/airflow/example_dags/example_latest_only.py
[2023-03-28 22:29:27,614] {logging_mixin.py:115} INFO - [2023-03-28 22:29:27,613] {dag.py:2371} INFO - Sync 1 DAGs
[2023-03-28 22:29:27,633] {logging_mixin.py:115} INFO - [2023-03-28 22:29:27,633] {dag.py:2919} INFO - Setting next_dagrun for latest_only to 2023-03-28T18:29:27.632965+00:00, run_after=2023-03-28T22:29:27.632965+00:00
[2023-03-28 22:29:27,646] {processor.py:161} INFO - Processing /home/airflow/.local/lib/python3.7/site-packages/airflow/example_dags/example_latest_only.py took 0.058 seconds
[2023-03-28 22:29:58,670] {processor.py:153} INFO - Started process (PID=3091) to work on /home/airflow/.local/lib/python3.7/site-packages/airflow/example_dags/example_latest_only.py
[2023-03-28 22:29:58,671] {processor.py:641} INFO - Processing file /home/airflow/.local/lib/python3.7/site-packages/airflow/example_dags/example_latest_only.py for tasks to queue
[2023-03-28 22:29:58,672] {logging_mixin.py:115} INFO - [2023-03-28 22:29:58,672] {dagbag.py:507} INFO - Filling up the DagBag from /home/airflow/.local/lib/python3.7/site-packages/airflow/example_dags/example_latest_only.py
[2023-03-28 22:29:58,675] {processor.py:651} INFO - DAG(s) dict_keys(['latest_only']) retrieved from /home/airflow/.local/lib/python3.7/site-packages/airflow/example_dags/example_latest_only.py
[2023-03-28 22:29:58,696] {logging_mixin.py:115} INFO - [2023-03-28 22:29:58,696] {dag.py:2371} INFO - Sync 1 DAGs
[2023-03-28 22:29:58,714] {logging_mixin.py:115} INFO - [2023-03-28 22:29:58,714] {dag.py:2919} INFO - Setting next_dagrun for latest_only to 2023-03-28T18:29:58.713935+00:00, run_after=2023-03-28T22:29:58.713935+00:00
[2023-03-28 22:29:58,726] {processor.py:161} INFO - Processing /home/airflow/.local/lib/python3.7/site-packages/airflow/example_dags/example_latest_only.py took 0.058 seconds
[2023-03-28 22:30:29,122] {processor.py:153} INFO - Started process (PID=3155) to work on /home/airflow/.local/lib/python3.7/site-packages/airflow/example_dags/example_latest_only.py
[2023-03-28 22:30:29,123] {processor.py:641} INFO - Processing file /home/airflow/.local/lib/python3.7/site-packages/airflow/example_dags/example_latest_only.py for tasks to queue
[2023-03-28 22:30:29,123] {logging_mixin.py:115} INFO - [2023-03-28 22:30:29,123] {dagbag.py:507} INFO - Filling up the DagBag from /home/airflow/.local/lib/python3.7/site-packages/airflow/example_dags/example_latest_only.py
[2023-03-28 22:30:29,126] {processor.py:651} INFO - DAG(s) dict_keys(['latest_only']) retrieved from /home/airflow/.local/lib/python3.7/site-packages/airflow/example_dags/example_latest_only.py
[2023-03-28 22:30:29,146] {logging_mixin.py:115} INFO - [2023-03-28 22:30:29,146] {dag.py:2371} INFO - Sync 1 DAGs
[2023-03-28 22:30:29,164] {logging_mixin.py:115} INFO - [2023-03-28 22:30:29,164] {dag.py:2919} INFO - Setting next_dagrun for latest_only to 2023-03-28T18:30:29.163997+00:00, run_after=2023-03-28T22:30:29.163997+00:00
[2023-03-28 22:30:29,176] {processor.py:161} INFO - Processing /home/airflow/.local/lib/python3.7/site-packages/airflow/example_dags/example_latest_only.py took 0.055 seconds
[2023-03-28 22:30:59,334] {processor.py:153} INFO - Started process (PID=3210) to work on /home/airflow/.local/lib/python3.7/site-packages/airflow/example_dags/example_latest_only.py
[2023-03-28 22:30:59,335] {processor.py:641} INFO - Processing file /home/airflow/.local/lib/python3.7/site-packages/airflow/example_dags/example_latest_only.py for tasks to queue
[2023-03-28 22:30:59,335] {logging_mixin.py:115} INFO - [2023-03-28 22:30:59,335] {dagbag.py:507} INFO - Filling up the DagBag from /home/airflow/.local/lib/python3.7/site-packages/airflow/example_dags/example_latest_only.py
[2023-03-28 22:30:59,338] {processor.py:651} INFO - DAG(s) dict_keys(['latest_only']) retrieved from /home/airflow/.local/lib/python3.7/site-packages/airflow/example_dags/example_latest_only.py
[2023-03-28 22:30:59,361] {logging_mixin.py:115} INFO - [2023-03-28 22:30:59,361] {dag.py:2371} INFO - Sync 1 DAGs
[2023-03-28 22:30:59,380] {logging_mixin.py:115} INFO - [2023-03-28 22:30:59,380] {dag.py:2919} INFO - Setting next_dagrun for latest_only to 2023-03-28T18:30:59.380561+00:00, run_after=2023-03-28T22:30:59.380561+00:00
[2023-03-28 22:30:59,392] {processor.py:161} INFO - Processing /home/airflow/.local/lib/python3.7/site-packages/airflow/example_dags/example_latest_only.py took 0.060 seconds
[2023-03-28 22:31:29,584] {processor.py:153} INFO - Started process (PID=3274) to work on /home/airflow/.local/lib/python3.7/site-packages/airflow/example_dags/example_latest_only.py
[2023-03-28 22:31:29,585] {processor.py:641} INFO - Processing file /home/airflow/.local/lib/python3.7/site-packages/airflow/example_dags/example_latest_only.py for tasks to queue
[2023-03-28 22:31:29,585] {logging_mixin.py:115} INFO - [2023-03-28 22:31:29,585] {dagbag.py:507} INFO - Filling up the DagBag from /home/airflow/.local/lib/python3.7/site-packages/airflow/example_dags/example_latest_only.py
[2023-03-28 22:31:29,589] {processor.py:651} INFO - DAG(s) dict_keys(['latest_only']) retrieved from /home/airflow/.local/lib/python3.7/site-packages/airflow/example_dags/example_latest_only.py
[2023-03-28 22:31:29,610] {logging_mixin.py:115} INFO - [2023-03-28 22:31:29,610] {dag.py:2371} INFO - Sync 1 DAGs
[2023-03-28 22:31:29,629] {logging_mixin.py:115} INFO - [2023-03-28 22:31:29,629] {dag.py:2919} INFO - Setting next_dagrun for latest_only to 2023-03-28T18:31:29.629065+00:00, run_after=2023-03-28T22:31:29.629065+00:00
[2023-03-28 22:31:29,642] {processor.py:161} INFO - Processing /home/airflow/.local/lib/python3.7/site-packages/airflow/example_dags/example_latest_only.py took 0.060 seconds
[2023-03-28 22:32:00,043] {processor.py:153} INFO - Started process (PID=3338) to work on /home/airflow/.local/lib/python3.7/site-packages/airflow/example_dags/example_latest_only.py
[2023-03-28 22:32:00,044] {processor.py:641} INFO - Processing file /home/airflow/.local/lib/python3.7/site-packages/airflow/example_dags/example_latest_only.py for tasks to queue
[2023-03-28 22:32:00,044] {logging_mixin.py:115} INFO - [2023-03-28 22:32:00,044] {dagbag.py:507} INFO - Filling up the DagBag from /home/airflow/.local/lib/python3.7/site-packages/airflow/example_dags/example_latest_only.py
[2023-03-28 22:32:00,047] {processor.py:651} INFO - DAG(s) dict_keys(['latest_only']) retrieved from /home/airflow/.local/lib/python3.7/site-packages/airflow/example_dags/example_latest_only.py
[2023-03-28 22:32:00,070] {logging_mixin.py:115} INFO - [2023-03-28 22:32:00,070] {dag.py:2371} INFO - Sync 1 DAGs
[2023-03-28 22:32:00,090] {logging_mixin.py:115} INFO - [2023-03-28 22:32:00,090] {dag.py:2919} INFO - Setting next_dagrun for latest_only to 2023-03-28T18:32:00.090342+00:00, run_after=2023-03-28T22:32:00.090342+00:00
[2023-03-28 22:32:00,102] {processor.py:161} INFO - Processing /home/airflow/.local/lib/python3.7/site-packages/airflow/example_dags/example_latest_only.py took 0.060 seconds
[2023-03-28 22:32:30,497] {processor.py:153} INFO - Started process (PID=3393) to work on /home/airflow/.local/lib/python3.7/site-packages/airflow/example_dags/example_latest_only.py
[2023-03-28 22:32:30,498] {processor.py:641} INFO - Processing file /home/airflow/.local/lib/python3.7/site-packages/airflow/example_dags/example_latest_only.py for tasks to queue
[2023-03-28 22:32:30,498] {logging_mixin.py:115} INFO - [2023-03-28 22:32:30,498] {dagbag.py:507} INFO - Filling up the DagBag from /home/airflow/.local/lib/python3.7/site-packages/airflow/example_dags/example_latest_only.py
[2023-03-28 22:32:30,502] {processor.py:651} INFO - DAG(s) dict_keys(['latest_only']) retrieved from /home/airflow/.local/lib/python3.7/site-packages/airflow/example_dags/example_latest_only.py
[2023-03-28 22:32:30,531] {logging_mixin.py:115} INFO - [2023-03-28 22:32:30,531] {dag.py:2371} INFO - Sync 1 DAGs
[2023-03-28 22:32:30,550] {logging_mixin.py:115} INFO - [2023-03-28 22:32:30,549] {dag.py:2919} INFO - Setting next_dagrun for latest_only to 2023-03-28T18:32:30.549799+00:00, run_after=2023-03-28T22:32:30.549799+00:00
[2023-03-28 22:32:30,561] {processor.py:161} INFO - Processing /home/airflow/.local/lib/python3.7/site-packages/airflow/example_dags/example_latest_only.py took 0.067 seconds
[2023-03-28 22:33:00,735] {processor.py:153} INFO - Started process (PID=3457) to work on /home/airflow/.local/lib/python3.7/site-packages/airflow/example_dags/example_latest_only.py
[2023-03-28 22:33:00,735] {processor.py:641} INFO - Processing file /home/airflow/.local/lib/python3.7/site-packages/airflow/example_dags/example_latest_only.py for tasks to queue
[2023-03-28 22:33:00,735] {logging_mixin.py:115} INFO - [2023-03-28 22:33:00,735] {dagbag.py:507} INFO - Filling up the DagBag from /home/airflow/.local/lib/python3.7/site-packages/airflow/example_dags/example_latest_only.py
[2023-03-28 22:33:00,739] {processor.py:651} INFO - DAG(s) dict_keys(['latest_only']) retrieved from /home/airflow/.local/lib/python3.7/site-packages/airflow/example_dags/example_latest_only.py
[2023-03-28 22:33:00,762] {logging_mixin.py:115} INFO - [2023-03-28 22:33:00,762] {dag.py:2371} INFO - Sync 1 DAGs
[2023-03-28 22:33:00,782] {logging_mixin.py:115} INFO - [2023-03-28 22:33:00,782] {dag.py:2919} INFO - Setting next_dagrun for latest_only to 2023-03-28T18:33:00.781835+00:00, run_after=2023-03-28T22:33:00.781835+00:00
[2023-03-28 22:33:00,795] {processor.py:161} INFO - Processing /home/airflow/.local/lib/python3.7/site-packages/airflow/example_dags/example_latest_only.py took 0.063 seconds
[2023-03-28 22:33:31,172] {processor.py:153} INFO - Started process (PID=3521) to work on /home/airflow/.local/lib/python3.7/site-packages/airflow/example_dags/example_latest_only.py
[2023-03-28 22:33:31,173] {processor.py:641} INFO - Processing file /home/airflow/.local/lib/python3.7/site-packages/airflow/example_dags/example_latest_only.py for tasks to queue
[2023-03-28 22:33:31,173] {logging_mixin.py:115} INFO - [2023-03-28 22:33:31,173] {dagbag.py:507} INFO - Filling up the DagBag from /home/airflow/.local/lib/python3.7/site-packages/airflow/example_dags/example_latest_only.py
[2023-03-28 22:33:31,176] {processor.py:651} INFO - DAG(s) dict_keys(['latest_only']) retrieved from /home/airflow/.local/lib/python3.7/site-packages/airflow/example_dags/example_latest_only.py
[2023-03-28 22:33:31,198] {logging_mixin.py:115} INFO - [2023-03-28 22:33:31,198] {dag.py:2371} INFO - Sync 1 DAGs
[2023-03-28 22:33:31,217] {logging_mixin.py:115} INFO - [2023-03-28 22:33:31,217] {dag.py:2919} INFO - Setting next_dagrun for latest_only to 2023-03-28T18:33:31.217267+00:00, run_after=2023-03-28T22:33:31.217267+00:00
[2023-03-28 22:33:31,229] {processor.py:161} INFO - Processing /home/airflow/.local/lib/python3.7/site-packages/airflow/example_dags/example_latest_only.py took 0.060 seconds
[2023-03-28 22:34:01,631] {processor.py:153} INFO - Started process (PID=3583) to work on /home/airflow/.local/lib/python3.7/site-packages/airflow/example_dags/example_latest_only.py
[2023-03-28 22:34:01,631] {processor.py:641} INFO - Processing file /home/airflow/.local/lib/python3.7/site-packages/airflow/example_dags/example_latest_only.py for tasks to queue
[2023-03-28 22:34:01,631] {logging_mixin.py:115} INFO - [2023-03-28 22:34:01,631] {dagbag.py:507} INFO - Filling up the DagBag from /home/airflow/.local/lib/python3.7/site-packages/airflow/example_dags/example_latest_only.py
[2023-03-28 22:34:01,635] {processor.py:651} INFO - DAG(s) dict_keys(['latest_only']) retrieved from /home/airflow/.local/lib/python3.7/site-packages/airflow/example_dags/example_latest_only.py
[2023-03-28 22:34:01,657] {logging_mixin.py:115} INFO - [2023-03-28 22:34:01,657] {dag.py:2371} INFO - Sync 1 DAGs
[2023-03-28 22:34:01,677] {logging_mixin.py:115} INFO - [2023-03-28 22:34:01,677] {dag.py:2919} INFO - Setting next_dagrun for latest_only to 2023-03-28T18:34:01.677433+00:00, run_after=2023-03-28T22:34:01.677433+00:00
[2023-03-28 22:34:01,691] {processor.py:161} INFO - Processing /home/airflow/.local/lib/python3.7/site-packages/airflow/example_dags/example_latest_only.py took 0.063 seconds
[2023-03-28 22:34:31,887] {processor.py:153} INFO - Started process (PID=3640) to work on /home/airflow/.local/lib/python3.7/site-packages/airflow/example_dags/example_latest_only.py
[2023-03-28 22:34:31,888] {processor.py:641} INFO - Processing file /home/airflow/.local/lib/python3.7/site-packages/airflow/example_dags/example_latest_only.py for tasks to queue
[2023-03-28 22:34:31,888] {logging_mixin.py:115} INFO - [2023-03-28 22:34:31,888] {dagbag.py:507} INFO - Filling up the DagBag from /home/airflow/.local/lib/python3.7/site-packages/airflow/example_dags/example_latest_only.py
[2023-03-28 22:34:31,892] {processor.py:651} INFO - DAG(s) dict_keys(['latest_only']) retrieved from /home/airflow/.local/lib/python3.7/site-packages/airflow/example_dags/example_latest_only.py
[2023-03-28 22:34:31,913] {logging_mixin.py:115} INFO - [2023-03-28 22:34:31,913] {dag.py:2371} INFO - Sync 1 DAGs
[2023-03-28 22:34:31,934] {logging_mixin.py:115} INFO - [2023-03-28 22:34:31,934] {dag.py:2919} INFO - Setting next_dagrun for latest_only to 2023-03-28T18:34:31.933850+00:00, run_after=2023-03-28T22:34:31.933850+00:00
[2023-03-28 22:34:31,947] {processor.py:161} INFO - Processing /home/airflow/.local/lib/python3.7/site-packages/airflow/example_dags/example_latest_only.py took 0.062 seconds
[2023-03-28 22:35:02,400] {processor.py:153} INFO - Started process (PID=3704) to work on /home/airflow/.local/lib/python3.7/site-packages/airflow/example_dags/example_latest_only.py
[2023-03-28 22:35:02,401] {processor.py:641} INFO - Processing file /home/airflow/.local/lib/python3.7/site-packages/airflow/example_dags/example_latest_only.py for tasks to queue
[2023-03-28 22:35:02,401] {logging_mixin.py:115} INFO - [2023-03-28 22:35:02,401] {dagbag.py:507} INFO - Filling up the DagBag from /home/airflow/.local/lib/python3.7/site-packages/airflow/example_dags/example_latest_only.py
[2023-03-28 22:35:02,404] {processor.py:651} INFO - DAG(s) dict_keys(['latest_only']) retrieved from /home/airflow/.local/lib/python3.7/site-packages/airflow/example_dags/example_latest_only.py
[2023-03-28 22:35:02,425] {logging_mixin.py:115} INFO - [2023-03-28 22:35:02,425] {dag.py:2371} INFO - Sync 1 DAGs
[2023-03-28 22:35:02,446] {logging_mixin.py:115} INFO - [2023-03-28 22:35:02,446] {dag.py:2919} INFO - Setting next_dagrun for latest_only to 2023-03-28T18:35:02.445840+00:00, run_after=2023-03-28T22:35:02.445840+00:00
[2023-03-28 22:35:02,457] {processor.py:161} INFO - Processing /home/airflow/.local/lib/python3.7/site-packages/airflow/example_dags/example_latest_only.py took 0.059 seconds
[2023-03-28 22:35:33,177] {processor.py:153} INFO - Started process (PID=3769) to work on /home/airflow/.local/lib/python3.7/site-packages/airflow/example_dags/example_latest_only.py
[2023-03-28 22:35:33,178] {processor.py:641} INFO - Processing file /home/airflow/.local/lib/python3.7/site-packages/airflow/example_dags/example_latest_only.py for tasks to queue
[2023-03-28 22:35:33,178] {logging_mixin.py:115} INFO - [2023-03-28 22:35:33,178] {dagbag.py:507} INFO - Filling up the DagBag from /home/airflow/.local/lib/python3.7/site-packages/airflow/example_dags/example_latest_only.py
[2023-03-28 22:35:33,182] {processor.py:651} INFO - DAG(s) dict_keys(['latest_only']) retrieved from /home/airflow/.local/lib/python3.7/site-packages/airflow/example_dags/example_latest_only.py
[2023-03-28 22:35:33,207] {logging_mixin.py:115} INFO - [2023-03-28 22:35:33,207] {dag.py:2371} INFO - Sync 1 DAGs
[2023-03-28 22:35:33,228] {logging_mixin.py:115} INFO - [2023-03-28 22:35:33,228] {dag.py:2919} INFO - Setting next_dagrun for latest_only to 2023-03-28T18:35:33.227972+00:00, run_after=2023-03-28T22:35:33.227972+00:00
[2023-03-28 22:35:33,243] {processor.py:161} INFO - Processing /home/airflow/.local/lib/python3.7/site-packages/airflow/example_dags/example_latest_only.py took 0.068 seconds
[2023-03-28 22:36:03,881] {processor.py:153} INFO - Started process (PID=3824) to work on /home/airflow/.local/lib/python3.7/site-packages/airflow/example_dags/example_latest_only.py
[2023-03-28 22:36:03,881] {processor.py:641} INFO - Processing file /home/airflow/.local/lib/python3.7/site-packages/airflow/example_dags/example_latest_only.py for tasks to queue
[2023-03-28 22:36:03,882] {logging_mixin.py:115} INFO - [2023-03-28 22:36:03,882] {dagbag.py:507} INFO - Filling up the DagBag from /home/airflow/.local/lib/python3.7/site-packages/airflow/example_dags/example_latest_only.py
[2023-03-28 22:36:03,887] {processor.py:651} INFO - DAG(s) dict_keys(['latest_only']) retrieved from /home/airflow/.local/lib/python3.7/site-packages/airflow/example_dags/example_latest_only.py
[2023-03-28 22:36:03,909] {logging_mixin.py:115} INFO - [2023-03-28 22:36:03,909] {dag.py:2371} INFO - Sync 1 DAGs
[2023-03-28 22:36:03,927] {logging_mixin.py:115} INFO - [2023-03-28 22:36:03,927] {dag.py:2919} INFO - Setting next_dagrun for latest_only to 2023-03-28T18:36:03.927708+00:00, run_after=2023-03-28T22:36:03.927708+00:00
[2023-03-28 22:36:03,941] {processor.py:161} INFO - Processing /home/airflow/.local/lib/python3.7/site-packages/airflow/example_dags/example_latest_only.py took 0.062 seconds
[2023-03-28 22:36:34,691] {processor.py:153} INFO - Started process (PID=3890) to work on /home/airflow/.local/lib/python3.7/site-packages/airflow/example_dags/example_latest_only.py
[2023-03-28 22:36:34,692] {processor.py:641} INFO - Processing file /home/airflow/.local/lib/python3.7/site-packages/airflow/example_dags/example_latest_only.py for tasks to queue
[2023-03-28 22:36:34,692] {logging_mixin.py:115} INFO - [2023-03-28 22:36:34,692] {dagbag.py:507} INFO - Filling up the DagBag from /home/airflow/.local/lib/python3.7/site-packages/airflow/example_dags/example_latest_only.py
[2023-03-28 22:36:34,697] {processor.py:651} INFO - DAG(s) dict_keys(['latest_only']) retrieved from /home/airflow/.local/lib/python3.7/site-packages/airflow/example_dags/example_latest_only.py
[2023-03-28 22:36:34,720] {logging_mixin.py:115} INFO - [2023-03-28 22:36:34,720] {dag.py:2371} INFO - Sync 1 DAGs
[2023-03-28 22:36:34,741] {logging_mixin.py:115} INFO - [2023-03-28 22:36:34,741] {dag.py:2919} INFO - Setting next_dagrun for latest_only to 2023-03-28T18:36:34.741053+00:00, run_after=2023-03-28T22:36:34.741053+00:00
[2023-03-28 22:36:34,754] {processor.py:161} INFO - Processing /home/airflow/.local/lib/python3.7/site-packages/airflow/example_dags/example_latest_only.py took 0.065 seconds
[2023-03-28 22:37:05,377] {processor.py:153} INFO - Started process (PID=3955) to work on /home/airflow/.local/lib/python3.7/site-packages/airflow/example_dags/example_latest_only.py
[2023-03-28 22:37:05,377] {processor.py:641} INFO - Processing file /home/airflow/.local/lib/python3.7/site-packages/airflow/example_dags/example_latest_only.py for tasks to queue
[2023-03-28 22:37:05,378] {logging_mixin.py:115} INFO - [2023-03-28 22:37:05,378] {dagbag.py:507} INFO - Filling up the DagBag from /home/airflow/.local/lib/python3.7/site-packages/airflow/example_dags/example_latest_only.py
[2023-03-28 22:37:05,381] {processor.py:651} INFO - DAG(s) dict_keys(['latest_only']) retrieved from /home/airflow/.local/lib/python3.7/site-packages/airflow/example_dags/example_latest_only.py
[2023-03-28 22:37:05,406] {logging_mixin.py:115} INFO - [2023-03-28 22:37:05,406] {dag.py:2371} INFO - Sync 1 DAGs
[2023-03-28 22:37:05,428] {logging_mixin.py:115} INFO - [2023-03-28 22:37:05,428] {dag.py:2919} INFO - Setting next_dagrun for latest_only to 2023-03-28T18:37:05.428494+00:00, run_after=2023-03-28T22:37:05.428494+00:00
[2023-03-28 22:37:05,443] {processor.py:161} INFO - Processing /home/airflow/.local/lib/python3.7/site-packages/airflow/example_dags/example_latest_only.py took 0.068 seconds
[2023-03-28 22:37:36,250] {processor.py:153} INFO - Started process (PID=4010) to work on /home/airflow/.local/lib/python3.7/site-packages/airflow/example_dags/example_latest_only.py
[2023-03-28 22:37:36,251] {processor.py:641} INFO - Processing file /home/airflow/.local/lib/python3.7/site-packages/airflow/example_dags/example_latest_only.py for tasks to queue
[2023-03-28 22:37:36,252] {logging_mixin.py:115} INFO - [2023-03-28 22:37:36,252] {dagbag.py:507} INFO - Filling up the DagBag from /home/airflow/.local/lib/python3.7/site-packages/airflow/example_dags/example_latest_only.py
[2023-03-28 22:37:36,255] {processor.py:651} INFO - DAG(s) dict_keys(['latest_only']) retrieved from /home/airflow/.local/lib/python3.7/site-packages/airflow/example_dags/example_latest_only.py
[2023-03-28 22:37:36,282] {logging_mixin.py:115} INFO - [2023-03-28 22:37:36,282] {dag.py:2371} INFO - Sync 1 DAGs
[2023-03-28 22:37:36,310] {logging_mixin.py:115} INFO - [2023-03-28 22:37:36,310] {dag.py:2919} INFO - Setting next_dagrun for latest_only to 2023-03-28T18:37:36.310208+00:00, run_after=2023-03-28T22:37:36.310208+00:00
[2023-03-28 22:37:36,329] {processor.py:161} INFO - Processing /home/airflow/.local/lib/python3.7/site-packages/airflow/example_dags/example_latest_only.py took 0.080 seconds
[2023-03-28 22:38:06,911] {processor.py:153} INFO - Started process (PID=4074) to work on /home/airflow/.local/lib/python3.7/site-packages/airflow/example_dags/example_latest_only.py
[2023-03-28 22:38:06,911] {processor.py:641} INFO - Processing file /home/airflow/.local/lib/python3.7/site-packages/airflow/example_dags/example_latest_only.py for tasks to queue
[2023-03-28 22:38:06,912] {logging_mixin.py:115} INFO - [2023-03-28 22:38:06,911] {dagbag.py:507} INFO - Filling up the DagBag from /home/airflow/.local/lib/python3.7/site-packages/airflow/example_dags/example_latest_only.py
[2023-03-28 22:38:06,915] {processor.py:651} INFO - DAG(s) dict_keys(['latest_only']) retrieved from /home/airflow/.local/lib/python3.7/site-packages/airflow/example_dags/example_latest_only.py
[2023-03-28 22:38:06,936] {logging_mixin.py:115} INFO - [2023-03-28 22:38:06,936] {dag.py:2371} INFO - Sync 1 DAGs
[2023-03-28 22:38:06,956] {logging_mixin.py:115} INFO - [2023-03-28 22:38:06,956] {dag.py:2919} INFO - Setting next_dagrun for latest_only to 2023-03-28T18:38:06.956158+00:00, run_after=2023-03-28T22:38:06.956158+00:00
[2023-03-28 22:38:06,969] {processor.py:161} INFO - Processing /home/airflow/.local/lib/python3.7/site-packages/airflow/example_dags/example_latest_only.py took 0.060 seconds
[2023-03-28 22:38:37,823] {processor.py:153} INFO - Started process (PID=4138) to work on /home/airflow/.local/lib/python3.7/site-packages/airflow/example_dags/example_latest_only.py
[2023-03-28 22:38:37,824] {processor.py:641} INFO - Processing file /home/airflow/.local/lib/python3.7/site-packages/airflow/example_dags/example_latest_only.py for tasks to queue
[2023-03-28 22:38:37,824] {logging_mixin.py:115} INFO - [2023-03-28 22:38:37,824] {dagbag.py:507} INFO - Filling up the DagBag from /home/airflow/.local/lib/python3.7/site-packages/airflow/example_dags/example_latest_only.py
[2023-03-28 22:38:37,828] {processor.py:651} INFO - DAG(s) dict_keys(['latest_only']) retrieved from /home/airflow/.local/lib/python3.7/site-packages/airflow/example_dags/example_latest_only.py
[2023-03-28 22:38:37,849] {logging_mixin.py:115} INFO - [2023-03-28 22:38:37,849] {dag.py:2371} INFO - Sync 1 DAGs
[2023-03-28 22:38:37,868] {logging_mixin.py:115} INFO - [2023-03-28 22:38:37,868] {dag.py:2919} INFO - Setting next_dagrun for latest_only to 2023-03-28T18:38:37.868227+00:00, run_after=2023-03-28T22:38:37.868227+00:00
[2023-03-28 22:38:37,881] {processor.py:161} INFO - Processing /home/airflow/.local/lib/python3.7/site-packages/airflow/example_dags/example_latest_only.py took 0.060 seconds
[2023-03-28 22:39:08,429] {processor.py:153} INFO - Started process (PID=4200) to work on /home/airflow/.local/lib/python3.7/site-packages/airflow/example_dags/example_latest_only.py
[2023-03-28 22:39:08,430] {processor.py:641} INFO - Processing file /home/airflow/.local/lib/python3.7/site-packages/airflow/example_dags/example_latest_only.py for tasks to queue
[2023-03-28 22:39:08,430] {logging_mixin.py:115} INFO - [2023-03-28 22:39:08,430] {dagbag.py:507} INFO - Filling up the DagBag from /home/airflow/.local/lib/python3.7/site-packages/airflow/example_dags/example_latest_only.py
[2023-03-28 22:39:08,434] {processor.py:651} INFO - DAG(s) dict_keys(['latest_only']) retrieved from /home/airflow/.local/lib/python3.7/site-packages/airflow/example_dags/example_latest_only.py
[2023-03-28 22:39:08,465] {logging_mixin.py:115} INFO - [2023-03-28 22:39:08,464] {dag.py:2371} INFO - Sync 1 DAGs
[2023-03-28 22:39:08,491] {logging_mixin.py:115} INFO - [2023-03-28 22:39:08,491] {dag.py:2919} INFO - Setting next_dagrun for latest_only to 2023-03-28T18:39:08.491426+00:00, run_after=2023-03-28T22:39:08.491426+00:00
[2023-03-28 22:39:08,510] {processor.py:161} INFO - Processing /home/airflow/.local/lib/python3.7/site-packages/airflow/example_dags/example_latest_only.py took 0.084 seconds
[2023-03-28 22:39:39,202] {processor.py:153} INFO - Started process (PID=4258) to work on /home/airflow/.local/lib/python3.7/site-packages/airflow/example_dags/example_latest_only.py
[2023-03-28 22:39:39,202] {processor.py:641} INFO - Processing file /home/airflow/.local/lib/python3.7/site-packages/airflow/example_dags/example_latest_only.py for tasks to queue
[2023-03-28 22:39:39,202] {logging_mixin.py:115} INFO - [2023-03-28 22:39:39,202] {dagbag.py:507} INFO - Filling up the DagBag from /home/airflow/.local/lib/python3.7/site-packages/airflow/example_dags/example_latest_only.py
[2023-03-28 22:39:39,205] {processor.py:651} INFO - DAG(s) dict_keys(['latest_only']) retrieved from /home/airflow/.local/lib/python3.7/site-packages/airflow/example_dags/example_latest_only.py
[2023-03-28 22:39:39,228] {logging_mixin.py:115} INFO - [2023-03-28 22:39:39,228] {dag.py:2371} INFO - Sync 1 DAGs
[2023-03-28 22:39:39,247] {logging_mixin.py:115} INFO - [2023-03-28 22:39:39,247] {dag.py:2919} INFO - Setting next_dagrun for latest_only to 2023-03-28T18:39:39.247362+00:00, run_after=2023-03-28T22:39:39.247362+00:00
[2023-03-28 22:39:39,260] {processor.py:161} INFO - Processing /home/airflow/.local/lib/python3.7/site-packages/airflow/example_dags/example_latest_only.py took 0.060 seconds
[2023-03-28 22:40:09,984] {processor.py:153} INFO - Started process (PID=4322) to work on /home/airflow/.local/lib/python3.7/site-packages/airflow/example_dags/example_latest_only.py
[2023-03-28 22:40:09,985] {processor.py:641} INFO - Processing file /home/airflow/.local/lib/python3.7/site-packages/airflow/example_dags/example_latest_only.py for tasks to queue
[2023-03-28 22:40:09,985] {logging_mixin.py:115} INFO - [2023-03-28 22:40:09,985] {dagbag.py:507} INFO - Filling up the DagBag from /home/airflow/.local/lib/python3.7/site-packages/airflow/example_dags/example_latest_only.py
[2023-03-28 22:40:09,988] {processor.py:651} INFO - DAG(s) dict_keys(['latest_only']) retrieved from /home/airflow/.local/lib/python3.7/site-packages/airflow/example_dags/example_latest_only.py
[2023-03-28 22:40:10,009] {logging_mixin.py:115} INFO - [2023-03-28 22:40:10,008] {dag.py:2371} INFO - Sync 1 DAGs
[2023-03-28 22:40:10,027] {logging_mixin.py:115} INFO - [2023-03-28 22:40:10,027] {dag.py:2919} INFO - Setting next_dagrun for latest_only to 2023-03-28T18:40:10.027330+00:00, run_after=2023-03-28T22:40:10.027330+00:00
[2023-03-28 22:40:10,133] {processor.py:161} INFO - Processing /home/airflow/.local/lib/python3.7/site-packages/airflow/example_dags/example_latest_only.py took 0.151 seconds
[2023-03-28 22:41:27,836] {processor.py:153} INFO - Started process (PID=62) to work on /home/airflow/.local/lib/python3.7/site-packages/airflow/example_dags/example_latest_only.py
[2023-03-28 22:41:27,837] {processor.py:641} INFO - Processing file /home/airflow/.local/lib/python3.7/site-packages/airflow/example_dags/example_latest_only.py for tasks to queue
[2023-03-28 22:41:27,838] {logging_mixin.py:115} INFO - [2023-03-28 22:41:27,837] {dagbag.py:507} INFO - Filling up the DagBag from /home/airflow/.local/lib/python3.7/site-packages/airflow/example_dags/example_latest_only.py
[2023-03-28 22:41:27,842] {processor.py:651} INFO - DAG(s) dict_keys(['latest_only']) retrieved from /home/airflow/.local/lib/python3.7/site-packages/airflow/example_dags/example_latest_only.py
[2023-03-28 22:41:27,868] {logging_mixin.py:115} INFO - [2023-03-28 22:41:27,867] {dag.py:2371} INFO - Sync 1 DAGs
[2023-03-28 22:41:27,892] {logging_mixin.py:115} INFO - [2023-03-28 22:41:27,892] {dag.py:2919} INFO - Setting next_dagrun for latest_only to 2023-03-28T18:41:27.892397+00:00, run_after=2023-03-28T22:41:27.892397+00:00
[2023-03-28 22:41:27,908] {processor.py:161} INFO - Processing /home/airflow/.local/lib/python3.7/site-packages/airflow/example_dags/example_latest_only.py took 0.075 seconds
[2023-03-28 22:41:58,277] {processor.py:153} INFO - Started process (PID=127) to work on /home/airflow/.local/lib/python3.7/site-packages/airflow/example_dags/example_latest_only.py
[2023-03-28 22:41:58,278] {processor.py:641} INFO - Processing file /home/airflow/.local/lib/python3.7/site-packages/airflow/example_dags/example_latest_only.py for tasks to queue
[2023-03-28 22:41:58,279] {logging_mixin.py:115} INFO - [2023-03-28 22:41:58,279] {dagbag.py:507} INFO - Filling up the DagBag from /home/airflow/.local/lib/python3.7/site-packages/airflow/example_dags/example_latest_only.py
[2023-03-28 22:41:58,283] {processor.py:651} INFO - DAG(s) dict_keys(['latest_only']) retrieved from /home/airflow/.local/lib/python3.7/site-packages/airflow/example_dags/example_latest_only.py
[2023-03-28 22:41:58,308] {logging_mixin.py:115} INFO - [2023-03-28 22:41:58,308] {dag.py:2371} INFO - Sync 1 DAGs
[2023-03-28 22:41:58,330] {logging_mixin.py:115} INFO - [2023-03-28 22:41:58,330] {dag.py:2919} INFO - Setting next_dagrun for latest_only to 2023-03-28T18:41:58.330436+00:00, run_after=2023-03-28T22:41:58.330436+00:00
[2023-03-28 22:41:58,343] {processor.py:161} INFO - Processing /home/airflow/.local/lib/python3.7/site-packages/airflow/example_dags/example_latest_only.py took 0.069 seconds
[2023-03-28 22:42:28,620] {processor.py:153} INFO - Started process (PID=182) to work on /home/airflow/.local/lib/python3.7/site-packages/airflow/example_dags/example_latest_only.py
[2023-03-28 22:42:28,620] {processor.py:641} INFO - Processing file /home/airflow/.local/lib/python3.7/site-packages/airflow/example_dags/example_latest_only.py for tasks to queue
[2023-03-28 22:42:28,621] {logging_mixin.py:115} INFO - [2023-03-28 22:42:28,621] {dagbag.py:507} INFO - Filling up the DagBag from /home/airflow/.local/lib/python3.7/site-packages/airflow/example_dags/example_latest_only.py
[2023-03-28 22:42:28,627] {processor.py:651} INFO - DAG(s) dict_keys(['latest_only']) retrieved from /home/airflow/.local/lib/python3.7/site-packages/airflow/example_dags/example_latest_only.py
[2023-03-28 22:42:28,668] {logging_mixin.py:115} INFO - [2023-03-28 22:42:28,668] {dag.py:2371} INFO - Sync 1 DAGs
[2023-03-28 22:42:28,690] {logging_mixin.py:115} INFO - [2023-03-28 22:42:28,690] {dag.py:2919} INFO - Setting next_dagrun for latest_only to 2023-03-28T18:42:28.690345+00:00, run_after=2023-03-28T22:42:28.690345+00:00
[2023-03-28 22:42:28,704] {processor.py:161} INFO - Processing /home/airflow/.local/lib/python3.7/site-packages/airflow/example_dags/example_latest_only.py took 0.088 seconds
[2023-03-28 22:42:59,126] {processor.py:153} INFO - Started process (PID=247) to work on /home/airflow/.local/lib/python3.7/site-packages/airflow/example_dags/example_latest_only.py
[2023-03-28 22:42:59,128] {processor.py:641} INFO - Processing file /home/airflow/.local/lib/python3.7/site-packages/airflow/example_dags/example_latest_only.py for tasks to queue
[2023-03-28 22:42:59,128] {logging_mixin.py:115} INFO - [2023-03-28 22:42:59,128] {dagbag.py:507} INFO - Filling up the DagBag from /home/airflow/.local/lib/python3.7/site-packages/airflow/example_dags/example_latest_only.py
[2023-03-28 22:42:59,132] {processor.py:651} INFO - DAG(s) dict_keys(['latest_only']) retrieved from /home/airflow/.local/lib/python3.7/site-packages/airflow/example_dags/example_latest_only.py
[2023-03-28 22:42:59,156] {logging_mixin.py:115} INFO - [2023-03-28 22:42:59,156] {dag.py:2371} INFO - Sync 1 DAGs
[2023-03-28 22:42:59,176] {logging_mixin.py:115} INFO - [2023-03-28 22:42:59,176] {dag.py:2919} INFO - Setting next_dagrun for latest_only to 2023-03-28T18:42:59.176080+00:00, run_after=2023-03-28T22:42:59.176080+00:00
[2023-03-28 22:42:59,191] {processor.py:161} INFO - Processing /home/airflow/.local/lib/python3.7/site-packages/airflow/example_dags/example_latest_only.py took 0.066 seconds
[2023-03-28 22:43:29,873] {processor.py:153} INFO - Started process (PID=311) to work on /home/airflow/.local/lib/python3.7/site-packages/airflow/example_dags/example_latest_only.py
[2023-03-28 22:43:29,873] {processor.py:641} INFO - Processing file /home/airflow/.local/lib/python3.7/site-packages/airflow/example_dags/example_latest_only.py for tasks to queue
[2023-03-28 22:43:29,874] {logging_mixin.py:115} INFO - [2023-03-28 22:43:29,874] {dagbag.py:507} INFO - Filling up the DagBag from /home/airflow/.local/lib/python3.7/site-packages/airflow/example_dags/example_latest_only.py
[2023-03-28 22:43:29,879] {processor.py:651} INFO - DAG(s) dict_keys(['latest_only']) retrieved from /home/airflow/.local/lib/python3.7/site-packages/airflow/example_dags/example_latest_only.py
[2023-03-28 22:43:29,905] {logging_mixin.py:115} INFO - [2023-03-28 22:43:29,905] {dag.py:2371} INFO - Sync 1 DAGs
[2023-03-28 22:43:29,927] {logging_mixin.py:115} INFO - [2023-03-28 22:43:29,927] {dag.py:2919} INFO - Setting next_dagrun for latest_only to 2023-03-28T18:43:29.927185+00:00, run_after=2023-03-28T22:43:29.927185+00:00
[2023-03-28 22:43:29,944] {processor.py:161} INFO - Processing /home/airflow/.local/lib/python3.7/site-packages/airflow/example_dags/example_latest_only.py took 0.074 seconds
[2023-03-28 22:44:00,240] {processor.py:153} INFO - Started process (PID=375) to work on /home/airflow/.local/lib/python3.7/site-packages/airflow/example_dags/example_latest_only.py
[2023-03-28 22:44:00,241] {processor.py:641} INFO - Processing file /home/airflow/.local/lib/python3.7/site-packages/airflow/example_dags/example_latest_only.py for tasks to queue
[2023-03-28 22:44:00,241] {logging_mixin.py:115} INFO - [2023-03-28 22:44:00,241] {dagbag.py:507} INFO - Filling up the DagBag from /home/airflow/.local/lib/python3.7/site-packages/airflow/example_dags/example_latest_only.py
[2023-03-28 22:44:00,245] {processor.py:651} INFO - DAG(s) dict_keys(['latest_only']) retrieved from /home/airflow/.local/lib/python3.7/site-packages/airflow/example_dags/example_latest_only.py
[2023-03-28 22:44:00,272] {logging_mixin.py:115} INFO - [2023-03-28 22:44:00,272] {dag.py:2371} INFO - Sync 1 DAGs
[2023-03-28 22:44:00,297] {logging_mixin.py:115} INFO - [2023-03-28 22:44:00,297] {dag.py:2919} INFO - Setting next_dagrun for latest_only to 2023-03-28T18:44:00.297044+00:00, run_after=2023-03-28T22:44:00.297044+00:00
[2023-03-28 22:44:00,312] {processor.py:161} INFO - Processing /home/airflow/.local/lib/python3.7/site-packages/airflow/example_dags/example_latest_only.py took 0.075 seconds
[2023-03-28 22:44:30,722] {processor.py:153} INFO - Started process (PID=430) to work on /home/airflow/.local/lib/python3.7/site-packages/airflow/example_dags/example_latest_only.py
[2023-03-28 22:44:30,723] {processor.py:641} INFO - Processing file /home/airflow/.local/lib/python3.7/site-packages/airflow/example_dags/example_latest_only.py for tasks to queue
[2023-03-28 22:44:30,723] {logging_mixin.py:115} INFO - [2023-03-28 22:44:30,723] {dagbag.py:507} INFO - Filling up the DagBag from /home/airflow/.local/lib/python3.7/site-packages/airflow/example_dags/example_latest_only.py
[2023-03-28 22:44:30,726] {processor.py:651} INFO - DAG(s) dict_keys(['latest_only']) retrieved from /home/airflow/.local/lib/python3.7/site-packages/airflow/example_dags/example_latest_only.py
[2023-03-28 22:44:30,747] {logging_mixin.py:115} INFO - [2023-03-28 22:44:30,747] {dag.py:2371} INFO - Sync 1 DAGs
[2023-03-28 22:44:30,765] {logging_mixin.py:115} INFO - [2023-03-28 22:44:30,765] {dag.py:2919} INFO - Setting next_dagrun for latest_only to 2023-03-28T18:44:30.765401+00:00, run_after=2023-03-28T22:44:30.765401+00:00
[2023-03-28 22:44:30,777] {processor.py:161} INFO - Processing /home/airflow/.local/lib/python3.7/site-packages/airflow/example_dags/example_latest_only.py took 0.057 seconds
[2023-03-28 22:45:01,648] {processor.py:153} INFO - Started process (PID=494) to work on /home/airflow/.local/lib/python3.7/site-packages/airflow/example_dags/example_latest_only.py
[2023-03-28 22:45:01,648] {processor.py:641} INFO - Processing file /home/airflow/.local/lib/python3.7/site-packages/airflow/example_dags/example_latest_only.py for tasks to queue
[2023-03-28 22:45:01,649] {logging_mixin.py:115} INFO - [2023-03-28 22:45:01,649] {dagbag.py:507} INFO - Filling up the DagBag from /home/airflow/.local/lib/python3.7/site-packages/airflow/example_dags/example_latest_only.py
[2023-03-28 22:45:01,653] {processor.py:651} INFO - DAG(s) dict_keys(['latest_only']) retrieved from /home/airflow/.local/lib/python3.7/site-packages/airflow/example_dags/example_latest_only.py
[2023-03-28 22:45:01,677] {logging_mixin.py:115} INFO - [2023-03-28 22:45:01,677] {dag.py:2371} INFO - Sync 1 DAGs
[2023-03-28 22:45:01,699] {logging_mixin.py:115} INFO - [2023-03-28 22:45:01,699] {dag.py:2919} INFO - Setting next_dagrun for latest_only to 2023-03-28T18:45:01.699035+00:00, run_after=2023-03-28T22:45:01.699035+00:00
[2023-03-28 22:45:01,711] {processor.py:161} INFO - Processing /home/airflow/.local/lib/python3.7/site-packages/airflow/example_dags/example_latest_only.py took 0.066 seconds
[2023-03-28 22:45:32,568] {processor.py:153} INFO - Started process (PID=558) to work on /home/airflow/.local/lib/python3.7/site-packages/airflow/example_dags/example_latest_only.py
[2023-03-28 22:45:32,569] {processor.py:641} INFO - Processing file /home/airflow/.local/lib/python3.7/site-packages/airflow/example_dags/example_latest_only.py for tasks to queue
[2023-03-28 22:45:32,570] {logging_mixin.py:115} INFO - [2023-03-28 22:45:32,570] {dagbag.py:507} INFO - Filling up the DagBag from /home/airflow/.local/lib/python3.7/site-packages/airflow/example_dags/example_latest_only.py
[2023-03-28 22:45:32,574] {processor.py:651} INFO - DAG(s) dict_keys(['latest_only']) retrieved from /home/airflow/.local/lib/python3.7/site-packages/airflow/example_dags/example_latest_only.py
[2023-03-28 22:45:32,611] {logging_mixin.py:115} INFO - [2023-03-28 22:45:32,611] {dag.py:2371} INFO - Sync 1 DAGs
[2023-03-28 22:45:32,643] {logging_mixin.py:115} INFO - [2023-03-28 22:45:32,643] {dag.py:2919} INFO - Setting next_dagrun for latest_only to 2023-03-28T18:45:32.642592+00:00, run_after=2023-03-28T22:45:32.642592+00:00
[2023-03-28 22:45:32,659] {processor.py:161} INFO - Processing /home/airflow/.local/lib/python3.7/site-packages/airflow/example_dags/example_latest_only.py took 0.094 seconds
[2023-03-28 22:46:02,801] {processor.py:153} INFO - Started process (PID=612) to work on /home/airflow/.local/lib/python3.7/site-packages/airflow/example_dags/example_latest_only.py
[2023-03-28 22:46:02,802] {processor.py:641} INFO - Processing file /home/airflow/.local/lib/python3.7/site-packages/airflow/example_dags/example_latest_only.py for tasks to queue
[2023-03-28 22:46:02,802] {logging_mixin.py:115} INFO - [2023-03-28 22:46:02,802] {dagbag.py:507} INFO - Filling up the DagBag from /home/airflow/.local/lib/python3.7/site-packages/airflow/example_dags/example_latest_only.py
[2023-03-28 22:46:02,805] {processor.py:651} INFO - DAG(s) dict_keys(['latest_only']) retrieved from /home/airflow/.local/lib/python3.7/site-packages/airflow/example_dags/example_latest_only.py
[2023-03-28 22:46:02,829] {logging_mixin.py:115} INFO - [2023-03-28 22:46:02,829] {dag.py:2371} INFO - Sync 1 DAGs
[2023-03-28 22:46:02,852] {logging_mixin.py:115} INFO - [2023-03-28 22:46:02,852] {dag.py:2919} INFO - Setting next_dagrun for latest_only to 2023-03-28T18:46:02.852145+00:00, run_after=2023-03-28T22:46:02.852145+00:00
[2023-03-28 22:46:02,867] {processor.py:161} INFO - Processing /home/airflow/.local/lib/python3.7/site-packages/airflow/example_dags/example_latest_only.py took 0.067 seconds
[2023-03-28 22:46:33,031] {processor.py:153} INFO - Started process (PID=677) to work on /home/airflow/.local/lib/python3.7/site-packages/airflow/example_dags/example_latest_only.py
[2023-03-28 22:46:33,032] {processor.py:641} INFO - Processing file /home/airflow/.local/lib/python3.7/site-packages/airflow/example_dags/example_latest_only.py for tasks to queue
[2023-03-28 22:46:33,032] {logging_mixin.py:115} INFO - [2023-03-28 22:46:33,032] {dagbag.py:507} INFO - Filling up the DagBag from /home/airflow/.local/lib/python3.7/site-packages/airflow/example_dags/example_latest_only.py
[2023-03-28 22:46:33,036] {processor.py:651} INFO - DAG(s) dict_keys(['latest_only']) retrieved from /home/airflow/.local/lib/python3.7/site-packages/airflow/example_dags/example_latest_only.py
[2023-03-28 22:46:33,056] {logging_mixin.py:115} INFO - [2023-03-28 22:46:33,055] {dag.py:2371} INFO - Sync 1 DAGs
[2023-03-28 22:46:33,075] {logging_mixin.py:115} INFO - [2023-03-28 22:46:33,075] {dag.py:2919} INFO - Setting next_dagrun for latest_only to 2023-03-28T18:46:33.075044+00:00, run_after=2023-03-28T22:46:33.075044+00:00
[2023-03-28 22:46:33,087] {processor.py:161} INFO - Processing /home/airflow/.local/lib/python3.7/site-packages/airflow/example_dags/example_latest_only.py took 0.058 seconds
[2023-03-28 22:47:03,248] {processor.py:153} INFO - Started process (PID=741) to work on /home/airflow/.local/lib/python3.7/site-packages/airflow/example_dags/example_latest_only.py
[2023-03-28 22:47:03,249] {processor.py:641} INFO - Processing file /home/airflow/.local/lib/python3.7/site-packages/airflow/example_dags/example_latest_only.py for tasks to queue
[2023-03-28 22:47:03,249] {logging_mixin.py:115} INFO - [2023-03-28 22:47:03,249] {dagbag.py:507} INFO - Filling up the DagBag from /home/airflow/.local/lib/python3.7/site-packages/airflow/example_dags/example_latest_only.py
[2023-03-28 22:47:03,255] {processor.py:651} INFO - DAG(s) dict_keys(['latest_only']) retrieved from /home/airflow/.local/lib/python3.7/site-packages/airflow/example_dags/example_latest_only.py
[2023-03-28 22:47:03,337] {logging_mixin.py:115} INFO - [2023-03-28 22:47:03,337] {dag.py:2371} INFO - Sync 1 DAGs
[2023-03-28 22:47:03,366] {logging_mixin.py:115} INFO - [2023-03-28 22:47:03,366] {dag.py:2919} INFO - Setting next_dagrun for latest_only to 2023-03-28T18:47:03.365925+00:00, run_after=2023-03-28T22:47:03.365925+00:00
[2023-03-28 22:47:03,384] {processor.py:161} INFO - Processing /home/airflow/.local/lib/python3.7/site-packages/airflow/example_dags/example_latest_only.py took 0.140 seconds
[2023-03-28 22:48:13,848] {processor.py:153} INFO - Started process (PID=72) to work on /home/airflow/.local/lib/python3.7/site-packages/airflow/example_dags/example_latest_only.py
[2023-03-28 22:48:13,849] {processor.py:641} INFO - Processing file /home/airflow/.local/lib/python3.7/site-packages/airflow/example_dags/example_latest_only.py for tasks to queue
[2023-03-28 22:48:13,849] {logging_mixin.py:115} INFO - [2023-03-28 22:48:13,849] {dagbag.py:507} INFO - Filling up the DagBag from /home/airflow/.local/lib/python3.7/site-packages/airflow/example_dags/example_latest_only.py
[2023-03-28 22:48:13,855] {processor.py:651} INFO - DAG(s) dict_keys(['latest_only']) retrieved from /home/airflow/.local/lib/python3.7/site-packages/airflow/example_dags/example_latest_only.py
[2023-03-28 22:48:13,880] {logging_mixin.py:115} INFO - [2023-03-28 22:48:13,880] {dag.py:2371} INFO - Sync 1 DAGs
[2023-03-28 22:48:14,074] {logging_mixin.py:115} INFO - [2023-03-28 22:48:14,074] {dag.py:2919} INFO - Setting next_dagrun for latest_only to 2023-03-28T18:48:14.074234+00:00, run_after=2023-03-28T22:48:14.074234+00:00
[2023-03-28 22:48:14,095] {processor.py:161} INFO - Processing /home/airflow/.local/lib/python3.7/site-packages/airflow/example_dags/example_latest_only.py took 0.250 seconds
[2023-03-28 22:48:44,896] {processor.py:153} INFO - Started process (PID=128) to work on /home/airflow/.local/lib/python3.7/site-packages/airflow/example_dags/example_latest_only.py
[2023-03-28 22:48:44,897] {processor.py:641} INFO - Processing file /home/airflow/.local/lib/python3.7/site-packages/airflow/example_dags/example_latest_only.py for tasks to queue
[2023-03-28 22:48:44,898] {logging_mixin.py:115} INFO - [2023-03-28 22:48:44,897] {dagbag.py:507} INFO - Filling up the DagBag from /home/airflow/.local/lib/python3.7/site-packages/airflow/example_dags/example_latest_only.py
[2023-03-28 22:48:44,902] {processor.py:651} INFO - DAG(s) dict_keys(['latest_only']) retrieved from /home/airflow/.local/lib/python3.7/site-packages/airflow/example_dags/example_latest_only.py
[2023-03-28 22:48:44,926] {logging_mixin.py:115} INFO - [2023-03-28 22:48:44,926] {dag.py:2371} INFO - Sync 1 DAGs
[2023-03-28 22:48:45,047] {logging_mixin.py:115} INFO - [2023-03-28 22:48:45,047] {dag.py:2919} INFO - Setting next_dagrun for latest_only to 2023-03-28T18:48:45.047333+00:00, run_after=2023-03-28T22:48:45.047333+00:00
[2023-03-28 22:48:45,060] {processor.py:161} INFO - Processing /home/airflow/.local/lib/python3.7/site-packages/airflow/example_dags/example_latest_only.py took 0.165 seconds
[2023-03-28 22:49:15,106] {processor.py:153} INFO - Started process (PID=192) to work on /home/airflow/.local/lib/python3.7/site-packages/airflow/example_dags/example_latest_only.py
[2023-03-28 22:49:15,106] {processor.py:641} INFO - Processing file /home/airflow/.local/lib/python3.7/site-packages/airflow/example_dags/example_latest_only.py for tasks to queue
[2023-03-28 22:49:15,106] {logging_mixin.py:115} INFO - [2023-03-28 22:49:15,106] {dagbag.py:507} INFO - Filling up the DagBag from /home/airflow/.local/lib/python3.7/site-packages/airflow/example_dags/example_latest_only.py
[2023-03-28 22:49:15,109] {processor.py:651} INFO - DAG(s) dict_keys(['latest_only']) retrieved from /home/airflow/.local/lib/python3.7/site-packages/airflow/example_dags/example_latest_only.py
[2023-03-28 22:49:15,130] {logging_mixin.py:115} INFO - [2023-03-28 22:49:15,130] {dag.py:2371} INFO - Sync 1 DAGs
[2023-03-28 22:49:15,238] {logging_mixin.py:115} INFO - [2023-03-28 22:49:15,238] {dag.py:2919} INFO - Setting next_dagrun for latest_only to 2023-03-28T18:49:15.238220+00:00, run_after=2023-03-28T22:49:15.238220+00:00
[2023-03-28 22:49:15,250] {processor.py:161} INFO - Processing /home/airflow/.local/lib/python3.7/site-packages/airflow/example_dags/example_latest_only.py took 0.147 seconds
[2023-03-28 22:49:45,469] {processor.py:153} INFO - Started process (PID=257) to work on /home/airflow/.local/lib/python3.7/site-packages/airflow/example_dags/example_latest_only.py
[2023-03-28 22:49:45,469] {processor.py:641} INFO - Processing file /home/airflow/.local/lib/python3.7/site-packages/airflow/example_dags/example_latest_only.py for tasks to queue
[2023-03-28 22:49:45,470] {logging_mixin.py:115} INFO - [2023-03-28 22:49:45,470] {dagbag.py:507} INFO - Filling up the DagBag from /home/airflow/.local/lib/python3.7/site-packages/airflow/example_dags/example_latest_only.py
[2023-03-28 22:49:45,474] {processor.py:651} INFO - DAG(s) dict_keys(['latest_only']) retrieved from /home/airflow/.local/lib/python3.7/site-packages/airflow/example_dags/example_latest_only.py
[2023-03-28 22:49:45,500] {logging_mixin.py:115} INFO - [2023-03-28 22:49:45,500] {dag.py:2371} INFO - Sync 1 DAGs
[2023-03-28 22:49:45,613] {logging_mixin.py:115} INFO - [2023-03-28 22:49:45,613] {dag.py:2919} INFO - Setting next_dagrun for latest_only to 2023-03-28T18:49:45.613242+00:00, run_after=2023-03-28T22:49:45.613242+00:00
[2023-03-28 22:49:45,626] {processor.py:161} INFO - Processing /home/airflow/.local/lib/python3.7/site-packages/airflow/example_dags/example_latest_only.py took 0.159 seconds
[2023-03-28 22:50:16,213] {processor.py:153} INFO - Started process (PID=314) to work on /home/airflow/.local/lib/python3.7/site-packages/airflow/example_dags/example_latest_only.py
[2023-03-28 22:50:16,213] {processor.py:641} INFO - Processing file /home/airflow/.local/lib/python3.7/site-packages/airflow/example_dags/example_latest_only.py for tasks to queue
[2023-03-28 22:50:16,214] {logging_mixin.py:115} INFO - [2023-03-28 22:50:16,214] {dagbag.py:507} INFO - Filling up the DagBag from /home/airflow/.local/lib/python3.7/site-packages/airflow/example_dags/example_latest_only.py
[2023-03-28 22:50:16,219] {processor.py:651} INFO - DAG(s) dict_keys(['latest_only']) retrieved from /home/airflow/.local/lib/python3.7/site-packages/airflow/example_dags/example_latest_only.py
[2023-03-28 22:50:16,251] {logging_mixin.py:115} INFO - [2023-03-28 22:50:16,251] {dag.py:2371} INFO - Sync 1 DAGs
[2023-03-28 22:50:16,384] {logging_mixin.py:115} INFO - [2023-03-28 22:50:16,384] {dag.py:2919} INFO - Setting next_dagrun for latest_only to 2023-03-28T18:50:16.384072+00:00, run_after=2023-03-28T22:50:16.384072+00:00
[2023-03-28 22:50:16,401] {processor.py:161} INFO - Processing /home/airflow/.local/lib/python3.7/site-packages/airflow/example_dags/example_latest_only.py took 0.191 seconds
[2023-03-28 22:50:46,923] {processor.py:153} INFO - Started process (PID=376) to work on /home/airflow/.local/lib/python3.7/site-packages/airflow/example_dags/example_latest_only.py
[2023-03-28 22:50:46,924] {processor.py:641} INFO - Processing file /home/airflow/.local/lib/python3.7/site-packages/airflow/example_dags/example_latest_only.py for tasks to queue
[2023-03-28 22:50:46,924] {logging_mixin.py:115} INFO - [2023-03-28 22:50:46,924] {dagbag.py:507} INFO - Filling up the DagBag from /home/airflow/.local/lib/python3.7/site-packages/airflow/example_dags/example_latest_only.py
[2023-03-28 22:50:46,927] {processor.py:651} INFO - DAG(s) dict_keys(['latest_only']) retrieved from /home/airflow/.local/lib/python3.7/site-packages/airflow/example_dags/example_latest_only.py
[2023-03-28 22:50:46,951] {logging_mixin.py:115} INFO - [2023-03-28 22:50:46,951] {dag.py:2371} INFO - Sync 1 DAGs
[2023-03-28 22:50:47,064] {logging_mixin.py:115} INFO - [2023-03-28 22:50:47,064] {dag.py:2919} INFO - Setting next_dagrun for latest_only to 2023-03-28T18:50:47.064348+00:00, run_after=2023-03-28T22:50:47.064348+00:00
[2023-03-28 22:50:47,076] {processor.py:161} INFO - Processing /home/airflow/.local/lib/python3.7/site-packages/airflow/example_dags/example_latest_only.py took 0.155 seconds
[2023-03-28 22:52:16,611] {processor.py:153} INFO - Started process (PID=62) to work on /home/airflow/.local/lib/python3.7/site-packages/airflow/example_dags/example_latest_only.py
[2023-03-28 22:52:16,612] {processor.py:641} INFO - Processing file /home/airflow/.local/lib/python3.7/site-packages/airflow/example_dags/example_latest_only.py for tasks to queue
[2023-03-28 22:52:16,613] {logging_mixin.py:115} INFO - [2023-03-28 22:52:16,613] {dagbag.py:507} INFO - Filling up the DagBag from /home/airflow/.local/lib/python3.7/site-packages/airflow/example_dags/example_latest_only.py
[2023-03-28 22:52:16,618] {processor.py:651} INFO - DAG(s) dict_keys(['latest_only']) retrieved from /home/airflow/.local/lib/python3.7/site-packages/airflow/example_dags/example_latest_only.py
[2023-03-28 22:52:16,646] {logging_mixin.py:115} INFO - [2023-03-28 22:52:16,646] {dag.py:2371} INFO - Sync 1 DAGs
[2023-03-28 22:52:16,668] {logging_mixin.py:115} INFO - [2023-03-28 22:52:16,668] {dag.py:2919} INFO - Setting next_dagrun for latest_only to 2023-03-28T18:52:16.668077+00:00, run_after=2023-03-28T22:52:16.668077+00:00
[2023-03-28 22:52:16,685] {processor.py:161} INFO - Processing /home/airflow/.local/lib/python3.7/site-packages/airflow/example_dags/example_latest_only.py took 0.077 seconds
[2023-03-28 22:52:46,754] {processor.py:153} INFO - Started process (PID=126) to work on /home/airflow/.local/lib/python3.7/site-packages/airflow/example_dags/example_latest_only.py
[2023-03-28 22:52:46,755] {processor.py:641} INFO - Processing file /home/airflow/.local/lib/python3.7/site-packages/airflow/example_dags/example_latest_only.py for tasks to queue
[2023-03-28 22:52:46,755] {logging_mixin.py:115} INFO - [2023-03-28 22:52:46,755] {dagbag.py:507} INFO - Filling up the DagBag from /home/airflow/.local/lib/python3.7/site-packages/airflow/example_dags/example_latest_only.py
[2023-03-28 22:52:46,759] {processor.py:651} INFO - DAG(s) dict_keys(['latest_only']) retrieved from /home/airflow/.local/lib/python3.7/site-packages/airflow/example_dags/example_latest_only.py
[2023-03-28 22:52:46,780] {logging_mixin.py:115} INFO - [2023-03-28 22:52:46,779] {dag.py:2371} INFO - Sync 1 DAGs
[2023-03-28 22:52:46,799] {logging_mixin.py:115} INFO - [2023-03-28 22:52:46,799] {dag.py:2919} INFO - Setting next_dagrun for latest_only to 2023-03-28T18:52:46.798921+00:00, run_after=2023-03-28T22:52:46.798921+00:00
[2023-03-28 22:52:46,812] {processor.py:161} INFO - Processing /home/airflow/.local/lib/python3.7/site-packages/airflow/example_dags/example_latest_only.py took 0.059 seconds
[2023-03-28 22:53:17,207] {processor.py:153} INFO - Started process (PID=189) to work on /home/airflow/.local/lib/python3.7/site-packages/airflow/example_dags/example_latest_only.py
[2023-03-28 22:53:17,207] {processor.py:641} INFO - Processing file /home/airflow/.local/lib/python3.7/site-packages/airflow/example_dags/example_latest_only.py for tasks to queue
[2023-03-28 22:53:17,207] {logging_mixin.py:115} INFO - [2023-03-28 22:53:17,207] {dagbag.py:507} INFO - Filling up the DagBag from /home/airflow/.local/lib/python3.7/site-packages/airflow/example_dags/example_latest_only.py
[2023-03-28 22:53:17,211] {processor.py:651} INFO - DAG(s) dict_keys(['latest_only']) retrieved from /home/airflow/.local/lib/python3.7/site-packages/airflow/example_dags/example_latest_only.py
[2023-03-28 22:53:17,234] {logging_mixin.py:115} INFO - [2023-03-28 22:53:17,234] {dag.py:2371} INFO - Sync 1 DAGs
[2023-03-28 22:53:17,258] {logging_mixin.py:115} INFO - [2023-03-28 22:53:17,257] {dag.py:2919} INFO - Setting next_dagrun for latest_only to 2023-03-28T18:53:17.257780+00:00, run_after=2023-03-28T22:53:17.257780+00:00
[2023-03-28 22:53:17,272] {processor.py:161} INFO - Processing /home/airflow/.local/lib/python3.7/site-packages/airflow/example_dags/example_latest_only.py took 0.067 seconds
[2023-03-28 22:53:47,620] {processor.py:153} INFO - Started process (PID=244) to work on /home/airflow/.local/lib/python3.7/site-packages/airflow/example_dags/example_latest_only.py
[2023-03-28 22:53:47,621] {processor.py:641} INFO - Processing file /home/airflow/.local/lib/python3.7/site-packages/airflow/example_dags/example_latest_only.py for tasks to queue
[2023-03-28 22:53:47,621] {logging_mixin.py:115} INFO - [2023-03-28 22:53:47,621] {dagbag.py:507} INFO - Filling up the DagBag from /home/airflow/.local/lib/python3.7/site-packages/airflow/example_dags/example_latest_only.py
[2023-03-28 22:53:47,627] {processor.py:651} INFO - DAG(s) dict_keys(['latest_only']) retrieved from /home/airflow/.local/lib/python3.7/site-packages/airflow/example_dags/example_latest_only.py
[2023-03-28 22:53:47,650] {logging_mixin.py:115} INFO - [2023-03-28 22:53:47,650] {dag.py:2371} INFO - Sync 1 DAGs
[2023-03-28 22:53:47,671] {logging_mixin.py:115} INFO - [2023-03-28 22:53:47,671] {dag.py:2919} INFO - Setting next_dagrun for latest_only to 2023-03-28T18:53:47.671134+00:00, run_after=2023-03-28T22:53:47.671134+00:00
[2023-03-28 22:53:47,684] {processor.py:161} INFO - Processing /home/airflow/.local/lib/python3.7/site-packages/airflow/example_dags/example_latest_only.py took 0.067 seconds
