[2023-03-28 22:23:54,524] {processor.py:153} INFO - Started process (PID=2365) to work on /home/airflow/.local/lib/python3.7/site-packages/airflow/example_dags/example_branch_datetime_operator.py
[2023-03-28 22:23:54,524] {processor.py:641} INFO - Processing file /home/airflow/.local/lib/python3.7/site-packages/airflow/example_dags/example_branch_datetime_operator.py for tasks to queue
[2023-03-28 22:23:54,524] {logging_mixin.py:115} INFO - [2023-03-28 22:23:54,524] {dagbag.py:507} INFO - Filling up the DagBag from /home/airflow/.local/lib/python3.7/site-packages/airflow/example_dags/example_branch_datetime_operator.py
[2023-03-28 22:23:54,530] {processor.py:651} INFO - DAG(s) dict_keys(['example_branch_datetime_operator_2']) retrieved from /home/airflow/.local/lib/python3.7/site-packages/airflow/example_dags/example_branch_datetime_operator.py
[2023-03-28 22:23:54,550] {logging_mixin.py:115} INFO - [2023-03-28 22:23:54,550] {dag.py:2371} INFO - Sync 1 DAGs
[2023-03-28 22:23:54,571] {logging_mixin.py:115} INFO - [2023-03-28 22:23:54,571] {dag.py:2919} INFO - Setting next_dagrun for example_branch_datetime_operator_2 to 2023-03-27T00:00:00+00:00, run_after=2023-03-28T00:00:00+00:00
[2023-03-28 22:23:54,583] {processor.py:161} INFO - Processing /home/airflow/.local/lib/python3.7/site-packages/airflow/example_dags/example_branch_datetime_operator.py took 0.061 seconds
[2023-03-28 22:24:25,330] {processor.py:153} INFO - Started process (PID=2429) to work on /home/airflow/.local/lib/python3.7/site-packages/airflow/example_dags/example_branch_datetime_operator.py
[2023-03-28 22:24:25,330] {processor.py:641} INFO - Processing file /home/airflow/.local/lib/python3.7/site-packages/airflow/example_dags/example_branch_datetime_operator.py for tasks to queue
[2023-03-28 22:24:25,331] {logging_mixin.py:115} INFO - [2023-03-28 22:24:25,331] {dagbag.py:507} INFO - Filling up the DagBag from /home/airflow/.local/lib/python3.7/site-packages/airflow/example_dags/example_branch_datetime_operator.py
[2023-03-28 22:24:25,336] {processor.py:651} INFO - DAG(s) dict_keys(['example_branch_datetime_operator_2']) retrieved from /home/airflow/.local/lib/python3.7/site-packages/airflow/example_dags/example_branch_datetime_operator.py
[2023-03-28 22:24:25,355] {logging_mixin.py:115} INFO - [2023-03-28 22:24:25,355] {dag.py:2371} INFO - Sync 1 DAGs
[2023-03-28 22:24:25,376] {logging_mixin.py:115} INFO - [2023-03-28 22:24:25,376] {dag.py:2919} INFO - Setting next_dagrun for example_branch_datetime_operator_2 to 2023-03-27T00:00:00+00:00, run_after=2023-03-28T00:00:00+00:00
[2023-03-28 22:24:25,388] {processor.py:161} INFO - Processing /home/airflow/.local/lib/python3.7/site-packages/airflow/example_dags/example_branch_datetime_operator.py took 0.059 seconds
[2023-03-28 22:24:55,969] {processor.py:153} INFO - Started process (PID=2484) to work on /home/airflow/.local/lib/python3.7/site-packages/airflow/example_dags/example_branch_datetime_operator.py
[2023-03-28 22:24:55,970] {processor.py:641} INFO - Processing file /home/airflow/.local/lib/python3.7/site-packages/airflow/example_dags/example_branch_datetime_operator.py for tasks to queue
[2023-03-28 22:24:55,971] {logging_mixin.py:115} INFO - [2023-03-28 22:24:55,970] {dagbag.py:507} INFO - Filling up the DagBag from /home/airflow/.local/lib/python3.7/site-packages/airflow/example_dags/example_branch_datetime_operator.py
[2023-03-28 22:24:55,976] {processor.py:651} INFO - DAG(s) dict_keys(['example_branch_datetime_operator_2']) retrieved from /home/airflow/.local/lib/python3.7/site-packages/airflow/example_dags/example_branch_datetime_operator.py
[2023-03-28 22:24:55,998] {logging_mixin.py:115} INFO - [2023-03-28 22:24:55,997] {dag.py:2371} INFO - Sync 1 DAGs
[2023-03-28 22:24:56,020] {logging_mixin.py:115} INFO - [2023-03-28 22:24:56,020] {dag.py:2919} INFO - Setting next_dagrun for example_branch_datetime_operator_2 to 2023-03-27T00:00:00+00:00, run_after=2023-03-28T00:00:00+00:00
[2023-03-28 22:24:56,033] {processor.py:161} INFO - Processing /home/airflow/.local/lib/python3.7/site-packages/airflow/example_dags/example_branch_datetime_operator.py took 0.066 seconds
[2023-03-28 22:25:26,957] {processor.py:153} INFO - Started process (PID=2548) to work on /home/airflow/.local/lib/python3.7/site-packages/airflow/example_dags/example_branch_datetime_operator.py
[2023-03-28 22:25:26,958] {processor.py:641} INFO - Processing file /home/airflow/.local/lib/python3.7/site-packages/airflow/example_dags/example_branch_datetime_operator.py for tasks to queue
[2023-03-28 22:25:26,958] {logging_mixin.py:115} INFO - [2023-03-28 22:25:26,958] {dagbag.py:507} INFO - Filling up the DagBag from /home/airflow/.local/lib/python3.7/site-packages/airflow/example_dags/example_branch_datetime_operator.py
[2023-03-28 22:25:26,963] {processor.py:651} INFO - DAG(s) dict_keys(['example_branch_datetime_operator_2']) retrieved from /home/airflow/.local/lib/python3.7/site-packages/airflow/example_dags/example_branch_datetime_operator.py
[2023-03-28 22:25:26,984] {logging_mixin.py:115} INFO - [2023-03-28 22:25:26,983] {dag.py:2371} INFO - Sync 1 DAGs
[2023-03-28 22:25:27,006] {logging_mixin.py:115} INFO - [2023-03-28 22:25:27,006] {dag.py:2919} INFO - Setting next_dagrun for example_branch_datetime_operator_2 to 2023-03-27T00:00:00+00:00, run_after=2023-03-28T00:00:00+00:00
[2023-03-28 22:25:27,018] {processor.py:161} INFO - Processing /home/airflow/.local/lib/python3.7/site-packages/airflow/example_dags/example_branch_datetime_operator.py took 0.063 seconds
[2023-03-28 22:25:57,730] {processor.py:153} INFO - Started process (PID=2612) to work on /home/airflow/.local/lib/python3.7/site-packages/airflow/example_dags/example_branch_datetime_operator.py
[2023-03-28 22:25:57,730] {processor.py:641} INFO - Processing file /home/airflow/.local/lib/python3.7/site-packages/airflow/example_dags/example_branch_datetime_operator.py for tasks to queue
[2023-03-28 22:25:57,730] {logging_mixin.py:115} INFO - [2023-03-28 22:25:57,730] {dagbag.py:507} INFO - Filling up the DagBag from /home/airflow/.local/lib/python3.7/site-packages/airflow/example_dags/example_branch_datetime_operator.py
[2023-03-28 22:25:57,735] {processor.py:651} INFO - DAG(s) dict_keys(['example_branch_datetime_operator_2']) retrieved from /home/airflow/.local/lib/python3.7/site-packages/airflow/example_dags/example_branch_datetime_operator.py
[2023-03-28 22:25:57,755] {logging_mixin.py:115} INFO - [2023-03-28 22:25:57,755] {dag.py:2371} INFO - Sync 1 DAGs
[2023-03-28 22:25:57,775] {logging_mixin.py:115} INFO - [2023-03-28 22:25:57,775] {dag.py:2919} INFO - Setting next_dagrun for example_branch_datetime_operator_2 to 2023-03-27T00:00:00+00:00, run_after=2023-03-28T00:00:00+00:00
[2023-03-28 22:25:57,786] {processor.py:161} INFO - Processing /home/airflow/.local/lib/python3.7/site-packages/airflow/example_dags/example_branch_datetime_operator.py took 0.058 seconds
[2023-03-28 22:26:28,832] {processor.py:153} INFO - Started process (PID=2677) to work on /home/airflow/.local/lib/python3.7/site-packages/airflow/example_dags/example_branch_datetime_operator.py
[2023-03-28 22:26:28,833] {processor.py:641} INFO - Processing file /home/airflow/.local/lib/python3.7/site-packages/airflow/example_dags/example_branch_datetime_operator.py for tasks to queue
[2023-03-28 22:26:28,834] {logging_mixin.py:115} INFO - [2023-03-28 22:26:28,834] {dagbag.py:507} INFO - Filling up the DagBag from /home/airflow/.local/lib/python3.7/site-packages/airflow/example_dags/example_branch_datetime_operator.py
[2023-03-28 22:26:28,839] {processor.py:651} INFO - DAG(s) dict_keys(['example_branch_datetime_operator_2']) retrieved from /home/airflow/.local/lib/python3.7/site-packages/airflow/example_dags/example_branch_datetime_operator.py
[2023-03-28 22:26:28,863] {logging_mixin.py:115} INFO - [2023-03-28 22:26:28,863] {dag.py:2371} INFO - Sync 1 DAGs
[2023-03-28 22:26:28,888] {logging_mixin.py:115} INFO - [2023-03-28 22:26:28,887] {dag.py:2919} INFO - Setting next_dagrun for example_branch_datetime_operator_2 to 2023-03-27T00:00:00+00:00, run_after=2023-03-28T00:00:00+00:00
[2023-03-28 22:26:28,902] {processor.py:161} INFO - Processing /home/airflow/.local/lib/python3.7/site-packages/airflow/example_dags/example_branch_datetime_operator.py took 0.072 seconds
[2023-03-28 22:26:59,836] {processor.py:153} INFO - Started process (PID=2732) to work on /home/airflow/.local/lib/python3.7/site-packages/airflow/example_dags/example_branch_datetime_operator.py
[2023-03-28 22:26:59,837] {processor.py:641} INFO - Processing file /home/airflow/.local/lib/python3.7/site-packages/airflow/example_dags/example_branch_datetime_operator.py for tasks to queue
[2023-03-28 22:26:59,837] {logging_mixin.py:115} INFO - [2023-03-28 22:26:59,837] {dagbag.py:507} INFO - Filling up the DagBag from /home/airflow/.local/lib/python3.7/site-packages/airflow/example_dags/example_branch_datetime_operator.py
[2023-03-28 22:26:59,842] {processor.py:651} INFO - DAG(s) dict_keys(['example_branch_datetime_operator_2']) retrieved from /home/airflow/.local/lib/python3.7/site-packages/airflow/example_dags/example_branch_datetime_operator.py
[2023-03-28 22:26:59,864] {logging_mixin.py:115} INFO - [2023-03-28 22:26:59,864] {dag.py:2371} INFO - Sync 1 DAGs
[2023-03-28 22:26:59,885] {logging_mixin.py:115} INFO - [2023-03-28 22:26:59,885] {dag.py:2919} INFO - Setting next_dagrun for example_branch_datetime_operator_2 to 2023-03-27T00:00:00+00:00, run_after=2023-03-28T00:00:00+00:00
[2023-03-28 22:26:59,897] {processor.py:161} INFO - Processing /home/airflow/.local/lib/python3.7/site-packages/airflow/example_dags/example_branch_datetime_operator.py took 0.063 seconds
[2023-03-28 22:27:30,462] {processor.py:153} INFO - Started process (PID=2798) to work on /home/airflow/.local/lib/python3.7/site-packages/airflow/example_dags/example_branch_datetime_operator.py
[2023-03-28 22:27:30,463] {processor.py:641} INFO - Processing file /home/airflow/.local/lib/python3.7/site-packages/airflow/example_dags/example_branch_datetime_operator.py for tasks to queue
[2023-03-28 22:27:30,463] {logging_mixin.py:115} INFO - [2023-03-28 22:27:30,463] {dagbag.py:507} INFO - Filling up the DagBag from /home/airflow/.local/lib/python3.7/site-packages/airflow/example_dags/example_branch_datetime_operator.py
[2023-03-28 22:27:30,469] {processor.py:651} INFO - DAG(s) dict_keys(['example_branch_datetime_operator_2']) retrieved from /home/airflow/.local/lib/python3.7/site-packages/airflow/example_dags/example_branch_datetime_operator.py
[2023-03-28 22:27:30,489] {logging_mixin.py:115} INFO - [2023-03-28 22:27:30,489] {dag.py:2371} INFO - Sync 1 DAGs
[2023-03-28 22:27:30,508] {logging_mixin.py:115} INFO - [2023-03-28 22:27:30,508] {dag.py:2919} INFO - Setting next_dagrun for example_branch_datetime_operator_2 to 2023-03-27T00:00:00+00:00, run_after=2023-03-28T00:00:00+00:00
[2023-03-28 22:27:30,519] {processor.py:161} INFO - Processing /home/airflow/.local/lib/python3.7/site-packages/airflow/example_dags/example_branch_datetime_operator.py took 0.060 seconds
[2023-03-28 22:28:01,161] {processor.py:153} INFO - Started process (PID=2862) to work on /home/airflow/.local/lib/python3.7/site-packages/airflow/example_dags/example_branch_datetime_operator.py
[2023-03-28 22:28:01,161] {processor.py:641} INFO - Processing file /home/airflow/.local/lib/python3.7/site-packages/airflow/example_dags/example_branch_datetime_operator.py for tasks to queue
[2023-03-28 22:28:01,162] {logging_mixin.py:115} INFO - [2023-03-28 22:28:01,162] {dagbag.py:507} INFO - Filling up the DagBag from /home/airflow/.local/lib/python3.7/site-packages/airflow/example_dags/example_branch_datetime_operator.py
[2023-03-28 22:28:01,168] {processor.py:651} INFO - DAG(s) dict_keys(['example_branch_datetime_operator_2']) retrieved from /home/airflow/.local/lib/python3.7/site-packages/airflow/example_dags/example_branch_datetime_operator.py
[2023-03-28 22:28:01,190] {logging_mixin.py:115} INFO - [2023-03-28 22:28:01,190] {dag.py:2371} INFO - Sync 1 DAGs
[2023-03-28 22:28:01,211] {logging_mixin.py:115} INFO - [2023-03-28 22:28:01,211] {dag.py:2919} INFO - Setting next_dagrun for example_branch_datetime_operator_2 to 2023-03-27T00:00:00+00:00, run_after=2023-03-28T00:00:00+00:00
[2023-03-28 22:28:01,223] {processor.py:161} INFO - Processing /home/airflow/.local/lib/python3.7/site-packages/airflow/example_dags/example_branch_datetime_operator.py took 0.064 seconds
[2023-03-28 22:28:32,051] {processor.py:153} INFO - Started process (PID=2924) to work on /home/airflow/.local/lib/python3.7/site-packages/airflow/example_dags/example_branch_datetime_operator.py
[2023-03-28 22:28:32,052] {processor.py:641} INFO - Processing file /home/airflow/.local/lib/python3.7/site-packages/airflow/example_dags/example_branch_datetime_operator.py for tasks to queue
[2023-03-28 22:28:32,053] {logging_mixin.py:115} INFO - [2023-03-28 22:28:32,053] {dagbag.py:507} INFO - Filling up the DagBag from /home/airflow/.local/lib/python3.7/site-packages/airflow/example_dags/example_branch_datetime_operator.py
[2023-03-28 22:28:32,058] {processor.py:651} INFO - DAG(s) dict_keys(['example_branch_datetime_operator_2']) retrieved from /home/airflow/.local/lib/python3.7/site-packages/airflow/example_dags/example_branch_datetime_operator.py
[2023-03-28 22:28:32,082] {logging_mixin.py:115} INFO - [2023-03-28 22:28:32,082] {dag.py:2371} INFO - Sync 1 DAGs
[2023-03-28 22:28:32,104] {logging_mixin.py:115} INFO - [2023-03-28 22:28:32,104] {dag.py:2919} INFO - Setting next_dagrun for example_branch_datetime_operator_2 to 2023-03-27T00:00:00+00:00, run_after=2023-03-28T00:00:00+00:00
[2023-03-28 22:28:32,119] {processor.py:161} INFO - Processing /home/airflow/.local/lib/python3.7/site-packages/airflow/example_dags/example_branch_datetime_operator.py took 0.070 seconds
[2023-03-28 22:29:02,258] {processor.py:153} INFO - Started process (PID=2981) to work on /home/airflow/.local/lib/python3.7/site-packages/airflow/example_dags/example_branch_datetime_operator.py
[2023-03-28 22:29:02,259] {processor.py:641} INFO - Processing file /home/airflow/.local/lib/python3.7/site-packages/airflow/example_dags/example_branch_datetime_operator.py for tasks to queue
[2023-03-28 22:29:02,259] {logging_mixin.py:115} INFO - [2023-03-28 22:29:02,259] {dagbag.py:507} INFO - Filling up the DagBag from /home/airflow/.local/lib/python3.7/site-packages/airflow/example_dags/example_branch_datetime_operator.py
[2023-03-28 22:29:02,265] {processor.py:651} INFO - DAG(s) dict_keys(['example_branch_datetime_operator_2']) retrieved from /home/airflow/.local/lib/python3.7/site-packages/airflow/example_dags/example_branch_datetime_operator.py
[2023-03-28 22:29:02,286] {logging_mixin.py:115} INFO - [2023-03-28 22:29:02,286] {dag.py:2371} INFO - Sync 1 DAGs
[2023-03-28 22:29:02,307] {logging_mixin.py:115} INFO - [2023-03-28 22:29:02,307] {dag.py:2919} INFO - Setting next_dagrun for example_branch_datetime_operator_2 to 2023-03-27T00:00:00+00:00, run_after=2023-03-28T00:00:00+00:00
[2023-03-28 22:29:02,319] {processor.py:161} INFO - Processing /home/airflow/.local/lib/python3.7/site-packages/airflow/example_dags/example_branch_datetime_operator.py took 0.063 seconds
[2023-03-28 22:29:32,963] {processor.py:153} INFO - Started process (PID=3045) to work on /home/airflow/.local/lib/python3.7/site-packages/airflow/example_dags/example_branch_datetime_operator.py
[2023-03-28 22:29:32,964] {processor.py:641} INFO - Processing file /home/airflow/.local/lib/python3.7/site-packages/airflow/example_dags/example_branch_datetime_operator.py for tasks to queue
[2023-03-28 22:29:32,964] {logging_mixin.py:115} INFO - [2023-03-28 22:29:32,964] {dagbag.py:507} INFO - Filling up the DagBag from /home/airflow/.local/lib/python3.7/site-packages/airflow/example_dags/example_branch_datetime_operator.py
[2023-03-28 22:29:32,971] {processor.py:651} INFO - DAG(s) dict_keys(['example_branch_datetime_operator_2']) retrieved from /home/airflow/.local/lib/python3.7/site-packages/airflow/example_dags/example_branch_datetime_operator.py
[2023-03-28 22:29:32,991] {logging_mixin.py:115} INFO - [2023-03-28 22:29:32,991] {dag.py:2371} INFO - Sync 1 DAGs
[2023-03-28 22:29:33,012] {logging_mixin.py:115} INFO - [2023-03-28 22:29:33,012] {dag.py:2919} INFO - Setting next_dagrun for example_branch_datetime_operator_2 to 2023-03-27T00:00:00+00:00, run_after=2023-03-28T00:00:00+00:00
[2023-03-28 22:29:33,024] {processor.py:161} INFO - Processing /home/airflow/.local/lib/python3.7/site-packages/airflow/example_dags/example_branch_datetime_operator.py took 0.063 seconds
[2023-03-28 22:30:03,355] {processor.py:153} INFO - Started process (PID=3109) to work on /home/airflow/.local/lib/python3.7/site-packages/airflow/example_dags/example_branch_datetime_operator.py
[2023-03-28 22:30:03,356] {processor.py:641} INFO - Processing file /home/airflow/.local/lib/python3.7/site-packages/airflow/example_dags/example_branch_datetime_operator.py for tasks to queue
[2023-03-28 22:30:03,356] {logging_mixin.py:115} INFO - [2023-03-28 22:30:03,356] {dagbag.py:507} INFO - Filling up the DagBag from /home/airflow/.local/lib/python3.7/site-packages/airflow/example_dags/example_branch_datetime_operator.py
[2023-03-28 22:30:03,362] {processor.py:651} INFO - DAG(s) dict_keys(['example_branch_datetime_operator_2']) retrieved from /home/airflow/.local/lib/python3.7/site-packages/airflow/example_dags/example_branch_datetime_operator.py
[2023-03-28 22:30:03,384] {logging_mixin.py:115} INFO - [2023-03-28 22:30:03,383] {dag.py:2371} INFO - Sync 1 DAGs
[2023-03-28 22:30:03,404] {logging_mixin.py:115} INFO - [2023-03-28 22:30:03,404] {dag.py:2919} INFO - Setting next_dagrun for example_branch_datetime_operator_2 to 2023-03-27T00:00:00+00:00, run_after=2023-03-28T00:00:00+00:00
[2023-03-28 22:30:03,417] {processor.py:161} INFO - Processing /home/airflow/.local/lib/python3.7/site-packages/airflow/example_dags/example_branch_datetime_operator.py took 0.063 seconds
[2023-03-28 22:30:33,769] {processor.py:153} INFO - Started process (PID=3164) to work on /home/airflow/.local/lib/python3.7/site-packages/airflow/example_dags/example_branch_datetime_operator.py
[2023-03-28 22:30:33,770] {processor.py:641} INFO - Processing file /home/airflow/.local/lib/python3.7/site-packages/airflow/example_dags/example_branch_datetime_operator.py for tasks to queue
[2023-03-28 22:30:33,770] {logging_mixin.py:115} INFO - [2023-03-28 22:30:33,770] {dagbag.py:507} INFO - Filling up the DagBag from /home/airflow/.local/lib/python3.7/site-packages/airflow/example_dags/example_branch_datetime_operator.py
[2023-03-28 22:30:33,775] {processor.py:651} INFO - DAG(s) dict_keys(['example_branch_datetime_operator_2']) retrieved from /home/airflow/.local/lib/python3.7/site-packages/airflow/example_dags/example_branch_datetime_operator.py
[2023-03-28 22:30:33,795] {logging_mixin.py:115} INFO - [2023-03-28 22:30:33,795] {dag.py:2371} INFO - Sync 1 DAGs
[2023-03-28 22:30:33,814] {logging_mixin.py:115} INFO - [2023-03-28 22:30:33,814] {dag.py:2919} INFO - Setting next_dagrun for example_branch_datetime_operator_2 to 2023-03-27T00:00:00+00:00, run_after=2023-03-28T00:00:00+00:00
[2023-03-28 22:30:33,826] {processor.py:161} INFO - Processing /home/airflow/.local/lib/python3.7/site-packages/airflow/example_dags/example_branch_datetime_operator.py took 0.058 seconds
[2023-03-28 22:31:03,888] {processor.py:153} INFO - Started process (PID=3228) to work on /home/airflow/.local/lib/python3.7/site-packages/airflow/example_dags/example_branch_datetime_operator.py
[2023-03-28 22:31:03,889] {processor.py:641} INFO - Processing file /home/airflow/.local/lib/python3.7/site-packages/airflow/example_dags/example_branch_datetime_operator.py for tasks to queue
[2023-03-28 22:31:03,889] {logging_mixin.py:115} INFO - [2023-03-28 22:31:03,889] {dagbag.py:507} INFO - Filling up the DagBag from /home/airflow/.local/lib/python3.7/site-packages/airflow/example_dags/example_branch_datetime_operator.py
[2023-03-28 22:31:03,894] {processor.py:651} INFO - DAG(s) dict_keys(['example_branch_datetime_operator_2']) retrieved from /home/airflow/.local/lib/python3.7/site-packages/airflow/example_dags/example_branch_datetime_operator.py
[2023-03-28 22:31:03,914] {logging_mixin.py:115} INFO - [2023-03-28 22:31:03,914] {dag.py:2371} INFO - Sync 1 DAGs
[2023-03-28 22:31:03,934] {logging_mixin.py:115} INFO - [2023-03-28 22:31:03,934] {dag.py:2919} INFO - Setting next_dagrun for example_branch_datetime_operator_2 to 2023-03-27T00:00:00+00:00, run_after=2023-03-28T00:00:00+00:00
[2023-03-28 22:31:03,947] {processor.py:161} INFO - Processing /home/airflow/.local/lib/python3.7/site-packages/airflow/example_dags/example_branch_datetime_operator.py took 0.061 seconds
[2023-03-28 22:31:34,298] {processor.py:153} INFO - Started process (PID=3292) to work on /home/airflow/.local/lib/python3.7/site-packages/airflow/example_dags/example_branch_datetime_operator.py
[2023-03-28 22:31:34,299] {processor.py:641} INFO - Processing file /home/airflow/.local/lib/python3.7/site-packages/airflow/example_dags/example_branch_datetime_operator.py for tasks to queue
[2023-03-28 22:31:34,300] {logging_mixin.py:115} INFO - [2023-03-28 22:31:34,300] {dagbag.py:507} INFO - Filling up the DagBag from /home/airflow/.local/lib/python3.7/site-packages/airflow/example_dags/example_branch_datetime_operator.py
[2023-03-28 22:31:34,305] {processor.py:651} INFO - DAG(s) dict_keys(['example_branch_datetime_operator_2']) retrieved from /home/airflow/.local/lib/python3.7/site-packages/airflow/example_dags/example_branch_datetime_operator.py
[2023-03-28 22:31:34,331] {logging_mixin.py:115} INFO - [2023-03-28 22:31:34,331] {dag.py:2371} INFO - Sync 1 DAGs
[2023-03-28 22:31:34,354] {logging_mixin.py:115} INFO - [2023-03-28 22:31:34,354] {dag.py:2919} INFO - Setting next_dagrun for example_branch_datetime_operator_2 to 2023-03-27T00:00:00+00:00, run_after=2023-03-28T00:00:00+00:00
[2023-03-28 22:31:34,368] {processor.py:161} INFO - Processing /home/airflow/.local/lib/python3.7/site-packages/airflow/example_dags/example_branch_datetime_operator.py took 0.071 seconds
[2023-03-28 22:32:04,659] {processor.py:153} INFO - Started process (PID=3347) to work on /home/airflow/.local/lib/python3.7/site-packages/airflow/example_dags/example_branch_datetime_operator.py
[2023-03-28 22:32:04,660] {processor.py:641} INFO - Processing file /home/airflow/.local/lib/python3.7/site-packages/airflow/example_dags/example_branch_datetime_operator.py for tasks to queue
[2023-03-28 22:32:04,661] {logging_mixin.py:115} INFO - [2023-03-28 22:32:04,661] {dagbag.py:507} INFO - Filling up the DagBag from /home/airflow/.local/lib/python3.7/site-packages/airflow/example_dags/example_branch_datetime_operator.py
[2023-03-28 22:32:04,667] {processor.py:651} INFO - DAG(s) dict_keys(['example_branch_datetime_operator_2']) retrieved from /home/airflow/.local/lib/python3.7/site-packages/airflow/example_dags/example_branch_datetime_operator.py
[2023-03-28 22:32:04,690] {logging_mixin.py:115} INFO - [2023-03-28 22:32:04,690] {dag.py:2371} INFO - Sync 1 DAGs
[2023-03-28 22:32:04,711] {logging_mixin.py:115} INFO - [2023-03-28 22:32:04,711] {dag.py:2919} INFO - Setting next_dagrun for example_branch_datetime_operator_2 to 2023-03-27T00:00:00+00:00, run_after=2023-03-28T00:00:00+00:00
[2023-03-28 22:32:04,724] {processor.py:161} INFO - Processing /home/airflow/.local/lib/python3.7/site-packages/airflow/example_dags/example_branch_datetime_operator.py took 0.067 seconds
[2023-03-28 22:32:35,167] {processor.py:153} INFO - Started process (PID=3411) to work on /home/airflow/.local/lib/python3.7/site-packages/airflow/example_dags/example_branch_datetime_operator.py
[2023-03-28 22:32:35,168] {processor.py:641} INFO - Processing file /home/airflow/.local/lib/python3.7/site-packages/airflow/example_dags/example_branch_datetime_operator.py for tasks to queue
[2023-03-28 22:32:35,169] {logging_mixin.py:115} INFO - [2023-03-28 22:32:35,169] {dagbag.py:507} INFO - Filling up the DagBag from /home/airflow/.local/lib/python3.7/site-packages/airflow/example_dags/example_branch_datetime_operator.py
[2023-03-28 22:32:35,175] {processor.py:651} INFO - DAG(s) dict_keys(['example_branch_datetime_operator_2']) retrieved from /home/airflow/.local/lib/python3.7/site-packages/airflow/example_dags/example_branch_datetime_operator.py
[2023-03-28 22:32:35,204] {logging_mixin.py:115} INFO - [2023-03-28 22:32:35,204] {dag.py:2371} INFO - Sync 1 DAGs
[2023-03-28 22:32:35,228] {logging_mixin.py:115} INFO - [2023-03-28 22:32:35,228] {dag.py:2919} INFO - Setting next_dagrun for example_branch_datetime_operator_2 to 2023-03-27T00:00:00+00:00, run_after=2023-03-28T00:00:00+00:00
[2023-03-28 22:32:35,241] {processor.py:161} INFO - Processing /home/airflow/.local/lib/python3.7/site-packages/airflow/example_dags/example_branch_datetime_operator.py took 0.076 seconds
[2023-03-28 22:33:05,336] {processor.py:153} INFO - Started process (PID=3475) to work on /home/airflow/.local/lib/python3.7/site-packages/airflow/example_dags/example_branch_datetime_operator.py
[2023-03-28 22:33:05,337] {processor.py:641} INFO - Processing file /home/airflow/.local/lib/python3.7/site-packages/airflow/example_dags/example_branch_datetime_operator.py for tasks to queue
[2023-03-28 22:33:05,337] {logging_mixin.py:115} INFO - [2023-03-28 22:33:05,337] {dagbag.py:507} INFO - Filling up the DagBag from /home/airflow/.local/lib/python3.7/site-packages/airflow/example_dags/example_branch_datetime_operator.py
[2023-03-28 22:33:05,344] {processor.py:651} INFO - DAG(s) dict_keys(['example_branch_datetime_operator_2']) retrieved from /home/airflow/.local/lib/python3.7/site-packages/airflow/example_dags/example_branch_datetime_operator.py
[2023-03-28 22:33:05,367] {logging_mixin.py:115} INFO - [2023-03-28 22:33:05,367] {dag.py:2371} INFO - Sync 1 DAGs
[2023-03-28 22:33:05,390] {logging_mixin.py:115} INFO - [2023-03-28 22:33:05,390] {dag.py:2919} INFO - Setting next_dagrun for example_branch_datetime_operator_2 to 2023-03-27T00:00:00+00:00, run_after=2023-03-28T00:00:00+00:00
[2023-03-28 22:33:05,404] {processor.py:161} INFO - Processing /home/airflow/.local/lib/python3.7/site-packages/airflow/example_dags/example_branch_datetime_operator.py took 0.070 seconds
[2023-03-28 22:33:35,843] {processor.py:153} INFO - Started process (PID=3530) to work on /home/airflow/.local/lib/python3.7/site-packages/airflow/example_dags/example_branch_datetime_operator.py
[2023-03-28 22:33:35,844] {processor.py:641} INFO - Processing file /home/airflow/.local/lib/python3.7/site-packages/airflow/example_dags/example_branch_datetime_operator.py for tasks to queue
[2023-03-28 22:33:35,844] {logging_mixin.py:115} INFO - [2023-03-28 22:33:35,844] {dagbag.py:507} INFO - Filling up the DagBag from /home/airflow/.local/lib/python3.7/site-packages/airflow/example_dags/example_branch_datetime_operator.py
[2023-03-28 22:33:35,849] {processor.py:651} INFO - DAG(s) dict_keys(['example_branch_datetime_operator_2']) retrieved from /home/airflow/.local/lib/python3.7/site-packages/airflow/example_dags/example_branch_datetime_operator.py
[2023-03-28 22:33:35,871] {logging_mixin.py:115} INFO - [2023-03-28 22:33:35,871] {dag.py:2371} INFO - Sync 1 DAGs
[2023-03-28 22:33:35,891] {logging_mixin.py:115} INFO - [2023-03-28 22:33:35,891] {dag.py:2919} INFO - Setting next_dagrun for example_branch_datetime_operator_2 to 2023-03-27T00:00:00+00:00, run_after=2023-03-28T00:00:00+00:00
[2023-03-28 22:33:35,902] {processor.py:161} INFO - Processing /home/airflow/.local/lib/python3.7/site-packages/airflow/example_dags/example_branch_datetime_operator.py took 0.061 seconds
[2023-03-28 22:34:06,225] {processor.py:153} INFO - Started process (PID=3594) to work on /home/airflow/.local/lib/python3.7/site-packages/airflow/example_dags/example_branch_datetime_operator.py
[2023-03-28 22:34:06,225] {processor.py:641} INFO - Processing file /home/airflow/.local/lib/python3.7/site-packages/airflow/example_dags/example_branch_datetime_operator.py for tasks to queue
[2023-03-28 22:34:06,225] {logging_mixin.py:115} INFO - [2023-03-28 22:34:06,225] {dagbag.py:507} INFO - Filling up the DagBag from /home/airflow/.local/lib/python3.7/site-packages/airflow/example_dags/example_branch_datetime_operator.py
[2023-03-28 22:34:06,231] {processor.py:651} INFO - DAG(s) dict_keys(['example_branch_datetime_operator_2']) retrieved from /home/airflow/.local/lib/python3.7/site-packages/airflow/example_dags/example_branch_datetime_operator.py
[2023-03-28 22:34:06,252] {logging_mixin.py:115} INFO - [2023-03-28 22:34:06,252] {dag.py:2371} INFO - Sync 1 DAGs
[2023-03-28 22:34:06,273] {logging_mixin.py:115} INFO - [2023-03-28 22:34:06,273] {dag.py:2919} INFO - Setting next_dagrun for example_branch_datetime_operator_2 to 2023-03-27T00:00:00+00:00, run_after=2023-03-28T00:00:00+00:00
[2023-03-28 22:34:06,285] {processor.py:161} INFO - Processing /home/airflow/.local/lib/python3.7/site-packages/airflow/example_dags/example_branch_datetime_operator.py took 0.063 seconds
[2023-03-28 22:34:36,544] {processor.py:153} INFO - Started process (PID=3658) to work on /home/airflow/.local/lib/python3.7/site-packages/airflow/example_dags/example_branch_datetime_operator.py
[2023-03-28 22:34:36,545] {processor.py:641} INFO - Processing file /home/airflow/.local/lib/python3.7/site-packages/airflow/example_dags/example_branch_datetime_operator.py for tasks to queue
[2023-03-28 22:34:36,545] {logging_mixin.py:115} INFO - [2023-03-28 22:34:36,545] {dagbag.py:507} INFO - Filling up the DagBag from /home/airflow/.local/lib/python3.7/site-packages/airflow/example_dags/example_branch_datetime_operator.py
[2023-03-28 22:34:36,552] {processor.py:651} INFO - DAG(s) dict_keys(['example_branch_datetime_operator_2']) retrieved from /home/airflow/.local/lib/python3.7/site-packages/airflow/example_dags/example_branch_datetime_operator.py
[2023-03-28 22:34:36,577] {logging_mixin.py:115} INFO - [2023-03-28 22:34:36,577] {dag.py:2371} INFO - Sync 1 DAGs
[2023-03-28 22:34:36,598] {logging_mixin.py:115} INFO - [2023-03-28 22:34:36,598] {dag.py:2919} INFO - Setting next_dagrun for example_branch_datetime_operator_2 to 2023-03-27T00:00:00+00:00, run_after=2023-03-28T00:00:00+00:00
[2023-03-28 22:34:36,612] {processor.py:161} INFO - Processing /home/airflow/.local/lib/python3.7/site-packages/airflow/example_dags/example_branch_datetime_operator.py took 0.070 seconds
[2023-03-28 22:35:07,143] {processor.py:153} INFO - Started process (PID=3713) to work on /home/airflow/.local/lib/python3.7/site-packages/airflow/example_dags/example_branch_datetime_operator.py
[2023-03-28 22:35:07,144] {processor.py:641} INFO - Processing file /home/airflow/.local/lib/python3.7/site-packages/airflow/example_dags/example_branch_datetime_operator.py for tasks to queue
[2023-03-28 22:35:07,144] {logging_mixin.py:115} INFO - [2023-03-28 22:35:07,144] {dagbag.py:507} INFO - Filling up the DagBag from /home/airflow/.local/lib/python3.7/site-packages/airflow/example_dags/example_branch_datetime_operator.py
[2023-03-28 22:35:07,149] {processor.py:651} INFO - DAG(s) dict_keys(['example_branch_datetime_operator_2']) retrieved from /home/airflow/.local/lib/python3.7/site-packages/airflow/example_dags/example_branch_datetime_operator.py
[2023-03-28 22:35:07,170] {logging_mixin.py:115} INFO - [2023-03-28 22:35:07,170] {dag.py:2371} INFO - Sync 1 DAGs
[2023-03-28 22:35:07,190] {logging_mixin.py:115} INFO - [2023-03-28 22:35:07,189] {dag.py:2919} INFO - Setting next_dagrun for example_branch_datetime_operator_2 to 2023-03-27T00:00:00+00:00, run_after=2023-03-28T00:00:00+00:00
[2023-03-28 22:35:07,202] {processor.py:161} INFO - Processing /home/airflow/.local/lib/python3.7/site-packages/airflow/example_dags/example_branch_datetime_operator.py took 0.061 seconds
[2023-03-28 22:35:37,999] {processor.py:153} INFO - Started process (PID=3778) to work on /home/airflow/.local/lib/python3.7/site-packages/airflow/example_dags/example_branch_datetime_operator.py
[2023-03-28 22:35:38,000] {processor.py:641} INFO - Processing file /home/airflow/.local/lib/python3.7/site-packages/airflow/example_dags/example_branch_datetime_operator.py for tasks to queue
[2023-03-28 22:35:38,001] {logging_mixin.py:115} INFO - [2023-03-28 22:35:38,001] {dagbag.py:507} INFO - Filling up the DagBag from /home/airflow/.local/lib/python3.7/site-packages/airflow/example_dags/example_branch_datetime_operator.py
[2023-03-28 22:35:38,009] {processor.py:651} INFO - DAG(s) dict_keys(['example_branch_datetime_operator_2']) retrieved from /home/airflow/.local/lib/python3.7/site-packages/airflow/example_dags/example_branch_datetime_operator.py
[2023-03-28 22:35:38,031] {logging_mixin.py:115} INFO - [2023-03-28 22:35:38,031] {dag.py:2371} INFO - Sync 1 DAGs
[2023-03-28 22:35:38,054] {logging_mixin.py:115} INFO - [2023-03-28 22:35:38,054] {dag.py:2919} INFO - Setting next_dagrun for example_branch_datetime_operator_2 to 2023-03-27T00:00:00+00:00, run_after=2023-03-28T00:00:00+00:00
[2023-03-28 22:35:38,067] {processor.py:161} INFO - Processing /home/airflow/.local/lib/python3.7/site-packages/airflow/example_dags/example_branch_datetime_operator.py took 0.071 seconds
[2023-03-28 22:36:08,516] {processor.py:153} INFO - Started process (PID=3842) to work on /home/airflow/.local/lib/python3.7/site-packages/airflow/example_dags/example_branch_datetime_operator.py
[2023-03-28 22:36:08,517] {processor.py:641} INFO - Processing file /home/airflow/.local/lib/python3.7/site-packages/airflow/example_dags/example_branch_datetime_operator.py for tasks to queue
[2023-03-28 22:36:08,517] {logging_mixin.py:115} INFO - [2023-03-28 22:36:08,517] {dagbag.py:507} INFO - Filling up the DagBag from /home/airflow/.local/lib/python3.7/site-packages/airflow/example_dags/example_branch_datetime_operator.py
[2023-03-28 22:36:08,523] {processor.py:651} INFO - DAG(s) dict_keys(['example_branch_datetime_operator_2']) retrieved from /home/airflow/.local/lib/python3.7/site-packages/airflow/example_dags/example_branch_datetime_operator.py
[2023-03-28 22:36:08,548] {logging_mixin.py:115} INFO - [2023-03-28 22:36:08,548] {dag.py:2371} INFO - Sync 1 DAGs
[2023-03-28 22:36:08,571] {logging_mixin.py:115} INFO - [2023-03-28 22:36:08,571] {dag.py:2919} INFO - Setting next_dagrun for example_branch_datetime_operator_2 to 2023-03-27T00:00:00+00:00, run_after=2023-03-28T00:00:00+00:00
[2023-03-28 22:36:08,588] {processor.py:161} INFO - Processing /home/airflow/.local/lib/python3.7/site-packages/airflow/example_dags/example_branch_datetime_operator.py took 0.074 seconds
[2023-03-28 22:36:39,470] {processor.py:153} INFO - Started process (PID=3899) to work on /home/airflow/.local/lib/python3.7/site-packages/airflow/example_dags/example_branch_datetime_operator.py
[2023-03-28 22:36:39,471] {processor.py:641} INFO - Processing file /home/airflow/.local/lib/python3.7/site-packages/airflow/example_dags/example_branch_datetime_operator.py for tasks to queue
[2023-03-28 22:36:39,472] {logging_mixin.py:115} INFO - [2023-03-28 22:36:39,472] {dagbag.py:507} INFO - Filling up the DagBag from /home/airflow/.local/lib/python3.7/site-packages/airflow/example_dags/example_branch_datetime_operator.py
[2023-03-28 22:36:39,477] {processor.py:651} INFO - DAG(s) dict_keys(['example_branch_datetime_operator_2']) retrieved from /home/airflow/.local/lib/python3.7/site-packages/airflow/example_dags/example_branch_datetime_operator.py
[2023-03-28 22:36:39,498] {logging_mixin.py:115} INFO - [2023-03-28 22:36:39,498] {dag.py:2371} INFO - Sync 1 DAGs
[2023-03-28 22:36:39,519] {logging_mixin.py:115} INFO - [2023-03-28 22:36:39,519] {dag.py:2919} INFO - Setting next_dagrun for example_branch_datetime_operator_2 to 2023-03-27T00:00:00+00:00, run_after=2023-03-28T00:00:00+00:00
[2023-03-28 22:36:39,531] {processor.py:161} INFO - Processing /home/airflow/.local/lib/python3.7/site-packages/airflow/example_dags/example_branch_datetime_operator.py took 0.063 seconds
[2023-03-28 22:37:10,161] {processor.py:153} INFO - Started process (PID=3964) to work on /home/airflow/.local/lib/python3.7/site-packages/airflow/example_dags/example_branch_datetime_operator.py
[2023-03-28 22:37:10,161] {processor.py:641} INFO - Processing file /home/airflow/.local/lib/python3.7/site-packages/airflow/example_dags/example_branch_datetime_operator.py for tasks to queue
[2023-03-28 22:37:10,162] {logging_mixin.py:115} INFO - [2023-03-28 22:37:10,162] {dagbag.py:507} INFO - Filling up the DagBag from /home/airflow/.local/lib/python3.7/site-packages/airflow/example_dags/example_branch_datetime_operator.py
[2023-03-28 22:37:10,167] {processor.py:651} INFO - DAG(s) dict_keys(['example_branch_datetime_operator_2']) retrieved from /home/airflow/.local/lib/python3.7/site-packages/airflow/example_dags/example_branch_datetime_operator.py
[2023-03-28 22:37:10,191] {logging_mixin.py:115} INFO - [2023-03-28 22:37:10,191] {dag.py:2371} INFO - Sync 1 DAGs
[2023-03-28 22:37:10,211] {logging_mixin.py:115} INFO - [2023-03-28 22:37:10,211] {dag.py:2919} INFO - Setting next_dagrun for example_branch_datetime_operator_2 to 2023-03-27T00:00:00+00:00, run_after=2023-03-28T00:00:00+00:00
[2023-03-28 22:37:10,225] {processor.py:161} INFO - Processing /home/airflow/.local/lib/python3.7/site-packages/airflow/example_dags/example_branch_datetime_operator.py took 0.066 seconds
[2023-03-28 22:37:40,973] {processor.py:153} INFO - Started process (PID=4028) to work on /home/airflow/.local/lib/python3.7/site-packages/airflow/example_dags/example_branch_datetime_operator.py
[2023-03-28 22:37:40,974] {processor.py:641} INFO - Processing file /home/airflow/.local/lib/python3.7/site-packages/airflow/example_dags/example_branch_datetime_operator.py for tasks to queue
[2023-03-28 22:37:40,974] {logging_mixin.py:115} INFO - [2023-03-28 22:37:40,974] {dagbag.py:507} INFO - Filling up the DagBag from /home/airflow/.local/lib/python3.7/site-packages/airflow/example_dags/example_branch_datetime_operator.py
[2023-03-28 22:37:40,981] {processor.py:651} INFO - DAG(s) dict_keys(['example_branch_datetime_operator_2']) retrieved from /home/airflow/.local/lib/python3.7/site-packages/airflow/example_dags/example_branch_datetime_operator.py
[2023-03-28 22:37:41,004] {logging_mixin.py:115} INFO - [2023-03-28 22:37:41,004] {dag.py:2371} INFO - Sync 1 DAGs
[2023-03-28 22:37:41,025] {logging_mixin.py:115} INFO - [2023-03-28 22:37:41,025] {dag.py:2919} INFO - Setting next_dagrun for example_branch_datetime_operator_2 to 2023-03-27T00:00:00+00:00, run_after=2023-03-28T00:00:00+00:00
[2023-03-28 22:37:41,037] {processor.py:161} INFO - Processing /home/airflow/.local/lib/python3.7/site-packages/airflow/example_dags/example_branch_datetime_operator.py took 0.067 seconds
[2023-03-28 22:38:11,770] {processor.py:153} INFO - Started process (PID=4090) to work on /home/airflow/.local/lib/python3.7/site-packages/airflow/example_dags/example_branch_datetime_operator.py
[2023-03-28 22:38:11,771] {processor.py:641} INFO - Processing file /home/airflow/.local/lib/python3.7/site-packages/airflow/example_dags/example_branch_datetime_operator.py for tasks to queue
[2023-03-28 22:38:11,772] {logging_mixin.py:115} INFO - [2023-03-28 22:38:11,772] {dagbag.py:507} INFO - Filling up the DagBag from /home/airflow/.local/lib/python3.7/site-packages/airflow/example_dags/example_branch_datetime_operator.py
[2023-03-28 22:38:11,780] {processor.py:651} INFO - DAG(s) dict_keys(['example_branch_datetime_operator_2']) retrieved from /home/airflow/.local/lib/python3.7/site-packages/airflow/example_dags/example_branch_datetime_operator.py
[2023-03-28 22:38:11,808] {logging_mixin.py:115} INFO - [2023-03-28 22:38:11,807] {dag.py:2371} INFO - Sync 1 DAGs
[2023-03-28 22:38:11,831] {logging_mixin.py:115} INFO - [2023-03-28 22:38:11,831] {dag.py:2919} INFO - Setting next_dagrun for example_branch_datetime_operator_2 to 2023-03-27T00:00:00+00:00, run_after=2023-03-28T00:00:00+00:00
[2023-03-28 22:38:11,850] {processor.py:161} INFO - Processing /home/airflow/.local/lib/python3.7/site-packages/airflow/example_dags/example_branch_datetime_operator.py took 0.084 seconds
[2023-03-28 22:38:42,583] {processor.py:153} INFO - Started process (PID=4147) to work on /home/airflow/.local/lib/python3.7/site-packages/airflow/example_dags/example_branch_datetime_operator.py
[2023-03-28 22:38:42,584] {processor.py:641} INFO - Processing file /home/airflow/.local/lib/python3.7/site-packages/airflow/example_dags/example_branch_datetime_operator.py for tasks to queue
[2023-03-28 22:38:42,585] {logging_mixin.py:115} INFO - [2023-03-28 22:38:42,585] {dagbag.py:507} INFO - Filling up the DagBag from /home/airflow/.local/lib/python3.7/site-packages/airflow/example_dags/example_branch_datetime_operator.py
[2023-03-28 22:38:42,590] {processor.py:651} INFO - DAG(s) dict_keys(['example_branch_datetime_operator_2']) retrieved from /home/airflow/.local/lib/python3.7/site-packages/airflow/example_dags/example_branch_datetime_operator.py
[2023-03-28 22:38:42,612] {logging_mixin.py:115} INFO - [2023-03-28 22:38:42,612] {dag.py:2371} INFO - Sync 1 DAGs
[2023-03-28 22:38:42,631] {logging_mixin.py:115} INFO - [2023-03-28 22:38:42,631] {dag.py:2919} INFO - Setting next_dagrun for example_branch_datetime_operator_2 to 2023-03-27T00:00:00+00:00, run_after=2023-03-28T00:00:00+00:00
[2023-03-28 22:38:42,643] {processor.py:161} INFO - Processing /home/airflow/.local/lib/python3.7/site-packages/airflow/example_dags/example_branch_datetime_operator.py took 0.062 seconds
[2023-03-28 22:39:13,240] {processor.py:153} INFO - Started process (PID=4211) to work on /home/airflow/.local/lib/python3.7/site-packages/airflow/example_dags/example_branch_datetime_operator.py
[2023-03-28 22:39:13,241] {processor.py:641} INFO - Processing file /home/airflow/.local/lib/python3.7/site-packages/airflow/example_dags/example_branch_datetime_operator.py for tasks to queue
[2023-03-28 22:39:13,242] {logging_mixin.py:115} INFO - [2023-03-28 22:39:13,242] {dagbag.py:507} INFO - Filling up the DagBag from /home/airflow/.local/lib/python3.7/site-packages/airflow/example_dags/example_branch_datetime_operator.py
[2023-03-28 22:39:13,247] {processor.py:651} INFO - DAG(s) dict_keys(['example_branch_datetime_operator_2']) retrieved from /home/airflow/.local/lib/python3.7/site-packages/airflow/example_dags/example_branch_datetime_operator.py
[2023-03-28 22:39:13,271] {logging_mixin.py:115} INFO - [2023-03-28 22:39:13,270] {dag.py:2371} INFO - Sync 1 DAGs
[2023-03-28 22:39:13,293] {logging_mixin.py:115} INFO - [2023-03-28 22:39:13,293] {dag.py:2919} INFO - Setting next_dagrun for example_branch_datetime_operator_2 to 2023-03-27T00:00:00+00:00, run_after=2023-03-28T00:00:00+00:00
[2023-03-28 22:39:13,306] {processor.py:161} INFO - Processing /home/airflow/.local/lib/python3.7/site-packages/airflow/example_dags/example_branch_datetime_operator.py took 0.068 seconds
[2023-03-28 22:39:43,914] {processor.py:153} INFO - Started process (PID=4276) to work on /home/airflow/.local/lib/python3.7/site-packages/airflow/example_dags/example_branch_datetime_operator.py
[2023-03-28 22:39:43,915] {processor.py:641} INFO - Processing file /home/airflow/.local/lib/python3.7/site-packages/airflow/example_dags/example_branch_datetime_operator.py for tasks to queue
[2023-03-28 22:39:43,915] {logging_mixin.py:115} INFO - [2023-03-28 22:39:43,915] {dagbag.py:507} INFO - Filling up the DagBag from /home/airflow/.local/lib/python3.7/site-packages/airflow/example_dags/example_branch_datetime_operator.py
[2023-03-28 22:39:43,921] {processor.py:651} INFO - DAG(s) dict_keys(['example_branch_datetime_operator_2']) retrieved from /home/airflow/.local/lib/python3.7/site-packages/airflow/example_dags/example_branch_datetime_operator.py
[2023-03-28 22:39:43,941] {logging_mixin.py:115} INFO - [2023-03-28 22:39:43,941] {dag.py:2371} INFO - Sync 1 DAGs
[2023-03-28 22:39:43,961] {logging_mixin.py:115} INFO - [2023-03-28 22:39:43,961] {dag.py:2919} INFO - Setting next_dagrun for example_branch_datetime_operator_2 to 2023-03-27T00:00:00+00:00, run_after=2023-03-28T00:00:00+00:00
[2023-03-28 22:39:43,977] {processor.py:161} INFO - Processing /home/airflow/.local/lib/python3.7/site-packages/airflow/example_dags/example_branch_datetime_operator.py took 0.065 seconds
[2023-03-28 22:40:14,767] {processor.py:153} INFO - Started process (PID=4331) to work on /home/airflow/.local/lib/python3.7/site-packages/airflow/example_dags/example_branch_datetime_operator.py
[2023-03-28 22:40:14,768] {processor.py:641} INFO - Processing file /home/airflow/.local/lib/python3.7/site-packages/airflow/example_dags/example_branch_datetime_operator.py for tasks to queue
[2023-03-28 22:40:14,768] {logging_mixin.py:115} INFO - [2023-03-28 22:40:14,768] {dagbag.py:507} INFO - Filling up the DagBag from /home/airflow/.local/lib/python3.7/site-packages/airflow/example_dags/example_branch_datetime_operator.py
[2023-03-28 22:40:14,773] {processor.py:651} INFO - DAG(s) dict_keys(['example_branch_datetime_operator_2']) retrieved from /home/airflow/.local/lib/python3.7/site-packages/airflow/example_dags/example_branch_datetime_operator.py
[2023-03-28 22:40:14,793] {logging_mixin.py:115} INFO - [2023-03-28 22:40:14,793] {dag.py:2371} INFO - Sync 1 DAGs
[2023-03-28 22:40:14,814] {logging_mixin.py:115} INFO - [2023-03-28 22:40:14,814] {dag.py:2919} INFO - Setting next_dagrun for example_branch_datetime_operator_2 to 2023-03-27T00:00:00+00:00, run_after=2023-03-28T00:00:00+00:00
[2023-03-28 22:40:14,915] {processor.py:161} INFO - Processing /home/airflow/.local/lib/python3.7/site-packages/airflow/example_dags/example_branch_datetime_operator.py took 0.150 seconds
[2023-03-28 22:41:28,281] {processor.py:153} INFO - Started process (PID=70) to work on /home/airflow/.local/lib/python3.7/site-packages/airflow/example_dags/example_branch_datetime_operator.py
[2023-03-28 22:41:28,282] {processor.py:641} INFO - Processing file /home/airflow/.local/lib/python3.7/site-packages/airflow/example_dags/example_branch_datetime_operator.py for tasks to queue
[2023-03-28 22:41:28,282] {logging_mixin.py:115} INFO - [2023-03-28 22:41:28,282] {dagbag.py:507} INFO - Filling up the DagBag from /home/airflow/.local/lib/python3.7/site-packages/airflow/example_dags/example_branch_datetime_operator.py
[2023-03-28 22:41:28,289] {processor.py:651} INFO - DAG(s) dict_keys(['example_branch_datetime_operator_2']) retrieved from /home/airflow/.local/lib/python3.7/site-packages/airflow/example_dags/example_branch_datetime_operator.py
[2023-03-28 22:41:28,318] {logging_mixin.py:115} INFO - [2023-03-28 22:41:28,318] {dag.py:2371} INFO - Sync 1 DAGs
[2023-03-28 22:41:28,352] {logging_mixin.py:115} INFO - [2023-03-28 22:41:28,351] {dag.py:2919} INFO - Setting next_dagrun for example_branch_datetime_operator_2 to 2023-03-27T00:00:00+00:00, run_after=2023-03-28T00:00:00+00:00
[2023-03-28 22:41:28,371] {processor.py:161} INFO - Processing /home/airflow/.local/lib/python3.7/site-packages/airflow/example_dags/example_branch_datetime_operator.py took 0.092 seconds
[2023-03-28 22:41:58,738] {processor.py:153} INFO - Started process (PID=135) to work on /home/airflow/.local/lib/python3.7/site-packages/airflow/example_dags/example_branch_datetime_operator.py
[2023-03-28 22:41:58,739] {processor.py:641} INFO - Processing file /home/airflow/.local/lib/python3.7/site-packages/airflow/example_dags/example_branch_datetime_operator.py for tasks to queue
[2023-03-28 22:41:58,739] {logging_mixin.py:115} INFO - [2023-03-28 22:41:58,739] {dagbag.py:507} INFO - Filling up the DagBag from /home/airflow/.local/lib/python3.7/site-packages/airflow/example_dags/example_branch_datetime_operator.py
[2023-03-28 22:41:58,746] {processor.py:651} INFO - DAG(s) dict_keys(['example_branch_datetime_operator_2']) retrieved from /home/airflow/.local/lib/python3.7/site-packages/airflow/example_dags/example_branch_datetime_operator.py
[2023-03-28 22:41:58,766] {logging_mixin.py:115} INFO - [2023-03-28 22:41:58,766] {dag.py:2371} INFO - Sync 1 DAGs
[2023-03-28 22:41:58,786] {logging_mixin.py:115} INFO - [2023-03-28 22:41:58,786] {dag.py:2919} INFO - Setting next_dagrun for example_branch_datetime_operator_2 to 2023-03-27T00:00:00+00:00, run_after=2023-03-28T00:00:00+00:00
[2023-03-28 22:41:58,799] {processor.py:161} INFO - Processing /home/airflow/.local/lib/python3.7/site-packages/airflow/example_dags/example_branch_datetime_operator.py took 0.063 seconds
[2023-03-28 22:42:29,254] {processor.py:153} INFO - Started process (PID=200) to work on /home/airflow/.local/lib/python3.7/site-packages/airflow/example_dags/example_branch_datetime_operator.py
[2023-03-28 22:42:29,254] {processor.py:641} INFO - Processing file /home/airflow/.local/lib/python3.7/site-packages/airflow/example_dags/example_branch_datetime_operator.py for tasks to queue
[2023-03-28 22:42:29,254] {logging_mixin.py:115} INFO - [2023-03-28 22:42:29,254] {dagbag.py:507} INFO - Filling up the DagBag from /home/airflow/.local/lib/python3.7/site-packages/airflow/example_dags/example_branch_datetime_operator.py
[2023-03-28 22:42:29,261] {processor.py:651} INFO - DAG(s) dict_keys(['example_branch_datetime_operator_2']) retrieved from /home/airflow/.local/lib/python3.7/site-packages/airflow/example_dags/example_branch_datetime_operator.py
[2023-03-28 22:42:29,283] {logging_mixin.py:115} INFO - [2023-03-28 22:42:29,283] {dag.py:2371} INFO - Sync 1 DAGs
[2023-03-28 22:42:29,304] {logging_mixin.py:115} INFO - [2023-03-28 22:42:29,304] {dag.py:2919} INFO - Setting next_dagrun for example_branch_datetime_operator_2 to 2023-03-27T00:00:00+00:00, run_after=2023-03-28T00:00:00+00:00
[2023-03-28 22:42:29,319] {processor.py:161} INFO - Processing /home/airflow/.local/lib/python3.7/site-packages/airflow/example_dags/example_branch_datetime_operator.py took 0.067 seconds
[2023-03-28 22:42:59,565] {processor.py:153} INFO - Started process (PID=255) to work on /home/airflow/.local/lib/python3.7/site-packages/airflow/example_dags/example_branch_datetime_operator.py
[2023-03-28 22:42:59,566] {processor.py:641} INFO - Processing file /home/airflow/.local/lib/python3.7/site-packages/airflow/example_dags/example_branch_datetime_operator.py for tasks to queue
[2023-03-28 22:42:59,566] {logging_mixin.py:115} INFO - [2023-03-28 22:42:59,566] {dagbag.py:507} INFO - Filling up the DagBag from /home/airflow/.local/lib/python3.7/site-packages/airflow/example_dags/example_branch_datetime_operator.py
[2023-03-28 22:42:59,572] {processor.py:651} INFO - DAG(s) dict_keys(['example_branch_datetime_operator_2']) retrieved from /home/airflow/.local/lib/python3.7/site-packages/airflow/example_dags/example_branch_datetime_operator.py
[2023-03-28 22:42:59,592] {logging_mixin.py:115} INFO - [2023-03-28 22:42:59,592] {dag.py:2371} INFO - Sync 1 DAGs
[2023-03-28 22:42:59,613] {logging_mixin.py:115} INFO - [2023-03-28 22:42:59,613] {dag.py:2919} INFO - Setting next_dagrun for example_branch_datetime_operator_2 to 2023-03-27T00:00:00+00:00, run_after=2023-03-28T00:00:00+00:00
[2023-03-28 22:42:59,627] {processor.py:161} INFO - Processing /home/airflow/.local/lib/python3.7/site-packages/airflow/example_dags/example_branch_datetime_operator.py took 0.064 seconds
[2023-03-28 22:43:30,426] {processor.py:153} INFO - Started process (PID=319) to work on /home/airflow/.local/lib/python3.7/site-packages/airflow/example_dags/example_branch_datetime_operator.py
[2023-03-28 22:43:30,427] {processor.py:641} INFO - Processing file /home/airflow/.local/lib/python3.7/site-packages/airflow/example_dags/example_branch_datetime_operator.py for tasks to queue
[2023-03-28 22:43:30,427] {logging_mixin.py:115} INFO - [2023-03-28 22:43:30,427] {dagbag.py:507} INFO - Filling up the DagBag from /home/airflow/.local/lib/python3.7/site-packages/airflow/example_dags/example_branch_datetime_operator.py
[2023-03-28 22:43:30,434] {processor.py:651} INFO - DAG(s) dict_keys(['example_branch_datetime_operator_2']) retrieved from /home/airflow/.local/lib/python3.7/site-packages/airflow/example_dags/example_branch_datetime_operator.py
[2023-03-28 22:43:30,461] {logging_mixin.py:115} INFO - [2023-03-28 22:43:30,460] {dag.py:2371} INFO - Sync 1 DAGs
[2023-03-28 22:43:30,484] {logging_mixin.py:115} INFO - [2023-03-28 22:43:30,484] {dag.py:2919} INFO - Setting next_dagrun for example_branch_datetime_operator_2 to 2023-03-27T00:00:00+00:00, run_after=2023-03-28T00:00:00+00:00
[2023-03-28 22:43:30,500] {processor.py:161} INFO - Processing /home/airflow/.local/lib/python3.7/site-packages/airflow/example_dags/example_branch_datetime_operator.py took 0.076 seconds
[2023-03-28 22:44:00,868] {processor.py:153} INFO - Started process (PID=383) to work on /home/airflow/.local/lib/python3.7/site-packages/airflow/example_dags/example_branch_datetime_operator.py
[2023-03-28 22:44:00,868] {processor.py:641} INFO - Processing file /home/airflow/.local/lib/python3.7/site-packages/airflow/example_dags/example_branch_datetime_operator.py for tasks to queue
[2023-03-28 22:44:00,869] {logging_mixin.py:115} INFO - [2023-03-28 22:44:00,869] {dagbag.py:507} INFO - Filling up the DagBag from /home/airflow/.local/lib/python3.7/site-packages/airflow/example_dags/example_branch_datetime_operator.py
[2023-03-28 22:44:00,878] {processor.py:651} INFO - DAG(s) dict_keys(['example_branch_datetime_operator_2']) retrieved from /home/airflow/.local/lib/python3.7/site-packages/airflow/example_dags/example_branch_datetime_operator.py
[2023-03-28 22:44:00,909] {logging_mixin.py:115} INFO - [2023-03-28 22:44:00,909] {dag.py:2371} INFO - Sync 1 DAGs
[2023-03-28 22:44:00,939] {logging_mixin.py:115} INFO - [2023-03-28 22:44:00,939] {dag.py:2919} INFO - Setting next_dagrun for example_branch_datetime_operator_2 to 2023-03-27T00:00:00+00:00, run_after=2023-03-28T00:00:00+00:00
[2023-03-28 22:44:00,959] {processor.py:161} INFO - Processing /home/airflow/.local/lib/python3.7/site-packages/airflow/example_dags/example_branch_datetime_operator.py took 0.094 seconds
[2023-03-28 22:44:31,077] {processor.py:153} INFO - Started process (PID=438) to work on /home/airflow/.local/lib/python3.7/site-packages/airflow/example_dags/example_branch_datetime_operator.py
[2023-03-28 22:44:31,078] {processor.py:641} INFO - Processing file /home/airflow/.local/lib/python3.7/site-packages/airflow/example_dags/example_branch_datetime_operator.py for tasks to queue
[2023-03-28 22:44:31,079] {logging_mixin.py:115} INFO - [2023-03-28 22:44:31,078] {dagbag.py:507} INFO - Filling up the DagBag from /home/airflow/.local/lib/python3.7/site-packages/airflow/example_dags/example_branch_datetime_operator.py
[2023-03-28 22:44:31,084] {processor.py:651} INFO - DAG(s) dict_keys(['example_branch_datetime_operator_2']) retrieved from /home/airflow/.local/lib/python3.7/site-packages/airflow/example_dags/example_branch_datetime_operator.py
[2023-03-28 22:44:31,104] {logging_mixin.py:115} INFO - [2023-03-28 22:44:31,104] {dag.py:2371} INFO - Sync 1 DAGs
[2023-03-28 22:44:31,125] {logging_mixin.py:115} INFO - [2023-03-28 22:44:31,125] {dag.py:2919} INFO - Setting next_dagrun for example_branch_datetime_operator_2 to 2023-03-27T00:00:00+00:00, run_after=2023-03-28T00:00:00+00:00
[2023-03-28 22:44:31,137] {processor.py:161} INFO - Processing /home/airflow/.local/lib/python3.7/site-packages/airflow/example_dags/example_branch_datetime_operator.py took 0.061 seconds
[2023-03-28 22:45:02,071] {processor.py:153} INFO - Started process (PID=502) to work on /home/airflow/.local/lib/python3.7/site-packages/airflow/example_dags/example_branch_datetime_operator.py
[2023-03-28 22:45:02,072] {processor.py:641} INFO - Processing file /home/airflow/.local/lib/python3.7/site-packages/airflow/example_dags/example_branch_datetime_operator.py for tasks to queue
[2023-03-28 22:45:02,072] {logging_mixin.py:115} INFO - [2023-03-28 22:45:02,072] {dagbag.py:507} INFO - Filling up the DagBag from /home/airflow/.local/lib/python3.7/site-packages/airflow/example_dags/example_branch_datetime_operator.py
[2023-03-28 22:45:02,077] {processor.py:651} INFO - DAG(s) dict_keys(['example_branch_datetime_operator_2']) retrieved from /home/airflow/.local/lib/python3.7/site-packages/airflow/example_dags/example_branch_datetime_operator.py
[2023-03-28 22:45:02,100] {logging_mixin.py:115} INFO - [2023-03-28 22:45:02,100] {dag.py:2371} INFO - Sync 1 DAGs
[2023-03-28 22:45:02,119] {logging_mixin.py:115} INFO - [2023-03-28 22:45:02,119] {dag.py:2919} INFO - Setting next_dagrun for example_branch_datetime_operator_2 to 2023-03-27T00:00:00+00:00, run_after=2023-03-28T00:00:00+00:00
[2023-03-28 22:45:02,132] {processor.py:161} INFO - Processing /home/airflow/.local/lib/python3.7/site-packages/airflow/example_dags/example_branch_datetime_operator.py took 0.062 seconds
[2023-03-28 22:45:33,155] {processor.py:153} INFO - Started process (PID=566) to work on /home/airflow/.local/lib/python3.7/site-packages/airflow/example_dags/example_branch_datetime_operator.py
[2023-03-28 22:45:33,156] {processor.py:641} INFO - Processing file /home/airflow/.local/lib/python3.7/site-packages/airflow/example_dags/example_branch_datetime_operator.py for tasks to queue
[2023-03-28 22:45:33,156] {logging_mixin.py:115} INFO - [2023-03-28 22:45:33,156] {dagbag.py:507} INFO - Filling up the DagBag from /home/airflow/.local/lib/python3.7/site-packages/airflow/example_dags/example_branch_datetime_operator.py
[2023-03-28 22:45:33,163] {processor.py:651} INFO - DAG(s) dict_keys(['example_branch_datetime_operator_2']) retrieved from /home/airflow/.local/lib/python3.7/site-packages/airflow/example_dags/example_branch_datetime_operator.py
[2023-03-28 22:45:33,193] {logging_mixin.py:115} INFO - [2023-03-28 22:45:33,193] {dag.py:2371} INFO - Sync 1 DAGs
[2023-03-28 22:45:33,239] {logging_mixin.py:115} INFO - [2023-03-28 22:45:33,238] {dag.py:2919} INFO - Setting next_dagrun for example_branch_datetime_operator_2 to 2023-03-27T00:00:00+00:00, run_after=2023-03-28T00:00:00+00:00
[2023-03-28 22:45:33,263] {processor.py:161} INFO - Processing /home/airflow/.local/lib/python3.7/site-packages/airflow/example_dags/example_branch_datetime_operator.py took 0.110 seconds
[2023-03-28 22:46:03,280] {processor.py:153} INFO - Started process (PID=621) to work on /home/airflow/.local/lib/python3.7/site-packages/airflow/example_dags/example_branch_datetime_operator.py
[2023-03-28 22:46:03,281] {processor.py:641} INFO - Processing file /home/airflow/.local/lib/python3.7/site-packages/airflow/example_dags/example_branch_datetime_operator.py for tasks to queue
[2023-03-28 22:46:03,281] {logging_mixin.py:115} INFO - [2023-03-28 22:46:03,281] {dagbag.py:507} INFO - Filling up the DagBag from /home/airflow/.local/lib/python3.7/site-packages/airflow/example_dags/example_branch_datetime_operator.py
[2023-03-28 22:46:03,286] {processor.py:651} INFO - DAG(s) dict_keys(['example_branch_datetime_operator_2']) retrieved from /home/airflow/.local/lib/python3.7/site-packages/airflow/example_dags/example_branch_datetime_operator.py
[2023-03-28 22:46:03,307] {logging_mixin.py:115} INFO - [2023-03-28 22:46:03,307] {dag.py:2371} INFO - Sync 1 DAGs
[2023-03-28 22:46:03,328] {logging_mixin.py:115} INFO - [2023-03-28 22:46:03,328] {dag.py:2919} INFO - Setting next_dagrun for example_branch_datetime_operator_2 to 2023-03-27T00:00:00+00:00, run_after=2023-03-28T00:00:00+00:00
[2023-03-28 22:46:03,341] {processor.py:161} INFO - Processing /home/airflow/.local/lib/python3.7/site-packages/airflow/example_dags/example_branch_datetime_operator.py took 0.063 seconds
[2023-03-28 22:46:33,494] {processor.py:153} INFO - Started process (PID=686) to work on /home/airflow/.local/lib/python3.7/site-packages/airflow/example_dags/example_branch_datetime_operator.py
[2023-03-28 22:46:33,495] {processor.py:641} INFO - Processing file /home/airflow/.local/lib/python3.7/site-packages/airflow/example_dags/example_branch_datetime_operator.py for tasks to queue
[2023-03-28 22:46:33,495] {logging_mixin.py:115} INFO - [2023-03-28 22:46:33,495] {dagbag.py:507} INFO - Filling up the DagBag from /home/airflow/.local/lib/python3.7/site-packages/airflow/example_dags/example_branch_datetime_operator.py
[2023-03-28 22:46:33,501] {processor.py:651} INFO - DAG(s) dict_keys(['example_branch_datetime_operator_2']) retrieved from /home/airflow/.local/lib/python3.7/site-packages/airflow/example_dags/example_branch_datetime_operator.py
[2023-03-28 22:46:33,524] {logging_mixin.py:115} INFO - [2023-03-28 22:46:33,524] {dag.py:2371} INFO - Sync 1 DAGs
[2023-03-28 22:46:33,544] {logging_mixin.py:115} INFO - [2023-03-28 22:46:33,544] {dag.py:2919} INFO - Setting next_dagrun for example_branch_datetime_operator_2 to 2023-03-27T00:00:00+00:00, run_after=2023-03-28T00:00:00+00:00
[2023-03-28 22:46:33,559] {processor.py:161} INFO - Processing /home/airflow/.local/lib/python3.7/site-packages/airflow/example_dags/example_branch_datetime_operator.py took 0.068 seconds
[2023-03-28 22:47:03,858] {processor.py:153} INFO - Started process (PID=750) to work on /home/airflow/.local/lib/python3.7/site-packages/airflow/example_dags/example_branch_datetime_operator.py
[2023-03-28 22:47:03,859] {processor.py:641} INFO - Processing file /home/airflow/.local/lib/python3.7/site-packages/airflow/example_dags/example_branch_datetime_operator.py for tasks to queue
[2023-03-28 22:47:03,859] {logging_mixin.py:115} INFO - [2023-03-28 22:47:03,859] {dagbag.py:507} INFO - Filling up the DagBag from /home/airflow/.local/lib/python3.7/site-packages/airflow/example_dags/example_branch_datetime_operator.py
[2023-03-28 22:47:03,865] {processor.py:651} INFO - DAG(s) dict_keys(['example_branch_datetime_operator_2']) retrieved from /home/airflow/.local/lib/python3.7/site-packages/airflow/example_dags/example_branch_datetime_operator.py
[2023-03-28 22:47:03,887] {logging_mixin.py:115} INFO - [2023-03-28 22:47:03,887] {dag.py:2371} INFO - Sync 1 DAGs
[2023-03-28 22:47:03,911] {logging_mixin.py:115} INFO - [2023-03-28 22:47:03,910] {dag.py:2919} INFO - Setting next_dagrun for example_branch_datetime_operator_2 to 2023-03-27T00:00:00+00:00, run_after=2023-03-28T00:00:00+00:00
[2023-03-28 22:47:03,924] {processor.py:161} INFO - Processing /home/airflow/.local/lib/python3.7/site-packages/airflow/example_dags/example_branch_datetime_operator.py took 0.067 seconds
[2023-03-28 22:48:14,816] {processor.py:153} INFO - Started process (PID=80) to work on /home/airflow/.local/lib/python3.7/site-packages/airflow/example_dags/example_branch_datetime_operator.py
[2023-03-28 22:48:14,817] {processor.py:641} INFO - Processing file /home/airflow/.local/lib/python3.7/site-packages/airflow/example_dags/example_branch_datetime_operator.py for tasks to queue
[2023-03-28 22:48:14,817] {logging_mixin.py:115} INFO - [2023-03-28 22:48:14,817] {dagbag.py:507} INFO - Filling up the DagBag from /home/airflow/.local/lib/python3.7/site-packages/airflow/example_dags/example_branch_datetime_operator.py
[2023-03-28 22:48:14,825] {processor.py:651} INFO - DAG(s) dict_keys(['example_branch_datetime_operator_2']) retrieved from /home/airflow/.local/lib/python3.7/site-packages/airflow/example_dags/example_branch_datetime_operator.py
[2023-03-28 22:48:14,850] {logging_mixin.py:115} INFO - [2023-03-28 22:48:14,850] {dag.py:2371} INFO - Sync 1 DAGs
[2023-03-28 22:48:14,988] {logging_mixin.py:115} INFO - [2023-03-28 22:48:14,987] {dag.py:2919} INFO - Setting next_dagrun for example_branch_datetime_operator_2 to 2023-03-27T00:00:00+00:00, run_after=2023-03-28T00:00:00+00:00
[2023-03-28 22:48:15,003] {processor.py:161} INFO - Processing /home/airflow/.local/lib/python3.7/site-packages/airflow/example_dags/example_branch_datetime_operator.py took 0.189 seconds
[2023-03-28 22:48:45,742] {processor.py:153} INFO - Started process (PID=143) to work on /home/airflow/.local/lib/python3.7/site-packages/airflow/example_dags/example_branch_datetime_operator.py
[2023-03-28 22:48:45,743] {processor.py:641} INFO - Processing file /home/airflow/.local/lib/python3.7/site-packages/airflow/example_dags/example_branch_datetime_operator.py for tasks to queue
[2023-03-28 22:48:45,744] {logging_mixin.py:115} INFO - [2023-03-28 22:48:45,744] {dagbag.py:507} INFO - Filling up the DagBag from /home/airflow/.local/lib/python3.7/site-packages/airflow/example_dags/example_branch_datetime_operator.py
[2023-03-28 22:48:45,754] {processor.py:651} INFO - DAG(s) dict_keys(['example_branch_datetime_operator_2']) retrieved from /home/airflow/.local/lib/python3.7/site-packages/airflow/example_dags/example_branch_datetime_operator.py
[2023-03-28 22:48:45,776] {logging_mixin.py:115} INFO - [2023-03-28 22:48:45,776] {dag.py:2371} INFO - Sync 1 DAGs
[2023-03-28 22:48:45,918] {logging_mixin.py:115} INFO - [2023-03-28 22:48:45,917] {dag.py:2919} INFO - Setting next_dagrun for example_branch_datetime_operator_2 to 2023-03-27T00:00:00+00:00, run_after=2023-03-28T00:00:00+00:00
[2023-03-28 22:48:45,930] {processor.py:161} INFO - Processing /home/airflow/.local/lib/python3.7/site-packages/airflow/example_dags/example_branch_datetime_operator.py took 0.190 seconds
[2023-03-28 22:49:16,710] {processor.py:153} INFO - Started process (PID=200) to work on /home/airflow/.local/lib/python3.7/site-packages/airflow/example_dags/example_branch_datetime_operator.py
[2023-03-28 22:49:16,710] {processor.py:641} INFO - Processing file /home/airflow/.local/lib/python3.7/site-packages/airflow/example_dags/example_branch_datetime_operator.py for tasks to queue
[2023-03-28 22:49:16,711] {logging_mixin.py:115} INFO - [2023-03-28 22:49:16,711] {dagbag.py:507} INFO - Filling up the DagBag from /home/airflow/.local/lib/python3.7/site-packages/airflow/example_dags/example_branch_datetime_operator.py
[2023-03-28 22:49:16,717] {processor.py:651} INFO - DAG(s) dict_keys(['example_branch_datetime_operator_2']) retrieved from /home/airflow/.local/lib/python3.7/site-packages/airflow/example_dags/example_branch_datetime_operator.py
[2023-03-28 22:49:16,740] {logging_mixin.py:115} INFO - [2023-03-28 22:49:16,739] {dag.py:2371} INFO - Sync 1 DAGs
[2023-03-28 22:49:16,859] {logging_mixin.py:115} INFO - [2023-03-28 22:49:16,859] {dag.py:2919} INFO - Setting next_dagrun for example_branch_datetime_operator_2 to 2023-03-27T00:00:00+00:00, run_after=2023-03-28T00:00:00+00:00
[2023-03-28 22:49:16,871] {processor.py:161} INFO - Processing /home/airflow/.local/lib/python3.7/site-packages/airflow/example_dags/example_branch_datetime_operator.py took 0.163 seconds
[2023-03-28 22:49:47,296] {processor.py:153} INFO - Started process (PID=265) to work on /home/airflow/.local/lib/python3.7/site-packages/airflow/example_dags/example_branch_datetime_operator.py
[2023-03-28 22:49:47,297] {processor.py:641} INFO - Processing file /home/airflow/.local/lib/python3.7/site-packages/airflow/example_dags/example_branch_datetime_operator.py for tasks to queue
[2023-03-28 22:49:47,297] {logging_mixin.py:115} INFO - [2023-03-28 22:49:47,297] {dagbag.py:507} INFO - Filling up the DagBag from /home/airflow/.local/lib/python3.7/site-packages/airflow/example_dags/example_branch_datetime_operator.py
[2023-03-28 22:49:47,303] {processor.py:651} INFO - DAG(s) dict_keys(['example_branch_datetime_operator_2']) retrieved from /home/airflow/.local/lib/python3.7/site-packages/airflow/example_dags/example_branch_datetime_operator.py
[2023-03-28 22:49:47,324] {logging_mixin.py:115} INFO - [2023-03-28 22:49:47,324] {dag.py:2371} INFO - Sync 1 DAGs
[2023-03-28 22:49:47,454] {logging_mixin.py:115} INFO - [2023-03-28 22:49:47,454] {dag.py:2919} INFO - Setting next_dagrun for example_branch_datetime_operator_2 to 2023-03-27T00:00:00+00:00, run_after=2023-03-28T00:00:00+00:00
[2023-03-28 22:49:47,468] {processor.py:161} INFO - Processing /home/airflow/.local/lib/python3.7/site-packages/airflow/example_dags/example_branch_datetime_operator.py took 0.174 seconds
[2023-03-28 22:50:19,401] {processor.py:153} INFO - Started process (PID=329) to work on /home/airflow/.local/lib/python3.7/site-packages/airflow/example_dags/example_branch_datetime_operator.py
[2023-03-28 22:50:19,403] {processor.py:641} INFO - Processing file /home/airflow/.local/lib/python3.7/site-packages/airflow/example_dags/example_branch_datetime_operator.py for tasks to queue
[2023-03-28 22:50:19,406] {logging_mixin.py:115} INFO - [2023-03-28 22:50:19,405] {dagbag.py:507} INFO - Filling up the DagBag from /home/airflow/.local/lib/python3.7/site-packages/airflow/example_dags/example_branch_datetime_operator.py
[2023-03-28 22:50:19,427] {processor.py:651} INFO - DAG(s) dict_keys(['example_branch_datetime_operator_2']) retrieved from /home/airflow/.local/lib/python3.7/site-packages/airflow/example_dags/example_branch_datetime_operator.py
[2023-03-28 22:50:19,507] {logging_mixin.py:115} INFO - [2023-03-28 22:50:19,506] {dag.py:2371} INFO - Sync 1 DAGs
[2023-03-28 22:50:19,848] {logging_mixin.py:115} INFO - [2023-03-28 22:50:19,847] {dag.py:2919} INFO - Setting next_dagrun for example_branch_datetime_operator_2 to 2023-03-27T00:00:00+00:00, run_after=2023-03-28T00:00:00+00:00
[2023-03-28 22:50:19,865] {processor.py:161} INFO - Processing /home/airflow/.local/lib/python3.7/site-packages/airflow/example_dags/example_branch_datetime_operator.py took 0.475 seconds
[2023-03-28 22:50:50,917] {processor.py:153} INFO - Started process (PID=385) to work on /home/airflow/.local/lib/python3.7/site-packages/airflow/example_dags/example_branch_datetime_operator.py
[2023-03-28 22:50:50,918] {processor.py:641} INFO - Processing file /home/airflow/.local/lib/python3.7/site-packages/airflow/example_dags/example_branch_datetime_operator.py for tasks to queue
[2023-03-28 22:50:50,919] {logging_mixin.py:115} INFO - [2023-03-28 22:50:50,919] {dagbag.py:507} INFO - Filling up the DagBag from /home/airflow/.local/lib/python3.7/site-packages/airflow/example_dags/example_branch_datetime_operator.py
[2023-03-28 22:50:50,928] {processor.py:651} INFO - DAG(s) dict_keys(['example_branch_datetime_operator_2']) retrieved from /home/airflow/.local/lib/python3.7/site-packages/airflow/example_dags/example_branch_datetime_operator.py
[2023-03-28 22:50:50,955] {logging_mixin.py:115} INFO - [2023-03-28 22:50:50,955] {dag.py:2371} INFO - Sync 1 DAGs
[2023-03-28 22:50:51,110] {logging_mixin.py:115} INFO - [2023-03-28 22:50:51,109] {dag.py:2919} INFO - Setting next_dagrun for example_branch_datetime_operator_2 to 2023-03-27T00:00:00+00:00, run_after=2023-03-28T00:00:00+00:00
[2023-03-28 22:50:51,125] {processor.py:161} INFO - Processing /home/airflow/.local/lib/python3.7/site-packages/airflow/example_dags/example_branch_datetime_operator.py took 0.213 seconds
[2023-03-28 22:52:17,081] {processor.py:153} INFO - Started process (PID=70) to work on /home/airflow/.local/lib/python3.7/site-packages/airflow/example_dags/example_branch_datetime_operator.py
[2023-03-28 22:52:17,082] {processor.py:641} INFO - Processing file /home/airflow/.local/lib/python3.7/site-packages/airflow/example_dags/example_branch_datetime_operator.py for tasks to queue
[2023-03-28 22:52:17,082] {logging_mixin.py:115} INFO - [2023-03-28 22:52:17,082] {dagbag.py:507} INFO - Filling up the DagBag from /home/airflow/.local/lib/python3.7/site-packages/airflow/example_dags/example_branch_datetime_operator.py
[2023-03-28 22:52:17,089] {processor.py:651} INFO - DAG(s) dict_keys(['example_branch_datetime_operator_2']) retrieved from /home/airflow/.local/lib/python3.7/site-packages/airflow/example_dags/example_branch_datetime_operator.py
[2023-03-28 22:52:17,116] {logging_mixin.py:115} INFO - [2023-03-28 22:52:17,116] {dag.py:2371} INFO - Sync 1 DAGs
[2023-03-28 22:52:17,140] {logging_mixin.py:115} INFO - [2023-03-28 22:52:17,140] {dag.py:2919} INFO - Setting next_dagrun for example_branch_datetime_operator_2 to 2023-03-27T00:00:00+00:00, run_after=2023-03-28T00:00:00+00:00
[2023-03-28 22:52:17,155] {processor.py:161} INFO - Processing /home/airflow/.local/lib/python3.7/site-packages/airflow/example_dags/example_branch_datetime_operator.py took 0.077 seconds
[2023-03-28 22:52:47,327] {processor.py:153} INFO - Started process (PID=134) to work on /home/airflow/.local/lib/python3.7/site-packages/airflow/example_dags/example_branch_datetime_operator.py
[2023-03-28 22:52:47,328] {processor.py:641} INFO - Processing file /home/airflow/.local/lib/python3.7/site-packages/airflow/example_dags/example_branch_datetime_operator.py for tasks to queue
[2023-03-28 22:52:47,329] {logging_mixin.py:115} INFO - [2023-03-28 22:52:47,329] {dagbag.py:507} INFO - Filling up the DagBag from /home/airflow/.local/lib/python3.7/site-packages/airflow/example_dags/example_branch_datetime_operator.py
[2023-03-28 22:52:47,334] {processor.py:651} INFO - DAG(s) dict_keys(['example_branch_datetime_operator_2']) retrieved from /home/airflow/.local/lib/python3.7/site-packages/airflow/example_dags/example_branch_datetime_operator.py
[2023-03-28 22:52:47,354] {logging_mixin.py:115} INFO - [2023-03-28 22:52:47,354] {dag.py:2371} INFO - Sync 1 DAGs
[2023-03-28 22:52:47,374] {logging_mixin.py:115} INFO - [2023-03-28 22:52:47,374] {dag.py:2919} INFO - Setting next_dagrun for example_branch_datetime_operator_2 to 2023-03-27T00:00:00+00:00, run_after=2023-03-28T00:00:00+00:00
[2023-03-28 22:52:47,386] {processor.py:161} INFO - Processing /home/airflow/.local/lib/python3.7/site-packages/airflow/example_dags/example_branch_datetime_operator.py took 0.061 seconds
[2023-03-28 22:53:17,989] {processor.py:153} INFO - Started process (PID=198) to work on /home/airflow/.local/lib/python3.7/site-packages/airflow/example_dags/example_branch_datetime_operator.py
[2023-03-28 22:53:17,990] {processor.py:641} INFO - Processing file /home/airflow/.local/lib/python3.7/site-packages/airflow/example_dags/example_branch_datetime_operator.py for tasks to queue
[2023-03-28 22:53:17,990] {logging_mixin.py:115} INFO - [2023-03-28 22:53:17,990] {dagbag.py:507} INFO - Filling up the DagBag from /home/airflow/.local/lib/python3.7/site-packages/airflow/example_dags/example_branch_datetime_operator.py
[2023-03-28 22:53:17,996] {processor.py:651} INFO - DAG(s) dict_keys(['example_branch_datetime_operator_2']) retrieved from /home/airflow/.local/lib/python3.7/site-packages/airflow/example_dags/example_branch_datetime_operator.py
[2023-03-28 22:53:18,024] {logging_mixin.py:115} INFO - [2023-03-28 22:53:18,024] {dag.py:2371} INFO - Sync 1 DAGs
[2023-03-28 22:53:18,048] {logging_mixin.py:115} INFO - [2023-03-28 22:53:18,048] {dag.py:2919} INFO - Setting next_dagrun for example_branch_datetime_operator_2 to 2023-03-27T00:00:00+00:00, run_after=2023-03-28T00:00:00+00:00
[2023-03-28 22:53:18,063] {processor.py:161} INFO - Processing /home/airflow/.local/lib/python3.7/site-packages/airflow/example_dags/example_branch_datetime_operator.py took 0.076 seconds
[2023-03-28 22:53:48,170] {processor.py:153} INFO - Started process (PID=253) to work on /home/airflow/.local/lib/python3.7/site-packages/airflow/example_dags/example_branch_datetime_operator.py
[2023-03-28 22:53:48,171] {processor.py:641} INFO - Processing file /home/airflow/.local/lib/python3.7/site-packages/airflow/example_dags/example_branch_datetime_operator.py for tasks to queue
[2023-03-28 22:53:48,171] {logging_mixin.py:115} INFO - [2023-03-28 22:53:48,171] {dagbag.py:507} INFO - Filling up the DagBag from /home/airflow/.local/lib/python3.7/site-packages/airflow/example_dags/example_branch_datetime_operator.py
[2023-03-28 22:53:48,177] {processor.py:651} INFO - DAG(s) dict_keys(['example_branch_datetime_operator_2']) retrieved from /home/airflow/.local/lib/python3.7/site-packages/airflow/example_dags/example_branch_datetime_operator.py
[2023-03-28 22:53:48,198] {logging_mixin.py:115} INFO - [2023-03-28 22:53:48,198] {dag.py:2371} INFO - Sync 1 DAGs
[2023-03-28 22:53:48,219] {logging_mixin.py:115} INFO - [2023-03-28 22:53:48,219] {dag.py:2919} INFO - Setting next_dagrun for example_branch_datetime_operator_2 to 2023-03-27T00:00:00+00:00, run_after=2023-03-28T00:00:00+00:00
[2023-03-28 22:53:48,231] {processor.py:161} INFO - Processing /home/airflow/.local/lib/python3.7/site-packages/airflow/example_dags/example_branch_datetime_operator.py took 0.063 seconds
