[2023-03-28 22:23:54,370] {processor.py:153} INFO - Started process (PID=2361) to work on /home/airflow/.local/lib/python3.7/site-packages/airflow/example_dags/example_branch_operator.py
[2023-03-28 22:23:54,370] {processor.py:641} INFO - Processing file /home/airflow/.local/lib/python3.7/site-packages/airflow/example_dags/example_branch_operator.py for tasks to queue
[2023-03-28 22:23:54,370] {logging_mixin.py:115} INFO - [2023-03-28 22:23:54,370] {dagbag.py:507} INFO - Filling up the DagBag from /home/airflow/.local/lib/python3.7/site-packages/airflow/example_dags/example_branch_operator.py
[2023-03-28 22:23:54,378] {processor.py:651} INFO - DAG(s) dict_keys(['example_branch_operator']) retrieved from /home/airflow/.local/lib/python3.7/site-packages/airflow/example_dags/example_branch_operator.py
[2023-03-28 22:23:54,401] {logging_mixin.py:115} INFO - [2023-03-28 22:23:54,401] {dag.py:2371} INFO - Sync 1 DAGs
[2023-03-28 22:23:54,420] {logging_mixin.py:115} INFO - [2023-03-28 22:23:54,420] {dag.py:2919} INFO - Setting next_dagrun for example_branch_operator to 2023-03-27T00:00:00+00:00, run_after=2023-03-28T00:00:00+00:00
[2023-03-28 22:23:54,433] {processor.py:161} INFO - Processing /home/airflow/.local/lib/python3.7/site-packages/airflow/example_dags/example_branch_operator.py took 0.066 seconds
[2023-03-28 22:24:25,181] {processor.py:153} INFO - Started process (PID=2425) to work on /home/airflow/.local/lib/python3.7/site-packages/airflow/example_dags/example_branch_operator.py
[2023-03-28 22:24:25,181] {processor.py:641} INFO - Processing file /home/airflow/.local/lib/python3.7/site-packages/airflow/example_dags/example_branch_operator.py for tasks to queue
[2023-03-28 22:24:25,181] {logging_mixin.py:115} INFO - [2023-03-28 22:24:25,181] {dagbag.py:507} INFO - Filling up the DagBag from /home/airflow/.local/lib/python3.7/site-packages/airflow/example_dags/example_branch_operator.py
[2023-03-28 22:24:25,188] {processor.py:651} INFO - DAG(s) dict_keys(['example_branch_operator']) retrieved from /home/airflow/.local/lib/python3.7/site-packages/airflow/example_dags/example_branch_operator.py
[2023-03-28 22:24:25,209] {logging_mixin.py:115} INFO - [2023-03-28 22:24:25,209] {dag.py:2371} INFO - Sync 1 DAGs
[2023-03-28 22:24:25,230] {logging_mixin.py:115} INFO - [2023-03-28 22:24:25,230] {dag.py:2919} INFO - Setting next_dagrun for example_branch_operator to 2023-03-27T00:00:00+00:00, run_after=2023-03-28T00:00:00+00:00
[2023-03-28 22:24:25,241] {processor.py:161} INFO - Processing /home/airflow/.local/lib/python3.7/site-packages/airflow/example_dags/example_branch_operator.py took 0.063 seconds
[2023-03-28 22:24:55,790] {processor.py:153} INFO - Started process (PID=2480) to work on /home/airflow/.local/lib/python3.7/site-packages/airflow/example_dags/example_branch_operator.py
[2023-03-28 22:24:55,791] {processor.py:641} INFO - Processing file /home/airflow/.local/lib/python3.7/site-packages/airflow/example_dags/example_branch_operator.py for tasks to queue
[2023-03-28 22:24:55,791] {logging_mixin.py:115} INFO - [2023-03-28 22:24:55,791] {dagbag.py:507} INFO - Filling up the DagBag from /home/airflow/.local/lib/python3.7/site-packages/airflow/example_dags/example_branch_operator.py
[2023-03-28 22:24:55,798] {processor.py:651} INFO - DAG(s) dict_keys(['example_branch_operator']) retrieved from /home/airflow/.local/lib/python3.7/site-packages/airflow/example_dags/example_branch_operator.py
[2023-03-28 22:24:55,819] {logging_mixin.py:115} INFO - [2023-03-28 22:24:55,819] {dag.py:2371} INFO - Sync 1 DAGs
[2023-03-28 22:24:55,838] {logging_mixin.py:115} INFO - [2023-03-28 22:24:55,838] {dag.py:2919} INFO - Setting next_dagrun for example_branch_operator to 2023-03-27T00:00:00+00:00, run_after=2023-03-28T00:00:00+00:00
[2023-03-28 22:24:55,850] {processor.py:161} INFO - Processing /home/airflow/.local/lib/python3.7/site-packages/airflow/example_dags/example_branch_operator.py took 0.062 seconds
[2023-03-28 22:25:26,805] {processor.py:153} INFO - Started process (PID=2544) to work on /home/airflow/.local/lib/python3.7/site-packages/airflow/example_dags/example_branch_operator.py
[2023-03-28 22:25:26,806] {processor.py:641} INFO - Processing file /home/airflow/.local/lib/python3.7/site-packages/airflow/example_dags/example_branch_operator.py for tasks to queue
[2023-03-28 22:25:26,806] {logging_mixin.py:115} INFO - [2023-03-28 22:25:26,806] {dagbag.py:507} INFO - Filling up the DagBag from /home/airflow/.local/lib/python3.7/site-packages/airflow/example_dags/example_branch_operator.py
[2023-03-28 22:25:26,814] {processor.py:651} INFO - DAG(s) dict_keys(['example_branch_operator']) retrieved from /home/airflow/.local/lib/python3.7/site-packages/airflow/example_dags/example_branch_operator.py
[2023-03-28 22:25:26,835] {logging_mixin.py:115} INFO - [2023-03-28 22:25:26,835] {dag.py:2371} INFO - Sync 1 DAGs
[2023-03-28 22:25:26,854] {logging_mixin.py:115} INFO - [2023-03-28 22:25:26,854] {dag.py:2919} INFO - Setting next_dagrun for example_branch_operator to 2023-03-27T00:00:00+00:00, run_after=2023-03-28T00:00:00+00:00
[2023-03-28 22:25:26,867] {processor.py:161} INFO - Processing /home/airflow/.local/lib/python3.7/site-packages/airflow/example_dags/example_branch_operator.py took 0.064 seconds
[2023-03-28 22:25:57,579] {processor.py:153} INFO - Started process (PID=2608) to work on /home/airflow/.local/lib/python3.7/site-packages/airflow/example_dags/example_branch_operator.py
[2023-03-28 22:25:57,579] {processor.py:641} INFO - Processing file /home/airflow/.local/lib/python3.7/site-packages/airflow/example_dags/example_branch_operator.py for tasks to queue
[2023-03-28 22:25:57,579] {logging_mixin.py:115} INFO - [2023-03-28 22:25:57,579] {dagbag.py:507} INFO - Filling up the DagBag from /home/airflow/.local/lib/python3.7/site-packages/airflow/example_dags/example_branch_operator.py
[2023-03-28 22:25:57,586] {processor.py:651} INFO - DAG(s) dict_keys(['example_branch_operator']) retrieved from /home/airflow/.local/lib/python3.7/site-packages/airflow/example_dags/example_branch_operator.py
[2023-03-28 22:25:57,608] {logging_mixin.py:115} INFO - [2023-03-28 22:25:57,608] {dag.py:2371} INFO - Sync 1 DAGs
[2023-03-28 22:25:57,628] {logging_mixin.py:115} INFO - [2023-03-28 22:25:57,628] {dag.py:2919} INFO - Setting next_dagrun for example_branch_operator to 2023-03-27T00:00:00+00:00, run_after=2023-03-28T00:00:00+00:00
[2023-03-28 22:25:57,641] {processor.py:161} INFO - Processing /home/airflow/.local/lib/python3.7/site-packages/airflow/example_dags/example_branch_operator.py took 0.064 seconds
[2023-03-28 22:26:28,669] {processor.py:153} INFO - Started process (PID=2673) to work on /home/airflow/.local/lib/python3.7/site-packages/airflow/example_dags/example_branch_operator.py
[2023-03-28 22:26:28,670] {processor.py:641} INFO - Processing file /home/airflow/.local/lib/python3.7/site-packages/airflow/example_dags/example_branch_operator.py for tasks to queue
[2023-03-28 22:26:28,671] {logging_mixin.py:115} INFO - [2023-03-28 22:26:28,670] {dagbag.py:507} INFO - Filling up the DagBag from /home/airflow/.local/lib/python3.7/site-packages/airflow/example_dags/example_branch_operator.py
[2023-03-28 22:26:28,679] {processor.py:651} INFO - DAG(s) dict_keys(['example_branch_operator']) retrieved from /home/airflow/.local/lib/python3.7/site-packages/airflow/example_dags/example_branch_operator.py
[2023-03-28 22:26:28,702] {logging_mixin.py:115} INFO - [2023-03-28 22:26:28,701] {dag.py:2371} INFO - Sync 1 DAGs
[2023-03-28 22:26:28,722] {logging_mixin.py:115} INFO - [2023-03-28 22:26:28,722] {dag.py:2919} INFO - Setting next_dagrun for example_branch_operator to 2023-03-27T00:00:00+00:00, run_after=2023-03-28T00:00:00+00:00
[2023-03-28 22:26:28,734] {processor.py:161} INFO - Processing /home/airflow/.local/lib/python3.7/site-packages/airflow/example_dags/example_branch_operator.py took 0.067 seconds
[2023-03-28 22:26:59,670] {processor.py:153} INFO - Started process (PID=2728) to work on /home/airflow/.local/lib/python3.7/site-packages/airflow/example_dags/example_branch_operator.py
[2023-03-28 22:26:59,671] {processor.py:641} INFO - Processing file /home/airflow/.local/lib/python3.7/site-packages/airflow/example_dags/example_branch_operator.py for tasks to queue
[2023-03-28 22:26:59,671] {logging_mixin.py:115} INFO - [2023-03-28 22:26:59,671] {dagbag.py:507} INFO - Filling up the DagBag from /home/airflow/.local/lib/python3.7/site-packages/airflow/example_dags/example_branch_operator.py
[2023-03-28 22:26:59,679] {processor.py:651} INFO - DAG(s) dict_keys(['example_branch_operator']) retrieved from /home/airflow/.local/lib/python3.7/site-packages/airflow/example_dags/example_branch_operator.py
[2023-03-28 22:26:59,702] {logging_mixin.py:115} INFO - [2023-03-28 22:26:59,702] {dag.py:2371} INFO - Sync 1 DAGs
[2023-03-28 22:26:59,725] {logging_mixin.py:115} INFO - [2023-03-28 22:26:59,725] {dag.py:2919} INFO - Setting next_dagrun for example_branch_operator to 2023-03-27T00:00:00+00:00, run_after=2023-03-28T00:00:00+00:00
[2023-03-28 22:26:59,737] {processor.py:161} INFO - Processing /home/airflow/.local/lib/python3.7/site-packages/airflow/example_dags/example_branch_operator.py took 0.070 seconds
[2023-03-28 22:27:30,305] {processor.py:153} INFO - Started process (PID=2794) to work on /home/airflow/.local/lib/python3.7/site-packages/airflow/example_dags/example_branch_operator.py
[2023-03-28 22:27:30,305] {processor.py:641} INFO - Processing file /home/airflow/.local/lib/python3.7/site-packages/airflow/example_dags/example_branch_operator.py for tasks to queue
[2023-03-28 22:27:30,306] {logging_mixin.py:115} INFO - [2023-03-28 22:27:30,306] {dagbag.py:507} INFO - Filling up the DagBag from /home/airflow/.local/lib/python3.7/site-packages/airflow/example_dags/example_branch_operator.py
[2023-03-28 22:27:30,313] {processor.py:651} INFO - DAG(s) dict_keys(['example_branch_operator']) retrieved from /home/airflow/.local/lib/python3.7/site-packages/airflow/example_dags/example_branch_operator.py
[2023-03-28 22:27:30,336] {logging_mixin.py:115} INFO - [2023-03-28 22:27:30,336] {dag.py:2371} INFO - Sync 1 DAGs
[2023-03-28 22:27:30,357] {logging_mixin.py:115} INFO - [2023-03-28 22:27:30,357] {dag.py:2919} INFO - Setting next_dagrun for example_branch_operator to 2023-03-27T00:00:00+00:00, run_after=2023-03-28T00:00:00+00:00
[2023-03-28 22:27:30,368] {processor.py:161} INFO - Processing /home/airflow/.local/lib/python3.7/site-packages/airflow/example_dags/example_branch_operator.py took 0.066 seconds
[2023-03-28 22:28:01,000] {processor.py:153} INFO - Started process (PID=2858) to work on /home/airflow/.local/lib/python3.7/site-packages/airflow/example_dags/example_branch_operator.py
[2023-03-28 22:28:01,000] {processor.py:641} INFO - Processing file /home/airflow/.local/lib/python3.7/site-packages/airflow/example_dags/example_branch_operator.py for tasks to queue
[2023-03-28 22:28:01,001] {logging_mixin.py:115} INFO - [2023-03-28 22:28:01,001] {dagbag.py:507} INFO - Filling up the DagBag from /home/airflow/.local/lib/python3.7/site-packages/airflow/example_dags/example_branch_operator.py
[2023-03-28 22:28:01,009] {processor.py:651} INFO - DAG(s) dict_keys(['example_branch_operator']) retrieved from /home/airflow/.local/lib/python3.7/site-packages/airflow/example_dags/example_branch_operator.py
[2023-03-28 22:28:01,032] {logging_mixin.py:115} INFO - [2023-03-28 22:28:01,032] {dag.py:2371} INFO - Sync 1 DAGs
[2023-03-28 22:28:01,053] {logging_mixin.py:115} INFO - [2023-03-28 22:28:01,053] {dag.py:2919} INFO - Setting next_dagrun for example_branch_operator to 2023-03-27T00:00:00+00:00, run_after=2023-03-28T00:00:00+00:00
[2023-03-28 22:28:01,067] {processor.py:161} INFO - Processing /home/airflow/.local/lib/python3.7/site-packages/airflow/example_dags/example_branch_operator.py took 0.069 seconds
[2023-03-28 22:28:31,819] {processor.py:153} INFO - Started process (PID=2913) to work on /home/airflow/.local/lib/python3.7/site-packages/airflow/example_dags/example_branch_operator.py
[2023-03-28 22:28:31,820] {processor.py:641} INFO - Processing file /home/airflow/.local/lib/python3.7/site-packages/airflow/example_dags/example_branch_operator.py for tasks to queue
[2023-03-28 22:28:31,820] {logging_mixin.py:115} INFO - [2023-03-28 22:28:31,820] {dagbag.py:507} INFO - Filling up the DagBag from /home/airflow/.local/lib/python3.7/site-packages/airflow/example_dags/example_branch_operator.py
[2023-03-28 22:28:31,827] {processor.py:651} INFO - DAG(s) dict_keys(['example_branch_operator']) retrieved from /home/airflow/.local/lib/python3.7/site-packages/airflow/example_dags/example_branch_operator.py
[2023-03-28 22:28:31,848] {logging_mixin.py:115} INFO - [2023-03-28 22:28:31,848] {dag.py:2371} INFO - Sync 1 DAGs
[2023-03-28 22:28:31,868] {logging_mixin.py:115} INFO - [2023-03-28 22:28:31,868] {dag.py:2919} INFO - Setting next_dagrun for example_branch_operator to 2023-03-27T00:00:00+00:00, run_after=2023-03-28T00:00:00+00:00
[2023-03-28 22:28:31,883] {processor.py:161} INFO - Processing /home/airflow/.local/lib/python3.7/site-packages/airflow/example_dags/example_branch_operator.py took 0.066 seconds
[2023-03-28 22:29:02,052] {processor.py:153} INFO - Started process (PID=2977) to work on /home/airflow/.local/lib/python3.7/site-packages/airflow/example_dags/example_branch_operator.py
[2023-03-28 22:29:02,052] {processor.py:641} INFO - Processing file /home/airflow/.local/lib/python3.7/site-packages/airflow/example_dags/example_branch_operator.py for tasks to queue
[2023-03-28 22:29:02,053] {logging_mixin.py:115} INFO - [2023-03-28 22:29:02,052] {dagbag.py:507} INFO - Filling up the DagBag from /home/airflow/.local/lib/python3.7/site-packages/airflow/example_dags/example_branch_operator.py
[2023-03-28 22:29:02,060] {processor.py:651} INFO - DAG(s) dict_keys(['example_branch_operator']) retrieved from /home/airflow/.local/lib/python3.7/site-packages/airflow/example_dags/example_branch_operator.py
[2023-03-28 22:29:02,081] {logging_mixin.py:115} INFO - [2023-03-28 22:29:02,081] {dag.py:2371} INFO - Sync 1 DAGs
[2023-03-28 22:29:02,101] {logging_mixin.py:115} INFO - [2023-03-28 22:29:02,101] {dag.py:2919} INFO - Setting next_dagrun for example_branch_operator to 2023-03-27T00:00:00+00:00, run_after=2023-03-28T00:00:00+00:00
[2023-03-28 22:29:02,112] {processor.py:161} INFO - Processing /home/airflow/.local/lib/python3.7/site-packages/airflow/example_dags/example_branch_operator.py took 0.063 seconds
[2023-03-28 22:29:32,748] {processor.py:153} INFO - Started process (PID=3041) to work on /home/airflow/.local/lib/python3.7/site-packages/airflow/example_dags/example_branch_operator.py
[2023-03-28 22:29:32,749] {processor.py:641} INFO - Processing file /home/airflow/.local/lib/python3.7/site-packages/airflow/example_dags/example_branch_operator.py for tasks to queue
[2023-03-28 22:29:32,749] {logging_mixin.py:115} INFO - [2023-03-28 22:29:32,749] {dagbag.py:507} INFO - Filling up the DagBag from /home/airflow/.local/lib/python3.7/site-packages/airflow/example_dags/example_branch_operator.py
[2023-03-28 22:29:32,757] {processor.py:651} INFO - DAG(s) dict_keys(['example_branch_operator']) retrieved from /home/airflow/.local/lib/python3.7/site-packages/airflow/example_dags/example_branch_operator.py
[2023-03-28 22:29:32,782] {logging_mixin.py:115} INFO - [2023-03-28 22:29:32,782] {dag.py:2371} INFO - Sync 1 DAGs
[2023-03-28 22:29:32,803] {logging_mixin.py:115} INFO - [2023-03-28 22:29:32,803] {dag.py:2919} INFO - Setting next_dagrun for example_branch_operator to 2023-03-27T00:00:00+00:00, run_after=2023-03-28T00:00:00+00:00
[2023-03-28 22:29:32,815] {processor.py:161} INFO - Processing /home/airflow/.local/lib/python3.7/site-packages/airflow/example_dags/example_branch_operator.py took 0.070 seconds
[2023-03-28 22:30:03,178] {processor.py:153} INFO - Started process (PID=3105) to work on /home/airflow/.local/lib/python3.7/site-packages/airflow/example_dags/example_branch_operator.py
[2023-03-28 22:30:03,178] {processor.py:641} INFO - Processing file /home/airflow/.local/lib/python3.7/site-packages/airflow/example_dags/example_branch_operator.py for tasks to queue
[2023-03-28 22:30:03,178] {logging_mixin.py:115} INFO - [2023-03-28 22:30:03,178] {dagbag.py:507} INFO - Filling up the DagBag from /home/airflow/.local/lib/python3.7/site-packages/airflow/example_dags/example_branch_operator.py
[2023-03-28 22:30:03,185] {processor.py:651} INFO - DAG(s) dict_keys(['example_branch_operator']) retrieved from /home/airflow/.local/lib/python3.7/site-packages/airflow/example_dags/example_branch_operator.py
[2023-03-28 22:30:03,214] {logging_mixin.py:115} INFO - [2023-03-28 22:30:03,214] {dag.py:2371} INFO - Sync 1 DAGs
[2023-03-28 22:30:03,237] {logging_mixin.py:115} INFO - [2023-03-28 22:30:03,237] {dag.py:2919} INFO - Setting next_dagrun for example_branch_operator to 2023-03-27T00:00:00+00:00, run_after=2023-03-28T00:00:00+00:00
[2023-03-28 22:30:03,251] {processor.py:161} INFO - Processing /home/airflow/.local/lib/python3.7/site-packages/airflow/example_dags/example_branch_operator.py took 0.076 seconds
[2023-03-28 22:30:33,541] {processor.py:153} INFO - Started process (PID=3160) to work on /home/airflow/.local/lib/python3.7/site-packages/airflow/example_dags/example_branch_operator.py
[2023-03-28 22:30:33,542] {processor.py:641} INFO - Processing file /home/airflow/.local/lib/python3.7/site-packages/airflow/example_dags/example_branch_operator.py for tasks to queue
[2023-03-28 22:30:33,542] {logging_mixin.py:115} INFO - [2023-03-28 22:30:33,542] {dagbag.py:507} INFO - Filling up the DagBag from /home/airflow/.local/lib/python3.7/site-packages/airflow/example_dags/example_branch_operator.py
[2023-03-28 22:30:33,550] {processor.py:651} INFO - DAG(s) dict_keys(['example_branch_operator']) retrieved from /home/airflow/.local/lib/python3.7/site-packages/airflow/example_dags/example_branch_operator.py
[2023-03-28 22:30:33,573] {logging_mixin.py:115} INFO - [2023-03-28 22:30:33,572] {dag.py:2371} INFO - Sync 1 DAGs
[2023-03-28 22:30:33,592] {logging_mixin.py:115} INFO - [2023-03-28 22:30:33,592] {dag.py:2919} INFO - Setting next_dagrun for example_branch_operator to 2023-03-27T00:00:00+00:00, run_after=2023-03-28T00:00:00+00:00
[2023-03-28 22:30:33,607] {processor.py:161} INFO - Processing /home/airflow/.local/lib/python3.7/site-packages/airflow/example_dags/example_branch_operator.py took 0.068 seconds
[2023-03-28 22:31:03,732] {processor.py:153} INFO - Started process (PID=3224) to work on /home/airflow/.local/lib/python3.7/site-packages/airflow/example_dags/example_branch_operator.py
[2023-03-28 22:31:03,732] {processor.py:641} INFO - Processing file /home/airflow/.local/lib/python3.7/site-packages/airflow/example_dags/example_branch_operator.py for tasks to queue
[2023-03-28 22:31:03,732] {logging_mixin.py:115} INFO - [2023-03-28 22:31:03,732] {dagbag.py:507} INFO - Filling up the DagBag from /home/airflow/.local/lib/python3.7/site-packages/airflow/example_dags/example_branch_operator.py
[2023-03-28 22:31:03,740] {processor.py:651} INFO - DAG(s) dict_keys(['example_branch_operator']) retrieved from /home/airflow/.local/lib/python3.7/site-packages/airflow/example_dags/example_branch_operator.py
[2023-03-28 22:31:03,760] {logging_mixin.py:115} INFO - [2023-03-28 22:31:03,760] {dag.py:2371} INFO - Sync 1 DAGs
[2023-03-28 22:31:03,781] {logging_mixin.py:115} INFO - [2023-03-28 22:31:03,781] {dag.py:2919} INFO - Setting next_dagrun for example_branch_operator to 2023-03-27T00:00:00+00:00, run_after=2023-03-28T00:00:00+00:00
[2023-03-28 22:31:03,794] {processor.py:161} INFO - Processing /home/airflow/.local/lib/python3.7/site-packages/airflow/example_dags/example_branch_operator.py took 0.064 seconds
[2023-03-28 22:31:34,112] {processor.py:153} INFO - Started process (PID=3288) to work on /home/airflow/.local/lib/python3.7/site-packages/airflow/example_dags/example_branch_operator.py
[2023-03-28 22:31:34,113] {processor.py:641} INFO - Processing file /home/airflow/.local/lib/python3.7/site-packages/airflow/example_dags/example_branch_operator.py for tasks to queue
[2023-03-28 22:31:34,114] {logging_mixin.py:115} INFO - [2023-03-28 22:31:34,114] {dagbag.py:507} INFO - Filling up the DagBag from /home/airflow/.local/lib/python3.7/site-packages/airflow/example_dags/example_branch_operator.py
[2023-03-28 22:31:34,124] {processor.py:651} INFO - DAG(s) dict_keys(['example_branch_operator']) retrieved from /home/airflow/.local/lib/python3.7/site-packages/airflow/example_dags/example_branch_operator.py
[2023-03-28 22:31:34,153] {logging_mixin.py:115} INFO - [2023-03-28 22:31:34,153] {dag.py:2371} INFO - Sync 1 DAGs
[2023-03-28 22:31:34,178] {logging_mixin.py:115} INFO - [2023-03-28 22:31:34,178] {dag.py:2919} INFO - Setting next_dagrun for example_branch_operator to 2023-03-27T00:00:00+00:00, run_after=2023-03-28T00:00:00+00:00
[2023-03-28 22:31:34,194] {processor.py:161} INFO - Processing /home/airflow/.local/lib/python3.7/site-packages/airflow/example_dags/example_branch_operator.py took 0.085 seconds
[2023-03-28 22:32:04,435] {processor.py:153} INFO - Started process (PID=3343) to work on /home/airflow/.local/lib/python3.7/site-packages/airflow/example_dags/example_branch_operator.py
[2023-03-28 22:32:04,435] {processor.py:641} INFO - Processing file /home/airflow/.local/lib/python3.7/site-packages/airflow/example_dags/example_branch_operator.py for tasks to queue
[2023-03-28 22:32:04,436] {logging_mixin.py:115} INFO - [2023-03-28 22:32:04,436] {dagbag.py:507} INFO - Filling up the DagBag from /home/airflow/.local/lib/python3.7/site-packages/airflow/example_dags/example_branch_operator.py
[2023-03-28 22:32:04,442] {processor.py:651} INFO - DAG(s) dict_keys(['example_branch_operator']) retrieved from /home/airflow/.local/lib/python3.7/site-packages/airflow/example_dags/example_branch_operator.py
[2023-03-28 22:32:04,463] {logging_mixin.py:115} INFO - [2023-03-28 22:32:04,463] {dag.py:2371} INFO - Sync 1 DAGs
[2023-03-28 22:32:04,482] {logging_mixin.py:115} INFO - [2023-03-28 22:32:04,481] {dag.py:2919} INFO - Setting next_dagrun for example_branch_operator to 2023-03-27T00:00:00+00:00, run_after=2023-03-28T00:00:00+00:00
[2023-03-28 22:32:04,493] {processor.py:161} INFO - Processing /home/airflow/.local/lib/python3.7/site-packages/airflow/example_dags/example_branch_operator.py took 0.060 seconds
[2023-03-28 22:32:34,930] {processor.py:153} INFO - Started process (PID=3407) to work on /home/airflow/.local/lib/python3.7/site-packages/airflow/example_dags/example_branch_operator.py
[2023-03-28 22:32:34,931] {processor.py:641} INFO - Processing file /home/airflow/.local/lib/python3.7/site-packages/airflow/example_dags/example_branch_operator.py for tasks to queue
[2023-03-28 22:32:34,931] {logging_mixin.py:115} INFO - [2023-03-28 22:32:34,931] {dagbag.py:507} INFO - Filling up the DagBag from /home/airflow/.local/lib/python3.7/site-packages/airflow/example_dags/example_branch_operator.py
[2023-03-28 22:32:34,938] {processor.py:651} INFO - DAG(s) dict_keys(['example_branch_operator']) retrieved from /home/airflow/.local/lib/python3.7/site-packages/airflow/example_dags/example_branch_operator.py
[2023-03-28 22:32:34,959] {logging_mixin.py:115} INFO - [2023-03-28 22:32:34,959] {dag.py:2371} INFO - Sync 1 DAGs
[2023-03-28 22:32:34,980] {logging_mixin.py:115} INFO - [2023-03-28 22:32:34,980] {dag.py:2919} INFO - Setting next_dagrun for example_branch_operator to 2023-03-27T00:00:00+00:00, run_after=2023-03-28T00:00:00+00:00
[2023-03-28 22:32:34,992] {processor.py:161} INFO - Processing /home/airflow/.local/lib/python3.7/site-packages/airflow/example_dags/example_branch_operator.py took 0.064 seconds
[2023-03-28 22:33:05,165] {processor.py:153} INFO - Started process (PID=3471) to work on /home/airflow/.local/lib/python3.7/site-packages/airflow/example_dags/example_branch_operator.py
[2023-03-28 22:33:05,166] {processor.py:641} INFO - Processing file /home/airflow/.local/lib/python3.7/site-packages/airflow/example_dags/example_branch_operator.py for tasks to queue
[2023-03-28 22:33:05,167] {logging_mixin.py:115} INFO - [2023-03-28 22:33:05,167] {dagbag.py:507} INFO - Filling up the DagBag from /home/airflow/.local/lib/python3.7/site-packages/airflow/example_dags/example_branch_operator.py
[2023-03-28 22:33:05,174] {processor.py:651} INFO - DAG(s) dict_keys(['example_branch_operator']) retrieved from /home/airflow/.local/lib/python3.7/site-packages/airflow/example_dags/example_branch_operator.py
[2023-03-28 22:33:05,196] {logging_mixin.py:115} INFO - [2023-03-28 22:33:05,196] {dag.py:2371} INFO - Sync 1 DAGs
[2023-03-28 22:33:05,217] {logging_mixin.py:115} INFO - [2023-03-28 22:33:05,217] {dag.py:2919} INFO - Setting next_dagrun for example_branch_operator to 2023-03-27T00:00:00+00:00, run_after=2023-03-28T00:00:00+00:00
[2023-03-28 22:33:05,232] {processor.py:161} INFO - Processing /home/airflow/.local/lib/python3.7/site-packages/airflow/example_dags/example_branch_operator.py took 0.069 seconds
[2023-03-28 22:33:35,609] {processor.py:153} INFO - Started process (PID=3526) to work on /home/airflow/.local/lib/python3.7/site-packages/airflow/example_dags/example_branch_operator.py
[2023-03-28 22:33:35,610] {processor.py:641} INFO - Processing file /home/airflow/.local/lib/python3.7/site-packages/airflow/example_dags/example_branch_operator.py for tasks to queue
[2023-03-28 22:33:35,610] {logging_mixin.py:115} INFO - [2023-03-28 22:33:35,610] {dagbag.py:507} INFO - Filling up the DagBag from /home/airflow/.local/lib/python3.7/site-packages/airflow/example_dags/example_branch_operator.py
[2023-03-28 22:33:35,618] {processor.py:651} INFO - DAG(s) dict_keys(['example_branch_operator']) retrieved from /home/airflow/.local/lib/python3.7/site-packages/airflow/example_dags/example_branch_operator.py
[2023-03-28 22:33:35,642] {logging_mixin.py:115} INFO - [2023-03-28 22:33:35,642] {dag.py:2371} INFO - Sync 1 DAGs
[2023-03-28 22:33:35,662] {logging_mixin.py:115} INFO - [2023-03-28 22:33:35,662] {dag.py:2919} INFO - Setting next_dagrun for example_branch_operator to 2023-03-27T00:00:00+00:00, run_after=2023-03-28T00:00:00+00:00
[2023-03-28 22:33:35,675] {processor.py:161} INFO - Processing /home/airflow/.local/lib/python3.7/site-packages/airflow/example_dags/example_branch_operator.py took 0.068 seconds
[2023-03-28 22:34:06,057] {processor.py:153} INFO - Started process (PID=3590) to work on /home/airflow/.local/lib/python3.7/site-packages/airflow/example_dags/example_branch_operator.py
[2023-03-28 22:34:06,058] {processor.py:641} INFO - Processing file /home/airflow/.local/lib/python3.7/site-packages/airflow/example_dags/example_branch_operator.py for tasks to queue
[2023-03-28 22:34:06,058] {logging_mixin.py:115} INFO - [2023-03-28 22:34:06,058] {dagbag.py:507} INFO - Filling up the DagBag from /home/airflow/.local/lib/python3.7/site-packages/airflow/example_dags/example_branch_operator.py
[2023-03-28 22:34:06,066] {processor.py:651} INFO - DAG(s) dict_keys(['example_branch_operator']) retrieved from /home/airflow/.local/lib/python3.7/site-packages/airflow/example_dags/example_branch_operator.py
[2023-03-28 22:34:06,090] {logging_mixin.py:115} INFO - [2023-03-28 22:34:06,089] {dag.py:2371} INFO - Sync 1 DAGs
[2023-03-28 22:34:06,110] {logging_mixin.py:115} INFO - [2023-03-28 22:34:06,110] {dag.py:2919} INFO - Setting next_dagrun for example_branch_operator to 2023-03-27T00:00:00+00:00, run_after=2023-03-28T00:00:00+00:00
[2023-03-28 22:34:06,125] {processor.py:161} INFO - Processing /home/airflow/.local/lib/python3.7/site-packages/airflow/example_dags/example_branch_operator.py took 0.070 seconds
[2023-03-28 22:34:36,290] {processor.py:153} INFO - Started process (PID=3654) to work on /home/airflow/.local/lib/python3.7/site-packages/airflow/example_dags/example_branch_operator.py
[2023-03-28 22:34:36,291] {processor.py:641} INFO - Processing file /home/airflow/.local/lib/python3.7/site-packages/airflow/example_dags/example_branch_operator.py for tasks to queue
[2023-03-28 22:34:36,292] {logging_mixin.py:115} INFO - [2023-03-28 22:34:36,292] {dagbag.py:507} INFO - Filling up the DagBag from /home/airflow/.local/lib/python3.7/site-packages/airflow/example_dags/example_branch_operator.py
[2023-03-28 22:34:36,299] {processor.py:651} INFO - DAG(s) dict_keys(['example_branch_operator']) retrieved from /home/airflow/.local/lib/python3.7/site-packages/airflow/example_dags/example_branch_operator.py
[2023-03-28 22:34:36,381] {logging_mixin.py:115} INFO - [2023-03-28 22:34:36,381] {dag.py:2371} INFO - Sync 1 DAGs
[2023-03-28 22:34:36,412] {logging_mixin.py:115} INFO - [2023-03-28 22:34:36,412] {dag.py:2919} INFO - Setting next_dagrun for example_branch_operator to 2023-03-27T00:00:00+00:00, run_after=2023-03-28T00:00:00+00:00
[2023-03-28 22:34:36,435] {processor.py:161} INFO - Processing /home/airflow/.local/lib/python3.7/site-packages/airflow/example_dags/example_branch_operator.py took 0.146 seconds
[2023-03-28 22:35:06,853] {processor.py:153} INFO - Started process (PID=3709) to work on /home/airflow/.local/lib/python3.7/site-packages/airflow/example_dags/example_branch_operator.py
[2023-03-28 22:35:06,853] {processor.py:641} INFO - Processing file /home/airflow/.local/lib/python3.7/site-packages/airflow/example_dags/example_branch_operator.py for tasks to queue
[2023-03-28 22:35:06,853] {logging_mixin.py:115} INFO - [2023-03-28 22:35:06,853] {dagbag.py:507} INFO - Filling up the DagBag from /home/airflow/.local/lib/python3.7/site-packages/airflow/example_dags/example_branch_operator.py
[2023-03-28 22:35:06,861] {processor.py:651} INFO - DAG(s) dict_keys(['example_branch_operator']) retrieved from /home/airflow/.local/lib/python3.7/site-packages/airflow/example_dags/example_branch_operator.py
[2023-03-28 22:35:06,884] {logging_mixin.py:115} INFO - [2023-03-28 22:35:06,884] {dag.py:2371} INFO - Sync 1 DAGs
[2023-03-28 22:35:06,908] {logging_mixin.py:115} INFO - [2023-03-28 22:35:06,908] {dag.py:2919} INFO - Setting next_dagrun for example_branch_operator to 2023-03-27T00:00:00+00:00, run_after=2023-03-28T00:00:00+00:00
[2023-03-28 22:35:07,046] {processor.py:161} INFO - Processing /home/airflow/.local/lib/python3.7/site-packages/airflow/example_dags/example_branch_operator.py took 0.195 seconds
[2023-03-28 22:35:37,678] {processor.py:153} INFO - Started process (PID=3774) to work on /home/airflow/.local/lib/python3.7/site-packages/airflow/example_dags/example_branch_operator.py
[2023-03-28 22:35:37,679] {processor.py:641} INFO - Processing file /home/airflow/.local/lib/python3.7/site-packages/airflow/example_dags/example_branch_operator.py for tasks to queue
[2023-03-28 22:35:37,679] {logging_mixin.py:115} INFO - [2023-03-28 22:35:37,679] {dagbag.py:507} INFO - Filling up the DagBag from /home/airflow/.local/lib/python3.7/site-packages/airflow/example_dags/example_branch_operator.py
[2023-03-28 22:35:37,689] {processor.py:651} INFO - DAG(s) dict_keys(['example_branch_operator']) retrieved from /home/airflow/.local/lib/python3.7/site-packages/airflow/example_dags/example_branch_operator.py
[2023-03-28 22:35:37,710] {logging_mixin.py:115} INFO - [2023-03-28 22:35:37,710] {dag.py:2371} INFO - Sync 1 DAGs
[2023-03-28 22:35:37,731] {logging_mixin.py:115} INFO - [2023-03-28 22:35:37,731] {dag.py:2919} INFO - Setting next_dagrun for example_branch_operator to 2023-03-27T00:00:00+00:00, run_after=2023-03-28T00:00:00+00:00
[2023-03-28 22:35:37,822] {processor.py:161} INFO - Processing /home/airflow/.local/lib/python3.7/site-packages/airflow/example_dags/example_branch_operator.py took 0.146 seconds
[2023-03-28 22:36:08,263] {processor.py:153} INFO - Started process (PID=3838) to work on /home/airflow/.local/lib/python3.7/site-packages/airflow/example_dags/example_branch_operator.py
[2023-03-28 22:36:08,263] {processor.py:641} INFO - Processing file /home/airflow/.local/lib/python3.7/site-packages/airflow/example_dags/example_branch_operator.py for tasks to queue
[2023-03-28 22:36:08,263] {logging_mixin.py:115} INFO - [2023-03-28 22:36:08,263] {dagbag.py:507} INFO - Filling up the DagBag from /home/airflow/.local/lib/python3.7/site-packages/airflow/example_dags/example_branch_operator.py
[2023-03-28 22:36:08,271] {processor.py:651} INFO - DAG(s) dict_keys(['example_branch_operator']) retrieved from /home/airflow/.local/lib/python3.7/site-packages/airflow/example_dags/example_branch_operator.py
[2023-03-28 22:36:08,293] {logging_mixin.py:115} INFO - [2023-03-28 22:36:08,293] {dag.py:2371} INFO - Sync 1 DAGs
[2023-03-28 22:36:08,314] {logging_mixin.py:115} INFO - [2023-03-28 22:36:08,314] {dag.py:2919} INFO - Setting next_dagrun for example_branch_operator to 2023-03-27T00:00:00+00:00, run_after=2023-03-28T00:00:00+00:00
[2023-03-28 22:36:08,413] {processor.py:161} INFO - Processing /home/airflow/.local/lib/python3.7/site-packages/airflow/example_dags/example_branch_operator.py took 0.152 seconds
[2023-03-28 22:36:39,125] {processor.py:153} INFO - Started process (PID=3895) to work on /home/airflow/.local/lib/python3.7/site-packages/airflow/example_dags/example_branch_operator.py
[2023-03-28 22:36:39,126] {processor.py:641} INFO - Processing file /home/airflow/.local/lib/python3.7/site-packages/airflow/example_dags/example_branch_operator.py for tasks to queue
[2023-03-28 22:36:39,127] {logging_mixin.py:115} INFO - [2023-03-28 22:36:39,126] {dagbag.py:507} INFO - Filling up the DagBag from /home/airflow/.local/lib/python3.7/site-packages/airflow/example_dags/example_branch_operator.py
[2023-03-28 22:36:39,134] {processor.py:651} INFO - DAG(s) dict_keys(['example_branch_operator']) retrieved from /home/airflow/.local/lib/python3.7/site-packages/airflow/example_dags/example_branch_operator.py
[2023-03-28 22:36:39,156] {logging_mixin.py:115} INFO - [2023-03-28 22:36:39,156] {dag.py:2371} INFO - Sync 1 DAGs
[2023-03-28 22:36:39,178] {logging_mixin.py:115} INFO - [2023-03-28 22:36:39,178] {dag.py:2919} INFO - Setting next_dagrun for example_branch_operator to 2023-03-27T00:00:00+00:00, run_after=2023-03-28T00:00:00+00:00
[2023-03-28 22:36:39,275] {processor.py:161} INFO - Processing /home/airflow/.local/lib/python3.7/site-packages/airflow/example_dags/example_branch_operator.py took 0.152 seconds
[2023-03-28 22:37:09,896] {processor.py:153} INFO - Started process (PID=3960) to work on /home/airflow/.local/lib/python3.7/site-packages/airflow/example_dags/example_branch_operator.py
[2023-03-28 22:37:09,896] {processor.py:641} INFO - Processing file /home/airflow/.local/lib/python3.7/site-packages/airflow/example_dags/example_branch_operator.py for tasks to queue
[2023-03-28 22:37:09,896] {logging_mixin.py:115} INFO - [2023-03-28 22:37:09,896] {dagbag.py:507} INFO - Filling up the DagBag from /home/airflow/.local/lib/python3.7/site-packages/airflow/example_dags/example_branch_operator.py
[2023-03-28 22:37:09,903] {processor.py:651} INFO - DAG(s) dict_keys(['example_branch_operator']) retrieved from /home/airflow/.local/lib/python3.7/site-packages/airflow/example_dags/example_branch_operator.py
[2023-03-28 22:37:09,927] {logging_mixin.py:115} INFO - [2023-03-28 22:37:09,927] {dag.py:2371} INFO - Sync 1 DAGs
[2023-03-28 22:37:09,949] {logging_mixin.py:115} INFO - [2023-03-28 22:37:09,948] {dag.py:2919} INFO - Setting next_dagrun for example_branch_operator to 2023-03-27T00:00:00+00:00, run_after=2023-03-28T00:00:00+00:00
[2023-03-28 22:37:10,062] {processor.py:161} INFO - Processing /home/airflow/.local/lib/python3.7/site-packages/airflow/example_dags/example_branch_operator.py took 0.169 seconds
[2023-03-28 22:37:40,698] {processor.py:153} INFO - Started process (PID=4024) to work on /home/airflow/.local/lib/python3.7/site-packages/airflow/example_dags/example_branch_operator.py
[2023-03-28 22:37:40,699] {processor.py:641} INFO - Processing file /home/airflow/.local/lib/python3.7/site-packages/airflow/example_dags/example_branch_operator.py for tasks to queue
[2023-03-28 22:37:40,699] {logging_mixin.py:115} INFO - [2023-03-28 22:37:40,699] {dagbag.py:507} INFO - Filling up the DagBag from /home/airflow/.local/lib/python3.7/site-packages/airflow/example_dags/example_branch_operator.py
[2023-03-28 22:37:40,707] {processor.py:651} INFO - DAG(s) dict_keys(['example_branch_operator']) retrieved from /home/airflow/.local/lib/python3.7/site-packages/airflow/example_dags/example_branch_operator.py
[2023-03-28 22:37:40,735] {logging_mixin.py:115} INFO - [2023-03-28 22:37:40,735] {dag.py:2371} INFO - Sync 1 DAGs
[2023-03-28 22:37:40,759] {logging_mixin.py:115} INFO - [2023-03-28 22:37:40,759] {dag.py:2919} INFO - Setting next_dagrun for example_branch_operator to 2023-03-27T00:00:00+00:00, run_after=2023-03-28T00:00:00+00:00
[2023-03-28 22:37:40,871] {processor.py:161} INFO - Processing /home/airflow/.local/lib/python3.7/site-packages/airflow/example_dags/example_branch_operator.py took 0.175 seconds
[2023-03-28 22:38:11,405] {processor.py:153} INFO - Started process (PID=4079) to work on /home/airflow/.local/lib/python3.7/site-packages/airflow/example_dags/example_branch_operator.py
[2023-03-28 22:38:11,405] {processor.py:641} INFO - Processing file /home/airflow/.local/lib/python3.7/site-packages/airflow/example_dags/example_branch_operator.py for tasks to queue
[2023-03-28 22:38:11,405] {logging_mixin.py:115} INFO - [2023-03-28 22:38:11,405] {dagbag.py:507} INFO - Filling up the DagBag from /home/airflow/.local/lib/python3.7/site-packages/airflow/example_dags/example_branch_operator.py
[2023-03-28 22:38:11,412] {processor.py:651} INFO - DAG(s) dict_keys(['example_branch_operator']) retrieved from /home/airflow/.local/lib/python3.7/site-packages/airflow/example_dags/example_branch_operator.py
[2023-03-28 22:38:11,434] {logging_mixin.py:115} INFO - [2023-03-28 22:38:11,434] {dag.py:2371} INFO - Sync 1 DAGs
[2023-03-28 22:38:11,453] {logging_mixin.py:115} INFO - [2023-03-28 22:38:11,453] {dag.py:2919} INFO - Setting next_dagrun for example_branch_operator to 2023-03-27T00:00:00+00:00, run_after=2023-03-28T00:00:00+00:00
[2023-03-28 22:38:11,556] {processor.py:161} INFO - Processing /home/airflow/.local/lib/python3.7/site-packages/airflow/example_dags/example_branch_operator.py took 0.153 seconds
[2023-03-28 22:38:42,237] {processor.py:153} INFO - Started process (PID=4143) to work on /home/airflow/.local/lib/python3.7/site-packages/airflow/example_dags/example_branch_operator.py
[2023-03-28 22:38:42,238] {processor.py:641} INFO - Processing file /home/airflow/.local/lib/python3.7/site-packages/airflow/example_dags/example_branch_operator.py for tasks to queue
[2023-03-28 22:38:42,238] {logging_mixin.py:115} INFO - [2023-03-28 22:38:42,238] {dagbag.py:507} INFO - Filling up the DagBag from /home/airflow/.local/lib/python3.7/site-packages/airflow/example_dags/example_branch_operator.py
[2023-03-28 22:38:42,246] {processor.py:651} INFO - DAG(s) dict_keys(['example_branch_operator']) retrieved from /home/airflow/.local/lib/python3.7/site-packages/airflow/example_dags/example_branch_operator.py
[2023-03-28 22:38:42,267] {logging_mixin.py:115} INFO - [2023-03-28 22:38:42,267] {dag.py:2371} INFO - Sync 1 DAGs
[2023-03-28 22:38:42,288] {logging_mixin.py:115} INFO - [2023-03-28 22:38:42,288] {dag.py:2919} INFO - Setting next_dagrun for example_branch_operator to 2023-03-27T00:00:00+00:00, run_after=2023-03-28T00:00:00+00:00
[2023-03-28 22:38:42,403] {processor.py:161} INFO - Processing /home/airflow/.local/lib/python3.7/site-packages/airflow/example_dags/example_branch_operator.py took 0.168 seconds
[2023-03-28 22:39:12,902] {processor.py:153} INFO - Started process (PID=4207) to work on /home/airflow/.local/lib/python3.7/site-packages/airflow/example_dags/example_branch_operator.py
[2023-03-28 22:39:12,902] {processor.py:641} INFO - Processing file /home/airflow/.local/lib/python3.7/site-packages/airflow/example_dags/example_branch_operator.py for tasks to queue
[2023-03-28 22:39:12,903] {logging_mixin.py:115} INFO - [2023-03-28 22:39:12,903] {dagbag.py:507} INFO - Filling up the DagBag from /home/airflow/.local/lib/python3.7/site-packages/airflow/example_dags/example_branch_operator.py
[2023-03-28 22:39:12,911] {processor.py:651} INFO - DAG(s) dict_keys(['example_branch_operator']) retrieved from /home/airflow/.local/lib/python3.7/site-packages/airflow/example_dags/example_branch_operator.py
[2023-03-28 22:39:12,935] {logging_mixin.py:115} INFO - [2023-03-28 22:39:12,935] {dag.py:2371} INFO - Sync 1 DAGs
[2023-03-28 22:39:12,957] {logging_mixin.py:115} INFO - [2023-03-28 22:39:12,957] {dag.py:2919} INFO - Setting next_dagrun for example_branch_operator to 2023-03-27T00:00:00+00:00, run_after=2023-03-28T00:00:00+00:00
[2023-03-28 22:39:13,055] {processor.py:161} INFO - Processing /home/airflow/.local/lib/python3.7/site-packages/airflow/example_dags/example_branch_operator.py took 0.155 seconds
[2023-03-28 22:39:43,651] {processor.py:153} INFO - Started process (PID=4272) to work on /home/airflow/.local/lib/python3.7/site-packages/airflow/example_dags/example_branch_operator.py
[2023-03-28 22:39:43,652] {processor.py:641} INFO - Processing file /home/airflow/.local/lib/python3.7/site-packages/airflow/example_dags/example_branch_operator.py for tasks to queue
[2023-03-28 22:39:43,652] {logging_mixin.py:115} INFO - [2023-03-28 22:39:43,652] {dagbag.py:507} INFO - Filling up the DagBag from /home/airflow/.local/lib/python3.7/site-packages/airflow/example_dags/example_branch_operator.py
[2023-03-28 22:39:43,660] {processor.py:651} INFO - DAG(s) dict_keys(['example_branch_operator']) retrieved from /home/airflow/.local/lib/python3.7/site-packages/airflow/example_dags/example_branch_operator.py
[2023-03-28 22:39:43,685] {logging_mixin.py:115} INFO - [2023-03-28 22:39:43,685] {dag.py:2371} INFO - Sync 1 DAGs
[2023-03-28 22:39:43,707] {logging_mixin.py:115} INFO - [2023-03-28 22:39:43,706] {dag.py:2919} INFO - Setting next_dagrun for example_branch_operator to 2023-03-27T00:00:00+00:00, run_after=2023-03-28T00:00:00+00:00
[2023-03-28 22:39:43,820] {processor.py:161} INFO - Processing /home/airflow/.local/lib/python3.7/site-packages/airflow/example_dags/example_branch_operator.py took 0.172 seconds
[2023-03-28 22:40:14,413] {processor.py:153} INFO - Started process (PID=4327) to work on /home/airflow/.local/lib/python3.7/site-packages/airflow/example_dags/example_branch_operator.py
[2023-03-28 22:40:14,414] {processor.py:641} INFO - Processing file /home/airflow/.local/lib/python3.7/site-packages/airflow/example_dags/example_branch_operator.py for tasks to queue
[2023-03-28 22:40:14,414] {logging_mixin.py:115} INFO - [2023-03-28 22:40:14,414] {dagbag.py:507} INFO - Filling up the DagBag from /home/airflow/.local/lib/python3.7/site-packages/airflow/example_dags/example_branch_operator.py
[2023-03-28 22:40:14,421] {processor.py:651} INFO - DAG(s) dict_keys(['example_branch_operator']) retrieved from /home/airflow/.local/lib/python3.7/site-packages/airflow/example_dags/example_branch_operator.py
[2023-03-28 22:40:14,443] {logging_mixin.py:115} INFO - [2023-03-28 22:40:14,443] {dag.py:2371} INFO - Sync 1 DAGs
[2023-03-28 22:40:14,544] {logging_mixin.py:115} INFO - [2023-03-28 22:40:14,544] {dag.py:2919} INFO - Setting next_dagrun for example_branch_operator to 2023-03-27T00:00:00+00:00, run_after=2023-03-28T00:00:00+00:00
[2023-03-28 22:40:14,556] {processor.py:161} INFO - Processing /home/airflow/.local/lib/python3.7/site-packages/airflow/example_dags/example_branch_operator.py took 0.145 seconds
[2023-03-28 22:41:28,016] {processor.py:153} INFO - Started process (PID=66) to work on /home/airflow/.local/lib/python3.7/site-packages/airflow/example_dags/example_branch_operator.py
[2023-03-28 22:41:28,017] {processor.py:641} INFO - Processing file /home/airflow/.local/lib/python3.7/site-packages/airflow/example_dags/example_branch_operator.py for tasks to queue
[2023-03-28 22:41:28,017] {logging_mixin.py:115} INFO - [2023-03-28 22:41:28,017] {dagbag.py:507} INFO - Filling up the DagBag from /home/airflow/.local/lib/python3.7/site-packages/airflow/example_dags/example_branch_operator.py
[2023-03-28 22:41:28,025] {processor.py:651} INFO - DAG(s) dict_keys(['example_branch_operator']) retrieved from /home/airflow/.local/lib/python3.7/site-packages/airflow/example_dags/example_branch_operator.py
[2023-03-28 22:41:28,049] {logging_mixin.py:115} INFO - [2023-03-28 22:41:28,049] {dag.py:2371} INFO - Sync 1 DAGs
[2023-03-28 22:41:28,072] {logging_mixin.py:115} INFO - [2023-03-28 22:41:28,072] {dag.py:2919} INFO - Setting next_dagrun for example_branch_operator to 2023-03-27T00:00:00+00:00, run_after=2023-03-28T00:00:00+00:00
[2023-03-28 22:41:28,090] {processor.py:161} INFO - Processing /home/airflow/.local/lib/python3.7/site-packages/airflow/example_dags/example_branch_operator.py took 0.076 seconds
[2023-03-28 22:41:58,449] {processor.py:153} INFO - Started process (PID=130) to work on /home/airflow/.local/lib/python3.7/site-packages/airflow/example_dags/example_branch_operator.py
[2023-03-28 22:41:58,450] {processor.py:641} INFO - Processing file /home/airflow/.local/lib/python3.7/site-packages/airflow/example_dags/example_branch_operator.py for tasks to queue
[2023-03-28 22:41:58,451] {logging_mixin.py:115} INFO - [2023-03-28 22:41:58,451] {dagbag.py:507} INFO - Filling up the DagBag from /home/airflow/.local/lib/python3.7/site-packages/airflow/example_dags/example_branch_operator.py
[2023-03-28 22:41:58,460] {processor.py:651} INFO - DAG(s) dict_keys(['example_branch_operator']) retrieved from /home/airflow/.local/lib/python3.7/site-packages/airflow/example_dags/example_branch_operator.py
[2023-03-28 22:41:58,488] {logging_mixin.py:115} INFO - [2023-03-28 22:41:58,487] {dag.py:2371} INFO - Sync 1 DAGs
[2023-03-28 22:41:58,510] {logging_mixin.py:115} INFO - [2023-03-28 22:41:58,510] {dag.py:2919} INFO - Setting next_dagrun for example_branch_operator to 2023-03-27T00:00:00+00:00, run_after=2023-03-28T00:00:00+00:00
[2023-03-28 22:41:58,526] {processor.py:161} INFO - Processing /home/airflow/.local/lib/python3.7/site-packages/airflow/example_dags/example_branch_operator.py took 0.079 seconds
[2023-03-28 22:42:28,992] {processor.py:153} INFO - Started process (PID=194) to work on /home/airflow/.local/lib/python3.7/site-packages/airflow/example_dags/example_branch_operator.py
[2023-03-28 22:42:28,992] {processor.py:641} INFO - Processing file /home/airflow/.local/lib/python3.7/site-packages/airflow/example_dags/example_branch_operator.py for tasks to queue
[2023-03-28 22:42:28,992] {logging_mixin.py:115} INFO - [2023-03-28 22:42:28,992] {dagbag.py:507} INFO - Filling up the DagBag from /home/airflow/.local/lib/python3.7/site-packages/airflow/example_dags/example_branch_operator.py
[2023-03-28 22:42:29,002] {processor.py:651} INFO - DAG(s) dict_keys(['example_branch_operator']) retrieved from /home/airflow/.local/lib/python3.7/site-packages/airflow/example_dags/example_branch_operator.py
[2023-03-28 22:42:29,027] {logging_mixin.py:115} INFO - [2023-03-28 22:42:29,027] {dag.py:2371} INFO - Sync 1 DAGs
[2023-03-28 22:42:29,047] {logging_mixin.py:115} INFO - [2023-03-28 22:42:29,047] {dag.py:2919} INFO - Setting next_dagrun for example_branch_operator to 2023-03-27T00:00:00+00:00, run_after=2023-03-28T00:00:00+00:00
[2023-03-28 22:42:29,061] {processor.py:161} INFO - Processing /home/airflow/.local/lib/python3.7/site-packages/airflow/example_dags/example_branch_operator.py took 0.071 seconds
[2023-03-28 22:42:59,335] {processor.py:153} INFO - Started process (PID=251) to work on /home/airflow/.local/lib/python3.7/site-packages/airflow/example_dags/example_branch_operator.py
[2023-03-28 22:42:59,336] {processor.py:641} INFO - Processing file /home/airflow/.local/lib/python3.7/site-packages/airflow/example_dags/example_branch_operator.py for tasks to queue
[2023-03-28 22:42:59,337] {logging_mixin.py:115} INFO - [2023-03-28 22:42:59,336] {dagbag.py:507} INFO - Filling up the DagBag from /home/airflow/.local/lib/python3.7/site-packages/airflow/example_dags/example_branch_operator.py
[2023-03-28 22:42:59,344] {processor.py:651} INFO - DAG(s) dict_keys(['example_branch_operator']) retrieved from /home/airflow/.local/lib/python3.7/site-packages/airflow/example_dags/example_branch_operator.py
[2023-03-28 22:42:59,366] {logging_mixin.py:115} INFO - [2023-03-28 22:42:59,365] {dag.py:2371} INFO - Sync 1 DAGs
[2023-03-28 22:42:59,386] {logging_mixin.py:115} INFO - [2023-03-28 22:42:59,386] {dag.py:2919} INFO - Setting next_dagrun for example_branch_operator to 2023-03-27T00:00:00+00:00, run_after=2023-03-28T00:00:00+00:00
[2023-03-28 22:42:59,399] {processor.py:161} INFO - Processing /home/airflow/.local/lib/python3.7/site-packages/airflow/example_dags/example_branch_operator.py took 0.066 seconds
[2023-03-28 22:43:30,055] {processor.py:153} INFO - Started process (PID=315) to work on /home/airflow/.local/lib/python3.7/site-packages/airflow/example_dags/example_branch_operator.py
[2023-03-28 22:43:30,056] {processor.py:641} INFO - Processing file /home/airflow/.local/lib/python3.7/site-packages/airflow/example_dags/example_branch_operator.py for tasks to queue
[2023-03-28 22:43:30,057] {logging_mixin.py:115} INFO - [2023-03-28 22:43:30,057] {dagbag.py:507} INFO - Filling up the DagBag from /home/airflow/.local/lib/python3.7/site-packages/airflow/example_dags/example_branch_operator.py
[2023-03-28 22:43:30,066] {processor.py:651} INFO - DAG(s) dict_keys(['example_branch_operator']) retrieved from /home/airflow/.local/lib/python3.7/site-packages/airflow/example_dags/example_branch_operator.py
[2023-03-28 22:43:30,094] {logging_mixin.py:115} INFO - [2023-03-28 22:43:30,093] {dag.py:2371} INFO - Sync 1 DAGs
[2023-03-28 22:43:30,117] {logging_mixin.py:115} INFO - [2023-03-28 22:43:30,117] {dag.py:2919} INFO - Setting next_dagrun for example_branch_operator to 2023-03-27T00:00:00+00:00, run_after=2023-03-28T00:00:00+00:00
[2023-03-28 22:43:30,133] {processor.py:161} INFO - Processing /home/airflow/.local/lib/python3.7/site-packages/airflow/example_dags/example_branch_operator.py took 0.080 seconds
[2023-03-28 22:44:00,465] {processor.py:153} INFO - Started process (PID=379) to work on /home/airflow/.local/lib/python3.7/site-packages/airflow/example_dags/example_branch_operator.py
[2023-03-28 22:44:00,466] {processor.py:641} INFO - Processing file /home/airflow/.local/lib/python3.7/site-packages/airflow/example_dags/example_branch_operator.py for tasks to queue
[2023-03-28 22:44:00,467] {logging_mixin.py:115} INFO - [2023-03-28 22:44:00,467] {dagbag.py:507} INFO - Filling up the DagBag from /home/airflow/.local/lib/python3.7/site-packages/airflow/example_dags/example_branch_operator.py
[2023-03-28 22:44:00,487] {processor.py:651} INFO - DAG(s) dict_keys(['example_branch_operator']) retrieved from /home/airflow/.local/lib/python3.7/site-packages/airflow/example_dags/example_branch_operator.py
[2023-03-28 22:44:00,527] {logging_mixin.py:115} INFO - [2023-03-28 22:44:00,527] {dag.py:2371} INFO - Sync 1 DAGs
[2023-03-28 22:44:00,565] {logging_mixin.py:115} INFO - [2023-03-28 22:44:00,564] {dag.py:2919} INFO - Setting next_dagrun for example_branch_operator to 2023-03-27T00:00:00+00:00, run_after=2023-03-28T00:00:00+00:00
[2023-03-28 22:44:00,585] {processor.py:161} INFO - Processing /home/airflow/.local/lib/python3.7/site-packages/airflow/example_dags/example_branch_operator.py took 0.125 seconds
[2023-03-28 22:44:30,810] {processor.py:153} INFO - Started process (PID=433) to work on /home/airflow/.local/lib/python3.7/site-packages/airflow/example_dags/example_branch_operator.py
[2023-03-28 22:44:30,811] {processor.py:641} INFO - Processing file /home/airflow/.local/lib/python3.7/site-packages/airflow/example_dags/example_branch_operator.py for tasks to queue
[2023-03-28 22:44:30,811] {logging_mixin.py:115} INFO - [2023-03-28 22:44:30,811] {dagbag.py:507} INFO - Filling up the DagBag from /home/airflow/.local/lib/python3.7/site-packages/airflow/example_dags/example_branch_operator.py
[2023-03-28 22:44:30,818] {processor.py:651} INFO - DAG(s) dict_keys(['example_branch_operator']) retrieved from /home/airflow/.local/lib/python3.7/site-packages/airflow/example_dags/example_branch_operator.py
[2023-03-28 22:44:30,840] {logging_mixin.py:115} INFO - [2023-03-28 22:44:30,839] {dag.py:2371} INFO - Sync 1 DAGs
[2023-03-28 22:44:30,860] {logging_mixin.py:115} INFO - [2023-03-28 22:44:30,859] {dag.py:2919} INFO - Setting next_dagrun for example_branch_operator to 2023-03-27T00:00:00+00:00, run_after=2023-03-28T00:00:00+00:00
[2023-03-28 22:44:30,873] {processor.py:161} INFO - Processing /home/airflow/.local/lib/python3.7/site-packages/airflow/example_dags/example_branch_operator.py took 0.064 seconds
[2023-03-28 22:45:01,827] {processor.py:153} INFO - Started process (PID=498) to work on /home/airflow/.local/lib/python3.7/site-packages/airflow/example_dags/example_branch_operator.py
[2023-03-28 22:45:01,829] {processor.py:641} INFO - Processing file /home/airflow/.local/lib/python3.7/site-packages/airflow/example_dags/example_branch_operator.py for tasks to queue
[2023-03-28 22:45:01,830] {logging_mixin.py:115} INFO - [2023-03-28 22:45:01,830] {dagbag.py:507} INFO - Filling up the DagBag from /home/airflow/.local/lib/python3.7/site-packages/airflow/example_dags/example_branch_operator.py
[2023-03-28 22:45:01,837] {processor.py:651} INFO - DAG(s) dict_keys(['example_branch_operator']) retrieved from /home/airflow/.local/lib/python3.7/site-packages/airflow/example_dags/example_branch_operator.py
[2023-03-28 22:45:01,860] {logging_mixin.py:115} INFO - [2023-03-28 22:45:01,860] {dag.py:2371} INFO - Sync 1 DAGs
[2023-03-28 22:45:01,881] {logging_mixin.py:115} INFO - [2023-03-28 22:45:01,880] {dag.py:2919} INFO - Setting next_dagrun for example_branch_operator to 2023-03-27T00:00:00+00:00, run_after=2023-03-28T00:00:00+00:00
[2023-03-28 22:45:01,893] {processor.py:161} INFO - Processing /home/airflow/.local/lib/python3.7/site-packages/airflow/example_dags/example_branch_operator.py took 0.068 seconds
[2023-03-28 22:45:32,873] {processor.py:153} INFO - Started process (PID=562) to work on /home/airflow/.local/lib/python3.7/site-packages/airflow/example_dags/example_branch_operator.py
[2023-03-28 22:45:32,873] {processor.py:641} INFO - Processing file /home/airflow/.local/lib/python3.7/site-packages/airflow/example_dags/example_branch_operator.py for tasks to queue
[2023-03-28 22:45:32,874] {logging_mixin.py:115} INFO - [2023-03-28 22:45:32,874] {dagbag.py:507} INFO - Filling up the DagBag from /home/airflow/.local/lib/python3.7/site-packages/airflow/example_dags/example_branch_operator.py
[2023-03-28 22:45:32,882] {processor.py:651} INFO - DAG(s) dict_keys(['example_branch_operator']) retrieved from /home/airflow/.local/lib/python3.7/site-packages/airflow/example_dags/example_branch_operator.py
[2023-03-28 22:45:32,908] {logging_mixin.py:115} INFO - [2023-03-28 22:45:32,908] {dag.py:2371} INFO - Sync 1 DAGs
[2023-03-28 22:45:32,929] {logging_mixin.py:115} INFO - [2023-03-28 22:45:32,929] {dag.py:2919} INFO - Setting next_dagrun for example_branch_operator to 2023-03-27T00:00:00+00:00, run_after=2023-03-28T00:00:00+00:00
[2023-03-28 22:45:32,942] {processor.py:161} INFO - Processing /home/airflow/.local/lib/python3.7/site-packages/airflow/example_dags/example_branch_operator.py took 0.071 seconds
[2023-03-28 22:46:03,037] {processor.py:153} INFO - Started process (PID=616) to work on /home/airflow/.local/lib/python3.7/site-packages/airflow/example_dags/example_branch_operator.py
[2023-03-28 22:46:03,038] {processor.py:641} INFO - Processing file /home/airflow/.local/lib/python3.7/site-packages/airflow/example_dags/example_branch_operator.py for tasks to queue
[2023-03-28 22:46:03,039] {logging_mixin.py:115} INFO - [2023-03-28 22:46:03,039] {dagbag.py:507} INFO - Filling up the DagBag from /home/airflow/.local/lib/python3.7/site-packages/airflow/example_dags/example_branch_operator.py
[2023-03-28 22:46:03,047] {processor.py:651} INFO - DAG(s) dict_keys(['example_branch_operator']) retrieved from /home/airflow/.local/lib/python3.7/site-packages/airflow/example_dags/example_branch_operator.py
[2023-03-28 22:46:03,069] {logging_mixin.py:115} INFO - [2023-03-28 22:46:03,069] {dag.py:2371} INFO - Sync 1 DAGs
[2023-03-28 22:46:03,091] {logging_mixin.py:115} INFO - [2023-03-28 22:46:03,091] {dag.py:2919} INFO - Setting next_dagrun for example_branch_operator to 2023-03-27T00:00:00+00:00, run_after=2023-03-28T00:00:00+00:00
[2023-03-28 22:46:03,106] {processor.py:161} INFO - Processing /home/airflow/.local/lib/python3.7/site-packages/airflow/example_dags/example_branch_operator.py took 0.071 seconds
[2023-03-28 22:46:33,176] {processor.py:153} INFO - Started process (PID=681) to work on /home/airflow/.local/lib/python3.7/site-packages/airflow/example_dags/example_branch_operator.py
[2023-03-28 22:46:33,176] {processor.py:641} INFO - Processing file /home/airflow/.local/lib/python3.7/site-packages/airflow/example_dags/example_branch_operator.py for tasks to queue
[2023-03-28 22:46:33,177] {logging_mixin.py:115} INFO - [2023-03-28 22:46:33,177] {dagbag.py:507} INFO - Filling up the DagBag from /home/airflow/.local/lib/python3.7/site-packages/airflow/example_dags/example_branch_operator.py
[2023-03-28 22:46:33,184] {processor.py:651} INFO - DAG(s) dict_keys(['example_branch_operator']) retrieved from /home/airflow/.local/lib/python3.7/site-packages/airflow/example_dags/example_branch_operator.py
[2023-03-28 22:46:33,207] {logging_mixin.py:115} INFO - [2023-03-28 22:46:33,206] {dag.py:2371} INFO - Sync 1 DAGs
[2023-03-28 22:46:33,229] {logging_mixin.py:115} INFO - [2023-03-28 22:46:33,229] {dag.py:2919} INFO - Setting next_dagrun for example_branch_operator to 2023-03-27T00:00:00+00:00, run_after=2023-03-28T00:00:00+00:00
[2023-03-28 22:46:33,243] {processor.py:161} INFO - Processing /home/airflow/.local/lib/python3.7/site-packages/airflow/example_dags/example_branch_operator.py took 0.069 seconds
[2023-03-28 22:47:03,499] {processor.py:153} INFO - Started process (PID=745) to work on /home/airflow/.local/lib/python3.7/site-packages/airflow/example_dags/example_branch_operator.py
[2023-03-28 22:47:03,500] {processor.py:641} INFO - Processing file /home/airflow/.local/lib/python3.7/site-packages/airflow/example_dags/example_branch_operator.py for tasks to queue
[2023-03-28 22:47:03,500] {logging_mixin.py:115} INFO - [2023-03-28 22:47:03,500] {dagbag.py:507} INFO - Filling up the DagBag from /home/airflow/.local/lib/python3.7/site-packages/airflow/example_dags/example_branch_operator.py
[2023-03-28 22:47:03,508] {processor.py:651} INFO - DAG(s) dict_keys(['example_branch_operator']) retrieved from /home/airflow/.local/lib/python3.7/site-packages/airflow/example_dags/example_branch_operator.py
[2023-03-28 22:47:03,536] {logging_mixin.py:115} INFO - [2023-03-28 22:47:03,536] {dag.py:2371} INFO - Sync 1 DAGs
[2023-03-28 22:47:03,562] {logging_mixin.py:115} INFO - [2023-03-28 22:47:03,562] {dag.py:2919} INFO - Setting next_dagrun for example_branch_operator to 2023-03-27T00:00:00+00:00, run_after=2023-03-28T00:00:00+00:00
[2023-03-28 22:47:03,579] {processor.py:161} INFO - Processing /home/airflow/.local/lib/python3.7/site-packages/airflow/example_dags/example_branch_operator.py took 0.082 seconds
[2023-03-28 22:48:14,357] {processor.py:153} INFO - Started process (PID=76) to work on /home/airflow/.local/lib/python3.7/site-packages/airflow/example_dags/example_branch_operator.py
[2023-03-28 22:48:14,358] {processor.py:641} INFO - Processing file /home/airflow/.local/lib/python3.7/site-packages/airflow/example_dags/example_branch_operator.py for tasks to queue
[2023-03-28 22:48:14,359] {logging_mixin.py:115} INFO - [2023-03-28 22:48:14,359] {dagbag.py:507} INFO - Filling up the DagBag from /home/airflow/.local/lib/python3.7/site-packages/airflow/example_dags/example_branch_operator.py
[2023-03-28 22:48:14,368] {processor.py:651} INFO - DAG(s) dict_keys(['example_branch_operator']) retrieved from /home/airflow/.local/lib/python3.7/site-packages/airflow/example_dags/example_branch_operator.py
[2023-03-28 22:48:14,402] {logging_mixin.py:115} INFO - [2023-03-28 22:48:14,402] {dag.py:2371} INFO - Sync 1 DAGs
[2023-03-28 22:48:14,567] {logging_mixin.py:115} INFO - [2023-03-28 22:48:14,567] {dag.py:2919} INFO - Setting next_dagrun for example_branch_operator to 2023-03-27T00:00:00+00:00, run_after=2023-03-28T00:00:00+00:00
[2023-03-28 22:48:14,581] {processor.py:161} INFO - Processing /home/airflow/.local/lib/python3.7/site-packages/airflow/example_dags/example_branch_operator.py took 0.227 seconds
[2023-03-28 22:48:45,280] {processor.py:153} INFO - Started process (PID=132) to work on /home/airflow/.local/lib/python3.7/site-packages/airflow/example_dags/example_branch_operator.py
[2023-03-28 22:48:45,281] {processor.py:641} INFO - Processing file /home/airflow/.local/lib/python3.7/site-packages/airflow/example_dags/example_branch_operator.py for tasks to queue
[2023-03-28 22:48:45,282] {logging_mixin.py:115} INFO - [2023-03-28 22:48:45,282] {dagbag.py:507} INFO - Filling up the DagBag from /home/airflow/.local/lib/python3.7/site-packages/airflow/example_dags/example_branch_operator.py
[2023-03-28 22:48:45,290] {processor.py:651} INFO - DAG(s) dict_keys(['example_branch_operator']) retrieved from /home/airflow/.local/lib/python3.7/site-packages/airflow/example_dags/example_branch_operator.py
[2023-03-28 22:48:45,317] {logging_mixin.py:115} INFO - [2023-03-28 22:48:45,316] {dag.py:2371} INFO - Sync 1 DAGs
[2023-03-28 22:48:45,446] {logging_mixin.py:115} INFO - [2023-03-28 22:48:45,446] {dag.py:2919} INFO - Setting next_dagrun for example_branch_operator to 2023-03-27T00:00:00+00:00, run_after=2023-03-28T00:00:00+00:00
[2023-03-28 22:48:45,461] {processor.py:161} INFO - Processing /home/airflow/.local/lib/python3.7/site-packages/airflow/example_dags/example_branch_operator.py took 0.183 seconds
[2023-03-28 22:49:16,302] {processor.py:153} INFO - Started process (PID=196) to work on /home/airflow/.local/lib/python3.7/site-packages/airflow/example_dags/example_branch_operator.py
[2023-03-28 22:49:16,302] {processor.py:641} INFO - Processing file /home/airflow/.local/lib/python3.7/site-packages/airflow/example_dags/example_branch_operator.py for tasks to queue
[2023-03-28 22:49:16,302] {logging_mixin.py:115} INFO - [2023-03-28 22:49:16,302] {dagbag.py:507} INFO - Filling up the DagBag from /home/airflow/.local/lib/python3.7/site-packages/airflow/example_dags/example_branch_operator.py
[2023-03-28 22:49:16,309] {processor.py:651} INFO - DAG(s) dict_keys(['example_branch_operator']) retrieved from /home/airflow/.local/lib/python3.7/site-packages/airflow/example_dags/example_branch_operator.py
[2023-03-28 22:49:16,334] {logging_mixin.py:115} INFO - [2023-03-28 22:49:16,334] {dag.py:2371} INFO - Sync 1 DAGs
[2023-03-28 22:49:16,458] {logging_mixin.py:115} INFO - [2023-03-28 22:49:16,458] {dag.py:2919} INFO - Setting next_dagrun for example_branch_operator to 2023-03-27T00:00:00+00:00, run_after=2023-03-28T00:00:00+00:00
[2023-03-28 22:49:16,470] {processor.py:161} INFO - Processing /home/airflow/.local/lib/python3.7/site-packages/airflow/example_dags/example_branch_operator.py took 0.170 seconds
[2023-03-28 22:49:46,939] {processor.py:153} INFO - Started process (PID=261) to work on /home/airflow/.local/lib/python3.7/site-packages/airflow/example_dags/example_branch_operator.py
[2023-03-28 22:49:46,940] {processor.py:641} INFO - Processing file /home/airflow/.local/lib/python3.7/site-packages/airflow/example_dags/example_branch_operator.py for tasks to queue
[2023-03-28 22:49:46,941] {logging_mixin.py:115} INFO - [2023-03-28 22:49:46,941] {dagbag.py:507} INFO - Filling up the DagBag from /home/airflow/.local/lib/python3.7/site-packages/airflow/example_dags/example_branch_operator.py
[2023-03-28 22:49:46,948] {processor.py:651} INFO - DAG(s) dict_keys(['example_branch_operator']) retrieved from /home/airflow/.local/lib/python3.7/site-packages/airflow/example_dags/example_branch_operator.py
[2023-03-28 22:49:46,973] {logging_mixin.py:115} INFO - [2023-03-28 22:49:46,973] {dag.py:2371} INFO - Sync 1 DAGs
[2023-03-28 22:49:47,084] {logging_mixin.py:115} INFO - [2023-03-28 22:49:47,084] {dag.py:2919} INFO - Setting next_dagrun for example_branch_operator to 2023-03-27T00:00:00+00:00, run_after=2023-03-28T00:00:00+00:00
[2023-03-28 22:49:47,095] {processor.py:161} INFO - Processing /home/airflow/.local/lib/python3.7/site-packages/airflow/example_dags/example_branch_operator.py took 0.158 seconds
[2023-03-28 22:50:17,910] {processor.py:153} INFO - Started process (PID=325) to work on /home/airflow/.local/lib/python3.7/site-packages/airflow/example_dags/example_branch_operator.py
[2023-03-28 22:50:17,913] {processor.py:641} INFO - Processing file /home/airflow/.local/lib/python3.7/site-packages/airflow/example_dags/example_branch_operator.py for tasks to queue
[2023-03-28 22:50:17,915] {logging_mixin.py:115} INFO - [2023-03-28 22:50:17,914] {dagbag.py:507} INFO - Filling up the DagBag from /home/airflow/.local/lib/python3.7/site-packages/airflow/example_dags/example_branch_operator.py
[2023-03-28 22:50:17,943] {processor.py:651} INFO - DAG(s) dict_keys(['example_branch_operator']) retrieved from /home/airflow/.local/lib/python3.7/site-packages/airflow/example_dags/example_branch_operator.py
[2023-03-28 22:50:18,009] {logging_mixin.py:115} INFO - [2023-03-28 22:50:18,009] {dag.py:2371} INFO - Sync 1 DAGs
[2023-03-28 22:50:18,429] {logging_mixin.py:115} INFO - [2023-03-28 22:50:18,429] {dag.py:2919} INFO - Setting next_dagrun for example_branch_operator to 2023-03-27T00:00:00+00:00, run_after=2023-03-28T00:00:00+00:00
[2023-03-28 22:50:18,485] {processor.py:161} INFO - Processing /home/airflow/.local/lib/python3.7/site-packages/airflow/example_dags/example_branch_operator.py took 0.583 seconds
[2023-03-28 22:50:49,230] {processor.py:153} INFO - Started process (PID=380) to work on /home/airflow/.local/lib/python3.7/site-packages/airflow/example_dags/example_branch_operator.py
[2023-03-28 22:50:49,231] {processor.py:641} INFO - Processing file /home/airflow/.local/lib/python3.7/site-packages/airflow/example_dags/example_branch_operator.py for tasks to queue
[2023-03-28 22:50:49,231] {logging_mixin.py:115} INFO - [2023-03-28 22:50:49,231] {dagbag.py:507} INFO - Filling up the DagBag from /home/airflow/.local/lib/python3.7/site-packages/airflow/example_dags/example_branch_operator.py
[2023-03-28 22:50:49,241] {processor.py:651} INFO - DAG(s) dict_keys(['example_branch_operator']) retrieved from /home/airflow/.local/lib/python3.7/site-packages/airflow/example_dags/example_branch_operator.py
[2023-03-28 22:50:49,273] {logging_mixin.py:115} INFO - [2023-03-28 22:50:49,273] {dag.py:2371} INFO - Sync 1 DAGs
[2023-03-28 22:50:49,424] {logging_mixin.py:115} INFO - [2023-03-28 22:50:49,424] {dag.py:2919} INFO - Setting next_dagrun for example_branch_operator to 2023-03-27T00:00:00+00:00, run_after=2023-03-28T00:00:00+00:00
[2023-03-28 22:50:49,440] {processor.py:161} INFO - Processing /home/airflow/.local/lib/python3.7/site-packages/airflow/example_dags/example_branch_operator.py took 0.212 seconds
[2023-03-28 22:52:16,799] {processor.py:153} INFO - Started process (PID=66) to work on /home/airflow/.local/lib/python3.7/site-packages/airflow/example_dags/example_branch_operator.py
[2023-03-28 22:52:16,800] {processor.py:641} INFO - Processing file /home/airflow/.local/lib/python3.7/site-packages/airflow/example_dags/example_branch_operator.py for tasks to queue
[2023-03-28 22:52:16,801] {logging_mixin.py:115} INFO - [2023-03-28 22:52:16,801] {dagbag.py:507} INFO - Filling up the DagBag from /home/airflow/.local/lib/python3.7/site-packages/airflow/example_dags/example_branch_operator.py
[2023-03-28 22:52:16,809] {processor.py:651} INFO - DAG(s) dict_keys(['example_branch_operator']) retrieved from /home/airflow/.local/lib/python3.7/site-packages/airflow/example_dags/example_branch_operator.py
[2023-03-28 22:52:16,833] {logging_mixin.py:115} INFO - [2023-03-28 22:52:16,833] {dag.py:2371} INFO - Sync 1 DAGs
[2023-03-28 22:52:16,854] {logging_mixin.py:115} INFO - [2023-03-28 22:52:16,854] {dag.py:2919} INFO - Setting next_dagrun for example_branch_operator to 2023-03-27T00:00:00+00:00, run_after=2023-03-28T00:00:00+00:00
[2023-03-28 22:52:16,868] {processor.py:161} INFO - Processing /home/airflow/.local/lib/python3.7/site-packages/airflow/example_dags/example_branch_operator.py took 0.071 seconds
[2023-03-28 22:52:46,960] {processor.py:153} INFO - Started process (PID=129) to work on /home/airflow/.local/lib/python3.7/site-packages/airflow/example_dags/example_branch_operator.py
[2023-03-28 22:52:46,961] {processor.py:641} INFO - Processing file /home/airflow/.local/lib/python3.7/site-packages/airflow/example_dags/example_branch_operator.py for tasks to queue
[2023-03-28 22:52:46,961] {logging_mixin.py:115} INFO - [2023-03-28 22:52:46,961] {dagbag.py:507} INFO - Filling up the DagBag from /home/airflow/.local/lib/python3.7/site-packages/airflow/example_dags/example_branch_operator.py
[2023-03-28 22:52:46,968] {processor.py:651} INFO - DAG(s) dict_keys(['example_branch_operator']) retrieved from /home/airflow/.local/lib/python3.7/site-packages/airflow/example_dags/example_branch_operator.py
[2023-03-28 22:52:46,990] {logging_mixin.py:115} INFO - [2023-03-28 22:52:46,990] {dag.py:2371} INFO - Sync 1 DAGs
[2023-03-28 22:52:47,010] {logging_mixin.py:115} INFO - [2023-03-28 22:52:47,010] {dag.py:2919} INFO - Setting next_dagrun for example_branch_operator to 2023-03-27T00:00:00+00:00, run_after=2023-03-28T00:00:00+00:00
[2023-03-28 22:52:47,021] {processor.py:161} INFO - Processing /home/airflow/.local/lib/python3.7/site-packages/airflow/example_dags/example_branch_operator.py took 0.063 seconds
[2023-03-28 22:53:17,804] {processor.py:153} INFO - Started process (PID=194) to work on /home/airflow/.local/lib/python3.7/site-packages/airflow/example_dags/example_branch_operator.py
[2023-03-28 22:53:17,805] {processor.py:641} INFO - Processing file /home/airflow/.local/lib/python3.7/site-packages/airflow/example_dags/example_branch_operator.py for tasks to queue
[2023-03-28 22:53:17,806] {logging_mixin.py:115} INFO - [2023-03-28 22:53:17,805] {dagbag.py:507} INFO - Filling up the DagBag from /home/airflow/.local/lib/python3.7/site-packages/airflow/example_dags/example_branch_operator.py
[2023-03-28 22:53:17,815] {processor.py:651} INFO - DAG(s) dict_keys(['example_branch_operator']) retrieved from /home/airflow/.local/lib/python3.7/site-packages/airflow/example_dags/example_branch_operator.py
[2023-03-28 22:53:17,841] {logging_mixin.py:115} INFO - [2023-03-28 22:53:17,841] {dag.py:2371} INFO - Sync 1 DAGs
[2023-03-28 22:53:17,861] {logging_mixin.py:115} INFO - [2023-03-28 22:53:17,861] {dag.py:2919} INFO - Setting next_dagrun for example_branch_operator to 2023-03-27T00:00:00+00:00, run_after=2023-03-28T00:00:00+00:00
[2023-03-28 22:53:17,875] {processor.py:161} INFO - Processing /home/airflow/.local/lib/python3.7/site-packages/airflow/example_dags/example_branch_operator.py took 0.074 seconds
[2023-03-28 22:53:47,941] {processor.py:153} INFO - Started process (PID=249) to work on /home/airflow/.local/lib/python3.7/site-packages/airflow/example_dags/example_branch_operator.py
[2023-03-28 22:53:47,942] {processor.py:641} INFO - Processing file /home/airflow/.local/lib/python3.7/site-packages/airflow/example_dags/example_branch_operator.py for tasks to queue
[2023-03-28 22:53:47,942] {logging_mixin.py:115} INFO - [2023-03-28 22:53:47,942] {dagbag.py:507} INFO - Filling up the DagBag from /home/airflow/.local/lib/python3.7/site-packages/airflow/example_dags/example_branch_operator.py
[2023-03-28 22:53:47,949] {processor.py:651} INFO - DAG(s) dict_keys(['example_branch_operator']) retrieved from /home/airflow/.local/lib/python3.7/site-packages/airflow/example_dags/example_branch_operator.py
[2023-03-28 22:53:47,971] {logging_mixin.py:115} INFO - [2023-03-28 22:53:47,971] {dag.py:2371} INFO - Sync 1 DAGs
[2023-03-28 22:53:47,990] {logging_mixin.py:115} INFO - [2023-03-28 22:53:47,990] {dag.py:2919} INFO - Setting next_dagrun for example_branch_operator to 2023-03-27T00:00:00+00:00, run_after=2023-03-28T00:00:00+00:00
[2023-03-28 22:53:48,001] {processor.py:161} INFO - Processing /home/airflow/.local/lib/python3.7/site-packages/airflow/example_dags/example_branch_operator.py took 0.062 seconds
