[2023-03-28 22:23:49,733] {processor.py:153} INFO - Started process (PID=2348) to work on /home/airflow/.local/lib/python3.7/site-packages/airflow/example_dags/example_task_group.py
[2023-03-28 22:23:49,734] {processor.py:641} INFO - Processing file /home/airflow/.local/lib/python3.7/site-packages/airflow/example_dags/example_task_group.py for tasks to queue
[2023-03-28 22:23:49,734] {logging_mixin.py:115} INFO - [2023-03-28 22:23:49,734] {dagbag.py:507} INFO - Filling up the DagBag from /home/airflow/.local/lib/python3.7/site-packages/airflow/example_dags/example_task_group.py
[2023-03-28 22:23:49,740] {processor.py:651} INFO - DAG(s) dict_keys(['example_task_group']) retrieved from /home/airflow/.local/lib/python3.7/site-packages/airflow/example_dags/example_task_group.py
[2023-03-28 22:23:49,768] {logging_mixin.py:115} INFO - [2023-03-28 22:23:49,768] {dag.py:2371} INFO - Sync 1 DAGs
[2023-03-28 22:23:49,791] {logging_mixin.py:115} INFO - [2023-03-28 22:23:49,791] {dag.py:2919} INFO - Setting next_dagrun for example_task_group to 2023-03-27T22:23:49.791000+00:00, run_after=2023-03-28T22:23:49.791000+00:00
[2023-03-28 22:23:49,806] {processor.py:161} INFO - Processing /home/airflow/.local/lib/python3.7/site-packages/airflow/example_dags/example_task_group.py took 0.075 seconds
[2023-03-28 22:24:20,716] {processor.py:153} INFO - Started process (PID=2405) to work on /home/airflow/.local/lib/python3.7/site-packages/airflow/example_dags/example_task_group.py
[2023-03-28 22:24:20,716] {processor.py:641} INFO - Processing file /home/airflow/.local/lib/python3.7/site-packages/airflow/example_dags/example_task_group.py for tasks to queue
[2023-03-28 22:24:20,717] {logging_mixin.py:115} INFO - [2023-03-28 22:24:20,717] {dagbag.py:507} INFO - Filling up the DagBag from /home/airflow/.local/lib/python3.7/site-packages/airflow/example_dags/example_task_group.py
[2023-03-28 22:24:20,722] {processor.py:651} INFO - DAG(s) dict_keys(['example_task_group']) retrieved from /home/airflow/.local/lib/python3.7/site-packages/airflow/example_dags/example_task_group.py
[2023-03-28 22:24:20,743] {logging_mixin.py:115} INFO - [2023-03-28 22:24:20,743] {dag.py:2371} INFO - Sync 1 DAGs
[2023-03-28 22:24:20,762] {logging_mixin.py:115} INFO - [2023-03-28 22:24:20,762] {dag.py:2919} INFO - Setting next_dagrun for example_task_group to 2023-03-27T22:24:20.761986+00:00, run_after=2023-03-28T22:24:20.761986+00:00
[2023-03-28 22:24:20,774] {processor.py:161} INFO - Processing /home/airflow/.local/lib/python3.7/site-packages/airflow/example_dags/example_task_group.py took 0.060 seconds
[2023-03-28 22:24:51,291] {processor.py:153} INFO - Started process (PID=2469) to work on /home/airflow/.local/lib/python3.7/site-packages/airflow/example_dags/example_task_group.py
[2023-03-28 22:24:51,292] {processor.py:641} INFO - Processing file /home/airflow/.local/lib/python3.7/site-packages/airflow/example_dags/example_task_group.py for tasks to queue
[2023-03-28 22:24:51,292] {logging_mixin.py:115} INFO - [2023-03-28 22:24:51,292] {dagbag.py:507} INFO - Filling up the DagBag from /home/airflow/.local/lib/python3.7/site-packages/airflow/example_dags/example_task_group.py
[2023-03-28 22:24:51,297] {processor.py:651} INFO - DAG(s) dict_keys(['example_task_group']) retrieved from /home/airflow/.local/lib/python3.7/site-packages/airflow/example_dags/example_task_group.py
[2023-03-28 22:24:51,320] {logging_mixin.py:115} INFO - [2023-03-28 22:24:51,320] {dag.py:2371} INFO - Sync 1 DAGs
[2023-03-28 22:24:51,340] {logging_mixin.py:115} INFO - [2023-03-28 22:24:51,340] {dag.py:2919} INFO - Setting next_dagrun for example_task_group to 2023-03-27T22:24:51.340009+00:00, run_after=2023-03-28T22:24:51.340009+00:00
[2023-03-28 22:24:51,353] {processor.py:161} INFO - Processing /home/airflow/.local/lib/python3.7/site-packages/airflow/example_dags/example_task_group.py took 0.064 seconds
[2023-03-28 22:25:22,222] {processor.py:153} INFO - Started process (PID=2533) to work on /home/airflow/.local/lib/python3.7/site-packages/airflow/example_dags/example_task_group.py
[2023-03-28 22:25:22,223] {processor.py:641} INFO - Processing file /home/airflow/.local/lib/python3.7/site-packages/airflow/example_dags/example_task_group.py for tasks to queue
[2023-03-28 22:25:22,223] {logging_mixin.py:115} INFO - [2023-03-28 22:25:22,223] {dagbag.py:507} INFO - Filling up the DagBag from /home/airflow/.local/lib/python3.7/site-packages/airflow/example_dags/example_task_group.py
[2023-03-28 22:25:22,228] {processor.py:651} INFO - DAG(s) dict_keys(['example_task_group']) retrieved from /home/airflow/.local/lib/python3.7/site-packages/airflow/example_dags/example_task_group.py
[2023-03-28 22:25:22,249] {logging_mixin.py:115} INFO - [2023-03-28 22:25:22,249] {dag.py:2371} INFO - Sync 1 DAGs
[2023-03-28 22:25:22,268] {logging_mixin.py:115} INFO - [2023-03-28 22:25:22,268] {dag.py:2919} INFO - Setting next_dagrun for example_task_group to 2023-03-27T22:25:22.268219+00:00, run_after=2023-03-28T22:25:22.268219+00:00
[2023-03-28 22:25:22,280] {processor.py:161} INFO - Processing /home/airflow/.local/lib/python3.7/site-packages/airflow/example_dags/example_task_group.py took 0.060 seconds
[2023-03-28 22:25:53,164] {processor.py:153} INFO - Started process (PID=2588) to work on /home/airflow/.local/lib/python3.7/site-packages/airflow/example_dags/example_task_group.py
[2023-03-28 22:25:53,164] {processor.py:641} INFO - Processing file /home/airflow/.local/lib/python3.7/site-packages/airflow/example_dags/example_task_group.py for tasks to queue
[2023-03-28 22:25:53,165] {logging_mixin.py:115} INFO - [2023-03-28 22:25:53,165] {dagbag.py:507} INFO - Filling up the DagBag from /home/airflow/.local/lib/python3.7/site-packages/airflow/example_dags/example_task_group.py
[2023-03-28 22:25:53,173] {processor.py:651} INFO - DAG(s) dict_keys(['example_task_group']) retrieved from /home/airflow/.local/lib/python3.7/site-packages/airflow/example_dags/example_task_group.py
[2023-03-28 22:25:53,198] {logging_mixin.py:115} INFO - [2023-03-28 22:25:53,198] {dag.py:2371} INFO - Sync 1 DAGs
[2023-03-28 22:25:53,217] {logging_mixin.py:115} INFO - [2023-03-28 22:25:53,217] {dag.py:2919} INFO - Setting next_dagrun for example_task_group to 2023-03-27T22:25:53.216968+00:00, run_after=2023-03-28T22:25:53.216968+00:00
[2023-03-28 22:25:53,229] {processor.py:161} INFO - Processing /home/airflow/.local/lib/python3.7/site-packages/airflow/example_dags/example_task_group.py took 0.068 seconds
[2023-03-28 22:26:24,002] {processor.py:153} INFO - Started process (PID=2653) to work on /home/airflow/.local/lib/python3.7/site-packages/airflow/example_dags/example_task_group.py
[2023-03-28 22:26:24,003] {processor.py:641} INFO - Processing file /home/airflow/.local/lib/python3.7/site-packages/airflow/example_dags/example_task_group.py for tasks to queue
[2023-03-28 22:26:24,003] {logging_mixin.py:115} INFO - [2023-03-28 22:26:24,003] {dagbag.py:507} INFO - Filling up the DagBag from /home/airflow/.local/lib/python3.7/site-packages/airflow/example_dags/example_task_group.py
[2023-03-28 22:26:24,008] {processor.py:651} INFO - DAG(s) dict_keys(['example_task_group']) retrieved from /home/airflow/.local/lib/python3.7/site-packages/airflow/example_dags/example_task_group.py
[2023-03-28 22:26:24,030] {logging_mixin.py:115} INFO - [2023-03-28 22:26:24,030] {dag.py:2371} INFO - Sync 1 DAGs
[2023-03-28 22:26:24,048] {logging_mixin.py:115} INFO - [2023-03-28 22:26:24,048] {dag.py:2919} INFO - Setting next_dagrun for example_task_group to 2023-03-27T22:26:24.047877+00:00, run_after=2023-03-28T22:26:24.047877+00:00
[2023-03-28 22:26:24,060] {processor.py:161} INFO - Processing /home/airflow/.local/lib/python3.7/site-packages/airflow/example_dags/example_task_group.py took 0.060 seconds
[2023-03-28 22:26:54,181] {processor.py:153} INFO - Started process (PID=2717) to work on /home/airflow/.local/lib/python3.7/site-packages/airflow/example_dags/example_task_group.py
[2023-03-28 22:26:54,181] {processor.py:641} INFO - Processing file /home/airflow/.local/lib/python3.7/site-packages/airflow/example_dags/example_task_group.py for tasks to queue
[2023-03-28 22:26:54,182] {logging_mixin.py:115} INFO - [2023-03-28 22:26:54,181] {dagbag.py:507} INFO - Filling up the DagBag from /home/airflow/.local/lib/python3.7/site-packages/airflow/example_dags/example_task_group.py
[2023-03-28 22:26:54,187] {processor.py:651} INFO - DAG(s) dict_keys(['example_task_group']) retrieved from /home/airflow/.local/lib/python3.7/site-packages/airflow/example_dags/example_task_group.py
[2023-03-28 22:26:54,214] {logging_mixin.py:115} INFO - [2023-03-28 22:26:54,213] {dag.py:2371} INFO - Sync 1 DAGs
[2023-03-28 22:26:54,237] {logging_mixin.py:115} INFO - [2023-03-28 22:26:54,236] {dag.py:2919} INFO - Setting next_dagrun for example_task_group to 2023-03-27T22:26:54.236677+00:00, run_after=2023-03-28T22:26:54.236677+00:00
[2023-03-28 22:26:54,251] {processor.py:161} INFO - Processing /home/airflow/.local/lib/python3.7/site-packages/airflow/example_dags/example_task_group.py took 0.072 seconds
[2023-03-28 22:27:24,866] {processor.py:153} INFO - Started process (PID=2783) to work on /home/airflow/.local/lib/python3.7/site-packages/airflow/example_dags/example_task_group.py
[2023-03-28 22:27:24,867] {processor.py:641} INFO - Processing file /home/airflow/.local/lib/python3.7/site-packages/airflow/example_dags/example_task_group.py for tasks to queue
[2023-03-28 22:27:24,868] {logging_mixin.py:115} INFO - [2023-03-28 22:27:24,868] {dagbag.py:507} INFO - Filling up the DagBag from /home/airflow/.local/lib/python3.7/site-packages/airflow/example_dags/example_task_group.py
[2023-03-28 22:27:24,874] {processor.py:651} INFO - DAG(s) dict_keys(['example_task_group']) retrieved from /home/airflow/.local/lib/python3.7/site-packages/airflow/example_dags/example_task_group.py
[2023-03-28 22:27:24,899] {logging_mixin.py:115} INFO - [2023-03-28 22:27:24,899] {dag.py:2371} INFO - Sync 1 DAGs
[2023-03-28 22:27:24,921] {logging_mixin.py:115} INFO - [2023-03-28 22:27:24,920] {dag.py:2919} INFO - Setting next_dagrun for example_task_group to 2023-03-27T22:27:24.920797+00:00, run_after=2023-03-28T22:27:24.920797+00:00
[2023-03-28 22:27:24,934] {processor.py:161} INFO - Processing /home/airflow/.local/lib/python3.7/site-packages/airflow/example_dags/example_task_group.py took 0.071 seconds
[2023-03-28 22:27:55,500] {processor.py:153} INFO - Started process (PID=2838) to work on /home/airflow/.local/lib/python3.7/site-packages/airflow/example_dags/example_task_group.py
[2023-03-28 22:27:55,501] {processor.py:641} INFO - Processing file /home/airflow/.local/lib/python3.7/site-packages/airflow/example_dags/example_task_group.py for tasks to queue
[2023-03-28 22:27:55,501] {logging_mixin.py:115} INFO - [2023-03-28 22:27:55,501] {dagbag.py:507} INFO - Filling up the DagBag from /home/airflow/.local/lib/python3.7/site-packages/airflow/example_dags/example_task_group.py
[2023-03-28 22:27:55,506] {processor.py:651} INFO - DAG(s) dict_keys(['example_task_group']) retrieved from /home/airflow/.local/lib/python3.7/site-packages/airflow/example_dags/example_task_group.py
[2023-03-28 22:27:55,528] {logging_mixin.py:115} INFO - [2023-03-28 22:27:55,528] {dag.py:2371} INFO - Sync 1 DAGs
[2023-03-28 22:27:55,546] {logging_mixin.py:115} INFO - [2023-03-28 22:27:55,546] {dag.py:2919} INFO - Setting next_dagrun for example_task_group to 2023-03-27T22:27:55.546689+00:00, run_after=2023-03-28T22:27:55.546689+00:00
[2023-03-28 22:27:55,560] {processor.py:161} INFO - Processing /home/airflow/.local/lib/python3.7/site-packages/airflow/example_dags/example_task_group.py took 0.061 seconds
[2023-03-28 22:28:26,251] {processor.py:153} INFO - Started process (PID=2902) to work on /home/airflow/.local/lib/python3.7/site-packages/airflow/example_dags/example_task_group.py
[2023-03-28 22:28:26,252] {processor.py:641} INFO - Processing file /home/airflow/.local/lib/python3.7/site-packages/airflow/example_dags/example_task_group.py for tasks to queue
[2023-03-28 22:28:26,253] {logging_mixin.py:115} INFO - [2023-03-28 22:28:26,253] {dagbag.py:507} INFO - Filling up the DagBag from /home/airflow/.local/lib/python3.7/site-packages/airflow/example_dags/example_task_group.py
[2023-03-28 22:28:26,258] {processor.py:651} INFO - DAG(s) dict_keys(['example_task_group']) retrieved from /home/airflow/.local/lib/python3.7/site-packages/airflow/example_dags/example_task_group.py
[2023-03-28 22:28:26,281] {logging_mixin.py:115} INFO - [2023-03-28 22:28:26,281] {dag.py:2371} INFO - Sync 1 DAGs
[2023-03-28 22:28:26,301] {logging_mixin.py:115} INFO - [2023-03-28 22:28:26,301] {dag.py:2919} INFO - Setting next_dagrun for example_task_group to 2023-03-27T22:28:26.300988+00:00, run_after=2023-03-28T22:28:26.300988+00:00
[2023-03-28 22:28:26,313] {processor.py:161} INFO - Processing /home/airflow/.local/lib/python3.7/site-packages/airflow/example_dags/example_task_group.py took 0.064 seconds
[2023-03-28 22:28:56,618] {processor.py:153} INFO - Started process (PID=2966) to work on /home/airflow/.local/lib/python3.7/site-packages/airflow/example_dags/example_task_group.py
[2023-03-28 22:28:56,618] {processor.py:641} INFO - Processing file /home/airflow/.local/lib/python3.7/site-packages/airflow/example_dags/example_task_group.py for tasks to queue
[2023-03-28 22:28:56,618] {logging_mixin.py:115} INFO - [2023-03-28 22:28:56,618] {dagbag.py:507} INFO - Filling up the DagBag from /home/airflow/.local/lib/python3.7/site-packages/airflow/example_dags/example_task_group.py
[2023-03-28 22:28:56,623] {processor.py:651} INFO - DAG(s) dict_keys(['example_task_group']) retrieved from /home/airflow/.local/lib/python3.7/site-packages/airflow/example_dags/example_task_group.py
[2023-03-28 22:28:56,645] {logging_mixin.py:115} INFO - [2023-03-28 22:28:56,645] {dag.py:2371} INFO - Sync 1 DAGs
[2023-03-28 22:28:56,668] {logging_mixin.py:115} INFO - [2023-03-28 22:28:56,668] {dag.py:2919} INFO - Setting next_dagrun for example_task_group to 2023-03-27T22:28:56.668190+00:00, run_after=2023-03-28T22:28:56.668190+00:00
[2023-03-28 22:28:56,681] {processor.py:161} INFO - Processing /home/airflow/.local/lib/python3.7/site-packages/airflow/example_dags/example_task_group.py took 0.066 seconds
[2023-03-28 22:29:27,371] {processor.py:153} INFO - Started process (PID=3021) to work on /home/airflow/.local/lib/python3.7/site-packages/airflow/example_dags/example_task_group.py
[2023-03-28 22:29:27,371] {processor.py:641} INFO - Processing file /home/airflow/.local/lib/python3.7/site-packages/airflow/example_dags/example_task_group.py for tasks to queue
[2023-03-28 22:29:27,372] {logging_mixin.py:115} INFO - [2023-03-28 22:29:27,372] {dagbag.py:507} INFO - Filling up the DagBag from /home/airflow/.local/lib/python3.7/site-packages/airflow/example_dags/example_task_group.py
[2023-03-28 22:29:27,377] {processor.py:651} INFO - DAG(s) dict_keys(['example_task_group']) retrieved from /home/airflow/.local/lib/python3.7/site-packages/airflow/example_dags/example_task_group.py
[2023-03-28 22:29:27,399] {logging_mixin.py:115} INFO - [2023-03-28 22:29:27,399] {dag.py:2371} INFO - Sync 1 DAGs
[2023-03-28 22:29:27,420] {logging_mixin.py:115} INFO - [2023-03-28 22:29:27,420] {dag.py:2919} INFO - Setting next_dagrun for example_task_group to 2023-03-27T22:29:27.420641+00:00, run_after=2023-03-28T22:29:27.420641+00:00
[2023-03-28 22:29:27,433] {processor.py:161} INFO - Processing /home/airflow/.local/lib/python3.7/site-packages/airflow/example_dags/example_task_group.py took 0.065 seconds
[2023-03-28 22:29:58,429] {processor.py:153} INFO - Started process (PID=3085) to work on /home/airflow/.local/lib/python3.7/site-packages/airflow/example_dags/example_task_group.py
[2023-03-28 22:29:58,430] {processor.py:641} INFO - Processing file /home/airflow/.local/lib/python3.7/site-packages/airflow/example_dags/example_task_group.py for tasks to queue
[2023-03-28 22:29:58,430] {logging_mixin.py:115} INFO - [2023-03-28 22:29:58,430] {dagbag.py:507} INFO - Filling up the DagBag from /home/airflow/.local/lib/python3.7/site-packages/airflow/example_dags/example_task_group.py
[2023-03-28 22:29:58,435] {processor.py:651} INFO - DAG(s) dict_keys(['example_task_group']) retrieved from /home/airflow/.local/lib/python3.7/site-packages/airflow/example_dags/example_task_group.py
[2023-03-28 22:29:58,457] {logging_mixin.py:115} INFO - [2023-03-28 22:29:58,457] {dag.py:2371} INFO - Sync 1 DAGs
[2023-03-28 22:29:58,478] {logging_mixin.py:115} INFO - [2023-03-28 22:29:58,478] {dag.py:2919} INFO - Setting next_dagrun for example_task_group to 2023-03-27T22:29:58.477957+00:00, run_after=2023-03-28T22:29:58.477957+00:00
[2023-03-28 22:29:58,491] {processor.py:161} INFO - Processing /home/airflow/.local/lib/python3.7/site-packages/airflow/example_dags/example_task_group.py took 0.063 seconds
[2023-03-28 22:30:28,875] {processor.py:153} INFO - Started process (PID=3149) to work on /home/airflow/.local/lib/python3.7/site-packages/airflow/example_dags/example_task_group.py
[2023-03-28 22:30:28,876] {processor.py:641} INFO - Processing file /home/airflow/.local/lib/python3.7/site-packages/airflow/example_dags/example_task_group.py for tasks to queue
[2023-03-28 22:30:28,877] {logging_mixin.py:115} INFO - [2023-03-28 22:30:28,877] {dagbag.py:507} INFO - Filling up the DagBag from /home/airflow/.local/lib/python3.7/site-packages/airflow/example_dags/example_task_group.py
[2023-03-28 22:30:28,888] {processor.py:651} INFO - DAG(s) dict_keys(['example_task_group']) retrieved from /home/airflow/.local/lib/python3.7/site-packages/airflow/example_dags/example_task_group.py
[2023-03-28 22:30:28,926] {logging_mixin.py:115} INFO - [2023-03-28 22:30:28,926] {dag.py:2371} INFO - Sync 1 DAGs
[2023-03-28 22:30:28,950] {logging_mixin.py:115} INFO - [2023-03-28 22:30:28,950] {dag.py:2919} INFO - Setting next_dagrun for example_task_group to 2023-03-27T22:30:28.950030+00:00, run_after=2023-03-28T22:30:28.950030+00:00
[2023-03-28 22:30:28,961] {processor.py:161} INFO - Processing /home/airflow/.local/lib/python3.7/site-packages/airflow/example_dags/example_task_group.py took 0.090 seconds
[2023-03-28 22:30:59,119] {processor.py:153} INFO - Started process (PID=3204) to work on /home/airflow/.local/lib/python3.7/site-packages/airflow/example_dags/example_task_group.py
[2023-03-28 22:30:59,120] {processor.py:641} INFO - Processing file /home/airflow/.local/lib/python3.7/site-packages/airflow/example_dags/example_task_group.py for tasks to queue
[2023-03-28 22:30:59,120] {logging_mixin.py:115} INFO - [2023-03-28 22:30:59,120] {dagbag.py:507} INFO - Filling up the DagBag from /home/airflow/.local/lib/python3.7/site-packages/airflow/example_dags/example_task_group.py
[2023-03-28 22:30:59,125] {processor.py:651} INFO - DAG(s) dict_keys(['example_task_group']) retrieved from /home/airflow/.local/lib/python3.7/site-packages/airflow/example_dags/example_task_group.py
[2023-03-28 22:30:59,147] {logging_mixin.py:115} INFO - [2023-03-28 22:30:59,147] {dag.py:2371} INFO - Sync 1 DAGs
[2023-03-28 22:30:59,168] {logging_mixin.py:115} INFO - [2023-03-28 22:30:59,168] {dag.py:2919} INFO - Setting next_dagrun for example_task_group to 2023-03-27T22:30:59.168259+00:00, run_after=2023-03-28T22:30:59.168259+00:00
[2023-03-28 22:30:59,179] {processor.py:161} INFO - Processing /home/airflow/.local/lib/python3.7/site-packages/airflow/example_dags/example_task_group.py took 0.062 seconds
[2023-03-28 22:31:29,345] {processor.py:153} INFO - Started process (PID=3268) to work on /home/airflow/.local/lib/python3.7/site-packages/airflow/example_dags/example_task_group.py
[2023-03-28 22:31:29,346] {processor.py:641} INFO - Processing file /home/airflow/.local/lib/python3.7/site-packages/airflow/example_dags/example_task_group.py for tasks to queue
[2023-03-28 22:31:29,346] {logging_mixin.py:115} INFO - [2023-03-28 22:31:29,346] {dagbag.py:507} INFO - Filling up the DagBag from /home/airflow/.local/lib/python3.7/site-packages/airflow/example_dags/example_task_group.py
[2023-03-28 22:31:29,352] {processor.py:651} INFO - DAG(s) dict_keys(['example_task_group']) retrieved from /home/airflow/.local/lib/python3.7/site-packages/airflow/example_dags/example_task_group.py
[2023-03-28 22:31:29,379] {logging_mixin.py:115} INFO - [2023-03-28 22:31:29,379] {dag.py:2371} INFO - Sync 1 DAGs
[2023-03-28 22:31:29,403] {logging_mixin.py:115} INFO - [2023-03-28 22:31:29,403] {dag.py:2919} INFO - Setting next_dagrun for example_task_group to 2023-03-27T22:31:29.403143+00:00, run_after=2023-03-28T22:31:29.403143+00:00
[2023-03-28 22:31:29,418] {processor.py:161} INFO - Processing /home/airflow/.local/lib/python3.7/site-packages/airflow/example_dags/example_task_group.py took 0.075 seconds
[2023-03-28 22:31:59,820] {processor.py:153} INFO - Started process (PID=3332) to work on /home/airflow/.local/lib/python3.7/site-packages/airflow/example_dags/example_task_group.py
[2023-03-28 22:31:59,821] {processor.py:641} INFO - Processing file /home/airflow/.local/lib/python3.7/site-packages/airflow/example_dags/example_task_group.py for tasks to queue
[2023-03-28 22:31:59,821] {logging_mixin.py:115} INFO - [2023-03-28 22:31:59,821] {dagbag.py:507} INFO - Filling up the DagBag from /home/airflow/.local/lib/python3.7/site-packages/airflow/example_dags/example_task_group.py
[2023-03-28 22:31:59,827] {processor.py:651} INFO - DAG(s) dict_keys(['example_task_group']) retrieved from /home/airflow/.local/lib/python3.7/site-packages/airflow/example_dags/example_task_group.py
[2023-03-28 22:31:59,851] {logging_mixin.py:115} INFO - [2023-03-28 22:31:59,851] {dag.py:2371} INFO - Sync 1 DAGs
[2023-03-28 22:31:59,871] {logging_mixin.py:115} INFO - [2023-03-28 22:31:59,871] {dag.py:2919} INFO - Setting next_dagrun for example_task_group to 2023-03-27T22:31:59.870928+00:00, run_after=2023-03-28T22:31:59.870928+00:00
[2023-03-28 22:31:59,883] {processor.py:161} INFO - Processing /home/airflow/.local/lib/python3.7/site-packages/airflow/example_dags/example_task_group.py took 0.065 seconds
[2023-03-28 22:32:30,234] {processor.py:153} INFO - Started process (PID=3387) to work on /home/airflow/.local/lib/python3.7/site-packages/airflow/example_dags/example_task_group.py
[2023-03-28 22:32:30,234] {processor.py:641} INFO - Processing file /home/airflow/.local/lib/python3.7/site-packages/airflow/example_dags/example_task_group.py for tasks to queue
[2023-03-28 22:32:30,235] {logging_mixin.py:115} INFO - [2023-03-28 22:32:30,235] {dagbag.py:507} INFO - Filling up the DagBag from /home/airflow/.local/lib/python3.7/site-packages/airflow/example_dags/example_task_group.py
[2023-03-28 22:32:30,241] {processor.py:651} INFO - DAG(s) dict_keys(['example_task_group']) retrieved from /home/airflow/.local/lib/python3.7/site-packages/airflow/example_dags/example_task_group.py
[2023-03-28 22:32:30,267] {logging_mixin.py:115} INFO - [2023-03-28 22:32:30,266] {dag.py:2371} INFO - Sync 1 DAGs
[2023-03-28 22:32:30,288] {logging_mixin.py:115} INFO - [2023-03-28 22:32:30,288] {dag.py:2919} INFO - Setting next_dagrun for example_task_group to 2023-03-27T22:32:30.288582+00:00, run_after=2023-03-28T22:32:30.288582+00:00
[2023-03-28 22:32:30,306] {processor.py:161} INFO - Processing /home/airflow/.local/lib/python3.7/site-packages/airflow/example_dags/example_task_group.py took 0.074 seconds
[2023-03-28 22:33:00,490] {processor.py:153} INFO - Started process (PID=3451) to work on /home/airflow/.local/lib/python3.7/site-packages/airflow/example_dags/example_task_group.py
[2023-03-28 22:33:00,491] {processor.py:641} INFO - Processing file /home/airflow/.local/lib/python3.7/site-packages/airflow/example_dags/example_task_group.py for tasks to queue
[2023-03-28 22:33:00,492] {logging_mixin.py:115} INFO - [2023-03-28 22:33:00,492] {dagbag.py:507} INFO - Filling up the DagBag from /home/airflow/.local/lib/python3.7/site-packages/airflow/example_dags/example_task_group.py
[2023-03-28 22:33:00,497] {processor.py:651} INFO - DAG(s) dict_keys(['example_task_group']) retrieved from /home/airflow/.local/lib/python3.7/site-packages/airflow/example_dags/example_task_group.py
[2023-03-28 22:33:00,524] {logging_mixin.py:115} INFO - [2023-03-28 22:33:00,523] {dag.py:2371} INFO - Sync 1 DAGs
[2023-03-28 22:33:00,544] {logging_mixin.py:115} INFO - [2023-03-28 22:33:00,543] {dag.py:2919} INFO - Setting next_dagrun for example_task_group to 2023-03-27T22:33:00.543765+00:00, run_after=2023-03-28T22:33:00.543765+00:00
[2023-03-28 22:33:00,557] {processor.py:161} INFO - Processing /home/airflow/.local/lib/python3.7/site-packages/airflow/example_dags/example_task_group.py took 0.069 seconds
[2023-03-28 22:33:30,941] {processor.py:153} INFO - Started process (PID=3515) to work on /home/airflow/.local/lib/python3.7/site-packages/airflow/example_dags/example_task_group.py
[2023-03-28 22:33:30,941] {processor.py:641} INFO - Processing file /home/airflow/.local/lib/python3.7/site-packages/airflow/example_dags/example_task_group.py for tasks to queue
[2023-03-28 22:33:30,942] {logging_mixin.py:115} INFO - [2023-03-28 22:33:30,942] {dagbag.py:507} INFO - Filling up the DagBag from /home/airflow/.local/lib/python3.7/site-packages/airflow/example_dags/example_task_group.py
[2023-03-28 22:33:30,947] {processor.py:651} INFO - DAG(s) dict_keys(['example_task_group']) retrieved from /home/airflow/.local/lib/python3.7/site-packages/airflow/example_dags/example_task_group.py
[2023-03-28 22:33:30,971] {logging_mixin.py:115} INFO - [2023-03-28 22:33:30,971] {dag.py:2371} INFO - Sync 1 DAGs
[2023-03-28 22:33:30,990] {logging_mixin.py:115} INFO - [2023-03-28 22:33:30,990] {dag.py:2919} INFO - Setting next_dagrun for example_task_group to 2023-03-27T22:33:30.990395+00:00, run_after=2023-03-28T22:33:30.990395+00:00
[2023-03-28 22:33:31,002] {processor.py:161} INFO - Processing /home/airflow/.local/lib/python3.7/site-packages/airflow/example_dags/example_task_group.py took 0.062 seconds
[2023-03-28 22:34:01,258] {processor.py:153} INFO - Started process (PID=3570) to work on /home/airflow/.local/lib/python3.7/site-packages/airflow/example_dags/example_task_group.py
[2023-03-28 22:34:01,259] {processor.py:641} INFO - Processing file /home/airflow/.local/lib/python3.7/site-packages/airflow/example_dags/example_task_group.py for tasks to queue
[2023-03-28 22:34:01,259] {logging_mixin.py:115} INFO - [2023-03-28 22:34:01,259] {dagbag.py:507} INFO - Filling up the DagBag from /home/airflow/.local/lib/python3.7/site-packages/airflow/example_dags/example_task_group.py
[2023-03-28 22:34:01,265] {processor.py:651} INFO - DAG(s) dict_keys(['example_task_group']) retrieved from /home/airflow/.local/lib/python3.7/site-packages/airflow/example_dags/example_task_group.py
[2023-03-28 22:34:01,287] {logging_mixin.py:115} INFO - [2023-03-28 22:34:01,287] {dag.py:2371} INFO - Sync 1 DAGs
[2023-03-28 22:34:01,307] {logging_mixin.py:115} INFO - [2023-03-28 22:34:01,307] {dag.py:2919} INFO - Setting next_dagrun for example_task_group to 2023-03-27T22:34:01.307073+00:00, run_after=2023-03-28T22:34:01.307073+00:00
[2023-03-28 22:34:01,320] {processor.py:161} INFO - Processing /home/airflow/.local/lib/python3.7/site-packages/airflow/example_dags/example_task_group.py took 0.065 seconds
[2023-03-28 22:34:31,658] {processor.py:153} INFO - Started process (PID=3634) to work on /home/airflow/.local/lib/python3.7/site-packages/airflow/example_dags/example_task_group.py
[2023-03-28 22:34:31,659] {processor.py:641} INFO - Processing file /home/airflow/.local/lib/python3.7/site-packages/airflow/example_dags/example_task_group.py for tasks to queue
[2023-03-28 22:34:31,659] {logging_mixin.py:115} INFO - [2023-03-28 22:34:31,659] {dagbag.py:507} INFO - Filling up the DagBag from /home/airflow/.local/lib/python3.7/site-packages/airflow/example_dags/example_task_group.py
[2023-03-28 22:34:31,664] {processor.py:651} INFO - DAG(s) dict_keys(['example_task_group']) retrieved from /home/airflow/.local/lib/python3.7/site-packages/airflow/example_dags/example_task_group.py
[2023-03-28 22:34:31,688] {logging_mixin.py:115} INFO - [2023-03-28 22:34:31,688] {dag.py:2371} INFO - Sync 1 DAGs
[2023-03-28 22:34:31,708] {logging_mixin.py:115} INFO - [2023-03-28 22:34:31,708] {dag.py:2919} INFO - Setting next_dagrun for example_task_group to 2023-03-27T22:34:31.708142+00:00, run_after=2023-03-28T22:34:31.708142+00:00
[2023-03-28 22:34:31,722] {processor.py:161} INFO - Processing /home/airflow/.local/lib/python3.7/site-packages/airflow/example_dags/example_task_group.py took 0.066 seconds
[2023-03-28 22:35:02,154] {processor.py:153} INFO - Started process (PID=3698) to work on /home/airflow/.local/lib/python3.7/site-packages/airflow/example_dags/example_task_group.py
[2023-03-28 22:35:02,155] {processor.py:641} INFO - Processing file /home/airflow/.local/lib/python3.7/site-packages/airflow/example_dags/example_task_group.py for tasks to queue
[2023-03-28 22:35:02,155] {logging_mixin.py:115} INFO - [2023-03-28 22:35:02,155] {dagbag.py:507} INFO - Filling up the DagBag from /home/airflow/.local/lib/python3.7/site-packages/airflow/example_dags/example_task_group.py
[2023-03-28 22:35:02,160] {processor.py:651} INFO - DAG(s) dict_keys(['example_task_group']) retrieved from /home/airflow/.local/lib/python3.7/site-packages/airflow/example_dags/example_task_group.py
[2023-03-28 22:35:02,181] {logging_mixin.py:115} INFO - [2023-03-28 22:35:02,181] {dag.py:2371} INFO - Sync 1 DAGs
[2023-03-28 22:35:02,200] {logging_mixin.py:115} INFO - [2023-03-28 22:35:02,200] {dag.py:2919} INFO - Setting next_dagrun for example_task_group to 2023-03-27T22:35:02.200002+00:00, run_after=2023-03-28T22:35:02.200002+00:00
[2023-03-28 22:35:02,213] {processor.py:161} INFO - Processing /home/airflow/.local/lib/python3.7/site-packages/airflow/example_dags/example_task_group.py took 0.060 seconds
[2023-03-28 22:35:32,791] {processor.py:153} INFO - Started process (PID=3763) to work on /home/airflow/.local/lib/python3.7/site-packages/airflow/example_dags/example_task_group.py
[2023-03-28 22:35:32,792] {processor.py:641} INFO - Processing file /home/airflow/.local/lib/python3.7/site-packages/airflow/example_dags/example_task_group.py for tasks to queue
[2023-03-28 22:35:32,792] {logging_mixin.py:115} INFO - [2023-03-28 22:35:32,792] {dagbag.py:507} INFO - Filling up the DagBag from /home/airflow/.local/lib/python3.7/site-packages/airflow/example_dags/example_task_group.py
[2023-03-28 22:35:32,797] {processor.py:651} INFO - DAG(s) dict_keys(['example_task_group']) retrieved from /home/airflow/.local/lib/python3.7/site-packages/airflow/example_dags/example_task_group.py
[2023-03-28 22:35:32,822] {logging_mixin.py:115} INFO - [2023-03-28 22:35:32,822] {dag.py:2371} INFO - Sync 1 DAGs
[2023-03-28 22:35:32,842] {logging_mixin.py:115} INFO - [2023-03-28 22:35:32,842] {dag.py:2919} INFO - Setting next_dagrun for example_task_group to 2023-03-27T22:35:32.842245+00:00, run_after=2023-03-28T22:35:32.842245+00:00
[2023-03-28 22:35:32,857] {processor.py:161} INFO - Processing /home/airflow/.local/lib/python3.7/site-packages/airflow/example_dags/example_task_group.py took 0.068 seconds
[2023-03-28 22:36:03,578] {processor.py:153} INFO - Started process (PID=3818) to work on /home/airflow/.local/lib/python3.7/site-packages/airflow/example_dags/example_task_group.py
[2023-03-28 22:36:03,578] {processor.py:641} INFO - Processing file /home/airflow/.local/lib/python3.7/site-packages/airflow/example_dags/example_task_group.py for tasks to queue
[2023-03-28 22:36:03,579] {logging_mixin.py:115} INFO - [2023-03-28 22:36:03,579] {dagbag.py:507} INFO - Filling up the DagBag from /home/airflow/.local/lib/python3.7/site-packages/airflow/example_dags/example_task_group.py
[2023-03-28 22:36:03,585] {processor.py:651} INFO - DAG(s) dict_keys(['example_task_group']) retrieved from /home/airflow/.local/lib/python3.7/site-packages/airflow/example_dags/example_task_group.py
[2023-03-28 22:36:03,607] {logging_mixin.py:115} INFO - [2023-03-28 22:36:03,607] {dag.py:2371} INFO - Sync 1 DAGs
[2023-03-28 22:36:03,628] {logging_mixin.py:115} INFO - [2023-03-28 22:36:03,628] {dag.py:2919} INFO - Setting next_dagrun for example_task_group to 2023-03-27T22:36:03.628473+00:00, run_after=2023-03-28T22:36:03.628473+00:00
[2023-03-28 22:36:03,642] {processor.py:161} INFO - Processing /home/airflow/.local/lib/python3.7/site-packages/airflow/example_dags/example_task_group.py took 0.066 seconds
[2023-03-28 22:36:34,383] {processor.py:153} INFO - Started process (PID=3884) to work on /home/airflow/.local/lib/python3.7/site-packages/airflow/example_dags/example_task_group.py
[2023-03-28 22:36:34,383] {processor.py:641} INFO - Processing file /home/airflow/.local/lib/python3.7/site-packages/airflow/example_dags/example_task_group.py for tasks to queue
[2023-03-28 22:36:34,384] {logging_mixin.py:115} INFO - [2023-03-28 22:36:34,384] {dagbag.py:507} INFO - Filling up the DagBag from /home/airflow/.local/lib/python3.7/site-packages/airflow/example_dags/example_task_group.py
[2023-03-28 22:36:34,389] {processor.py:651} INFO - DAG(s) dict_keys(['example_task_group']) retrieved from /home/airflow/.local/lib/python3.7/site-packages/airflow/example_dags/example_task_group.py
[2023-03-28 22:36:34,410] {logging_mixin.py:115} INFO - [2023-03-28 22:36:34,410] {dag.py:2371} INFO - Sync 1 DAGs
[2023-03-28 22:36:34,429] {logging_mixin.py:115} INFO - [2023-03-28 22:36:34,429] {dag.py:2919} INFO - Setting next_dagrun for example_task_group to 2023-03-27T22:36:34.428838+00:00, run_after=2023-03-28T22:36:34.428838+00:00
[2023-03-28 22:36:34,442] {processor.py:161} INFO - Processing /home/airflow/.local/lib/python3.7/site-packages/airflow/example_dags/example_task_group.py took 0.061 seconds
[2023-03-28 22:37:05,095] {processor.py:153} INFO - Started process (PID=3949) to work on /home/airflow/.local/lib/python3.7/site-packages/airflow/example_dags/example_task_group.py
[2023-03-28 22:37:05,096] {processor.py:641} INFO - Processing file /home/airflow/.local/lib/python3.7/site-packages/airflow/example_dags/example_task_group.py for tasks to queue
[2023-03-28 22:37:05,096] {logging_mixin.py:115} INFO - [2023-03-28 22:37:05,096] {dagbag.py:507} INFO - Filling up the DagBag from /home/airflow/.local/lib/python3.7/site-packages/airflow/example_dags/example_task_group.py
[2023-03-28 22:37:05,101] {processor.py:651} INFO - DAG(s) dict_keys(['example_task_group']) retrieved from /home/airflow/.local/lib/python3.7/site-packages/airflow/example_dags/example_task_group.py
[2023-03-28 22:37:05,125] {logging_mixin.py:115} INFO - [2023-03-28 22:37:05,125] {dag.py:2371} INFO - Sync 1 DAGs
[2023-03-28 22:37:05,146] {logging_mixin.py:115} INFO - [2023-03-28 22:37:05,146] {dag.py:2919} INFO - Setting next_dagrun for example_task_group to 2023-03-27T22:37:05.145869+00:00, run_after=2023-03-28T22:37:05.145869+00:00
[2023-03-28 22:37:05,160] {processor.py:161} INFO - Processing /home/airflow/.local/lib/python3.7/site-packages/airflow/example_dags/example_task_group.py took 0.067 seconds
[2023-03-28 22:37:35,928] {processor.py:153} INFO - Started process (PID=4004) to work on /home/airflow/.local/lib/python3.7/site-packages/airflow/example_dags/example_task_group.py
[2023-03-28 22:37:35,928] {processor.py:641} INFO - Processing file /home/airflow/.local/lib/python3.7/site-packages/airflow/example_dags/example_task_group.py for tasks to queue
[2023-03-28 22:37:35,929] {logging_mixin.py:115} INFO - [2023-03-28 22:37:35,929] {dagbag.py:507} INFO - Filling up the DagBag from /home/airflow/.local/lib/python3.7/site-packages/airflow/example_dags/example_task_group.py
[2023-03-28 22:37:35,935] {processor.py:651} INFO - DAG(s) dict_keys(['example_task_group']) retrieved from /home/airflow/.local/lib/python3.7/site-packages/airflow/example_dags/example_task_group.py
[2023-03-28 22:37:35,963] {logging_mixin.py:115} INFO - [2023-03-28 22:37:35,962] {dag.py:2371} INFO - Sync 1 DAGs
[2023-03-28 22:37:35,984] {logging_mixin.py:115} INFO - [2023-03-28 22:37:35,984] {dag.py:2919} INFO - Setting next_dagrun for example_task_group to 2023-03-27T22:37:35.984318+00:00, run_after=2023-03-28T22:37:35.984318+00:00
[2023-03-28 22:37:35,998] {processor.py:161} INFO - Processing /home/airflow/.local/lib/python3.7/site-packages/airflow/example_dags/example_task_group.py took 0.072 seconds
[2023-03-28 22:38:06,619] {processor.py:153} INFO - Started process (PID=4068) to work on /home/airflow/.local/lib/python3.7/site-packages/airflow/example_dags/example_task_group.py
[2023-03-28 22:38:06,620] {processor.py:641} INFO - Processing file /home/airflow/.local/lib/python3.7/site-packages/airflow/example_dags/example_task_group.py for tasks to queue
[2023-03-28 22:38:06,620] {logging_mixin.py:115} INFO - [2023-03-28 22:38:06,620] {dagbag.py:507} INFO - Filling up the DagBag from /home/airflow/.local/lib/python3.7/site-packages/airflow/example_dags/example_task_group.py
[2023-03-28 22:38:06,625] {processor.py:651} INFO - DAG(s) dict_keys(['example_task_group']) retrieved from /home/airflow/.local/lib/python3.7/site-packages/airflow/example_dags/example_task_group.py
[2023-03-28 22:38:06,646] {logging_mixin.py:115} INFO - [2023-03-28 22:38:06,646] {dag.py:2371} INFO - Sync 1 DAGs
[2023-03-28 22:38:06,664] {logging_mixin.py:115} INFO - [2023-03-28 22:38:06,664] {dag.py:2919} INFO - Setting next_dagrun for example_task_group to 2023-03-27T22:38:06.664068+00:00, run_after=2023-03-28T22:38:06.664068+00:00
[2023-03-28 22:38:06,677] {processor.py:161} INFO - Processing /home/airflow/.local/lib/python3.7/site-packages/airflow/example_dags/example_task_group.py took 0.060 seconds
[2023-03-28 22:38:37,497] {processor.py:153} INFO - Started process (PID=4132) to work on /home/airflow/.local/lib/python3.7/site-packages/airflow/example_dags/example_task_group.py
[2023-03-28 22:38:37,497] {processor.py:641} INFO - Processing file /home/airflow/.local/lib/python3.7/site-packages/airflow/example_dags/example_task_group.py for tasks to queue
[2023-03-28 22:38:37,498] {logging_mixin.py:115} INFO - [2023-03-28 22:38:37,498] {dagbag.py:507} INFO - Filling up the DagBag from /home/airflow/.local/lib/python3.7/site-packages/airflow/example_dags/example_task_group.py
[2023-03-28 22:38:37,502] {processor.py:651} INFO - DAG(s) dict_keys(['example_task_group']) retrieved from /home/airflow/.local/lib/python3.7/site-packages/airflow/example_dags/example_task_group.py
[2023-03-28 22:38:37,524] {logging_mixin.py:115} INFO - [2023-03-28 22:38:37,523] {dag.py:2371} INFO - Sync 1 DAGs
[2023-03-28 22:38:37,543] {logging_mixin.py:115} INFO - [2023-03-28 22:38:37,543] {dag.py:2919} INFO - Setting next_dagrun for example_task_group to 2023-03-27T22:38:37.542956+00:00, run_after=2023-03-28T22:38:37.542956+00:00
[2023-03-28 22:38:37,556] {processor.py:161} INFO - Processing /home/airflow/.local/lib/python3.7/site-packages/airflow/example_dags/example_task_group.py took 0.061 seconds
[2023-03-28 22:39:08,143] {processor.py:153} INFO - Started process (PID=4187) to work on /home/airflow/.local/lib/python3.7/site-packages/airflow/example_dags/example_task_group.py
[2023-03-28 22:39:08,144] {processor.py:641} INFO - Processing file /home/airflow/.local/lib/python3.7/site-packages/airflow/example_dags/example_task_group.py for tasks to queue
[2023-03-28 22:39:08,144] {logging_mixin.py:115} INFO - [2023-03-28 22:39:08,144] {dagbag.py:507} INFO - Filling up the DagBag from /home/airflow/.local/lib/python3.7/site-packages/airflow/example_dags/example_task_group.py
[2023-03-28 22:39:08,149] {processor.py:651} INFO - DAG(s) dict_keys(['example_task_group']) retrieved from /home/airflow/.local/lib/python3.7/site-packages/airflow/example_dags/example_task_group.py
[2023-03-28 22:39:08,171] {logging_mixin.py:115} INFO - [2023-03-28 22:39:08,171] {dag.py:2371} INFO - Sync 1 DAGs
[2023-03-28 22:39:08,189] {logging_mixin.py:115} INFO - [2023-03-28 22:39:08,189] {dag.py:2919} INFO - Setting next_dagrun for example_task_group to 2023-03-27T22:39:08.189587+00:00, run_after=2023-03-28T22:39:08.189587+00:00
[2023-03-28 22:39:08,203] {processor.py:161} INFO - Processing /home/airflow/.local/lib/python3.7/site-packages/airflow/example_dags/example_task_group.py took 0.062 seconds
[2023-03-28 22:39:38,911] {processor.py:153} INFO - Started process (PID=4252) to work on /home/airflow/.local/lib/python3.7/site-packages/airflow/example_dags/example_task_group.py
[2023-03-28 22:39:38,911] {processor.py:641} INFO - Processing file /home/airflow/.local/lib/python3.7/site-packages/airflow/example_dags/example_task_group.py for tasks to queue
[2023-03-28 22:39:38,911] {logging_mixin.py:115} INFO - [2023-03-28 22:39:38,911] {dagbag.py:507} INFO - Filling up the DagBag from /home/airflow/.local/lib/python3.7/site-packages/airflow/example_dags/example_task_group.py
[2023-03-28 22:39:38,916] {processor.py:651} INFO - DAG(s) dict_keys(['example_task_group']) retrieved from /home/airflow/.local/lib/python3.7/site-packages/airflow/example_dags/example_task_group.py
[2023-03-28 22:39:38,937] {logging_mixin.py:115} INFO - [2023-03-28 22:39:38,937] {dag.py:2371} INFO - Sync 1 DAGs
[2023-03-28 22:39:38,955] {logging_mixin.py:115} INFO - [2023-03-28 22:39:38,955] {dag.py:2919} INFO - Setting next_dagrun for example_task_group to 2023-03-27T22:39:38.954977+00:00, run_after=2023-03-28T22:39:38.954977+00:00
[2023-03-28 22:39:38,967] {processor.py:161} INFO - Processing /home/airflow/.local/lib/python3.7/site-packages/airflow/example_dags/example_task_group.py took 0.059 seconds
[2023-03-28 22:40:09,469] {processor.py:153} INFO - Started process (PID=4316) to work on /home/airflow/.local/lib/python3.7/site-packages/airflow/example_dags/example_task_group.py
[2023-03-28 22:40:09,470] {processor.py:641} INFO - Processing file /home/airflow/.local/lib/python3.7/site-packages/airflow/example_dags/example_task_group.py for tasks to queue
[2023-03-28 22:40:09,470] {logging_mixin.py:115} INFO - [2023-03-28 22:40:09,470] {dagbag.py:507} INFO - Filling up the DagBag from /home/airflow/.local/lib/python3.7/site-packages/airflow/example_dags/example_task_group.py
[2023-03-28 22:40:09,475] {processor.py:651} INFO - DAG(s) dict_keys(['example_task_group']) retrieved from /home/airflow/.local/lib/python3.7/site-packages/airflow/example_dags/example_task_group.py
[2023-03-28 22:40:09,498] {logging_mixin.py:115} INFO - [2023-03-28 22:40:09,498] {dag.py:2371} INFO - Sync 1 DAGs
[2023-03-28 22:40:09,520] {logging_mixin.py:115} INFO - [2023-03-28 22:40:09,520] {dag.py:2919} INFO - Setting next_dagrun for example_task_group to 2023-03-27T22:40:09.520428+00:00, run_after=2023-03-28T22:40:09.520428+00:00
[2023-03-28 22:40:09,629] {processor.py:161} INFO - Processing /home/airflow/.local/lib/python3.7/site-packages/airflow/example_dags/example_task_group.py took 0.162 seconds
[2023-03-28 22:41:27,372] {processor.py:153} INFO - Started process (PID=55) to work on /home/airflow/.local/lib/python3.7/site-packages/airflow/example_dags/example_task_group.py
[2023-03-28 22:41:27,373] {processor.py:641} INFO - Processing file /home/airflow/.local/lib/python3.7/site-packages/airflow/example_dags/example_task_group.py for tasks to queue
[2023-03-28 22:41:27,374] {logging_mixin.py:115} INFO - [2023-03-28 22:41:27,373] {dagbag.py:507} INFO - Filling up the DagBag from /home/airflow/.local/lib/python3.7/site-packages/airflow/example_dags/example_task_group.py
[2023-03-28 22:41:27,379] {processor.py:651} INFO - DAG(s) dict_keys(['example_task_group']) retrieved from /home/airflow/.local/lib/python3.7/site-packages/airflow/example_dags/example_task_group.py
[2023-03-28 22:41:27,404] {logging_mixin.py:115} INFO - [2023-03-28 22:41:27,404] {dag.py:2371} INFO - Sync 1 DAGs
[2023-03-28 22:41:27,425] {logging_mixin.py:115} INFO - [2023-03-28 22:41:27,425] {dag.py:2919} INFO - Setting next_dagrun for example_task_group to 2023-03-27T22:41:27.425107+00:00, run_after=2023-03-28T22:41:27.425107+00:00
[2023-03-28 22:41:27,440] {processor.py:161} INFO - Processing /home/airflow/.local/lib/python3.7/site-packages/airflow/example_dags/example_task_group.py took 0.071 seconds
[2023-03-28 22:41:57,899] {processor.py:153} INFO - Started process (PID=120) to work on /home/airflow/.local/lib/python3.7/site-packages/airflow/example_dags/example_task_group.py
[2023-03-28 22:41:57,900] {processor.py:641} INFO - Processing file /home/airflow/.local/lib/python3.7/site-packages/airflow/example_dags/example_task_group.py for tasks to queue
[2023-03-28 22:41:57,900] {logging_mixin.py:115} INFO - [2023-03-28 22:41:57,900] {dagbag.py:507} INFO - Filling up the DagBag from /home/airflow/.local/lib/python3.7/site-packages/airflow/example_dags/example_task_group.py
[2023-03-28 22:41:57,905] {processor.py:651} INFO - DAG(s) dict_keys(['example_task_group']) retrieved from /home/airflow/.local/lib/python3.7/site-packages/airflow/example_dags/example_task_group.py
[2023-03-28 22:41:57,933] {logging_mixin.py:115} INFO - [2023-03-28 22:41:57,932] {dag.py:2371} INFO - Sync 1 DAGs
[2023-03-28 22:41:57,953] {logging_mixin.py:115} INFO - [2023-03-28 22:41:57,953] {dag.py:2919} INFO - Setting next_dagrun for example_task_group to 2023-03-27T22:41:57.953284+00:00, run_after=2023-03-28T22:41:57.953284+00:00
[2023-03-28 22:41:57,968] {processor.py:161} INFO - Processing /home/airflow/.local/lib/python3.7/site-packages/airflow/example_dags/example_task_group.py took 0.071 seconds
[2023-03-28 22:42:28,216] {processor.py:153} INFO - Started process (PID=175) to work on /home/airflow/.local/lib/python3.7/site-packages/airflow/example_dags/example_task_group.py
[2023-03-28 22:42:28,216] {processor.py:641} INFO - Processing file /home/airflow/.local/lib/python3.7/site-packages/airflow/example_dags/example_task_group.py for tasks to queue
[2023-03-28 22:42:28,217] {logging_mixin.py:115} INFO - [2023-03-28 22:42:28,217] {dagbag.py:507} INFO - Filling up the DagBag from /home/airflow/.local/lib/python3.7/site-packages/airflow/example_dags/example_task_group.py
[2023-03-28 22:42:28,221] {processor.py:651} INFO - DAG(s) dict_keys(['example_task_group']) retrieved from /home/airflow/.local/lib/python3.7/site-packages/airflow/example_dags/example_task_group.py
[2023-03-28 22:42:28,244] {logging_mixin.py:115} INFO - [2023-03-28 22:42:28,243] {dag.py:2371} INFO - Sync 1 DAGs
[2023-03-28 22:42:28,262] {logging_mixin.py:115} INFO - [2023-03-28 22:42:28,261] {dag.py:2919} INFO - Setting next_dagrun for example_task_group to 2023-03-27T22:42:28.261722+00:00, run_after=2023-03-28T22:42:28.261722+00:00
[2023-03-28 22:42:28,273] {processor.py:161} INFO - Processing /home/airflow/.local/lib/python3.7/site-packages/airflow/example_dags/example_task_group.py took 0.059 seconds
[2023-03-28 22:42:58,747] {processor.py:153} INFO - Started process (PID=240) to work on /home/airflow/.local/lib/python3.7/site-packages/airflow/example_dags/example_task_group.py
[2023-03-28 22:42:58,748] {processor.py:641} INFO - Processing file /home/airflow/.local/lib/python3.7/site-packages/airflow/example_dags/example_task_group.py for tasks to queue
[2023-03-28 22:42:58,749] {logging_mixin.py:115} INFO - [2023-03-28 22:42:58,749] {dagbag.py:507} INFO - Filling up the DagBag from /home/airflow/.local/lib/python3.7/site-packages/airflow/example_dags/example_task_group.py
[2023-03-28 22:42:58,753] {processor.py:651} INFO - DAG(s) dict_keys(['example_task_group']) retrieved from /home/airflow/.local/lib/python3.7/site-packages/airflow/example_dags/example_task_group.py
[2023-03-28 22:42:58,776] {logging_mixin.py:115} INFO - [2023-03-28 22:42:58,776] {dag.py:2371} INFO - Sync 1 DAGs
[2023-03-28 22:42:58,796] {logging_mixin.py:115} INFO - [2023-03-28 22:42:58,796] {dag.py:2919} INFO - Setting next_dagrun for example_task_group to 2023-03-27T22:42:58.796293+00:00, run_after=2023-03-28T22:42:58.796293+00:00
[2023-03-28 22:42:58,809] {processor.py:161} INFO - Processing /home/airflow/.local/lib/python3.7/site-packages/airflow/example_dags/example_task_group.py took 0.064 seconds
[2023-03-28 22:43:29,266] {processor.py:153} INFO - Started process (PID=303) to work on /home/airflow/.local/lib/python3.7/site-packages/airflow/example_dags/example_task_group.py
[2023-03-28 22:43:29,267] {processor.py:641} INFO - Processing file /home/airflow/.local/lib/python3.7/site-packages/airflow/example_dags/example_task_group.py for tasks to queue
[2023-03-28 22:43:29,267] {logging_mixin.py:115} INFO - [2023-03-28 22:43:29,267] {dagbag.py:507} INFO - Filling up the DagBag from /home/airflow/.local/lib/python3.7/site-packages/airflow/example_dags/example_task_group.py
[2023-03-28 22:43:29,273] {processor.py:651} INFO - DAG(s) dict_keys(['example_task_group']) retrieved from /home/airflow/.local/lib/python3.7/site-packages/airflow/example_dags/example_task_group.py
[2023-03-28 22:43:29,301] {logging_mixin.py:115} INFO - [2023-03-28 22:43:29,301] {dag.py:2371} INFO - Sync 1 DAGs
[2023-03-28 22:43:29,333] {logging_mixin.py:115} INFO - [2023-03-28 22:43:29,333] {dag.py:2919} INFO - Setting next_dagrun for example_task_group to 2023-03-27T22:43:29.333038+00:00, run_after=2023-03-28T22:43:29.333038+00:00
[2023-03-28 22:43:29,350] {processor.py:161} INFO - Processing /home/airflow/.local/lib/python3.7/site-packages/airflow/example_dags/example_task_group.py took 0.086 seconds
[2023-03-28 22:43:59,730] {processor.py:153} INFO - Started process (PID=365) to work on /home/airflow/.local/lib/python3.7/site-packages/airflow/example_dags/example_task_group.py
[2023-03-28 22:43:59,732] {processor.py:641} INFO - Processing file /home/airflow/.local/lib/python3.7/site-packages/airflow/example_dags/example_task_group.py for tasks to queue
[2023-03-28 22:43:59,734] {logging_mixin.py:115} INFO - [2023-03-28 22:43:59,733] {dagbag.py:507} INFO - Filling up the DagBag from /home/airflow/.local/lib/python3.7/site-packages/airflow/example_dags/example_task_group.py
[2023-03-28 22:43:59,743] {processor.py:651} INFO - DAG(s) dict_keys(['example_task_group']) retrieved from /home/airflow/.local/lib/python3.7/site-packages/airflow/example_dags/example_task_group.py
[2023-03-28 22:43:59,776] {logging_mixin.py:115} INFO - [2023-03-28 22:43:59,776] {dag.py:2371} INFO - Sync 1 DAGs
[2023-03-28 22:43:59,801] {logging_mixin.py:115} INFO - [2023-03-28 22:43:59,801] {dag.py:2919} INFO - Setting next_dagrun for example_task_group to 2023-03-27T22:43:59.801538+00:00, run_after=2023-03-28T22:43:59.801538+00:00
[2023-03-28 22:43:59,817] {processor.py:161} INFO - Processing /home/airflow/.local/lib/python3.7/site-packages/airflow/example_dags/example_task_group.py took 0.094 seconds
[2023-03-28 22:44:30,409] {processor.py:153} INFO - Started process (PID=423) to work on /home/airflow/.local/lib/python3.7/site-packages/airflow/example_dags/example_task_group.py
[2023-03-28 22:44:30,409] {processor.py:641} INFO - Processing file /home/airflow/.local/lib/python3.7/site-packages/airflow/example_dags/example_task_group.py for tasks to queue
[2023-03-28 22:44:30,409] {logging_mixin.py:115} INFO - [2023-03-28 22:44:30,409] {dagbag.py:507} INFO - Filling up the DagBag from /home/airflow/.local/lib/python3.7/site-packages/airflow/example_dags/example_task_group.py
[2023-03-28 22:44:30,414] {processor.py:651} INFO - DAG(s) dict_keys(['example_task_group']) retrieved from /home/airflow/.local/lib/python3.7/site-packages/airflow/example_dags/example_task_group.py
[2023-03-28 22:44:30,439] {logging_mixin.py:115} INFO - [2023-03-28 22:44:30,439] {dag.py:2371} INFO - Sync 1 DAGs
[2023-03-28 22:44:30,460] {logging_mixin.py:115} INFO - [2023-03-28 22:44:30,460] {dag.py:2919} INFO - Setting next_dagrun for example_task_group to 2023-03-27T22:44:30.460177+00:00, run_after=2023-03-28T22:44:30.460177+00:00
[2023-03-28 22:44:30,473] {processor.py:161} INFO - Processing /home/airflow/.local/lib/python3.7/site-packages/airflow/example_dags/example_task_group.py took 0.066 seconds
[2023-03-28 22:45:01,271] {processor.py:153} INFO - Started process (PID=487) to work on /home/airflow/.local/lib/python3.7/site-packages/airflow/example_dags/example_task_group.py
[2023-03-28 22:45:01,272] {processor.py:641} INFO - Processing file /home/airflow/.local/lib/python3.7/site-packages/airflow/example_dags/example_task_group.py for tasks to queue
[2023-03-28 22:45:01,273] {logging_mixin.py:115} INFO - [2023-03-28 22:45:01,273] {dagbag.py:507} INFO - Filling up the DagBag from /home/airflow/.local/lib/python3.7/site-packages/airflow/example_dags/example_task_group.py
[2023-03-28 22:45:01,278] {processor.py:651} INFO - DAG(s) dict_keys(['example_task_group']) retrieved from /home/airflow/.local/lib/python3.7/site-packages/airflow/example_dags/example_task_group.py
[2023-03-28 22:45:01,304] {logging_mixin.py:115} INFO - [2023-03-28 22:45:01,304] {dag.py:2371} INFO - Sync 1 DAGs
[2023-03-28 22:45:01,325] {logging_mixin.py:115} INFO - [2023-03-28 22:45:01,325] {dag.py:2919} INFO - Setting next_dagrun for example_task_group to 2023-03-27T22:45:01.324825+00:00, run_after=2023-03-28T22:45:01.324825+00:00
[2023-03-28 22:45:01,339] {processor.py:161} INFO - Processing /home/airflow/.local/lib/python3.7/site-packages/airflow/example_dags/example_task_group.py took 0.069 seconds
[2023-03-28 22:45:32,293] {processor.py:153} INFO - Started process (PID=551) to work on /home/airflow/.local/lib/python3.7/site-packages/airflow/example_dags/example_task_group.py
[2023-03-28 22:45:32,294] {processor.py:641} INFO - Processing file /home/airflow/.local/lib/python3.7/site-packages/airflow/example_dags/example_task_group.py for tasks to queue
[2023-03-28 22:45:32,294] {logging_mixin.py:115} INFO - [2023-03-28 22:45:32,294] {dagbag.py:507} INFO - Filling up the DagBag from /home/airflow/.local/lib/python3.7/site-packages/airflow/example_dags/example_task_group.py
[2023-03-28 22:45:32,300] {processor.py:651} INFO - DAG(s) dict_keys(['example_task_group']) retrieved from /home/airflow/.local/lib/python3.7/site-packages/airflow/example_dags/example_task_group.py
[2023-03-28 22:45:32,325] {logging_mixin.py:115} INFO - [2023-03-28 22:45:32,324] {dag.py:2371} INFO - Sync 1 DAGs
[2023-03-28 22:45:32,344] {logging_mixin.py:115} INFO - [2023-03-28 22:45:32,344] {dag.py:2919} INFO - Setting next_dagrun for example_task_group to 2023-03-27T22:45:32.344158+00:00, run_after=2023-03-28T22:45:32.344158+00:00
[2023-03-28 22:45:32,360] {processor.py:161} INFO - Processing /home/airflow/.local/lib/python3.7/site-packages/airflow/example_dags/example_task_group.py took 0.069 seconds
[2023-03-28 22:46:02,490] {processor.py:153} INFO - Started process (PID=606) to work on /home/airflow/.local/lib/python3.7/site-packages/airflow/example_dags/example_task_group.py
[2023-03-28 22:46:02,491] {processor.py:641} INFO - Processing file /home/airflow/.local/lib/python3.7/site-packages/airflow/example_dags/example_task_group.py for tasks to queue
[2023-03-28 22:46:02,492] {logging_mixin.py:115} INFO - [2023-03-28 22:46:02,492] {dagbag.py:507} INFO - Filling up the DagBag from /home/airflow/.local/lib/python3.7/site-packages/airflow/example_dags/example_task_group.py
[2023-03-28 22:46:02,497] {processor.py:651} INFO - DAG(s) dict_keys(['example_task_group']) retrieved from /home/airflow/.local/lib/python3.7/site-packages/airflow/example_dags/example_task_group.py
[2023-03-28 22:46:02,519] {logging_mixin.py:115} INFO - [2023-03-28 22:46:02,519] {dag.py:2371} INFO - Sync 1 DAGs
[2023-03-28 22:46:02,540] {logging_mixin.py:115} INFO - [2023-03-28 22:46:02,540] {dag.py:2919} INFO - Setting next_dagrun for example_task_group to 2023-03-27T22:46:02.540138+00:00, run_after=2023-03-28T22:46:02.540138+00:00
[2023-03-28 22:46:02,552] {processor.py:161} INFO - Processing /home/airflow/.local/lib/python3.7/site-packages/airflow/example_dags/example_task_group.py took 0.064 seconds
[2023-03-28 22:46:32,692] {processor.py:153} INFO - Started process (PID=670) to work on /home/airflow/.local/lib/python3.7/site-packages/airflow/example_dags/example_task_group.py
[2023-03-28 22:46:32,693] {processor.py:641} INFO - Processing file /home/airflow/.local/lib/python3.7/site-packages/airflow/example_dags/example_task_group.py for tasks to queue
[2023-03-28 22:46:32,694] {logging_mixin.py:115} INFO - [2023-03-28 22:46:32,694] {dagbag.py:507} INFO - Filling up the DagBag from /home/airflow/.local/lib/python3.7/site-packages/airflow/example_dags/example_task_group.py
[2023-03-28 22:46:32,704] {processor.py:651} INFO - DAG(s) dict_keys(['example_task_group']) retrieved from /home/airflow/.local/lib/python3.7/site-packages/airflow/example_dags/example_task_group.py
[2023-03-28 22:46:32,734] {logging_mixin.py:115} INFO - [2023-03-28 22:46:32,734] {dag.py:2371} INFO - Sync 1 DAGs
[2023-03-28 22:46:32,757] {logging_mixin.py:115} INFO - [2023-03-28 22:46:32,757] {dag.py:2919} INFO - Setting next_dagrun for example_task_group to 2023-03-27T22:46:32.757586+00:00, run_after=2023-03-28T22:46:32.757586+00:00
[2023-03-28 22:46:32,769] {processor.py:161} INFO - Processing /home/airflow/.local/lib/python3.7/site-packages/airflow/example_dags/example_task_group.py took 0.080 seconds
[2023-03-28 22:47:02,949] {processor.py:153} INFO - Started process (PID=734) to work on /home/airflow/.local/lib/python3.7/site-packages/airflow/example_dags/example_task_group.py
[2023-03-28 22:47:02,950] {processor.py:641} INFO - Processing file /home/airflow/.local/lib/python3.7/site-packages/airflow/example_dags/example_task_group.py for tasks to queue
[2023-03-28 22:47:02,951] {logging_mixin.py:115} INFO - [2023-03-28 22:47:02,951] {dagbag.py:507} INFO - Filling up the DagBag from /home/airflow/.local/lib/python3.7/site-packages/airflow/example_dags/example_task_group.py
[2023-03-28 22:47:02,956] {processor.py:651} INFO - DAG(s) dict_keys(['example_task_group']) retrieved from /home/airflow/.local/lib/python3.7/site-packages/airflow/example_dags/example_task_group.py
[2023-03-28 22:47:02,981] {logging_mixin.py:115} INFO - [2023-03-28 22:47:02,981] {dag.py:2371} INFO - Sync 1 DAGs
[2023-03-28 22:47:03,002] {logging_mixin.py:115} INFO - [2023-03-28 22:47:03,002] {dag.py:2919} INFO - Setting next_dagrun for example_task_group to 2023-03-27T22:47:03.001892+00:00, run_after=2023-03-28T22:47:03.001892+00:00
[2023-03-28 22:47:03,015] {processor.py:161} INFO - Processing /home/airflow/.local/lib/python3.7/site-packages/airflow/example_dags/example_task_group.py took 0.068 seconds
[2023-03-28 22:48:12,747] {processor.py:153} INFO - Started process (PID=65) to work on /home/airflow/.local/lib/python3.7/site-packages/airflow/example_dags/example_task_group.py
[2023-03-28 22:48:12,748] {processor.py:641} INFO - Processing file /home/airflow/.local/lib/python3.7/site-packages/airflow/example_dags/example_task_group.py for tasks to queue
[2023-03-28 22:48:12,749] {logging_mixin.py:115} INFO - [2023-03-28 22:48:12,749] {dagbag.py:507} INFO - Filling up the DagBag from /home/airflow/.local/lib/python3.7/site-packages/airflow/example_dags/example_task_group.py
[2023-03-28 22:48:12,760] {processor.py:651} INFO - DAG(s) dict_keys(['example_task_group']) retrieved from /home/airflow/.local/lib/python3.7/site-packages/airflow/example_dags/example_task_group.py
[2023-03-28 22:48:12,800] {logging_mixin.py:115} INFO - [2023-03-28 22:48:12,800] {dag.py:2371} INFO - Sync 1 DAGs
[2023-03-28 22:48:13,050] {logging_mixin.py:115} INFO - [2023-03-28 22:48:13,050] {dag.py:2919} INFO - Setting next_dagrun for example_task_group to 2023-03-27T22:48:13.050291+00:00, run_after=2023-03-28T22:48:13.050291+00:00
[2023-03-28 22:48:13,068] {processor.py:161} INFO - Processing /home/airflow/.local/lib/python3.7/site-packages/airflow/example_dags/example_task_group.py took 0.325 seconds
[2023-03-28 22:48:43,843] {processor.py:153} INFO - Started process (PID=121) to work on /home/airflow/.local/lib/python3.7/site-packages/airflow/example_dags/example_task_group.py
[2023-03-28 22:48:43,844] {processor.py:641} INFO - Processing file /home/airflow/.local/lib/python3.7/site-packages/airflow/example_dags/example_task_group.py for tasks to queue
[2023-03-28 22:48:43,844] {logging_mixin.py:115} INFO - [2023-03-28 22:48:43,844] {dagbag.py:507} INFO - Filling up the DagBag from /home/airflow/.local/lib/python3.7/site-packages/airflow/example_dags/example_task_group.py
[2023-03-28 22:48:43,849] {processor.py:651} INFO - DAG(s) dict_keys(['example_task_group']) retrieved from /home/airflow/.local/lib/python3.7/site-packages/airflow/example_dags/example_task_group.py
[2023-03-28 22:48:43,875] {logging_mixin.py:115} INFO - [2023-03-28 22:48:43,875] {dag.py:2371} INFO - Sync 1 DAGs
[2023-03-28 22:48:44,004] {logging_mixin.py:115} INFO - [2023-03-28 22:48:44,004] {dag.py:2919} INFO - Setting next_dagrun for example_task_group to 2023-03-27T22:48:44.004297+00:00, run_after=2023-03-28T22:48:44.004297+00:00
[2023-03-28 22:48:44,018] {processor.py:161} INFO - Processing /home/airflow/.local/lib/python3.7/site-packages/airflow/example_dags/example_task_group.py took 0.177 seconds
[2023-03-28 22:49:14,182] {processor.py:153} INFO - Started process (PID=185) to work on /home/airflow/.local/lib/python3.7/site-packages/airflow/example_dags/example_task_group.py
[2023-03-28 22:49:14,182] {processor.py:641} INFO - Processing file /home/airflow/.local/lib/python3.7/site-packages/airflow/example_dags/example_task_group.py for tasks to queue
[2023-03-28 22:49:14,183] {logging_mixin.py:115} INFO - [2023-03-28 22:49:14,182] {dagbag.py:507} INFO - Filling up the DagBag from /home/airflow/.local/lib/python3.7/site-packages/airflow/example_dags/example_task_group.py
[2023-03-28 22:49:14,188] {processor.py:651} INFO - DAG(s) dict_keys(['example_task_group']) retrieved from /home/airflow/.local/lib/python3.7/site-packages/airflow/example_dags/example_task_group.py
[2023-03-28 22:49:14,213] {logging_mixin.py:115} INFO - [2023-03-28 22:49:14,213] {dag.py:2371} INFO - Sync 1 DAGs
[2023-03-28 22:49:14,336] {logging_mixin.py:115} INFO - [2023-03-28 22:49:14,335] {dag.py:2919} INFO - Setting next_dagrun for example_task_group to 2023-03-27T22:49:14.335784+00:00, run_after=2023-03-28T22:49:14.335784+00:00
[2023-03-28 22:49:14,350] {processor.py:161} INFO - Processing /home/airflow/.local/lib/python3.7/site-packages/airflow/example_dags/example_task_group.py took 0.171 seconds
[2023-03-28 22:49:44,696] {processor.py:153} INFO - Started process (PID=250) to work on /home/airflow/.local/lib/python3.7/site-packages/airflow/example_dags/example_task_group.py
[2023-03-28 22:49:44,698] {processor.py:641} INFO - Processing file /home/airflow/.local/lib/python3.7/site-packages/airflow/example_dags/example_task_group.py for tasks to queue
[2023-03-28 22:49:44,698] {logging_mixin.py:115} INFO - [2023-03-28 22:49:44,698] {dagbag.py:507} INFO - Filling up the DagBag from /home/airflow/.local/lib/python3.7/site-packages/airflow/example_dags/example_task_group.py
[2023-03-28 22:49:44,704] {processor.py:651} INFO - DAG(s) dict_keys(['example_task_group']) retrieved from /home/airflow/.local/lib/python3.7/site-packages/airflow/example_dags/example_task_group.py
[2023-03-28 22:49:44,728] {logging_mixin.py:115} INFO - [2023-03-28 22:49:44,728] {dag.py:2371} INFO - Sync 1 DAGs
[2023-03-28 22:49:44,878] {logging_mixin.py:115} INFO - [2023-03-28 22:49:44,878] {dag.py:2919} INFO - Setting next_dagrun for example_task_group to 2023-03-27T22:49:44.878288+00:00, run_after=2023-03-28T22:49:44.878288+00:00
[2023-03-28 22:49:44,892] {processor.py:161} INFO - Processing /home/airflow/.local/lib/python3.7/site-packages/airflow/example_dags/example_task_group.py took 0.201 seconds
[2023-03-28 22:50:15,148] {processor.py:153} INFO - Started process (PID=305) to work on /home/airflow/.local/lib/python3.7/site-packages/airflow/example_dags/example_task_group.py
[2023-03-28 22:50:15,148] {processor.py:641} INFO - Processing file /home/airflow/.local/lib/python3.7/site-packages/airflow/example_dags/example_task_group.py for tasks to queue
[2023-03-28 22:50:15,148] {logging_mixin.py:115} INFO - [2023-03-28 22:50:15,148] {dagbag.py:507} INFO - Filling up the DagBag from /home/airflow/.local/lib/python3.7/site-packages/airflow/example_dags/example_task_group.py
[2023-03-28 22:50:15,158] {processor.py:651} INFO - DAG(s) dict_keys(['example_task_group']) retrieved from /home/airflow/.local/lib/python3.7/site-packages/airflow/example_dags/example_task_group.py
[2023-03-28 22:50:15,200] {logging_mixin.py:115} INFO - [2023-03-28 22:50:15,200] {dag.py:2371} INFO - Sync 1 DAGs
[2023-03-28 22:50:15,359] {logging_mixin.py:115} INFO - [2023-03-28 22:50:15,359] {dag.py:2919} INFO - Setting next_dagrun for example_task_group to 2023-03-27T22:50:15.359144+00:00, run_after=2023-03-28T22:50:15.359144+00:00
[2023-03-28 22:50:15,373] {processor.py:161} INFO - Processing /home/airflow/.local/lib/python3.7/site-packages/airflow/example_dags/example_task_group.py took 0.227 seconds
[2023-03-28 22:50:46,204] {processor.py:153} INFO - Started process (PID=369) to work on /home/airflow/.local/lib/python3.7/site-packages/airflow/example_dags/example_task_group.py
[2023-03-28 22:50:46,205] {processor.py:641} INFO - Processing file /home/airflow/.local/lib/python3.7/site-packages/airflow/example_dags/example_task_group.py for tasks to queue
[2023-03-28 22:50:46,205] {logging_mixin.py:115} INFO - [2023-03-28 22:50:46,205] {dagbag.py:507} INFO - Filling up the DagBag from /home/airflow/.local/lib/python3.7/site-packages/airflow/example_dags/example_task_group.py
[2023-03-28 22:50:46,210] {processor.py:651} INFO - DAG(s) dict_keys(['example_task_group']) retrieved from /home/airflow/.local/lib/python3.7/site-packages/airflow/example_dags/example_task_group.py
[2023-03-28 22:50:46,235] {logging_mixin.py:115} INFO - [2023-03-28 22:50:46,235] {dag.py:2371} INFO - Sync 1 DAGs
[2023-03-28 22:50:46,355] {logging_mixin.py:115} INFO - [2023-03-28 22:50:46,355] {dag.py:2919} INFO - Setting next_dagrun for example_task_group to 2023-03-27T22:50:46.355210+00:00, run_after=2023-03-28T22:50:46.355210+00:00
[2023-03-28 22:50:46,365] {processor.py:161} INFO - Processing /home/airflow/.local/lib/python3.7/site-packages/airflow/example_dags/example_task_group.py took 0.164 seconds
[2023-03-28 22:52:16,036] {processor.py:153} INFO - Started process (PID=55) to work on /home/airflow/.local/lib/python3.7/site-packages/airflow/example_dags/example_task_group.py
[2023-03-28 22:52:16,037] {processor.py:641} INFO - Processing file /home/airflow/.local/lib/python3.7/site-packages/airflow/example_dags/example_task_group.py for tasks to queue
[2023-03-28 22:52:16,038] {logging_mixin.py:115} INFO - [2023-03-28 22:52:16,038] {dagbag.py:507} INFO - Filling up the DagBag from /home/airflow/.local/lib/python3.7/site-packages/airflow/example_dags/example_task_group.py
[2023-03-28 22:52:16,046] {processor.py:651} INFO - DAG(s) dict_keys(['example_task_group']) retrieved from /home/airflow/.local/lib/python3.7/site-packages/airflow/example_dags/example_task_group.py
[2023-03-28 22:52:16,075] {logging_mixin.py:115} INFO - [2023-03-28 22:52:16,075] {dag.py:2371} INFO - Sync 1 DAGs
[2023-03-28 22:52:16,098] {logging_mixin.py:115} INFO - [2023-03-28 22:52:16,098] {dag.py:2919} INFO - Setting next_dagrun for example_task_group to 2023-03-27T22:52:16.098395+00:00, run_after=2023-03-28T22:52:16.098395+00:00
[2023-03-28 22:52:16,114] {processor.py:161} INFO - Processing /home/airflow/.local/lib/python3.7/site-packages/airflow/example_dags/example_task_group.py took 0.080 seconds
[2023-03-28 22:52:46,382] {processor.py:153} INFO - Started process (PID=118) to work on /home/airflow/.local/lib/python3.7/site-packages/airflow/example_dags/example_task_group.py
[2023-03-28 22:52:46,383] {processor.py:641} INFO - Processing file /home/airflow/.local/lib/python3.7/site-packages/airflow/example_dags/example_task_group.py for tasks to queue
[2023-03-28 22:52:46,383] {logging_mixin.py:115} INFO - [2023-03-28 22:52:46,383] {dagbag.py:507} INFO - Filling up the DagBag from /home/airflow/.local/lib/python3.7/site-packages/airflow/example_dags/example_task_group.py
[2023-03-28 22:52:46,388] {processor.py:651} INFO - DAG(s) dict_keys(['example_task_group']) retrieved from /home/airflow/.local/lib/python3.7/site-packages/airflow/example_dags/example_task_group.py
[2023-03-28 22:52:46,412] {logging_mixin.py:115} INFO - [2023-03-28 22:52:46,411] {dag.py:2371} INFO - Sync 1 DAGs
[2023-03-28 22:52:46,431] {logging_mixin.py:115} INFO - [2023-03-28 22:52:46,431] {dag.py:2919} INFO - Setting next_dagrun for example_task_group to 2023-03-27T22:52:46.431248+00:00, run_after=2023-03-28T22:52:46.431248+00:00
[2023-03-28 22:52:46,442] {processor.py:161} INFO - Processing /home/airflow/.local/lib/python3.7/site-packages/airflow/example_dags/example_task_group.py took 0.062 seconds
[2023-03-28 22:53:16,825] {processor.py:153} INFO - Started process (PID=182) to work on /home/airflow/.local/lib/python3.7/site-packages/airflow/example_dags/example_task_group.py
[2023-03-28 22:53:16,826] {processor.py:641} INFO - Processing file /home/airflow/.local/lib/python3.7/site-packages/airflow/example_dags/example_task_group.py for tasks to queue
[2023-03-28 22:53:16,826] {logging_mixin.py:115} INFO - [2023-03-28 22:53:16,826] {dagbag.py:507} INFO - Filling up the DagBag from /home/airflow/.local/lib/python3.7/site-packages/airflow/example_dags/example_task_group.py
[2023-03-28 22:53:16,832] {processor.py:651} INFO - DAG(s) dict_keys(['example_task_group']) retrieved from /home/airflow/.local/lib/python3.7/site-packages/airflow/example_dags/example_task_group.py
[2023-03-28 22:53:16,857] {logging_mixin.py:115} INFO - [2023-03-28 22:53:16,857] {dag.py:2371} INFO - Sync 1 DAGs
[2023-03-28 22:53:16,878] {logging_mixin.py:115} INFO - [2023-03-28 22:53:16,878] {dag.py:2919} INFO - Setting next_dagrun for example_task_group to 2023-03-27T22:53:16.877893+00:00, run_after=2023-03-28T22:53:16.877893+00:00
[2023-03-28 22:53:16,893] {processor.py:161} INFO - Processing /home/airflow/.local/lib/python3.7/site-packages/airflow/example_dags/example_task_group.py took 0.070 seconds
[2023-03-28 22:53:47,154] {processor.py:153} INFO - Started process (PID=237) to work on /home/airflow/.local/lib/python3.7/site-packages/airflow/example_dags/example_task_group.py
[2023-03-28 22:53:47,155] {processor.py:641} INFO - Processing file /home/airflow/.local/lib/python3.7/site-packages/airflow/example_dags/example_task_group.py for tasks to queue
[2023-03-28 22:53:47,155] {logging_mixin.py:115} INFO - [2023-03-28 22:53:47,155] {dagbag.py:507} INFO - Filling up the DagBag from /home/airflow/.local/lib/python3.7/site-packages/airflow/example_dags/example_task_group.py
[2023-03-28 22:53:47,160] {processor.py:651} INFO - DAG(s) dict_keys(['example_task_group']) retrieved from /home/airflow/.local/lib/python3.7/site-packages/airflow/example_dags/example_task_group.py
[2023-03-28 22:53:47,183] {logging_mixin.py:115} INFO - [2023-03-28 22:53:47,183] {dag.py:2371} INFO - Sync 1 DAGs
[2023-03-28 22:53:47,205] {logging_mixin.py:115} INFO - [2023-03-28 22:53:47,205] {dag.py:2919} INFO - Setting next_dagrun for example_task_group to 2023-03-27T22:53:47.205062+00:00, run_after=2023-03-28T22:53:47.205062+00:00
[2023-03-28 22:53:47,224] {processor.py:161} INFO - Processing /home/airflow/.local/lib/python3.7/site-packages/airflow/example_dags/example_task_group.py took 0.072 seconds
