[2023-03-28 22:23:49,907] {processor.py:153} INFO - Started process (PID=2353) to work on /home/airflow/.local/lib/python3.7/site-packages/airflow/example_dags/example_skip_dag.py
[2023-03-28 22:23:49,907] {processor.py:641} INFO - Processing file /home/airflow/.local/lib/python3.7/site-packages/airflow/example_dags/example_skip_dag.py for tasks to queue
[2023-03-28 22:23:49,907] {logging_mixin.py:115} INFO - [2023-03-28 22:23:49,907] {dagbag.py:507} INFO - Filling up the DagBag from /home/airflow/.local/lib/python3.7/site-packages/airflow/example_dags/example_skip_dag.py
[2023-03-28 22:23:49,911] {processor.py:651} INFO - DAG(s) dict_keys(['example_skip_dag']) retrieved from /home/airflow/.local/lib/python3.7/site-packages/airflow/example_dags/example_skip_dag.py
[2023-03-28 22:23:49,936] {logging_mixin.py:115} INFO - [2023-03-28 22:23:49,936] {dag.py:2371} INFO - Sync 1 DAGs
[2023-03-28 22:23:49,957] {logging_mixin.py:115} INFO - [2023-03-28 22:23:49,957] {dag.py:2919} INFO - Setting next_dagrun for example_skip_dag to 2023-03-27T22:23:49.957003+00:00, run_after=2023-03-28T22:23:49.957003+00:00
[2023-03-28 22:23:49,971] {processor.py:161} INFO - Processing /home/airflow/.local/lib/python3.7/site-packages/airflow/example_dags/example_skip_dag.py took 0.066 seconds
[2023-03-28 22:24:20,864] {processor.py:153} INFO - Started process (PID=2408) to work on /home/airflow/.local/lib/python3.7/site-packages/airflow/example_dags/example_skip_dag.py
[2023-03-28 22:24:20,865] {processor.py:641} INFO - Processing file /home/airflow/.local/lib/python3.7/site-packages/airflow/example_dags/example_skip_dag.py for tasks to queue
[2023-03-28 22:24:20,865] {logging_mixin.py:115} INFO - [2023-03-28 22:24:20,865] {dagbag.py:507} INFO - Filling up the DagBag from /home/airflow/.local/lib/python3.7/site-packages/airflow/example_dags/example_skip_dag.py
[2023-03-28 22:24:20,869] {processor.py:651} INFO - DAG(s) dict_keys(['example_skip_dag']) retrieved from /home/airflow/.local/lib/python3.7/site-packages/airflow/example_dags/example_skip_dag.py
[2023-03-28 22:24:20,891] {logging_mixin.py:115} INFO - [2023-03-28 22:24:20,890] {dag.py:2371} INFO - Sync 1 DAGs
[2023-03-28 22:24:20,909] {logging_mixin.py:115} INFO - [2023-03-28 22:24:20,909] {dag.py:2919} INFO - Setting next_dagrun for example_skip_dag to 2023-03-27T22:24:20.909404+00:00, run_after=2023-03-28T22:24:20.909404+00:00
[2023-03-28 22:24:20,922] {processor.py:161} INFO - Processing /home/airflow/.local/lib/python3.7/site-packages/airflow/example_dags/example_skip_dag.py took 0.059 seconds
[2023-03-28 22:24:51,446] {processor.py:153} INFO - Started process (PID=2472) to work on /home/airflow/.local/lib/python3.7/site-packages/airflow/example_dags/example_skip_dag.py
[2023-03-28 22:24:51,447] {processor.py:641} INFO - Processing file /home/airflow/.local/lib/python3.7/site-packages/airflow/example_dags/example_skip_dag.py for tasks to queue
[2023-03-28 22:24:51,448] {logging_mixin.py:115} INFO - [2023-03-28 22:24:51,447] {dagbag.py:507} INFO - Filling up the DagBag from /home/airflow/.local/lib/python3.7/site-packages/airflow/example_dags/example_skip_dag.py
[2023-03-28 22:24:51,451] {processor.py:651} INFO - DAG(s) dict_keys(['example_skip_dag']) retrieved from /home/airflow/.local/lib/python3.7/site-packages/airflow/example_dags/example_skip_dag.py
[2023-03-28 22:24:51,475] {logging_mixin.py:115} INFO - [2023-03-28 22:24:51,474] {dag.py:2371} INFO - Sync 1 DAGs
[2023-03-28 22:24:51,495] {logging_mixin.py:115} INFO - [2023-03-28 22:24:51,494] {dag.py:2919} INFO - Setting next_dagrun for example_skip_dag to 2023-03-27T22:24:51.494811+00:00, run_after=2023-03-28T22:24:51.494811+00:00
[2023-03-28 22:24:51,507] {processor.py:161} INFO - Processing /home/airflow/.local/lib/python3.7/site-packages/airflow/example_dags/example_skip_dag.py took 0.063 seconds
[2023-03-28 22:25:22,363] {processor.py:153} INFO - Started process (PID=2536) to work on /home/airflow/.local/lib/python3.7/site-packages/airflow/example_dags/example_skip_dag.py
[2023-03-28 22:25:22,363] {processor.py:641} INFO - Processing file /home/airflow/.local/lib/python3.7/site-packages/airflow/example_dags/example_skip_dag.py for tasks to queue
[2023-03-28 22:25:22,363] {logging_mixin.py:115} INFO - [2023-03-28 22:25:22,363] {dagbag.py:507} INFO - Filling up the DagBag from /home/airflow/.local/lib/python3.7/site-packages/airflow/example_dags/example_skip_dag.py
[2023-03-28 22:25:22,367] {processor.py:651} INFO - DAG(s) dict_keys(['example_skip_dag']) retrieved from /home/airflow/.local/lib/python3.7/site-packages/airflow/example_dags/example_skip_dag.py
[2023-03-28 22:25:22,390] {logging_mixin.py:115} INFO - [2023-03-28 22:25:22,389] {dag.py:2371} INFO - Sync 1 DAGs
[2023-03-28 22:25:22,408] {logging_mixin.py:115} INFO - [2023-03-28 22:25:22,408] {dag.py:2919} INFO - Setting next_dagrun for example_skip_dag to 2023-03-27T22:25:22.408025+00:00, run_after=2023-03-28T22:25:22.408025+00:00
[2023-03-28 22:25:22,419] {processor.py:161} INFO - Processing /home/airflow/.local/lib/python3.7/site-packages/airflow/example_dags/example_skip_dag.py took 0.058 seconds
[2023-03-28 22:25:53,250] {processor.py:153} INFO - Started process (PID=2591) to work on /home/airflow/.local/lib/python3.7/site-packages/airflow/example_dags/example_skip_dag.py
[2023-03-28 22:25:53,251] {processor.py:641} INFO - Processing file /home/airflow/.local/lib/python3.7/site-packages/airflow/example_dags/example_skip_dag.py for tasks to queue
[2023-03-28 22:25:53,251] {logging_mixin.py:115} INFO - [2023-03-28 22:25:53,251] {dagbag.py:507} INFO - Filling up the DagBag from /home/airflow/.local/lib/python3.7/site-packages/airflow/example_dags/example_skip_dag.py
[2023-03-28 22:25:53,255] {processor.py:651} INFO - DAG(s) dict_keys(['example_skip_dag']) retrieved from /home/airflow/.local/lib/python3.7/site-packages/airflow/example_dags/example_skip_dag.py
[2023-03-28 22:25:53,276] {logging_mixin.py:115} INFO - [2023-03-28 22:25:53,276] {dag.py:2371} INFO - Sync 1 DAGs
[2023-03-28 22:25:53,296] {logging_mixin.py:115} INFO - [2023-03-28 22:25:53,296] {dag.py:2919} INFO - Setting next_dagrun for example_skip_dag to 2023-03-27T22:25:53.295735+00:00, run_after=2023-03-28T22:25:53.295735+00:00
[2023-03-28 22:25:53,310] {processor.py:161} INFO - Processing /home/airflow/.local/lib/python3.7/site-packages/airflow/example_dags/example_skip_dag.py took 0.062 seconds
[2023-03-28 22:26:24,151] {processor.py:153} INFO - Started process (PID=2656) to work on /home/airflow/.local/lib/python3.7/site-packages/airflow/example_dags/example_skip_dag.py
[2023-03-28 22:26:24,151] {processor.py:641} INFO - Processing file /home/airflow/.local/lib/python3.7/site-packages/airflow/example_dags/example_skip_dag.py for tasks to queue
[2023-03-28 22:26:24,151] {logging_mixin.py:115} INFO - [2023-03-28 22:26:24,151] {dagbag.py:507} INFO - Filling up the DagBag from /home/airflow/.local/lib/python3.7/site-packages/airflow/example_dags/example_skip_dag.py
[2023-03-28 22:26:24,155] {processor.py:651} INFO - DAG(s) dict_keys(['example_skip_dag']) retrieved from /home/airflow/.local/lib/python3.7/site-packages/airflow/example_dags/example_skip_dag.py
[2023-03-28 22:26:24,177] {logging_mixin.py:115} INFO - [2023-03-28 22:26:24,177] {dag.py:2371} INFO - Sync 1 DAGs
[2023-03-28 22:26:24,195] {logging_mixin.py:115} INFO - [2023-03-28 22:26:24,195] {dag.py:2919} INFO - Setting next_dagrun for example_skip_dag to 2023-03-27T22:26:24.195684+00:00, run_after=2023-03-28T22:26:24.195684+00:00
[2023-03-28 22:26:24,208] {processor.py:161} INFO - Processing /home/airflow/.local/lib/python3.7/site-packages/airflow/example_dags/example_skip_dag.py took 0.059 seconds
[2023-03-28 22:26:54,344] {processor.py:153} INFO - Started process (PID=2720) to work on /home/airflow/.local/lib/python3.7/site-packages/airflow/example_dags/example_skip_dag.py
[2023-03-28 22:26:54,345] {processor.py:641} INFO - Processing file /home/airflow/.local/lib/python3.7/site-packages/airflow/example_dags/example_skip_dag.py for tasks to queue
[2023-03-28 22:26:54,346] {logging_mixin.py:115} INFO - [2023-03-28 22:26:54,346] {dagbag.py:507} INFO - Filling up the DagBag from /home/airflow/.local/lib/python3.7/site-packages/airflow/example_dags/example_skip_dag.py
[2023-03-28 22:26:54,350] {processor.py:651} INFO - DAG(s) dict_keys(['example_skip_dag']) retrieved from /home/airflow/.local/lib/python3.7/site-packages/airflow/example_dags/example_skip_dag.py
[2023-03-28 22:26:54,372] {logging_mixin.py:115} INFO - [2023-03-28 22:26:54,372] {dag.py:2371} INFO - Sync 1 DAGs
[2023-03-28 22:26:54,390] {logging_mixin.py:115} INFO - [2023-03-28 22:26:54,390] {dag.py:2919} INFO - Setting next_dagrun for example_skip_dag to 2023-03-27T22:26:54.390655+00:00, run_after=2023-03-28T22:26:54.390655+00:00
[2023-03-28 22:26:54,403] {processor.py:161} INFO - Processing /home/airflow/.local/lib/python3.7/site-packages/airflow/example_dags/example_skip_dag.py took 0.061 seconds
[2023-03-28 22:27:25,033] {processor.py:153} INFO - Started process (PID=2786) to work on /home/airflow/.local/lib/python3.7/site-packages/airflow/example_dags/example_skip_dag.py
[2023-03-28 22:27:25,033] {processor.py:641} INFO - Processing file /home/airflow/.local/lib/python3.7/site-packages/airflow/example_dags/example_skip_dag.py for tasks to queue
[2023-03-28 22:27:25,034] {logging_mixin.py:115} INFO - [2023-03-28 22:27:25,034] {dagbag.py:507} INFO - Filling up the DagBag from /home/airflow/.local/lib/python3.7/site-packages/airflow/example_dags/example_skip_dag.py
[2023-03-28 22:27:25,038] {processor.py:651} INFO - DAG(s) dict_keys(['example_skip_dag']) retrieved from /home/airflow/.local/lib/python3.7/site-packages/airflow/example_dags/example_skip_dag.py
[2023-03-28 22:27:25,062] {logging_mixin.py:115} INFO - [2023-03-28 22:27:25,062] {dag.py:2371} INFO - Sync 1 DAGs
[2023-03-28 22:27:25,081] {logging_mixin.py:115} INFO - [2023-03-28 22:27:25,081] {dag.py:2919} INFO - Setting next_dagrun for example_skip_dag to 2023-03-27T22:27:25.081326+00:00, run_after=2023-03-28T22:27:25.081326+00:00
[2023-03-28 22:27:25,095] {processor.py:161} INFO - Processing /home/airflow/.local/lib/python3.7/site-packages/airflow/example_dags/example_skip_dag.py took 0.064 seconds
[2023-03-28 22:27:55,651] {processor.py:153} INFO - Started process (PID=2841) to work on /home/airflow/.local/lib/python3.7/site-packages/airflow/example_dags/example_skip_dag.py
[2023-03-28 22:27:55,652] {processor.py:641} INFO - Processing file /home/airflow/.local/lib/python3.7/site-packages/airflow/example_dags/example_skip_dag.py for tasks to queue
[2023-03-28 22:27:55,652] {logging_mixin.py:115} INFO - [2023-03-28 22:27:55,652] {dagbag.py:507} INFO - Filling up the DagBag from /home/airflow/.local/lib/python3.7/site-packages/airflow/example_dags/example_skip_dag.py
[2023-03-28 22:27:55,656] {processor.py:651} INFO - DAG(s) dict_keys(['example_skip_dag']) retrieved from /home/airflow/.local/lib/python3.7/site-packages/airflow/example_dags/example_skip_dag.py
[2023-03-28 22:27:55,679] {logging_mixin.py:115} INFO - [2023-03-28 22:27:55,679] {dag.py:2371} INFO - Sync 1 DAGs
[2023-03-28 22:27:55,697] {logging_mixin.py:115} INFO - [2023-03-28 22:27:55,696] {dag.py:2919} INFO - Setting next_dagrun for example_skip_dag to 2023-03-27T22:27:55.696793+00:00, run_after=2023-03-28T22:27:55.696793+00:00
[2023-03-28 22:27:55,710] {processor.py:161} INFO - Processing /home/airflow/.local/lib/python3.7/site-packages/airflow/example_dags/example_skip_dag.py took 0.061 seconds
[2023-03-28 22:28:26,404] {processor.py:153} INFO - Started process (PID=2905) to work on /home/airflow/.local/lib/python3.7/site-packages/airflow/example_dags/example_skip_dag.py
[2023-03-28 22:28:26,404] {processor.py:641} INFO - Processing file /home/airflow/.local/lib/python3.7/site-packages/airflow/example_dags/example_skip_dag.py for tasks to queue
[2023-03-28 22:28:26,404] {logging_mixin.py:115} INFO - [2023-03-28 22:28:26,404] {dagbag.py:507} INFO - Filling up the DagBag from /home/airflow/.local/lib/python3.7/site-packages/airflow/example_dags/example_skip_dag.py
[2023-03-28 22:28:26,408] {processor.py:651} INFO - DAG(s) dict_keys(['example_skip_dag']) retrieved from /home/airflow/.local/lib/python3.7/site-packages/airflow/example_dags/example_skip_dag.py
[2023-03-28 22:28:26,430] {logging_mixin.py:115} INFO - [2023-03-28 22:28:26,430] {dag.py:2371} INFO - Sync 1 DAGs
[2023-03-28 22:28:26,448] {logging_mixin.py:115} INFO - [2023-03-28 22:28:26,448] {dag.py:2919} INFO - Setting next_dagrun for example_skip_dag to 2023-03-27T22:28:26.448413+00:00, run_after=2023-03-28T22:28:26.448413+00:00
[2023-03-28 22:28:26,461] {processor.py:161} INFO - Processing /home/airflow/.local/lib/python3.7/site-packages/airflow/example_dags/example_skip_dag.py took 0.059 seconds
[2023-03-28 22:28:56,734] {processor.py:153} INFO - Started process (PID=2969) to work on /home/airflow/.local/lib/python3.7/site-packages/airflow/example_dags/example_skip_dag.py
[2023-03-28 22:28:56,735] {processor.py:641} INFO - Processing file /home/airflow/.local/lib/python3.7/site-packages/airflow/example_dags/example_skip_dag.py for tasks to queue
[2023-03-28 22:28:56,735] {logging_mixin.py:115} INFO - [2023-03-28 22:28:56,735] {dagbag.py:507} INFO - Filling up the DagBag from /home/airflow/.local/lib/python3.7/site-packages/airflow/example_dags/example_skip_dag.py
[2023-03-28 22:28:56,739] {processor.py:651} INFO - DAG(s) dict_keys(['example_skip_dag']) retrieved from /home/airflow/.local/lib/python3.7/site-packages/airflow/example_dags/example_skip_dag.py
[2023-03-28 22:28:56,761] {logging_mixin.py:115} INFO - [2023-03-28 22:28:56,761] {dag.py:2371} INFO - Sync 1 DAGs
[2023-03-28 22:28:56,781] {logging_mixin.py:115} INFO - [2023-03-28 22:28:56,781] {dag.py:2919} INFO - Setting next_dagrun for example_skip_dag to 2023-03-27T22:28:56.781570+00:00, run_after=2023-03-28T22:28:56.781570+00:00
[2023-03-28 22:28:56,795] {processor.py:161} INFO - Processing /home/airflow/.local/lib/python3.7/site-packages/airflow/example_dags/example_skip_dag.py took 0.063 seconds
[2023-03-28 22:29:27,487] {processor.py:153} INFO - Started process (PID=3024) to work on /home/airflow/.local/lib/python3.7/site-packages/airflow/example_dags/example_skip_dag.py
[2023-03-28 22:29:27,487] {processor.py:641} INFO - Processing file /home/airflow/.local/lib/python3.7/site-packages/airflow/example_dags/example_skip_dag.py for tasks to queue
[2023-03-28 22:29:27,488] {logging_mixin.py:115} INFO - [2023-03-28 22:29:27,488] {dagbag.py:507} INFO - Filling up the DagBag from /home/airflow/.local/lib/python3.7/site-packages/airflow/example_dags/example_skip_dag.py
[2023-03-28 22:29:27,492] {processor.py:651} INFO - DAG(s) dict_keys(['example_skip_dag']) retrieved from /home/airflow/.local/lib/python3.7/site-packages/airflow/example_dags/example_skip_dag.py
[2023-03-28 22:29:27,515] {logging_mixin.py:115} INFO - [2023-03-28 22:29:27,515] {dag.py:2371} INFO - Sync 1 DAGs
[2023-03-28 22:29:27,534] {logging_mixin.py:115} INFO - [2023-03-28 22:29:27,534] {dag.py:2919} INFO - Setting next_dagrun for example_skip_dag to 2023-03-27T22:29:27.534301+00:00, run_after=2023-03-28T22:29:27.534301+00:00
[2023-03-28 22:29:27,546] {processor.py:161} INFO - Processing /home/airflow/.local/lib/python3.7/site-packages/airflow/example_dags/example_skip_dag.py took 0.061 seconds
[2023-03-28 22:29:58,582] {processor.py:153} INFO - Started process (PID=3088) to work on /home/airflow/.local/lib/python3.7/site-packages/airflow/example_dags/example_skip_dag.py
[2023-03-28 22:29:58,583] {processor.py:641} INFO - Processing file /home/airflow/.local/lib/python3.7/site-packages/airflow/example_dags/example_skip_dag.py for tasks to queue
[2023-03-28 22:29:58,583] {logging_mixin.py:115} INFO - [2023-03-28 22:29:58,583] {dagbag.py:507} INFO - Filling up the DagBag from /home/airflow/.local/lib/python3.7/site-packages/airflow/example_dags/example_skip_dag.py
[2023-03-28 22:29:58,587] {processor.py:651} INFO - DAG(s) dict_keys(['example_skip_dag']) retrieved from /home/airflow/.local/lib/python3.7/site-packages/airflow/example_dags/example_skip_dag.py
[2023-03-28 22:29:58,612] {logging_mixin.py:115} INFO - [2023-03-28 22:29:58,612] {dag.py:2371} INFO - Sync 1 DAGs
[2023-03-28 22:29:58,633] {logging_mixin.py:115} INFO - [2023-03-28 22:29:58,633] {dag.py:2919} INFO - Setting next_dagrun for example_skip_dag to 2023-03-27T22:29:58.633122+00:00, run_after=2023-03-28T22:29:58.633122+00:00
[2023-03-28 22:29:58,646] {processor.py:161} INFO - Processing /home/airflow/.local/lib/python3.7/site-packages/airflow/example_dags/example_skip_dag.py took 0.066 seconds
[2023-03-28 22:30:28,982] {processor.py:153} INFO - Started process (PID=3152) to work on /home/airflow/.local/lib/python3.7/site-packages/airflow/example_dags/example_skip_dag.py
[2023-03-28 22:30:28,983] {processor.py:641} INFO - Processing file /home/airflow/.local/lib/python3.7/site-packages/airflow/example_dags/example_skip_dag.py for tasks to queue
[2023-03-28 22:30:28,983] {logging_mixin.py:115} INFO - [2023-03-28 22:30:28,983] {dagbag.py:507} INFO - Filling up the DagBag from /home/airflow/.local/lib/python3.7/site-packages/airflow/example_dags/example_skip_dag.py
[2023-03-28 22:30:28,986] {processor.py:651} INFO - DAG(s) dict_keys(['example_skip_dag']) retrieved from /home/airflow/.local/lib/python3.7/site-packages/airflow/example_dags/example_skip_dag.py
[2023-03-28 22:30:29,007] {logging_mixin.py:115} INFO - [2023-03-28 22:30:29,007] {dag.py:2371} INFO - Sync 1 DAGs
[2023-03-28 22:30:29,027] {logging_mixin.py:115} INFO - [2023-03-28 22:30:29,027] {dag.py:2919} INFO - Setting next_dagrun for example_skip_dag to 2023-03-27T22:30:29.027312+00:00, run_after=2023-03-28T22:30:29.027312+00:00
[2023-03-28 22:30:29,040] {processor.py:161} INFO - Processing /home/airflow/.local/lib/python3.7/site-packages/airflow/example_dags/example_skip_dag.py took 0.060 seconds
[2023-03-28 22:30:59,210] {processor.py:153} INFO - Started process (PID=3207) to work on /home/airflow/.local/lib/python3.7/site-packages/airflow/example_dags/example_skip_dag.py
[2023-03-28 22:30:59,211] {processor.py:641} INFO - Processing file /home/airflow/.local/lib/python3.7/site-packages/airflow/example_dags/example_skip_dag.py for tasks to queue
[2023-03-28 22:30:59,211] {logging_mixin.py:115} INFO - [2023-03-28 22:30:59,211] {dagbag.py:507} INFO - Filling up the DagBag from /home/airflow/.local/lib/python3.7/site-packages/airflow/example_dags/example_skip_dag.py
[2023-03-28 22:30:59,215] {processor.py:651} INFO - DAG(s) dict_keys(['example_skip_dag']) retrieved from /home/airflow/.local/lib/python3.7/site-packages/airflow/example_dags/example_skip_dag.py
[2023-03-28 22:30:59,237] {logging_mixin.py:115} INFO - [2023-03-28 22:30:59,237] {dag.py:2371} INFO - Sync 1 DAGs
[2023-03-28 22:30:59,257] {logging_mixin.py:115} INFO - [2023-03-28 22:30:59,257] {dag.py:2919} INFO - Setting next_dagrun for example_skip_dag to 2023-03-27T22:30:59.256832+00:00, run_after=2023-03-28T22:30:59.256832+00:00
[2023-03-28 22:30:59,270] {processor.py:161} INFO - Processing /home/airflow/.local/lib/python3.7/site-packages/airflow/example_dags/example_skip_dag.py took 0.062 seconds
[2023-03-28 22:31:29,450] {processor.py:153} INFO - Started process (PID=3271) to work on /home/airflow/.local/lib/python3.7/site-packages/airflow/example_dags/example_skip_dag.py
[2023-03-28 22:31:29,452] {processor.py:641} INFO - Processing file /home/airflow/.local/lib/python3.7/site-packages/airflow/example_dags/example_skip_dag.py for tasks to queue
[2023-03-28 22:31:29,452] {logging_mixin.py:115} INFO - [2023-03-28 22:31:29,452] {dagbag.py:507} INFO - Filling up the DagBag from /home/airflow/.local/lib/python3.7/site-packages/airflow/example_dags/example_skip_dag.py
[2023-03-28 22:31:29,456] {processor.py:651} INFO - DAG(s) dict_keys(['example_skip_dag']) retrieved from /home/airflow/.local/lib/python3.7/site-packages/airflow/example_dags/example_skip_dag.py
[2023-03-28 22:31:29,484] {logging_mixin.py:115} INFO - [2023-03-28 22:31:29,484] {dag.py:2371} INFO - Sync 1 DAGs
[2023-03-28 22:31:29,506] {logging_mixin.py:115} INFO - [2023-03-28 22:31:29,506] {dag.py:2919} INFO - Setting next_dagrun for example_skip_dag to 2023-03-27T22:31:29.506332+00:00, run_after=2023-03-28T22:31:29.506332+00:00
[2023-03-28 22:31:29,521] {processor.py:161} INFO - Processing /home/airflow/.local/lib/python3.7/site-packages/airflow/example_dags/example_skip_dag.py took 0.073 seconds
[2023-03-28 22:31:59,933] {processor.py:153} INFO - Started process (PID=3335) to work on /home/airflow/.local/lib/python3.7/site-packages/airflow/example_dags/example_skip_dag.py
[2023-03-28 22:31:59,934] {processor.py:641} INFO - Processing file /home/airflow/.local/lib/python3.7/site-packages/airflow/example_dags/example_skip_dag.py for tasks to queue
[2023-03-28 22:31:59,934] {logging_mixin.py:115} INFO - [2023-03-28 22:31:59,934] {dagbag.py:507} INFO - Filling up the DagBag from /home/airflow/.local/lib/python3.7/site-packages/airflow/example_dags/example_skip_dag.py
[2023-03-28 22:31:59,939] {processor.py:651} INFO - DAG(s) dict_keys(['example_skip_dag']) retrieved from /home/airflow/.local/lib/python3.7/site-packages/airflow/example_dags/example_skip_dag.py
[2023-03-28 22:31:59,961] {logging_mixin.py:115} INFO - [2023-03-28 22:31:59,961] {dag.py:2371} INFO - Sync 1 DAGs
[2023-03-28 22:31:59,981] {logging_mixin.py:115} INFO - [2023-03-28 22:31:59,980] {dag.py:2919} INFO - Setting next_dagrun for example_skip_dag to 2023-03-27T22:31:59.980758+00:00, run_after=2023-03-28T22:31:59.980758+00:00
[2023-03-28 22:31:59,992] {processor.py:161} INFO - Processing /home/airflow/.local/lib/python3.7/site-packages/airflow/example_dags/example_skip_dag.py took 0.061 seconds
[2023-03-28 22:32:30,339] {processor.py:153} INFO - Started process (PID=3390) to work on /home/airflow/.local/lib/python3.7/site-packages/airflow/example_dags/example_skip_dag.py
[2023-03-28 22:32:30,339] {processor.py:641} INFO - Processing file /home/airflow/.local/lib/python3.7/site-packages/airflow/example_dags/example_skip_dag.py for tasks to queue
[2023-03-28 22:32:30,340] {logging_mixin.py:115} INFO - [2023-03-28 22:32:30,340] {dagbag.py:507} INFO - Filling up the DagBag from /home/airflow/.local/lib/python3.7/site-packages/airflow/example_dags/example_skip_dag.py
[2023-03-28 22:32:30,343] {processor.py:651} INFO - DAG(s) dict_keys(['example_skip_dag']) retrieved from /home/airflow/.local/lib/python3.7/site-packages/airflow/example_dags/example_skip_dag.py
[2023-03-28 22:32:30,368] {logging_mixin.py:115} INFO - [2023-03-28 22:32:30,367] {dag.py:2371} INFO - Sync 1 DAGs
[2023-03-28 22:32:30,389] {logging_mixin.py:115} INFO - [2023-03-28 22:32:30,389] {dag.py:2919} INFO - Setting next_dagrun for example_skip_dag to 2023-03-27T22:32:30.389057+00:00, run_after=2023-03-28T22:32:30.389057+00:00
[2023-03-28 22:32:30,404] {processor.py:161} INFO - Processing /home/airflow/.local/lib/python3.7/site-packages/airflow/example_dags/example_skip_dag.py took 0.068 seconds
[2023-03-28 22:33:00,654] {processor.py:153} INFO - Started process (PID=3454) to work on /home/airflow/.local/lib/python3.7/site-packages/airflow/example_dags/example_skip_dag.py
[2023-03-28 22:33:00,655] {processor.py:641} INFO - Processing file /home/airflow/.local/lib/python3.7/site-packages/airflow/example_dags/example_skip_dag.py for tasks to queue
[2023-03-28 22:33:00,655] {logging_mixin.py:115} INFO - [2023-03-28 22:33:00,655] {dagbag.py:507} INFO - Filling up the DagBag from /home/airflow/.local/lib/python3.7/site-packages/airflow/example_dags/example_skip_dag.py
[2023-03-28 22:33:00,660] {processor.py:651} INFO - DAG(s) dict_keys(['example_skip_dag']) retrieved from /home/airflow/.local/lib/python3.7/site-packages/airflow/example_dags/example_skip_dag.py
[2023-03-28 22:33:00,682] {logging_mixin.py:115} INFO - [2023-03-28 22:33:00,682] {dag.py:2371} INFO - Sync 1 DAGs
[2023-03-28 22:33:00,702] {logging_mixin.py:115} INFO - [2023-03-28 22:33:00,702] {dag.py:2919} INFO - Setting next_dagrun for example_skip_dag to 2023-03-27T22:33:00.702403+00:00, run_after=2023-03-28T22:33:00.702403+00:00
[2023-03-28 22:33:00,715] {processor.py:161} INFO - Processing /home/airflow/.local/lib/python3.7/site-packages/airflow/example_dags/example_skip_dag.py took 0.064 seconds
[2023-03-28 22:33:31,031] {processor.py:153} INFO - Started process (PID=3518) to work on /home/airflow/.local/lib/python3.7/site-packages/airflow/example_dags/example_skip_dag.py
[2023-03-28 22:33:31,032] {processor.py:641} INFO - Processing file /home/airflow/.local/lib/python3.7/site-packages/airflow/example_dags/example_skip_dag.py for tasks to queue
[2023-03-28 22:33:31,032] {logging_mixin.py:115} INFO - [2023-03-28 22:33:31,032] {dagbag.py:507} INFO - Filling up the DagBag from /home/airflow/.local/lib/python3.7/site-packages/airflow/example_dags/example_skip_dag.py
[2023-03-28 22:33:31,035] {processor.py:651} INFO - DAG(s) dict_keys(['example_skip_dag']) retrieved from /home/airflow/.local/lib/python3.7/site-packages/airflow/example_dags/example_skip_dag.py
[2023-03-28 22:33:31,058] {logging_mixin.py:115} INFO - [2023-03-28 22:33:31,058] {dag.py:2371} INFO - Sync 1 DAGs
[2023-03-28 22:33:31,078] {logging_mixin.py:115} INFO - [2023-03-28 22:33:31,078] {dag.py:2919} INFO - Setting next_dagrun for example_skip_dag to 2023-03-27T22:33:31.078681+00:00, run_after=2023-03-28T22:33:31.078681+00:00
[2023-03-28 22:33:31,097] {processor.py:161} INFO - Processing /home/airflow/.local/lib/python3.7/site-packages/airflow/example_dags/example_skip_dag.py took 0.067 seconds
[2023-03-28 22:34:01,462] {processor.py:153} INFO - Started process (PID=3573) to work on /home/airflow/.local/lib/python3.7/site-packages/airflow/example_dags/example_skip_dag.py
[2023-03-28 22:34:01,462] {processor.py:641} INFO - Processing file /home/airflow/.local/lib/python3.7/site-packages/airflow/example_dags/example_skip_dag.py for tasks to queue
[2023-03-28 22:34:01,463] {logging_mixin.py:115} INFO - [2023-03-28 22:34:01,463] {dagbag.py:507} INFO - Filling up the DagBag from /home/airflow/.local/lib/python3.7/site-packages/airflow/example_dags/example_skip_dag.py
[2023-03-28 22:34:01,467] {processor.py:651} INFO - DAG(s) dict_keys(['example_skip_dag']) retrieved from /home/airflow/.local/lib/python3.7/site-packages/airflow/example_dags/example_skip_dag.py
[2023-03-28 22:34:01,497] {logging_mixin.py:115} INFO - [2023-03-28 22:34:01,497] {dag.py:2371} INFO - Sync 1 DAGs
[2023-03-28 22:34:01,517] {logging_mixin.py:115} INFO - [2023-03-28 22:34:01,517] {dag.py:2919} INFO - Setting next_dagrun for example_skip_dag to 2023-03-27T22:34:01.517297+00:00, run_after=2023-03-28T22:34:01.517297+00:00
[2023-03-28 22:34:01,531] {processor.py:161} INFO - Processing /home/airflow/.local/lib/python3.7/site-packages/airflow/example_dags/example_skip_dag.py took 0.072 seconds
[2023-03-28 22:34:31,758] {processor.py:153} INFO - Started process (PID=3637) to work on /home/airflow/.local/lib/python3.7/site-packages/airflow/example_dags/example_skip_dag.py
[2023-03-28 22:34:31,758] {processor.py:641} INFO - Processing file /home/airflow/.local/lib/python3.7/site-packages/airflow/example_dags/example_skip_dag.py for tasks to queue
[2023-03-28 22:34:31,759] {logging_mixin.py:115} INFO - [2023-03-28 22:34:31,759] {dagbag.py:507} INFO - Filling up the DagBag from /home/airflow/.local/lib/python3.7/site-packages/airflow/example_dags/example_skip_dag.py
[2023-03-28 22:34:31,762] {processor.py:651} INFO - DAG(s) dict_keys(['example_skip_dag']) retrieved from /home/airflow/.local/lib/python3.7/site-packages/airflow/example_dags/example_skip_dag.py
[2023-03-28 22:34:31,784] {logging_mixin.py:115} INFO - [2023-03-28 22:34:31,784] {dag.py:2371} INFO - Sync 1 DAGs
[2023-03-28 22:34:31,804] {logging_mixin.py:115} INFO - [2023-03-28 22:34:31,803] {dag.py:2919} INFO - Setting next_dagrun for example_skip_dag to 2023-03-27T22:34:31.803646+00:00, run_after=2023-03-28T22:34:31.803646+00:00
[2023-03-28 22:34:31,816] {processor.py:161} INFO - Processing /home/airflow/.local/lib/python3.7/site-packages/airflow/example_dags/example_skip_dag.py took 0.060 seconds
[2023-03-28 22:35:02,298] {processor.py:153} INFO - Started process (PID=3701) to work on /home/airflow/.local/lib/python3.7/site-packages/airflow/example_dags/example_skip_dag.py
[2023-03-28 22:35:02,299] {processor.py:641} INFO - Processing file /home/airflow/.local/lib/python3.7/site-packages/airflow/example_dags/example_skip_dag.py for tasks to queue
[2023-03-28 22:35:02,300] {logging_mixin.py:115} INFO - [2023-03-28 22:35:02,300] {dagbag.py:507} INFO - Filling up the DagBag from /home/airflow/.local/lib/python3.7/site-packages/airflow/example_dags/example_skip_dag.py
[2023-03-28 22:35:02,303] {processor.py:651} INFO - DAG(s) dict_keys(['example_skip_dag']) retrieved from /home/airflow/.local/lib/python3.7/site-packages/airflow/example_dags/example_skip_dag.py
[2023-03-28 22:35:02,326] {logging_mixin.py:115} INFO - [2023-03-28 22:35:02,326] {dag.py:2371} INFO - Sync 1 DAGs
[2023-03-28 22:35:02,346] {logging_mixin.py:115} INFO - [2023-03-28 22:35:02,346] {dag.py:2919} INFO - Setting next_dagrun for example_skip_dag to 2023-03-27T22:35:02.346336+00:00, run_after=2023-03-28T22:35:02.346336+00:00
[2023-03-28 22:35:02,359] {processor.py:161} INFO - Processing /home/airflow/.local/lib/python3.7/site-packages/airflow/example_dags/example_skip_dag.py took 0.062 seconds
[2023-03-28 22:35:33,009] {processor.py:153} INFO - Started process (PID=3766) to work on /home/airflow/.local/lib/python3.7/site-packages/airflow/example_dags/example_skip_dag.py
[2023-03-28 22:35:33,009] {processor.py:641} INFO - Processing file /home/airflow/.local/lib/python3.7/site-packages/airflow/example_dags/example_skip_dag.py for tasks to queue
[2023-03-28 22:35:33,010] {logging_mixin.py:115} INFO - [2023-03-28 22:35:33,009] {dagbag.py:507} INFO - Filling up the DagBag from /home/airflow/.local/lib/python3.7/site-packages/airflow/example_dags/example_skip_dag.py
[2023-03-28 22:35:33,014] {processor.py:651} INFO - DAG(s) dict_keys(['example_skip_dag']) retrieved from /home/airflow/.local/lib/python3.7/site-packages/airflow/example_dags/example_skip_dag.py
[2023-03-28 22:35:33,042] {logging_mixin.py:115} INFO - [2023-03-28 22:35:33,042] {dag.py:2371} INFO - Sync 1 DAGs
[2023-03-28 22:35:33,067] {logging_mixin.py:115} INFO - [2023-03-28 22:35:33,066] {dag.py:2919} INFO - Setting next_dagrun for example_skip_dag to 2023-03-27T22:35:33.066687+00:00, run_after=2023-03-28T22:35:33.066687+00:00
[2023-03-28 22:35:33,083] {processor.py:161} INFO - Processing /home/airflow/.local/lib/python3.7/site-packages/airflow/example_dags/example_skip_dag.py took 0.077 seconds
[2023-03-28 22:36:03,729] {processor.py:153} INFO - Started process (PID=3821) to work on /home/airflow/.local/lib/python3.7/site-packages/airflow/example_dags/example_skip_dag.py
[2023-03-28 22:36:03,730] {processor.py:641} INFO - Processing file /home/airflow/.local/lib/python3.7/site-packages/airflow/example_dags/example_skip_dag.py for tasks to queue
[2023-03-28 22:36:03,731] {logging_mixin.py:115} INFO - [2023-03-28 22:36:03,731] {dagbag.py:507} INFO - Filling up the DagBag from /home/airflow/.local/lib/python3.7/site-packages/airflow/example_dags/example_skip_dag.py
[2023-03-28 22:36:03,735] {processor.py:651} INFO - DAG(s) dict_keys(['example_skip_dag']) retrieved from /home/airflow/.local/lib/python3.7/site-packages/airflow/example_dags/example_skip_dag.py
[2023-03-28 22:36:03,760] {logging_mixin.py:115} INFO - [2023-03-28 22:36:03,760] {dag.py:2371} INFO - Sync 1 DAGs
[2023-03-28 22:36:03,781] {logging_mixin.py:115} INFO - [2023-03-28 22:36:03,781] {dag.py:2919} INFO - Setting next_dagrun for example_skip_dag to 2023-03-27T22:36:03.781164+00:00, run_after=2023-03-28T22:36:03.781164+00:00
[2023-03-28 22:36:03,794] {processor.py:161} INFO - Processing /home/airflow/.local/lib/python3.7/site-packages/airflow/example_dags/example_skip_dag.py took 0.068 seconds
[2023-03-28 22:36:34,533] {processor.py:153} INFO - Started process (PID=3887) to work on /home/airflow/.local/lib/python3.7/site-packages/airflow/example_dags/example_skip_dag.py
[2023-03-28 22:36:34,533] {processor.py:641} INFO - Processing file /home/airflow/.local/lib/python3.7/site-packages/airflow/example_dags/example_skip_dag.py for tasks to queue
[2023-03-28 22:36:34,534] {logging_mixin.py:115} INFO - [2023-03-28 22:36:34,534] {dagbag.py:507} INFO - Filling up the DagBag from /home/airflow/.local/lib/python3.7/site-packages/airflow/example_dags/example_skip_dag.py
[2023-03-28 22:36:34,539] {processor.py:651} INFO - DAG(s) dict_keys(['example_skip_dag']) retrieved from /home/airflow/.local/lib/python3.7/site-packages/airflow/example_dags/example_skip_dag.py
[2023-03-28 22:36:34,566] {logging_mixin.py:115} INFO - [2023-03-28 22:36:34,566] {dag.py:2371} INFO - Sync 1 DAGs
[2023-03-28 22:36:34,587] {logging_mixin.py:115} INFO - [2023-03-28 22:36:34,586] {dag.py:2919} INFO - Setting next_dagrun for example_skip_dag to 2023-03-27T22:36:34.586795+00:00, run_after=2023-03-28T22:36:34.586795+00:00
[2023-03-28 22:36:34,601] {processor.py:161} INFO - Processing /home/airflow/.local/lib/python3.7/site-packages/airflow/example_dags/example_skip_dag.py took 0.072 seconds
[2023-03-28 22:37:05,260] {processor.py:153} INFO - Started process (PID=3952) to work on /home/airflow/.local/lib/python3.7/site-packages/airflow/example_dags/example_skip_dag.py
[2023-03-28 22:37:05,261] {processor.py:641} INFO - Processing file /home/airflow/.local/lib/python3.7/site-packages/airflow/example_dags/example_skip_dag.py for tasks to queue
[2023-03-28 22:37:05,261] {logging_mixin.py:115} INFO - [2023-03-28 22:37:05,261] {dagbag.py:507} INFO - Filling up the DagBag from /home/airflow/.local/lib/python3.7/site-packages/airflow/example_dags/example_skip_dag.py
[2023-03-28 22:37:05,265] {processor.py:651} INFO - DAG(s) dict_keys(['example_skip_dag']) retrieved from /home/airflow/.local/lib/python3.7/site-packages/airflow/example_dags/example_skip_dag.py
[2023-03-28 22:37:05,289] {logging_mixin.py:115} INFO - [2023-03-28 22:37:05,289] {dag.py:2371} INFO - Sync 1 DAGs
[2023-03-28 22:37:05,310] {logging_mixin.py:115} INFO - [2023-03-28 22:37:05,310] {dag.py:2919} INFO - Setting next_dagrun for example_skip_dag to 2023-03-27T22:37:05.309840+00:00, run_after=2023-03-28T22:37:05.309840+00:00
[2023-03-28 22:37:05,323] {processor.py:161} INFO - Processing /home/airflow/.local/lib/python3.7/site-packages/airflow/example_dags/example_skip_dag.py took 0.065 seconds
[2023-03-28 22:37:36,105] {processor.py:153} INFO - Started process (PID=4007) to work on /home/airflow/.local/lib/python3.7/site-packages/airflow/example_dags/example_skip_dag.py
[2023-03-28 22:37:36,105] {processor.py:641} INFO - Processing file /home/airflow/.local/lib/python3.7/site-packages/airflow/example_dags/example_skip_dag.py for tasks to queue
[2023-03-28 22:37:36,106] {logging_mixin.py:115} INFO - [2023-03-28 22:37:36,106] {dagbag.py:507} INFO - Filling up the DagBag from /home/airflow/.local/lib/python3.7/site-packages/airflow/example_dags/example_skip_dag.py
[2023-03-28 22:37:36,110] {processor.py:651} INFO - DAG(s) dict_keys(['example_skip_dag']) retrieved from /home/airflow/.local/lib/python3.7/site-packages/airflow/example_dags/example_skip_dag.py
[2023-03-28 22:37:36,132] {logging_mixin.py:115} INFO - [2023-03-28 22:37:36,132] {dag.py:2371} INFO - Sync 1 DAGs
[2023-03-28 22:37:36,153] {logging_mixin.py:115} INFO - [2023-03-28 22:37:36,153] {dag.py:2919} INFO - Setting next_dagrun for example_skip_dag to 2023-03-27T22:37:36.153349+00:00, run_after=2023-03-28T22:37:36.153349+00:00
[2023-03-28 22:37:36,166] {processor.py:161} INFO - Processing /home/airflow/.local/lib/python3.7/site-packages/airflow/example_dags/example_skip_dag.py took 0.063 seconds
[2023-03-28 22:38:06,764] {processor.py:153} INFO - Started process (PID=4071) to work on /home/airflow/.local/lib/python3.7/site-packages/airflow/example_dags/example_skip_dag.py
[2023-03-28 22:38:06,765] {processor.py:641} INFO - Processing file /home/airflow/.local/lib/python3.7/site-packages/airflow/example_dags/example_skip_dag.py for tasks to queue
[2023-03-28 22:38:06,765] {logging_mixin.py:115} INFO - [2023-03-28 22:38:06,765] {dagbag.py:507} INFO - Filling up the DagBag from /home/airflow/.local/lib/python3.7/site-packages/airflow/example_dags/example_skip_dag.py
[2023-03-28 22:38:06,769] {processor.py:651} INFO - DAG(s) dict_keys(['example_skip_dag']) retrieved from /home/airflow/.local/lib/python3.7/site-packages/airflow/example_dags/example_skip_dag.py
[2023-03-28 22:38:06,793] {logging_mixin.py:115} INFO - [2023-03-28 22:38:06,792] {dag.py:2371} INFO - Sync 1 DAGs
[2023-03-28 22:38:06,813] {logging_mixin.py:115} INFO - [2023-03-28 22:38:06,813] {dag.py:2919} INFO - Setting next_dagrun for example_skip_dag to 2023-03-27T22:38:06.813342+00:00, run_after=2023-03-28T22:38:06.813342+00:00
[2023-03-28 22:38:06,827] {processor.py:161} INFO - Processing /home/airflow/.local/lib/python3.7/site-packages/airflow/example_dags/example_skip_dag.py took 0.065 seconds
[2023-03-28 22:38:37,674] {processor.py:153} INFO - Started process (PID=4135) to work on /home/airflow/.local/lib/python3.7/site-packages/airflow/example_dags/example_skip_dag.py
[2023-03-28 22:38:37,675] {processor.py:641} INFO - Processing file /home/airflow/.local/lib/python3.7/site-packages/airflow/example_dags/example_skip_dag.py for tasks to queue
[2023-03-28 22:38:37,675] {logging_mixin.py:115} INFO - [2023-03-28 22:38:37,675] {dagbag.py:507} INFO - Filling up the DagBag from /home/airflow/.local/lib/python3.7/site-packages/airflow/example_dags/example_skip_dag.py
[2023-03-28 22:38:37,679] {processor.py:651} INFO - DAG(s) dict_keys(['example_skip_dag']) retrieved from /home/airflow/.local/lib/python3.7/site-packages/airflow/example_dags/example_skip_dag.py
[2023-03-28 22:38:37,702] {logging_mixin.py:115} INFO - [2023-03-28 22:38:37,702] {dag.py:2371} INFO - Sync 1 DAGs
[2023-03-28 22:38:37,722] {logging_mixin.py:115} INFO - [2023-03-28 22:38:37,722] {dag.py:2919} INFO - Setting next_dagrun for example_skip_dag to 2023-03-27T22:38:37.722587+00:00, run_after=2023-03-28T22:38:37.722587+00:00
[2023-03-28 22:38:37,736] {processor.py:161} INFO - Processing /home/airflow/.local/lib/python3.7/site-packages/airflow/example_dags/example_skip_dag.py took 0.065 seconds
[2023-03-28 22:39:08,331] {processor.py:153} INFO - Started process (PID=4196) to work on /home/airflow/.local/lib/python3.7/site-packages/airflow/example_dags/example_skip_dag.py
[2023-03-28 22:39:08,332] {processor.py:641} INFO - Processing file /home/airflow/.local/lib/python3.7/site-packages/airflow/example_dags/example_skip_dag.py for tasks to queue
[2023-03-28 22:39:08,333] {logging_mixin.py:115} INFO - [2023-03-28 22:39:08,333] {dagbag.py:507} INFO - Filling up the DagBag from /home/airflow/.local/lib/python3.7/site-packages/airflow/example_dags/example_skip_dag.py
[2023-03-28 22:39:08,338] {processor.py:651} INFO - DAG(s) dict_keys(['example_skip_dag']) retrieved from /home/airflow/.local/lib/python3.7/site-packages/airflow/example_dags/example_skip_dag.py
[2023-03-28 22:39:08,368] {logging_mixin.py:115} INFO - [2023-03-28 22:39:08,367] {dag.py:2371} INFO - Sync 1 DAGs
[2023-03-28 22:39:08,390] {logging_mixin.py:115} INFO - [2023-03-28 22:39:08,390] {dag.py:2919} INFO - Setting next_dagrun for example_skip_dag to 2023-03-27T22:39:08.390205+00:00, run_after=2023-03-28T22:39:08.390205+00:00
[2023-03-28 22:39:08,405] {processor.py:161} INFO - Processing /home/airflow/.local/lib/python3.7/site-packages/airflow/example_dags/example_skip_dag.py took 0.076 seconds
[2023-03-28 22:39:39,055] {processor.py:153} INFO - Started process (PID=4255) to work on /home/airflow/.local/lib/python3.7/site-packages/airflow/example_dags/example_skip_dag.py
[2023-03-28 22:39:39,055] {processor.py:641} INFO - Processing file /home/airflow/.local/lib/python3.7/site-packages/airflow/example_dags/example_skip_dag.py for tasks to queue
[2023-03-28 22:39:39,056] {logging_mixin.py:115} INFO - [2023-03-28 22:39:39,056] {dagbag.py:507} INFO - Filling up the DagBag from /home/airflow/.local/lib/python3.7/site-packages/airflow/example_dags/example_skip_dag.py
[2023-03-28 22:39:39,060] {processor.py:651} INFO - DAG(s) dict_keys(['example_skip_dag']) retrieved from /home/airflow/.local/lib/python3.7/site-packages/airflow/example_dags/example_skip_dag.py
[2023-03-28 22:39:39,084] {logging_mixin.py:115} INFO - [2023-03-28 22:39:39,084] {dag.py:2371} INFO - Sync 1 DAGs
[2023-03-28 22:39:39,104] {logging_mixin.py:115} INFO - [2023-03-28 22:39:39,104] {dag.py:2919} INFO - Setting next_dagrun for example_skip_dag to 2023-03-27T22:39:39.104261+00:00, run_after=2023-03-28T22:39:39.104261+00:00
[2023-03-28 22:39:39,119] {processor.py:161} INFO - Processing /home/airflow/.local/lib/python3.7/site-packages/airflow/example_dags/example_skip_dag.py took 0.066 seconds
[2023-03-28 22:40:09,657] {processor.py:153} INFO - Started process (PID=4319) to work on /home/airflow/.local/lib/python3.7/site-packages/airflow/example_dags/example_skip_dag.py
[2023-03-28 22:40:09,658] {processor.py:641} INFO - Processing file /home/airflow/.local/lib/python3.7/site-packages/airflow/example_dags/example_skip_dag.py for tasks to queue
[2023-03-28 22:40:09,659] {logging_mixin.py:115} INFO - [2023-03-28 22:40:09,659] {dagbag.py:507} INFO - Filling up the DagBag from /home/airflow/.local/lib/python3.7/site-packages/airflow/example_dags/example_skip_dag.py
[2023-03-28 22:40:09,663] {processor.py:651} INFO - DAG(s) dict_keys(['example_skip_dag']) retrieved from /home/airflow/.local/lib/python3.7/site-packages/airflow/example_dags/example_skip_dag.py
[2023-03-28 22:40:09,688] {logging_mixin.py:115} INFO - [2023-03-28 22:40:09,688] {dag.py:2371} INFO - Sync 1 DAGs
[2023-03-28 22:40:09,710] {logging_mixin.py:115} INFO - [2023-03-28 22:40:09,710] {dag.py:2919} INFO - Setting next_dagrun for example_skip_dag to 2023-03-27T22:40:09.710523+00:00, run_after=2023-03-28T22:40:09.710523+00:00
[2023-03-28 22:40:09,812] {processor.py:161} INFO - Processing /home/airflow/.local/lib/python3.7/site-packages/airflow/example_dags/example_skip_dag.py took 0.158 seconds
[2023-03-28 22:41:27,549] {processor.py:153} INFO - Started process (PID=58) to work on /home/airflow/.local/lib/python3.7/site-packages/airflow/example_dags/example_skip_dag.py
[2023-03-28 22:41:27,552] {processor.py:641} INFO - Processing file /home/airflow/.local/lib/python3.7/site-packages/airflow/example_dags/example_skip_dag.py for tasks to queue
[2023-03-28 22:41:27,553] {logging_mixin.py:115} INFO - [2023-03-28 22:41:27,553] {dagbag.py:507} INFO - Filling up the DagBag from /home/airflow/.local/lib/python3.7/site-packages/airflow/example_dags/example_skip_dag.py
[2023-03-28 22:41:27,557] {processor.py:651} INFO - DAG(s) dict_keys(['example_skip_dag']) retrieved from /home/airflow/.local/lib/python3.7/site-packages/airflow/example_dags/example_skip_dag.py
[2023-03-28 22:41:27,584] {logging_mixin.py:115} INFO - [2023-03-28 22:41:27,584] {dag.py:2371} INFO - Sync 1 DAGs
[2023-03-28 22:41:27,609] {logging_mixin.py:115} INFO - [2023-03-28 22:41:27,609] {dag.py:2919} INFO - Setting next_dagrun for example_skip_dag to 2023-03-27T22:41:27.609085+00:00, run_after=2023-03-28T22:41:27.609085+00:00
[2023-03-28 22:41:27,628] {processor.py:161} INFO - Processing /home/airflow/.local/lib/python3.7/site-packages/airflow/example_dags/example_skip_dag.py took 0.081 seconds
[2023-03-28 22:41:58,069] {processor.py:153} INFO - Started process (PID=123) to work on /home/airflow/.local/lib/python3.7/site-packages/airflow/example_dags/example_skip_dag.py
[2023-03-28 22:41:58,070] {processor.py:641} INFO - Processing file /home/airflow/.local/lib/python3.7/site-packages/airflow/example_dags/example_skip_dag.py for tasks to queue
[2023-03-28 22:41:58,071] {logging_mixin.py:115} INFO - [2023-03-28 22:41:58,071] {dagbag.py:507} INFO - Filling up the DagBag from /home/airflow/.local/lib/python3.7/site-packages/airflow/example_dags/example_skip_dag.py
[2023-03-28 22:41:58,074] {processor.py:651} INFO - DAG(s) dict_keys(['example_skip_dag']) retrieved from /home/airflow/.local/lib/python3.7/site-packages/airflow/example_dags/example_skip_dag.py
[2023-03-28 22:41:58,099] {logging_mixin.py:115} INFO - [2023-03-28 22:41:58,098] {dag.py:2371} INFO - Sync 1 DAGs
[2023-03-28 22:41:58,119] {logging_mixin.py:115} INFO - [2023-03-28 22:41:58,119] {dag.py:2919} INFO - Setting next_dagrun for example_skip_dag to 2023-03-27T22:41:58.119434+00:00, run_after=2023-03-28T22:41:58.119434+00:00
[2023-03-28 22:41:58,133] {processor.py:161} INFO - Processing /home/airflow/.local/lib/python3.7/site-packages/airflow/example_dags/example_skip_dag.py took 0.065 seconds
[2023-03-28 22:42:28,409] {processor.py:153} INFO - Started process (PID=178) to work on /home/airflow/.local/lib/python3.7/site-packages/airflow/example_dags/example_skip_dag.py
[2023-03-28 22:42:28,410] {processor.py:641} INFO - Processing file /home/airflow/.local/lib/python3.7/site-packages/airflow/example_dags/example_skip_dag.py for tasks to queue
[2023-03-28 22:42:28,410] {logging_mixin.py:115} INFO - [2023-03-28 22:42:28,410] {dagbag.py:507} INFO - Filling up the DagBag from /home/airflow/.local/lib/python3.7/site-packages/airflow/example_dags/example_skip_dag.py
[2023-03-28 22:42:28,414] {processor.py:651} INFO - DAG(s) dict_keys(['example_skip_dag']) retrieved from /home/airflow/.local/lib/python3.7/site-packages/airflow/example_dags/example_skip_dag.py
[2023-03-28 22:42:28,435] {logging_mixin.py:115} INFO - [2023-03-28 22:42:28,435] {dag.py:2371} INFO - Sync 1 DAGs
[2023-03-28 22:42:28,457] {logging_mixin.py:115} INFO - [2023-03-28 22:42:28,457] {dag.py:2919} INFO - Setting next_dagrun for example_skip_dag to 2023-03-27T22:42:28.456618+00:00, run_after=2023-03-28T22:42:28.456618+00:00
[2023-03-28 22:42:28,471] {processor.py:161} INFO - Processing /home/airflow/.local/lib/python3.7/site-packages/airflow/example_dags/example_skip_dag.py took 0.064 seconds
[2023-03-28 22:42:58,965] {processor.py:153} INFO - Started process (PID=243) to work on /home/airflow/.local/lib/python3.7/site-packages/airflow/example_dags/example_skip_dag.py
[2023-03-28 22:42:58,966] {processor.py:641} INFO - Processing file /home/airflow/.local/lib/python3.7/site-packages/airflow/example_dags/example_skip_dag.py for tasks to queue
[2023-03-28 22:42:58,967] {logging_mixin.py:115} INFO - [2023-03-28 22:42:58,967] {dagbag.py:507} INFO - Filling up the DagBag from /home/airflow/.local/lib/python3.7/site-packages/airflow/example_dags/example_skip_dag.py
[2023-03-28 22:42:58,971] {processor.py:651} INFO - DAG(s) dict_keys(['example_skip_dag']) retrieved from /home/airflow/.local/lib/python3.7/site-packages/airflow/example_dags/example_skip_dag.py
[2023-03-28 22:42:58,996] {logging_mixin.py:115} INFO - [2023-03-28 22:42:58,996] {dag.py:2371} INFO - Sync 1 DAGs
[2023-03-28 22:42:59,015] {logging_mixin.py:115} INFO - [2023-03-28 22:42:59,015] {dag.py:2919} INFO - Setting next_dagrun for example_skip_dag to 2023-03-27T22:42:59.015051+00:00, run_after=2023-03-28T22:42:59.015051+00:00
[2023-03-28 22:42:59,028] {processor.py:161} INFO - Processing /home/airflow/.local/lib/python3.7/site-packages/airflow/example_dags/example_skip_dag.py took 0.065 seconds
[2023-03-28 22:43:29,578] {processor.py:153} INFO - Started process (PID=307) to work on /home/airflow/.local/lib/python3.7/site-packages/airflow/example_dags/example_skip_dag.py
[2023-03-28 22:43:29,578] {processor.py:641} INFO - Processing file /home/airflow/.local/lib/python3.7/site-packages/airflow/example_dags/example_skip_dag.py for tasks to queue
[2023-03-28 22:43:29,579] {logging_mixin.py:115} INFO - [2023-03-28 22:43:29,579] {dagbag.py:507} INFO - Filling up the DagBag from /home/airflow/.local/lib/python3.7/site-packages/airflow/example_dags/example_skip_dag.py
[2023-03-28 22:43:29,583] {processor.py:651} INFO - DAG(s) dict_keys(['example_skip_dag']) retrieved from /home/airflow/.local/lib/python3.7/site-packages/airflow/example_dags/example_skip_dag.py
[2023-03-28 22:43:29,611] {logging_mixin.py:115} INFO - [2023-03-28 22:43:29,610] {dag.py:2371} INFO - Sync 1 DAGs
[2023-03-28 22:43:29,634] {logging_mixin.py:115} INFO - [2023-03-28 22:43:29,634] {dag.py:2919} INFO - Setting next_dagrun for example_skip_dag to 2023-03-27T22:43:29.634526+00:00, run_after=2023-03-28T22:43:29.634526+00:00
[2023-03-28 22:43:29,650] {processor.py:161} INFO - Processing /home/airflow/.local/lib/python3.7/site-packages/airflow/example_dags/example_skip_dag.py took 0.075 seconds
[2023-03-28 22:44:00,011] {processor.py:153} INFO - Started process (PID=371) to work on /home/airflow/.local/lib/python3.7/site-packages/airflow/example_dags/example_skip_dag.py
[2023-03-28 22:44:00,012] {processor.py:641} INFO - Processing file /home/airflow/.local/lib/python3.7/site-packages/airflow/example_dags/example_skip_dag.py for tasks to queue
[2023-03-28 22:44:00,013] {logging_mixin.py:115} INFO - [2023-03-28 22:44:00,013] {dagbag.py:507} INFO - Filling up the DagBag from /home/airflow/.local/lib/python3.7/site-packages/airflow/example_dags/example_skip_dag.py
[2023-03-28 22:44:00,019] {processor.py:651} INFO - DAG(s) dict_keys(['example_skip_dag']) retrieved from /home/airflow/.local/lib/python3.7/site-packages/airflow/example_dags/example_skip_dag.py
[2023-03-28 22:44:00,043] {logging_mixin.py:115} INFO - [2023-03-28 22:44:00,043] {dag.py:2371} INFO - Sync 1 DAGs
[2023-03-28 22:44:00,065] {logging_mixin.py:115} INFO - [2023-03-28 22:44:00,065] {dag.py:2919} INFO - Setting next_dagrun for example_skip_dag to 2023-03-27T22:44:00.065048+00:00, run_after=2023-03-28T22:44:00.065048+00:00
[2023-03-28 22:44:00,080] {processor.py:161} INFO - Processing /home/airflow/.local/lib/python3.7/site-packages/airflow/example_dags/example_skip_dag.py took 0.072 seconds
[2023-03-28 22:44:30,567] {processor.py:153} INFO - Started process (PID=426) to work on /home/airflow/.local/lib/python3.7/site-packages/airflow/example_dags/example_skip_dag.py
[2023-03-28 22:44:30,568] {processor.py:641} INFO - Processing file /home/airflow/.local/lib/python3.7/site-packages/airflow/example_dags/example_skip_dag.py for tasks to queue
[2023-03-28 22:44:30,568] {logging_mixin.py:115} INFO - [2023-03-28 22:44:30,568] {dagbag.py:507} INFO - Filling up the DagBag from /home/airflow/.local/lib/python3.7/site-packages/airflow/example_dags/example_skip_dag.py
[2023-03-28 22:44:30,572] {processor.py:651} INFO - DAG(s) dict_keys(['example_skip_dag']) retrieved from /home/airflow/.local/lib/python3.7/site-packages/airflow/example_dags/example_skip_dag.py
[2023-03-28 22:44:30,594] {logging_mixin.py:115} INFO - [2023-03-28 22:44:30,594] {dag.py:2371} INFO - Sync 1 DAGs
[2023-03-28 22:44:30,615] {logging_mixin.py:115} INFO - [2023-03-28 22:44:30,615] {dag.py:2919} INFO - Setting next_dagrun for example_skip_dag to 2023-03-27T22:44:30.615036+00:00, run_after=2023-03-28T22:44:30.615036+00:00
[2023-03-28 22:44:30,627] {processor.py:161} INFO - Processing /home/airflow/.local/lib/python3.7/site-packages/airflow/example_dags/example_skip_dag.py took 0.062 seconds
[2023-03-28 22:45:01,430] {processor.py:153} INFO - Started process (PID=490) to work on /home/airflow/.local/lib/python3.7/site-packages/airflow/example_dags/example_skip_dag.py
[2023-03-28 22:45:01,432] {processor.py:641} INFO - Processing file /home/airflow/.local/lib/python3.7/site-packages/airflow/example_dags/example_skip_dag.py for tasks to queue
[2023-03-28 22:45:01,432] {logging_mixin.py:115} INFO - [2023-03-28 22:45:01,432] {dagbag.py:507} INFO - Filling up the DagBag from /home/airflow/.local/lib/python3.7/site-packages/airflow/example_dags/example_skip_dag.py
[2023-03-28 22:45:01,436] {processor.py:651} INFO - DAG(s) dict_keys(['example_skip_dag']) retrieved from /home/airflow/.local/lib/python3.7/site-packages/airflow/example_dags/example_skip_dag.py
[2023-03-28 22:45:01,460] {logging_mixin.py:115} INFO - [2023-03-28 22:45:01,460] {dag.py:2371} INFO - Sync 1 DAGs
[2023-03-28 22:45:01,480] {logging_mixin.py:115} INFO - [2023-03-28 22:45:01,480] {dag.py:2919} INFO - Setting next_dagrun for example_skip_dag to 2023-03-27T22:45:01.480551+00:00, run_after=2023-03-28T22:45:01.480551+00:00
[2023-03-28 22:45:01,493] {processor.py:161} INFO - Processing /home/airflow/.local/lib/python3.7/site-packages/airflow/example_dags/example_skip_dag.py took 0.066 seconds
[2023-03-28 22:45:32,401] {processor.py:153} INFO - Started process (PID=554) to work on /home/airflow/.local/lib/python3.7/site-packages/airflow/example_dags/example_skip_dag.py
[2023-03-28 22:45:32,401] {processor.py:641} INFO - Processing file /home/airflow/.local/lib/python3.7/site-packages/airflow/example_dags/example_skip_dag.py for tasks to queue
[2023-03-28 22:45:32,402] {logging_mixin.py:115} INFO - [2023-03-28 22:45:32,402] {dagbag.py:507} INFO - Filling up the DagBag from /home/airflow/.local/lib/python3.7/site-packages/airflow/example_dags/example_skip_dag.py
[2023-03-28 22:45:32,406] {processor.py:651} INFO - DAG(s) dict_keys(['example_skip_dag']) retrieved from /home/airflow/.local/lib/python3.7/site-packages/airflow/example_dags/example_skip_dag.py
[2023-03-28 22:45:32,433] {logging_mixin.py:115} INFO - [2023-03-28 22:45:32,433] {dag.py:2371} INFO - Sync 1 DAGs
[2023-03-28 22:45:32,455] {logging_mixin.py:115} INFO - [2023-03-28 22:45:32,455] {dag.py:2919} INFO - Setting next_dagrun for example_skip_dag to 2023-03-27T22:45:32.455183+00:00, run_after=2023-03-28T22:45:32.455183+00:00
[2023-03-28 22:45:32,470] {processor.py:161} INFO - Processing /home/airflow/.local/lib/python3.7/site-packages/airflow/example_dags/example_skip_dag.py took 0.071 seconds
[2023-03-28 22:46:02,707] {processor.py:153} INFO - Started process (PID=609) to work on /home/airflow/.local/lib/python3.7/site-packages/airflow/example_dags/example_skip_dag.py
[2023-03-28 22:46:02,708] {processor.py:641} INFO - Processing file /home/airflow/.local/lib/python3.7/site-packages/airflow/example_dags/example_skip_dag.py for tasks to queue
[2023-03-28 22:46:02,708] {logging_mixin.py:115} INFO - [2023-03-28 22:46:02,708] {dagbag.py:507} INFO - Filling up the DagBag from /home/airflow/.local/lib/python3.7/site-packages/airflow/example_dags/example_skip_dag.py
[2023-03-28 22:46:02,712] {processor.py:651} INFO - DAG(s) dict_keys(['example_skip_dag']) retrieved from /home/airflow/.local/lib/python3.7/site-packages/airflow/example_dags/example_skip_dag.py
[2023-03-28 22:46:02,735] {logging_mixin.py:115} INFO - [2023-03-28 22:46:02,735] {dag.py:2371} INFO - Sync 1 DAGs
[2023-03-28 22:46:02,755] {logging_mixin.py:115} INFO - [2023-03-28 22:46:02,754] {dag.py:2919} INFO - Setting next_dagrun for example_skip_dag to 2023-03-27T22:46:02.754798+00:00, run_after=2023-03-28T22:46:02.754798+00:00
[2023-03-28 22:46:02,767] {processor.py:161} INFO - Processing /home/airflow/.local/lib/python3.7/site-packages/airflow/example_dags/example_skip_dag.py took 0.063 seconds
[2023-03-28 22:46:32,894] {processor.py:153} INFO - Started process (PID=674) to work on /home/airflow/.local/lib/python3.7/site-packages/airflow/example_dags/example_skip_dag.py
[2023-03-28 22:46:32,895] {processor.py:641} INFO - Processing file /home/airflow/.local/lib/python3.7/site-packages/airflow/example_dags/example_skip_dag.py for tasks to queue
[2023-03-28 22:46:32,895] {logging_mixin.py:115} INFO - [2023-03-28 22:46:32,895] {dagbag.py:507} INFO - Filling up the DagBag from /home/airflow/.local/lib/python3.7/site-packages/airflow/example_dags/example_skip_dag.py
[2023-03-28 22:46:32,899] {processor.py:651} INFO - DAG(s) dict_keys(['example_skip_dag']) retrieved from /home/airflow/.local/lib/python3.7/site-packages/airflow/example_dags/example_skip_dag.py
[2023-03-28 22:46:32,920] {logging_mixin.py:115} INFO - [2023-03-28 22:46:32,920] {dag.py:2371} INFO - Sync 1 DAGs
[2023-03-28 22:46:32,940] {logging_mixin.py:115} INFO - [2023-03-28 22:46:32,939] {dag.py:2919} INFO - Setting next_dagrun for example_skip_dag to 2023-03-27T22:46:32.939810+00:00, run_after=2023-03-28T22:46:32.939810+00:00
[2023-03-28 22:46:32,952] {processor.py:161} INFO - Processing /home/airflow/.local/lib/python3.7/site-packages/airflow/example_dags/example_skip_dag.py took 0.059 seconds
[2023-03-28 22:47:03,099] {processor.py:153} INFO - Started process (PID=738) to work on /home/airflow/.local/lib/python3.7/site-packages/airflow/example_dags/example_skip_dag.py
[2023-03-28 22:47:03,100] {processor.py:641} INFO - Processing file /home/airflow/.local/lib/python3.7/site-packages/airflow/example_dags/example_skip_dag.py for tasks to queue
[2023-03-28 22:47:03,101] {logging_mixin.py:115} INFO - [2023-03-28 22:47:03,101] {dagbag.py:507} INFO - Filling up the DagBag from /home/airflow/.local/lib/python3.7/site-packages/airflow/example_dags/example_skip_dag.py
[2023-03-28 22:47:03,105] {processor.py:651} INFO - DAG(s) dict_keys(['example_skip_dag']) retrieved from /home/airflow/.local/lib/python3.7/site-packages/airflow/example_dags/example_skip_dag.py
[2023-03-28 22:47:03,129] {logging_mixin.py:115} INFO - [2023-03-28 22:47:03,129] {dag.py:2371} INFO - Sync 1 DAGs
[2023-03-28 22:47:03,149] {logging_mixin.py:115} INFO - [2023-03-28 22:47:03,149] {dag.py:2919} INFO - Setting next_dagrun for example_skip_dag to 2023-03-27T22:47:03.149194+00:00, run_after=2023-03-28T22:47:03.149194+00:00
[2023-03-28 22:47:03,165] {processor.py:161} INFO - Processing /home/airflow/.local/lib/python3.7/site-packages/airflow/example_dags/example_skip_dag.py took 0.068 seconds
[2023-03-28 22:48:13,330] {processor.py:153} INFO - Started process (PID=68) to work on /home/airflow/.local/lib/python3.7/site-packages/airflow/example_dags/example_skip_dag.py
[2023-03-28 22:48:13,331] {processor.py:641} INFO - Processing file /home/airflow/.local/lib/python3.7/site-packages/airflow/example_dags/example_skip_dag.py for tasks to queue
[2023-03-28 22:48:13,332] {logging_mixin.py:115} INFO - [2023-03-28 22:48:13,331] {dagbag.py:507} INFO - Filling up the DagBag from /home/airflow/.local/lib/python3.7/site-packages/airflow/example_dags/example_skip_dag.py
[2023-03-28 22:48:13,337] {processor.py:651} INFO - DAG(s) dict_keys(['example_skip_dag']) retrieved from /home/airflow/.local/lib/python3.7/site-packages/airflow/example_dags/example_skip_dag.py
[2023-03-28 22:48:13,364] {logging_mixin.py:115} INFO - [2023-03-28 22:48:13,364] {dag.py:2371} INFO - Sync 1 DAGs
[2023-03-28 22:48:13,538] {logging_mixin.py:115} INFO - [2023-03-28 22:48:13,538] {dag.py:2919} INFO - Setting next_dagrun for example_skip_dag to 2023-03-27T22:48:13.538096+00:00, run_after=2023-03-28T22:48:13.538096+00:00
[2023-03-28 22:48:13,555] {processor.py:161} INFO - Processing /home/airflow/.local/lib/python3.7/site-packages/airflow/example_dags/example_skip_dag.py took 0.228 seconds
[2023-03-28 22:48:44,284] {processor.py:153} INFO - Started process (PID=124) to work on /home/airflow/.local/lib/python3.7/site-packages/airflow/example_dags/example_skip_dag.py
[2023-03-28 22:48:44,285] {processor.py:641} INFO - Processing file /home/airflow/.local/lib/python3.7/site-packages/airflow/example_dags/example_skip_dag.py for tasks to queue
[2023-03-28 22:48:44,286] {logging_mixin.py:115} INFO - [2023-03-28 22:48:44,286] {dagbag.py:507} INFO - Filling up the DagBag from /home/airflow/.local/lib/python3.7/site-packages/airflow/example_dags/example_skip_dag.py
[2023-03-28 22:48:44,290] {processor.py:651} INFO - DAG(s) dict_keys(['example_skip_dag']) retrieved from /home/airflow/.local/lib/python3.7/site-packages/airflow/example_dags/example_skip_dag.py
[2023-03-28 22:48:44,312] {logging_mixin.py:115} INFO - [2023-03-28 22:48:44,312] {dag.py:2371} INFO - Sync 1 DAGs
[2023-03-28 22:48:44,442] {logging_mixin.py:115} INFO - [2023-03-28 22:48:44,442] {dag.py:2919} INFO - Setting next_dagrun for example_skip_dag to 2023-03-27T22:48:44.442630+00:00, run_after=2023-03-28T22:48:44.442630+00:00
[2023-03-28 22:48:44,454] {processor.py:161} INFO - Processing /home/airflow/.local/lib/python3.7/site-packages/airflow/example_dags/example_skip_dag.py took 0.174 seconds
[2023-03-28 22:49:14,551] {processor.py:153} INFO - Started process (PID=188) to work on /home/airflow/.local/lib/python3.7/site-packages/airflow/example_dags/example_skip_dag.py
[2023-03-28 22:49:14,551] {processor.py:641} INFO - Processing file /home/airflow/.local/lib/python3.7/site-packages/airflow/example_dags/example_skip_dag.py for tasks to queue
[2023-03-28 22:49:14,551] {logging_mixin.py:115} INFO - [2023-03-28 22:49:14,551] {dagbag.py:507} INFO - Filling up the DagBag from /home/airflow/.local/lib/python3.7/site-packages/airflow/example_dags/example_skip_dag.py
[2023-03-28 22:49:14,555] {processor.py:651} INFO - DAG(s) dict_keys(['example_skip_dag']) retrieved from /home/airflow/.local/lib/python3.7/site-packages/airflow/example_dags/example_skip_dag.py
[2023-03-28 22:49:14,577] {logging_mixin.py:115} INFO - [2023-03-28 22:49:14,577] {dag.py:2371} INFO - Sync 1 DAGs
[2023-03-28 22:49:14,689] {logging_mixin.py:115} INFO - [2023-03-28 22:49:14,689] {dag.py:2919} INFO - Setting next_dagrun for example_skip_dag to 2023-03-27T22:49:14.688936+00:00, run_after=2023-03-28T22:49:14.688936+00:00
[2023-03-28 22:49:14,701] {processor.py:161} INFO - Processing /home/airflow/.local/lib/python3.7/site-packages/airflow/example_dags/example_skip_dag.py took 0.153 seconds
[2023-03-28 22:49:45,107] {processor.py:153} INFO - Started process (PID=253) to work on /home/airflow/.local/lib/python3.7/site-packages/airflow/example_dags/example_skip_dag.py
[2023-03-28 22:49:45,108] {processor.py:641} INFO - Processing file /home/airflow/.local/lib/python3.7/site-packages/airflow/example_dags/example_skip_dag.py for tasks to queue
[2023-03-28 22:49:45,108] {logging_mixin.py:115} INFO - [2023-03-28 22:49:45,108] {dagbag.py:507} INFO - Filling up the DagBag from /home/airflow/.local/lib/python3.7/site-packages/airflow/example_dags/example_skip_dag.py
[2023-03-28 22:49:45,112] {processor.py:651} INFO - DAG(s) dict_keys(['example_skip_dag']) retrieved from /home/airflow/.local/lib/python3.7/site-packages/airflow/example_dags/example_skip_dag.py
[2023-03-28 22:49:45,137] {logging_mixin.py:115} INFO - [2023-03-28 22:49:45,136] {dag.py:2371} INFO - Sync 1 DAGs
[2023-03-28 22:49:45,260] {logging_mixin.py:115} INFO - [2023-03-28 22:49:45,260] {dag.py:2919} INFO - Setting next_dagrun for example_skip_dag to 2023-03-27T22:49:45.260569+00:00, run_after=2023-03-28T22:49:45.260569+00:00
[2023-03-28 22:49:45,273] {processor.py:161} INFO - Processing /home/airflow/.local/lib/python3.7/site-packages/airflow/example_dags/example_skip_dag.py took 0.167 seconds
[2023-03-28 22:50:15,604] {processor.py:153} INFO - Started process (PID=308) to work on /home/airflow/.local/lib/python3.7/site-packages/airflow/example_dags/example_skip_dag.py
[2023-03-28 22:50:15,605] {processor.py:641} INFO - Processing file /home/airflow/.local/lib/python3.7/site-packages/airflow/example_dags/example_skip_dag.py for tasks to queue
[2023-03-28 22:50:15,605] {logging_mixin.py:115} INFO - [2023-03-28 22:50:15,605] {dagbag.py:507} INFO - Filling up the DagBag from /home/airflow/.local/lib/python3.7/site-packages/airflow/example_dags/example_skip_dag.py
[2023-03-28 22:50:15,609] {processor.py:651} INFO - DAG(s) dict_keys(['example_skip_dag']) retrieved from /home/airflow/.local/lib/python3.7/site-packages/airflow/example_dags/example_skip_dag.py
[2023-03-28 22:50:15,635] {logging_mixin.py:115} INFO - [2023-03-28 22:50:15,635] {dag.py:2371} INFO - Sync 1 DAGs
[2023-03-28 22:50:15,801] {logging_mixin.py:115} INFO - [2023-03-28 22:50:15,801] {dag.py:2919} INFO - Setting next_dagrun for example_skip_dag to 2023-03-27T22:50:15.800960+00:00, run_after=2023-03-28T22:50:15.800960+00:00
[2023-03-28 22:50:15,817] {processor.py:161} INFO - Processing /home/airflow/.local/lib/python3.7/site-packages/airflow/example_dags/example_skip_dag.py took 0.215 seconds
[2023-03-28 22:50:46,562] {processor.py:153} INFO - Started process (PID=372) to work on /home/airflow/.local/lib/python3.7/site-packages/airflow/example_dags/example_skip_dag.py
[2023-03-28 22:50:46,563] {processor.py:641} INFO - Processing file /home/airflow/.local/lib/python3.7/site-packages/airflow/example_dags/example_skip_dag.py for tasks to queue
[2023-03-28 22:50:46,564] {logging_mixin.py:115} INFO - [2023-03-28 22:50:46,564] {dagbag.py:507} INFO - Filling up the DagBag from /home/airflow/.local/lib/python3.7/site-packages/airflow/example_dags/example_skip_dag.py
[2023-03-28 22:50:46,567] {processor.py:651} INFO - DAG(s) dict_keys(['example_skip_dag']) retrieved from /home/airflow/.local/lib/python3.7/site-packages/airflow/example_dags/example_skip_dag.py
[2023-03-28 22:50:46,591] {logging_mixin.py:115} INFO - [2023-03-28 22:50:46,590] {dag.py:2371} INFO - Sync 1 DAGs
[2023-03-28 22:50:46,711] {logging_mixin.py:115} INFO - [2023-03-28 22:50:46,711] {dag.py:2919} INFO - Setting next_dagrun for example_skip_dag to 2023-03-27T22:50:46.710907+00:00, run_after=2023-03-28T22:50:46.710907+00:00
[2023-03-28 22:50:46,725] {processor.py:161} INFO - Processing /home/airflow/.local/lib/python3.7/site-packages/airflow/example_dags/example_skip_dag.py took 0.165 seconds
[2023-03-28 22:52:16,331] {processor.py:153} INFO - Started process (PID=58) to work on /home/airflow/.local/lib/python3.7/site-packages/airflow/example_dags/example_skip_dag.py
[2023-03-28 22:52:16,332] {processor.py:641} INFO - Processing file /home/airflow/.local/lib/python3.7/site-packages/airflow/example_dags/example_skip_dag.py for tasks to queue
[2023-03-28 22:52:16,333] {logging_mixin.py:115} INFO - [2023-03-28 22:52:16,332] {dagbag.py:507} INFO - Filling up the DagBag from /home/airflow/.local/lib/python3.7/site-packages/airflow/example_dags/example_skip_dag.py
[2023-03-28 22:52:16,337] {processor.py:651} INFO - DAG(s) dict_keys(['example_skip_dag']) retrieved from /home/airflow/.local/lib/python3.7/site-packages/airflow/example_dags/example_skip_dag.py
[2023-03-28 22:52:16,363] {logging_mixin.py:115} INFO - [2023-03-28 22:52:16,363] {dag.py:2371} INFO - Sync 1 DAGs
[2023-03-28 22:52:16,385] {logging_mixin.py:115} INFO - [2023-03-28 22:52:16,385] {dag.py:2919} INFO - Setting next_dagrun for example_skip_dag to 2023-03-27T22:52:16.384825+00:00, run_after=2023-03-28T22:52:16.384825+00:00
[2023-03-28 22:52:16,399] {processor.py:161} INFO - Processing /home/airflow/.local/lib/python3.7/site-packages/airflow/example_dags/example_skip_dag.py took 0.071 seconds
[2023-03-28 22:52:46,608] {processor.py:153} INFO - Started process (PID=122) to work on /home/airflow/.local/lib/python3.7/site-packages/airflow/example_dags/example_skip_dag.py
[2023-03-28 22:52:46,609] {processor.py:641} INFO - Processing file /home/airflow/.local/lib/python3.7/site-packages/airflow/example_dags/example_skip_dag.py for tasks to queue
[2023-03-28 22:52:46,609] {logging_mixin.py:115} INFO - [2023-03-28 22:52:46,609] {dagbag.py:507} INFO - Filling up the DagBag from /home/airflow/.local/lib/python3.7/site-packages/airflow/example_dags/example_skip_dag.py
[2023-03-28 22:52:46,613] {processor.py:651} INFO - DAG(s) dict_keys(['example_skip_dag']) retrieved from /home/airflow/.local/lib/python3.7/site-packages/airflow/example_dags/example_skip_dag.py
[2023-03-28 22:52:46,634] {logging_mixin.py:115} INFO - [2023-03-28 22:52:46,634] {dag.py:2371} INFO - Sync 1 DAGs
[2023-03-28 22:52:46,655] {logging_mixin.py:115} INFO - [2023-03-28 22:52:46,655] {dag.py:2919} INFO - Setting next_dagrun for example_skip_dag to 2023-03-27T22:52:46.655292+00:00, run_after=2023-03-28T22:52:46.655292+00:00
[2023-03-28 22:52:46,667] {processor.py:161} INFO - Processing /home/airflow/.local/lib/python3.7/site-packages/airflow/example_dags/example_skip_dag.py took 0.061 seconds
[2023-03-28 22:53:17,092] {processor.py:153} INFO - Started process (PID=186) to work on /home/airflow/.local/lib/python3.7/site-packages/airflow/example_dags/example_skip_dag.py
[2023-03-28 22:53:17,092] {processor.py:641} INFO - Processing file /home/airflow/.local/lib/python3.7/site-packages/airflow/example_dags/example_skip_dag.py for tasks to queue
[2023-03-28 22:53:17,092] {logging_mixin.py:115} INFO - [2023-03-28 22:53:17,092] {dagbag.py:507} INFO - Filling up the DagBag from /home/airflow/.local/lib/python3.7/site-packages/airflow/example_dags/example_skip_dag.py
[2023-03-28 22:53:17,096] {processor.py:651} INFO - DAG(s) dict_keys(['example_skip_dag']) retrieved from /home/airflow/.local/lib/python3.7/site-packages/airflow/example_dags/example_skip_dag.py
[2023-03-28 22:53:17,122] {logging_mixin.py:115} INFO - [2023-03-28 22:53:17,122] {dag.py:2371} INFO - Sync 1 DAGs
[2023-03-28 22:53:17,142] {logging_mixin.py:115} INFO - [2023-03-28 22:53:17,142] {dag.py:2919} INFO - Setting next_dagrun for example_skip_dag to 2023-03-27T22:53:17.142184+00:00, run_after=2023-03-28T22:53:17.142184+00:00
[2023-03-28 22:53:17,156] {processor.py:161} INFO - Processing /home/airflow/.local/lib/python3.7/site-packages/airflow/example_dags/example_skip_dag.py took 0.066 seconds
[2023-03-28 22:53:47,456] {processor.py:153} INFO - Started process (PID=241) to work on /home/airflow/.local/lib/python3.7/site-packages/airflow/example_dags/example_skip_dag.py
[2023-03-28 22:53:47,457] {processor.py:641} INFO - Processing file /home/airflow/.local/lib/python3.7/site-packages/airflow/example_dags/example_skip_dag.py for tasks to queue
[2023-03-28 22:53:47,458] {logging_mixin.py:115} INFO - [2023-03-28 22:53:47,458] {dagbag.py:507} INFO - Filling up the DagBag from /home/airflow/.local/lib/python3.7/site-packages/airflow/example_dags/example_skip_dag.py
[2023-03-28 22:53:47,462] {processor.py:651} INFO - DAG(s) dict_keys(['example_skip_dag']) retrieved from /home/airflow/.local/lib/python3.7/site-packages/airflow/example_dags/example_skip_dag.py
[2023-03-28 22:53:47,491] {logging_mixin.py:115} INFO - [2023-03-28 22:53:47,491] {dag.py:2371} INFO - Sync 1 DAGs
[2023-03-28 22:53:47,513] {logging_mixin.py:115} INFO - [2023-03-28 22:53:47,513] {dag.py:2919} INFO - Setting next_dagrun for example_skip_dag to 2023-03-27T22:53:47.513510+00:00, run_after=2023-03-28T22:53:47.513510+00:00
[2023-03-28 22:53:47,528] {processor.py:161} INFO - Processing /home/airflow/.local/lib/python3.7/site-packages/airflow/example_dags/example_skip_dag.py took 0.074 seconds
