[2023-03-28 22:23:52,070] {processor.py:153} INFO - Started process (PID=2358) to work on /home/airflow/.local/lib/python3.7/site-packages/airflow/example_dags/example_sla_dag.py
[2023-03-28 22:23:52,070] {processor.py:641} INFO - Processing file /home/airflow/.local/lib/python3.7/site-packages/airflow/example_dags/example_sla_dag.py for tasks to queue
[2023-03-28 22:23:52,071] {logging_mixin.py:115} INFO - [2023-03-28 22:23:52,071] {dagbag.py:507} INFO - Filling up the DagBag from /home/airflow/.local/lib/python3.7/site-packages/airflow/example_dags/example_sla_dag.py
[2023-03-28 22:23:52,082] {processor.py:651} INFO - DAG(s) dict_keys(['example_sla_dag']) retrieved from /home/airflow/.local/lib/python3.7/site-packages/airflow/example_dags/example_sla_dag.py
[2023-03-28 22:23:52,102] {logging_mixin.py:115} INFO - [2023-03-28 22:23:52,102] {dag.py:2371} INFO - Sync 1 DAGs
[2023-03-28 22:23:52,121] {logging_mixin.py:115} INFO - [2023-03-28 22:23:52,121] {dag.py:2919} INFO - Setting next_dagrun for example_sla_dag to 2023-03-28T22:20:00+00:00, run_after=2023-03-28T22:22:00+00:00
[2023-03-28 22:23:52,141] {processor.py:161} INFO - Processing /home/airflow/.local/lib/python3.7/site-packages/airflow/example_dags/example_sla_dag.py took 0.073 seconds
[2023-03-28 22:24:23,018] {processor.py:153} INFO - Started process (PID=2413) to work on /home/airflow/.local/lib/python3.7/site-packages/airflow/example_dags/example_sla_dag.py
[2023-03-28 22:24:23,018] {processor.py:641} INFO - Processing file /home/airflow/.local/lib/python3.7/site-packages/airflow/example_dags/example_sla_dag.py for tasks to queue
[2023-03-28 22:24:23,019] {logging_mixin.py:115} INFO - [2023-03-28 22:24:23,019] {dagbag.py:507} INFO - Filling up the DagBag from /home/airflow/.local/lib/python3.7/site-packages/airflow/example_dags/example_sla_dag.py
[2023-03-28 22:24:23,031] {processor.py:651} INFO - DAG(s) dict_keys(['example_sla_dag']) retrieved from /home/airflow/.local/lib/python3.7/site-packages/airflow/example_dags/example_sla_dag.py
[2023-03-28 22:24:23,051] {logging_mixin.py:115} INFO - [2023-03-28 22:24:23,051] {dag.py:2371} INFO - Sync 1 DAGs
[2023-03-28 22:24:23,074] {logging_mixin.py:115} INFO - [2023-03-28 22:24:23,074] {dag.py:2919} INFO - Setting next_dagrun for example_sla_dag to 2023-03-28T22:22:00+00:00, run_after=2023-03-28T22:24:00+00:00
[2023-03-28 22:24:23,088] {processor.py:161} INFO - Processing /home/airflow/.local/lib/python3.7/site-packages/airflow/example_dags/example_sla_dag.py took 0.072 seconds
[2023-03-28 22:24:53,603] {processor.py:153} INFO - Started process (PID=2477) to work on /home/airflow/.local/lib/python3.7/site-packages/airflow/example_dags/example_sla_dag.py
[2023-03-28 22:24:53,604] {processor.py:641} INFO - Processing file /home/airflow/.local/lib/python3.7/site-packages/airflow/example_dags/example_sla_dag.py for tasks to queue
[2023-03-28 22:24:53,605] {logging_mixin.py:115} INFO - [2023-03-28 22:24:53,605] {dagbag.py:507} INFO - Filling up the DagBag from /home/airflow/.local/lib/python3.7/site-packages/airflow/example_dags/example_sla_dag.py
[2023-03-28 22:24:53,622] {processor.py:651} INFO - DAG(s) dict_keys(['example_sla_dag']) retrieved from /home/airflow/.local/lib/python3.7/site-packages/airflow/example_dags/example_sla_dag.py
[2023-03-28 22:24:53,647] {logging_mixin.py:115} INFO - [2023-03-28 22:24:53,646] {dag.py:2371} INFO - Sync 1 DAGs
[2023-03-28 22:24:53,674] {logging_mixin.py:115} INFO - [2023-03-28 22:24:53,673] {dag.py:2919} INFO - Setting next_dagrun for example_sla_dag to 2023-03-28T22:22:00+00:00, run_after=2023-03-28T22:24:00+00:00
[2023-03-28 22:24:53,688] {processor.py:161} INFO - Processing /home/airflow/.local/lib/python3.7/site-packages/airflow/example_dags/example_sla_dag.py took 0.087 seconds
[2023-03-28 22:25:24,516] {processor.py:153} INFO - Started process (PID=2541) to work on /home/airflow/.local/lib/python3.7/site-packages/airflow/example_dags/example_sla_dag.py
[2023-03-28 22:25:24,516] {processor.py:641} INFO - Processing file /home/airflow/.local/lib/python3.7/site-packages/airflow/example_dags/example_sla_dag.py for tasks to queue
[2023-03-28 22:25:24,517] {logging_mixin.py:115} INFO - [2023-03-28 22:25:24,517] {dagbag.py:507} INFO - Filling up the DagBag from /home/airflow/.local/lib/python3.7/site-packages/airflow/example_dags/example_sla_dag.py
[2023-03-28 22:25:24,530] {processor.py:651} INFO - DAG(s) dict_keys(['example_sla_dag']) retrieved from /home/airflow/.local/lib/python3.7/site-packages/airflow/example_dags/example_sla_dag.py
[2023-03-28 22:25:24,552] {logging_mixin.py:115} INFO - [2023-03-28 22:25:24,552] {dag.py:2371} INFO - Sync 1 DAGs
[2023-03-28 22:25:24,574] {logging_mixin.py:115} INFO - [2023-03-28 22:25:24,574] {dag.py:2919} INFO - Setting next_dagrun for example_sla_dag to 2023-03-28T22:22:00+00:00, run_after=2023-03-28T22:24:00+00:00
[2023-03-28 22:25:24,587] {processor.py:161} INFO - Processing /home/airflow/.local/lib/python3.7/site-packages/airflow/example_dags/example_sla_dag.py took 0.074 seconds
[2023-03-28 22:25:55,408] {processor.py:153} INFO - Started process (PID=2605) to work on /home/airflow/.local/lib/python3.7/site-packages/airflow/example_dags/example_sla_dag.py
[2023-03-28 22:25:55,409] {processor.py:641} INFO - Processing file /home/airflow/.local/lib/python3.7/site-packages/airflow/example_dags/example_sla_dag.py for tasks to queue
[2023-03-28 22:25:55,409] {logging_mixin.py:115} INFO - [2023-03-28 22:25:55,409] {dagbag.py:507} INFO - Filling up the DagBag from /home/airflow/.local/lib/python3.7/site-packages/airflow/example_dags/example_sla_dag.py
[2023-03-28 22:25:55,421] {processor.py:651} INFO - DAG(s) dict_keys(['example_sla_dag']) retrieved from /home/airflow/.local/lib/python3.7/site-packages/airflow/example_dags/example_sla_dag.py
[2023-03-28 22:25:55,442] {logging_mixin.py:115} INFO - [2023-03-28 22:25:55,442] {dag.py:2371} INFO - Sync 1 DAGs
[2023-03-28 22:25:55,468] {logging_mixin.py:115} INFO - [2023-03-28 22:25:55,468] {dag.py:2919} INFO - Setting next_dagrun for example_sla_dag to 2023-03-28T22:22:00+00:00, run_after=2023-03-28T22:24:00+00:00
[2023-03-28 22:25:55,486] {processor.py:161} INFO - Processing /home/airflow/.local/lib/python3.7/site-packages/airflow/example_dags/example_sla_dag.py took 0.080 seconds
[2023-03-28 22:26:26,298] {processor.py:153} INFO - Started process (PID=2661) to work on /home/airflow/.local/lib/python3.7/site-packages/airflow/example_dags/example_sla_dag.py
[2023-03-28 22:26:26,298] {processor.py:641} INFO - Processing file /home/airflow/.local/lib/python3.7/site-packages/airflow/example_dags/example_sla_dag.py for tasks to queue
[2023-03-28 22:26:26,299] {logging_mixin.py:115} INFO - [2023-03-28 22:26:26,299] {dagbag.py:507} INFO - Filling up the DagBag from /home/airflow/.local/lib/python3.7/site-packages/airflow/example_dags/example_sla_dag.py
[2023-03-28 22:26:26,310] {processor.py:651} INFO - DAG(s) dict_keys(['example_sla_dag']) retrieved from /home/airflow/.local/lib/python3.7/site-packages/airflow/example_dags/example_sla_dag.py
[2023-03-28 22:26:26,329] {logging_mixin.py:115} INFO - [2023-03-28 22:26:26,329] {dag.py:2371} INFO - Sync 1 DAGs
[2023-03-28 22:26:26,351] {logging_mixin.py:115} INFO - [2023-03-28 22:26:26,351] {dag.py:2919} INFO - Setting next_dagrun for example_sla_dag to 2023-03-28T22:24:00+00:00, run_after=2023-03-28T22:26:00+00:00
[2023-03-28 22:26:26,364] {processor.py:161} INFO - Processing /home/airflow/.local/lib/python3.7/site-packages/airflow/example_dags/example_sla_dag.py took 0.067 seconds
[2023-03-28 22:26:56,497] {processor.py:153} INFO - Started process (PID=2725) to work on /home/airflow/.local/lib/python3.7/site-packages/airflow/example_dags/example_sla_dag.py
[2023-03-28 22:26:56,498] {processor.py:641} INFO - Processing file /home/airflow/.local/lib/python3.7/site-packages/airflow/example_dags/example_sla_dag.py for tasks to queue
[2023-03-28 22:26:56,498] {logging_mixin.py:115} INFO - [2023-03-28 22:26:56,498] {dagbag.py:507} INFO - Filling up the DagBag from /home/airflow/.local/lib/python3.7/site-packages/airflow/example_dags/example_sla_dag.py
[2023-03-28 22:26:56,512] {processor.py:651} INFO - DAG(s) dict_keys(['example_sla_dag']) retrieved from /home/airflow/.local/lib/python3.7/site-packages/airflow/example_dags/example_sla_dag.py
[2023-03-28 22:26:56,533] {logging_mixin.py:115} INFO - [2023-03-28 22:26:56,533] {dag.py:2371} INFO - Sync 1 DAGs
[2023-03-28 22:26:56,554] {logging_mixin.py:115} INFO - [2023-03-28 22:26:56,554] {dag.py:2919} INFO - Setting next_dagrun for example_sla_dag to 2023-03-28T22:24:00+00:00, run_after=2023-03-28T22:26:00+00:00
[2023-03-28 22:26:56,568] {processor.py:161} INFO - Processing /home/airflow/.local/lib/python3.7/site-packages/airflow/example_dags/example_sla_dag.py took 0.073 seconds
[2023-03-28 22:27:27,192] {processor.py:153} INFO - Started process (PID=2791) to work on /home/airflow/.local/lib/python3.7/site-packages/airflow/example_dags/example_sla_dag.py
[2023-03-28 22:27:27,192] {processor.py:641} INFO - Processing file /home/airflow/.local/lib/python3.7/site-packages/airflow/example_dags/example_sla_dag.py for tasks to queue
[2023-03-28 22:27:27,192] {logging_mixin.py:115} INFO - [2023-03-28 22:27:27,192] {dagbag.py:507} INFO - Filling up the DagBag from /home/airflow/.local/lib/python3.7/site-packages/airflow/example_dags/example_sla_dag.py
[2023-03-28 22:27:27,203] {processor.py:651} INFO - DAG(s) dict_keys(['example_sla_dag']) retrieved from /home/airflow/.local/lib/python3.7/site-packages/airflow/example_dags/example_sla_dag.py
[2023-03-28 22:27:27,222] {logging_mixin.py:115} INFO - [2023-03-28 22:27:27,222] {dag.py:2371} INFO - Sync 1 DAGs
[2023-03-28 22:27:27,249] {logging_mixin.py:115} INFO - [2023-03-28 22:27:27,249] {dag.py:2919} INFO - Setting next_dagrun for example_sla_dag to 2023-03-28T22:24:00+00:00, run_after=2023-03-28T22:26:00+00:00
[2023-03-28 22:27:27,260] {processor.py:161} INFO - Processing /home/airflow/.local/lib/python3.7/site-packages/airflow/example_dags/example_sla_dag.py took 0.070 seconds
[2023-03-28 22:27:57,807] {processor.py:153} INFO - Started process (PID=2846) to work on /home/airflow/.local/lib/python3.7/site-packages/airflow/example_dags/example_sla_dag.py
[2023-03-28 22:27:57,816] {processor.py:641} INFO - Processing file /home/airflow/.local/lib/python3.7/site-packages/airflow/example_dags/example_sla_dag.py for tasks to queue
[2023-03-28 22:27:57,816] {logging_mixin.py:115} INFO - [2023-03-28 22:27:57,816] {dagbag.py:507} INFO - Filling up the DagBag from /home/airflow/.local/lib/python3.7/site-packages/airflow/example_dags/example_sla_dag.py
[2023-03-28 22:27:57,830] {processor.py:651} INFO - DAG(s) dict_keys(['example_sla_dag']) retrieved from /home/airflow/.local/lib/python3.7/site-packages/airflow/example_dags/example_sla_dag.py
[2023-03-28 22:27:57,852] {logging_mixin.py:115} INFO - [2023-03-28 22:27:57,852] {dag.py:2371} INFO - Sync 1 DAGs
[2023-03-28 22:27:57,880] {logging_mixin.py:115} INFO - [2023-03-28 22:27:57,880] {dag.py:2919} INFO - Setting next_dagrun for example_sla_dag to 2023-03-28T22:24:00+00:00, run_after=2023-03-28T22:26:00+00:00
[2023-03-28 22:27:57,896] {processor.py:161} INFO - Processing /home/airflow/.local/lib/python3.7/site-packages/airflow/example_dags/example_sla_dag.py took 0.091 seconds
[2023-03-28 22:28:28,561] {processor.py:153} INFO - Started process (PID=2910) to work on /home/airflow/.local/lib/python3.7/site-packages/airflow/example_dags/example_sla_dag.py
[2023-03-28 22:28:28,566] {processor.py:641} INFO - Processing file /home/airflow/.local/lib/python3.7/site-packages/airflow/example_dags/example_sla_dag.py for tasks to queue
[2023-03-28 22:28:28,567] {logging_mixin.py:115} INFO - [2023-03-28 22:28:28,567] {dagbag.py:507} INFO - Filling up the DagBag from /home/airflow/.local/lib/python3.7/site-packages/airflow/example_dags/example_sla_dag.py
[2023-03-28 22:28:28,582] {processor.py:651} INFO - DAG(s) dict_keys(['example_sla_dag']) retrieved from /home/airflow/.local/lib/python3.7/site-packages/airflow/example_dags/example_sla_dag.py
[2023-03-28 22:28:28,669] {logging_mixin.py:115} INFO - [2023-03-28 22:28:28,669] {dag.py:2371} INFO - Sync 1 DAGs
[2023-03-28 22:28:28,697] {logging_mixin.py:115} INFO - [2023-03-28 22:28:28,697] {dag.py:2919} INFO - Setting next_dagrun for example_sla_dag to 2023-03-28T22:26:00+00:00, run_after=2023-03-28T22:28:00+00:00
[2023-03-28 22:28:28,711] {processor.py:161} INFO - Processing /home/airflow/.local/lib/python3.7/site-packages/airflow/example_dags/example_sla_dag.py took 0.155 seconds
[2023-03-28 22:28:58,892] {processor.py:153} INFO - Started process (PID=2974) to work on /home/airflow/.local/lib/python3.7/site-packages/airflow/example_dags/example_sla_dag.py
[2023-03-28 22:28:58,898] {processor.py:641} INFO - Processing file /home/airflow/.local/lib/python3.7/site-packages/airflow/example_dags/example_sla_dag.py for tasks to queue
[2023-03-28 22:28:58,899] {logging_mixin.py:115} INFO - [2023-03-28 22:28:58,899] {dagbag.py:507} INFO - Filling up the DagBag from /home/airflow/.local/lib/python3.7/site-packages/airflow/example_dags/example_sla_dag.py
[2023-03-28 22:28:58,911] {processor.py:651} INFO - DAG(s) dict_keys(['example_sla_dag']) retrieved from /home/airflow/.local/lib/python3.7/site-packages/airflow/example_dags/example_sla_dag.py
[2023-03-28 22:28:58,931] {logging_mixin.py:115} INFO - [2023-03-28 22:28:58,931] {dag.py:2371} INFO - Sync 1 DAGs
[2023-03-28 22:28:58,954] {logging_mixin.py:115} INFO - [2023-03-28 22:28:58,953] {dag.py:2919} INFO - Setting next_dagrun for example_sla_dag to 2023-03-28T22:26:00+00:00, run_after=2023-03-28T22:28:00+00:00
[2023-03-28 22:28:58,967] {processor.py:161} INFO - Processing /home/airflow/.local/lib/python3.7/site-packages/airflow/example_dags/example_sla_dag.py took 0.077 seconds
[2023-03-28 22:29:29,641] {processor.py:153} INFO - Started process (PID=3038) to work on /home/airflow/.local/lib/python3.7/site-packages/airflow/example_dags/example_sla_dag.py
[2023-03-28 22:29:29,642] {processor.py:641} INFO - Processing file /home/airflow/.local/lib/python3.7/site-packages/airflow/example_dags/example_sla_dag.py for tasks to queue
[2023-03-28 22:29:29,642] {logging_mixin.py:115} INFO - [2023-03-28 22:29:29,642] {dagbag.py:507} INFO - Filling up the DagBag from /home/airflow/.local/lib/python3.7/site-packages/airflow/example_dags/example_sla_dag.py
[2023-03-28 22:29:29,660] {processor.py:651} INFO - DAG(s) dict_keys(['example_sla_dag']) retrieved from /home/airflow/.local/lib/python3.7/site-packages/airflow/example_dags/example_sla_dag.py
[2023-03-28 22:29:29,691] {logging_mixin.py:115} INFO - [2023-03-28 22:29:29,691] {dag.py:2371} INFO - Sync 1 DAGs
[2023-03-28 22:29:29,723] {logging_mixin.py:115} INFO - [2023-03-28 22:29:29,722] {dag.py:2919} INFO - Setting next_dagrun for example_sla_dag to 2023-03-28T22:26:00+00:00, run_after=2023-03-28T22:28:00+00:00
[2023-03-28 22:29:29,741] {processor.py:161} INFO - Processing /home/airflow/.local/lib/python3.7/site-packages/airflow/example_dags/example_sla_dag.py took 0.102 seconds
[2023-03-28 22:30:00,741] {processor.py:153} INFO - Started process (PID=3093) to work on /home/airflow/.local/lib/python3.7/site-packages/airflow/example_dags/example_sla_dag.py
[2023-03-28 22:30:00,742] {processor.py:641} INFO - Processing file /home/airflow/.local/lib/python3.7/site-packages/airflow/example_dags/example_sla_dag.py for tasks to queue
[2023-03-28 22:30:00,742] {logging_mixin.py:115} INFO - [2023-03-28 22:30:00,742] {dagbag.py:507} INFO - Filling up the DagBag from /home/airflow/.local/lib/python3.7/site-packages/airflow/example_dags/example_sla_dag.py
[2023-03-28 22:30:00,756] {processor.py:651} INFO - DAG(s) dict_keys(['example_sla_dag']) retrieved from /home/airflow/.local/lib/python3.7/site-packages/airflow/example_dags/example_sla_dag.py
[2023-03-28 22:30:00,776] {logging_mixin.py:115} INFO - [2023-03-28 22:30:00,776] {dag.py:2371} INFO - Sync 1 DAGs
[2023-03-28 22:30:00,799] {logging_mixin.py:115} INFO - [2023-03-28 22:30:00,799] {dag.py:2919} INFO - Setting next_dagrun for example_sla_dag to 2023-03-28T22:28:00+00:00, run_after=2023-03-28T22:30:00+00:00
[2023-03-28 22:30:00,904] {processor.py:161} INFO - Processing /home/airflow/.local/lib/python3.7/site-packages/airflow/example_dags/example_sla_dag.py took 0.167 seconds
[2023-03-28 22:30:31,137] {processor.py:153} INFO - Started process (PID=3157) to work on /home/airflow/.local/lib/python3.7/site-packages/airflow/example_dags/example_sla_dag.py
[2023-03-28 22:30:31,137] {processor.py:641} INFO - Processing file /home/airflow/.local/lib/python3.7/site-packages/airflow/example_dags/example_sla_dag.py for tasks to queue
[2023-03-28 22:30:31,137] {logging_mixin.py:115} INFO - [2023-03-28 22:30:31,137] {dagbag.py:507} INFO - Filling up the DagBag from /home/airflow/.local/lib/python3.7/site-packages/airflow/example_dags/example_sla_dag.py
[2023-03-28 22:30:31,149] {processor.py:651} INFO - DAG(s) dict_keys(['example_sla_dag']) retrieved from /home/airflow/.local/lib/python3.7/site-packages/airflow/example_dags/example_sla_dag.py
[2023-03-28 22:30:31,170] {logging_mixin.py:115} INFO - [2023-03-28 22:30:31,170] {dag.py:2371} INFO - Sync 1 DAGs
[2023-03-28 22:30:31,192] {logging_mixin.py:115} INFO - [2023-03-28 22:30:31,192] {dag.py:2919} INFO - Setting next_dagrun for example_sla_dag to 2023-03-28T22:28:00+00:00, run_after=2023-03-28T22:30:00+00:00
[2023-03-28 22:30:31,306] {processor.py:161} INFO - Processing /home/airflow/.local/lib/python3.7/site-packages/airflow/example_dags/example_sla_dag.py took 0.171 seconds
[2023-03-28 22:31:01,364] {processor.py:153} INFO - Started process (PID=3221) to work on /home/airflow/.local/lib/python3.7/site-packages/airflow/example_dags/example_sla_dag.py
[2023-03-28 22:31:01,371] {processor.py:641} INFO - Processing file /home/airflow/.local/lib/python3.7/site-packages/airflow/example_dags/example_sla_dag.py for tasks to queue
[2023-03-28 22:31:01,371] {logging_mixin.py:115} INFO - [2023-03-28 22:31:01,371] {dagbag.py:507} INFO - Filling up the DagBag from /home/airflow/.local/lib/python3.7/site-packages/airflow/example_dags/example_sla_dag.py
[2023-03-28 22:31:01,383] {processor.py:651} INFO - DAG(s) dict_keys(['example_sla_dag']) retrieved from /home/airflow/.local/lib/python3.7/site-packages/airflow/example_dags/example_sla_dag.py
[2023-03-28 22:31:01,403] {logging_mixin.py:115} INFO - [2023-03-28 22:31:01,403] {dag.py:2371} INFO - Sync 1 DAGs
[2023-03-28 22:31:01,426] {logging_mixin.py:115} INFO - [2023-03-28 22:31:01,426] {dag.py:2919} INFO - Setting next_dagrun for example_sla_dag to 2023-03-28T22:28:00+00:00, run_after=2023-03-28T22:30:00+00:00
[2023-03-28 22:31:01,530] {processor.py:161} INFO - Processing /home/airflow/.local/lib/python3.7/site-packages/airflow/example_dags/example_sla_dag.py took 0.167 seconds
[2023-03-28 22:31:31,618] {processor.py:153} INFO - Started process (PID=3276) to work on /home/airflow/.local/lib/python3.7/site-packages/airflow/example_dags/example_sla_dag.py
[2023-03-28 22:31:31,618] {processor.py:641} INFO - Processing file /home/airflow/.local/lib/python3.7/site-packages/airflow/example_dags/example_sla_dag.py for tasks to queue
[2023-03-28 22:31:31,619] {logging_mixin.py:115} INFO - [2023-03-28 22:31:31,619] {dagbag.py:507} INFO - Filling up the DagBag from /home/airflow/.local/lib/python3.7/site-packages/airflow/example_dags/example_sla_dag.py
[2023-03-28 22:31:31,631] {processor.py:651} INFO - DAG(s) dict_keys(['example_sla_dag']) retrieved from /home/airflow/.local/lib/python3.7/site-packages/airflow/example_dags/example_sla_dag.py
[2023-03-28 22:31:31,651] {logging_mixin.py:115} INFO - [2023-03-28 22:31:31,651] {dag.py:2371} INFO - Sync 1 DAGs
[2023-03-28 22:31:31,673] {logging_mixin.py:115} INFO - [2023-03-28 22:31:31,673] {dag.py:2919} INFO - Setting next_dagrun for example_sla_dag to 2023-03-28T22:28:00+00:00, run_after=2023-03-28T22:30:00+00:00
[2023-03-28 22:31:31,775] {processor.py:161} INFO - Processing /home/airflow/.local/lib/python3.7/site-packages/airflow/example_dags/example_sla_dag.py took 0.160 seconds
[2023-03-28 22:32:02,094] {processor.py:153} INFO - Started process (PID=3340) to work on /home/airflow/.local/lib/python3.7/site-packages/airflow/example_dags/example_sla_dag.py
[2023-03-28 22:32:02,101] {processor.py:641} INFO - Processing file /home/airflow/.local/lib/python3.7/site-packages/airflow/example_dags/example_sla_dag.py for tasks to queue
[2023-03-28 22:32:02,102] {logging_mixin.py:115} INFO - [2023-03-28 22:32:02,101] {dagbag.py:507} INFO - Filling up the DagBag from /home/airflow/.local/lib/python3.7/site-packages/airflow/example_dags/example_sla_dag.py
[2023-03-28 22:32:02,114] {processor.py:651} INFO - DAG(s) dict_keys(['example_sla_dag']) retrieved from /home/airflow/.local/lib/python3.7/site-packages/airflow/example_dags/example_sla_dag.py
[2023-03-28 22:32:02,133] {logging_mixin.py:115} INFO - [2023-03-28 22:32:02,133] {dag.py:2371} INFO - Sync 1 DAGs
[2023-03-28 22:32:02,156] {logging_mixin.py:115} INFO - [2023-03-28 22:32:02,155] {dag.py:2919} INFO - Setting next_dagrun for example_sla_dag to 2023-03-28T22:30:00+00:00, run_after=2023-03-28T22:32:00+00:00
[2023-03-28 22:32:02,252] {processor.py:161} INFO - Processing /home/airflow/.local/lib/python3.7/site-packages/airflow/example_dags/example_sla_dag.py took 0.160 seconds
[2023-03-28 22:32:32,524] {processor.py:153} INFO - Started process (PID=3404) to work on /home/airflow/.local/lib/python3.7/site-packages/airflow/example_dags/example_sla_dag.py
[2023-03-28 22:32:32,524] {processor.py:641} INFO - Processing file /home/airflow/.local/lib/python3.7/site-packages/airflow/example_dags/example_sla_dag.py for tasks to queue
[2023-03-28 22:32:32,524] {logging_mixin.py:115} INFO - [2023-03-28 22:32:32,524] {dagbag.py:507} INFO - Filling up the DagBag from /home/airflow/.local/lib/python3.7/site-packages/airflow/example_dags/example_sla_dag.py
[2023-03-28 22:32:32,536] {processor.py:651} INFO - DAG(s) dict_keys(['example_sla_dag']) retrieved from /home/airflow/.local/lib/python3.7/site-packages/airflow/example_dags/example_sla_dag.py
[2023-03-28 22:32:32,555] {logging_mixin.py:115} INFO - [2023-03-28 22:32:32,555] {dag.py:2371} INFO - Sync 1 DAGs
[2023-03-28 22:32:32,578] {logging_mixin.py:115} INFO - [2023-03-28 22:32:32,578] {dag.py:2919} INFO - Setting next_dagrun for example_sla_dag to 2023-03-28T22:30:00+00:00, run_after=2023-03-28T22:32:00+00:00
[2023-03-28 22:32:32,680] {processor.py:161} INFO - Processing /home/airflow/.local/lib/python3.7/site-packages/airflow/example_dags/example_sla_dag.py took 0.159 seconds
[2023-03-28 22:33:02,748] {processor.py:153} INFO - Started process (PID=3459) to work on /home/airflow/.local/lib/python3.7/site-packages/airflow/example_dags/example_sla_dag.py
[2023-03-28 22:33:02,752] {processor.py:641} INFO - Processing file /home/airflow/.local/lib/python3.7/site-packages/airflow/example_dags/example_sla_dag.py for tasks to queue
[2023-03-28 22:33:02,753] {logging_mixin.py:115} INFO - [2023-03-28 22:33:02,753] {dagbag.py:507} INFO - Filling up the DagBag from /home/airflow/.local/lib/python3.7/site-packages/airflow/example_dags/example_sla_dag.py
[2023-03-28 22:33:02,770] {processor.py:651} INFO - DAG(s) dict_keys(['example_sla_dag']) retrieved from /home/airflow/.local/lib/python3.7/site-packages/airflow/example_dags/example_sla_dag.py
[2023-03-28 22:33:02,794] {logging_mixin.py:115} INFO - [2023-03-28 22:33:02,794] {dag.py:2371} INFO - Sync 1 DAGs
[2023-03-28 22:33:02,820] {logging_mixin.py:115} INFO - [2023-03-28 22:33:02,820] {dag.py:2919} INFO - Setting next_dagrun for example_sla_dag to 2023-03-28T22:30:00+00:00, run_after=2023-03-28T22:32:00+00:00
[2023-03-28 22:33:02,927] {processor.py:161} INFO - Processing /home/airflow/.local/lib/python3.7/site-packages/airflow/example_dags/example_sla_dag.py took 0.182 seconds
[2023-03-28 22:33:33,199] {processor.py:153} INFO - Started process (PID=3523) to work on /home/airflow/.local/lib/python3.7/site-packages/airflow/example_dags/example_sla_dag.py
[2023-03-28 22:33:33,199] {processor.py:641} INFO - Processing file /home/airflow/.local/lib/python3.7/site-packages/airflow/example_dags/example_sla_dag.py for tasks to queue
[2023-03-28 22:33:33,199] {logging_mixin.py:115} INFO - [2023-03-28 22:33:33,199] {dagbag.py:507} INFO - Filling up the DagBag from /home/airflow/.local/lib/python3.7/site-packages/airflow/example_dags/example_sla_dag.py
[2023-03-28 22:33:33,213] {processor.py:651} INFO - DAG(s) dict_keys(['example_sla_dag']) retrieved from /home/airflow/.local/lib/python3.7/site-packages/airflow/example_dags/example_sla_dag.py
[2023-03-28 22:33:33,235] {logging_mixin.py:115} INFO - [2023-03-28 22:33:33,235] {dag.py:2371} INFO - Sync 1 DAGs
[2023-03-28 22:33:33,259] {logging_mixin.py:115} INFO - [2023-03-28 22:33:33,259] {dag.py:2919} INFO - Setting next_dagrun for example_sla_dag to 2023-03-28T22:30:00+00:00, run_after=2023-03-28T22:32:00+00:00
[2023-03-28 22:33:33,377] {processor.py:161} INFO - Processing /home/airflow/.local/lib/python3.7/site-packages/airflow/example_dags/example_sla_dag.py took 0.181 seconds
[2023-03-28 22:34:03,644] {processor.py:153} INFO - Started process (PID=3587) to work on /home/airflow/.local/lib/python3.7/site-packages/airflow/example_dags/example_sla_dag.py
[2023-03-28 22:34:03,645] {processor.py:641} INFO - Processing file /home/airflow/.local/lib/python3.7/site-packages/airflow/example_dags/example_sla_dag.py for tasks to queue
[2023-03-28 22:34:03,645] {logging_mixin.py:115} INFO - [2023-03-28 22:34:03,645] {dagbag.py:507} INFO - Filling up the DagBag from /home/airflow/.local/lib/python3.7/site-packages/airflow/example_dags/example_sla_dag.py
[2023-03-28 22:34:03,659] {processor.py:651} INFO - DAG(s) dict_keys(['example_sla_dag']) retrieved from /home/airflow/.local/lib/python3.7/site-packages/airflow/example_dags/example_sla_dag.py
[2023-03-28 22:34:03,681] {logging_mixin.py:115} INFO - [2023-03-28 22:34:03,681] {dag.py:2371} INFO - Sync 1 DAGs
[2023-03-28 22:34:03,703] {logging_mixin.py:115} INFO - [2023-03-28 22:34:03,703] {dag.py:2919} INFO - Setting next_dagrun for example_sla_dag to 2023-03-28T22:32:00+00:00, run_after=2023-03-28T22:34:00+00:00
[2023-03-28 22:34:03,825] {processor.py:161} INFO - Processing /home/airflow/.local/lib/python3.7/site-packages/airflow/example_dags/example_sla_dag.py took 0.183 seconds
[2023-03-28 22:34:33,916] {processor.py:153} INFO - Started process (PID=3642) to work on /home/airflow/.local/lib/python3.7/site-packages/airflow/example_dags/example_sla_dag.py
[2023-03-28 22:34:33,916] {processor.py:641} INFO - Processing file /home/airflow/.local/lib/python3.7/site-packages/airflow/example_dags/example_sla_dag.py for tasks to queue
[2023-03-28 22:34:33,916] {logging_mixin.py:115} INFO - [2023-03-28 22:34:33,916] {dagbag.py:507} INFO - Filling up the DagBag from /home/airflow/.local/lib/python3.7/site-packages/airflow/example_dags/example_sla_dag.py
[2023-03-28 22:34:33,928] {processor.py:651} INFO - DAG(s) dict_keys(['example_sla_dag']) retrieved from /home/airflow/.local/lib/python3.7/site-packages/airflow/example_dags/example_sla_dag.py
[2023-03-28 22:34:33,948] {logging_mixin.py:115} INFO - [2023-03-28 22:34:33,948] {dag.py:2371} INFO - Sync 1 DAGs
[2023-03-28 22:34:33,970] {logging_mixin.py:115} INFO - [2023-03-28 22:34:33,970] {dag.py:2919} INFO - Setting next_dagrun for example_sla_dag to 2023-03-28T22:32:00+00:00, run_after=2023-03-28T22:34:00+00:00
[2023-03-28 22:34:34,073] {processor.py:161} INFO - Processing /home/airflow/.local/lib/python3.7/site-packages/airflow/example_dags/example_sla_dag.py took 0.159 seconds
[2023-03-28 22:35:04,454] {processor.py:153} INFO - Started process (PID=3706) to work on /home/airflow/.local/lib/python3.7/site-packages/airflow/example_dags/example_sla_dag.py
[2023-03-28 22:35:04,455] {processor.py:641} INFO - Processing file /home/airflow/.local/lib/python3.7/site-packages/airflow/example_dags/example_sla_dag.py for tasks to queue
[2023-03-28 22:35:04,455] {logging_mixin.py:115} INFO - [2023-03-28 22:35:04,455] {dagbag.py:507} INFO - Filling up the DagBag from /home/airflow/.local/lib/python3.7/site-packages/airflow/example_dags/example_sla_dag.py
[2023-03-28 22:35:04,471] {processor.py:651} INFO - DAG(s) dict_keys(['example_sla_dag']) retrieved from /home/airflow/.local/lib/python3.7/site-packages/airflow/example_dags/example_sla_dag.py
[2023-03-28 22:35:04,494] {logging_mixin.py:115} INFO - [2023-03-28 22:35:04,494] {dag.py:2371} INFO - Sync 1 DAGs
[2023-03-28 22:35:04,611] {logging_mixin.py:115} INFO - [2023-03-28 22:35:04,611] {dag.py:2919} INFO - Setting next_dagrun for example_sla_dag to 2023-03-28T22:32:00+00:00, run_after=2023-03-28T22:34:00+00:00
[2023-03-28 22:35:04,626] {processor.py:161} INFO - Processing /home/airflow/.local/lib/python3.7/site-packages/airflow/example_dags/example_sla_dag.py took 0.175 seconds
[2023-03-28 22:35:35,212] {processor.py:153} INFO - Started process (PID=3771) to work on /home/airflow/.local/lib/python3.7/site-packages/airflow/example_dags/example_sla_dag.py
[2023-03-28 22:35:35,213] {processor.py:641} INFO - Processing file /home/airflow/.local/lib/python3.7/site-packages/airflow/example_dags/example_sla_dag.py for tasks to queue
[2023-03-28 22:35:35,213] {logging_mixin.py:115} INFO - [2023-03-28 22:35:35,213] {dagbag.py:507} INFO - Filling up the DagBag from /home/airflow/.local/lib/python3.7/site-packages/airflow/example_dags/example_sla_dag.py
[2023-03-28 22:35:35,227] {processor.py:651} INFO - DAG(s) dict_keys(['example_sla_dag']) retrieved from /home/airflow/.local/lib/python3.7/site-packages/airflow/example_dags/example_sla_dag.py
[2023-03-28 22:35:35,247] {logging_mixin.py:115} INFO - [2023-03-28 22:35:35,247] {dag.py:2371} INFO - Sync 1 DAGs
[2023-03-28 22:35:35,361] {logging_mixin.py:115} INFO - [2023-03-28 22:35:35,361] {dag.py:2919} INFO - Setting next_dagrun for example_sla_dag to 2023-03-28T22:32:00+00:00, run_after=2023-03-28T22:34:00+00:00
[2023-03-28 22:35:35,372] {processor.py:161} INFO - Processing /home/airflow/.local/lib/python3.7/site-packages/airflow/example_dags/example_sla_dag.py took 0.162 seconds
[2023-03-28 22:36:05,913] {processor.py:153} INFO - Started process (PID=3826) to work on /home/airflow/.local/lib/python3.7/site-packages/airflow/example_dags/example_sla_dag.py
[2023-03-28 22:36:05,914] {processor.py:641} INFO - Processing file /home/airflow/.local/lib/python3.7/site-packages/airflow/example_dags/example_sla_dag.py for tasks to queue
[2023-03-28 22:36:05,914] {logging_mixin.py:115} INFO - [2023-03-28 22:36:05,914] {dagbag.py:507} INFO - Filling up the DagBag from /home/airflow/.local/lib/python3.7/site-packages/airflow/example_dags/example_sla_dag.py
[2023-03-28 22:36:05,927] {processor.py:651} INFO - DAG(s) dict_keys(['example_sla_dag']) retrieved from /home/airflow/.local/lib/python3.7/site-packages/airflow/example_dags/example_sla_dag.py
[2023-03-28 22:36:05,948] {logging_mixin.py:115} INFO - [2023-03-28 22:36:05,948] {dag.py:2371} INFO - Sync 1 DAGs
[2023-03-28 22:36:06,068] {logging_mixin.py:115} INFO - [2023-03-28 22:36:06,068] {dag.py:2919} INFO - Setting next_dagrun for example_sla_dag to 2023-03-28T22:34:00+00:00, run_after=2023-03-28T22:36:00+00:00
[2023-03-28 22:36:06,079] {processor.py:161} INFO - Processing /home/airflow/.local/lib/python3.7/site-packages/airflow/example_dags/example_sla_dag.py took 0.168 seconds
[2023-03-28 22:36:36,717] {processor.py:153} INFO - Started process (PID=3892) to work on /home/airflow/.local/lib/python3.7/site-packages/airflow/example_dags/example_sla_dag.py
[2023-03-28 22:36:36,719] {processor.py:641} INFO - Processing file /home/airflow/.local/lib/python3.7/site-packages/airflow/example_dags/example_sla_dag.py for tasks to queue
[2023-03-28 22:36:36,719] {logging_mixin.py:115} INFO - [2023-03-28 22:36:36,719] {dagbag.py:507} INFO - Filling up the DagBag from /home/airflow/.local/lib/python3.7/site-packages/airflow/example_dags/example_sla_dag.py
[2023-03-28 22:36:36,731] {processor.py:651} INFO - DAG(s) dict_keys(['example_sla_dag']) retrieved from /home/airflow/.local/lib/python3.7/site-packages/airflow/example_dags/example_sla_dag.py
[2023-03-28 22:36:36,754] {logging_mixin.py:115} INFO - [2023-03-28 22:36:36,754] {dag.py:2371} INFO - Sync 1 DAGs
[2023-03-28 22:36:36,881] {logging_mixin.py:115} INFO - [2023-03-28 22:36:36,881] {dag.py:2919} INFO - Setting next_dagrun for example_sla_dag to 2023-03-28T22:34:00+00:00, run_after=2023-03-28T22:36:00+00:00
[2023-03-28 22:36:36,897] {processor.py:161} INFO - Processing /home/airflow/.local/lib/python3.7/site-packages/airflow/example_dags/example_sla_dag.py took 0.182 seconds
[2023-03-28 22:37:07,428] {processor.py:153} INFO - Started process (PID=3957) to work on /home/airflow/.local/lib/python3.7/site-packages/airflow/example_dags/example_sla_dag.py
[2023-03-28 22:37:07,435] {processor.py:641} INFO - Processing file /home/airflow/.local/lib/python3.7/site-packages/airflow/example_dags/example_sla_dag.py for tasks to queue
[2023-03-28 22:37:07,435] {logging_mixin.py:115} INFO - [2023-03-28 22:37:07,435] {dagbag.py:507} INFO - Filling up the DagBag from /home/airflow/.local/lib/python3.7/site-packages/airflow/example_dags/example_sla_dag.py
[2023-03-28 22:37:07,450] {processor.py:651} INFO - DAG(s) dict_keys(['example_sla_dag']) retrieved from /home/airflow/.local/lib/python3.7/site-packages/airflow/example_dags/example_sla_dag.py
[2023-03-28 22:37:07,473] {logging_mixin.py:115} INFO - [2023-03-28 22:37:07,473] {dag.py:2371} INFO - Sync 1 DAGs
[2023-03-28 22:37:07,675] {logging_mixin.py:115} INFO - [2023-03-28 22:37:07,674] {dag.py:2919} INFO - Setting next_dagrun for example_sla_dag to 2023-03-28T22:34:00+00:00, run_after=2023-03-28T22:36:00+00:00
[2023-03-28 22:37:07,687] {processor.py:161} INFO - Processing /home/airflow/.local/lib/python3.7/site-packages/airflow/example_dags/example_sla_dag.py took 0.261 seconds
[2023-03-28 22:37:38,268] {processor.py:153} INFO - Started process (PID=4021) to work on /home/airflow/.local/lib/python3.7/site-packages/airflow/example_dags/example_sla_dag.py
[2023-03-28 22:37:38,268] {processor.py:641} INFO - Processing file /home/airflow/.local/lib/python3.7/site-packages/airflow/example_dags/example_sla_dag.py for tasks to queue
[2023-03-28 22:37:38,269] {logging_mixin.py:115} INFO - [2023-03-28 22:37:38,269] {dagbag.py:507} INFO - Filling up the DagBag from /home/airflow/.local/lib/python3.7/site-packages/airflow/example_dags/example_sla_dag.py
[2023-03-28 22:37:38,287] {processor.py:651} INFO - DAG(s) dict_keys(['example_sla_dag']) retrieved from /home/airflow/.local/lib/python3.7/site-packages/airflow/example_dags/example_sla_dag.py
[2023-03-28 22:37:38,315] {logging_mixin.py:115} INFO - [2023-03-28 22:37:38,315] {dag.py:2371} INFO - Sync 1 DAGs
[2023-03-28 22:37:38,482] {logging_mixin.py:115} INFO - [2023-03-28 22:37:38,482] {dag.py:2919} INFO - Setting next_dagrun for example_sla_dag to 2023-03-28T22:34:00+00:00, run_after=2023-03-28T22:36:00+00:00
[2023-03-28 22:37:38,503] {processor.py:161} INFO - Processing /home/airflow/.local/lib/python3.7/site-packages/airflow/example_dags/example_sla_dag.py took 0.237 seconds
[2023-03-28 22:38:08,950] {processor.py:153} INFO - Started process (PID=4076) to work on /home/airflow/.local/lib/python3.7/site-packages/airflow/example_dags/example_sla_dag.py
[2023-03-28 22:38:08,951] {processor.py:641} INFO - Processing file /home/airflow/.local/lib/python3.7/site-packages/airflow/example_dags/example_sla_dag.py for tasks to queue
[2023-03-28 22:38:08,952] {logging_mixin.py:115} INFO - [2023-03-28 22:38:08,952] {dagbag.py:507} INFO - Filling up the DagBag from /home/airflow/.local/lib/python3.7/site-packages/airflow/example_dags/example_sla_dag.py
[2023-03-28 22:38:08,968] {processor.py:651} INFO - DAG(s) dict_keys(['example_sla_dag']) retrieved from /home/airflow/.local/lib/python3.7/site-packages/airflow/example_dags/example_sla_dag.py
[2023-03-28 22:38:08,993] {logging_mixin.py:115} INFO - [2023-03-28 22:38:08,993] {dag.py:2371} INFO - Sync 1 DAGs
[2023-03-28 22:38:09,151] {logging_mixin.py:115} INFO - [2023-03-28 22:38:09,150] {dag.py:2919} INFO - Setting next_dagrun for example_sla_dag to 2023-03-28T22:36:00+00:00, run_after=2023-03-28T22:38:00+00:00
[2023-03-28 22:38:09,168] {processor.py:161} INFO - Processing /home/airflow/.local/lib/python3.7/site-packages/airflow/example_dags/example_sla_dag.py took 0.220 seconds
[2023-03-28 22:38:39,865] {processor.py:153} INFO - Started process (PID=4140) to work on /home/airflow/.local/lib/python3.7/site-packages/airflow/example_dags/example_sla_dag.py
[2023-03-28 22:38:39,866] {processor.py:641} INFO - Processing file /home/airflow/.local/lib/python3.7/site-packages/airflow/example_dags/example_sla_dag.py for tasks to queue
[2023-03-28 22:38:39,866] {logging_mixin.py:115} INFO - [2023-03-28 22:38:39,866] {dagbag.py:507} INFO - Filling up the DagBag from /home/airflow/.local/lib/python3.7/site-packages/airflow/example_dags/example_sla_dag.py
[2023-03-28 22:38:39,877] {processor.py:651} INFO - DAG(s) dict_keys(['example_sla_dag']) retrieved from /home/airflow/.local/lib/python3.7/site-packages/airflow/example_dags/example_sla_dag.py
[2023-03-28 22:38:39,897] {logging_mixin.py:115} INFO - [2023-03-28 22:38:39,897] {dag.py:2371} INFO - Sync 1 DAGs
[2023-03-28 22:38:40,009] {logging_mixin.py:115} INFO - [2023-03-28 22:38:40,009] {dag.py:2919} INFO - Setting next_dagrun for example_sla_dag to 2023-03-28T22:36:00+00:00, run_after=2023-03-28T22:38:00+00:00
[2023-03-28 22:38:40,020] {processor.py:161} INFO - Processing /home/airflow/.local/lib/python3.7/site-packages/airflow/example_dags/example_sla_dag.py took 0.157 seconds
[2023-03-28 22:39:10,530] {processor.py:153} INFO - Started process (PID=4204) to work on /home/airflow/.local/lib/python3.7/site-packages/airflow/example_dags/example_sla_dag.py
[2023-03-28 22:39:10,531] {processor.py:641} INFO - Processing file /home/airflow/.local/lib/python3.7/site-packages/airflow/example_dags/example_sla_dag.py for tasks to queue
[2023-03-28 22:39:10,531] {logging_mixin.py:115} INFO - [2023-03-28 22:39:10,531] {dagbag.py:507} INFO - Filling up the DagBag from /home/airflow/.local/lib/python3.7/site-packages/airflow/example_dags/example_sla_dag.py
[2023-03-28 22:39:10,545] {processor.py:651} INFO - DAG(s) dict_keys(['example_sla_dag']) retrieved from /home/airflow/.local/lib/python3.7/site-packages/airflow/example_dags/example_sla_dag.py
[2023-03-28 22:39:10,565] {logging_mixin.py:115} INFO - [2023-03-28 22:39:10,565] {dag.py:2371} INFO - Sync 1 DAGs
[2023-03-28 22:39:10,688] {logging_mixin.py:115} INFO - [2023-03-28 22:39:10,688] {dag.py:2919} INFO - Setting next_dagrun for example_sla_dag to 2023-03-28T22:36:00+00:00, run_after=2023-03-28T22:38:00+00:00
[2023-03-28 22:39:10,700] {processor.py:161} INFO - Processing /home/airflow/.local/lib/python3.7/site-packages/airflow/example_dags/example_sla_dag.py took 0.172 seconds
[2023-03-28 22:39:41,240] {processor.py:153} INFO - Started process (PID=4260) to work on /home/airflow/.local/lib/python3.7/site-packages/airflow/example_dags/example_sla_dag.py
[2023-03-28 22:39:41,240] {processor.py:641} INFO - Processing file /home/airflow/.local/lib/python3.7/site-packages/airflow/example_dags/example_sla_dag.py for tasks to queue
[2023-03-28 22:39:41,240] {logging_mixin.py:115} INFO - [2023-03-28 22:39:41,240] {dagbag.py:507} INFO - Filling up the DagBag from /home/airflow/.local/lib/python3.7/site-packages/airflow/example_dags/example_sla_dag.py
[2023-03-28 22:39:41,253] {processor.py:651} INFO - DAG(s) dict_keys(['example_sla_dag']) retrieved from /home/airflow/.local/lib/python3.7/site-packages/airflow/example_dags/example_sla_dag.py
[2023-03-28 22:39:41,274] {logging_mixin.py:115} INFO - [2023-03-28 22:39:41,274] {dag.py:2371} INFO - Sync 1 DAGs
[2023-03-28 22:39:41,385] {logging_mixin.py:115} INFO - [2023-03-28 22:39:41,385] {dag.py:2919} INFO - Setting next_dagrun for example_sla_dag to 2023-03-28T22:36:00+00:00, run_after=2023-03-28T22:38:00+00:00
[2023-03-28 22:39:41,396] {processor.py:161} INFO - Processing /home/airflow/.local/lib/python3.7/site-packages/airflow/example_dags/example_sla_dag.py took 0.159 seconds
[2023-03-28 22:40:12,003] {processor.py:153} INFO - Started process (PID=4324) to work on /home/airflow/.local/lib/python3.7/site-packages/airflow/example_dags/example_sla_dag.py
[2023-03-28 22:40:12,011] {processor.py:641} INFO - Processing file /home/airflow/.local/lib/python3.7/site-packages/airflow/example_dags/example_sla_dag.py for tasks to queue
[2023-03-28 22:40:12,011] {logging_mixin.py:115} INFO - [2023-03-28 22:40:12,011] {dagbag.py:507} INFO - Filling up the DagBag from /home/airflow/.local/lib/python3.7/site-packages/airflow/example_dags/example_sla_dag.py
[2023-03-28 22:40:12,023] {processor.py:651} INFO - DAG(s) dict_keys(['example_sla_dag']) retrieved from /home/airflow/.local/lib/python3.7/site-packages/airflow/example_dags/example_sla_dag.py
[2023-03-28 22:40:12,046] {logging_mixin.py:115} INFO - [2023-03-28 22:40:12,046] {dag.py:2371} INFO - Sync 1 DAGs
[2023-03-28 22:40:12,175] {logging_mixin.py:115} INFO - [2023-03-28 22:40:12,175] {dag.py:2919} INFO - Setting next_dagrun for example_sla_dag to 2023-03-28T22:38:00+00:00, run_after=2023-03-28T22:40:00+00:00
[2023-03-28 22:40:12,189] {processor.py:161} INFO - Processing /home/airflow/.local/lib/python3.7/site-packages/airflow/example_dags/example_sla_dag.py took 0.188 seconds
[2023-03-28 22:41:27,923] {processor.py:153} INFO - Started process (PID=64) to work on /home/airflow/.local/lib/python3.7/site-packages/airflow/example_dags/example_sla_dag.py
[2023-03-28 22:41:27,924] {processor.py:641} INFO - Processing file /home/airflow/.local/lib/python3.7/site-packages/airflow/example_dags/example_sla_dag.py for tasks to queue
[2023-03-28 22:41:27,925] {logging_mixin.py:115} INFO - [2023-03-28 22:41:27,925] {dagbag.py:507} INFO - Filling up the DagBag from /home/airflow/.local/lib/python3.7/site-packages/airflow/example_dags/example_sla_dag.py
[2023-03-28 22:41:27,938] {processor.py:651} INFO - DAG(s) dict_keys(['example_sla_dag']) retrieved from /home/airflow/.local/lib/python3.7/site-packages/airflow/example_dags/example_sla_dag.py
[2023-03-28 22:41:27,963] {logging_mixin.py:115} INFO - [2023-03-28 22:41:27,963] {dag.py:2371} INFO - Sync 1 DAGs
[2023-03-28 22:41:27,988] {logging_mixin.py:115} INFO - [2023-03-28 22:41:27,988] {dag.py:2919} INFO - Setting next_dagrun for example_sla_dag to 2023-03-28T22:38:00+00:00, run_after=2023-03-28T22:40:00+00:00
[2023-03-28 22:41:28,002] {processor.py:161} INFO - Processing /home/airflow/.local/lib/python3.7/site-packages/airflow/example_dags/example_sla_dag.py took 0.081 seconds
[2023-03-28 22:41:58,370] {processor.py:153} INFO - Started process (PID=129) to work on /home/airflow/.local/lib/python3.7/site-packages/airflow/example_dags/example_sla_dag.py
[2023-03-28 22:41:58,371] {processor.py:641} INFO - Processing file /home/airflow/.local/lib/python3.7/site-packages/airflow/example_dags/example_sla_dag.py for tasks to queue
[2023-03-28 22:41:58,371] {logging_mixin.py:115} INFO - [2023-03-28 22:41:58,371] {dagbag.py:507} INFO - Filling up the DagBag from /home/airflow/.local/lib/python3.7/site-packages/airflow/example_dags/example_sla_dag.py
[2023-03-28 22:41:58,386] {processor.py:651} INFO - DAG(s) dict_keys(['example_sla_dag']) retrieved from /home/airflow/.local/lib/python3.7/site-packages/airflow/example_dags/example_sla_dag.py
[2023-03-28 22:41:58,409] {logging_mixin.py:115} INFO - [2023-03-28 22:41:58,409] {dag.py:2371} INFO - Sync 1 DAGs
[2023-03-28 22:41:58,433] {logging_mixin.py:115} INFO - [2023-03-28 22:41:58,433] {dag.py:2919} INFO - Setting next_dagrun for example_sla_dag to 2023-03-28T22:38:00+00:00, run_after=2023-03-28T22:40:00+00:00
[2023-03-28 22:41:58,448] {processor.py:161} INFO - Processing /home/airflow/.local/lib/python3.7/site-packages/airflow/example_dags/example_sla_dag.py took 0.080 seconds
[2023-03-28 22:42:28,901] {processor.py:153} INFO - Started process (PID=192) to work on /home/airflow/.local/lib/python3.7/site-packages/airflow/example_dags/example_sla_dag.py
[2023-03-28 22:42:28,901] {processor.py:641} INFO - Processing file /home/airflow/.local/lib/python3.7/site-packages/airflow/example_dags/example_sla_dag.py for tasks to queue
[2023-03-28 22:42:28,901] {logging_mixin.py:115} INFO - [2023-03-28 22:42:28,901] {dagbag.py:507} INFO - Filling up the DagBag from /home/airflow/.local/lib/python3.7/site-packages/airflow/example_dags/example_sla_dag.py
[2023-03-28 22:42:28,915] {processor.py:651} INFO - DAG(s) dict_keys(['example_sla_dag']) retrieved from /home/airflow/.local/lib/python3.7/site-packages/airflow/example_dags/example_sla_dag.py
[2023-03-28 22:42:28,937] {logging_mixin.py:115} INFO - [2023-03-28 22:42:28,937] {dag.py:2371} INFO - Sync 1 DAGs
[2023-03-28 22:42:28,960] {logging_mixin.py:115} INFO - [2023-03-28 22:42:28,960] {dag.py:2919} INFO - Setting next_dagrun for example_sla_dag to 2023-03-28T22:40:00+00:00, run_after=2023-03-28T22:42:00+00:00
[2023-03-28 22:42:28,973] {processor.py:161} INFO - Processing /home/airflow/.local/lib/python3.7/site-packages/airflow/example_dags/example_sla_dag.py took 0.074 seconds
[2023-03-28 22:42:59,251] {processor.py:153} INFO - Started process (PID=249) to work on /home/airflow/.local/lib/python3.7/site-packages/airflow/example_dags/example_sla_dag.py
[2023-03-28 22:42:59,252] {processor.py:641} INFO - Processing file /home/airflow/.local/lib/python3.7/site-packages/airflow/example_dags/example_sla_dag.py for tasks to queue
[2023-03-28 22:42:59,252] {logging_mixin.py:115} INFO - [2023-03-28 22:42:59,252] {dagbag.py:507} INFO - Filling up the DagBag from /home/airflow/.local/lib/python3.7/site-packages/airflow/example_dags/example_sla_dag.py
[2023-03-28 22:42:59,264] {processor.py:651} INFO - DAG(s) dict_keys(['example_sla_dag']) retrieved from /home/airflow/.local/lib/python3.7/site-packages/airflow/example_dags/example_sla_dag.py
[2023-03-28 22:42:59,287] {logging_mixin.py:115} INFO - [2023-03-28 22:42:59,287] {dag.py:2371} INFO - Sync 1 DAGs
[2023-03-28 22:42:59,310] {logging_mixin.py:115} INFO - [2023-03-28 22:42:59,310] {dag.py:2919} INFO - Setting next_dagrun for example_sla_dag to 2023-03-28T22:40:00+00:00, run_after=2023-03-28T22:42:00+00:00
[2023-03-28 22:42:59,322] {processor.py:161} INFO - Processing /home/airflow/.local/lib/python3.7/site-packages/airflow/example_dags/example_sla_dag.py took 0.073 seconds
[2023-03-28 22:43:29,960] {processor.py:153} INFO - Started process (PID=313) to work on /home/airflow/.local/lib/python3.7/site-packages/airflow/example_dags/example_sla_dag.py
[2023-03-28 22:43:29,960] {processor.py:641} INFO - Processing file /home/airflow/.local/lib/python3.7/site-packages/airflow/example_dags/example_sla_dag.py for tasks to queue
[2023-03-28 22:43:29,961] {logging_mixin.py:115} INFO - [2023-03-28 22:43:29,961] {dagbag.py:507} INFO - Filling up the DagBag from /home/airflow/.local/lib/python3.7/site-packages/airflow/example_dags/example_sla_dag.py
[2023-03-28 22:43:29,975] {processor.py:651} INFO - DAG(s) dict_keys(['example_sla_dag']) retrieved from /home/airflow/.local/lib/python3.7/site-packages/airflow/example_dags/example_sla_dag.py
[2023-03-28 22:43:29,999] {logging_mixin.py:115} INFO - [2023-03-28 22:43:29,999] {dag.py:2371} INFO - Sync 1 DAGs
[2023-03-28 22:43:30,022] {logging_mixin.py:115} INFO - [2023-03-28 22:43:30,022] {dag.py:2919} INFO - Setting next_dagrun for example_sla_dag to 2023-03-28T22:40:00+00:00, run_after=2023-03-28T22:42:00+00:00
[2023-03-28 22:43:30,038] {processor.py:161} INFO - Processing /home/airflow/.local/lib/python3.7/site-packages/airflow/example_dags/example_sla_dag.py took 0.081 seconds
[2023-03-28 22:44:00,339] {processor.py:153} INFO - Started process (PID=377) to work on /home/airflow/.local/lib/python3.7/site-packages/airflow/example_dags/example_sla_dag.py
[2023-03-28 22:44:00,340] {processor.py:641} INFO - Processing file /home/airflow/.local/lib/python3.7/site-packages/airflow/example_dags/example_sla_dag.py for tasks to queue
[2023-03-28 22:44:00,340] {logging_mixin.py:115} INFO - [2023-03-28 22:44:00,340] {dagbag.py:507} INFO - Filling up the DagBag from /home/airflow/.local/lib/python3.7/site-packages/airflow/example_dags/example_sla_dag.py
[2023-03-28 22:44:00,353] {processor.py:651} INFO - DAG(s) dict_keys(['example_sla_dag']) retrieved from /home/airflow/.local/lib/python3.7/site-packages/airflow/example_dags/example_sla_dag.py
[2023-03-28 22:44:00,380] {logging_mixin.py:115} INFO - [2023-03-28 22:44:00,380] {dag.py:2371} INFO - Sync 1 DAGs
[2023-03-28 22:44:00,420] {logging_mixin.py:115} INFO - [2023-03-28 22:44:00,420] {dag.py:2919} INFO - Setting next_dagrun for example_sla_dag to 2023-03-28T22:42:00+00:00, run_after=2023-03-28T22:44:00+00:00
[2023-03-28 22:44:00,441] {processor.py:161} INFO - Processing /home/airflow/.local/lib/python3.7/site-packages/airflow/example_dags/example_sla_dag.py took 0.104 seconds
[2023-03-28 22:44:30,790] {processor.py:153} INFO - Started process (PID=432) to work on /home/airflow/.local/lib/python3.7/site-packages/airflow/example_dags/example_sla_dag.py
[2023-03-28 22:44:30,790] {processor.py:641} INFO - Processing file /home/airflow/.local/lib/python3.7/site-packages/airflow/example_dags/example_sla_dag.py for tasks to queue
[2023-03-28 22:44:30,791] {logging_mixin.py:115} INFO - [2023-03-28 22:44:30,791] {dagbag.py:507} INFO - Filling up the DagBag from /home/airflow/.local/lib/python3.7/site-packages/airflow/example_dags/example_sla_dag.py
[2023-03-28 22:44:30,802] {processor.py:651} INFO - DAG(s) dict_keys(['example_sla_dag']) retrieved from /home/airflow/.local/lib/python3.7/site-packages/airflow/example_dags/example_sla_dag.py
[2023-03-28 22:44:30,825] {logging_mixin.py:115} INFO - [2023-03-28 22:44:30,825] {dag.py:2371} INFO - Sync 1 DAGs
[2023-03-28 22:44:30,846] {logging_mixin.py:115} INFO - [2023-03-28 22:44:30,846] {dag.py:2919} INFO - Setting next_dagrun for example_sla_dag to 2023-03-28T22:42:00+00:00, run_after=2023-03-28T22:44:00+00:00
[2023-03-28 22:44:30,858] {processor.py:161} INFO - Processing /home/airflow/.local/lib/python3.7/site-packages/airflow/example_dags/example_sla_dag.py took 0.070 seconds
[2023-03-28 22:45:01,742] {processor.py:153} INFO - Started process (PID=496) to work on /home/airflow/.local/lib/python3.7/site-packages/airflow/example_dags/example_sla_dag.py
[2023-03-28 22:45:01,743] {processor.py:641} INFO - Processing file /home/airflow/.local/lib/python3.7/site-packages/airflow/example_dags/example_sla_dag.py for tasks to queue
[2023-03-28 22:45:01,743] {logging_mixin.py:115} INFO - [2023-03-28 22:45:01,743] {dagbag.py:507} INFO - Filling up the DagBag from /home/airflow/.local/lib/python3.7/site-packages/airflow/example_dags/example_sla_dag.py
[2023-03-28 22:45:01,757] {processor.py:651} INFO - DAG(s) dict_keys(['example_sla_dag']) retrieved from /home/airflow/.local/lib/python3.7/site-packages/airflow/example_dags/example_sla_dag.py
[2023-03-28 22:45:01,780] {logging_mixin.py:115} INFO - [2023-03-28 22:45:01,779] {dag.py:2371} INFO - Sync 1 DAGs
[2023-03-28 22:45:01,802] {logging_mixin.py:115} INFO - [2023-03-28 22:45:01,802] {dag.py:2919} INFO - Setting next_dagrun for example_sla_dag to 2023-03-28T22:42:00+00:00, run_after=2023-03-28T22:44:00+00:00
[2023-03-28 22:45:01,815] {processor.py:161} INFO - Processing /home/airflow/.local/lib/python3.7/site-packages/airflow/example_dags/example_sla_dag.py took 0.074 seconds
[2023-03-28 22:45:32,775] {processor.py:153} INFO - Started process (PID=560) to work on /home/airflow/.local/lib/python3.7/site-packages/airflow/example_dags/example_sla_dag.py
[2023-03-28 22:45:32,776] {processor.py:641} INFO - Processing file /home/airflow/.local/lib/python3.7/site-packages/airflow/example_dags/example_sla_dag.py for tasks to queue
[2023-03-28 22:45:32,777] {logging_mixin.py:115} INFO - [2023-03-28 22:45:32,777] {dagbag.py:507} INFO - Filling up the DagBag from /home/airflow/.local/lib/python3.7/site-packages/airflow/example_dags/example_sla_dag.py
[2023-03-28 22:45:32,797] {processor.py:651} INFO - DAG(s) dict_keys(['example_sla_dag']) retrieved from /home/airflow/.local/lib/python3.7/site-packages/airflow/example_dags/example_sla_dag.py
[2023-03-28 22:45:32,823] {logging_mixin.py:115} INFO - [2023-03-28 22:45:32,823] {dag.py:2371} INFO - Sync 1 DAGs
[2023-03-28 22:45:32,848] {logging_mixin.py:115} INFO - [2023-03-28 22:45:32,848] {dag.py:2919} INFO - Setting next_dagrun for example_sla_dag to 2023-03-28T22:42:00+00:00, run_after=2023-03-28T22:44:00+00:00
[2023-03-28 22:45:32,859] {processor.py:161} INFO - Processing /home/airflow/.local/lib/python3.7/site-packages/airflow/example_dags/example_sla_dag.py took 0.087 seconds
[2023-03-28 22:46:02,946] {processor.py:153} INFO - Started process (PID=615) to work on /home/airflow/.local/lib/python3.7/site-packages/airflow/example_dags/example_sla_dag.py
[2023-03-28 22:46:02,947] {processor.py:641} INFO - Processing file /home/airflow/.local/lib/python3.7/site-packages/airflow/example_dags/example_sla_dag.py for tasks to queue
[2023-03-28 22:46:02,947] {logging_mixin.py:115} INFO - [2023-03-28 22:46:02,947] {dagbag.py:507} INFO - Filling up the DagBag from /home/airflow/.local/lib/python3.7/site-packages/airflow/example_dags/example_sla_dag.py
[2023-03-28 22:46:02,960] {processor.py:651} INFO - DAG(s) dict_keys(['example_sla_dag']) retrieved from /home/airflow/.local/lib/python3.7/site-packages/airflow/example_dags/example_sla_dag.py
[2023-03-28 22:46:02,983] {logging_mixin.py:115} INFO - [2023-03-28 22:46:02,983] {dag.py:2371} INFO - Sync 1 DAGs
[2023-03-28 22:46:03,010] {logging_mixin.py:115} INFO - [2023-03-28 22:46:03,010] {dag.py:2919} INFO - Setting next_dagrun for example_sla_dag to 2023-03-28T22:44:00+00:00, run_after=2023-03-28T22:46:00+00:00
[2023-03-28 22:46:03,023] {processor.py:161} INFO - Processing /home/airflow/.local/lib/python3.7/site-packages/airflow/example_dags/example_sla_dag.py took 0.079 seconds
[2023-03-28 22:46:33,100] {processor.py:153} INFO - Started process (PID=679) to work on /home/airflow/.local/lib/python3.7/site-packages/airflow/example_dags/example_sla_dag.py
[2023-03-28 22:46:33,101] {processor.py:641} INFO - Processing file /home/airflow/.local/lib/python3.7/site-packages/airflow/example_dags/example_sla_dag.py for tasks to queue
[2023-03-28 22:46:33,101] {logging_mixin.py:115} INFO - [2023-03-28 22:46:33,101] {dagbag.py:507} INFO - Filling up the DagBag from /home/airflow/.local/lib/python3.7/site-packages/airflow/example_dags/example_sla_dag.py
[2023-03-28 22:46:33,112] {processor.py:651} INFO - DAG(s) dict_keys(['example_sla_dag']) retrieved from /home/airflow/.local/lib/python3.7/site-packages/airflow/example_dags/example_sla_dag.py
[2023-03-28 22:46:33,132] {logging_mixin.py:115} INFO - [2023-03-28 22:46:33,132] {dag.py:2371} INFO - Sync 1 DAGs
[2023-03-28 22:46:33,153] {logging_mixin.py:115} INFO - [2023-03-28 22:46:33,153] {dag.py:2919} INFO - Setting next_dagrun for example_sla_dag to 2023-03-28T22:44:00+00:00, run_after=2023-03-28T22:46:00+00:00
[2023-03-28 22:46:33,164] {processor.py:161} INFO - Processing /home/airflow/.local/lib/python3.7/site-packages/airflow/example_dags/example_sla_dag.py took 0.066 seconds
[2023-03-28 22:47:03,399] {processor.py:153} INFO - Started process (PID=743) to work on /home/airflow/.local/lib/python3.7/site-packages/airflow/example_dags/example_sla_dag.py
[2023-03-28 22:47:03,400] {processor.py:641} INFO - Processing file /home/airflow/.local/lib/python3.7/site-packages/airflow/example_dags/example_sla_dag.py for tasks to queue
[2023-03-28 22:47:03,400] {logging_mixin.py:115} INFO - [2023-03-28 22:47:03,400] {dagbag.py:507} INFO - Filling up the DagBag from /home/airflow/.local/lib/python3.7/site-packages/airflow/example_dags/example_sla_dag.py
[2023-03-28 22:47:03,413] {processor.py:651} INFO - DAG(s) dict_keys(['example_sla_dag']) retrieved from /home/airflow/.local/lib/python3.7/site-packages/airflow/example_dags/example_sla_dag.py
[2023-03-28 22:47:03,435] {logging_mixin.py:115} INFO - [2023-03-28 22:47:03,435] {dag.py:2371} INFO - Sync 1 DAGs
[2023-03-28 22:47:03,465] {logging_mixin.py:115} INFO - [2023-03-28 22:47:03,465] {dag.py:2919} INFO - Setting next_dagrun for example_sla_dag to 2023-03-28T22:44:00+00:00, run_after=2023-03-28T22:46:00+00:00
[2023-03-28 22:47:03,481] {processor.py:161} INFO - Processing /home/airflow/.local/lib/python3.7/site-packages/airflow/example_dags/example_sla_dag.py took 0.083 seconds
[2023-03-28 22:48:14,115] {processor.py:153} INFO - Started process (PID=74) to work on /home/airflow/.local/lib/python3.7/site-packages/airflow/example_dags/example_sla_dag.py
[2023-03-28 22:48:14,116] {processor.py:641} INFO - Processing file /home/airflow/.local/lib/python3.7/site-packages/airflow/example_dags/example_sla_dag.py for tasks to queue
[2023-03-28 22:48:14,117] {logging_mixin.py:115} INFO - [2023-03-28 22:48:14,117] {dagbag.py:507} INFO - Filling up the DagBag from /home/airflow/.local/lib/python3.7/site-packages/airflow/example_dags/example_sla_dag.py
[2023-03-28 22:48:14,133] {processor.py:651} INFO - DAG(s) dict_keys(['example_sla_dag']) retrieved from /home/airflow/.local/lib/python3.7/site-packages/airflow/example_dags/example_sla_dag.py
[2023-03-28 22:48:14,300] {logging_mixin.py:115} INFO - [2023-03-28 22:48:14,300] {dag.py:2371} INFO - Sync 1 DAGs
[2023-03-28 22:48:14,326] {logging_mixin.py:115} INFO - [2023-03-28 22:48:14,326] {dag.py:2919} INFO - Setting next_dagrun for example_sla_dag to 2023-03-28T22:46:00+00:00, run_after=2023-03-28T22:48:00+00:00
[2023-03-28 22:48:14,340] {processor.py:161} INFO - Processing /home/airflow/.local/lib/python3.7/site-packages/airflow/example_dags/example_sla_dag.py took 0.227 seconds
[2023-03-28 22:48:45,080] {processor.py:153} INFO - Started process (PID=130) to work on /home/airflow/.local/lib/python3.7/site-packages/airflow/example_dags/example_sla_dag.py
[2023-03-28 22:48:45,081] {processor.py:641} INFO - Processing file /home/airflow/.local/lib/python3.7/site-packages/airflow/example_dags/example_sla_dag.py for tasks to queue
[2023-03-28 22:48:45,081] {logging_mixin.py:115} INFO - [2023-03-28 22:48:45,081] {dagbag.py:507} INFO - Filling up the DagBag from /home/airflow/.local/lib/python3.7/site-packages/airflow/example_dags/example_sla_dag.py
[2023-03-28 22:48:45,095] {processor.py:651} INFO - DAG(s) dict_keys(['example_sla_dag']) retrieved from /home/airflow/.local/lib/python3.7/site-packages/airflow/example_dags/example_sla_dag.py
[2023-03-28 22:48:45,120] {logging_mixin.py:115} INFO - [2023-03-28 22:48:45,120] {dag.py:2371} INFO - Sync 1 DAGs
[2023-03-28 22:48:45,251] {logging_mixin.py:115} INFO - [2023-03-28 22:48:45,251] {dag.py:2919} INFO - Setting next_dagrun for example_sla_dag to 2023-03-28T22:46:00+00:00, run_after=2023-03-28T22:48:00+00:00
[2023-03-28 22:48:45,262] {processor.py:161} INFO - Processing /home/airflow/.local/lib/python3.7/site-packages/airflow/example_dags/example_sla_dag.py took 0.185 seconds
[2023-03-28 22:49:16,117] {processor.py:153} INFO - Started process (PID=194) to work on /home/airflow/.local/lib/python3.7/site-packages/airflow/example_dags/example_sla_dag.py
[2023-03-28 22:49:16,117] {processor.py:641} INFO - Processing file /home/airflow/.local/lib/python3.7/site-packages/airflow/example_dags/example_sla_dag.py for tasks to queue
[2023-03-28 22:49:16,118] {logging_mixin.py:115} INFO - [2023-03-28 22:49:16,118] {dagbag.py:507} INFO - Filling up the DagBag from /home/airflow/.local/lib/python3.7/site-packages/airflow/example_dags/example_sla_dag.py
[2023-03-28 22:49:16,129] {processor.py:651} INFO - DAG(s) dict_keys(['example_sla_dag']) retrieved from /home/airflow/.local/lib/python3.7/site-packages/airflow/example_dags/example_sla_dag.py
[2023-03-28 22:49:16,250] {logging_mixin.py:115} INFO - [2023-03-28 22:49:16,250] {dag.py:2371} INFO - Sync 1 DAGs
[2023-03-28 22:49:16,271] {logging_mixin.py:115} INFO - [2023-03-28 22:49:16,271] {dag.py:2919} INFO - Setting next_dagrun for example_sla_dag to 2023-03-28T22:46:00+00:00, run_after=2023-03-28T22:48:00+00:00
[2023-03-28 22:49:16,284] {processor.py:161} INFO - Processing /home/airflow/.local/lib/python3.7/site-packages/airflow/example_dags/example_sla_dag.py took 0.169 seconds
[2023-03-28 22:49:46,565] {processor.py:153} INFO - Started process (PID=259) to work on /home/airflow/.local/lib/python3.7/site-packages/airflow/example_dags/example_sla_dag.py
[2023-03-28 22:49:46,566] {processor.py:641} INFO - Processing file /home/airflow/.local/lib/python3.7/site-packages/airflow/example_dags/example_sla_dag.py for tasks to queue
[2023-03-28 22:49:46,567] {logging_mixin.py:115} INFO - [2023-03-28 22:49:46,567] {dagbag.py:507} INFO - Filling up the DagBag from /home/airflow/.local/lib/python3.7/site-packages/airflow/example_dags/example_sla_dag.py
[2023-03-28 22:49:46,578] {processor.py:651} INFO - DAG(s) dict_keys(['example_sla_dag']) retrieved from /home/airflow/.local/lib/python3.7/site-packages/airflow/example_dags/example_sla_dag.py
[2023-03-28 22:49:46,697] {logging_mixin.py:115} INFO - [2023-03-28 22:49:46,697] {dag.py:2371} INFO - Sync 1 DAGs
[2023-03-28 22:49:46,716] {logging_mixin.py:115} INFO - [2023-03-28 22:49:46,716] {dag.py:2919} INFO - Setting next_dagrun for example_sla_dag to 2023-03-28T22:46:00+00:00, run_after=2023-03-28T22:48:00+00:00
[2023-03-28 22:49:46,727] {processor.py:161} INFO - Processing /home/airflow/.local/lib/python3.7/site-packages/airflow/example_dags/example_sla_dag.py took 0.164 seconds
[2023-03-28 22:50:17,272] {processor.py:153} INFO - Started process (PID=323) to work on /home/airflow/.local/lib/python3.7/site-packages/airflow/example_dags/example_sla_dag.py
[2023-03-28 22:50:17,273] {processor.py:641} INFO - Processing file /home/airflow/.local/lib/python3.7/site-packages/airflow/example_dags/example_sla_dag.py for tasks to queue
[2023-03-28 22:50:17,275] {logging_mixin.py:115} INFO - [2023-03-28 22:50:17,274] {dagbag.py:507} INFO - Filling up the DagBag from /home/airflow/.local/lib/python3.7/site-packages/airflow/example_dags/example_sla_dag.py
[2023-03-28 22:50:17,313] {processor.py:651} INFO - DAG(s) dict_keys(['example_sla_dag']) retrieved from /home/airflow/.local/lib/python3.7/site-packages/airflow/example_dags/example_sla_dag.py
[2023-03-28 22:50:17,704] {logging_mixin.py:115} INFO - [2023-03-28 22:50:17,704] {dag.py:2371} INFO - Sync 1 DAGs
[2023-03-28 22:50:17,770] {logging_mixin.py:115} INFO - [2023-03-28 22:50:17,770] {dag.py:2919} INFO - Setting next_dagrun for example_sla_dag to 2023-03-28T22:48:00+00:00, run_after=2023-03-28T22:50:00+00:00
[2023-03-28 22:50:17,841] {processor.py:161} INFO - Processing /home/airflow/.local/lib/python3.7/site-packages/airflow/example_dags/example_sla_dag.py took 0.576 seconds
[2023-03-28 22:50:48,029] {processor.py:153} INFO - Started process (PID=378) to work on /home/airflow/.local/lib/python3.7/site-packages/airflow/example_dags/example_sla_dag.py
[2023-03-28 22:50:48,030] {processor.py:641} INFO - Processing file /home/airflow/.local/lib/python3.7/site-packages/airflow/example_dags/example_sla_dag.py for tasks to queue
[2023-03-28 22:50:48,031] {logging_mixin.py:115} INFO - [2023-03-28 22:50:48,030] {dagbag.py:507} INFO - Filling up the DagBag from /home/airflow/.local/lib/python3.7/site-packages/airflow/example_dags/example_sla_dag.py
[2023-03-28 22:50:48,043] {processor.py:651} INFO - DAG(s) dict_keys(['example_sla_dag']) retrieved from /home/airflow/.local/lib/python3.7/site-packages/airflow/example_dags/example_sla_dag.py
[2023-03-28 22:50:48,175] {logging_mixin.py:115} INFO - [2023-03-28 22:50:48,175] {dag.py:2371} INFO - Sync 1 DAGs
[2023-03-28 22:50:48,196] {logging_mixin.py:115} INFO - [2023-03-28 22:50:48,196] {dag.py:2919} INFO - Setting next_dagrun for example_sla_dag to 2023-03-28T22:48:00+00:00, run_after=2023-03-28T22:50:00+00:00
[2023-03-28 22:50:48,208] {processor.py:161} INFO - Processing /home/airflow/.local/lib/python3.7/site-packages/airflow/example_dags/example_sla_dag.py took 0.181 seconds
[2023-03-28 22:52:16,700] {processor.py:153} INFO - Started process (PID=64) to work on /home/airflow/.local/lib/python3.7/site-packages/airflow/example_dags/example_sla_dag.py
[2023-03-28 22:52:16,701] {processor.py:641} INFO - Processing file /home/airflow/.local/lib/python3.7/site-packages/airflow/example_dags/example_sla_dag.py for tasks to queue
[2023-03-28 22:52:16,701] {logging_mixin.py:115} INFO - [2023-03-28 22:52:16,701] {dagbag.py:507} INFO - Filling up the DagBag from /home/airflow/.local/lib/python3.7/site-packages/airflow/example_dags/example_sla_dag.py
[2023-03-28 22:52:16,714] {processor.py:651} INFO - DAG(s) dict_keys(['example_sla_dag']) retrieved from /home/airflow/.local/lib/python3.7/site-packages/airflow/example_dags/example_sla_dag.py
[2023-03-28 22:52:16,740] {logging_mixin.py:115} INFO - [2023-03-28 22:52:16,740] {dag.py:2371} INFO - Sync 1 DAGs
[2023-03-28 22:52:16,770] {logging_mixin.py:115} INFO - [2023-03-28 22:52:16,770] {dag.py:2919} INFO - Setting next_dagrun for example_sla_dag to 2023-03-28T22:50:00+00:00, run_after=2023-03-28T22:52:00+00:00
[2023-03-28 22:52:16,785] {processor.py:161} INFO - Processing /home/airflow/.local/lib/python3.7/site-packages/airflow/example_dags/example_sla_dag.py took 0.088 seconds
[2023-03-28 22:52:46,910] {processor.py:153} INFO - Started process (PID=128) to work on /home/airflow/.local/lib/python3.7/site-packages/airflow/example_dags/example_sla_dag.py
[2023-03-28 22:52:46,911] {processor.py:641} INFO - Processing file /home/airflow/.local/lib/python3.7/site-packages/airflow/example_dags/example_sla_dag.py for tasks to queue
[2023-03-28 22:52:46,912] {logging_mixin.py:115} INFO - [2023-03-28 22:52:46,911] {dagbag.py:507} INFO - Filling up the DagBag from /home/airflow/.local/lib/python3.7/site-packages/airflow/example_dags/example_sla_dag.py
[2023-03-28 22:52:46,926] {processor.py:651} INFO - DAG(s) dict_keys(['example_sla_dag']) retrieved from /home/airflow/.local/lib/python3.7/site-packages/airflow/example_dags/example_sla_dag.py
[2023-03-28 22:52:46,948] {logging_mixin.py:115} INFO - [2023-03-28 22:52:46,947] {dag.py:2371} INFO - Sync 1 DAGs
[2023-03-28 22:52:46,969] {logging_mixin.py:115} INFO - [2023-03-28 22:52:46,968] {dag.py:2919} INFO - Setting next_dagrun for example_sla_dag to 2023-03-28T22:50:00+00:00, run_after=2023-03-28T22:52:00+00:00
[2023-03-28 22:52:46,980] {processor.py:161} INFO - Processing /home/airflow/.local/lib/python3.7/site-packages/airflow/example_dags/example_sla_dag.py took 0.072 seconds
[2023-03-28 22:53:17,378] {processor.py:153} INFO - Started process (PID=192) to work on /home/airflow/.local/lib/python3.7/site-packages/airflow/example_dags/example_sla_dag.py
[2023-03-28 22:53:17,379] {processor.py:641} INFO - Processing file /home/airflow/.local/lib/python3.7/site-packages/airflow/example_dags/example_sla_dag.py for tasks to queue
[2023-03-28 22:53:17,379] {logging_mixin.py:115} INFO - [2023-03-28 22:53:17,379] {dagbag.py:507} INFO - Filling up the DagBag from /home/airflow/.local/lib/python3.7/site-packages/airflow/example_dags/example_sla_dag.py
[2023-03-28 22:53:17,394] {processor.py:651} INFO - DAG(s) dict_keys(['example_sla_dag']) retrieved from /home/airflow/.local/lib/python3.7/site-packages/airflow/example_dags/example_sla_dag.py
[2023-03-28 22:53:17,422] {logging_mixin.py:115} INFO - [2023-03-28 22:53:17,422] {dag.py:2371} INFO - Sync 1 DAGs
[2023-03-28 22:53:17,447] {logging_mixin.py:115} INFO - [2023-03-28 22:53:17,447] {dag.py:2919} INFO - Setting next_dagrun for example_sla_dag to 2023-03-28T22:50:00+00:00, run_after=2023-03-28T22:52:00+00:00
[2023-03-28 22:53:17,460] {processor.py:161} INFO - Processing /home/airflow/.local/lib/python3.7/site-packages/airflow/example_dags/example_sla_dag.py took 0.084 seconds
[2023-03-28 22:53:47,697] {processor.py:153} INFO - Started process (PID=246) to work on /home/airflow/.local/lib/python3.7/site-packages/airflow/example_dags/example_sla_dag.py
[2023-03-28 22:53:47,698] {processor.py:641} INFO - Processing file /home/airflow/.local/lib/python3.7/site-packages/airflow/example_dags/example_sla_dag.py for tasks to queue
[2023-03-28 22:53:47,698] {logging_mixin.py:115} INFO - [2023-03-28 22:53:47,698] {dagbag.py:507} INFO - Filling up the DagBag from /home/airflow/.local/lib/python3.7/site-packages/airflow/example_dags/example_sla_dag.py
[2023-03-28 22:53:47,712] {processor.py:651} INFO - DAG(s) dict_keys(['example_sla_dag']) retrieved from /home/airflow/.local/lib/python3.7/site-packages/airflow/example_dags/example_sla_dag.py
[2023-03-28 22:53:47,734] {logging_mixin.py:115} INFO - [2023-03-28 22:53:47,734] {dag.py:2371} INFO - Sync 1 DAGs
[2023-03-28 22:53:47,759] {logging_mixin.py:115} INFO - [2023-03-28 22:53:47,759] {dag.py:2919} INFO - Setting next_dagrun for example_sla_dag to 2023-03-28T22:50:00+00:00, run_after=2023-03-28T22:52:00+00:00
[2023-03-28 22:53:47,772] {processor.py:161} INFO - Processing /home/airflow/.local/lib/python3.7/site-packages/airflow/example_dags/example_sla_dag.py took 0.077 seconds
