[2023-03-28 22:23:54,840] {processor.py:153} INFO - Started process (PID=2370) to work on /home/airflow/.local/lib/python3.7/site-packages/airflow/example_dags/example_latest_only_with_trigger.py
[2023-03-28 22:23:54,841] {processor.py:641} INFO - Processing file /home/airflow/.local/lib/python3.7/site-packages/airflow/example_dags/example_latest_only_with_trigger.py for tasks to queue
[2023-03-28 22:23:54,842] {logging_mixin.py:115} INFO - [2023-03-28 22:23:54,842] {dagbag.py:507} INFO - Filling up the DagBag from /home/airflow/.local/lib/python3.7/site-packages/airflow/example_dags/example_latest_only_with_trigger.py
[2023-03-28 22:23:54,852] {processor.py:651} INFO - DAG(s) dict_keys(['latest_only_with_trigger']) retrieved from /home/airflow/.local/lib/python3.7/site-packages/airflow/example_dags/example_latest_only_with_trigger.py
[2023-03-28 22:23:54,885] {logging_mixin.py:115} INFO - [2023-03-28 22:23:54,885] {dag.py:2371} INFO - Sync 1 DAGs
[2023-03-28 22:23:54,909] {logging_mixin.py:115} INFO - [2023-03-28 22:23:54,909] {dag.py:2919} INFO - Setting next_dagrun for latest_only_with_trigger to 2023-03-28T18:23:54.909429+00:00, run_after=2023-03-28T22:23:54.909429+00:00
[2023-03-28 22:23:54,921] {processor.py:161} INFO - Processing /home/airflow/.local/lib/python3.7/site-packages/airflow/example_dags/example_latest_only_with_trigger.py took 0.086 seconds
[2023-03-28 22:24:25,606] {processor.py:153} INFO - Started process (PID=2434) to work on /home/airflow/.local/lib/python3.7/site-packages/airflow/example_dags/example_latest_only_with_trigger.py
[2023-03-28 22:24:25,607] {processor.py:641} INFO - Processing file /home/airflow/.local/lib/python3.7/site-packages/airflow/example_dags/example_latest_only_with_trigger.py for tasks to queue
[2023-03-28 22:24:25,607] {logging_mixin.py:115} INFO - [2023-03-28 22:24:25,607] {dagbag.py:507} INFO - Filling up the DagBag from /home/airflow/.local/lib/python3.7/site-packages/airflow/example_dags/example_latest_only_with_trigger.py
[2023-03-28 22:24:25,611] {processor.py:651} INFO - DAG(s) dict_keys(['latest_only_with_trigger']) retrieved from /home/airflow/.local/lib/python3.7/site-packages/airflow/example_dags/example_latest_only_with_trigger.py
[2023-03-28 22:24:25,632] {logging_mixin.py:115} INFO - [2023-03-28 22:24:25,632] {dag.py:2371} INFO - Sync 1 DAGs
[2023-03-28 22:24:25,650] {logging_mixin.py:115} INFO - [2023-03-28 22:24:25,650] {dag.py:2919} INFO - Setting next_dagrun for latest_only_with_trigger to 2023-03-28T18:24:25.650358+00:00, run_after=2023-03-28T22:24:25.650358+00:00
[2023-03-28 22:24:25,661] {processor.py:161} INFO - Processing /home/airflow/.local/lib/python3.7/site-packages/airflow/example_dags/example_latest_only_with_trigger.py took 0.057 seconds
[2023-03-28 22:24:56,239] {processor.py:153} INFO - Started process (PID=2489) to work on /home/airflow/.local/lib/python3.7/site-packages/airflow/example_dags/example_latest_only_with_trigger.py
[2023-03-28 22:24:56,239] {processor.py:641} INFO - Processing file /home/airflow/.local/lib/python3.7/site-packages/airflow/example_dags/example_latest_only_with_trigger.py for tasks to queue
[2023-03-28 22:24:56,240] {logging_mixin.py:115} INFO - [2023-03-28 22:24:56,240] {dagbag.py:507} INFO - Filling up the DagBag from /home/airflow/.local/lib/python3.7/site-packages/airflow/example_dags/example_latest_only_with_trigger.py
[2023-03-28 22:24:56,244] {processor.py:651} INFO - DAG(s) dict_keys(['latest_only_with_trigger']) retrieved from /home/airflow/.local/lib/python3.7/site-packages/airflow/example_dags/example_latest_only_with_trigger.py
[2023-03-28 22:24:56,268] {logging_mixin.py:115} INFO - [2023-03-28 22:24:56,268] {dag.py:2371} INFO - Sync 1 DAGs
[2023-03-28 22:24:56,288] {logging_mixin.py:115} INFO - [2023-03-28 22:24:56,288] {dag.py:2919} INFO - Setting next_dagrun for latest_only_with_trigger to 2023-03-28T18:24:56.288578+00:00, run_after=2023-03-28T22:24:56.288578+00:00
[2023-03-28 22:24:56,301] {processor.py:161} INFO - Processing /home/airflow/.local/lib/python3.7/site-packages/airflow/example_dags/example_latest_only_with_trigger.py took 0.065 seconds
[2023-03-28 22:25:27,240] {processor.py:153} INFO - Started process (PID=2553) to work on /home/airflow/.local/lib/python3.7/site-packages/airflow/example_dags/example_latest_only_with_trigger.py
[2023-03-28 22:25:27,241] {processor.py:641} INFO - Processing file /home/airflow/.local/lib/python3.7/site-packages/airflow/example_dags/example_latest_only_with_trigger.py for tasks to queue
[2023-03-28 22:25:27,242] {logging_mixin.py:115} INFO - [2023-03-28 22:25:27,241] {dagbag.py:507} INFO - Filling up the DagBag from /home/airflow/.local/lib/python3.7/site-packages/airflow/example_dags/example_latest_only_with_trigger.py
[2023-03-28 22:25:27,246] {processor.py:651} INFO - DAG(s) dict_keys(['latest_only_with_trigger']) retrieved from /home/airflow/.local/lib/python3.7/site-packages/airflow/example_dags/example_latest_only_with_trigger.py
[2023-03-28 22:25:27,267] {logging_mixin.py:115} INFO - [2023-03-28 22:25:27,267] {dag.py:2371} INFO - Sync 1 DAGs
[2023-03-28 22:25:27,286] {logging_mixin.py:115} INFO - [2023-03-28 22:25:27,286] {dag.py:2919} INFO - Setting next_dagrun for latest_only_with_trigger to 2023-03-28T18:25:27.286228+00:00, run_after=2023-03-28T22:25:27.286228+00:00
[2023-03-28 22:25:27,297] {processor.py:161} INFO - Processing /home/airflow/.local/lib/python3.7/site-packages/airflow/example_dags/example_latest_only_with_trigger.py took 0.059 seconds
[2023-03-28 22:25:58,071] {processor.py:153} INFO - Started process (PID=2617) to work on /home/airflow/.local/lib/python3.7/site-packages/airflow/example_dags/example_latest_only_with_trigger.py
[2023-03-28 22:25:58,071] {processor.py:641} INFO - Processing file /home/airflow/.local/lib/python3.7/site-packages/airflow/example_dags/example_latest_only_with_trigger.py for tasks to queue
[2023-03-28 22:25:58,071] {logging_mixin.py:115} INFO - [2023-03-28 22:25:58,071] {dagbag.py:507} INFO - Filling up the DagBag from /home/airflow/.local/lib/python3.7/site-packages/airflow/example_dags/example_latest_only_with_trigger.py
[2023-03-28 22:25:58,075] {processor.py:651} INFO - DAG(s) dict_keys(['latest_only_with_trigger']) retrieved from /home/airflow/.local/lib/python3.7/site-packages/airflow/example_dags/example_latest_only_with_trigger.py
[2023-03-28 22:25:58,096] {logging_mixin.py:115} INFO - [2023-03-28 22:25:58,096] {dag.py:2371} INFO - Sync 1 DAGs
[2023-03-28 22:25:58,114] {logging_mixin.py:115} INFO - [2023-03-28 22:25:58,113] {dag.py:2919} INFO - Setting next_dagrun for latest_only_with_trigger to 2023-03-28T18:25:58.113733+00:00, run_after=2023-03-28T22:25:58.113733+00:00
[2023-03-28 22:25:58,126] {processor.py:161} INFO - Processing /home/airflow/.local/lib/python3.7/site-packages/airflow/example_dags/example_latest_only_with_trigger.py took 0.058 seconds
[2023-03-28 22:26:29,235] {processor.py:153} INFO - Started process (PID=2682) to work on /home/airflow/.local/lib/python3.7/site-packages/airflow/example_dags/example_latest_only_with_trigger.py
[2023-03-28 22:26:29,236] {processor.py:641} INFO - Processing file /home/airflow/.local/lib/python3.7/site-packages/airflow/example_dags/example_latest_only_with_trigger.py for tasks to queue
[2023-03-28 22:26:29,236] {logging_mixin.py:115} INFO - [2023-03-28 22:26:29,236] {dagbag.py:507} INFO - Filling up the DagBag from /home/airflow/.local/lib/python3.7/site-packages/airflow/example_dags/example_latest_only_with_trigger.py
[2023-03-28 22:26:29,240] {processor.py:651} INFO - DAG(s) dict_keys(['latest_only_with_trigger']) retrieved from /home/airflow/.local/lib/python3.7/site-packages/airflow/example_dags/example_latest_only_with_trigger.py
[2023-03-28 22:26:29,262] {logging_mixin.py:115} INFO - [2023-03-28 22:26:29,262] {dag.py:2371} INFO - Sync 1 DAGs
[2023-03-28 22:26:29,280] {logging_mixin.py:115} INFO - [2023-03-28 22:26:29,280] {dag.py:2919} INFO - Setting next_dagrun for latest_only_with_trigger to 2023-03-28T18:26:29.280338+00:00, run_after=2023-03-28T22:26:29.280338+00:00
[2023-03-28 22:26:29,292] {processor.py:161} INFO - Processing /home/airflow/.local/lib/python3.7/site-packages/airflow/example_dags/example_latest_only_with_trigger.py took 0.059 seconds
[2023-03-28 22:27:00,094] {processor.py:153} INFO - Started process (PID=2737) to work on /home/airflow/.local/lib/python3.7/site-packages/airflow/example_dags/example_latest_only_with_trigger.py
[2023-03-28 22:27:00,095] {processor.py:641} INFO - Processing file /home/airflow/.local/lib/python3.7/site-packages/airflow/example_dags/example_latest_only_with_trigger.py for tasks to queue
[2023-03-28 22:27:00,095] {logging_mixin.py:115} INFO - [2023-03-28 22:27:00,095] {dagbag.py:507} INFO - Filling up the DagBag from /home/airflow/.local/lib/python3.7/site-packages/airflow/example_dags/example_latest_only_with_trigger.py
[2023-03-28 22:27:00,099] {processor.py:651} INFO - DAG(s) dict_keys(['latest_only_with_trigger']) retrieved from /home/airflow/.local/lib/python3.7/site-packages/airflow/example_dags/example_latest_only_with_trigger.py
[2023-03-28 22:27:00,121] {logging_mixin.py:115} INFO - [2023-03-28 22:27:00,120] {dag.py:2371} INFO - Sync 1 DAGs
[2023-03-28 22:27:00,140] {logging_mixin.py:115} INFO - [2023-03-28 22:27:00,140] {dag.py:2919} INFO - Setting next_dagrun for latest_only_with_trigger to 2023-03-28T18:27:00.140036+00:00, run_after=2023-03-28T22:27:00.140036+00:00
[2023-03-28 22:27:00,152] {processor.py:161} INFO - Processing /home/airflow/.local/lib/python3.7/site-packages/airflow/example_dags/example_latest_only_with_trigger.py took 0.059 seconds
[2023-03-28 22:27:30,755] {processor.py:153} INFO - Started process (PID=2803) to work on /home/airflow/.local/lib/python3.7/site-packages/airflow/example_dags/example_latest_only_with_trigger.py
[2023-03-28 22:27:30,756] {processor.py:641} INFO - Processing file /home/airflow/.local/lib/python3.7/site-packages/airflow/example_dags/example_latest_only_with_trigger.py for tasks to queue
[2023-03-28 22:27:30,756] {logging_mixin.py:115} INFO - [2023-03-28 22:27:30,756] {dagbag.py:507} INFO - Filling up the DagBag from /home/airflow/.local/lib/python3.7/site-packages/airflow/example_dags/example_latest_only_with_trigger.py
[2023-03-28 22:27:30,760] {processor.py:651} INFO - DAG(s) dict_keys(['latest_only_with_trigger']) retrieved from /home/airflow/.local/lib/python3.7/site-packages/airflow/example_dags/example_latest_only_with_trigger.py
[2023-03-28 22:27:30,783] {logging_mixin.py:115} INFO - [2023-03-28 22:27:30,783] {dag.py:2371} INFO - Sync 1 DAGs
[2023-03-28 22:27:30,803] {logging_mixin.py:115} INFO - [2023-03-28 22:27:30,803] {dag.py:2919} INFO - Setting next_dagrun for latest_only_with_trigger to 2023-03-28T18:27:30.803327+00:00, run_after=2023-03-28T22:27:30.803327+00:00
[2023-03-28 22:27:30,817] {processor.py:161} INFO - Processing /home/airflow/.local/lib/python3.7/site-packages/airflow/example_dags/example_latest_only_with_trigger.py took 0.064 seconds
[2023-03-28 22:28:01,490] {processor.py:153} INFO - Started process (PID=2867) to work on /home/airflow/.local/lib/python3.7/site-packages/airflow/example_dags/example_latest_only_with_trigger.py
[2023-03-28 22:28:01,490] {processor.py:641} INFO - Processing file /home/airflow/.local/lib/python3.7/site-packages/airflow/example_dags/example_latest_only_with_trigger.py for tasks to queue
[2023-03-28 22:28:01,490] {logging_mixin.py:115} INFO - [2023-03-28 22:28:01,490] {dagbag.py:507} INFO - Filling up the DagBag from /home/airflow/.local/lib/python3.7/site-packages/airflow/example_dags/example_latest_only_with_trigger.py
[2023-03-28 22:28:01,495] {processor.py:651} INFO - DAG(s) dict_keys(['latest_only_with_trigger']) retrieved from /home/airflow/.local/lib/python3.7/site-packages/airflow/example_dags/example_latest_only_with_trigger.py
[2023-03-28 22:28:01,519] {logging_mixin.py:115} INFO - [2023-03-28 22:28:01,519] {dag.py:2371} INFO - Sync 1 DAGs
[2023-03-28 22:28:01,539] {logging_mixin.py:115} INFO - [2023-03-28 22:28:01,538] {dag.py:2919} INFO - Setting next_dagrun for latest_only_with_trigger to 2023-03-28T18:28:01.538789+00:00, run_after=2023-03-28T22:28:01.538789+00:00
[2023-03-28 22:28:01,551] {processor.py:161} INFO - Processing /home/airflow/.local/lib/python3.7/site-packages/airflow/example_dags/example_latest_only_with_trigger.py took 0.064 seconds
[2023-03-28 22:28:32,512] {processor.py:153} INFO - Started process (PID=2931) to work on /home/airflow/.local/lib/python3.7/site-packages/airflow/example_dags/example_latest_only_with_trigger.py
[2023-03-28 22:28:32,513] {processor.py:641} INFO - Processing file /home/airflow/.local/lib/python3.7/site-packages/airflow/example_dags/example_latest_only_with_trigger.py for tasks to queue
[2023-03-28 22:28:32,513] {logging_mixin.py:115} INFO - [2023-03-28 22:28:32,513] {dagbag.py:507} INFO - Filling up the DagBag from /home/airflow/.local/lib/python3.7/site-packages/airflow/example_dags/example_latest_only_with_trigger.py
[2023-03-28 22:28:32,518] {processor.py:651} INFO - DAG(s) dict_keys(['latest_only_with_trigger']) retrieved from /home/airflow/.local/lib/python3.7/site-packages/airflow/example_dags/example_latest_only_with_trigger.py
[2023-03-28 22:28:32,542] {logging_mixin.py:115} INFO - [2023-03-28 22:28:32,542] {dag.py:2371} INFO - Sync 1 DAGs
[2023-03-28 22:28:32,561] {logging_mixin.py:115} INFO - [2023-03-28 22:28:32,561] {dag.py:2919} INFO - Setting next_dagrun for latest_only_with_trigger to 2023-03-28T18:28:32.561400+00:00, run_after=2023-03-28T22:28:32.561400+00:00
[2023-03-28 22:28:32,575] {processor.py:161} INFO - Processing /home/airflow/.local/lib/python3.7/site-packages/airflow/example_dags/example_latest_only_with_trigger.py took 0.066 seconds
[2023-03-28 22:29:03,523] {processor.py:153} INFO - Started process (PID=2986) to work on /home/airflow/.local/lib/python3.7/site-packages/airflow/example_dags/example_latest_only_with_trigger.py
[2023-03-28 22:29:03,524] {processor.py:641} INFO - Processing file /home/airflow/.local/lib/python3.7/site-packages/airflow/example_dags/example_latest_only_with_trigger.py for tasks to queue
[2023-03-28 22:29:03,524] {logging_mixin.py:115} INFO - [2023-03-28 22:29:03,524] {dagbag.py:507} INFO - Filling up the DagBag from /home/airflow/.local/lib/python3.7/site-packages/airflow/example_dags/example_latest_only_with_trigger.py
[2023-03-28 22:29:03,530] {processor.py:651} INFO - DAG(s) dict_keys(['latest_only_with_trigger']) retrieved from /home/airflow/.local/lib/python3.7/site-packages/airflow/example_dags/example_latest_only_with_trigger.py
[2023-03-28 22:29:03,557] {logging_mixin.py:115} INFO - [2023-03-28 22:29:03,557] {dag.py:2371} INFO - Sync 1 DAGs
[2023-03-28 22:29:03,582] {logging_mixin.py:115} INFO - [2023-03-28 22:29:03,582] {dag.py:2919} INFO - Setting next_dagrun for latest_only_with_trigger to 2023-03-28T18:29:03.582120+00:00, run_after=2023-03-28T22:29:03.582120+00:00
[2023-03-28 22:29:03,601] {processor.py:161} INFO - Processing /home/airflow/.local/lib/python3.7/site-packages/airflow/example_dags/example_latest_only_with_trigger.py took 0.081 seconds
[2023-03-28 22:29:34,210] {processor.py:153} INFO - Started process (PID=3050) to work on /home/airflow/.local/lib/python3.7/site-packages/airflow/example_dags/example_latest_only_with_trigger.py
[2023-03-28 22:29:34,211] {processor.py:641} INFO - Processing file /home/airflow/.local/lib/python3.7/site-packages/airflow/example_dags/example_latest_only_with_trigger.py for tasks to queue
[2023-03-28 22:29:34,211] {logging_mixin.py:115} INFO - [2023-03-28 22:29:34,211] {dagbag.py:507} INFO - Filling up the DagBag from /home/airflow/.local/lib/python3.7/site-packages/airflow/example_dags/example_latest_only_with_trigger.py
[2023-03-28 22:29:34,215] {processor.py:651} INFO - DAG(s) dict_keys(['latest_only_with_trigger']) retrieved from /home/airflow/.local/lib/python3.7/site-packages/airflow/example_dags/example_latest_only_with_trigger.py
[2023-03-28 22:29:34,237] {logging_mixin.py:115} INFO - [2023-03-28 22:29:34,236] {dag.py:2371} INFO - Sync 1 DAGs
[2023-03-28 22:29:34,255] {logging_mixin.py:115} INFO - [2023-03-28 22:29:34,255] {dag.py:2919} INFO - Setting next_dagrun for latest_only_with_trigger to 2023-03-28T18:29:34.255186+00:00, run_after=2023-03-28T22:29:34.255186+00:00
[2023-03-28 22:29:34,267] {processor.py:161} INFO - Processing /home/airflow/.local/lib/python3.7/site-packages/airflow/example_dags/example_latest_only_with_trigger.py took 0.058 seconds
[2023-03-28 22:30:04,680] {processor.py:153} INFO - Started process (PID=3114) to work on /home/airflow/.local/lib/python3.7/site-packages/airflow/example_dags/example_latest_only_with_trigger.py
[2023-03-28 22:30:04,681] {processor.py:641} INFO - Processing file /home/airflow/.local/lib/python3.7/site-packages/airflow/example_dags/example_latest_only_with_trigger.py for tasks to queue
[2023-03-28 22:30:04,682] {logging_mixin.py:115} INFO - [2023-03-28 22:30:04,682] {dagbag.py:507} INFO - Filling up the DagBag from /home/airflow/.local/lib/python3.7/site-packages/airflow/example_dags/example_latest_only_with_trigger.py
[2023-03-28 22:30:04,688] {processor.py:651} INFO - DAG(s) dict_keys(['latest_only_with_trigger']) retrieved from /home/airflow/.local/lib/python3.7/site-packages/airflow/example_dags/example_latest_only_with_trigger.py
[2023-03-28 22:30:04,714] {logging_mixin.py:115} INFO - [2023-03-28 22:30:04,714] {dag.py:2371} INFO - Sync 1 DAGs
[2023-03-28 22:30:04,738] {logging_mixin.py:115} INFO - [2023-03-28 22:30:04,738] {dag.py:2919} INFO - Setting next_dagrun for latest_only_with_trigger to 2023-03-28T18:30:04.737865+00:00, run_after=2023-03-28T22:30:04.737865+00:00
[2023-03-28 22:30:04,751] {processor.py:161} INFO - Processing /home/airflow/.local/lib/python3.7/site-packages/airflow/example_dags/example_latest_only_with_trigger.py took 0.073 seconds
[2023-03-28 22:30:35,025] {processor.py:153} INFO - Started process (PID=3169) to work on /home/airflow/.local/lib/python3.7/site-packages/airflow/example_dags/example_latest_only_with_trigger.py
[2023-03-28 22:30:35,026] {processor.py:641} INFO - Processing file /home/airflow/.local/lib/python3.7/site-packages/airflow/example_dags/example_latest_only_with_trigger.py for tasks to queue
[2023-03-28 22:30:35,026] {logging_mixin.py:115} INFO - [2023-03-28 22:30:35,026] {dagbag.py:507} INFO - Filling up the DagBag from /home/airflow/.local/lib/python3.7/site-packages/airflow/example_dags/example_latest_only_with_trigger.py
[2023-03-28 22:30:35,030] {processor.py:651} INFO - DAG(s) dict_keys(['latest_only_with_trigger']) retrieved from /home/airflow/.local/lib/python3.7/site-packages/airflow/example_dags/example_latest_only_with_trigger.py
[2023-03-28 22:30:35,053] {logging_mixin.py:115} INFO - [2023-03-28 22:30:35,053] {dag.py:2371} INFO - Sync 1 DAGs
[2023-03-28 22:30:35,074] {logging_mixin.py:115} INFO - [2023-03-28 22:30:35,074] {dag.py:2919} INFO - Setting next_dagrun for latest_only_with_trigger to 2023-03-28T18:30:35.074669+00:00, run_after=2023-03-28T22:30:35.074669+00:00
[2023-03-28 22:30:35,088] {processor.py:161} INFO - Processing /home/airflow/.local/lib/python3.7/site-packages/airflow/example_dags/example_latest_only_with_trigger.py took 0.064 seconds
[2023-03-28 22:31:05,251] {processor.py:153} INFO - Started process (PID=3233) to work on /home/airflow/.local/lib/python3.7/site-packages/airflow/example_dags/example_latest_only_with_trigger.py
[2023-03-28 22:31:05,252] {processor.py:641} INFO - Processing file /home/airflow/.local/lib/python3.7/site-packages/airflow/example_dags/example_latest_only_with_trigger.py for tasks to queue
[2023-03-28 22:31:05,253] {logging_mixin.py:115} INFO - [2023-03-28 22:31:05,253] {dagbag.py:507} INFO - Filling up the DagBag from /home/airflow/.local/lib/python3.7/site-packages/airflow/example_dags/example_latest_only_with_trigger.py
[2023-03-28 22:31:05,257] {processor.py:651} INFO - DAG(s) dict_keys(['latest_only_with_trigger']) retrieved from /home/airflow/.local/lib/python3.7/site-packages/airflow/example_dags/example_latest_only_with_trigger.py
[2023-03-28 22:31:05,281] {logging_mixin.py:115} INFO - [2023-03-28 22:31:05,281] {dag.py:2371} INFO - Sync 1 DAGs
[2023-03-28 22:31:05,302] {logging_mixin.py:115} INFO - [2023-03-28 22:31:05,302] {dag.py:2919} INFO - Setting next_dagrun for latest_only_with_trigger to 2023-03-28T18:31:05.302057+00:00, run_after=2023-03-28T22:31:05.302057+00:00
[2023-03-28 22:31:05,315] {processor.py:161} INFO - Processing /home/airflow/.local/lib/python3.7/site-packages/airflow/example_dags/example_latest_only_with_trigger.py took 0.066 seconds
[2023-03-28 22:31:35,495] {processor.py:153} INFO - Started process (PID=3296) to work on /home/airflow/.local/lib/python3.7/site-packages/airflow/example_dags/example_latest_only_with_trigger.py
[2023-03-28 22:31:35,495] {processor.py:641} INFO - Processing file /home/airflow/.local/lib/python3.7/site-packages/airflow/example_dags/example_latest_only_with_trigger.py for tasks to queue
[2023-03-28 22:31:35,495] {logging_mixin.py:115} INFO - [2023-03-28 22:31:35,495] {dagbag.py:507} INFO - Filling up the DagBag from /home/airflow/.local/lib/python3.7/site-packages/airflow/example_dags/example_latest_only_with_trigger.py
[2023-03-28 22:31:35,499] {processor.py:651} INFO - DAG(s) dict_keys(['latest_only_with_trigger']) retrieved from /home/airflow/.local/lib/python3.7/site-packages/airflow/example_dags/example_latest_only_with_trigger.py
[2023-03-28 22:31:35,519] {logging_mixin.py:115} INFO - [2023-03-28 22:31:35,519] {dag.py:2371} INFO - Sync 1 DAGs
[2023-03-28 22:31:35,538] {logging_mixin.py:115} INFO - [2023-03-28 22:31:35,538] {dag.py:2919} INFO - Setting next_dagrun for latest_only_with_trigger to 2023-03-28T18:31:35.537729+00:00, run_after=2023-03-28T22:31:35.537729+00:00
[2023-03-28 22:31:35,549] {processor.py:161} INFO - Processing /home/airflow/.local/lib/python3.7/site-packages/airflow/example_dags/example_latest_only_with_trigger.py took 0.057 seconds
[2023-03-28 22:32:05,828] {processor.py:153} INFO - Started process (PID=3351) to work on /home/airflow/.local/lib/python3.7/site-packages/airflow/example_dags/example_latest_only_with_trigger.py
[2023-03-28 22:32:05,829] {processor.py:641} INFO - Processing file /home/airflow/.local/lib/python3.7/site-packages/airflow/example_dags/example_latest_only_with_trigger.py for tasks to queue
[2023-03-28 22:32:05,829] {logging_mixin.py:115} INFO - [2023-03-28 22:32:05,829] {dagbag.py:507} INFO - Filling up the DagBag from /home/airflow/.local/lib/python3.7/site-packages/airflow/example_dags/example_latest_only_with_trigger.py
[2023-03-28 22:32:05,833] {processor.py:651} INFO - DAG(s) dict_keys(['latest_only_with_trigger']) retrieved from /home/airflow/.local/lib/python3.7/site-packages/airflow/example_dags/example_latest_only_with_trigger.py
[2023-03-28 22:32:05,853] {logging_mixin.py:115} INFO - [2023-03-28 22:32:05,853] {dag.py:2371} INFO - Sync 1 DAGs
[2023-03-28 22:32:05,870] {logging_mixin.py:115} INFO - [2023-03-28 22:32:05,870] {dag.py:2919} INFO - Setting next_dagrun for latest_only_with_trigger to 2023-03-28T18:32:05.870388+00:00, run_after=2023-03-28T22:32:05.870388+00:00
[2023-03-28 22:32:05,881] {processor.py:161} INFO - Processing /home/airflow/.local/lib/python3.7/site-packages/airflow/example_dags/example_latest_only_with_trigger.py took 0.055 seconds
[2023-03-28 22:32:36,512] {processor.py:153} INFO - Started process (PID=3416) to work on /home/airflow/.local/lib/python3.7/site-packages/airflow/example_dags/example_latest_only_with_trigger.py
[2023-03-28 22:32:36,512] {processor.py:641} INFO - Processing file /home/airflow/.local/lib/python3.7/site-packages/airflow/example_dags/example_latest_only_with_trigger.py for tasks to queue
[2023-03-28 22:32:36,512] {logging_mixin.py:115} INFO - [2023-03-28 22:32:36,512] {dagbag.py:507} INFO - Filling up the DagBag from /home/airflow/.local/lib/python3.7/site-packages/airflow/example_dags/example_latest_only_with_trigger.py
[2023-03-28 22:32:36,517] {processor.py:651} INFO - DAG(s) dict_keys(['latest_only_with_trigger']) retrieved from /home/airflow/.local/lib/python3.7/site-packages/airflow/example_dags/example_latest_only_with_trigger.py
[2023-03-28 22:32:36,547] {logging_mixin.py:115} INFO - [2023-03-28 22:32:36,546] {dag.py:2371} INFO - Sync 1 DAGs
[2023-03-28 22:32:36,570] {logging_mixin.py:115} INFO - [2023-03-28 22:32:36,570] {dag.py:2919} INFO - Setting next_dagrun for latest_only_with_trigger to 2023-03-28T18:32:36.570364+00:00, run_after=2023-03-28T22:32:36.570364+00:00
[2023-03-28 22:32:36,589] {processor.py:161} INFO - Processing /home/airflow/.local/lib/python3.7/site-packages/airflow/example_dags/example_latest_only_with_trigger.py took 0.080 seconds
[2023-03-28 22:33:06,754] {processor.py:153} INFO - Started process (PID=3480) to work on /home/airflow/.local/lib/python3.7/site-packages/airflow/example_dags/example_latest_only_with_trigger.py
[2023-03-28 22:33:06,755] {processor.py:641} INFO - Processing file /home/airflow/.local/lib/python3.7/site-packages/airflow/example_dags/example_latest_only_with_trigger.py for tasks to queue
[2023-03-28 22:33:06,756] {logging_mixin.py:115} INFO - [2023-03-28 22:33:06,756] {dagbag.py:507} INFO - Filling up the DagBag from /home/airflow/.local/lib/python3.7/site-packages/airflow/example_dags/example_latest_only_with_trigger.py
[2023-03-28 22:33:06,760] {processor.py:651} INFO - DAG(s) dict_keys(['latest_only_with_trigger']) retrieved from /home/airflow/.local/lib/python3.7/site-packages/airflow/example_dags/example_latest_only_with_trigger.py
[2023-03-28 22:33:06,785] {logging_mixin.py:115} INFO - [2023-03-28 22:33:06,785] {dag.py:2371} INFO - Sync 1 DAGs
[2023-03-28 22:33:06,808] {logging_mixin.py:115} INFO - [2023-03-28 22:33:06,808] {dag.py:2919} INFO - Setting next_dagrun for latest_only_with_trigger to 2023-03-28T18:33:06.807950+00:00, run_after=2023-03-28T22:33:06.807950+00:00
[2023-03-28 22:33:06,822] {processor.py:161} INFO - Processing /home/airflow/.local/lib/python3.7/site-packages/airflow/example_dags/example_latest_only_with_trigger.py took 0.070 seconds
[2023-03-28 22:33:37,003] {processor.py:153} INFO - Started process (PID=3534) to work on /home/airflow/.local/lib/python3.7/site-packages/airflow/example_dags/example_latest_only_with_trigger.py
[2023-03-28 22:33:37,003] {processor.py:641} INFO - Processing file /home/airflow/.local/lib/python3.7/site-packages/airflow/example_dags/example_latest_only_with_trigger.py for tasks to queue
[2023-03-28 22:33:37,003] {logging_mixin.py:115} INFO - [2023-03-28 22:33:37,003] {dagbag.py:507} INFO - Filling up the DagBag from /home/airflow/.local/lib/python3.7/site-packages/airflow/example_dags/example_latest_only_with_trigger.py
[2023-03-28 22:33:37,007] {processor.py:651} INFO - DAG(s) dict_keys(['latest_only_with_trigger']) retrieved from /home/airflow/.local/lib/python3.7/site-packages/airflow/example_dags/example_latest_only_with_trigger.py
[2023-03-28 22:33:37,029] {logging_mixin.py:115} INFO - [2023-03-28 22:33:37,029] {dag.py:2371} INFO - Sync 1 DAGs
[2023-03-28 22:33:37,046] {logging_mixin.py:115} INFO - [2023-03-28 22:33:37,046] {dag.py:2919} INFO - Setting next_dagrun for latest_only_with_trigger to 2023-03-28T18:33:37.046219+00:00, run_after=2023-03-28T22:33:37.046219+00:00
[2023-03-28 22:33:37,058] {processor.py:161} INFO - Processing /home/airflow/.local/lib/python3.7/site-packages/airflow/example_dags/example_latest_only_with_trigger.py took 0.057 seconds
[2023-03-28 22:34:07,488] {processor.py:153} INFO - Started process (PID=3599) to work on /home/airflow/.local/lib/python3.7/site-packages/airflow/example_dags/example_latest_only_with_trigger.py
[2023-03-28 22:34:07,489] {processor.py:641} INFO - Processing file /home/airflow/.local/lib/python3.7/site-packages/airflow/example_dags/example_latest_only_with_trigger.py for tasks to queue
[2023-03-28 22:34:07,489] {logging_mixin.py:115} INFO - [2023-03-28 22:34:07,489] {dagbag.py:507} INFO - Filling up the DagBag from /home/airflow/.local/lib/python3.7/site-packages/airflow/example_dags/example_latest_only_with_trigger.py
[2023-03-28 22:34:07,493] {processor.py:651} INFO - DAG(s) dict_keys(['latest_only_with_trigger']) retrieved from /home/airflow/.local/lib/python3.7/site-packages/airflow/example_dags/example_latest_only_with_trigger.py
[2023-03-28 22:34:07,514] {logging_mixin.py:115} INFO - [2023-03-28 22:34:07,514] {dag.py:2371} INFO - Sync 1 DAGs
[2023-03-28 22:34:07,535] {logging_mixin.py:115} INFO - [2023-03-28 22:34:07,535] {dag.py:2919} INFO - Setting next_dagrun for latest_only_with_trigger to 2023-03-28T18:34:07.535412+00:00, run_after=2023-03-28T22:34:07.535412+00:00
[2023-03-28 22:34:07,548] {processor.py:161} INFO - Processing /home/airflow/.local/lib/python3.7/site-packages/airflow/example_dags/example_latest_only_with_trigger.py took 0.062 seconds
[2023-03-28 22:34:37,818] {processor.py:153} INFO - Started process (PID=3663) to work on /home/airflow/.local/lib/python3.7/site-packages/airflow/example_dags/example_latest_only_with_trigger.py
[2023-03-28 22:34:37,819] {processor.py:641} INFO - Processing file /home/airflow/.local/lib/python3.7/site-packages/airflow/example_dags/example_latest_only_with_trigger.py for tasks to queue
[2023-03-28 22:34:37,819] {logging_mixin.py:115} INFO - [2023-03-28 22:34:37,819] {dagbag.py:507} INFO - Filling up the DagBag from /home/airflow/.local/lib/python3.7/site-packages/airflow/example_dags/example_latest_only_with_trigger.py
[2023-03-28 22:34:37,823] {processor.py:651} INFO - DAG(s) dict_keys(['latest_only_with_trigger']) retrieved from /home/airflow/.local/lib/python3.7/site-packages/airflow/example_dags/example_latest_only_with_trigger.py
[2023-03-28 22:34:37,846] {logging_mixin.py:115} INFO - [2023-03-28 22:34:37,846] {dag.py:2371} INFO - Sync 1 DAGs
[2023-03-28 22:34:37,866] {logging_mixin.py:115} INFO - [2023-03-28 22:34:37,866] {dag.py:2919} INFO - Setting next_dagrun for latest_only_with_trigger to 2023-03-28T18:34:37.865865+00:00, run_after=2023-03-28T22:34:37.865865+00:00
[2023-03-28 22:34:37,879] {processor.py:161} INFO - Processing /home/airflow/.local/lib/python3.7/site-packages/airflow/example_dags/example_latest_only_with_trigger.py took 0.063 seconds
[2023-03-28 22:35:08,470] {processor.py:153} INFO - Started process (PID=3718) to work on /home/airflow/.local/lib/python3.7/site-packages/airflow/example_dags/example_latest_only_with_trigger.py
[2023-03-28 22:35:08,471] {processor.py:641} INFO - Processing file /home/airflow/.local/lib/python3.7/site-packages/airflow/example_dags/example_latest_only_with_trigger.py for tasks to queue
[2023-03-28 22:35:08,472] {logging_mixin.py:115} INFO - [2023-03-28 22:35:08,471] {dagbag.py:507} INFO - Filling up the DagBag from /home/airflow/.local/lib/python3.7/site-packages/airflow/example_dags/example_latest_only_with_trigger.py
[2023-03-28 22:35:08,476] {processor.py:651} INFO - DAG(s) dict_keys(['latest_only_with_trigger']) retrieved from /home/airflow/.local/lib/python3.7/site-packages/airflow/example_dags/example_latest_only_with_trigger.py
[2023-03-28 22:35:08,500] {logging_mixin.py:115} INFO - [2023-03-28 22:35:08,500] {dag.py:2371} INFO - Sync 1 DAGs
[2023-03-28 22:35:08,522] {logging_mixin.py:115} INFO - [2023-03-28 22:35:08,522] {dag.py:2919} INFO - Setting next_dagrun for latest_only_with_trigger to 2023-03-28T18:35:08.521732+00:00, run_after=2023-03-28T22:35:08.521732+00:00
[2023-03-28 22:35:08,537] {processor.py:161} INFO - Processing /home/airflow/.local/lib/python3.7/site-packages/airflow/example_dags/example_latest_only_with_trigger.py took 0.069 seconds
[2023-03-28 22:35:39,344] {processor.py:153} INFO - Started process (PID=3783) to work on /home/airflow/.local/lib/python3.7/site-packages/airflow/example_dags/example_latest_only_with_trigger.py
[2023-03-28 22:35:39,344] {processor.py:641} INFO - Processing file /home/airflow/.local/lib/python3.7/site-packages/airflow/example_dags/example_latest_only_with_trigger.py for tasks to queue
[2023-03-28 22:35:39,344] {logging_mixin.py:115} INFO - [2023-03-28 22:35:39,344] {dagbag.py:507} INFO - Filling up the DagBag from /home/airflow/.local/lib/python3.7/site-packages/airflow/example_dags/example_latest_only_with_trigger.py
[2023-03-28 22:35:39,348] {processor.py:651} INFO - DAG(s) dict_keys(['latest_only_with_trigger']) retrieved from /home/airflow/.local/lib/python3.7/site-packages/airflow/example_dags/example_latest_only_with_trigger.py
[2023-03-28 22:35:39,371] {logging_mixin.py:115} INFO - [2023-03-28 22:35:39,371] {dag.py:2371} INFO - Sync 1 DAGs
[2023-03-28 22:35:39,389] {logging_mixin.py:115} INFO - [2023-03-28 22:35:39,389] {dag.py:2919} INFO - Setting next_dagrun for latest_only_with_trigger to 2023-03-28T18:35:39.389148+00:00, run_after=2023-03-28T22:35:39.389148+00:00
[2023-03-28 22:35:39,402] {processor.py:161} INFO - Processing /home/airflow/.local/lib/python3.7/site-packages/airflow/example_dags/example_latest_only_with_trigger.py took 0.061 seconds
[2023-03-28 22:36:09,861] {processor.py:153} INFO - Started process (PID=3847) to work on /home/airflow/.local/lib/python3.7/site-packages/airflow/example_dags/example_latest_only_with_trigger.py
[2023-03-28 22:36:09,862] {processor.py:641} INFO - Processing file /home/airflow/.local/lib/python3.7/site-packages/airflow/example_dags/example_latest_only_with_trigger.py for tasks to queue
[2023-03-28 22:36:09,862] {logging_mixin.py:115} INFO - [2023-03-28 22:36:09,862] {dagbag.py:507} INFO - Filling up the DagBag from /home/airflow/.local/lib/python3.7/site-packages/airflow/example_dags/example_latest_only_with_trigger.py
[2023-03-28 22:36:09,866] {processor.py:651} INFO - DAG(s) dict_keys(['latest_only_with_trigger']) retrieved from /home/airflow/.local/lib/python3.7/site-packages/airflow/example_dags/example_latest_only_with_trigger.py
[2023-03-28 22:36:09,887] {logging_mixin.py:115} INFO - [2023-03-28 22:36:09,887] {dag.py:2371} INFO - Sync 1 DAGs
[2023-03-28 22:36:09,909] {logging_mixin.py:115} INFO - [2023-03-28 22:36:09,909] {dag.py:2919} INFO - Setting next_dagrun for latest_only_with_trigger to 2023-03-28T18:36:09.909005+00:00, run_after=2023-03-28T22:36:09.909005+00:00
[2023-03-28 22:36:09,924] {processor.py:161} INFO - Processing /home/airflow/.local/lib/python3.7/site-packages/airflow/example_dags/example_latest_only_with_trigger.py took 0.065 seconds
[2023-03-28 22:36:40,911] {processor.py:153} INFO - Started process (PID=3911) to work on /home/airflow/.local/lib/python3.7/site-packages/airflow/example_dags/example_latest_only_with_trigger.py
[2023-03-28 22:36:40,912] {processor.py:641} INFO - Processing file /home/airflow/.local/lib/python3.7/site-packages/airflow/example_dags/example_latest_only_with_trigger.py for tasks to queue
[2023-03-28 22:36:40,912] {logging_mixin.py:115} INFO - [2023-03-28 22:36:40,912] {dagbag.py:507} INFO - Filling up the DagBag from /home/airflow/.local/lib/python3.7/site-packages/airflow/example_dags/example_latest_only_with_trigger.py
[2023-03-28 22:36:40,916] {processor.py:651} INFO - DAG(s) dict_keys(['latest_only_with_trigger']) retrieved from /home/airflow/.local/lib/python3.7/site-packages/airflow/example_dags/example_latest_only_with_trigger.py
[2023-03-28 22:36:40,943] {logging_mixin.py:115} INFO - [2023-03-28 22:36:40,943] {dag.py:2371} INFO - Sync 1 DAGs
[2023-03-28 22:36:40,965] {logging_mixin.py:115} INFO - [2023-03-28 22:36:40,965] {dag.py:2919} INFO - Setting next_dagrun for latest_only_with_trigger to 2023-03-28T18:36:40.965027+00:00, run_after=2023-03-28T22:36:40.965027+00:00
[2023-03-28 22:36:40,982] {processor.py:161} INFO - Processing /home/airflow/.local/lib/python3.7/site-packages/airflow/example_dags/example_latest_only_with_trigger.py took 0.073 seconds
[2023-03-28 22:37:11,531] {processor.py:153} INFO - Started process (PID=3969) to work on /home/airflow/.local/lib/python3.7/site-packages/airflow/example_dags/example_latest_only_with_trigger.py
[2023-03-28 22:37:11,532] {processor.py:641} INFO - Processing file /home/airflow/.local/lib/python3.7/site-packages/airflow/example_dags/example_latest_only_with_trigger.py for tasks to queue
[2023-03-28 22:37:11,533] {logging_mixin.py:115} INFO - [2023-03-28 22:37:11,532] {dagbag.py:507} INFO - Filling up the DagBag from /home/airflow/.local/lib/python3.7/site-packages/airflow/example_dags/example_latest_only_with_trigger.py
[2023-03-28 22:37:11,537] {processor.py:651} INFO - DAG(s) dict_keys(['latest_only_with_trigger']) retrieved from /home/airflow/.local/lib/python3.7/site-packages/airflow/example_dags/example_latest_only_with_trigger.py
[2023-03-28 22:37:11,559] {logging_mixin.py:115} INFO - [2023-03-28 22:37:11,559] {dag.py:2371} INFO - Sync 1 DAGs
[2023-03-28 22:37:11,578] {logging_mixin.py:115} INFO - [2023-03-28 22:37:11,578] {dag.py:2919} INFO - Setting next_dagrun for latest_only_with_trigger to 2023-03-28T18:37:11.578007+00:00, run_after=2023-03-28T22:37:11.578007+00:00
[2023-03-28 22:37:11,592] {processor.py:161} INFO - Processing /home/airflow/.local/lib/python3.7/site-packages/airflow/example_dags/example_latest_only_with_trigger.py took 0.063 seconds
[2023-03-28 22:37:42,302] {processor.py:153} INFO - Started process (PID=4033) to work on /home/airflow/.local/lib/python3.7/site-packages/airflow/example_dags/example_latest_only_with_trigger.py
[2023-03-28 22:37:42,303] {processor.py:641} INFO - Processing file /home/airflow/.local/lib/python3.7/site-packages/airflow/example_dags/example_latest_only_with_trigger.py for tasks to queue
[2023-03-28 22:37:42,303] {logging_mixin.py:115} INFO - [2023-03-28 22:37:42,303] {dagbag.py:507} INFO - Filling up the DagBag from /home/airflow/.local/lib/python3.7/site-packages/airflow/example_dags/example_latest_only_with_trigger.py
[2023-03-28 22:37:42,307] {processor.py:651} INFO - DAG(s) dict_keys(['latest_only_with_trigger']) retrieved from /home/airflow/.local/lib/python3.7/site-packages/airflow/example_dags/example_latest_only_with_trigger.py
[2023-03-28 22:37:42,327] {logging_mixin.py:115} INFO - [2023-03-28 22:37:42,327] {dag.py:2371} INFO - Sync 1 DAGs
[2023-03-28 22:37:42,345] {logging_mixin.py:115} INFO - [2023-03-28 22:37:42,345] {dag.py:2919} INFO - Setting next_dagrun for latest_only_with_trigger to 2023-03-28T18:37:42.345690+00:00, run_after=2023-03-28T22:37:42.345690+00:00
[2023-03-28 22:37:42,358] {processor.py:161} INFO - Processing /home/airflow/.local/lib/python3.7/site-packages/airflow/example_dags/example_latest_only_with_trigger.py took 0.058 seconds
[2023-03-28 22:38:13,171] {processor.py:153} INFO - Started process (PID=4097) to work on /home/airflow/.local/lib/python3.7/site-packages/airflow/example_dags/example_latest_only_with_trigger.py
[2023-03-28 22:38:13,172] {processor.py:641} INFO - Processing file /home/airflow/.local/lib/python3.7/site-packages/airflow/example_dags/example_latest_only_with_trigger.py for tasks to queue
[2023-03-28 22:38:13,172] {logging_mixin.py:115} INFO - [2023-03-28 22:38:13,172] {dagbag.py:507} INFO - Filling up the DagBag from /home/airflow/.local/lib/python3.7/site-packages/airflow/example_dags/example_latest_only_with_trigger.py
[2023-03-28 22:38:13,177] {processor.py:651} INFO - DAG(s) dict_keys(['latest_only_with_trigger']) retrieved from /home/airflow/.local/lib/python3.7/site-packages/airflow/example_dags/example_latest_only_with_trigger.py
[2023-03-28 22:38:13,201] {logging_mixin.py:115} INFO - [2023-03-28 22:38:13,201] {dag.py:2371} INFO - Sync 1 DAGs
[2023-03-28 22:38:13,221] {logging_mixin.py:115} INFO - [2023-03-28 22:38:13,220] {dag.py:2919} INFO - Setting next_dagrun for latest_only_with_trigger to 2023-03-28T18:38:13.220807+00:00, run_after=2023-03-28T22:38:13.220807+00:00
[2023-03-28 22:38:13,236] {processor.py:161} INFO - Processing /home/airflow/.local/lib/python3.7/site-packages/airflow/example_dags/example_latest_only_with_trigger.py took 0.068 seconds
[2023-03-28 22:38:43,908] {processor.py:153} INFO - Started process (PID=4152) to work on /home/airflow/.local/lib/python3.7/site-packages/airflow/example_dags/example_latest_only_with_trigger.py
[2023-03-28 22:38:43,909] {processor.py:641} INFO - Processing file /home/airflow/.local/lib/python3.7/site-packages/airflow/example_dags/example_latest_only_with_trigger.py for tasks to queue
[2023-03-28 22:38:43,909] {logging_mixin.py:115} INFO - [2023-03-28 22:38:43,909] {dagbag.py:507} INFO - Filling up the DagBag from /home/airflow/.local/lib/python3.7/site-packages/airflow/example_dags/example_latest_only_with_trigger.py
[2023-03-28 22:38:43,913] {processor.py:651} INFO - DAG(s) dict_keys(['latest_only_with_trigger']) retrieved from /home/airflow/.local/lib/python3.7/site-packages/airflow/example_dags/example_latest_only_with_trigger.py
[2023-03-28 22:38:43,934] {logging_mixin.py:115} INFO - [2023-03-28 22:38:43,934] {dag.py:2371} INFO - Sync 1 DAGs
[2023-03-28 22:38:43,953] {logging_mixin.py:115} INFO - [2023-03-28 22:38:43,953] {dag.py:2919} INFO - Setting next_dagrun for latest_only_with_trigger to 2023-03-28T18:38:43.953398+00:00, run_after=2023-03-28T22:38:43.953398+00:00
[2023-03-28 22:38:43,967] {processor.py:161} INFO - Processing /home/airflow/.local/lib/python3.7/site-packages/airflow/example_dags/example_latest_only_with_trigger.py took 0.061 seconds
[2023-03-28 22:39:14,578] {processor.py:153} INFO - Started process (PID=4216) to work on /home/airflow/.local/lib/python3.7/site-packages/airflow/example_dags/example_latest_only_with_trigger.py
[2023-03-28 22:39:14,579] {processor.py:641} INFO - Processing file /home/airflow/.local/lib/python3.7/site-packages/airflow/example_dags/example_latest_only_with_trigger.py for tasks to queue
[2023-03-28 22:39:14,579] {logging_mixin.py:115} INFO - [2023-03-28 22:39:14,579] {dagbag.py:507} INFO - Filling up the DagBag from /home/airflow/.local/lib/python3.7/site-packages/airflow/example_dags/example_latest_only_with_trigger.py
[2023-03-28 22:39:14,583] {processor.py:651} INFO - DAG(s) dict_keys(['latest_only_with_trigger']) retrieved from /home/airflow/.local/lib/python3.7/site-packages/airflow/example_dags/example_latest_only_with_trigger.py
[2023-03-28 22:39:14,605] {logging_mixin.py:115} INFO - [2023-03-28 22:39:14,605] {dag.py:2371} INFO - Sync 1 DAGs
[2023-03-28 22:39:14,624] {logging_mixin.py:115} INFO - [2023-03-28 22:39:14,624] {dag.py:2919} INFO - Setting next_dagrun for latest_only_with_trigger to 2023-03-28T18:39:14.624226+00:00, run_after=2023-03-28T22:39:14.624226+00:00
[2023-03-28 22:39:14,639] {processor.py:161} INFO - Processing /home/airflow/.local/lib/python3.7/site-packages/airflow/example_dags/example_latest_only_with_trigger.py took 0.063 seconds
[2023-03-28 22:39:45,273] {processor.py:153} INFO - Started process (PID=4281) to work on /home/airflow/.local/lib/python3.7/site-packages/airflow/example_dags/example_latest_only_with_trigger.py
[2023-03-28 22:39:45,273] {processor.py:641} INFO - Processing file /home/airflow/.local/lib/python3.7/site-packages/airflow/example_dags/example_latest_only_with_trigger.py for tasks to queue
[2023-03-28 22:39:45,274] {logging_mixin.py:115} INFO - [2023-03-28 22:39:45,274] {dagbag.py:507} INFO - Filling up the DagBag from /home/airflow/.local/lib/python3.7/site-packages/airflow/example_dags/example_latest_only_with_trigger.py
[2023-03-28 22:39:45,279] {processor.py:651} INFO - DAG(s) dict_keys(['latest_only_with_trigger']) retrieved from /home/airflow/.local/lib/python3.7/site-packages/airflow/example_dags/example_latest_only_with_trigger.py
[2023-03-28 22:39:45,351] {logging_mixin.py:115} INFO - [2023-03-28 22:39:45,351] {dag.py:2371} INFO - Sync 1 DAGs
[2023-03-28 22:39:45,378] {logging_mixin.py:115} INFO - [2023-03-28 22:39:45,378] {dag.py:2919} INFO - Setting next_dagrun for latest_only_with_trigger to 2023-03-28T18:39:45.378598+00:00, run_after=2023-03-28T22:39:45.378598+00:00
[2023-03-28 22:39:45,396] {processor.py:161} INFO - Processing /home/airflow/.local/lib/python3.7/site-packages/airflow/example_dags/example_latest_only_with_trigger.py took 0.124 seconds
[2023-03-28 22:40:16,617] {processor.py:153} INFO - Started process (PID=4346) to work on /home/airflow/.local/lib/python3.7/site-packages/airflow/example_dags/example_latest_only_with_trigger.py
[2023-03-28 22:40:16,618] {processor.py:641} INFO - Processing file /home/airflow/.local/lib/python3.7/site-packages/airflow/example_dags/example_latest_only_with_trigger.py for tasks to queue
[2023-03-28 22:40:16,618] {logging_mixin.py:115} INFO - [2023-03-28 22:40:16,618] {dagbag.py:507} INFO - Filling up the DagBag from /home/airflow/.local/lib/python3.7/site-packages/airflow/example_dags/example_latest_only_with_trigger.py
[2023-03-28 22:40:16,622] {processor.py:651} INFO - DAG(s) dict_keys(['latest_only_with_trigger']) retrieved from /home/airflow/.local/lib/python3.7/site-packages/airflow/example_dags/example_latest_only_with_trigger.py
[2023-03-28 22:40:16,648] {logging_mixin.py:115} INFO - [2023-03-28 22:40:16,648] {dag.py:2371} INFO - Sync 1 DAGs
[2023-03-28 22:40:16,673] {logging_mixin.py:115} INFO - [2023-03-28 22:40:16,673] {dag.py:2919} INFO - Setting next_dagrun for latest_only_with_trigger to 2023-03-28T18:40:16.673005+00:00, run_after=2023-03-28T22:40:16.673005+00:00
[2023-03-28 22:40:16,812] {processor.py:161} INFO - Processing /home/airflow/.local/lib/python3.7/site-packages/airflow/example_dags/example_latest_only_with_trigger.py took 0.197 seconds
[2023-03-28 22:41:28,682] {processor.py:153} INFO - Started process (PID=75) to work on /home/airflow/.local/lib/python3.7/site-packages/airflow/example_dags/example_latest_only_with_trigger.py
[2023-03-28 22:41:28,683] {processor.py:641} INFO - Processing file /home/airflow/.local/lib/python3.7/site-packages/airflow/example_dags/example_latest_only_with_trigger.py for tasks to queue
[2023-03-28 22:41:28,684] {logging_mixin.py:115} INFO - [2023-03-28 22:41:28,684] {dagbag.py:507} INFO - Filling up the DagBag from /home/airflow/.local/lib/python3.7/site-packages/airflow/example_dags/example_latest_only_with_trigger.py
[2023-03-28 22:41:28,690] {processor.py:651} INFO - DAG(s) dict_keys(['latest_only_with_trigger']) retrieved from /home/airflow/.local/lib/python3.7/site-packages/airflow/example_dags/example_latest_only_with_trigger.py
[2023-03-28 22:41:28,716] {logging_mixin.py:115} INFO - [2023-03-28 22:41:28,716] {dag.py:2371} INFO - Sync 1 DAGs
[2023-03-28 22:41:28,738] {logging_mixin.py:115} INFO - [2023-03-28 22:41:28,738] {dag.py:2919} INFO - Setting next_dagrun for latest_only_with_trigger to 2023-03-28T18:41:28.737834+00:00, run_after=2023-03-28T22:41:28.737834+00:00
[2023-03-28 22:41:28,752] {processor.py:161} INFO - Processing /home/airflow/.local/lib/python3.7/site-packages/airflow/example_dags/example_latest_only_with_trigger.py took 0.072 seconds
[2023-03-28 22:41:59,113] {processor.py:153} INFO - Started process (PID=140) to work on /home/airflow/.local/lib/python3.7/site-packages/airflow/example_dags/example_latest_only_with_trigger.py
[2023-03-28 22:41:59,114] {processor.py:641} INFO - Processing file /home/airflow/.local/lib/python3.7/site-packages/airflow/example_dags/example_latest_only_with_trigger.py for tasks to queue
[2023-03-28 22:41:59,115] {logging_mixin.py:115} INFO - [2023-03-28 22:41:59,114] {dagbag.py:507} INFO - Filling up the DagBag from /home/airflow/.local/lib/python3.7/site-packages/airflow/example_dags/example_latest_only_with_trigger.py
[2023-03-28 22:41:59,119] {processor.py:651} INFO - DAG(s) dict_keys(['latest_only_with_trigger']) retrieved from /home/airflow/.local/lib/python3.7/site-packages/airflow/example_dags/example_latest_only_with_trigger.py
[2023-03-28 22:41:59,140] {logging_mixin.py:115} INFO - [2023-03-28 22:41:59,140] {dag.py:2371} INFO - Sync 1 DAGs
[2023-03-28 22:41:59,159] {logging_mixin.py:115} INFO - [2023-03-28 22:41:59,159] {dag.py:2919} INFO - Setting next_dagrun for latest_only_with_trigger to 2023-03-28T18:41:59.159021+00:00, run_after=2023-03-28T22:41:59.159021+00:00
[2023-03-28 22:41:59,172] {processor.py:161} INFO - Processing /home/airflow/.local/lib/python3.7/site-packages/airflow/example_dags/example_latest_only_with_trigger.py took 0.060 seconds
[2023-03-28 22:42:29,555] {processor.py:153} INFO - Started process (PID=205) to work on /home/airflow/.local/lib/python3.7/site-packages/airflow/example_dags/example_latest_only_with_trigger.py
[2023-03-28 22:42:29,556] {processor.py:641} INFO - Processing file /home/airflow/.local/lib/python3.7/site-packages/airflow/example_dags/example_latest_only_with_trigger.py for tasks to queue
[2023-03-28 22:42:29,556] {logging_mixin.py:115} INFO - [2023-03-28 22:42:29,556] {dagbag.py:507} INFO - Filling up the DagBag from /home/airflow/.local/lib/python3.7/site-packages/airflow/example_dags/example_latest_only_with_trigger.py
[2023-03-28 22:42:29,561] {processor.py:651} INFO - DAG(s) dict_keys(['latest_only_with_trigger']) retrieved from /home/airflow/.local/lib/python3.7/site-packages/airflow/example_dags/example_latest_only_with_trigger.py
[2023-03-28 22:42:29,584] {logging_mixin.py:115} INFO - [2023-03-28 22:42:29,584] {dag.py:2371} INFO - Sync 1 DAGs
[2023-03-28 22:42:29,604] {logging_mixin.py:115} INFO - [2023-03-28 22:42:29,603] {dag.py:2919} INFO - Setting next_dagrun for latest_only_with_trigger to 2023-03-28T18:42:29.603758+00:00, run_after=2023-03-28T22:42:29.603758+00:00
[2023-03-28 22:42:29,616] {processor.py:161} INFO - Processing /home/airflow/.local/lib/python3.7/site-packages/airflow/example_dags/example_latest_only_with_trigger.py took 0.064 seconds
[2023-03-28 22:43:00,002] {processor.py:153} INFO - Started process (PID=260) to work on /home/airflow/.local/lib/python3.7/site-packages/airflow/example_dags/example_latest_only_with_trigger.py
[2023-03-28 22:43:00,003] {processor.py:641} INFO - Processing file /home/airflow/.local/lib/python3.7/site-packages/airflow/example_dags/example_latest_only_with_trigger.py for tasks to queue
[2023-03-28 22:43:00,004] {logging_mixin.py:115} INFO - [2023-03-28 22:43:00,004] {dagbag.py:507} INFO - Filling up the DagBag from /home/airflow/.local/lib/python3.7/site-packages/airflow/example_dags/example_latest_only_with_trigger.py
[2023-03-28 22:43:00,009] {processor.py:651} INFO - DAG(s) dict_keys(['latest_only_with_trigger']) retrieved from /home/airflow/.local/lib/python3.7/site-packages/airflow/example_dags/example_latest_only_with_trigger.py
[2023-03-28 22:43:00,033] {logging_mixin.py:115} INFO - [2023-03-28 22:43:00,033] {dag.py:2371} INFO - Sync 1 DAGs
[2023-03-28 22:43:00,051] {logging_mixin.py:115} INFO - [2023-03-28 22:43:00,051] {dag.py:2919} INFO - Setting next_dagrun for latest_only_with_trigger to 2023-03-28T18:43:00.051120+00:00, run_after=2023-03-28T22:43:00.051120+00:00
[2023-03-28 22:43:00,064] {processor.py:161} INFO - Processing /home/airflow/.local/lib/python3.7/site-packages/airflow/example_dags/example_latest_only_with_trigger.py took 0.063 seconds
[2023-03-28 22:43:30,760] {processor.py:153} INFO - Started process (PID=324) to work on /home/airflow/.local/lib/python3.7/site-packages/airflow/example_dags/example_latest_only_with_trigger.py
[2023-03-28 22:43:30,761] {processor.py:641} INFO - Processing file /home/airflow/.local/lib/python3.7/site-packages/airflow/example_dags/example_latest_only_with_trigger.py for tasks to queue
[2023-03-28 22:43:30,761] {logging_mixin.py:115} INFO - [2023-03-28 22:43:30,761] {dagbag.py:507} INFO - Filling up the DagBag from /home/airflow/.local/lib/python3.7/site-packages/airflow/example_dags/example_latest_only_with_trigger.py
[2023-03-28 22:43:30,767] {processor.py:651} INFO - DAG(s) dict_keys(['latest_only_with_trigger']) retrieved from /home/airflow/.local/lib/python3.7/site-packages/airflow/example_dags/example_latest_only_with_trigger.py
[2023-03-28 22:43:30,797] {logging_mixin.py:115} INFO - [2023-03-28 22:43:30,797] {dag.py:2371} INFO - Sync 1 DAGs
[2023-03-28 22:43:30,821] {logging_mixin.py:115} INFO - [2023-03-28 22:43:30,821] {dag.py:2919} INFO - Setting next_dagrun for latest_only_with_trigger to 2023-03-28T18:43:30.821196+00:00, run_after=2023-03-28T22:43:30.821196+00:00
[2023-03-28 22:43:30,838] {processor.py:161} INFO - Processing /home/airflow/.local/lib/python3.7/site-packages/airflow/example_dags/example_latest_only_with_trigger.py took 0.081 seconds
[2023-03-28 22:44:01,319] {processor.py:153} INFO - Started process (PID=388) to work on /home/airflow/.local/lib/python3.7/site-packages/airflow/example_dags/example_latest_only_with_trigger.py
[2023-03-28 22:44:01,320] {processor.py:641} INFO - Processing file /home/airflow/.local/lib/python3.7/site-packages/airflow/example_dags/example_latest_only_with_trigger.py for tasks to queue
[2023-03-28 22:44:01,321] {logging_mixin.py:115} INFO - [2023-03-28 22:44:01,320] {dagbag.py:507} INFO - Filling up the DagBag from /home/airflow/.local/lib/python3.7/site-packages/airflow/example_dags/example_latest_only_with_trigger.py
[2023-03-28 22:44:01,328] {processor.py:651} INFO - DAG(s) dict_keys(['latest_only_with_trigger']) retrieved from /home/airflow/.local/lib/python3.7/site-packages/airflow/example_dags/example_latest_only_with_trigger.py
[2023-03-28 22:44:01,360] {logging_mixin.py:115} INFO - [2023-03-28 22:44:01,360] {dag.py:2371} INFO - Sync 1 DAGs
[2023-03-28 22:44:01,391] {logging_mixin.py:115} INFO - [2023-03-28 22:44:01,391] {dag.py:2919} INFO - Setting next_dagrun for latest_only_with_trigger to 2023-03-28T18:44:01.391494+00:00, run_after=2023-03-28T22:44:01.391494+00:00
[2023-03-28 22:44:01,415] {processor.py:161} INFO - Processing /home/airflow/.local/lib/python3.7/site-packages/airflow/example_dags/example_latest_only_with_trigger.py took 0.099 seconds
[2023-03-28 22:44:32,311] {processor.py:153} INFO - Started process (PID=443) to work on /home/airflow/.local/lib/python3.7/site-packages/airflow/example_dags/example_latest_only_with_trigger.py
[2023-03-28 22:44:32,311] {processor.py:641} INFO - Processing file /home/airflow/.local/lib/python3.7/site-packages/airflow/example_dags/example_latest_only_with_trigger.py for tasks to queue
[2023-03-28 22:44:32,312] {logging_mixin.py:115} INFO - [2023-03-28 22:44:32,312] {dagbag.py:507} INFO - Filling up the DagBag from /home/airflow/.local/lib/python3.7/site-packages/airflow/example_dags/example_latest_only_with_trigger.py
[2023-03-28 22:44:32,316] {processor.py:651} INFO - DAG(s) dict_keys(['latest_only_with_trigger']) retrieved from /home/airflow/.local/lib/python3.7/site-packages/airflow/example_dags/example_latest_only_with_trigger.py
[2023-03-28 22:44:32,339] {logging_mixin.py:115} INFO - [2023-03-28 22:44:32,339] {dag.py:2371} INFO - Sync 1 DAGs
[2023-03-28 22:44:32,356] {logging_mixin.py:115} INFO - [2023-03-28 22:44:32,356] {dag.py:2919} INFO - Setting next_dagrun for latest_only_with_trigger to 2023-03-28T18:44:32.356280+00:00, run_after=2023-03-28T22:44:32.356280+00:00
[2023-03-28 22:44:32,368] {processor.py:161} INFO - Processing /home/airflow/.local/lib/python3.7/site-packages/airflow/example_dags/example_latest_only_with_trigger.py took 0.059 seconds
[2023-03-28 22:45:03,295] {processor.py:153} INFO - Started process (PID=507) to work on /home/airflow/.local/lib/python3.7/site-packages/airflow/example_dags/example_latest_only_with_trigger.py
[2023-03-28 22:45:03,296] {processor.py:641} INFO - Processing file /home/airflow/.local/lib/python3.7/site-packages/airflow/example_dags/example_latest_only_with_trigger.py for tasks to queue
[2023-03-28 22:45:03,296] {logging_mixin.py:115} INFO - [2023-03-28 22:45:03,296] {dagbag.py:507} INFO - Filling up the DagBag from /home/airflow/.local/lib/python3.7/site-packages/airflow/example_dags/example_latest_only_with_trigger.py
[2023-03-28 22:45:03,300] {processor.py:651} INFO - DAG(s) dict_keys(['latest_only_with_trigger']) retrieved from /home/airflow/.local/lib/python3.7/site-packages/airflow/example_dags/example_latest_only_with_trigger.py
[2023-03-28 22:45:03,321] {logging_mixin.py:115} INFO - [2023-03-28 22:45:03,321] {dag.py:2371} INFO - Sync 1 DAGs
[2023-03-28 22:45:03,339] {logging_mixin.py:115} INFO - [2023-03-28 22:45:03,339] {dag.py:2919} INFO - Setting next_dagrun for latest_only_with_trigger to 2023-03-28T18:45:03.339305+00:00, run_after=2023-03-28T22:45:03.339305+00:00
[2023-03-28 22:45:03,351] {processor.py:161} INFO - Processing /home/airflow/.local/lib/python3.7/site-packages/airflow/example_dags/example_latest_only_with_trigger.py took 0.058 seconds
[2023-03-28 22:45:33,451] {processor.py:153} INFO - Started process (PID=571) to work on /home/airflow/.local/lib/python3.7/site-packages/airflow/example_dags/example_latest_only_with_trigger.py
[2023-03-28 22:45:33,451] {processor.py:641} INFO - Processing file /home/airflow/.local/lib/python3.7/site-packages/airflow/example_dags/example_latest_only_with_trigger.py for tasks to queue
[2023-03-28 22:45:33,452] {logging_mixin.py:115} INFO - [2023-03-28 22:45:33,452] {dagbag.py:507} INFO - Filling up the DagBag from /home/airflow/.local/lib/python3.7/site-packages/airflow/example_dags/example_latest_only_with_trigger.py
[2023-03-28 22:45:33,457] {processor.py:651} INFO - DAG(s) dict_keys(['latest_only_with_trigger']) retrieved from /home/airflow/.local/lib/python3.7/site-packages/airflow/example_dags/example_latest_only_with_trigger.py
[2023-03-28 22:45:33,484] {logging_mixin.py:115} INFO - [2023-03-28 22:45:33,484] {dag.py:2371} INFO - Sync 1 DAGs
[2023-03-28 22:45:33,506] {logging_mixin.py:115} INFO - [2023-03-28 22:45:33,506] {dag.py:2919} INFO - Setting next_dagrun for latest_only_with_trigger to 2023-03-28T18:45:33.506530+00:00, run_after=2023-03-28T22:45:33.506530+00:00
[2023-03-28 22:45:33,522] {processor.py:161} INFO - Processing /home/airflow/.local/lib/python3.7/site-packages/airflow/example_dags/example_latest_only_with_trigger.py took 0.074 seconds
[2023-03-28 22:46:03,595] {processor.py:153} INFO - Started process (PID=625) to work on /home/airflow/.local/lib/python3.7/site-packages/airflow/example_dags/example_latest_only_with_trigger.py
[2023-03-28 22:46:03,596] {processor.py:641} INFO - Processing file /home/airflow/.local/lib/python3.7/site-packages/airflow/example_dags/example_latest_only_with_trigger.py for tasks to queue
[2023-03-28 22:46:03,597] {logging_mixin.py:115} INFO - [2023-03-28 22:46:03,597] {dagbag.py:507} INFO - Filling up the DagBag from /home/airflow/.local/lib/python3.7/site-packages/airflow/example_dags/example_latest_only_with_trigger.py
[2023-03-28 22:46:03,603] {processor.py:651} INFO - DAG(s) dict_keys(['latest_only_with_trigger']) retrieved from /home/airflow/.local/lib/python3.7/site-packages/airflow/example_dags/example_latest_only_with_trigger.py
[2023-03-28 22:46:03,629] {logging_mixin.py:115} INFO - [2023-03-28 22:46:03,629] {dag.py:2371} INFO - Sync 1 DAGs
[2023-03-28 22:46:03,651] {logging_mixin.py:115} INFO - [2023-03-28 22:46:03,650] {dag.py:2919} INFO - Setting next_dagrun for latest_only_with_trigger to 2023-03-28T18:46:03.650607+00:00, run_after=2023-03-28T22:46:03.650607+00:00
[2023-03-28 22:46:03,668] {processor.py:161} INFO - Processing /home/airflow/.local/lib/python3.7/site-packages/airflow/example_dags/example_latest_only_with_trigger.py took 0.075 seconds
[2023-03-28 22:46:33,717] {processor.py:153} INFO - Started process (PID=690) to work on /home/airflow/.local/lib/python3.7/site-packages/airflow/example_dags/example_latest_only_with_trigger.py
[2023-03-28 22:46:33,717] {processor.py:641} INFO - Processing file /home/airflow/.local/lib/python3.7/site-packages/airflow/example_dags/example_latest_only_with_trigger.py for tasks to queue
[2023-03-28 22:46:33,717] {logging_mixin.py:115} INFO - [2023-03-28 22:46:33,717] {dagbag.py:507} INFO - Filling up the DagBag from /home/airflow/.local/lib/python3.7/site-packages/airflow/example_dags/example_latest_only_with_trigger.py
[2023-03-28 22:46:33,721] {processor.py:651} INFO - DAG(s) dict_keys(['latest_only_with_trigger']) retrieved from /home/airflow/.local/lib/python3.7/site-packages/airflow/example_dags/example_latest_only_with_trigger.py
[2023-03-28 22:46:33,741] {logging_mixin.py:115} INFO - [2023-03-28 22:46:33,741] {dag.py:2371} INFO - Sync 1 DAGs
[2023-03-28 22:46:33,757] {logging_mixin.py:115} INFO - [2023-03-28 22:46:33,757] {dag.py:2919} INFO - Setting next_dagrun for latest_only_with_trigger to 2023-03-28T18:46:33.757589+00:00, run_after=2023-03-28T22:46:33.757589+00:00
[2023-03-28 22:46:33,770] {processor.py:161} INFO - Processing /home/airflow/.local/lib/python3.7/site-packages/airflow/example_dags/example_latest_only_with_trigger.py took 0.055 seconds
[2023-03-28 22:47:04,025] {processor.py:153} INFO - Started process (PID=754) to work on /home/airflow/.local/lib/python3.7/site-packages/airflow/example_dags/example_latest_only_with_trigger.py
[2023-03-28 22:47:04,026] {processor.py:641} INFO - Processing file /home/airflow/.local/lib/python3.7/site-packages/airflow/example_dags/example_latest_only_with_trigger.py for tasks to queue
[2023-03-28 22:47:04,027] {logging_mixin.py:115} INFO - [2023-03-28 22:47:04,027] {dagbag.py:507} INFO - Filling up the DagBag from /home/airflow/.local/lib/python3.7/site-packages/airflow/example_dags/example_latest_only_with_trigger.py
[2023-03-28 22:47:04,031] {processor.py:651} INFO - DAG(s) dict_keys(['latest_only_with_trigger']) retrieved from /home/airflow/.local/lib/python3.7/site-packages/airflow/example_dags/example_latest_only_with_trigger.py
[2023-03-28 22:47:04,055] {logging_mixin.py:115} INFO - [2023-03-28 22:47:04,055] {dag.py:2371} INFO - Sync 1 DAGs
[2023-03-28 22:47:04,079] {logging_mixin.py:115} INFO - [2023-03-28 22:47:04,079] {dag.py:2919} INFO - Setting next_dagrun for latest_only_with_trigger to 2023-03-28T18:47:04.079572+00:00, run_after=2023-03-28T22:47:04.079572+00:00
[2023-03-28 22:47:04,096] {processor.py:161} INFO - Processing /home/airflow/.local/lib/python3.7/site-packages/airflow/example_dags/example_latest_only_with_trigger.py took 0.073 seconds
[2023-03-28 22:48:15,463] {processor.py:153} INFO - Started process (PID=85) to work on /home/airflow/.local/lib/python3.7/site-packages/airflow/example_dags/example_latest_only_with_trigger.py
[2023-03-28 22:48:15,464] {processor.py:641} INFO - Processing file /home/airflow/.local/lib/python3.7/site-packages/airflow/example_dags/example_latest_only_with_trigger.py for tasks to queue
[2023-03-28 22:48:15,464] {logging_mixin.py:115} INFO - [2023-03-28 22:48:15,464] {dagbag.py:507} INFO - Filling up the DagBag from /home/airflow/.local/lib/python3.7/site-packages/airflow/example_dags/example_latest_only_with_trigger.py
[2023-03-28 22:48:15,470] {processor.py:651} INFO - DAG(s) dict_keys(['latest_only_with_trigger']) retrieved from /home/airflow/.local/lib/python3.7/site-packages/airflow/example_dags/example_latest_only_with_trigger.py
[2023-03-28 22:48:15,497] {logging_mixin.py:115} INFO - [2023-03-28 22:48:15,497] {dag.py:2371} INFO - Sync 1 DAGs
[2023-03-28 22:48:15,697] {logging_mixin.py:115} INFO - [2023-03-28 22:48:15,697] {dag.py:2919} INFO - Setting next_dagrun for latest_only_with_trigger to 2023-03-28T18:48:15.696909+00:00, run_after=2023-03-28T22:48:15.696909+00:00
[2023-03-28 22:48:15,713] {processor.py:161} INFO - Processing /home/airflow/.local/lib/python3.7/site-packages/airflow/example_dags/example_latest_only_with_trigger.py took 0.253 seconds
[2023-03-28 22:48:46,366] {processor.py:153} INFO - Started process (PID=150) to work on /home/airflow/.local/lib/python3.7/site-packages/airflow/example_dags/example_latest_only_with_trigger.py
[2023-03-28 22:48:46,367] {processor.py:641} INFO - Processing file /home/airflow/.local/lib/python3.7/site-packages/airflow/example_dags/example_latest_only_with_trigger.py for tasks to queue
[2023-03-28 22:48:46,368] {logging_mixin.py:115} INFO - [2023-03-28 22:48:46,368] {dagbag.py:507} INFO - Filling up the DagBag from /home/airflow/.local/lib/python3.7/site-packages/airflow/example_dags/example_latest_only_with_trigger.py
[2023-03-28 22:48:46,371] {processor.py:651} INFO - DAG(s) dict_keys(['latest_only_with_trigger']) retrieved from /home/airflow/.local/lib/python3.7/site-packages/airflow/example_dags/example_latest_only_with_trigger.py
[2023-03-28 22:48:46,395] {logging_mixin.py:115} INFO - [2023-03-28 22:48:46,395] {dag.py:2371} INFO - Sync 1 DAGs
[2023-03-28 22:48:46,525] {logging_mixin.py:115} INFO - [2023-03-28 22:48:46,525] {dag.py:2919} INFO - Setting next_dagrun for latest_only_with_trigger to 2023-03-28T18:48:46.525386+00:00, run_after=2023-03-28T22:48:46.525386+00:00
[2023-03-28 22:48:46,539] {processor.py:161} INFO - Processing /home/airflow/.local/lib/python3.7/site-packages/airflow/example_dags/example_latest_only_with_trigger.py took 0.176 seconds
[2023-03-28 22:49:17,266] {processor.py:153} INFO - Started process (PID=205) to work on /home/airflow/.local/lib/python3.7/site-packages/airflow/example_dags/example_latest_only_with_trigger.py
[2023-03-28 22:49:17,267] {processor.py:641} INFO - Processing file /home/airflow/.local/lib/python3.7/site-packages/airflow/example_dags/example_latest_only_with_trigger.py for tasks to queue
[2023-03-28 22:49:17,267] {logging_mixin.py:115} INFO - [2023-03-28 22:49:17,267] {dagbag.py:507} INFO - Filling up the DagBag from /home/airflow/.local/lib/python3.7/site-packages/airflow/example_dags/example_latest_only_with_trigger.py
[2023-03-28 22:49:17,271] {processor.py:651} INFO - DAG(s) dict_keys(['latest_only_with_trigger']) retrieved from /home/airflow/.local/lib/python3.7/site-packages/airflow/example_dags/example_latest_only_with_trigger.py
[2023-03-28 22:49:17,294] {logging_mixin.py:115} INFO - [2023-03-28 22:49:17,294] {dag.py:2371} INFO - Sync 1 DAGs
[2023-03-28 22:49:17,417] {logging_mixin.py:115} INFO - [2023-03-28 22:49:17,417] {dag.py:2919} INFO - Setting next_dagrun for latest_only_with_trigger to 2023-03-28T18:49:17.416932+00:00, run_after=2023-03-28T22:49:17.416932+00:00
[2023-03-28 22:49:17,429] {processor.py:161} INFO - Processing /home/airflow/.local/lib/python3.7/site-packages/airflow/example_dags/example_latest_only_with_trigger.py took 0.166 seconds
[2023-03-28 22:49:47,849] {processor.py:153} INFO - Started process (PID=270) to work on /home/airflow/.local/lib/python3.7/site-packages/airflow/example_dags/example_latest_only_with_trigger.py
[2023-03-28 22:49:47,850] {processor.py:641} INFO - Processing file /home/airflow/.local/lib/python3.7/site-packages/airflow/example_dags/example_latest_only_with_trigger.py for tasks to queue
[2023-03-28 22:49:47,851] {logging_mixin.py:115} INFO - [2023-03-28 22:49:47,851] {dagbag.py:507} INFO - Filling up the DagBag from /home/airflow/.local/lib/python3.7/site-packages/airflow/example_dags/example_latest_only_with_trigger.py
[2023-03-28 22:49:47,855] {processor.py:651} INFO - DAG(s) dict_keys(['latest_only_with_trigger']) retrieved from /home/airflow/.local/lib/python3.7/site-packages/airflow/example_dags/example_latest_only_with_trigger.py
[2023-03-28 22:49:47,876] {logging_mixin.py:115} INFO - [2023-03-28 22:49:47,876] {dag.py:2371} INFO - Sync 1 DAGs
[2023-03-28 22:49:47,994] {logging_mixin.py:115} INFO - [2023-03-28 22:49:47,994] {dag.py:2919} INFO - Setting next_dagrun for latest_only_with_trigger to 2023-03-28T18:49:47.993952+00:00, run_after=2023-03-28T22:49:47.993952+00:00
[2023-03-28 22:49:48,005] {processor.py:161} INFO - Processing /home/airflow/.local/lib/python3.7/site-packages/airflow/example_dags/example_latest_only_with_trigger.py took 0.158 seconds
[2023-03-28 22:50:20,578] {processor.py:153} INFO - Started process (PID=334) to work on /home/airflow/.local/lib/python3.7/site-packages/airflow/example_dags/example_latest_only_with_trigger.py
[2023-03-28 22:50:20,578] {processor.py:641} INFO - Processing file /home/airflow/.local/lib/python3.7/site-packages/airflow/example_dags/example_latest_only_with_trigger.py for tasks to queue
[2023-03-28 22:50:20,579] {logging_mixin.py:115} INFO - [2023-03-28 22:50:20,579] {dagbag.py:507} INFO - Filling up the DagBag from /home/airflow/.local/lib/python3.7/site-packages/airflow/example_dags/example_latest_only_with_trigger.py
[2023-03-28 22:50:20,585] {processor.py:651} INFO - DAG(s) dict_keys(['latest_only_with_trigger']) retrieved from /home/airflow/.local/lib/python3.7/site-packages/airflow/example_dags/example_latest_only_with_trigger.py
[2023-03-28 22:50:20,610] {logging_mixin.py:115} INFO - [2023-03-28 22:50:20,610] {dag.py:2371} INFO - Sync 1 DAGs
[2023-03-28 22:50:20,768] {logging_mixin.py:115} INFO - [2023-03-28 22:50:20,768] {dag.py:2919} INFO - Setting next_dagrun for latest_only_with_trigger to 2023-03-28T18:50:20.768074+00:00, run_after=2023-03-28T22:50:20.768074+00:00
[2023-03-28 22:50:20,787] {processor.py:161} INFO - Processing /home/airflow/.local/lib/python3.7/site-packages/airflow/example_dags/example_latest_only_with_trigger.py took 0.212 seconds
[2023-03-28 22:50:51,417] {processor.py:153} INFO - Started process (PID=390) to work on /home/airflow/.local/lib/python3.7/site-packages/airflow/example_dags/example_latest_only_with_trigger.py
[2023-03-28 22:50:51,418] {processor.py:641} INFO - Processing file /home/airflow/.local/lib/python3.7/site-packages/airflow/example_dags/example_latest_only_with_trigger.py for tasks to queue
[2023-03-28 22:50:51,419] {logging_mixin.py:115} INFO - [2023-03-28 22:50:51,419] {dagbag.py:507} INFO - Filling up the DagBag from /home/airflow/.local/lib/python3.7/site-packages/airflow/example_dags/example_latest_only_with_trigger.py
[2023-03-28 22:50:51,423] {processor.py:651} INFO - DAG(s) dict_keys(['latest_only_with_trigger']) retrieved from /home/airflow/.local/lib/python3.7/site-packages/airflow/example_dags/example_latest_only_with_trigger.py
[2023-03-28 22:50:51,446] {logging_mixin.py:115} INFO - [2023-03-28 22:50:51,446] {dag.py:2371} INFO - Sync 1 DAGs
[2023-03-28 22:50:51,566] {logging_mixin.py:115} INFO - [2023-03-28 22:50:51,566] {dag.py:2919} INFO - Setting next_dagrun for latest_only_with_trigger to 2023-03-28T18:50:51.566091+00:00, run_after=2023-03-28T22:50:51.566091+00:00
[2023-03-28 22:50:51,581] {processor.py:161} INFO - Processing /home/airflow/.local/lib/python3.7/site-packages/airflow/example_dags/example_latest_only_with_trigger.py took 0.166 seconds
[2023-03-28 22:52:17,421] {processor.py:153} INFO - Started process (PID=75) to work on /home/airflow/.local/lib/python3.7/site-packages/airflow/example_dags/example_latest_only_with_trigger.py
[2023-03-28 22:52:17,422] {processor.py:641} INFO - Processing file /home/airflow/.local/lib/python3.7/site-packages/airflow/example_dags/example_latest_only_with_trigger.py for tasks to queue
[2023-03-28 22:52:17,423] {logging_mixin.py:115} INFO - [2023-03-28 22:52:17,422] {dagbag.py:507} INFO - Filling up the DagBag from /home/airflow/.local/lib/python3.7/site-packages/airflow/example_dags/example_latest_only_with_trigger.py
[2023-03-28 22:52:17,428] {processor.py:651} INFO - DAG(s) dict_keys(['latest_only_with_trigger']) retrieved from /home/airflow/.local/lib/python3.7/site-packages/airflow/example_dags/example_latest_only_with_trigger.py
[2023-03-28 22:52:17,454] {logging_mixin.py:115} INFO - [2023-03-28 22:52:17,454] {dag.py:2371} INFO - Sync 1 DAGs
[2023-03-28 22:52:17,478] {logging_mixin.py:115} INFO - [2023-03-28 22:52:17,478] {dag.py:2919} INFO - Setting next_dagrun for latest_only_with_trigger to 2023-03-28T18:52:17.478083+00:00, run_after=2023-03-28T22:52:17.478083+00:00
[2023-03-28 22:52:17,497] {processor.py:161} INFO - Processing /home/airflow/.local/lib/python3.7/site-packages/airflow/example_dags/example_latest_only_with_trigger.py took 0.078 seconds
[2023-03-28 22:52:47,553] {processor.py:153} INFO - Started process (PID=139) to work on /home/airflow/.local/lib/python3.7/site-packages/airflow/example_dags/example_latest_only_with_trigger.py
[2023-03-28 22:52:47,554] {processor.py:641} INFO - Processing file /home/airflow/.local/lib/python3.7/site-packages/airflow/example_dags/example_latest_only_with_trigger.py for tasks to queue
[2023-03-28 22:52:47,554] {logging_mixin.py:115} INFO - [2023-03-28 22:52:47,554] {dagbag.py:507} INFO - Filling up the DagBag from /home/airflow/.local/lib/python3.7/site-packages/airflow/example_dags/example_latest_only_with_trigger.py
[2023-03-28 22:52:47,558] {processor.py:651} INFO - DAG(s) dict_keys(['latest_only_with_trigger']) retrieved from /home/airflow/.local/lib/python3.7/site-packages/airflow/example_dags/example_latest_only_with_trigger.py
[2023-03-28 22:52:47,579] {logging_mixin.py:115} INFO - [2023-03-28 22:52:47,579] {dag.py:2371} INFO - Sync 1 DAGs
[2023-03-28 22:52:47,597] {logging_mixin.py:115} INFO - [2023-03-28 22:52:47,597] {dag.py:2919} INFO - Setting next_dagrun for latest_only_with_trigger to 2023-03-28T18:52:47.597466+00:00, run_after=2023-03-28T22:52:47.597466+00:00
[2023-03-28 22:52:47,611] {processor.py:161} INFO - Processing /home/airflow/.local/lib/python3.7/site-packages/airflow/example_dags/example_latest_only_with_trigger.py took 0.060 seconds
[2023-03-28 22:53:18,318] {processor.py:153} INFO - Started process (PID=203) to work on /home/airflow/.local/lib/python3.7/site-packages/airflow/example_dags/example_latest_only_with_trigger.py
[2023-03-28 22:53:18,318] {processor.py:641} INFO - Processing file /home/airflow/.local/lib/python3.7/site-packages/airflow/example_dags/example_latest_only_with_trigger.py for tasks to queue
[2023-03-28 22:53:18,319] {logging_mixin.py:115} INFO - [2023-03-28 22:53:18,319] {dagbag.py:507} INFO - Filling up the DagBag from /home/airflow/.local/lib/python3.7/site-packages/airflow/example_dags/example_latest_only_with_trigger.py
[2023-03-28 22:53:18,324] {processor.py:651} INFO - DAG(s) dict_keys(['latest_only_with_trigger']) retrieved from /home/airflow/.local/lib/python3.7/site-packages/airflow/example_dags/example_latest_only_with_trigger.py
[2023-03-28 22:53:18,347] {logging_mixin.py:115} INFO - [2023-03-28 22:53:18,347] {dag.py:2371} INFO - Sync 1 DAGs
[2023-03-28 22:53:18,370] {logging_mixin.py:115} INFO - [2023-03-28 22:53:18,370] {dag.py:2919} INFO - Setting next_dagrun for latest_only_with_trigger to 2023-03-28T18:53:18.370340+00:00, run_after=2023-03-28T22:53:18.370340+00:00
[2023-03-28 22:53:18,383] {processor.py:161} INFO - Processing /home/airflow/.local/lib/python3.7/site-packages/airflow/example_dags/example_latest_only_with_trigger.py took 0.068 seconds
[2023-03-28 22:53:48,444] {processor.py:153} INFO - Started process (PID=258) to work on /home/airflow/.local/lib/python3.7/site-packages/airflow/example_dags/example_latest_only_with_trigger.py
[2023-03-28 22:53:48,445] {processor.py:641} INFO - Processing file /home/airflow/.local/lib/python3.7/site-packages/airflow/example_dags/example_latest_only_with_trigger.py for tasks to queue
[2023-03-28 22:53:48,445] {logging_mixin.py:115} INFO - [2023-03-28 22:53:48,445] {dagbag.py:507} INFO - Filling up the DagBag from /home/airflow/.local/lib/python3.7/site-packages/airflow/example_dags/example_latest_only_with_trigger.py
[2023-03-28 22:53:48,450] {processor.py:651} INFO - DAG(s) dict_keys(['latest_only_with_trigger']) retrieved from /home/airflow/.local/lib/python3.7/site-packages/airflow/example_dags/example_latest_only_with_trigger.py
[2023-03-28 22:53:48,477] {logging_mixin.py:115} INFO - [2023-03-28 22:53:48,477] {dag.py:2371} INFO - Sync 1 DAGs
[2023-03-28 22:53:48,501] {logging_mixin.py:115} INFO - [2023-03-28 22:53:48,501] {dag.py:2919} INFO - Setting next_dagrun for latest_only_with_trigger to 2023-03-28T18:53:48.501183+00:00, run_after=2023-03-28T22:53:48.501183+00:00
[2023-03-28 22:53:48,514] {processor.py:161} INFO - Processing /home/airflow/.local/lib/python3.7/site-packages/airflow/example_dags/example_latest_only_with_trigger.py took 0.073 seconds
