[2023-03-28 22:23:54,594] {processor.py:153} INFO - Started process (PID=2366) to work on /home/airflow/.local/lib/python3.7/site-packages/airflow/example_dags/example_task_group_decorator.py
[2023-03-28 22:23:54,595] {processor.py:641} INFO - Processing file /home/airflow/.local/lib/python3.7/site-packages/airflow/example_dags/example_task_group_decorator.py for tasks to queue
[2023-03-28 22:23:54,595] {logging_mixin.py:115} INFO - [2023-03-28 22:23:54,595] {dagbag.py:507} INFO - Filling up the DagBag from /home/airflow/.local/lib/python3.7/site-packages/airflow/example_dags/example_task_group_decorator.py
[2023-03-28 22:23:54,617] {processor.py:651} INFO - DAG(s) dict_keys(['example_task_group_decorator']) retrieved from /home/airflow/.local/lib/python3.7/site-packages/airflow/example_dags/example_task_group_decorator.py
[2023-03-28 22:23:54,781] {logging_mixin.py:115} INFO - [2023-03-28 22:23:54,780] {dag.py:2371} INFO - Sync 1 DAGs
[2023-03-28 22:23:54,798] {logging_mixin.py:115} INFO - [2023-03-28 22:23:54,798] {dag.py:2919} INFO - Setting next_dagrun for example_task_group_decorator to 2023-03-27T22:23:54.798542+00:00, run_after=2023-03-28T22:23:54.798542+00:00
[2023-03-28 22:23:54,814] {processor.py:161} INFO - Processing /home/airflow/.local/lib/python3.7/site-packages/airflow/example_dags/example_task_group_decorator.py took 0.222 seconds
[2023-03-28 22:24:25,400] {processor.py:153} INFO - Started process (PID=2430) to work on /home/airflow/.local/lib/python3.7/site-packages/airflow/example_dags/example_task_group_decorator.py
[2023-03-28 22:24:25,400] {processor.py:641} INFO - Processing file /home/airflow/.local/lib/python3.7/site-packages/airflow/example_dags/example_task_group_decorator.py for tasks to queue
[2023-03-28 22:24:25,401] {logging_mixin.py:115} INFO - [2023-03-28 22:24:25,401] {dagbag.py:507} INFO - Filling up the DagBag from /home/airflow/.local/lib/python3.7/site-packages/airflow/example_dags/example_task_group_decorator.py
[2023-03-28 22:24:25,420] {processor.py:651} INFO - DAG(s) dict_keys(['example_task_group_decorator']) retrieved from /home/airflow/.local/lib/python3.7/site-packages/airflow/example_dags/example_task_group_decorator.py
[2023-03-28 22:24:25,562] {logging_mixin.py:115} INFO - [2023-03-28 22:24:25,562] {dag.py:2371} INFO - Sync 1 DAGs
[2023-03-28 22:24:25,578] {logging_mixin.py:115} INFO - [2023-03-28 22:24:25,578] {dag.py:2919} INFO - Setting next_dagrun for example_task_group_decorator to 2023-03-27T22:24:25.578465+00:00, run_after=2023-03-28T22:24:25.578465+00:00
[2023-03-28 22:24:25,592] {processor.py:161} INFO - Processing /home/airflow/.local/lib/python3.7/site-packages/airflow/example_dags/example_task_group_decorator.py took 0.194 seconds
[2023-03-28 22:24:56,013] {processor.py:153} INFO - Started process (PID=2485) to work on /home/airflow/.local/lib/python3.7/site-packages/airflow/example_dags/example_task_group_decorator.py
[2023-03-28 22:24:56,014] {processor.py:641} INFO - Processing file /home/airflow/.local/lib/python3.7/site-packages/airflow/example_dags/example_task_group_decorator.py for tasks to queue
[2023-03-28 22:24:56,014] {logging_mixin.py:115} INFO - [2023-03-28 22:24:56,014] {dagbag.py:507} INFO - Filling up the DagBag from /home/airflow/.local/lib/python3.7/site-packages/airflow/example_dags/example_task_group_decorator.py
[2023-03-28 22:24:56,036] {processor.py:651} INFO - DAG(s) dict_keys(['example_task_group_decorator']) retrieved from /home/airflow/.local/lib/python3.7/site-packages/airflow/example_dags/example_task_group_decorator.py
[2023-03-28 22:24:56,193] {logging_mixin.py:115} INFO - [2023-03-28 22:24:56,193] {dag.py:2371} INFO - Sync 1 DAGs
[2023-03-28 22:24:56,210] {logging_mixin.py:115} INFO - [2023-03-28 22:24:56,210] {dag.py:2919} INFO - Setting next_dagrun for example_task_group_decorator to 2023-03-27T22:24:56.210728+00:00, run_after=2023-03-28T22:24:56.210728+00:00
[2023-03-28 22:24:56,224] {processor.py:161} INFO - Processing /home/airflow/.local/lib/python3.7/site-packages/airflow/example_dags/example_task_group_decorator.py took 0.213 seconds
[2023-03-28 22:25:27,029] {processor.py:153} INFO - Started process (PID=2549) to work on /home/airflow/.local/lib/python3.7/site-packages/airflow/example_dags/example_task_group_decorator.py
[2023-03-28 22:25:27,030] {processor.py:641} INFO - Processing file /home/airflow/.local/lib/python3.7/site-packages/airflow/example_dags/example_task_group_decorator.py for tasks to queue
[2023-03-28 22:25:27,031] {logging_mixin.py:115} INFO - [2023-03-28 22:25:27,031] {dagbag.py:507} INFO - Filling up the DagBag from /home/airflow/.local/lib/python3.7/site-packages/airflow/example_dags/example_task_group_decorator.py
[2023-03-28 22:25:27,051] {processor.py:651} INFO - DAG(s) dict_keys(['example_task_group_decorator']) retrieved from /home/airflow/.local/lib/python3.7/site-packages/airflow/example_dags/example_task_group_decorator.py
[2023-03-28 22:25:27,196] {logging_mixin.py:115} INFO - [2023-03-28 22:25:27,196] {dag.py:2371} INFO - Sync 1 DAGs
[2023-03-28 22:25:27,213] {logging_mixin.py:115} INFO - [2023-03-28 22:25:27,213] {dag.py:2919} INFO - Setting next_dagrun for example_task_group_decorator to 2023-03-27T22:25:27.213630+00:00, run_after=2023-03-28T22:25:27.213630+00:00
[2023-03-28 22:25:27,227] {processor.py:161} INFO - Processing /home/airflow/.local/lib/python3.7/site-packages/airflow/example_dags/example_task_group_decorator.py took 0.200 seconds
[2023-03-28 22:25:57,798] {processor.py:153} INFO - Started process (PID=2613) to work on /home/airflow/.local/lib/python3.7/site-packages/airflow/example_dags/example_task_group_decorator.py
[2023-03-28 22:25:57,798] {processor.py:641} INFO - Processing file /home/airflow/.local/lib/python3.7/site-packages/airflow/example_dags/example_task_group_decorator.py for tasks to queue
[2023-03-28 22:25:57,798] {logging_mixin.py:115} INFO - [2023-03-28 22:25:57,798] {dagbag.py:507} INFO - Filling up the DagBag from /home/airflow/.local/lib/python3.7/site-packages/airflow/example_dags/example_task_group_decorator.py
[2023-03-28 22:25:57,816] {processor.py:651} INFO - DAG(s) dict_keys(['example_task_group_decorator']) retrieved from /home/airflow/.local/lib/python3.7/site-packages/airflow/example_dags/example_task_group_decorator.py
[2023-03-28 22:25:57,950] {logging_mixin.py:115} INFO - [2023-03-28 22:25:57,950] {dag.py:2371} INFO - Sync 1 DAGs
[2023-03-28 22:25:57,966] {logging_mixin.py:115} INFO - [2023-03-28 22:25:57,966] {dag.py:2919} INFO - Setting next_dagrun for example_task_group_decorator to 2023-03-27T22:25:57.966090+00:00, run_after=2023-03-28T22:25:57.966090+00:00
[2023-03-28 22:25:57,981] {processor.py:161} INFO - Processing /home/airflow/.local/lib/python3.7/site-packages/airflow/example_dags/example_task_group_decorator.py took 0.186 seconds
[2023-03-28 22:26:28,912] {processor.py:153} INFO - Started process (PID=2678) to work on /home/airflow/.local/lib/python3.7/site-packages/airflow/example_dags/example_task_group_decorator.py
[2023-03-28 22:26:28,913] {processor.py:641} INFO - Processing file /home/airflow/.local/lib/python3.7/site-packages/airflow/example_dags/example_task_group_decorator.py for tasks to queue
[2023-03-28 22:26:28,913] {logging_mixin.py:115} INFO - [2023-03-28 22:26:28,913] {dagbag.py:507} INFO - Filling up the DagBag from /home/airflow/.local/lib/python3.7/site-packages/airflow/example_dags/example_task_group_decorator.py
[2023-03-28 22:26:28,934] {processor.py:651} INFO - DAG(s) dict_keys(['example_task_group_decorator']) retrieved from /home/airflow/.local/lib/python3.7/site-packages/airflow/example_dags/example_task_group_decorator.py
[2023-03-28 22:26:29,098] {logging_mixin.py:115} INFO - [2023-03-28 22:26:29,098] {dag.py:2371} INFO - Sync 1 DAGs
[2023-03-28 22:26:29,118] {logging_mixin.py:115} INFO - [2023-03-28 22:26:29,118] {dag.py:2919} INFO - Setting next_dagrun for example_task_group_decorator to 2023-03-27T22:26:29.118088+00:00, run_after=2023-03-28T22:26:29.118088+00:00
[2023-03-28 22:26:29,136] {processor.py:161} INFO - Processing /home/airflow/.local/lib/python3.7/site-packages/airflow/example_dags/example_task_group_decorator.py took 0.226 seconds
[2023-03-28 22:26:59,905] {processor.py:153} INFO - Started process (PID=2733) to work on /home/airflow/.local/lib/python3.7/site-packages/airflow/example_dags/example_task_group_decorator.py
[2023-03-28 22:26:59,905] {processor.py:641} INFO - Processing file /home/airflow/.local/lib/python3.7/site-packages/airflow/example_dags/example_task_group_decorator.py for tasks to queue
[2023-03-28 22:26:59,905] {logging_mixin.py:115} INFO - [2023-03-28 22:26:59,905] {dagbag.py:507} INFO - Filling up the DagBag from /home/airflow/.local/lib/python3.7/site-packages/airflow/example_dags/example_task_group_decorator.py
[2023-03-28 22:26:59,926] {processor.py:651} INFO - DAG(s) dict_keys(['example_task_group_decorator']) retrieved from /home/airflow/.local/lib/python3.7/site-packages/airflow/example_dags/example_task_group_decorator.py
[2023-03-28 22:26:59,949] {logging_mixin.py:115} INFO - [2023-03-28 22:26:59,949] {dag.py:2371} INFO - Sync 1 DAGs
[2023-03-28 22:26:59,970] {logging_mixin.py:115} INFO - [2023-03-28 22:26:59,970] {dag.py:2919} INFO - Setting next_dagrun for example_task_group_decorator to 2023-03-27T22:26:59.970438+00:00, run_after=2023-03-28T22:26:59.970438+00:00
[2023-03-28 22:27:00,079] {processor.py:161} INFO - Processing /home/airflow/.local/lib/python3.7/site-packages/airflow/example_dags/example_task_group_decorator.py took 0.176 seconds
[2023-03-28 22:27:30,531] {processor.py:153} INFO - Started process (PID=2799) to work on /home/airflow/.local/lib/python3.7/site-packages/airflow/example_dags/example_task_group_decorator.py
[2023-03-28 22:27:30,531] {processor.py:641} INFO - Processing file /home/airflow/.local/lib/python3.7/site-packages/airflow/example_dags/example_task_group_decorator.py for tasks to queue
[2023-03-28 22:27:30,532] {logging_mixin.py:115} INFO - [2023-03-28 22:27:30,532] {dagbag.py:507} INFO - Filling up the DagBag from /home/airflow/.local/lib/python3.7/site-packages/airflow/example_dags/example_task_group_decorator.py
[2023-03-28 22:27:30,554] {processor.py:651} INFO - DAG(s) dict_keys(['example_task_group_decorator']) retrieved from /home/airflow/.local/lib/python3.7/site-packages/airflow/example_dags/example_task_group_decorator.py
[2023-03-28 22:27:30,708] {logging_mixin.py:115} INFO - [2023-03-28 22:27:30,708] {dag.py:2371} INFO - Sync 1 DAGs
[2023-03-28 22:27:30,726] {logging_mixin.py:115} INFO - [2023-03-28 22:27:30,726] {dag.py:2919} INFO - Setting next_dagrun for example_task_group_decorator to 2023-03-27T22:27:30.726279+00:00, run_after=2023-03-28T22:27:30.726279+00:00
[2023-03-28 22:27:30,740] {processor.py:161} INFO - Processing /home/airflow/.local/lib/python3.7/site-packages/airflow/example_dags/example_task_group_decorator.py took 0.212 seconds
[2023-03-28 22:28:01,236] {processor.py:153} INFO - Started process (PID=2863) to work on /home/airflow/.local/lib/python3.7/site-packages/airflow/example_dags/example_task_group_decorator.py
[2023-03-28 22:28:01,236] {processor.py:641} INFO - Processing file /home/airflow/.local/lib/python3.7/site-packages/airflow/example_dags/example_task_group_decorator.py for tasks to queue
[2023-03-28 22:28:01,236] {logging_mixin.py:115} INFO - [2023-03-28 22:28:01,236] {dagbag.py:507} INFO - Filling up the DagBag from /home/airflow/.local/lib/python3.7/site-packages/airflow/example_dags/example_task_group_decorator.py
[2023-03-28 22:28:01,255] {processor.py:651} INFO - DAG(s) dict_keys(['example_task_group_decorator']) retrieved from /home/airflow/.local/lib/python3.7/site-packages/airflow/example_dags/example_task_group_decorator.py
[2023-03-28 22:28:01,280] {logging_mixin.py:115} INFO - [2023-03-28 22:28:01,280] {dag.py:2371} INFO - Sync 1 DAGs
[2023-03-28 22:28:01,299] {logging_mixin.py:115} INFO - [2023-03-28 22:28:01,299] {dag.py:2919} INFO - Setting next_dagrun for example_task_group_decorator to 2023-03-27T22:28:01.299251+00:00, run_after=2023-03-28T22:28:01.299251+00:00
[2023-03-28 22:28:01,407] {processor.py:161} INFO - Processing /home/airflow/.local/lib/python3.7/site-packages/airflow/example_dags/example_task_group_decorator.py took 0.174 seconds
[2023-03-28 22:28:32,133] {processor.py:153} INFO - Started process (PID=2925) to work on /home/airflow/.local/lib/python3.7/site-packages/airflow/example_dags/example_task_group_decorator.py
[2023-03-28 22:28:32,134] {processor.py:641} INFO - Processing file /home/airflow/.local/lib/python3.7/site-packages/airflow/example_dags/example_task_group_decorator.py for tasks to queue
[2023-03-28 22:28:32,134] {logging_mixin.py:115} INFO - [2023-03-28 22:28:32,134] {dagbag.py:507} INFO - Filling up the DagBag from /home/airflow/.local/lib/python3.7/site-packages/airflow/example_dags/example_task_group_decorator.py
[2023-03-28 22:28:32,154] {processor.py:651} INFO - DAG(s) dict_keys(['example_task_group_decorator']) retrieved from /home/airflow/.local/lib/python3.7/site-packages/airflow/example_dags/example_task_group_decorator.py
[2023-03-28 22:28:32,312] {logging_mixin.py:115} INFO - [2023-03-28 22:28:32,312] {dag.py:2371} INFO - Sync 1 DAGs
[2023-03-28 22:28:32,328] {logging_mixin.py:115} INFO - [2023-03-28 22:28:32,328] {dag.py:2919} INFO - Setting next_dagrun for example_task_group_decorator to 2023-03-27T22:28:32.328601+00:00, run_after=2023-03-28T22:28:32.328601+00:00
[2023-03-28 22:28:32,344] {processor.py:161} INFO - Processing /home/airflow/.local/lib/python3.7/site-packages/airflow/example_dags/example_task_group_decorator.py took 0.213 seconds
[2023-03-28 22:29:03,279] {processor.py:153} INFO - Started process (PID=2982) to work on /home/airflow/.local/lib/python3.7/site-packages/airflow/example_dags/example_task_group_decorator.py
[2023-03-28 22:29:03,279] {processor.py:641} INFO - Processing file /home/airflow/.local/lib/python3.7/site-packages/airflow/example_dags/example_task_group_decorator.py for tasks to queue
[2023-03-28 22:29:03,280] {logging_mixin.py:115} INFO - [2023-03-28 22:29:03,280] {dagbag.py:507} INFO - Filling up the DagBag from /home/airflow/.local/lib/python3.7/site-packages/airflow/example_dags/example_task_group_decorator.py
[2023-03-28 22:29:03,300] {processor.py:651} INFO - DAG(s) dict_keys(['example_task_group_decorator']) retrieved from /home/airflow/.local/lib/python3.7/site-packages/airflow/example_dags/example_task_group_decorator.py
[2023-03-28 22:29:03,460] {logging_mixin.py:115} INFO - [2023-03-28 22:29:03,460] {dag.py:2371} INFO - Sync 1 DAGs
[2023-03-28 22:29:03,488] {logging_mixin.py:115} INFO - [2023-03-28 22:29:03,488] {dag.py:2919} INFO - Setting next_dagrun for example_task_group_decorator to 2023-03-27T22:29:03.487728+00:00, run_after=2023-03-28T22:29:03.487728+00:00
[2023-03-28 22:29:03,505] {processor.py:161} INFO - Processing /home/airflow/.local/lib/python3.7/site-packages/airflow/example_dags/example_task_group_decorator.py took 0.228 seconds
[2023-03-28 22:29:33,984] {processor.py:153} INFO - Started process (PID=3046) to work on /home/airflow/.local/lib/python3.7/site-packages/airflow/example_dags/example_task_group_decorator.py
[2023-03-28 22:29:33,994] {processor.py:641} INFO - Processing file /home/airflow/.local/lib/python3.7/site-packages/airflow/example_dags/example_task_group_decorator.py for tasks to queue
[2023-03-28 22:29:33,994] {logging_mixin.py:115} INFO - [2023-03-28 22:29:33,994] {dagbag.py:507} INFO - Filling up the DagBag from /home/airflow/.local/lib/python3.7/site-packages/airflow/example_dags/example_task_group_decorator.py
[2023-03-28 22:29:34,013] {processor.py:651} INFO - DAG(s) dict_keys(['example_task_group_decorator']) retrieved from /home/airflow/.local/lib/python3.7/site-packages/airflow/example_dags/example_task_group_decorator.py
[2023-03-28 22:29:34,164] {logging_mixin.py:115} INFO - [2023-03-28 22:29:34,164] {dag.py:2371} INFO - Sync 1 DAGs
[2023-03-28 22:29:34,180] {logging_mixin.py:115} INFO - [2023-03-28 22:29:34,180] {dag.py:2919} INFO - Setting next_dagrun for example_task_group_decorator to 2023-03-27T22:29:34.180515+00:00, run_after=2023-03-28T22:29:34.180515+00:00
[2023-03-28 22:29:34,195] {processor.py:161} INFO - Processing /home/airflow/.local/lib/python3.7/site-packages/airflow/example_dags/example_task_group_decorator.py took 0.213 seconds
[2023-03-28 22:30:04,369] {processor.py:153} INFO - Started process (PID=3110) to work on /home/airflow/.local/lib/python3.7/site-packages/airflow/example_dags/example_task_group_decorator.py
[2023-03-28 22:30:04,370] {processor.py:641} INFO - Processing file /home/airflow/.local/lib/python3.7/site-packages/airflow/example_dags/example_task_group_decorator.py for tasks to queue
[2023-03-28 22:30:04,370] {logging_mixin.py:115} INFO - [2023-03-28 22:30:04,370] {dagbag.py:507} INFO - Filling up the DagBag from /home/airflow/.local/lib/python3.7/site-packages/airflow/example_dags/example_task_group_decorator.py
[2023-03-28 22:30:04,391] {processor.py:651} INFO - DAG(s) dict_keys(['example_task_group_decorator']) retrieved from /home/airflow/.local/lib/python3.7/site-packages/airflow/example_dags/example_task_group_decorator.py
[2023-03-28 22:30:04,570] {logging_mixin.py:115} INFO - [2023-03-28 22:30:04,570] {dag.py:2371} INFO - Sync 1 DAGs
[2023-03-28 22:30:04,594] {logging_mixin.py:115} INFO - [2023-03-28 22:30:04,594] {dag.py:2919} INFO - Setting next_dagrun for example_task_group_decorator to 2023-03-27T22:30:04.593843+00:00, run_after=2023-03-28T22:30:04.593843+00:00
[2023-03-28 22:30:04,613] {processor.py:161} INFO - Processing /home/airflow/.local/lib/python3.7/site-packages/airflow/example_dags/example_task_group_decorator.py took 0.246 seconds
[2023-03-28 22:30:34,776] {processor.py:153} INFO - Started process (PID=3165) to work on /home/airflow/.local/lib/python3.7/site-packages/airflow/example_dags/example_task_group_decorator.py
[2023-03-28 22:30:34,788] {processor.py:641} INFO - Processing file /home/airflow/.local/lib/python3.7/site-packages/airflow/example_dags/example_task_group_decorator.py for tasks to queue
[2023-03-28 22:30:34,789] {logging_mixin.py:115} INFO - [2023-03-28 22:30:34,789] {dagbag.py:507} INFO - Filling up the DagBag from /home/airflow/.local/lib/python3.7/site-packages/airflow/example_dags/example_task_group_decorator.py
[2023-03-28 22:30:34,807] {processor.py:651} INFO - DAG(s) dict_keys(['example_task_group_decorator']) retrieved from /home/airflow/.local/lib/python3.7/site-packages/airflow/example_dags/example_task_group_decorator.py
[2023-03-28 22:30:34,950] {logging_mixin.py:115} INFO - [2023-03-28 22:30:34,950] {dag.py:2371} INFO - Sync 1 DAGs
[2023-03-28 22:30:34,968] {logging_mixin.py:115} INFO - [2023-03-28 22:30:34,968] {dag.py:2919} INFO - Setting next_dagrun for example_task_group_decorator to 2023-03-27T22:30:34.968697+00:00, run_after=2023-03-28T22:30:34.968697+00:00
[2023-03-28 22:30:34,984] {processor.py:161} INFO - Processing /home/airflow/.local/lib/python3.7/site-packages/airflow/example_dags/example_task_group_decorator.py took 0.210 seconds
[2023-03-28 22:31:05,013] {processor.py:153} INFO - Started process (PID=3230) to work on /home/airflow/.local/lib/python3.7/site-packages/airflow/example_dags/example_task_group_decorator.py
[2023-03-28 22:31:05,013] {processor.py:641} INFO - Processing file /home/airflow/.local/lib/python3.7/site-packages/airflow/example_dags/example_task_group_decorator.py for tasks to queue
[2023-03-28 22:31:05,013] {logging_mixin.py:115} INFO - [2023-03-28 22:31:05,013] {dagbag.py:507} INFO - Filling up the DagBag from /home/airflow/.local/lib/python3.7/site-packages/airflow/example_dags/example_task_group_decorator.py
[2023-03-28 22:31:05,032] {processor.py:651} INFO - DAG(s) dict_keys(['example_task_group_decorator']) retrieved from /home/airflow/.local/lib/python3.7/site-packages/airflow/example_dags/example_task_group_decorator.py
[2023-03-28 22:31:05,054] {logging_mixin.py:115} INFO - [2023-03-28 22:31:05,054] {dag.py:2371} INFO - Sync 1 DAGs
[2023-03-28 22:31:05,152] {logging_mixin.py:115} INFO - [2023-03-28 22:31:05,151] {dag.py:2919} INFO - Setting next_dagrun for example_task_group_decorator to 2023-03-27T22:31:05.151741+00:00, run_after=2023-03-28T22:31:05.151741+00:00
[2023-03-28 22:31:05,163] {processor.py:161} INFO - Processing /home/airflow/.local/lib/python3.7/site-packages/airflow/example_dags/example_task_group_decorator.py took 0.152 seconds
[2023-03-28 22:31:35,334] {processor.py:153} INFO - Started process (PID=3293) to work on /home/airflow/.local/lib/python3.7/site-packages/airflow/example_dags/example_task_group_decorator.py
[2023-03-28 22:31:35,347] {processor.py:641} INFO - Processing file /home/airflow/.local/lib/python3.7/site-packages/airflow/example_dags/example_task_group_decorator.py for tasks to queue
[2023-03-28 22:31:35,347] {logging_mixin.py:115} INFO - [2023-03-28 22:31:35,347] {dagbag.py:507} INFO - Filling up the DagBag from /home/airflow/.local/lib/python3.7/site-packages/airflow/example_dags/example_task_group_decorator.py
[2023-03-28 22:31:35,367] {processor.py:651} INFO - DAG(s) dict_keys(['example_task_group_decorator']) retrieved from /home/airflow/.local/lib/python3.7/site-packages/airflow/example_dags/example_task_group_decorator.py
[2023-03-28 22:31:35,510] {logging_mixin.py:115} INFO - [2023-03-28 22:31:35,510] {dag.py:2371} INFO - Sync 1 DAGs
[2023-03-28 22:31:35,527] {logging_mixin.py:115} INFO - [2023-03-28 22:31:35,527] {dag.py:2919} INFO - Setting next_dagrun for example_task_group_decorator to 2023-03-27T22:31:35.526842+00:00, run_after=2023-03-28T22:31:35.526842+00:00
[2023-03-28 22:31:35,540] {processor.py:161} INFO - Processing /home/airflow/.local/lib/python3.7/site-packages/airflow/example_dags/example_task_group_decorator.py took 0.208 seconds
[2023-03-28 22:32:05,668] {processor.py:153} INFO - Started process (PID=3348) to work on /home/airflow/.local/lib/python3.7/site-packages/airflow/example_dags/example_task_group_decorator.py
[2023-03-28 22:32:05,668] {processor.py:641} INFO - Processing file /home/airflow/.local/lib/python3.7/site-packages/airflow/example_dags/example_task_group_decorator.py for tasks to queue
[2023-03-28 22:32:05,669] {logging_mixin.py:115} INFO - [2023-03-28 22:32:05,669] {dagbag.py:507} INFO - Filling up the DagBag from /home/airflow/.local/lib/python3.7/site-packages/airflow/example_dags/example_task_group_decorator.py
[2023-03-28 22:32:05,688] {processor.py:651} INFO - DAG(s) dict_keys(['example_task_group_decorator']) retrieved from /home/airflow/.local/lib/python3.7/site-packages/airflow/example_dags/example_task_group_decorator.py
[2023-03-28 22:32:05,844] {logging_mixin.py:115} INFO - [2023-03-28 22:32:05,843] {dag.py:2371} INFO - Sync 1 DAGs
[2023-03-28 22:32:05,861] {logging_mixin.py:115} INFO - [2023-03-28 22:32:05,861] {dag.py:2919} INFO - Setting next_dagrun for example_task_group_decorator to 2023-03-27T22:32:05.860870+00:00, run_after=2023-03-28T22:32:05.860870+00:00
[2023-03-28 22:32:05,876] {processor.py:161} INFO - Processing /home/airflow/.local/lib/python3.7/site-packages/airflow/example_dags/example_task_group_decorator.py took 0.210 seconds
[2023-03-28 22:32:36,175] {processor.py:153} INFO - Started process (PID=3412) to work on /home/airflow/.local/lib/python3.7/site-packages/airflow/example_dags/example_task_group_decorator.py
[2023-03-28 22:32:36,176] {processor.py:641} INFO - Processing file /home/airflow/.local/lib/python3.7/site-packages/airflow/example_dags/example_task_group_decorator.py for tasks to queue
[2023-03-28 22:32:36,177] {logging_mixin.py:115} INFO - [2023-03-28 22:32:36,177] {dagbag.py:507} INFO - Filling up the DagBag from /home/airflow/.local/lib/python3.7/site-packages/airflow/example_dags/example_task_group_decorator.py
[2023-03-28 22:32:36,204] {processor.py:651} INFO - DAG(s) dict_keys(['example_task_group_decorator']) retrieved from /home/airflow/.local/lib/python3.7/site-packages/airflow/example_dags/example_task_group_decorator.py
[2023-03-28 22:32:36,392] {logging_mixin.py:115} INFO - [2023-03-28 22:32:36,391] {dag.py:2371} INFO - Sync 1 DAGs
[2023-03-28 22:32:36,412] {logging_mixin.py:115} INFO - [2023-03-28 22:32:36,412] {dag.py:2919} INFO - Setting next_dagrun for example_task_group_decorator to 2023-03-27T22:32:36.412544+00:00, run_after=2023-03-28T22:32:36.412544+00:00
[2023-03-28 22:32:36,430] {processor.py:161} INFO - Processing /home/airflow/.local/lib/python3.7/site-packages/airflow/example_dags/example_task_group_decorator.py took 0.258 seconds
[2023-03-28 22:33:06,470] {processor.py:153} INFO - Started process (PID=3477) to work on /home/airflow/.local/lib/python3.7/site-packages/airflow/example_dags/example_task_group_decorator.py
[2023-03-28 22:33:06,470] {processor.py:641} INFO - Processing file /home/airflow/.local/lib/python3.7/site-packages/airflow/example_dags/example_task_group_decorator.py for tasks to queue
[2023-03-28 22:33:06,470] {logging_mixin.py:115} INFO - [2023-03-28 22:33:06,470] {dagbag.py:507} INFO - Filling up the DagBag from /home/airflow/.local/lib/python3.7/site-packages/airflow/example_dags/example_task_group_decorator.py
[2023-03-28 22:33:06,490] {processor.py:651} INFO - DAG(s) dict_keys(['example_task_group_decorator']) retrieved from /home/airflow/.local/lib/python3.7/site-packages/airflow/example_dags/example_task_group_decorator.py
[2023-03-28 22:33:06,632] {logging_mixin.py:115} INFO - [2023-03-28 22:33:06,632] {dag.py:2371} INFO - Sync 1 DAGs
[2023-03-28 22:33:06,649] {logging_mixin.py:115} INFO - [2023-03-28 22:33:06,649] {dag.py:2919} INFO - Setting next_dagrun for example_task_group_decorator to 2023-03-27T22:33:06.649595+00:00, run_after=2023-03-28T22:33:06.649595+00:00
[2023-03-28 22:33:06,663] {processor.py:161} INFO - Processing /home/airflow/.local/lib/python3.7/site-packages/airflow/example_dags/example_task_group_decorator.py took 0.196 seconds
[2023-03-28 22:33:36,849] {processor.py:153} INFO - Started process (PID=3531) to work on /home/airflow/.local/lib/python3.7/site-packages/airflow/example_dags/example_task_group_decorator.py
[2023-03-28 22:33:36,850] {processor.py:641} INFO - Processing file /home/airflow/.local/lib/python3.7/site-packages/airflow/example_dags/example_task_group_decorator.py for tasks to queue
[2023-03-28 22:33:36,851] {logging_mixin.py:115} INFO - [2023-03-28 22:33:36,851] {dagbag.py:507} INFO - Filling up the DagBag from /home/airflow/.local/lib/python3.7/site-packages/airflow/example_dags/example_task_group_decorator.py
[2023-03-28 22:33:36,870] {processor.py:651} INFO - DAG(s) dict_keys(['example_task_group_decorator']) retrieved from /home/airflow/.local/lib/python3.7/site-packages/airflow/example_dags/example_task_group_decorator.py
[2023-03-28 22:33:37,017] {logging_mixin.py:115} INFO - [2023-03-28 22:33:37,016] {dag.py:2371} INFO - Sync 1 DAGs
[2023-03-28 22:33:37,034] {logging_mixin.py:115} INFO - [2023-03-28 22:33:37,034] {dag.py:2919} INFO - Setting next_dagrun for example_task_group_decorator to 2023-03-27T22:33:37.034278+00:00, run_after=2023-03-28T22:33:37.034278+00:00
[2023-03-28 22:33:37,048] {processor.py:161} INFO - Processing /home/airflow/.local/lib/python3.7/site-packages/airflow/example_dags/example_task_group_decorator.py took 0.201 seconds
[2023-03-28 22:34:07,241] {processor.py:153} INFO - Started process (PID=3595) to work on /home/airflow/.local/lib/python3.7/site-packages/airflow/example_dags/example_task_group_decorator.py
[2023-03-28 22:34:07,241] {processor.py:641} INFO - Processing file /home/airflow/.local/lib/python3.7/site-packages/airflow/example_dags/example_task_group_decorator.py for tasks to queue
[2023-03-28 22:34:07,242] {logging_mixin.py:115} INFO - [2023-03-28 22:34:07,242] {dagbag.py:507} INFO - Filling up the DagBag from /home/airflow/.local/lib/python3.7/site-packages/airflow/example_dags/example_task_group_decorator.py
[2023-03-28 22:34:07,261] {processor.py:651} INFO - DAG(s) dict_keys(['example_task_group_decorator']) retrieved from /home/airflow/.local/lib/python3.7/site-packages/airflow/example_dags/example_task_group_decorator.py
[2023-03-28 22:34:07,407] {logging_mixin.py:115} INFO - [2023-03-28 22:34:07,407] {dag.py:2371} INFO - Sync 1 DAGs
[2023-03-28 22:34:07,424] {logging_mixin.py:115} INFO - [2023-03-28 22:34:07,424] {dag.py:2919} INFO - Setting next_dagrun for example_task_group_decorator to 2023-03-27T22:34:07.423895+00:00, run_after=2023-03-28T22:34:07.423895+00:00
[2023-03-28 22:34:07,439] {processor.py:161} INFO - Processing /home/airflow/.local/lib/python3.7/site-packages/airflow/example_dags/example_task_group_decorator.py took 0.200 seconds
[2023-03-28 22:34:37,568] {processor.py:153} INFO - Started process (PID=3659) to work on /home/airflow/.local/lib/python3.7/site-packages/airflow/example_dags/example_task_group_decorator.py
[2023-03-28 22:34:37,569] {processor.py:641} INFO - Processing file /home/airflow/.local/lib/python3.7/site-packages/airflow/example_dags/example_task_group_decorator.py for tasks to queue
[2023-03-28 22:34:37,569] {logging_mixin.py:115} INFO - [2023-03-28 22:34:37,569] {dagbag.py:507} INFO - Filling up the DagBag from /home/airflow/.local/lib/python3.7/site-packages/airflow/example_dags/example_task_group_decorator.py
[2023-03-28 22:34:37,589] {processor.py:651} INFO - DAG(s) dict_keys(['example_task_group_decorator']) retrieved from /home/airflow/.local/lib/python3.7/site-packages/airflow/example_dags/example_task_group_decorator.py
[2023-03-28 22:34:37,614] {logging_mixin.py:115} INFO - [2023-03-28 22:34:37,614] {dag.py:2371} INFO - Sync 1 DAGs
[2023-03-28 22:34:37,725] {logging_mixin.py:115} INFO - [2023-03-28 22:34:37,725] {dag.py:2919} INFO - Setting next_dagrun for example_task_group_decorator to 2023-03-27T22:34:37.724906+00:00, run_after=2023-03-28T22:34:37.724906+00:00
[2023-03-28 22:34:37,740] {processor.py:161} INFO - Processing /home/airflow/.local/lib/python3.7/site-packages/airflow/example_dags/example_task_group_decorator.py took 0.175 seconds
[2023-03-28 22:35:08,217] {processor.py:153} INFO - Started process (PID=3714) to work on /home/airflow/.local/lib/python3.7/site-packages/airflow/example_dags/example_task_group_decorator.py
[2023-03-28 22:35:08,218] {processor.py:641} INFO - Processing file /home/airflow/.local/lib/python3.7/site-packages/airflow/example_dags/example_task_group_decorator.py for tasks to queue
[2023-03-28 22:35:08,218] {logging_mixin.py:115} INFO - [2023-03-28 22:35:08,218] {dagbag.py:507} INFO - Filling up the DagBag from /home/airflow/.local/lib/python3.7/site-packages/airflow/example_dags/example_task_group_decorator.py
[2023-03-28 22:35:08,237] {processor.py:651} INFO - DAG(s) dict_keys(['example_task_group_decorator']) retrieved from /home/airflow/.local/lib/python3.7/site-packages/airflow/example_dags/example_task_group_decorator.py
[2023-03-28 22:35:08,384] {logging_mixin.py:115} INFO - [2023-03-28 22:35:08,384] {dag.py:2371} INFO - Sync 1 DAGs
[2023-03-28 22:35:08,403] {logging_mixin.py:115} INFO - [2023-03-28 22:35:08,402] {dag.py:2919} INFO - Setting next_dagrun for example_task_group_decorator to 2023-03-27T22:35:08.402640+00:00, run_after=2023-03-28T22:35:08.402640+00:00
[2023-03-28 22:35:08,422] {processor.py:161} INFO - Processing /home/airflow/.local/lib/python3.7/site-packages/airflow/example_dags/example_task_group_decorator.py took 0.207 seconds
[2023-03-28 22:35:39,083] {processor.py:153} INFO - Started process (PID=3779) to work on /home/airflow/.local/lib/python3.7/site-packages/airflow/example_dags/example_task_group_decorator.py
[2023-03-28 22:35:39,095] {processor.py:641} INFO - Processing file /home/airflow/.local/lib/python3.7/site-packages/airflow/example_dags/example_task_group_decorator.py for tasks to queue
[2023-03-28 22:35:39,096] {logging_mixin.py:115} INFO - [2023-03-28 22:35:39,096] {dagbag.py:507} INFO - Filling up the DagBag from /home/airflow/.local/lib/python3.7/site-packages/airflow/example_dags/example_task_group_decorator.py
[2023-03-28 22:35:39,117] {processor.py:651} INFO - DAG(s) dict_keys(['example_task_group_decorator']) retrieved from /home/airflow/.local/lib/python3.7/site-packages/airflow/example_dags/example_task_group_decorator.py
[2023-03-28 22:35:39,278] {logging_mixin.py:115} INFO - [2023-03-28 22:35:39,278] {dag.py:2371} INFO - Sync 1 DAGs
[2023-03-28 22:35:39,294] {logging_mixin.py:115} INFO - [2023-03-28 22:35:39,294] {dag.py:2919} INFO - Setting next_dagrun for example_task_group_decorator to 2023-03-27T22:35:39.294714+00:00, run_after=2023-03-28T22:35:39.294714+00:00
[2023-03-28 22:35:39,310] {processor.py:161} INFO - Processing /home/airflow/.local/lib/python3.7/site-packages/airflow/example_dags/example_task_group_decorator.py took 0.229 seconds
[2023-03-28 22:36:09,604] {processor.py:153} INFO - Started process (PID=3843) to work on /home/airflow/.local/lib/python3.7/site-packages/airflow/example_dags/example_task_group_decorator.py
[2023-03-28 22:36:09,604] {processor.py:641} INFO - Processing file /home/airflow/.local/lib/python3.7/site-packages/airflow/example_dags/example_task_group_decorator.py for tasks to queue
[2023-03-28 22:36:09,604] {logging_mixin.py:115} INFO - [2023-03-28 22:36:09,604] {dagbag.py:507} INFO - Filling up the DagBag from /home/airflow/.local/lib/python3.7/site-packages/airflow/example_dags/example_task_group_decorator.py
[2023-03-28 22:36:09,623] {processor.py:651} INFO - DAG(s) dict_keys(['example_task_group_decorator']) retrieved from /home/airflow/.local/lib/python3.7/site-packages/airflow/example_dags/example_task_group_decorator.py
[2023-03-28 22:36:09,646] {logging_mixin.py:115} INFO - [2023-03-28 22:36:09,646] {dag.py:2371} INFO - Sync 1 DAGs
[2023-03-28 22:36:09,770] {logging_mixin.py:115} INFO - [2023-03-28 22:36:09,770] {dag.py:2919} INFO - Setting next_dagrun for example_task_group_decorator to 2023-03-27T22:36:09.770456+00:00, run_after=2023-03-28T22:36:09.770456+00:00
[2023-03-28 22:36:09,783] {processor.py:161} INFO - Processing /home/airflow/.local/lib/python3.7/site-packages/airflow/example_dags/example_task_group_decorator.py took 0.182 seconds
[2023-03-28 22:36:40,592] {processor.py:153} INFO - Started process (PID=3900) to work on /home/airflow/.local/lib/python3.7/site-packages/airflow/example_dags/example_task_group_decorator.py
[2023-03-28 22:36:40,603] {processor.py:641} INFO - Processing file /home/airflow/.local/lib/python3.7/site-packages/airflow/example_dags/example_task_group_decorator.py for tasks to queue
[2023-03-28 22:36:40,604] {logging_mixin.py:115} INFO - [2023-03-28 22:36:40,604] {dagbag.py:507} INFO - Filling up the DagBag from /home/airflow/.local/lib/python3.7/site-packages/airflow/example_dags/example_task_group_decorator.py
[2023-03-28 22:36:40,635] {processor.py:651} INFO - DAG(s) dict_keys(['example_task_group_decorator']) retrieved from /home/airflow/.local/lib/python3.7/site-packages/airflow/example_dags/example_task_group_decorator.py
[2023-03-28 22:36:40,660] {logging_mixin.py:115} INFO - [2023-03-28 22:36:40,660] {dag.py:2371} INFO - Sync 1 DAGs
[2023-03-28 22:36:40,811] {logging_mixin.py:115} INFO - [2023-03-28 22:36:40,811] {dag.py:2919} INFO - Setting next_dagrun for example_task_group_decorator to 2023-03-27T22:36:40.810988+00:00, run_after=2023-03-28T22:36:40.810988+00:00
[2023-03-28 22:36:40,825] {processor.py:161} INFO - Processing /home/airflow/.local/lib/python3.7/site-packages/airflow/example_dags/example_task_group_decorator.py took 0.235 seconds
[2023-03-28 22:37:11,242] {processor.py:153} INFO - Started process (PID=3965) to work on /home/airflow/.local/lib/python3.7/site-packages/airflow/example_dags/example_task_group_decorator.py
[2023-03-28 22:37:11,242] {processor.py:641} INFO - Processing file /home/airflow/.local/lib/python3.7/site-packages/airflow/example_dags/example_task_group_decorator.py for tasks to queue
[2023-03-28 22:37:11,243] {logging_mixin.py:115} INFO - [2023-03-28 22:37:11,243] {dagbag.py:507} INFO - Filling up the DagBag from /home/airflow/.local/lib/python3.7/site-packages/airflow/example_dags/example_task_group_decorator.py
[2023-03-28 22:37:11,270] {processor.py:651} INFO - DAG(s) dict_keys(['example_task_group_decorator']) retrieved from /home/airflow/.local/lib/python3.7/site-packages/airflow/example_dags/example_task_group_decorator.py
[2023-03-28 22:37:11,299] {logging_mixin.py:115} INFO - [2023-03-28 22:37:11,299] {dag.py:2371} INFO - Sync 1 DAGs
[2023-03-28 22:37:11,436] {logging_mixin.py:115} INFO - [2023-03-28 22:37:11,436] {dag.py:2919} INFO - Setting next_dagrun for example_task_group_decorator to 2023-03-27T22:37:11.435992+00:00, run_after=2023-03-28T22:37:11.435992+00:00
[2023-03-28 22:37:11,450] {processor.py:161} INFO - Processing /home/airflow/.local/lib/python3.7/site-packages/airflow/example_dags/example_task_group_decorator.py took 0.211 seconds
[2023-03-28 22:37:42,053] {processor.py:153} INFO - Started process (PID=4029) to work on /home/airflow/.local/lib/python3.7/site-packages/airflow/example_dags/example_task_group_decorator.py
[2023-03-28 22:37:42,065] {processor.py:641} INFO - Processing file /home/airflow/.local/lib/python3.7/site-packages/airflow/example_dags/example_task_group_decorator.py for tasks to queue
[2023-03-28 22:37:42,066] {logging_mixin.py:115} INFO - [2023-03-28 22:37:42,066] {dagbag.py:507} INFO - Filling up the DagBag from /home/airflow/.local/lib/python3.7/site-packages/airflow/example_dags/example_task_group_decorator.py
[2023-03-28 22:37:42,086] {processor.py:651} INFO - DAG(s) dict_keys(['example_task_group_decorator']) retrieved from /home/airflow/.local/lib/python3.7/site-packages/airflow/example_dags/example_task_group_decorator.py
[2023-03-28 22:37:42,239] {logging_mixin.py:115} INFO - [2023-03-28 22:37:42,239] {dag.py:2371} INFO - Sync 1 DAGs
[2023-03-28 22:37:42,256] {logging_mixin.py:115} INFO - [2023-03-28 22:37:42,256] {dag.py:2919} INFO - Setting next_dagrun for example_task_group_decorator to 2023-03-27T22:37:42.256052+00:00, run_after=2023-03-28T22:37:42.256052+00:00
[2023-03-28 22:37:42,269] {processor.py:161} INFO - Processing /home/airflow/.local/lib/python3.7/site-packages/airflow/example_dags/example_task_group_decorator.py took 0.217 seconds
[2023-03-28 22:38:12,868] {processor.py:153} INFO - Started process (PID=4093) to work on /home/airflow/.local/lib/python3.7/site-packages/airflow/example_dags/example_task_group_decorator.py
[2023-03-28 22:38:12,869] {processor.py:641} INFO - Processing file /home/airflow/.local/lib/python3.7/site-packages/airflow/example_dags/example_task_group_decorator.py for tasks to queue
[2023-03-28 22:38:12,869] {logging_mixin.py:115} INFO - [2023-03-28 22:38:12,869] {dagbag.py:507} INFO - Filling up the DagBag from /home/airflow/.local/lib/python3.7/site-packages/airflow/example_dags/example_task_group_decorator.py
[2023-03-28 22:38:12,894] {processor.py:651} INFO - DAG(s) dict_keys(['example_task_group_decorator']) retrieved from /home/airflow/.local/lib/python3.7/site-packages/airflow/example_dags/example_task_group_decorator.py
[2023-03-28 22:38:13,108] {logging_mixin.py:115} INFO - [2023-03-28 22:38:13,108] {dag.py:2371} INFO - Sync 1 DAGs
[2023-03-28 22:38:13,127] {logging_mixin.py:115} INFO - [2023-03-28 22:38:13,127] {dag.py:2919} INFO - Setting next_dagrun for example_task_group_decorator to 2023-03-27T22:38:13.127075+00:00, run_after=2023-03-28T22:38:13.127075+00:00
[2023-03-28 22:38:13,143] {processor.py:161} INFO - Processing /home/airflow/.local/lib/python3.7/site-packages/airflow/example_dags/example_task_group_decorator.py took 0.278 seconds
[2023-03-28 22:38:43,660] {processor.py:153} INFO - Started process (PID=4148) to work on /home/airflow/.local/lib/python3.7/site-packages/airflow/example_dags/example_task_group_decorator.py
[2023-03-28 22:38:43,660] {processor.py:641} INFO - Processing file /home/airflow/.local/lib/python3.7/site-packages/airflow/example_dags/example_task_group_decorator.py for tasks to queue
[2023-03-28 22:38:43,660] {logging_mixin.py:115} INFO - [2023-03-28 22:38:43,660] {dagbag.py:507} INFO - Filling up the DagBag from /home/airflow/.local/lib/python3.7/site-packages/airflow/example_dags/example_task_group_decorator.py
[2023-03-28 22:38:43,680] {processor.py:651} INFO - DAG(s) dict_keys(['example_task_group_decorator']) retrieved from /home/airflow/.local/lib/python3.7/site-packages/airflow/example_dags/example_task_group_decorator.py
[2023-03-28 22:38:43,704] {logging_mixin.py:115} INFO - [2023-03-28 22:38:43,704] {dag.py:2371} INFO - Sync 1 DAGs
[2023-03-28 22:38:43,817] {logging_mixin.py:115} INFO - [2023-03-28 22:38:43,817] {dag.py:2919} INFO - Setting next_dagrun for example_task_group_decorator to 2023-03-27T22:38:43.817230+00:00, run_after=2023-03-28T22:38:43.817230+00:00
[2023-03-28 22:38:43,832] {processor.py:161} INFO - Processing /home/airflow/.local/lib/python3.7/site-packages/airflow/example_dags/example_task_group_decorator.py took 0.175 seconds
[2023-03-28 22:39:14,316] {processor.py:153} INFO - Started process (PID=4212) to work on /home/airflow/.local/lib/python3.7/site-packages/airflow/example_dags/example_task_group_decorator.py
[2023-03-28 22:39:14,328] {processor.py:641} INFO - Processing file /home/airflow/.local/lib/python3.7/site-packages/airflow/example_dags/example_task_group_decorator.py for tasks to queue
[2023-03-28 22:39:14,328] {logging_mixin.py:115} INFO - [2023-03-28 22:39:14,328] {dagbag.py:507} INFO - Filling up the DagBag from /home/airflow/.local/lib/python3.7/site-packages/airflow/example_dags/example_task_group_decorator.py
[2023-03-28 22:39:14,347] {processor.py:651} INFO - DAG(s) dict_keys(['example_task_group_decorator']) retrieved from /home/airflow/.local/lib/python3.7/site-packages/airflow/example_dags/example_task_group_decorator.py
[2023-03-28 22:39:14,370] {logging_mixin.py:115} INFO - [2023-03-28 22:39:14,370] {dag.py:2371} INFO - Sync 1 DAGs
[2023-03-28 22:39:14,488] {logging_mixin.py:115} INFO - [2023-03-28 22:39:14,488] {dag.py:2919} INFO - Setting next_dagrun for example_task_group_decorator to 2023-03-27T22:39:14.488319+00:00, run_after=2023-03-28T22:39:14.488319+00:00
[2023-03-28 22:39:14,501] {processor.py:161} INFO - Processing /home/airflow/.local/lib/python3.7/site-packages/airflow/example_dags/example_task_group_decorator.py took 0.186 seconds
[2023-03-28 22:39:44,995] {processor.py:153} INFO - Started process (PID=4277) to work on /home/airflow/.local/lib/python3.7/site-packages/airflow/example_dags/example_task_group_decorator.py
[2023-03-28 22:39:44,995] {processor.py:641} INFO - Processing file /home/airflow/.local/lib/python3.7/site-packages/airflow/example_dags/example_task_group_decorator.py for tasks to queue
[2023-03-28 22:39:44,995] {logging_mixin.py:115} INFO - [2023-03-28 22:39:44,995] {dagbag.py:507} INFO - Filling up the DagBag from /home/airflow/.local/lib/python3.7/site-packages/airflow/example_dags/example_task_group_decorator.py
[2023-03-28 22:39:45,017] {processor.py:651} INFO - DAG(s) dict_keys(['example_task_group_decorator']) retrieved from /home/airflow/.local/lib/python3.7/site-packages/airflow/example_dags/example_task_group_decorator.py
[2023-03-28 22:39:45,044] {logging_mixin.py:115} INFO - [2023-03-28 22:39:45,044] {dag.py:2371} INFO - Sync 1 DAGs
[2023-03-28 22:39:45,171] {logging_mixin.py:115} INFO - [2023-03-28 22:39:45,171] {dag.py:2919} INFO - Setting next_dagrun for example_task_group_decorator to 2023-03-27T22:39:45.171506+00:00, run_after=2023-03-28T22:39:45.171506+00:00
[2023-03-28 22:39:45,185] {processor.py:161} INFO - Processing /home/airflow/.local/lib/python3.7/site-packages/airflow/example_dags/example_task_group_decorator.py took 0.193 seconds
[2023-03-28 22:40:15,937] {processor.py:153} INFO - Started process (PID=4333) to work on /home/airflow/.local/lib/python3.7/site-packages/airflow/example_dags/example_task_group_decorator.py
[2023-03-28 22:40:15,938] {processor.py:641} INFO - Processing file /home/airflow/.local/lib/python3.7/site-packages/airflow/example_dags/example_task_group_decorator.py for tasks to queue
[2023-03-28 22:40:15,938] {logging_mixin.py:115} INFO - [2023-03-28 22:40:15,938] {dagbag.py:507} INFO - Filling up the DagBag from /home/airflow/.local/lib/python3.7/site-packages/airflow/example_dags/example_task_group_decorator.py
[2023-03-28 22:40:15,958] {processor.py:651} INFO - DAG(s) dict_keys(['example_task_group_decorator']) retrieved from /home/airflow/.local/lib/python3.7/site-packages/airflow/example_dags/example_task_group_decorator.py
[2023-03-28 22:40:16,134] {logging_mixin.py:115} INFO - [2023-03-28 22:40:16,134] {dag.py:2371} INFO - Sync 1 DAGs
[2023-03-28 22:40:16,155] {logging_mixin.py:115} INFO - [2023-03-28 22:40:16,155] {dag.py:2919} INFO - Setting next_dagrun for example_task_group_decorator to 2023-03-27T22:40:16.154848+00:00, run_after=2023-03-28T22:40:16.154848+00:00
[2023-03-28 22:40:16,172] {processor.py:161} INFO - Processing /home/airflow/.local/lib/python3.7/site-packages/airflow/example_dags/example_task_group_decorator.py took 0.237 seconds
[2023-03-28 22:41:28,341] {processor.py:153} INFO - Started process (PID=71) to work on /home/airflow/.local/lib/python3.7/site-packages/airflow/example_dags/example_task_group_decorator.py
[2023-03-28 22:41:28,343] {processor.py:641} INFO - Processing file /home/airflow/.local/lib/python3.7/site-packages/airflow/example_dags/example_task_group_decorator.py for tasks to queue
[2023-03-28 22:41:28,343] {logging_mixin.py:115} INFO - [2023-03-28 22:41:28,343] {dagbag.py:507} INFO - Filling up the DagBag from /home/airflow/.local/lib/python3.7/site-packages/airflow/example_dags/example_task_group_decorator.py
[2023-03-28 22:41:28,377] {processor.py:651} INFO - DAG(s) dict_keys(['example_task_group_decorator']) retrieved from /home/airflow/.local/lib/python3.7/site-packages/airflow/example_dags/example_task_group_decorator.py
[2023-03-28 22:41:28,455] {logging_mixin.py:115} INFO - [2023-03-28 22:41:28,455] {dag.py:2371} INFO - Sync 1 DAGs
[2023-03-28 22:41:28,641] {logging_mixin.py:115} INFO - [2023-03-28 22:41:28,641] {dag.py:2919} INFO - Setting next_dagrun for example_task_group_decorator to 2023-03-27T22:41:28.641596+00:00, run_after=2023-03-28T22:41:28.641596+00:00
[2023-03-28 22:41:28,661] {processor.py:161} INFO - Processing /home/airflow/.local/lib/python3.7/site-packages/airflow/example_dags/example_task_group_decorator.py took 0.323 seconds
[2023-03-28 22:41:58,813] {processor.py:153} INFO - Started process (PID=136) to work on /home/airflow/.local/lib/python3.7/site-packages/airflow/example_dags/example_task_group_decorator.py
[2023-03-28 22:41:58,814] {processor.py:641} INFO - Processing file /home/airflow/.local/lib/python3.7/site-packages/airflow/example_dags/example_task_group_decorator.py for tasks to queue
[2023-03-28 22:41:58,814] {logging_mixin.py:115} INFO - [2023-03-28 22:41:58,814] {dagbag.py:507} INFO - Filling up the DagBag from /home/airflow/.local/lib/python3.7/site-packages/airflow/example_dags/example_task_group_decorator.py
[2023-03-28 22:41:58,833] {processor.py:651} INFO - DAG(s) dict_keys(['example_task_group_decorator']) retrieved from /home/airflow/.local/lib/python3.7/site-packages/airflow/example_dags/example_task_group_decorator.py
[2023-03-28 22:41:58,893] {logging_mixin.py:115} INFO - [2023-03-28 22:41:58,893] {dag.py:2371} INFO - Sync 1 DAGs
[2023-03-28 22:41:58,998] {logging_mixin.py:115} INFO - [2023-03-28 22:41:58,998] {dag.py:2919} INFO - Setting next_dagrun for example_task_group_decorator to 2023-03-27T22:41:58.998717+00:00, run_after=2023-03-28T22:41:58.998717+00:00
[2023-03-28 22:41:59,013] {processor.py:161} INFO - Processing /home/airflow/.local/lib/python3.7/site-packages/airflow/example_dags/example_task_group_decorator.py took 0.202 seconds
[2023-03-28 22:42:29,310] {processor.py:153} INFO - Started process (PID=201) to work on /home/airflow/.local/lib/python3.7/site-packages/airflow/example_dags/example_task_group_decorator.py
[2023-03-28 22:42:29,311] {processor.py:641} INFO - Processing file /home/airflow/.local/lib/python3.7/site-packages/airflow/example_dags/example_task_group_decorator.py for tasks to queue
[2023-03-28 22:42:29,311] {logging_mixin.py:115} INFO - [2023-03-28 22:42:29,311] {dagbag.py:507} INFO - Filling up the DagBag from /home/airflow/.local/lib/python3.7/site-packages/airflow/example_dags/example_task_group_decorator.py
[2023-03-28 22:42:29,331] {processor.py:651} INFO - DAG(s) dict_keys(['example_task_group_decorator']) retrieved from /home/airflow/.local/lib/python3.7/site-packages/airflow/example_dags/example_task_group_decorator.py
[2023-03-28 22:42:29,394] {logging_mixin.py:115} INFO - [2023-03-28 22:42:29,394] {dag.py:2371} INFO - Sync 1 DAGs
[2023-03-28 22:42:29,523] {logging_mixin.py:115} INFO - [2023-03-28 22:42:29,523] {dag.py:2919} INFO - Setting next_dagrun for example_task_group_decorator to 2023-03-27T22:42:29.523392+00:00, run_after=2023-03-28T22:42:29.523392+00:00
[2023-03-28 22:42:29,539] {processor.py:161} INFO - Processing /home/airflow/.local/lib/python3.7/site-packages/airflow/example_dags/example_task_group_decorator.py took 0.230 seconds
[2023-03-28 22:42:59,640] {processor.py:153} INFO - Started process (PID=256) to work on /home/airflow/.local/lib/python3.7/site-packages/airflow/example_dags/example_task_group_decorator.py
[2023-03-28 22:42:59,640] {processor.py:641} INFO - Processing file /home/airflow/.local/lib/python3.7/site-packages/airflow/example_dags/example_task_group_decorator.py for tasks to queue
[2023-03-28 22:42:59,640] {logging_mixin.py:115} INFO - [2023-03-28 22:42:59,640] {dagbag.py:507} INFO - Filling up the DagBag from /home/airflow/.local/lib/python3.7/site-packages/airflow/example_dags/example_task_group_decorator.py
[2023-03-28 22:42:59,662] {processor.py:651} INFO - DAG(s) dict_keys(['example_task_group_decorator']) retrieved from /home/airflow/.local/lib/python3.7/site-packages/airflow/example_dags/example_task_group_decorator.py
[2023-03-28 22:42:59,725] {logging_mixin.py:115} INFO - [2023-03-28 22:42:59,725] {dag.py:2371} INFO - Sync 1 DAGs
[2023-03-28 22:42:59,829] {logging_mixin.py:115} INFO - [2023-03-28 22:42:59,828] {dag.py:2919} INFO - Setting next_dagrun for example_task_group_decorator to 2023-03-27T22:42:59.828758+00:00, run_after=2023-03-28T22:42:59.828758+00:00
[2023-03-28 22:42:59,843] {processor.py:161} INFO - Processing /home/airflow/.local/lib/python3.7/site-packages/airflow/example_dags/example_task_group_decorator.py took 0.205 seconds
[2023-03-28 22:43:30,482] {processor.py:153} INFO - Started process (PID=320) to work on /home/airflow/.local/lib/python3.7/site-packages/airflow/example_dags/example_task_group_decorator.py
[2023-03-28 22:43:30,483] {processor.py:641} INFO - Processing file /home/airflow/.local/lib/python3.7/site-packages/airflow/example_dags/example_task_group_decorator.py for tasks to queue
[2023-03-28 22:43:30,483] {logging_mixin.py:115} INFO - [2023-03-28 22:43:30,483] {dagbag.py:507} INFO - Filling up the DagBag from /home/airflow/.local/lib/python3.7/site-packages/airflow/example_dags/example_task_group_decorator.py
[2023-03-28 22:43:30,506] {processor.py:651} INFO - DAG(s) dict_keys(['example_task_group_decorator']) retrieved from /home/airflow/.local/lib/python3.7/site-packages/airflow/example_dags/example_task_group_decorator.py
[2023-03-28 22:43:30,573] {logging_mixin.py:115} INFO - [2023-03-28 22:43:30,572] {dag.py:2371} INFO - Sync 1 DAGs
[2023-03-28 22:43:30,720] {logging_mixin.py:115} INFO - [2023-03-28 22:43:30,720] {dag.py:2919} INFO - Setting next_dagrun for example_task_group_decorator to 2023-03-27T22:43:30.719988+00:00, run_after=2023-03-28T22:43:30.719988+00:00
[2023-03-28 22:43:30,739] {processor.py:161} INFO - Processing /home/airflow/.local/lib/python3.7/site-packages/airflow/example_dags/example_task_group_decorator.py took 0.260 seconds
[2023-03-28 22:44:00,958] {processor.py:153} INFO - Started process (PID=384) to work on /home/airflow/.local/lib/python3.7/site-packages/airflow/example_dags/example_task_group_decorator.py
[2023-03-28 22:44:00,959] {processor.py:641} INFO - Processing file /home/airflow/.local/lib/python3.7/site-packages/airflow/example_dags/example_task_group_decorator.py for tasks to queue
[2023-03-28 22:44:00,959] {logging_mixin.py:115} INFO - [2023-03-28 22:44:00,959] {dagbag.py:507} INFO - Filling up the DagBag from /home/airflow/.local/lib/python3.7/site-packages/airflow/example_dags/example_task_group_decorator.py
[2023-03-28 22:44:01,001] {processor.py:651} INFO - DAG(s) dict_keys(['example_task_group_decorator']) retrieved from /home/airflow/.local/lib/python3.7/site-packages/airflow/example_dags/example_task_group_decorator.py
[2023-03-28 22:44:01,092] {logging_mixin.py:115} INFO - [2023-03-28 22:44:01,092] {dag.py:2371} INFO - Sync 1 DAGs
[2023-03-28 22:44:01,271] {logging_mixin.py:115} INFO - [2023-03-28 22:44:01,271] {dag.py:2919} INFO - Setting next_dagrun for example_task_group_decorator to 2023-03-27T22:44:01.271029+00:00, run_after=2023-03-28T22:44:01.271029+00:00
[2023-03-28 22:44:01,293] {processor.py:161} INFO - Processing /home/airflow/.local/lib/python3.7/site-packages/airflow/example_dags/example_task_group_decorator.py took 0.338 seconds
[2023-03-28 22:44:32,153] {processor.py:153} INFO - Started process (PID=440) to work on /home/airflow/.local/lib/python3.7/site-packages/airflow/example_dags/example_task_group_decorator.py
[2023-03-28 22:44:32,154] {processor.py:641} INFO - Processing file /home/airflow/.local/lib/python3.7/site-packages/airflow/example_dags/example_task_group_decorator.py for tasks to queue
[2023-03-28 22:44:32,154] {logging_mixin.py:115} INFO - [2023-03-28 22:44:32,154] {dagbag.py:507} INFO - Filling up the DagBag from /home/airflow/.local/lib/python3.7/site-packages/airflow/example_dags/example_task_group_decorator.py
[2023-03-28 22:44:32,176] {processor.py:651} INFO - DAG(s) dict_keys(['example_task_group_decorator']) retrieved from /home/airflow/.local/lib/python3.7/site-packages/airflow/example_dags/example_task_group_decorator.py
[2023-03-28 22:44:32,234] {logging_mixin.py:115} INFO - [2023-03-28 22:44:32,233] {dag.py:2371} INFO - Sync 1 DAGs
[2023-03-28 22:44:32,348] {logging_mixin.py:115} INFO - [2023-03-28 22:44:32,348] {dag.py:2919} INFO - Setting next_dagrun for example_task_group_decorator to 2023-03-27T22:44:32.347846+00:00, run_after=2023-03-28T22:44:32.347846+00:00
[2023-03-28 22:44:32,363] {processor.py:161} INFO - Processing /home/airflow/.local/lib/python3.7/site-packages/airflow/example_dags/example_task_group_decorator.py took 0.212 seconds
[2023-03-28 22:45:03,149] {processor.py:153} INFO - Started process (PID=504) to work on /home/airflow/.local/lib/python3.7/site-packages/airflow/example_dags/example_task_group_decorator.py
[2023-03-28 22:45:03,149] {processor.py:641} INFO - Processing file /home/airflow/.local/lib/python3.7/site-packages/airflow/example_dags/example_task_group_decorator.py for tasks to queue
[2023-03-28 22:45:03,149] {logging_mixin.py:115} INFO - [2023-03-28 22:45:03,149] {dagbag.py:507} INFO - Filling up the DagBag from /home/airflow/.local/lib/python3.7/site-packages/airflow/example_dags/example_task_group_decorator.py
[2023-03-28 22:45:03,169] {processor.py:651} INFO - DAG(s) dict_keys(['example_task_group_decorator']) retrieved from /home/airflow/.local/lib/python3.7/site-packages/airflow/example_dags/example_task_group_decorator.py
[2023-03-28 22:45:03,227] {logging_mixin.py:115} INFO - [2023-03-28 22:45:03,226] {dag.py:2371} INFO - Sync 1 DAGs
[2023-03-28 22:45:03,360] {logging_mixin.py:115} INFO - [2023-03-28 22:45:03,360] {dag.py:2919} INFO - Setting next_dagrun for example_task_group_decorator to 2023-03-27T22:45:03.360098+00:00, run_after=2023-03-28T22:45:03.360098+00:00
[2023-03-28 22:45:03,374] {processor.py:161} INFO - Processing /home/airflow/.local/lib/python3.7/site-packages/airflow/example_dags/example_task_group_decorator.py took 0.228 seconds
[2023-03-28 22:45:33,420] {processor.py:153} INFO - Started process (PID=570) to work on /home/airflow/.local/lib/python3.7/site-packages/airflow/example_dags/example_task_group_decorator.py
[2023-03-28 22:45:33,421] {processor.py:641} INFO - Processing file /home/airflow/.local/lib/python3.7/site-packages/airflow/example_dags/example_task_group_decorator.py for tasks to queue
[2023-03-28 22:45:33,422] {logging_mixin.py:115} INFO - [2023-03-28 22:45:33,422] {dagbag.py:507} INFO - Filling up the DagBag from /home/airflow/.local/lib/python3.7/site-packages/airflow/example_dags/example_task_group_decorator.py
[2023-03-28 22:45:33,447] {processor.py:651} INFO - DAG(s) dict_keys(['example_task_group_decorator']) retrieved from /home/airflow/.local/lib/python3.7/site-packages/airflow/example_dags/example_task_group_decorator.py
[2023-03-28 22:45:33,519] {logging_mixin.py:115} INFO - [2023-03-28 22:45:33,519] {dag.py:2371} INFO - Sync 1 DAGs
[2023-03-28 22:45:33,674] {logging_mixin.py:115} INFO - [2023-03-28 22:45:33,674] {dag.py:2919} INFO - Setting next_dagrun for example_task_group_decorator to 2023-03-27T22:45:33.674279+00:00, run_after=2023-03-28T22:45:33.674279+00:00
[2023-03-28 22:45:33,690] {processor.py:161} INFO - Processing /home/airflow/.local/lib/python3.7/site-packages/airflow/example_dags/example_task_group_decorator.py took 0.273 seconds
[2023-03-28 22:46:03,759] {processor.py:153} INFO - Started process (PID=627) to work on /home/airflow/.local/lib/python3.7/site-packages/airflow/example_dags/example_task_group_decorator.py
[2023-03-28 22:46:03,759] {processor.py:641} INFO - Processing file /home/airflow/.local/lib/python3.7/site-packages/airflow/example_dags/example_task_group_decorator.py for tasks to queue
[2023-03-28 22:46:03,760] {logging_mixin.py:115} INFO - [2023-03-28 22:46:03,760] {dagbag.py:507} INFO - Filling up the DagBag from /home/airflow/.local/lib/python3.7/site-packages/airflow/example_dags/example_task_group_decorator.py
[2023-03-28 22:46:03,781] {processor.py:651} INFO - DAG(s) dict_keys(['example_task_group_decorator']) retrieved from /home/airflow/.local/lib/python3.7/site-packages/airflow/example_dags/example_task_group_decorator.py
[2023-03-28 22:46:03,841] {logging_mixin.py:115} INFO - [2023-03-28 22:46:03,841] {dag.py:2371} INFO - Sync 1 DAGs
[2023-03-28 22:46:03,960] {logging_mixin.py:115} INFO - [2023-03-28 22:46:03,960] {dag.py:2919} INFO - Setting next_dagrun for example_task_group_decorator to 2023-03-27T22:46:03.960322+00:00, run_after=2023-03-28T22:46:03.960322+00:00
[2023-03-28 22:46:03,974] {processor.py:161} INFO - Processing /home/airflow/.local/lib/python3.7/site-packages/airflow/example_dags/example_task_group_decorator.py took 0.218 seconds
[2023-03-28 22:46:34,789] {processor.py:153} INFO - Started process (PID=692) to work on /home/airflow/.local/lib/python3.7/site-packages/airflow/example_dags/example_task_group_decorator.py
[2023-03-28 22:46:34,790] {processor.py:641} INFO - Processing file /home/airflow/.local/lib/python3.7/site-packages/airflow/example_dags/example_task_group_decorator.py for tasks to queue
[2023-03-28 22:46:34,790] {logging_mixin.py:115} INFO - [2023-03-28 22:46:34,790] {dagbag.py:507} INFO - Filling up the DagBag from /home/airflow/.local/lib/python3.7/site-packages/airflow/example_dags/example_task_group_decorator.py
[2023-03-28 22:46:34,810] {processor.py:651} INFO - DAG(s) dict_keys(['example_task_group_decorator']) retrieved from /home/airflow/.local/lib/python3.7/site-packages/airflow/example_dags/example_task_group_decorator.py
[2023-03-28 22:46:34,881] {logging_mixin.py:115} INFO - [2023-03-28 22:46:34,881] {dag.py:2371} INFO - Sync 1 DAGs
[2023-03-28 22:46:35,001] {logging_mixin.py:115} INFO - [2023-03-28 22:46:35,001] {dag.py:2919} INFO - Setting next_dagrun for example_task_group_decorator to 2023-03-27T22:46:35.001068+00:00, run_after=2023-03-28T22:46:35.001068+00:00
[2023-03-28 22:46:35,014] {processor.py:161} INFO - Processing /home/airflow/.local/lib/python3.7/site-packages/airflow/example_dags/example_task_group_decorator.py took 0.227 seconds
[2023-03-28 22:47:05,201] {processor.py:153} INFO - Started process (PID=756) to work on /home/airflow/.local/lib/python3.7/site-packages/airflow/example_dags/example_task_group_decorator.py
[2023-03-28 22:47:05,202] {processor.py:641} INFO - Processing file /home/airflow/.local/lib/python3.7/site-packages/airflow/example_dags/example_task_group_decorator.py for tasks to queue
[2023-03-28 22:47:05,202] {logging_mixin.py:115} INFO - [2023-03-28 22:47:05,202] {dagbag.py:507} INFO - Filling up the DagBag from /home/airflow/.local/lib/python3.7/site-packages/airflow/example_dags/example_task_group_decorator.py
[2023-03-28 22:47:05,232] {processor.py:651} INFO - DAG(s) dict_keys(['example_task_group_decorator']) retrieved from /home/airflow/.local/lib/python3.7/site-packages/airflow/example_dags/example_task_group_decorator.py
[2023-03-28 22:47:05,292] {logging_mixin.py:115} INFO - [2023-03-28 22:47:05,291] {dag.py:2371} INFO - Sync 1 DAGs
[2023-03-28 22:47:05,398] {logging_mixin.py:115} INFO - [2023-03-28 22:47:05,398] {dag.py:2919} INFO - Setting next_dagrun for example_task_group_decorator to 2023-03-27T22:47:05.398130+00:00, run_after=2023-03-28T22:47:05.398130+00:00
[2023-03-28 22:47:05,412] {processor.py:161} INFO - Processing /home/airflow/.local/lib/python3.7/site-packages/airflow/example_dags/example_task_group_decorator.py took 0.213 seconds
[2023-03-28 22:48:14,973] {processor.py:153} INFO - Started process (PID=81) to work on /home/airflow/.local/lib/python3.7/site-packages/airflow/example_dags/example_task_group_decorator.py
[2023-03-28 22:48:14,974] {processor.py:641} INFO - Processing file /home/airflow/.local/lib/python3.7/site-packages/airflow/example_dags/example_task_group_decorator.py for tasks to queue
[2023-03-28 22:48:14,974] {logging_mixin.py:115} INFO - [2023-03-28 22:48:14,974] {dagbag.py:507} INFO - Filling up the DagBag from /home/airflow/.local/lib/python3.7/site-packages/airflow/example_dags/example_task_group_decorator.py
[2023-03-28 22:48:14,999] {processor.py:651} INFO - DAG(s) dict_keys(['example_task_group_decorator']) retrieved from /home/airflow/.local/lib/python3.7/site-packages/airflow/example_dags/example_task_group_decorator.py
[2023-03-28 22:48:15,208] {logging_mixin.py:115} INFO - [2023-03-28 22:48:15,208] {dag.py:2371} INFO - Sync 1 DAGs
[2023-03-28 22:48:15,228] {logging_mixin.py:115} INFO - [2023-03-28 22:48:15,228] {dag.py:2919} INFO - Setting next_dagrun for example_task_group_decorator to 2023-03-27T22:48:15.228507+00:00, run_after=2023-03-28T22:48:15.228507+00:00
[2023-03-28 22:48:15,246] {processor.py:161} INFO - Processing /home/airflow/.local/lib/python3.7/site-packages/airflow/example_dags/example_task_group_decorator.py took 0.275 seconds
[2023-03-28 22:48:45,940] {processor.py:153} INFO - Started process (PID=144) to work on /home/airflow/.local/lib/python3.7/site-packages/airflow/example_dags/example_task_group_decorator.py
[2023-03-28 22:48:45,941] {processor.py:641} INFO - Processing file /home/airflow/.local/lib/python3.7/site-packages/airflow/example_dags/example_task_group_decorator.py for tasks to queue
[2023-03-28 22:48:45,942] {logging_mixin.py:115} INFO - [2023-03-28 22:48:45,942] {dagbag.py:507} INFO - Filling up the DagBag from /home/airflow/.local/lib/python3.7/site-packages/airflow/example_dags/example_task_group_decorator.py
[2023-03-28 22:48:45,965] {processor.py:651} INFO - DAG(s) dict_keys(['example_task_group_decorator']) retrieved from /home/airflow/.local/lib/python3.7/site-packages/airflow/example_dags/example_task_group_decorator.py
[2023-03-28 22:48:46,168] {logging_mixin.py:115} INFO - [2023-03-28 22:48:46,167] {dag.py:2371} INFO - Sync 1 DAGs
[2023-03-28 22:48:46,187] {logging_mixin.py:115} INFO - [2023-03-28 22:48:46,187] {dag.py:2919} INFO - Setting next_dagrun for example_task_group_decorator to 2023-03-27T22:48:46.187691+00:00, run_after=2023-03-28T22:48:46.187691+00:00
[2023-03-28 22:48:46,203] {processor.py:161} INFO - Processing /home/airflow/.local/lib/python3.7/site-packages/airflow/example_dags/example_task_group_decorator.py took 0.265 seconds
[2023-03-28 22:49:16,861] {processor.py:153} INFO - Started process (PID=201) to work on /home/airflow/.local/lib/python3.7/site-packages/airflow/example_dags/example_task_group_decorator.py
[2023-03-28 22:49:16,861] {processor.py:641} INFO - Processing file /home/airflow/.local/lib/python3.7/site-packages/airflow/example_dags/example_task_group_decorator.py for tasks to queue
[2023-03-28 22:49:16,861] {logging_mixin.py:115} INFO - [2023-03-28 22:49:16,861] {dagbag.py:507} INFO - Filling up the DagBag from /home/airflow/.local/lib/python3.7/site-packages/airflow/example_dags/example_task_group_decorator.py
[2023-03-28 22:49:16,880] {processor.py:651} INFO - DAG(s) dict_keys(['example_task_group_decorator']) retrieved from /home/airflow/.local/lib/python3.7/site-packages/airflow/example_dags/example_task_group_decorator.py
[2023-03-28 22:49:17,043] {logging_mixin.py:115} INFO - [2023-03-28 22:49:17,043] {dag.py:2371} INFO - Sync 1 DAGs
[2023-03-28 22:49:17,060] {logging_mixin.py:115} INFO - [2023-03-28 22:49:17,060] {dag.py:2919} INFO - Setting next_dagrun for example_task_group_decorator to 2023-03-27T22:49:17.060291+00:00, run_after=2023-03-28T22:49:17.060291+00:00
[2023-03-28 22:49:17,075] {processor.py:161} INFO - Processing /home/airflow/.local/lib/python3.7/site-packages/airflow/example_dags/example_task_group_decorator.py took 0.217 seconds
[2023-03-28 22:49:47,484] {processor.py:153} INFO - Started process (PID=266) to work on /home/airflow/.local/lib/python3.7/site-packages/airflow/example_dags/example_task_group_decorator.py
[2023-03-28 22:49:47,485] {processor.py:641} INFO - Processing file /home/airflow/.local/lib/python3.7/site-packages/airflow/example_dags/example_task_group_decorator.py for tasks to queue
[2023-03-28 22:49:47,485] {logging_mixin.py:115} INFO - [2023-03-28 22:49:47,485] {dagbag.py:507} INFO - Filling up the DagBag from /home/airflow/.local/lib/python3.7/site-packages/airflow/example_dags/example_task_group_decorator.py
[2023-03-28 22:49:47,504] {processor.py:651} INFO - DAG(s) dict_keys(['example_task_group_decorator']) retrieved from /home/airflow/.local/lib/python3.7/site-packages/airflow/example_dags/example_task_group_decorator.py
[2023-03-28 22:49:47,625] {logging_mixin.py:115} INFO - [2023-03-28 22:49:47,625] {dag.py:2371} INFO - Sync 1 DAGs
[2023-03-28 22:49:47,643] {logging_mixin.py:115} INFO - [2023-03-28 22:49:47,642] {dag.py:2919} INFO - Setting next_dagrun for example_task_group_decorator to 2023-03-27T22:49:47.642767+00:00, run_after=2023-03-28T22:49:47.642767+00:00
[2023-03-28 22:49:47,654] {processor.py:161} INFO - Processing /home/airflow/.local/lib/python3.7/site-packages/airflow/example_dags/example_task_group_decorator.py took 0.172 seconds
[2023-03-28 22:50:19,795] {processor.py:153} INFO - Started process (PID=330) to work on /home/airflow/.local/lib/python3.7/site-packages/airflow/example_dags/example_task_group_decorator.py
[2023-03-28 22:50:19,796] {processor.py:641} INFO - Processing file /home/airflow/.local/lib/python3.7/site-packages/airflow/example_dags/example_task_group_decorator.py for tasks to queue
[2023-03-28 22:50:19,797] {logging_mixin.py:115} INFO - [2023-03-28 22:50:19,797] {dagbag.py:507} INFO - Filling up the DagBag from /home/airflow/.local/lib/python3.7/site-packages/airflow/example_dags/example_task_group_decorator.py
[2023-03-28 22:50:19,833] {processor.py:651} INFO - DAG(s) dict_keys(['example_task_group_decorator']) retrieved from /home/airflow/.local/lib/python3.7/site-packages/airflow/example_dags/example_task_group_decorator.py
[2023-03-28 22:50:20,129] {logging_mixin.py:115} INFO - [2023-03-28 22:50:20,129] {dag.py:2371} INFO - Sync 1 DAGs
[2023-03-28 22:50:20,161] {logging_mixin.py:115} INFO - [2023-03-28 22:50:20,161] {dag.py:2919} INFO - Setting next_dagrun for example_task_group_decorator to 2023-03-27T22:50:20.160851+00:00, run_after=2023-03-28T22:50:20.160851+00:00
[2023-03-28 22:50:20,187] {processor.py:161} INFO - Processing /home/airflow/.local/lib/python3.7/site-packages/airflow/example_dags/example_task_group_decorator.py took 0.396 seconds
[2023-03-28 22:50:50,981] {processor.py:153} INFO - Started process (PID=386) to work on /home/airflow/.local/lib/python3.7/site-packages/airflow/example_dags/example_task_group_decorator.py
[2023-03-28 22:50:50,982] {processor.py:641} INFO - Processing file /home/airflow/.local/lib/python3.7/site-packages/airflow/example_dags/example_task_group_decorator.py for tasks to queue
[2023-03-28 22:50:50,982] {logging_mixin.py:115} INFO - [2023-03-28 22:50:50,982] {dagbag.py:507} INFO - Filling up the DagBag from /home/airflow/.local/lib/python3.7/site-packages/airflow/example_dags/example_task_group_decorator.py
[2023-03-28 22:50:51,001] {processor.py:651} INFO - DAG(s) dict_keys(['example_task_group_decorator']) retrieved from /home/airflow/.local/lib/python3.7/site-packages/airflow/example_dags/example_task_group_decorator.py
[2023-03-28 22:50:51,180] {logging_mixin.py:115} INFO - [2023-03-28 22:50:51,180] {dag.py:2371} INFO - Sync 1 DAGs
[2023-03-28 22:50:51,199] {logging_mixin.py:115} INFO - [2023-03-28 22:50:51,199] {dag.py:2919} INFO - Setting next_dagrun for example_task_group_decorator to 2023-03-27T22:50:51.199445+00:00, run_after=2023-03-28T22:50:51.199445+00:00
[2023-03-28 22:50:51,218] {processor.py:161} INFO - Processing /home/airflow/.local/lib/python3.7/site-packages/airflow/example_dags/example_task_group_decorator.py took 0.239 seconds
[2023-03-28 22:52:17,128] {processor.py:153} INFO - Started process (PID=71) to work on /home/airflow/.local/lib/python3.7/site-packages/airflow/example_dags/example_task_group_decorator.py
[2023-03-28 22:52:17,129] {processor.py:641} INFO - Processing file /home/airflow/.local/lib/python3.7/site-packages/airflow/example_dags/example_task_group_decorator.py for tasks to queue
[2023-03-28 22:52:17,130] {logging_mixin.py:115} INFO - [2023-03-28 22:52:17,129] {dagbag.py:507} INFO - Filling up the DagBag from /home/airflow/.local/lib/python3.7/site-packages/airflow/example_dags/example_task_group_decorator.py
[2023-03-28 22:52:17,150] {processor.py:651} INFO - DAG(s) dict_keys(['example_task_group_decorator']) retrieved from /home/airflow/.local/lib/python3.7/site-packages/airflow/example_dags/example_task_group_decorator.py
[2023-03-28 22:52:17,224] {logging_mixin.py:115} INFO - [2023-03-28 22:52:17,224] {dag.py:2371} INFO - Sync 1 DAGs
[2023-03-28 22:52:17,382] {logging_mixin.py:115} INFO - [2023-03-28 22:52:17,382] {dag.py:2919} INFO - Setting next_dagrun for example_task_group_decorator to 2023-03-27T22:52:17.382521+00:00, run_after=2023-03-28T22:52:17.382521+00:00
[2023-03-28 22:52:17,402] {processor.py:161} INFO - Processing /home/airflow/.local/lib/python3.7/site-packages/airflow/example_dags/example_task_group_decorator.py took 0.276 seconds
[2023-03-28 22:52:47,478] {processor.py:153} INFO - Started process (PID=137) to work on /home/airflow/.local/lib/python3.7/site-packages/airflow/example_dags/example_task_group_decorator.py
[2023-03-28 22:52:47,479] {processor.py:641} INFO - Processing file /home/airflow/.local/lib/python3.7/site-packages/airflow/example_dags/example_task_group_decorator.py for tasks to queue
[2023-03-28 22:52:47,479] {logging_mixin.py:115} INFO - [2023-03-28 22:52:47,479] {dagbag.py:507} INFO - Filling up the DagBag from /home/airflow/.local/lib/python3.7/site-packages/airflow/example_dags/example_task_group_decorator.py
[2023-03-28 22:52:47,499] {processor.py:651} INFO - DAG(s) dict_keys(['example_task_group_decorator']) retrieved from /home/airflow/.local/lib/python3.7/site-packages/airflow/example_dags/example_task_group_decorator.py
[2023-03-28 22:52:47,555] {logging_mixin.py:115} INFO - [2023-03-28 22:52:47,555] {dag.py:2371} INFO - Sync 1 DAGs
[2023-03-28 22:52:47,661] {logging_mixin.py:115} INFO - [2023-03-28 22:52:47,661] {dag.py:2919} INFO - Setting next_dagrun for example_task_group_decorator to 2023-03-27T22:52:47.661112+00:00, run_after=2023-03-28T22:52:47.661112+00:00
[2023-03-28 22:52:47,674] {processor.py:161} INFO - Processing /home/airflow/.local/lib/python3.7/site-packages/airflow/example_dags/example_task_group_decorator.py took 0.198 seconds
[2023-03-28 22:53:18,077] {processor.py:153} INFO - Started process (PID=199) to work on /home/airflow/.local/lib/python3.7/site-packages/airflow/example_dags/example_task_group_decorator.py
[2023-03-28 22:53:18,077] {processor.py:641} INFO - Processing file /home/airflow/.local/lib/python3.7/site-packages/airflow/example_dags/example_task_group_decorator.py for tasks to queue
[2023-03-28 22:53:18,078] {logging_mixin.py:115} INFO - [2023-03-28 22:53:18,078] {dagbag.py:507} INFO - Filling up the DagBag from /home/airflow/.local/lib/python3.7/site-packages/airflow/example_dags/example_task_group_decorator.py
[2023-03-28 22:53:18,099] {processor.py:651} INFO - DAG(s) dict_keys(['example_task_group_decorator']) retrieved from /home/airflow/.local/lib/python3.7/site-packages/airflow/example_dags/example_task_group_decorator.py
[2023-03-28 22:53:18,167] {logging_mixin.py:115} INFO - [2023-03-28 22:53:18,167] {dag.py:2371} INFO - Sync 1 DAGs
[2023-03-28 22:53:18,285] {logging_mixin.py:115} INFO - [2023-03-28 22:53:18,285] {dag.py:2919} INFO - Setting next_dagrun for example_task_group_decorator to 2023-03-27T22:53:18.284928+00:00, run_after=2023-03-28T22:53:18.284928+00:00
[2023-03-28 22:53:18,301] {processor.py:161} INFO - Processing /home/airflow/.local/lib/python3.7/site-packages/airflow/example_dags/example_task_group_decorator.py took 0.226 seconds
[2023-03-28 22:53:48,369] {processor.py:153} INFO - Started process (PID=256) to work on /home/airflow/.local/lib/python3.7/site-packages/airflow/example_dags/example_task_group_decorator.py
[2023-03-28 22:53:48,370] {processor.py:641} INFO - Processing file /home/airflow/.local/lib/python3.7/site-packages/airflow/example_dags/example_task_group_decorator.py for tasks to queue
[2023-03-28 22:53:48,371] {logging_mixin.py:115} INFO - [2023-03-28 22:53:48,371] {dagbag.py:507} INFO - Filling up the DagBag from /home/airflow/.local/lib/python3.7/site-packages/airflow/example_dags/example_task_group_decorator.py
[2023-03-28 22:53:48,390] {processor.py:651} INFO - DAG(s) dict_keys(['example_task_group_decorator']) retrieved from /home/airflow/.local/lib/python3.7/site-packages/airflow/example_dags/example_task_group_decorator.py
[2023-03-28 22:53:48,414] {logging_mixin.py:115} INFO - [2023-03-28 22:53:48,413] {dag.py:2371} INFO - Sync 1 DAGs
[2023-03-28 22:53:48,432] {logging_mixin.py:115} INFO - [2023-03-28 22:53:48,432] {dag.py:2919} INFO - Setting next_dagrun for example_task_group_decorator to 2023-03-27T22:53:48.432078+00:00, run_after=2023-03-28T22:53:48.432078+00:00
[2023-03-28 22:53:48,447] {processor.py:161} INFO - Processing /home/airflow/.local/lib/python3.7/site-packages/airflow/example_dags/example_task_group_decorator.py took 0.080 seconds
