[2023-03-28 22:23:54,599] {processor.py:153} INFO - Started process (PID=2367) to work on /home/airflow/.local/lib/python3.7/site-packages/airflow/example_dags/example_branch_python_dop_operator_3.py
[2023-03-28 22:23:54,599] {processor.py:641} INFO - Processing file /home/airflow/.local/lib/python3.7/site-packages/airflow/example_dags/example_branch_python_dop_operator_3.py for tasks to queue
[2023-03-28 22:23:54,600] {logging_mixin.py:115} INFO - [2023-03-28 22:23:54,600] {dagbag.py:507} INFO - Filling up the DagBag from /home/airflow/.local/lib/python3.7/site-packages/airflow/example_dags/example_branch_python_dop_operator_3.py
[2023-03-28 22:23:54,607] {processor.py:651} INFO - DAG(s) dict_keys(['example_branch_dop_operator_v3']) retrieved from /home/airflow/.local/lib/python3.7/site-packages/airflow/example_dags/example_branch_python_dop_operator_3.py
[2023-03-28 22:23:54,630] {logging_mixin.py:115} INFO - [2023-03-28 22:23:54,630] {dag.py:2371} INFO - Sync 1 DAGs
[2023-03-28 22:23:54,657] {logging_mixin.py:115} INFO - [2023-03-28 22:23:54,657] {dag.py:2919} INFO - Setting next_dagrun for example_branch_dop_operator_v3 to 2023-03-28T22:22:00+00:00, run_after=2023-03-28T22:23:00+00:00
[2023-03-28 22:23:54,670] {processor.py:161} INFO - Processing /home/airflow/.local/lib/python3.7/site-packages/airflow/example_dags/example_branch_python_dop_operator_3.py took 0.074 seconds
[2023-03-28 22:24:25,406] {processor.py:153} INFO - Started process (PID=2431) to work on /home/airflow/.local/lib/python3.7/site-packages/airflow/example_dags/example_branch_python_dop_operator_3.py
[2023-03-28 22:24:25,406] {processor.py:641} INFO - Processing file /home/airflow/.local/lib/python3.7/site-packages/airflow/example_dags/example_branch_python_dop_operator_3.py for tasks to queue
[2023-03-28 22:24:25,406] {logging_mixin.py:115} INFO - [2023-03-28 22:24:25,406] {dagbag.py:507} INFO - Filling up the DagBag from /home/airflow/.local/lib/python3.7/site-packages/airflow/example_dags/example_branch_python_dop_operator_3.py
[2023-03-28 22:24:25,412] {processor.py:651} INFO - DAG(s) dict_keys(['example_branch_dop_operator_v3']) retrieved from /home/airflow/.local/lib/python3.7/site-packages/airflow/example_dags/example_branch_python_dop_operator_3.py
[2023-03-28 22:24:25,432] {logging_mixin.py:115} INFO - [2023-03-28 22:24:25,432] {dag.py:2371} INFO - Sync 1 DAGs
[2023-03-28 22:24:25,456] {logging_mixin.py:115} INFO - [2023-03-28 22:24:25,456] {dag.py:2919} INFO - Setting next_dagrun for example_branch_dop_operator_v3 to 2023-03-28T22:23:00+00:00, run_after=2023-03-28T22:24:00+00:00
[2023-03-28 22:24:25,468] {processor.py:161} INFO - Processing /home/airflow/.local/lib/python3.7/site-packages/airflow/example_dags/example_branch_python_dop_operator_3.py took 0.064 seconds
[2023-03-28 22:24:56,045] {processor.py:153} INFO - Started process (PID=2486) to work on /home/airflow/.local/lib/python3.7/site-packages/airflow/example_dags/example_branch_python_dop_operator_3.py
[2023-03-28 22:24:56,046] {processor.py:641} INFO - Processing file /home/airflow/.local/lib/python3.7/site-packages/airflow/example_dags/example_branch_python_dop_operator_3.py for tasks to queue
[2023-03-28 22:24:56,046] {logging_mixin.py:115} INFO - [2023-03-28 22:24:56,046] {dagbag.py:507} INFO - Filling up the DagBag from /home/airflow/.local/lib/python3.7/site-packages/airflow/example_dags/example_branch_python_dop_operator_3.py
[2023-03-28 22:24:56,052] {processor.py:651} INFO - DAG(s) dict_keys(['example_branch_dop_operator_v3']) retrieved from /home/airflow/.local/lib/python3.7/site-packages/airflow/example_dags/example_branch_python_dop_operator_3.py
[2023-03-28 22:24:56,074] {logging_mixin.py:115} INFO - [2023-03-28 22:24:56,074] {dag.py:2371} INFO - Sync 1 DAGs
[2023-03-28 22:24:56,100] {logging_mixin.py:115} INFO - [2023-03-28 22:24:56,099] {dag.py:2919} INFO - Setting next_dagrun for example_branch_dop_operator_v3 to 2023-03-28T22:23:00+00:00, run_after=2023-03-28T22:24:00+00:00
[2023-03-28 22:24:56,112] {processor.py:161} INFO - Processing /home/airflow/.local/lib/python3.7/site-packages/airflow/example_dags/example_branch_python_dop_operator_3.py took 0.069 seconds
[2023-03-28 22:25:27,032] {processor.py:153} INFO - Started process (PID=2550) to work on /home/airflow/.local/lib/python3.7/site-packages/airflow/example_dags/example_branch_python_dop_operator_3.py
[2023-03-28 22:25:27,033] {processor.py:641} INFO - Processing file /home/airflow/.local/lib/python3.7/site-packages/airflow/example_dags/example_branch_python_dop_operator_3.py for tasks to queue
[2023-03-28 22:25:27,034] {logging_mixin.py:115} INFO - [2023-03-28 22:25:27,034] {dagbag.py:507} INFO - Filling up the DagBag from /home/airflow/.local/lib/python3.7/site-packages/airflow/example_dags/example_branch_python_dop_operator_3.py
[2023-03-28 22:25:27,040] {processor.py:651} INFO - DAG(s) dict_keys(['example_branch_dop_operator_v3']) retrieved from /home/airflow/.local/lib/python3.7/site-packages/airflow/example_dags/example_branch_python_dop_operator_3.py
[2023-03-28 22:25:27,060] {logging_mixin.py:115} INFO - [2023-03-28 22:25:27,060] {dag.py:2371} INFO - Sync 1 DAGs
[2023-03-28 22:25:27,082] {logging_mixin.py:115} INFO - [2023-03-28 22:25:27,082] {dag.py:2919} INFO - Setting next_dagrun for example_branch_dop_operator_v3 to 2023-03-28T22:24:00+00:00, run_after=2023-03-28T22:25:00+00:00
[2023-03-28 22:25:27,094] {processor.py:161} INFO - Processing /home/airflow/.local/lib/python3.7/site-packages/airflow/example_dags/example_branch_python_dop_operator_3.py took 0.064 seconds
[2023-03-28 22:25:57,994] {processor.py:153} INFO - Started process (PID=2614) to work on /home/airflow/.local/lib/python3.7/site-packages/airflow/example_dags/example_branch_python_dop_operator_3.py
[2023-03-28 22:25:57,994] {processor.py:641} INFO - Processing file /home/airflow/.local/lib/python3.7/site-packages/airflow/example_dags/example_branch_python_dop_operator_3.py for tasks to queue
[2023-03-28 22:25:57,994] {logging_mixin.py:115} INFO - [2023-03-28 22:25:57,994] {dagbag.py:507} INFO - Filling up the DagBag from /home/airflow/.local/lib/python3.7/site-packages/airflow/example_dags/example_branch_python_dop_operator_3.py
[2023-03-28 22:25:58,001] {processor.py:651} INFO - DAG(s) dict_keys(['example_branch_dop_operator_v3']) retrieved from /home/airflow/.local/lib/python3.7/site-packages/airflow/example_dags/example_branch_python_dop_operator_3.py
[2023-03-28 22:25:58,021] {logging_mixin.py:115} INFO - [2023-03-28 22:25:58,021] {dag.py:2371} INFO - Sync 1 DAGs
[2023-03-28 22:25:58,043] {logging_mixin.py:115} INFO - [2023-03-28 22:25:58,043] {dag.py:2919} INFO - Setting next_dagrun for example_branch_dop_operator_v3 to 2023-03-28T22:24:00+00:00, run_after=2023-03-28T22:25:00+00:00
[2023-03-28 22:25:58,055] {processor.py:161} INFO - Processing /home/airflow/.local/lib/python3.7/site-packages/airflow/example_dags/example_branch_python_dop_operator_3.py took 0.063 seconds
[2023-03-28 22:26:29,154] {processor.py:153} INFO - Started process (PID=2679) to work on /home/airflow/.local/lib/python3.7/site-packages/airflow/example_dags/example_branch_python_dop_operator_3.py
[2023-03-28 22:26:29,155] {processor.py:641} INFO - Processing file /home/airflow/.local/lib/python3.7/site-packages/airflow/example_dags/example_branch_python_dop_operator_3.py for tasks to queue
[2023-03-28 22:26:29,155] {logging_mixin.py:115} INFO - [2023-03-28 22:26:29,155] {dagbag.py:507} INFO - Filling up the DagBag from /home/airflow/.local/lib/python3.7/site-packages/airflow/example_dags/example_branch_python_dop_operator_3.py
[2023-03-28 22:26:29,162] {processor.py:651} INFO - DAG(s) dict_keys(['example_branch_dop_operator_v3']) retrieved from /home/airflow/.local/lib/python3.7/site-packages/airflow/example_dags/example_branch_python_dop_operator_3.py
[2023-03-28 22:26:29,183] {logging_mixin.py:115} INFO - [2023-03-28 22:26:29,182] {dag.py:2371} INFO - Sync 1 DAGs
[2023-03-28 22:26:29,207] {logging_mixin.py:115} INFO - [2023-03-28 22:26:29,206] {dag.py:2919} INFO - Setting next_dagrun for example_branch_dop_operator_v3 to 2023-03-28T22:25:00+00:00, run_after=2023-03-28T22:26:00+00:00
[2023-03-28 22:26:29,218] {processor.py:161} INFO - Processing /home/airflow/.local/lib/python3.7/site-packages/airflow/example_dags/example_branch_python_dop_operator_3.py took 0.066 seconds
[2023-03-28 22:26:59,909] {processor.py:153} INFO - Started process (PID=2734) to work on /home/airflow/.local/lib/python3.7/site-packages/airflow/example_dags/example_branch_python_dop_operator_3.py
[2023-03-28 22:26:59,910] {processor.py:641} INFO - Processing file /home/airflow/.local/lib/python3.7/site-packages/airflow/example_dags/example_branch_python_dop_operator_3.py for tasks to queue
[2023-03-28 22:26:59,910] {logging_mixin.py:115} INFO - [2023-03-28 22:26:59,910] {dagbag.py:507} INFO - Filling up the DagBag from /home/airflow/.local/lib/python3.7/site-packages/airflow/example_dags/example_branch_python_dop_operator_3.py
[2023-03-28 22:26:59,916] {processor.py:651} INFO - DAG(s) dict_keys(['example_branch_dop_operator_v3']) retrieved from /home/airflow/.local/lib/python3.7/site-packages/airflow/example_dags/example_branch_python_dop_operator_3.py
[2023-03-28 22:26:59,938] {logging_mixin.py:115} INFO - [2023-03-28 22:26:59,938] {dag.py:2371} INFO - Sync 1 DAGs
[2023-03-28 22:26:59,963] {logging_mixin.py:115} INFO - [2023-03-28 22:26:59,963] {dag.py:2919} INFO - Setting next_dagrun for example_branch_dop_operator_v3 to 2023-03-28T22:25:00+00:00, run_after=2023-03-28T22:26:00+00:00
[2023-03-28 22:26:59,976] {processor.py:161} INFO - Processing /home/airflow/.local/lib/python3.7/site-packages/airflow/example_dags/example_branch_python_dop_operator_3.py took 0.069 seconds
[2023-03-28 22:27:30,533] {processor.py:153} INFO - Started process (PID=2800) to work on /home/airflow/.local/lib/python3.7/site-packages/airflow/example_dags/example_branch_python_dop_operator_3.py
[2023-03-28 22:27:30,534] {processor.py:641} INFO - Processing file /home/airflow/.local/lib/python3.7/site-packages/airflow/example_dags/example_branch_python_dop_operator_3.py for tasks to queue
[2023-03-28 22:27:30,535] {logging_mixin.py:115} INFO - [2023-03-28 22:27:30,535] {dagbag.py:507} INFO - Filling up the DagBag from /home/airflow/.local/lib/python3.7/site-packages/airflow/example_dags/example_branch_python_dop_operator_3.py
[2023-03-28 22:27:30,542] {processor.py:651} INFO - DAG(s) dict_keys(['example_branch_dop_operator_v3']) retrieved from /home/airflow/.local/lib/python3.7/site-packages/airflow/example_dags/example_branch_python_dop_operator_3.py
[2023-03-28 22:27:30,562] {logging_mixin.py:115} INFO - [2023-03-28 22:27:30,562] {dag.py:2371} INFO - Sync 1 DAGs
[2023-03-28 22:27:30,586] {logging_mixin.py:115} INFO - [2023-03-28 22:27:30,586] {dag.py:2919} INFO - Setting next_dagrun for example_branch_dop_operator_v3 to 2023-03-28T22:26:00+00:00, run_after=2023-03-28T22:27:00+00:00
[2023-03-28 22:27:30,598] {processor.py:161} INFO - Processing /home/airflow/.local/lib/python3.7/site-packages/airflow/example_dags/example_branch_python_dop_operator_3.py took 0.066 seconds
[2023-03-28 22:28:01,239] {processor.py:153} INFO - Started process (PID=2864) to work on /home/airflow/.local/lib/python3.7/site-packages/airflow/example_dags/example_branch_python_dop_operator_3.py
[2023-03-28 22:28:01,239] {processor.py:641} INFO - Processing file /home/airflow/.local/lib/python3.7/site-packages/airflow/example_dags/example_branch_python_dop_operator_3.py for tasks to queue
[2023-03-28 22:28:01,239] {logging_mixin.py:115} INFO - [2023-03-28 22:28:01,239] {dagbag.py:507} INFO - Filling up the DagBag from /home/airflow/.local/lib/python3.7/site-packages/airflow/example_dags/example_branch_python_dop_operator_3.py
[2023-03-28 22:28:01,246] {processor.py:651} INFO - DAG(s) dict_keys(['example_branch_dop_operator_v3']) retrieved from /home/airflow/.local/lib/python3.7/site-packages/airflow/example_dags/example_branch_python_dop_operator_3.py
[2023-03-28 22:28:01,269] {logging_mixin.py:115} INFO - [2023-03-28 22:28:01,269] {dag.py:2371} INFO - Sync 1 DAGs
[2023-03-28 22:28:01,295] {logging_mixin.py:115} INFO - [2023-03-28 22:28:01,295] {dag.py:2919} INFO - Setting next_dagrun for example_branch_dop_operator_v3 to 2023-03-28T22:27:00+00:00, run_after=2023-03-28T22:28:00+00:00
[2023-03-28 22:28:01,310] {processor.py:161} INFO - Processing /home/airflow/.local/lib/python3.7/site-packages/airflow/example_dags/example_branch_python_dop_operator_3.py took 0.073 seconds
[2023-03-28 22:28:32,358] {processor.py:153} INFO - Started process (PID=2928) to work on /home/airflow/.local/lib/python3.7/site-packages/airflow/example_dags/example_branch_python_dop_operator_3.py
[2023-03-28 22:28:32,359] {processor.py:641} INFO - Processing file /home/airflow/.local/lib/python3.7/site-packages/airflow/example_dags/example_branch_python_dop_operator_3.py for tasks to queue
[2023-03-28 22:28:32,360] {logging_mixin.py:115} INFO - [2023-03-28 22:28:32,360] {dagbag.py:507} INFO - Filling up the DagBag from /home/airflow/.local/lib/python3.7/site-packages/airflow/example_dags/example_branch_python_dop_operator_3.py
[2023-03-28 22:28:32,367] {processor.py:651} INFO - DAG(s) dict_keys(['example_branch_dop_operator_v3']) retrieved from /home/airflow/.local/lib/python3.7/site-packages/airflow/example_dags/example_branch_python_dop_operator_3.py
[2023-03-28 22:28:32,389] {logging_mixin.py:115} INFO - [2023-03-28 22:28:32,389] {dag.py:2371} INFO - Sync 1 DAGs
[2023-03-28 22:28:32,413] {logging_mixin.py:115} INFO - [2023-03-28 22:28:32,413] {dag.py:2919} INFO - Setting next_dagrun for example_branch_dop_operator_v3 to 2023-03-28T22:27:00+00:00, run_after=2023-03-28T22:28:00+00:00
[2023-03-28 22:28:32,427] {processor.py:161} INFO - Processing /home/airflow/.local/lib/python3.7/site-packages/airflow/example_dags/example_branch_python_dop_operator_3.py took 0.070 seconds
[2023-03-28 22:29:03,282] {processor.py:153} INFO - Started process (PID=2983) to work on /home/airflow/.local/lib/python3.7/site-packages/airflow/example_dags/example_branch_python_dop_operator_3.py
[2023-03-28 22:29:03,283] {processor.py:641} INFO - Processing file /home/airflow/.local/lib/python3.7/site-packages/airflow/example_dags/example_branch_python_dop_operator_3.py for tasks to queue
[2023-03-28 22:29:03,283] {logging_mixin.py:115} INFO - [2023-03-28 22:29:03,283] {dagbag.py:507} INFO - Filling up the DagBag from /home/airflow/.local/lib/python3.7/site-packages/airflow/example_dags/example_branch_python_dop_operator_3.py
[2023-03-28 22:29:03,290] {processor.py:651} INFO - DAG(s) dict_keys(['example_branch_dop_operator_v3']) retrieved from /home/airflow/.local/lib/python3.7/site-packages/airflow/example_dags/example_branch_python_dop_operator_3.py
[2023-03-28 22:29:03,313] {logging_mixin.py:115} INFO - [2023-03-28 22:29:03,313] {dag.py:2371} INFO - Sync 1 DAGs
[2023-03-28 22:29:03,336] {logging_mixin.py:115} INFO - [2023-03-28 22:29:03,336] {dag.py:2919} INFO - Setting next_dagrun for example_branch_dop_operator_v3 to 2023-03-28T22:28:00+00:00, run_after=2023-03-28T22:29:00+00:00
[2023-03-28 22:29:03,349] {processor.py:161} INFO - Processing /home/airflow/.local/lib/python3.7/site-packages/airflow/example_dags/example_branch_python_dop_operator_3.py took 0.069 seconds
[2023-03-28 22:29:33,988] {processor.py:153} INFO - Started process (PID=3047) to work on /home/airflow/.local/lib/python3.7/site-packages/airflow/example_dags/example_branch_python_dop_operator_3.py
[2023-03-28 22:29:33,993] {processor.py:641} INFO - Processing file /home/airflow/.local/lib/python3.7/site-packages/airflow/example_dags/example_branch_python_dop_operator_3.py for tasks to queue
[2023-03-28 22:29:33,994] {logging_mixin.py:115} INFO - [2023-03-28 22:29:33,994] {dagbag.py:507} INFO - Filling up the DagBag from /home/airflow/.local/lib/python3.7/site-packages/airflow/example_dags/example_branch_python_dop_operator_3.py
[2023-03-28 22:29:34,001] {processor.py:651} INFO - DAG(s) dict_keys(['example_branch_dop_operator_v3']) retrieved from /home/airflow/.local/lib/python3.7/site-packages/airflow/example_dags/example_branch_python_dop_operator_3.py
[2023-03-28 22:29:34,022] {logging_mixin.py:115} INFO - [2023-03-28 22:29:34,022] {dag.py:2371} INFO - Sync 1 DAGs
[2023-03-28 22:29:34,045] {logging_mixin.py:115} INFO - [2023-03-28 22:29:34,045] {dag.py:2919} INFO - Setting next_dagrun for example_branch_dop_operator_v3 to 2023-03-28T22:28:00+00:00, run_after=2023-03-28T22:29:00+00:00
[2023-03-28 22:29:34,058] {processor.py:161} INFO - Processing /home/airflow/.local/lib/python3.7/site-packages/airflow/example_dags/example_branch_python_dop_operator_3.py took 0.073 seconds
[2023-03-28 22:30:04,374] {processor.py:153} INFO - Started process (PID=3111) to work on /home/airflow/.local/lib/python3.7/site-packages/airflow/example_dags/example_branch_python_dop_operator_3.py
[2023-03-28 22:30:04,374] {processor.py:641} INFO - Processing file /home/airflow/.local/lib/python3.7/site-packages/airflow/example_dags/example_branch_python_dop_operator_3.py for tasks to queue
[2023-03-28 22:30:04,374] {logging_mixin.py:115} INFO - [2023-03-28 22:30:04,374] {dagbag.py:507} INFO - Filling up the DagBag from /home/airflow/.local/lib/python3.7/site-packages/airflow/example_dags/example_branch_python_dop_operator_3.py
[2023-03-28 22:30:04,382] {processor.py:651} INFO - DAG(s) dict_keys(['example_branch_dop_operator_v3']) retrieved from /home/airflow/.local/lib/python3.7/site-packages/airflow/example_dags/example_branch_python_dop_operator_3.py
[2023-03-28 22:30:04,403] {logging_mixin.py:115} INFO - [2023-03-28 22:30:04,403] {dag.py:2371} INFO - Sync 1 DAGs
[2023-03-28 22:30:04,426] {logging_mixin.py:115} INFO - [2023-03-28 22:30:04,426] {dag.py:2919} INFO - Setting next_dagrun for example_branch_dop_operator_v3 to 2023-03-28T22:29:00+00:00, run_after=2023-03-28T22:30:00+00:00
[2023-03-28 22:30:04,440] {processor.py:161} INFO - Processing /home/airflow/.local/lib/python3.7/site-packages/airflow/example_dags/example_branch_python_dop_operator_3.py took 0.068 seconds
[2023-03-28 22:30:34,779] {processor.py:153} INFO - Started process (PID=3166) to work on /home/airflow/.local/lib/python3.7/site-packages/airflow/example_dags/example_branch_python_dop_operator_3.py
[2023-03-28 22:30:34,788] {processor.py:641} INFO - Processing file /home/airflow/.local/lib/python3.7/site-packages/airflow/example_dags/example_branch_python_dop_operator_3.py for tasks to queue
[2023-03-28 22:30:34,789] {logging_mixin.py:115} INFO - [2023-03-28 22:30:34,789] {dagbag.py:507} INFO - Filling up the DagBag from /home/airflow/.local/lib/python3.7/site-packages/airflow/example_dags/example_branch_python_dop_operator_3.py
[2023-03-28 22:30:34,796] {processor.py:651} INFO - DAG(s) dict_keys(['example_branch_dop_operator_v3']) retrieved from /home/airflow/.local/lib/python3.7/site-packages/airflow/example_dags/example_branch_python_dop_operator_3.py
[2023-03-28 22:30:34,815] {logging_mixin.py:115} INFO - [2023-03-28 22:30:34,815] {dag.py:2371} INFO - Sync 1 DAGs
[2023-03-28 22:30:34,840] {logging_mixin.py:115} INFO - [2023-03-28 22:30:34,840] {dag.py:2919} INFO - Setting next_dagrun for example_branch_dop_operator_v3 to 2023-03-28T22:29:00+00:00, run_after=2023-03-28T22:30:00+00:00
[2023-03-28 22:30:34,853] {processor.py:161} INFO - Processing /home/airflow/.local/lib/python3.7/site-packages/airflow/example_dags/example_branch_python_dop_operator_3.py took 0.076 seconds
[2023-03-28 22:31:04,938] {processor.py:153} INFO - Started process (PID=3229) to work on /home/airflow/.local/lib/python3.7/site-packages/airflow/example_dags/example_branch_python_dop_operator_3.py
[2023-03-28 22:31:04,938] {processor.py:641} INFO - Processing file /home/airflow/.local/lib/python3.7/site-packages/airflow/example_dags/example_branch_python_dop_operator_3.py for tasks to queue
[2023-03-28 22:31:04,938] {logging_mixin.py:115} INFO - [2023-03-28 22:31:04,938] {dagbag.py:507} INFO - Filling up the DagBag from /home/airflow/.local/lib/python3.7/site-packages/airflow/example_dags/example_branch_python_dop_operator_3.py
[2023-03-28 22:31:04,945] {processor.py:651} INFO - DAG(s) dict_keys(['example_branch_dop_operator_v3']) retrieved from /home/airflow/.local/lib/python3.7/site-packages/airflow/example_dags/example_branch_python_dop_operator_3.py
[2023-03-28 22:31:04,964] {logging_mixin.py:115} INFO - [2023-03-28 22:31:04,964] {dag.py:2371} INFO - Sync 1 DAGs
[2023-03-28 22:31:04,987] {logging_mixin.py:115} INFO - [2023-03-28 22:31:04,987] {dag.py:2919} INFO - Setting next_dagrun for example_branch_dop_operator_v3 to 2023-03-28T22:30:00+00:00, run_after=2023-03-28T22:31:00+00:00
[2023-03-28 22:31:05,000] {processor.py:161} INFO - Processing /home/airflow/.local/lib/python3.7/site-packages/airflow/example_dags/example_branch_python_dop_operator_3.py took 0.064 seconds
[2023-03-28 22:31:35,337] {processor.py:153} INFO - Started process (PID=3294) to work on /home/airflow/.local/lib/python3.7/site-packages/airflow/example_dags/example_branch_python_dop_operator_3.py
[2023-03-28 22:31:35,347] {processor.py:641} INFO - Processing file /home/airflow/.local/lib/python3.7/site-packages/airflow/example_dags/example_branch_python_dop_operator_3.py for tasks to queue
[2023-03-28 22:31:35,347] {logging_mixin.py:115} INFO - [2023-03-28 22:31:35,347] {dagbag.py:507} INFO - Filling up the DagBag from /home/airflow/.local/lib/python3.7/site-packages/airflow/example_dags/example_branch_python_dop_operator_3.py
[2023-03-28 22:31:35,355] {processor.py:651} INFO - DAG(s) dict_keys(['example_branch_dop_operator_v3']) retrieved from /home/airflow/.local/lib/python3.7/site-packages/airflow/example_dags/example_branch_python_dop_operator_3.py
[2023-03-28 22:31:35,375] {logging_mixin.py:115} INFO - [2023-03-28 22:31:35,375] {dag.py:2371} INFO - Sync 1 DAGs
[2023-03-28 22:31:35,396] {logging_mixin.py:115} INFO - [2023-03-28 22:31:35,396] {dag.py:2919} INFO - Setting next_dagrun for example_branch_dop_operator_v3 to 2023-03-28T22:30:00+00:00, run_after=2023-03-28T22:31:00+00:00
[2023-03-28 22:31:35,409] {processor.py:161} INFO - Processing /home/airflow/.local/lib/python3.7/site-packages/airflow/example_dags/example_branch_python_dop_operator_3.py took 0.074 seconds
[2023-03-28 22:32:05,671] {processor.py:153} INFO - Started process (PID=3349) to work on /home/airflow/.local/lib/python3.7/site-packages/airflow/example_dags/example_branch_python_dop_operator_3.py
[2023-03-28 22:32:05,671] {processor.py:641} INFO - Processing file /home/airflow/.local/lib/python3.7/site-packages/airflow/example_dags/example_branch_python_dop_operator_3.py for tasks to queue
[2023-03-28 22:32:05,671] {logging_mixin.py:115} INFO - [2023-03-28 22:32:05,671] {dagbag.py:507} INFO - Filling up the DagBag from /home/airflow/.local/lib/python3.7/site-packages/airflow/example_dags/example_branch_python_dop_operator_3.py
[2023-03-28 22:32:05,678] {processor.py:651} INFO - DAG(s) dict_keys(['example_branch_dop_operator_v3']) retrieved from /home/airflow/.local/lib/python3.7/site-packages/airflow/example_dags/example_branch_python_dop_operator_3.py
[2023-03-28 22:32:05,698] {logging_mixin.py:115} INFO - [2023-03-28 22:32:05,698] {dag.py:2371} INFO - Sync 1 DAGs
[2023-03-28 22:32:05,720] {logging_mixin.py:115} INFO - [2023-03-28 22:32:05,720] {dag.py:2919} INFO - Setting next_dagrun for example_branch_dop_operator_v3 to 2023-03-28T22:31:00+00:00, run_after=2023-03-28T22:32:00+00:00
[2023-03-28 22:32:05,734] {processor.py:161} INFO - Processing /home/airflow/.local/lib/python3.7/site-packages/airflow/example_dags/example_branch_python_dop_operator_3.py took 0.066 seconds
[2023-03-28 22:32:36,180] {processor.py:153} INFO - Started process (PID=3413) to work on /home/airflow/.local/lib/python3.7/site-packages/airflow/example_dags/example_branch_python_dop_operator_3.py
[2023-03-28 22:32:36,180] {processor.py:641} INFO - Processing file /home/airflow/.local/lib/python3.7/site-packages/airflow/example_dags/example_branch_python_dop_operator_3.py for tasks to queue
[2023-03-28 22:32:36,181] {logging_mixin.py:115} INFO - [2023-03-28 22:32:36,181] {dagbag.py:507} INFO - Filling up the DagBag from /home/airflow/.local/lib/python3.7/site-packages/airflow/example_dags/example_branch_python_dop_operator_3.py
[2023-03-28 22:32:36,190] {processor.py:651} INFO - DAG(s) dict_keys(['example_branch_dop_operator_v3']) retrieved from /home/airflow/.local/lib/python3.7/site-packages/airflow/example_dags/example_branch_python_dop_operator_3.py
[2023-03-28 22:32:36,220] {logging_mixin.py:115} INFO - [2023-03-28 22:32:36,220] {dag.py:2371} INFO - Sync 1 DAGs
[2023-03-28 22:32:36,251] {logging_mixin.py:115} INFO - [2023-03-28 22:32:36,250] {dag.py:2919} INFO - Setting next_dagrun for example_branch_dop_operator_v3 to 2023-03-28T22:31:00+00:00, run_after=2023-03-28T22:32:00+00:00
[2023-03-28 22:32:36,268] {processor.py:161} INFO - Processing /home/airflow/.local/lib/python3.7/site-packages/airflow/example_dags/example_branch_python_dop_operator_3.py took 0.090 seconds
[2023-03-28 22:33:06,390] {processor.py:153} INFO - Started process (PID=3476) to work on /home/airflow/.local/lib/python3.7/site-packages/airflow/example_dags/example_branch_python_dop_operator_3.py
[2023-03-28 22:33:06,390] {processor.py:641} INFO - Processing file /home/airflow/.local/lib/python3.7/site-packages/airflow/example_dags/example_branch_python_dop_operator_3.py for tasks to queue
[2023-03-28 22:33:06,390] {logging_mixin.py:115} INFO - [2023-03-28 22:33:06,390] {dagbag.py:507} INFO - Filling up the DagBag from /home/airflow/.local/lib/python3.7/site-packages/airflow/example_dags/example_branch_python_dop_operator_3.py
[2023-03-28 22:33:06,396] {processor.py:651} INFO - DAG(s) dict_keys(['example_branch_dop_operator_v3']) retrieved from /home/airflow/.local/lib/python3.7/site-packages/airflow/example_dags/example_branch_python_dop_operator_3.py
[2023-03-28 22:33:06,417] {logging_mixin.py:115} INFO - [2023-03-28 22:33:06,417] {dag.py:2371} INFO - Sync 1 DAGs
[2023-03-28 22:33:06,442] {logging_mixin.py:115} INFO - [2023-03-28 22:33:06,442] {dag.py:2919} INFO - Setting next_dagrun for example_branch_dop_operator_v3 to 2023-03-28T22:32:00+00:00, run_after=2023-03-28T22:33:00+00:00
[2023-03-28 22:33:06,456] {processor.py:161} INFO - Processing /home/airflow/.local/lib/python3.7/site-packages/airflow/example_dags/example_branch_python_dop_operator_3.py took 0.068 seconds
[2023-03-28 22:33:36,853] {processor.py:153} INFO - Started process (PID=3532) to work on /home/airflow/.local/lib/python3.7/site-packages/airflow/example_dags/example_branch_python_dop_operator_3.py
[2023-03-28 22:33:36,854] {processor.py:641} INFO - Processing file /home/airflow/.local/lib/python3.7/site-packages/airflow/example_dags/example_branch_python_dop_operator_3.py for tasks to queue
[2023-03-28 22:33:36,854] {logging_mixin.py:115} INFO - [2023-03-28 22:33:36,854] {dagbag.py:507} INFO - Filling up the DagBag from /home/airflow/.local/lib/python3.7/site-packages/airflow/example_dags/example_branch_python_dop_operator_3.py
[2023-03-28 22:33:36,861] {processor.py:651} INFO - DAG(s) dict_keys(['example_branch_dop_operator_v3']) retrieved from /home/airflow/.local/lib/python3.7/site-packages/airflow/example_dags/example_branch_python_dop_operator_3.py
[2023-03-28 22:33:36,881] {logging_mixin.py:115} INFO - [2023-03-28 22:33:36,881] {dag.py:2371} INFO - Sync 1 DAGs
[2023-03-28 22:33:36,903] {logging_mixin.py:115} INFO - [2023-03-28 22:33:36,903] {dag.py:2919} INFO - Setting next_dagrun for example_branch_dop_operator_v3 to 2023-03-28T22:32:00+00:00, run_after=2023-03-28T22:33:00+00:00
[2023-03-28 22:33:36,916] {processor.py:161} INFO - Processing /home/airflow/.local/lib/python3.7/site-packages/airflow/example_dags/example_branch_python_dop_operator_3.py took 0.065 seconds
[2023-03-28 22:34:07,245] {processor.py:153} INFO - Started process (PID=3596) to work on /home/airflow/.local/lib/python3.7/site-packages/airflow/example_dags/example_branch_python_dop_operator_3.py
[2023-03-28 22:34:07,246] {processor.py:641} INFO - Processing file /home/airflow/.local/lib/python3.7/site-packages/airflow/example_dags/example_branch_python_dop_operator_3.py for tasks to queue
[2023-03-28 22:34:07,246] {logging_mixin.py:115} INFO - [2023-03-28 22:34:07,246] {dagbag.py:507} INFO - Filling up the DagBag from /home/airflow/.local/lib/python3.7/site-packages/airflow/example_dags/example_branch_python_dop_operator_3.py
[2023-03-28 22:34:07,252] {processor.py:651} INFO - DAG(s) dict_keys(['example_branch_dop_operator_v3']) retrieved from /home/airflow/.local/lib/python3.7/site-packages/airflow/example_dags/example_branch_python_dop_operator_3.py
[2023-03-28 22:34:07,273] {logging_mixin.py:115} INFO - [2023-03-28 22:34:07,273] {dag.py:2371} INFO - Sync 1 DAGs
[2023-03-28 22:34:07,296] {logging_mixin.py:115} INFO - [2023-03-28 22:34:07,296] {dag.py:2919} INFO - Setting next_dagrun for example_branch_dop_operator_v3 to 2023-03-28T22:33:00+00:00, run_after=2023-03-28T22:34:00+00:00
[2023-03-28 22:34:07,310] {processor.py:161} INFO - Processing /home/airflow/.local/lib/python3.7/site-packages/airflow/example_dags/example_branch_python_dop_operator_3.py took 0.067 seconds
[2023-03-28 22:34:37,572] {processor.py:153} INFO - Started process (PID=3660) to work on /home/airflow/.local/lib/python3.7/site-packages/airflow/example_dags/example_branch_python_dop_operator_3.py
[2023-03-28 22:34:37,573] {processor.py:641} INFO - Processing file /home/airflow/.local/lib/python3.7/site-packages/airflow/example_dags/example_branch_python_dop_operator_3.py for tasks to queue
[2023-03-28 22:34:37,574] {logging_mixin.py:115} INFO - [2023-03-28 22:34:37,574] {dagbag.py:507} INFO - Filling up the DagBag from /home/airflow/.local/lib/python3.7/site-packages/airflow/example_dags/example_branch_python_dop_operator_3.py
[2023-03-28 22:34:37,580] {processor.py:651} INFO - DAG(s) dict_keys(['example_branch_dop_operator_v3']) retrieved from /home/airflow/.local/lib/python3.7/site-packages/airflow/example_dags/example_branch_python_dop_operator_3.py
[2023-03-28 22:34:37,602] {logging_mixin.py:115} INFO - [2023-03-28 22:34:37,602] {dag.py:2371} INFO - Sync 1 DAGs
[2023-03-28 22:34:37,627] {logging_mixin.py:115} INFO - [2023-03-28 22:34:37,627] {dag.py:2919} INFO - Setting next_dagrun for example_branch_dop_operator_v3 to 2023-03-28T22:33:00+00:00, run_after=2023-03-28T22:34:00+00:00
[2023-03-28 22:34:37,641] {processor.py:161} INFO - Processing /home/airflow/.local/lib/python3.7/site-packages/airflow/example_dags/example_branch_python_dop_operator_3.py took 0.071 seconds
[2023-03-28 22:35:08,221] {processor.py:153} INFO - Started process (PID=3715) to work on /home/airflow/.local/lib/python3.7/site-packages/airflow/example_dags/example_branch_python_dop_operator_3.py
[2023-03-28 22:35:08,221] {processor.py:641} INFO - Processing file /home/airflow/.local/lib/python3.7/site-packages/airflow/example_dags/example_branch_python_dop_operator_3.py for tasks to queue
[2023-03-28 22:35:08,222] {logging_mixin.py:115} INFO - [2023-03-28 22:35:08,222] {dagbag.py:507} INFO - Filling up the DagBag from /home/airflow/.local/lib/python3.7/site-packages/airflow/example_dags/example_branch_python_dop_operator_3.py
[2023-03-28 22:35:08,228] {processor.py:651} INFO - DAG(s) dict_keys(['example_branch_dop_operator_v3']) retrieved from /home/airflow/.local/lib/python3.7/site-packages/airflow/example_dags/example_branch_python_dop_operator_3.py
[2023-03-28 22:35:08,249] {logging_mixin.py:115} INFO - [2023-03-28 22:35:08,249] {dag.py:2371} INFO - Sync 1 DAGs
[2023-03-28 22:35:08,271] {logging_mixin.py:115} INFO - [2023-03-28 22:35:08,271] {dag.py:2919} INFO - Setting next_dagrun for example_branch_dop_operator_v3 to 2023-03-28T22:34:00+00:00, run_after=2023-03-28T22:35:00+00:00
[2023-03-28 22:35:08,285] {processor.py:161} INFO - Processing /home/airflow/.local/lib/python3.7/site-packages/airflow/example_dags/example_branch_python_dop_operator_3.py took 0.066 seconds
[2023-03-28 22:35:39,087] {processor.py:153} INFO - Started process (PID=3780) to work on /home/airflow/.local/lib/python3.7/site-packages/airflow/example_dags/example_branch_python_dop_operator_3.py
[2023-03-28 22:35:39,095] {processor.py:641} INFO - Processing file /home/airflow/.local/lib/python3.7/site-packages/airflow/example_dags/example_branch_python_dop_operator_3.py for tasks to queue
[2023-03-28 22:35:39,096] {logging_mixin.py:115} INFO - [2023-03-28 22:35:39,096] {dagbag.py:507} INFO - Filling up the DagBag from /home/airflow/.local/lib/python3.7/site-packages/airflow/example_dags/example_branch_python_dop_operator_3.py
[2023-03-28 22:35:39,103] {processor.py:651} INFO - DAG(s) dict_keys(['example_branch_dop_operator_v3']) retrieved from /home/airflow/.local/lib/python3.7/site-packages/airflow/example_dags/example_branch_python_dop_operator_3.py
[2023-03-28 22:35:39,125] {logging_mixin.py:115} INFO - [2023-03-28 22:35:39,124] {dag.py:2371} INFO - Sync 1 DAGs
[2023-03-28 22:35:39,149] {logging_mixin.py:115} INFO - [2023-03-28 22:35:39,149] {dag.py:2919} INFO - Setting next_dagrun for example_branch_dop_operator_v3 to 2023-03-28T22:34:00+00:00, run_after=2023-03-28T22:35:00+00:00
[2023-03-28 22:35:39,162] {processor.py:161} INFO - Processing /home/airflow/.local/lib/python3.7/site-packages/airflow/example_dags/example_branch_python_dop_operator_3.py took 0.077 seconds
[2023-03-28 22:36:09,608] {processor.py:153} INFO - Started process (PID=3844) to work on /home/airflow/.local/lib/python3.7/site-packages/airflow/example_dags/example_branch_python_dop_operator_3.py
[2023-03-28 22:36:09,608] {processor.py:641} INFO - Processing file /home/airflow/.local/lib/python3.7/site-packages/airflow/example_dags/example_branch_python_dop_operator_3.py for tasks to queue
[2023-03-28 22:36:09,609] {logging_mixin.py:115} INFO - [2023-03-28 22:36:09,609] {dagbag.py:507} INFO - Filling up the DagBag from /home/airflow/.local/lib/python3.7/site-packages/airflow/example_dags/example_branch_python_dop_operator_3.py
[2023-03-28 22:36:09,615] {processor.py:651} INFO - DAG(s) dict_keys(['example_branch_dop_operator_v3']) retrieved from /home/airflow/.local/lib/python3.7/site-packages/airflow/example_dags/example_branch_python_dop_operator_3.py
[2023-03-28 22:36:09,635] {logging_mixin.py:115} INFO - [2023-03-28 22:36:09,635] {dag.py:2371} INFO - Sync 1 DAGs
[2023-03-28 22:36:09,660] {logging_mixin.py:115} INFO - [2023-03-28 22:36:09,660] {dag.py:2919} INFO - Setting next_dagrun for example_branch_dop_operator_v3 to 2023-03-28T22:35:00+00:00, run_after=2023-03-28T22:36:00+00:00
[2023-03-28 22:36:09,676] {processor.py:161} INFO - Processing /home/airflow/.local/lib/python3.7/site-packages/airflow/example_dags/example_branch_python_dop_operator_3.py took 0.069 seconds
[2023-03-28 22:36:40,596] {processor.py:153} INFO - Started process (PID=3901) to work on /home/airflow/.local/lib/python3.7/site-packages/airflow/example_dags/example_branch_python_dop_operator_3.py
[2023-03-28 22:36:40,603] {processor.py:641} INFO - Processing file /home/airflow/.local/lib/python3.7/site-packages/airflow/example_dags/example_branch_python_dop_operator_3.py for tasks to queue
[2023-03-28 22:36:40,604] {logging_mixin.py:115} INFO - [2023-03-28 22:36:40,604] {dagbag.py:507} INFO - Filling up the DagBag from /home/airflow/.local/lib/python3.7/site-packages/airflow/example_dags/example_branch_python_dop_operator_3.py
[2023-03-28 22:36:40,616] {processor.py:651} INFO - DAG(s) dict_keys(['example_branch_dop_operator_v3']) retrieved from /home/airflow/.local/lib/python3.7/site-packages/airflow/example_dags/example_branch_python_dop_operator_3.py
[2023-03-28 22:36:40,644] {logging_mixin.py:115} INFO - [2023-03-28 22:36:40,643] {dag.py:2371} INFO - Sync 1 DAGs
[2023-03-28 22:36:40,669] {logging_mixin.py:115} INFO - [2023-03-28 22:36:40,669] {dag.py:2919} INFO - Setting next_dagrun for example_branch_dop_operator_v3 to 2023-03-28T22:35:00+00:00, run_after=2023-03-28T22:36:00+00:00
[2023-03-28 22:36:40,685] {processor.py:161} INFO - Processing /home/airflow/.local/lib/python3.7/site-packages/airflow/example_dags/example_branch_python_dop_operator_3.py took 0.091 seconds
[2023-03-28 22:37:11,246] {processor.py:153} INFO - Started process (PID=3966) to work on /home/airflow/.local/lib/python3.7/site-packages/airflow/example_dags/example_branch_python_dop_operator_3.py
[2023-03-28 22:37:11,246] {processor.py:641} INFO - Processing file /home/airflow/.local/lib/python3.7/site-packages/airflow/example_dags/example_branch_python_dop_operator_3.py for tasks to queue
[2023-03-28 22:37:11,247] {logging_mixin.py:115} INFO - [2023-03-28 22:37:11,247] {dagbag.py:507} INFO - Filling up the DagBag from /home/airflow/.local/lib/python3.7/site-packages/airflow/example_dags/example_branch_python_dop_operator_3.py
[2023-03-28 22:37:11,258] {processor.py:651} INFO - DAG(s) dict_keys(['example_branch_dop_operator_v3']) retrieved from /home/airflow/.local/lib/python3.7/site-packages/airflow/example_dags/example_branch_python_dop_operator_3.py
[2023-03-28 22:37:11,283] {logging_mixin.py:115} INFO - [2023-03-28 22:37:11,283] {dag.py:2371} INFO - Sync 1 DAGs
[2023-03-28 22:37:11,312] {logging_mixin.py:115} INFO - [2023-03-28 22:37:11,312] {dag.py:2919} INFO - Setting next_dagrun for example_branch_dop_operator_v3 to 2023-03-28T22:36:00+00:00, run_after=2023-03-28T22:37:00+00:00
[2023-03-28 22:37:11,330] {processor.py:161} INFO - Processing /home/airflow/.local/lib/python3.7/site-packages/airflow/example_dags/example_branch_python_dop_operator_3.py took 0.087 seconds
[2023-03-28 22:37:42,056] {processor.py:153} INFO - Started process (PID=4030) to work on /home/airflow/.local/lib/python3.7/site-packages/airflow/example_dags/example_branch_python_dop_operator_3.py
[2023-03-28 22:37:42,065] {processor.py:641} INFO - Processing file /home/airflow/.local/lib/python3.7/site-packages/airflow/example_dags/example_branch_python_dop_operator_3.py for tasks to queue
[2023-03-28 22:37:42,066] {logging_mixin.py:115} INFO - [2023-03-28 22:37:42,066] {dagbag.py:507} INFO - Filling up the DagBag from /home/airflow/.local/lib/python3.7/site-packages/airflow/example_dags/example_branch_python_dop_operator_3.py
[2023-03-28 22:37:42,072] {processor.py:651} INFO - DAG(s) dict_keys(['example_branch_dop_operator_v3']) retrieved from /home/airflow/.local/lib/python3.7/site-packages/airflow/example_dags/example_branch_python_dop_operator_3.py
[2023-03-28 22:37:42,093] {logging_mixin.py:115} INFO - [2023-03-28 22:37:42,093] {dag.py:2371} INFO - Sync 1 DAGs
[2023-03-28 22:37:42,117] {logging_mixin.py:115} INFO - [2023-03-28 22:37:42,117] {dag.py:2919} INFO - Setting next_dagrun for example_branch_dop_operator_v3 to 2023-03-28T22:36:00+00:00, run_after=2023-03-28T22:37:00+00:00
[2023-03-28 22:37:42,130] {processor.py:161} INFO - Processing /home/airflow/.local/lib/python3.7/site-packages/airflow/example_dags/example_branch_python_dop_operator_3.py took 0.075 seconds
[2023-03-28 22:38:12,872] {processor.py:153} INFO - Started process (PID=4094) to work on /home/airflow/.local/lib/python3.7/site-packages/airflow/example_dags/example_branch_python_dop_operator_3.py
[2023-03-28 22:38:12,873] {processor.py:641} INFO - Processing file /home/airflow/.local/lib/python3.7/site-packages/airflow/example_dags/example_branch_python_dop_operator_3.py for tasks to queue
[2023-03-28 22:38:12,874] {logging_mixin.py:115} INFO - [2023-03-28 22:38:12,874] {dagbag.py:507} INFO - Filling up the DagBag from /home/airflow/.local/lib/python3.7/site-packages/airflow/example_dags/example_branch_python_dop_operator_3.py
[2023-03-28 22:38:12,881] {processor.py:651} INFO - DAG(s) dict_keys(['example_branch_dop_operator_v3']) retrieved from /home/airflow/.local/lib/python3.7/site-packages/airflow/example_dags/example_branch_python_dop_operator_3.py
[2023-03-28 22:38:12,906] {logging_mixin.py:115} INFO - [2023-03-28 22:38:12,906] {dag.py:2371} INFO - Sync 1 DAGs
[2023-03-28 22:38:12,933] {logging_mixin.py:115} INFO - [2023-03-28 22:38:12,933] {dag.py:2919} INFO - Setting next_dagrun for example_branch_dop_operator_v3 to 2023-03-28T22:37:00+00:00, run_after=2023-03-28T22:38:00+00:00
[2023-03-28 22:38:12,951] {processor.py:161} INFO - Processing /home/airflow/.local/lib/python3.7/site-packages/airflow/example_dags/example_branch_python_dop_operator_3.py took 0.081 seconds
[2023-03-28 22:38:43,662] {processor.py:153} INFO - Started process (PID=4149) to work on /home/airflow/.local/lib/python3.7/site-packages/airflow/example_dags/example_branch_python_dop_operator_3.py
[2023-03-28 22:38:43,663] {processor.py:641} INFO - Processing file /home/airflow/.local/lib/python3.7/site-packages/airflow/example_dags/example_branch_python_dop_operator_3.py for tasks to queue
[2023-03-28 22:38:43,663] {logging_mixin.py:115} INFO - [2023-03-28 22:38:43,663] {dagbag.py:507} INFO - Filling up the DagBag from /home/airflow/.local/lib/python3.7/site-packages/airflow/example_dags/example_branch_python_dop_operator_3.py
[2023-03-28 22:38:43,670] {processor.py:651} INFO - DAG(s) dict_keys(['example_branch_dop_operator_v3']) retrieved from /home/airflow/.local/lib/python3.7/site-packages/airflow/example_dags/example_branch_python_dop_operator_3.py
[2023-03-28 22:38:43,690] {logging_mixin.py:115} INFO - [2023-03-28 22:38:43,690] {dag.py:2371} INFO - Sync 1 DAGs
[2023-03-28 22:38:43,714] {logging_mixin.py:115} INFO - [2023-03-28 22:38:43,714] {dag.py:2919} INFO - Setting next_dagrun for example_branch_dop_operator_v3 to 2023-03-28T22:37:00+00:00, run_after=2023-03-28T22:38:00+00:00
[2023-03-28 22:38:43,728] {processor.py:161} INFO - Processing /home/airflow/.local/lib/python3.7/site-packages/airflow/example_dags/example_branch_python_dop_operator_3.py took 0.067 seconds
[2023-03-28 22:39:14,320] {processor.py:153} INFO - Started process (PID=4213) to work on /home/airflow/.local/lib/python3.7/site-packages/airflow/example_dags/example_branch_python_dop_operator_3.py
[2023-03-28 22:39:14,328] {processor.py:641} INFO - Processing file /home/airflow/.local/lib/python3.7/site-packages/airflow/example_dags/example_branch_python_dop_operator_3.py for tasks to queue
[2023-03-28 22:39:14,329] {logging_mixin.py:115} INFO - [2023-03-28 22:39:14,329] {dagbag.py:507} INFO - Filling up the DagBag from /home/airflow/.local/lib/python3.7/site-packages/airflow/example_dags/example_branch_python_dop_operator_3.py
[2023-03-28 22:39:14,335] {processor.py:651} INFO - DAG(s) dict_keys(['example_branch_dop_operator_v3']) retrieved from /home/airflow/.local/lib/python3.7/site-packages/airflow/example_dags/example_branch_python_dop_operator_3.py
[2023-03-28 22:39:14,356] {logging_mixin.py:115} INFO - [2023-03-28 22:39:14,355] {dag.py:2371} INFO - Sync 1 DAGs
[2023-03-28 22:39:14,381] {logging_mixin.py:115} INFO - [2023-03-28 22:39:14,380] {dag.py:2919} INFO - Setting next_dagrun for example_branch_dop_operator_v3 to 2023-03-28T22:38:00+00:00, run_after=2023-03-28T22:39:00+00:00
[2023-03-28 22:39:14,395] {processor.py:161} INFO - Processing /home/airflow/.local/lib/python3.7/site-packages/airflow/example_dags/example_branch_python_dop_operator_3.py took 0.076 seconds
[2023-03-28 22:39:44,999] {processor.py:153} INFO - Started process (PID=4278) to work on /home/airflow/.local/lib/python3.7/site-packages/airflow/example_dags/example_branch_python_dop_operator_3.py
[2023-03-28 22:39:44,999] {processor.py:641} INFO - Processing file /home/airflow/.local/lib/python3.7/site-packages/airflow/example_dags/example_branch_python_dop_operator_3.py for tasks to queue
[2023-03-28 22:39:45,000] {logging_mixin.py:115} INFO - [2023-03-28 22:39:45,000] {dagbag.py:507} INFO - Filling up the DagBag from /home/airflow/.local/lib/python3.7/site-packages/airflow/example_dags/example_branch_python_dop_operator_3.py
[2023-03-28 22:39:45,008] {processor.py:651} INFO - DAG(s) dict_keys(['example_branch_dop_operator_v3']) retrieved from /home/airflow/.local/lib/python3.7/site-packages/airflow/example_dags/example_branch_python_dop_operator_3.py
[2023-03-28 22:39:45,031] {logging_mixin.py:115} INFO - [2023-03-28 22:39:45,031] {dag.py:2371} INFO - Sync 1 DAGs
[2023-03-28 22:39:45,057] {logging_mixin.py:115} INFO - [2023-03-28 22:39:45,056] {dag.py:2919} INFO - Setting next_dagrun for example_branch_dop_operator_v3 to 2023-03-28T22:38:00+00:00, run_after=2023-03-28T22:39:00+00:00
[2023-03-28 22:39:45,073] {processor.py:161} INFO - Processing /home/airflow/.local/lib/python3.7/site-packages/airflow/example_dags/example_branch_python_dop_operator_3.py took 0.078 seconds
[2023-03-28 22:40:16,188] {processor.py:153} INFO - Started process (PID=4340) to work on /home/airflow/.local/lib/python3.7/site-packages/airflow/example_dags/example_branch_python_dop_operator_3.py
[2023-03-28 22:40:16,188] {processor.py:641} INFO - Processing file /home/airflow/.local/lib/python3.7/site-packages/airflow/example_dags/example_branch_python_dop_operator_3.py for tasks to queue
[2023-03-28 22:40:16,189] {logging_mixin.py:115} INFO - [2023-03-28 22:40:16,189] {dagbag.py:507} INFO - Filling up the DagBag from /home/airflow/.local/lib/python3.7/site-packages/airflow/example_dags/example_branch_python_dop_operator_3.py
[2023-03-28 22:40:16,201] {processor.py:651} INFO - DAG(s) dict_keys(['example_branch_dop_operator_v3']) retrieved from /home/airflow/.local/lib/python3.7/site-packages/airflow/example_dags/example_branch_python_dop_operator_3.py
[2023-03-28 22:40:16,246] {logging_mixin.py:115} INFO - [2023-03-28 22:40:16,245] {dag.py:2371} INFO - Sync 1 DAGs
[2023-03-28 22:40:16,405] {logging_mixin.py:115} INFO - [2023-03-28 22:40:16,404] {dag.py:2919} INFO - Setting next_dagrun for example_branch_dop_operator_v3 to 2023-03-28T22:39:00+00:00, run_after=2023-03-28T22:40:00+00:00
[2023-03-28 22:40:16,420] {processor.py:161} INFO - Processing /home/airflow/.local/lib/python3.7/site-packages/airflow/example_dags/example_branch_python_dop_operator_3.py took 0.236 seconds
[2023-03-28 22:41:28,389] {processor.py:153} INFO - Started process (PID=72) to work on /home/airflow/.local/lib/python3.7/site-packages/airflow/example_dags/example_branch_python_dop_operator_3.py
[2023-03-28 22:41:28,390] {processor.py:641} INFO - Processing file /home/airflow/.local/lib/python3.7/site-packages/airflow/example_dags/example_branch_python_dop_operator_3.py for tasks to queue
[2023-03-28 22:41:28,391] {logging_mixin.py:115} INFO - [2023-03-28 22:41:28,390] {dagbag.py:507} INFO - Filling up the DagBag from /home/airflow/.local/lib/python3.7/site-packages/airflow/example_dags/example_branch_python_dop_operator_3.py
[2023-03-28 22:41:28,399] {processor.py:651} INFO - DAG(s) dict_keys(['example_branch_dop_operator_v3']) retrieved from /home/airflow/.local/lib/python3.7/site-packages/airflow/example_dags/example_branch_python_dop_operator_3.py
[2023-03-28 22:41:28,426] {logging_mixin.py:115} INFO - [2023-03-28 22:41:28,426] {dag.py:2371} INFO - Sync 1 DAGs
[2023-03-28 22:41:28,460] {logging_mixin.py:115} INFO - [2023-03-28 22:41:28,459] {dag.py:2919} INFO - Setting next_dagrun for example_branch_dop_operator_v3 to 2023-03-28T22:40:00+00:00, run_after=2023-03-28T22:41:00+00:00
[2023-03-28 22:41:28,478] {processor.py:161} INFO - Processing /home/airflow/.local/lib/python3.7/site-packages/airflow/example_dags/example_branch_python_dop_operator_3.py took 0.091 seconds
[2023-03-28 22:41:59,028] {processor.py:153} INFO - Started process (PID=137) to work on /home/airflow/.local/lib/python3.7/site-packages/airflow/example_dags/example_branch_python_dop_operator_3.py
[2023-03-28 22:41:59,029] {processor.py:641} INFO - Processing file /home/airflow/.local/lib/python3.7/site-packages/airflow/example_dags/example_branch_python_dop_operator_3.py for tasks to queue
[2023-03-28 22:41:59,029] {logging_mixin.py:115} INFO - [2023-03-28 22:41:59,029] {dagbag.py:507} INFO - Filling up the DagBag from /home/airflow/.local/lib/python3.7/site-packages/airflow/example_dags/example_branch_python_dop_operator_3.py
[2023-03-28 22:41:59,035] {processor.py:651} INFO - DAG(s) dict_keys(['example_branch_dop_operator_v3']) retrieved from /home/airflow/.local/lib/python3.7/site-packages/airflow/example_dags/example_branch_python_dop_operator_3.py
[2023-03-28 22:41:59,059] {logging_mixin.py:115} INFO - [2023-03-28 22:41:59,058] {dag.py:2371} INFO - Sync 1 DAGs
[2023-03-28 22:41:59,083] {logging_mixin.py:115} INFO - [2023-03-28 22:41:59,083] {dag.py:2919} INFO - Setting next_dagrun for example_branch_dop_operator_v3 to 2023-03-28T22:40:00+00:00, run_after=2023-03-28T22:41:00+00:00
[2023-03-28 22:41:59,097] {processor.py:161} INFO - Processing /home/airflow/.local/lib/python3.7/site-packages/airflow/example_dags/example_branch_python_dop_operator_3.py took 0.071 seconds
[2023-03-28 22:42:29,332] {processor.py:153} INFO - Started process (PID=202) to work on /home/airflow/.local/lib/python3.7/site-packages/airflow/example_dags/example_branch_python_dop_operator_3.py
[2023-03-28 22:42:29,332] {processor.py:641} INFO - Processing file /home/airflow/.local/lib/python3.7/site-packages/airflow/example_dags/example_branch_python_dop_operator_3.py for tasks to queue
[2023-03-28 22:42:29,332] {logging_mixin.py:115} INFO - [2023-03-28 22:42:29,332] {dagbag.py:507} INFO - Filling up the DagBag from /home/airflow/.local/lib/python3.7/site-packages/airflow/example_dags/example_branch_python_dop_operator_3.py
[2023-03-28 22:42:29,339] {processor.py:651} INFO - DAG(s) dict_keys(['example_branch_dop_operator_v3']) retrieved from /home/airflow/.local/lib/python3.7/site-packages/airflow/example_dags/example_branch_python_dop_operator_3.py
[2023-03-28 22:42:29,361] {logging_mixin.py:115} INFO - [2023-03-28 22:42:29,361] {dag.py:2371} INFO - Sync 1 DAGs
[2023-03-28 22:42:29,384] {logging_mixin.py:115} INFO - [2023-03-28 22:42:29,384] {dag.py:2919} INFO - Setting next_dagrun for example_branch_dop_operator_v3 to 2023-03-28T22:41:00+00:00, run_after=2023-03-28T22:42:00+00:00
[2023-03-28 22:42:29,398] {processor.py:161} INFO - Processing /home/airflow/.local/lib/python3.7/site-packages/airflow/example_dags/example_branch_python_dop_operator_3.py took 0.068 seconds
[2023-03-28 22:42:59,857] {processor.py:153} INFO - Started process (PID=257) to work on /home/airflow/.local/lib/python3.7/site-packages/airflow/example_dags/example_branch_python_dop_operator_3.py
[2023-03-28 22:42:59,858] {processor.py:641} INFO - Processing file /home/airflow/.local/lib/python3.7/site-packages/airflow/example_dags/example_branch_python_dop_operator_3.py for tasks to queue
[2023-03-28 22:42:59,858] {logging_mixin.py:115} INFO - [2023-03-28 22:42:59,858] {dagbag.py:507} INFO - Filling up the DagBag from /home/airflow/.local/lib/python3.7/site-packages/airflow/example_dags/example_branch_python_dop_operator_3.py
[2023-03-28 22:42:59,865] {processor.py:651} INFO - DAG(s) dict_keys(['example_branch_dop_operator_v3']) retrieved from /home/airflow/.local/lib/python3.7/site-packages/airflow/example_dags/example_branch_python_dop_operator_3.py
[2023-03-28 22:42:59,886] {logging_mixin.py:115} INFO - [2023-03-28 22:42:59,886] {dag.py:2371} INFO - Sync 1 DAGs
[2023-03-28 22:42:59,909] {logging_mixin.py:115} INFO - [2023-03-28 22:42:59,909] {dag.py:2919} INFO - Setting next_dagrun for example_branch_dop_operator_v3 to 2023-03-28T22:41:00+00:00, run_after=2023-03-28T22:42:00+00:00
[2023-03-28 22:42:59,921] {processor.py:161} INFO - Processing /home/airflow/.local/lib/python3.7/site-packages/airflow/example_dags/example_branch_python_dop_operator_3.py took 0.066 seconds
[2023-03-28 22:43:30,515] {processor.py:153} INFO - Started process (PID=321) to work on /home/airflow/.local/lib/python3.7/site-packages/airflow/example_dags/example_branch_python_dop_operator_3.py
[2023-03-28 22:43:30,516] {processor.py:641} INFO - Processing file /home/airflow/.local/lib/python3.7/site-packages/airflow/example_dags/example_branch_python_dop_operator_3.py for tasks to queue
[2023-03-28 22:43:30,517] {logging_mixin.py:115} INFO - [2023-03-28 22:43:30,517] {dagbag.py:507} INFO - Filling up the DagBag from /home/airflow/.local/lib/python3.7/site-packages/airflow/example_dags/example_branch_python_dop_operator_3.py
[2023-03-28 22:43:30,524] {processor.py:651} INFO - DAG(s) dict_keys(['example_branch_dop_operator_v3']) retrieved from /home/airflow/.local/lib/python3.7/site-packages/airflow/example_dags/example_branch_python_dop_operator_3.py
[2023-03-28 22:43:30,550] {logging_mixin.py:115} INFO - [2023-03-28 22:43:30,550] {dag.py:2371} INFO - Sync 1 DAGs
[2023-03-28 22:43:30,576] {logging_mixin.py:115} INFO - [2023-03-28 22:43:30,576] {dag.py:2919} INFO - Setting next_dagrun for example_branch_dop_operator_v3 to 2023-03-28T22:42:00+00:00, run_after=2023-03-28T22:43:00+00:00
[2023-03-28 22:43:30,592] {processor.py:161} INFO - Processing /home/airflow/.local/lib/python3.7/site-packages/airflow/example_dags/example_branch_python_dop_operator_3.py took 0.079 seconds
[2023-03-28 22:44:00,977] {processor.py:153} INFO - Started process (PID=385) to work on /home/airflow/.local/lib/python3.7/site-packages/airflow/example_dags/example_branch_python_dop_operator_3.py
[2023-03-28 22:44:00,977] {processor.py:641} INFO - Processing file /home/airflow/.local/lib/python3.7/site-packages/airflow/example_dags/example_branch_python_dop_operator_3.py for tasks to queue
[2023-03-28 22:44:00,978] {logging_mixin.py:115} INFO - [2023-03-28 22:44:00,978] {dagbag.py:507} INFO - Filling up the DagBag from /home/airflow/.local/lib/python3.7/site-packages/airflow/example_dags/example_branch_python_dop_operator_3.py
[2023-03-28 22:44:00,987] {processor.py:651} INFO - DAG(s) dict_keys(['example_branch_dop_operator_v3']) retrieved from /home/airflow/.local/lib/python3.7/site-packages/airflow/example_dags/example_branch_python_dop_operator_3.py
[2023-03-28 22:44:01,023] {logging_mixin.py:115} INFO - [2023-03-28 22:44:01,022] {dag.py:2371} INFO - Sync 1 DAGs
[2023-03-28 22:44:01,060] {logging_mixin.py:115} INFO - [2023-03-28 22:44:01,060] {dag.py:2919} INFO - Setting next_dagrun for example_branch_dop_operator_v3 to 2023-03-28T22:43:00+00:00, run_after=2023-03-28T22:44:00+00:00
[2023-03-28 22:44:01,077] {processor.py:161} INFO - Processing /home/airflow/.local/lib/python3.7/site-packages/airflow/example_dags/example_branch_python_dop_operator_3.py took 0.103 seconds
[2023-03-28 22:44:31,122] {processor.py:153} INFO - Started process (PID=439) to work on /home/airflow/.local/lib/python3.7/site-packages/airflow/example_dags/example_branch_python_dop_operator_3.py
[2023-03-28 22:44:31,123] {processor.py:641} INFO - Processing file /home/airflow/.local/lib/python3.7/site-packages/airflow/example_dags/example_branch_python_dop_operator_3.py for tasks to queue
[2023-03-28 22:44:31,123] {logging_mixin.py:115} INFO - [2023-03-28 22:44:31,123] {dagbag.py:507} INFO - Filling up the DagBag from /home/airflow/.local/lib/python3.7/site-packages/airflow/example_dags/example_branch_python_dop_operator_3.py
[2023-03-28 22:44:31,130] {processor.py:651} INFO - DAG(s) dict_keys(['example_branch_dop_operator_v3']) retrieved from /home/airflow/.local/lib/python3.7/site-packages/airflow/example_dags/example_branch_python_dop_operator_3.py
[2023-03-28 22:44:31,153] {logging_mixin.py:115} INFO - [2023-03-28 22:44:31,153] {dag.py:2371} INFO - Sync 1 DAGs
[2023-03-28 22:44:31,177] {logging_mixin.py:115} INFO - [2023-03-28 22:44:31,177] {dag.py:2919} INFO - Setting next_dagrun for example_branch_dop_operator_v3 to 2023-03-28T22:43:00+00:00, run_after=2023-03-28T22:44:00+00:00
[2023-03-28 22:44:31,190] {processor.py:161} INFO - Processing /home/airflow/.local/lib/python3.7/site-packages/airflow/example_dags/example_branch_python_dop_operator_3.py took 0.071 seconds
[2023-03-28 22:45:02,103] {processor.py:153} INFO - Started process (PID=503) to work on /home/airflow/.local/lib/python3.7/site-packages/airflow/example_dags/example_branch_python_dop_operator_3.py
[2023-03-28 22:45:02,103] {processor.py:641} INFO - Processing file /home/airflow/.local/lib/python3.7/site-packages/airflow/example_dags/example_branch_python_dop_operator_3.py for tasks to queue
[2023-03-28 22:45:02,104] {logging_mixin.py:115} INFO - [2023-03-28 22:45:02,104] {dagbag.py:507} INFO - Filling up the DagBag from /home/airflow/.local/lib/python3.7/site-packages/airflow/example_dags/example_branch_python_dop_operator_3.py
[2023-03-28 22:45:02,110] {processor.py:651} INFO - DAG(s) dict_keys(['example_branch_dop_operator_v3']) retrieved from /home/airflow/.local/lib/python3.7/site-packages/airflow/example_dags/example_branch_python_dop_operator_3.py
[2023-03-28 22:45:02,132] {logging_mixin.py:115} INFO - [2023-03-28 22:45:02,131] {dag.py:2371} INFO - Sync 1 DAGs
[2023-03-28 22:45:02,155] {logging_mixin.py:115} INFO - [2023-03-28 22:45:02,155] {dag.py:2919} INFO - Setting next_dagrun for example_branch_dop_operator_v3 to 2023-03-28T22:44:00+00:00, run_after=2023-03-28T22:45:00+00:00
[2023-03-28 22:45:02,167] {processor.py:161} INFO - Processing /home/airflow/.local/lib/python3.7/site-packages/airflow/example_dags/example_branch_python_dop_operator_3.py took 0.066 seconds
[2023-03-28 22:45:33,199] {processor.py:153} INFO - Started process (PID=567) to work on /home/airflow/.local/lib/python3.7/site-packages/airflow/example_dags/example_branch_python_dop_operator_3.py
[2023-03-28 22:45:33,201] {processor.py:641} INFO - Processing file /home/airflow/.local/lib/python3.7/site-packages/airflow/example_dags/example_branch_python_dop_operator_3.py for tasks to queue
[2023-03-28 22:45:33,201] {logging_mixin.py:115} INFO - [2023-03-28 22:45:33,201] {dagbag.py:507} INFO - Filling up the DagBag from /home/airflow/.local/lib/python3.7/site-packages/airflow/example_dags/example_branch_python_dop_operator_3.py
[2023-03-28 22:45:33,227] {processor.py:651} INFO - DAG(s) dict_keys(['example_branch_dop_operator_v3']) retrieved from /home/airflow/.local/lib/python3.7/site-packages/airflow/example_dags/example_branch_python_dop_operator_3.py
[2023-03-28 22:45:33,265] {logging_mixin.py:115} INFO - [2023-03-28 22:45:33,265] {dag.py:2371} INFO - Sync 1 DAGs
[2023-03-28 22:45:33,299] {logging_mixin.py:115} INFO - [2023-03-28 22:45:33,299] {dag.py:2919} INFO - Setting next_dagrun for example_branch_dop_operator_v3 to 2023-03-28T22:44:00+00:00, run_after=2023-03-28T22:45:00+00:00
[2023-03-28 22:45:33,322] {processor.py:161} INFO - Processing /home/airflow/.local/lib/python3.7/site-packages/airflow/example_dags/example_branch_python_dop_operator_3.py took 0.126 seconds
[2023-03-28 22:46:03,355] {processor.py:153} INFO - Started process (PID=622) to work on /home/airflow/.local/lib/python3.7/site-packages/airflow/example_dags/example_branch_python_dop_operator_3.py
[2023-03-28 22:46:03,355] {processor.py:641} INFO - Processing file /home/airflow/.local/lib/python3.7/site-packages/airflow/example_dags/example_branch_python_dop_operator_3.py for tasks to queue
[2023-03-28 22:46:03,355] {logging_mixin.py:115} INFO - [2023-03-28 22:46:03,355] {dagbag.py:507} INFO - Filling up the DagBag from /home/airflow/.local/lib/python3.7/site-packages/airflow/example_dags/example_branch_python_dop_operator_3.py
[2023-03-28 22:46:03,364] {processor.py:651} INFO - DAG(s) dict_keys(['example_branch_dop_operator_v3']) retrieved from /home/airflow/.local/lib/python3.7/site-packages/airflow/example_dags/example_branch_python_dop_operator_3.py
[2023-03-28 22:46:03,387] {logging_mixin.py:115} INFO - [2023-03-28 22:46:03,387] {dag.py:2371} INFO - Sync 1 DAGs
[2023-03-28 22:46:03,408] {logging_mixin.py:115} INFO - [2023-03-28 22:46:03,408] {dag.py:2919} INFO - Setting next_dagrun for example_branch_dop_operator_v3 to 2023-03-28T22:45:00+00:00, run_after=2023-03-28T22:46:00+00:00
[2023-03-28 22:46:03,420] {processor.py:161} INFO - Processing /home/airflow/.local/lib/python3.7/site-packages/airflow/example_dags/example_branch_python_dop_operator_3.py took 0.068 seconds
[2023-03-28 22:46:33,562] {processor.py:153} INFO - Started process (PID=687) to work on /home/airflow/.local/lib/python3.7/site-packages/airflow/example_dags/example_branch_python_dop_operator_3.py
[2023-03-28 22:46:33,562] {processor.py:641} INFO - Processing file /home/airflow/.local/lib/python3.7/site-packages/airflow/example_dags/example_branch_python_dop_operator_3.py for tasks to queue
[2023-03-28 22:46:33,563] {logging_mixin.py:115} INFO - [2023-03-28 22:46:33,563] {dagbag.py:507} INFO - Filling up the DagBag from /home/airflow/.local/lib/python3.7/site-packages/airflow/example_dags/example_branch_python_dop_operator_3.py
[2023-03-28 22:46:33,572] {processor.py:651} INFO - DAG(s) dict_keys(['example_branch_dop_operator_v3']) retrieved from /home/airflow/.local/lib/python3.7/site-packages/airflow/example_dags/example_branch_python_dop_operator_3.py
[2023-03-28 22:46:33,596] {logging_mixin.py:115} INFO - [2023-03-28 22:46:33,596] {dag.py:2371} INFO - Sync 1 DAGs
[2023-03-28 22:46:33,622] {logging_mixin.py:115} INFO - [2023-03-28 22:46:33,622] {dag.py:2919} INFO - Setting next_dagrun for example_branch_dop_operator_v3 to 2023-03-28T22:45:00+00:00, run_after=2023-03-28T22:46:00+00:00
[2023-03-28 22:46:33,635] {processor.py:161} INFO - Processing /home/airflow/.local/lib/python3.7/site-packages/airflow/example_dags/example_branch_python_dop_operator_3.py took 0.075 seconds
[2023-03-28 22:47:03,907] {processor.py:153} INFO - Started process (PID=751) to work on /home/airflow/.local/lib/python3.7/site-packages/airflow/example_dags/example_branch_python_dop_operator_3.py
[2023-03-28 22:47:03,907] {processor.py:641} INFO - Processing file /home/airflow/.local/lib/python3.7/site-packages/airflow/example_dags/example_branch_python_dop_operator_3.py for tasks to queue
[2023-03-28 22:47:03,908] {logging_mixin.py:115} INFO - [2023-03-28 22:47:03,908] {dagbag.py:507} INFO - Filling up the DagBag from /home/airflow/.local/lib/python3.7/site-packages/airflow/example_dags/example_branch_python_dop_operator_3.py
[2023-03-28 22:47:03,916] {processor.py:651} INFO - DAG(s) dict_keys(['example_branch_dop_operator_v3']) retrieved from /home/airflow/.local/lib/python3.7/site-packages/airflow/example_dags/example_branch_python_dop_operator_3.py
[2023-03-28 22:47:03,941] {logging_mixin.py:115} INFO - [2023-03-28 22:47:03,941] {dag.py:2371} INFO - Sync 1 DAGs
[2023-03-28 22:47:03,966] {logging_mixin.py:115} INFO - [2023-03-28 22:47:03,966] {dag.py:2919} INFO - Setting next_dagrun for example_branch_dop_operator_v3 to 2023-03-28T22:46:00+00:00, run_after=2023-03-28T22:47:00+00:00
[2023-03-28 22:47:03,981] {processor.py:161} INFO - Processing /home/airflow/.local/lib/python3.7/site-packages/airflow/example_dags/example_branch_python_dop_operator_3.py took 0.077 seconds
[2023-03-28 22:48:15,020] {processor.py:153} INFO - Started process (PID=82) to work on /home/airflow/.local/lib/python3.7/site-packages/airflow/example_dags/example_branch_python_dop_operator_3.py
[2023-03-28 22:48:15,021] {processor.py:641} INFO - Processing file /home/airflow/.local/lib/python3.7/site-packages/airflow/example_dags/example_branch_python_dop_operator_3.py for tasks to queue
[2023-03-28 22:48:15,022] {logging_mixin.py:115} INFO - [2023-03-28 22:48:15,022] {dagbag.py:507} INFO - Filling up the DagBag from /home/airflow/.local/lib/python3.7/site-packages/airflow/example_dags/example_branch_python_dop_operator_3.py
[2023-03-28 22:48:15,030] {processor.py:651} INFO - DAG(s) dict_keys(['example_branch_dop_operator_v3']) retrieved from /home/airflow/.local/lib/python3.7/site-packages/airflow/example_dags/example_branch_python_dop_operator_3.py
[2023-03-28 22:48:15,057] {logging_mixin.py:115} INFO - [2023-03-28 22:48:15,057] {dag.py:2371} INFO - Sync 1 DAGs
[2023-03-28 22:48:15,227] {logging_mixin.py:115} INFO - [2023-03-28 22:48:15,227] {dag.py:2919} INFO - Setting next_dagrun for example_branch_dop_operator_v3 to 2023-03-28T22:47:00+00:00, run_after=2023-03-28T22:48:00+00:00
[2023-03-28 22:48:15,242] {processor.py:161} INFO - Processing /home/airflow/.local/lib/python3.7/site-packages/airflow/example_dags/example_branch_python_dop_operator_3.py took 0.224 seconds
[2023-03-28 22:48:45,948] {processor.py:153} INFO - Started process (PID=145) to work on /home/airflow/.local/lib/python3.7/site-packages/airflow/example_dags/example_branch_python_dop_operator_3.py
[2023-03-28 22:48:45,950] {processor.py:641} INFO - Processing file /home/airflow/.local/lib/python3.7/site-packages/airflow/example_dags/example_branch_python_dop_operator_3.py for tasks to queue
[2023-03-28 22:48:45,951] {logging_mixin.py:115} INFO - [2023-03-28 22:48:45,950] {dagbag.py:507} INFO - Filling up the DagBag from /home/airflow/.local/lib/python3.7/site-packages/airflow/example_dags/example_branch_python_dop_operator_3.py
[2023-03-28 22:48:45,958] {processor.py:651} INFO - DAG(s) dict_keys(['example_branch_dop_operator_v3']) retrieved from /home/airflow/.local/lib/python3.7/site-packages/airflow/example_dags/example_branch_python_dop_operator_3.py
[2023-03-28 22:48:45,983] {logging_mixin.py:115} INFO - [2023-03-28 22:48:45,982] {dag.py:2371} INFO - Sync 1 DAGs
[2023-03-28 22:48:46,144] {logging_mixin.py:115} INFO - [2023-03-28 22:48:46,143] {dag.py:2919} INFO - Setting next_dagrun for example_branch_dop_operator_v3 to 2023-03-28T22:47:00+00:00, run_after=2023-03-28T22:48:00+00:00
[2023-03-28 22:48:46,157] {processor.py:161} INFO - Processing /home/airflow/.local/lib/python3.7/site-packages/airflow/example_dags/example_branch_python_dop_operator_3.py took 0.211 seconds
[2023-03-28 22:49:16,888] {processor.py:153} INFO - Started process (PID=202) to work on /home/airflow/.local/lib/python3.7/site-packages/airflow/example_dags/example_branch_python_dop_operator_3.py
[2023-03-28 22:49:16,889] {processor.py:641} INFO - Processing file /home/airflow/.local/lib/python3.7/site-packages/airflow/example_dags/example_branch_python_dop_operator_3.py for tasks to queue
[2023-03-28 22:49:16,889] {logging_mixin.py:115} INFO - [2023-03-28 22:49:16,889] {dagbag.py:507} INFO - Filling up the DagBag from /home/airflow/.local/lib/python3.7/site-packages/airflow/example_dags/example_branch_python_dop_operator_3.py
[2023-03-28 22:49:16,895] {processor.py:651} INFO - DAG(s) dict_keys(['example_branch_dop_operator_v3']) retrieved from /home/airflow/.local/lib/python3.7/site-packages/airflow/example_dags/example_branch_python_dop_operator_3.py
[2023-03-28 22:49:16,919] {logging_mixin.py:115} INFO - [2023-03-28 22:49:16,919] {dag.py:2371} INFO - Sync 1 DAGs
[2023-03-28 22:49:17,046] {logging_mixin.py:115} INFO - [2023-03-28 22:49:17,046] {dag.py:2919} INFO - Setting next_dagrun for example_branch_dop_operator_v3 to 2023-03-28T22:48:00+00:00, run_after=2023-03-28T22:49:00+00:00
[2023-03-28 22:49:17,058] {processor.py:161} INFO - Processing /home/airflow/.local/lib/python3.7/site-packages/airflow/example_dags/example_branch_python_dop_operator_3.py took 0.172 seconds
[2023-03-28 22:49:47,495] {processor.py:153} INFO - Started process (PID=267) to work on /home/airflow/.local/lib/python3.7/site-packages/airflow/example_dags/example_branch_python_dop_operator_3.py
[2023-03-28 22:49:47,496] {processor.py:641} INFO - Processing file /home/airflow/.local/lib/python3.7/site-packages/airflow/example_dags/example_branch_python_dop_operator_3.py for tasks to queue
[2023-03-28 22:49:47,496] {logging_mixin.py:115} INFO - [2023-03-28 22:49:47,496] {dagbag.py:507} INFO - Filling up the DagBag from /home/airflow/.local/lib/python3.7/site-packages/airflow/example_dags/example_branch_python_dop_operator_3.py
[2023-03-28 22:49:47,503] {processor.py:651} INFO - DAG(s) dict_keys(['example_branch_dop_operator_v3']) retrieved from /home/airflow/.local/lib/python3.7/site-packages/airflow/example_dags/example_branch_python_dop_operator_3.py
[2023-03-28 22:49:47,526] {logging_mixin.py:115} INFO - [2023-03-28 22:49:47,526] {dag.py:2371} INFO - Sync 1 DAGs
[2023-03-28 22:49:47,647] {logging_mixin.py:115} INFO - [2023-03-28 22:49:47,647] {dag.py:2919} INFO - Setting next_dagrun for example_branch_dop_operator_v3 to 2023-03-28T22:48:00+00:00, run_after=2023-03-28T22:49:00+00:00
[2023-03-28 22:49:47,659] {processor.py:161} INFO - Processing /home/airflow/.local/lib/python3.7/site-packages/airflow/example_dags/example_branch_python_dop_operator_3.py took 0.166 seconds
[2023-03-28 22:50:19,897] {processor.py:153} INFO - Started process (PID=331) to work on /home/airflow/.local/lib/python3.7/site-packages/airflow/example_dags/example_branch_python_dop_operator_3.py
[2023-03-28 22:50:19,898] {processor.py:641} INFO - Processing file /home/airflow/.local/lib/python3.7/site-packages/airflow/example_dags/example_branch_python_dop_operator_3.py for tasks to queue
[2023-03-28 22:50:19,899] {logging_mixin.py:115} INFO - [2023-03-28 22:50:19,899] {dagbag.py:507} INFO - Filling up the DagBag from /home/airflow/.local/lib/python3.7/site-packages/airflow/example_dags/example_branch_python_dop_operator_3.py
[2023-03-28 22:50:19,914] {processor.py:651} INFO - DAG(s) dict_keys(['example_branch_dop_operator_v3']) retrieved from /home/airflow/.local/lib/python3.7/site-packages/airflow/example_dags/example_branch_python_dop_operator_3.py
[2023-03-28 22:50:19,949] {logging_mixin.py:115} INFO - [2023-03-28 22:50:19,949] {dag.py:2371} INFO - Sync 1 DAGs
[2023-03-28 22:50:20,183] {logging_mixin.py:115} INFO - [2023-03-28 22:50:20,183] {dag.py:2919} INFO - Setting next_dagrun for example_branch_dop_operator_v3 to 2023-03-28T22:49:00+00:00, run_after=2023-03-28T22:50:00+00:00
[2023-03-28 22:50:20,203] {processor.py:161} INFO - Processing /home/airflow/.local/lib/python3.7/site-packages/airflow/example_dags/example_branch_python_dop_operator_3.py took 0.310 seconds
[2023-03-28 22:50:51,144] {processor.py:153} INFO - Started process (PID=387) to work on /home/airflow/.local/lib/python3.7/site-packages/airflow/example_dags/example_branch_python_dop_operator_3.py
[2023-03-28 22:50:51,145] {processor.py:641} INFO - Processing file /home/airflow/.local/lib/python3.7/site-packages/airflow/example_dags/example_branch_python_dop_operator_3.py for tasks to queue
[2023-03-28 22:50:51,145] {logging_mixin.py:115} INFO - [2023-03-28 22:50:51,145] {dagbag.py:507} INFO - Filling up the DagBag from /home/airflow/.local/lib/python3.7/site-packages/airflow/example_dags/example_branch_python_dop_operator_3.py
[2023-03-28 22:50:51,153] {processor.py:651} INFO - DAG(s) dict_keys(['example_branch_dop_operator_v3']) retrieved from /home/airflow/.local/lib/python3.7/site-packages/airflow/example_dags/example_branch_python_dop_operator_3.py
[2023-03-28 22:50:51,176] {logging_mixin.py:115} INFO - [2023-03-28 22:50:51,176] {dag.py:2371} INFO - Sync 1 DAGs
[2023-03-28 22:50:51,303] {logging_mixin.py:115} INFO - [2023-03-28 22:50:51,303] {dag.py:2919} INFO - Setting next_dagrun for example_branch_dop_operator_v3 to 2023-03-28T22:49:00+00:00, run_after=2023-03-28T22:50:00+00:00
[2023-03-28 22:50:51,317] {processor.py:161} INFO - Processing /home/airflow/.local/lib/python3.7/site-packages/airflow/example_dags/example_branch_python_dop_operator_3.py took 0.175 seconds
[2023-03-28 22:52:17,170] {processor.py:153} INFO - Started process (PID=72) to work on /home/airflow/.local/lib/python3.7/site-packages/airflow/example_dags/example_branch_python_dop_operator_3.py
[2023-03-28 22:52:17,171] {processor.py:641} INFO - Processing file /home/airflow/.local/lib/python3.7/site-packages/airflow/example_dags/example_branch_python_dop_operator_3.py for tasks to queue
[2023-03-28 22:52:17,171] {logging_mixin.py:115} INFO - [2023-03-28 22:52:17,171] {dagbag.py:507} INFO - Filling up the DagBag from /home/airflow/.local/lib/python3.7/site-packages/airflow/example_dags/example_branch_python_dop_operator_3.py
[2023-03-28 22:52:17,181] {processor.py:651} INFO - DAG(s) dict_keys(['example_branch_dop_operator_v3']) retrieved from /home/airflow/.local/lib/python3.7/site-packages/airflow/example_dags/example_branch_python_dop_operator_3.py
[2023-03-28 22:52:17,209] {logging_mixin.py:115} INFO - [2023-03-28 22:52:17,208] {dag.py:2371} INFO - Sync 1 DAGs
[2023-03-28 22:52:17,238] {logging_mixin.py:115} INFO - [2023-03-28 22:52:17,238] {dag.py:2919} INFO - Setting next_dagrun for example_branch_dop_operator_v3 to 2023-03-28T22:51:00+00:00, run_after=2023-03-28T22:52:00+00:00
[2023-03-28 22:52:17,252] {processor.py:161} INFO - Processing /home/airflow/.local/lib/python3.7/site-packages/airflow/example_dags/example_branch_python_dop_operator_3.py took 0.085 seconds
[2023-03-28 22:52:47,399] {processor.py:153} INFO - Started process (PID=135) to work on /home/airflow/.local/lib/python3.7/site-packages/airflow/example_dags/example_branch_python_dop_operator_3.py
[2023-03-28 22:52:47,400] {processor.py:641} INFO - Processing file /home/airflow/.local/lib/python3.7/site-packages/airflow/example_dags/example_branch_python_dop_operator_3.py for tasks to queue
[2023-03-28 22:52:47,400] {logging_mixin.py:115} INFO - [2023-03-28 22:52:47,400] {dagbag.py:507} INFO - Filling up the DagBag from /home/airflow/.local/lib/python3.7/site-packages/airflow/example_dags/example_branch_python_dop_operator_3.py
[2023-03-28 22:52:47,406] {processor.py:651} INFO - DAG(s) dict_keys(['example_branch_dop_operator_v3']) retrieved from /home/airflow/.local/lib/python3.7/site-packages/airflow/example_dags/example_branch_python_dop_operator_3.py
[2023-03-28 22:52:47,429] {logging_mixin.py:115} INFO - [2023-03-28 22:52:47,428] {dag.py:2371} INFO - Sync 1 DAGs
[2023-03-28 22:52:47,451] {logging_mixin.py:115} INFO - [2023-03-28 22:52:47,451] {dag.py:2919} INFO - Setting next_dagrun for example_branch_dop_operator_v3 to 2023-03-28T22:51:00+00:00, run_after=2023-03-28T22:52:00+00:00
[2023-03-28 22:52:47,464] {processor.py:161} INFO - Processing /home/airflow/.local/lib/python3.7/site-packages/airflow/example_dags/example_branch_python_dop_operator_3.py took 0.067 seconds
[2023-03-28 22:53:18,081] {processor.py:153} INFO - Started process (PID=200) to work on /home/airflow/.local/lib/python3.7/site-packages/airflow/example_dags/example_branch_python_dop_operator_3.py
[2023-03-28 22:53:18,082] {processor.py:641} INFO - Processing file /home/airflow/.local/lib/python3.7/site-packages/airflow/example_dags/example_branch_python_dop_operator_3.py for tasks to queue
[2023-03-28 22:53:18,082] {logging_mixin.py:115} INFO - [2023-03-28 22:53:18,082] {dagbag.py:507} INFO - Filling up the DagBag from /home/airflow/.local/lib/python3.7/site-packages/airflow/example_dags/example_branch_python_dop_operator_3.py
[2023-03-28 22:53:18,090] {processor.py:651} INFO - DAG(s) dict_keys(['example_branch_dop_operator_v3']) retrieved from /home/airflow/.local/lib/python3.7/site-packages/airflow/example_dags/example_branch_python_dop_operator_3.py
[2023-03-28 22:53:18,118] {logging_mixin.py:115} INFO - [2023-03-28 22:53:18,118] {dag.py:2371} INFO - Sync 1 DAGs
[2023-03-28 22:53:18,145] {logging_mixin.py:115} INFO - [2023-03-28 22:53:18,145] {dag.py:2919} INFO - Setting next_dagrun for example_branch_dop_operator_v3 to 2023-03-28T22:52:00+00:00, run_after=2023-03-28T22:53:00+00:00
[2023-03-28 22:53:18,158] {processor.py:161} INFO - Processing /home/airflow/.local/lib/python3.7/site-packages/airflow/example_dags/example_branch_python_dop_operator_3.py took 0.079 seconds
[2023-03-28 22:53:48,215] {processor.py:153} INFO - Started process (PID=254) to work on /home/airflow/.local/lib/python3.7/site-packages/airflow/example_dags/example_branch_python_dop_operator_3.py
[2023-03-28 22:53:48,216] {processor.py:641} INFO - Processing file /home/airflow/.local/lib/python3.7/site-packages/airflow/example_dags/example_branch_python_dop_operator_3.py for tasks to queue
[2023-03-28 22:53:48,216] {logging_mixin.py:115} INFO - [2023-03-28 22:53:48,216] {dagbag.py:507} INFO - Filling up the DagBag from /home/airflow/.local/lib/python3.7/site-packages/airflow/example_dags/example_branch_python_dop_operator_3.py
[2023-03-28 22:53:48,223] {processor.py:651} INFO - DAG(s) dict_keys(['example_branch_dop_operator_v3']) retrieved from /home/airflow/.local/lib/python3.7/site-packages/airflow/example_dags/example_branch_python_dop_operator_3.py
[2023-03-28 22:53:48,245] {logging_mixin.py:115} INFO - [2023-03-28 22:53:48,245] {dag.py:2371} INFO - Sync 1 DAGs
[2023-03-28 22:53:48,269] {logging_mixin.py:115} INFO - [2023-03-28 22:53:48,269] {dag.py:2919} INFO - Setting next_dagrun for example_branch_dop_operator_v3 to 2023-03-28T22:52:00+00:00, run_after=2023-03-28T22:53:00+00:00
[2023-03-28 22:53:48,282] {processor.py:161} INFO - Processing /home/airflow/.local/lib/python3.7/site-packages/airflow/example_dags/example_branch_python_dop_operator_3.py took 0.068 seconds
