[2023-03-28 22:23:54,984] {processor.py:153} INFO - Started process (PID=2374) to work on /home/airflow/.local/lib/python3.7/site-packages/airflow/example_dags/example_external_task_marker_dag.py
[2023-03-28 22:23:54,984] {processor.py:641} INFO - Processing file /home/airflow/.local/lib/python3.7/site-packages/airflow/example_dags/example_external_task_marker_dag.py for tasks to queue
[2023-03-28 22:23:54,985] {logging_mixin.py:115} INFO - [2023-03-28 22:23:54,985] {dagbag.py:507} INFO - Filling up the DagBag from /home/airflow/.local/lib/python3.7/site-packages/airflow/example_dags/example_external_task_marker_dag.py
[2023-03-28 22:23:54,988] {processor.py:651} INFO - DAG(s) dict_keys(['example_external_task_marker_parent', 'example_external_task_marker_child']) retrieved from /home/airflow/.local/lib/python3.7/site-packages/airflow/example_dags/example_external_task_marker_dag.py
[2023-03-28 22:23:55,020] {logging_mixin.py:115} INFO - [2023-03-28 22:23:55,020] {dag.py:2371} INFO - Sync 2 DAGs
[2023-03-28 22:23:55,038] {logging_mixin.py:115} INFO - [2023-03-28 22:23:55,038] {dag.py:2919} INFO - Setting next_dagrun for example_external_task_marker_child to None, run_after=None
[2023-03-28 22:23:55,039] {logging_mixin.py:115} INFO - [2023-03-28 22:23:55,039] {dag.py:2919} INFO - Setting next_dagrun for example_external_task_marker_parent to None, run_after=None
[2023-03-28 22:23:55,051] {processor.py:161} INFO - Processing /home/airflow/.local/lib/python3.7/site-packages/airflow/example_dags/example_external_task_marker_dag.py took 0.069 seconds
[2023-03-28 22:24:25,699] {processor.py:153} INFO - Started process (PID=2437) to work on /home/airflow/.local/lib/python3.7/site-packages/airflow/example_dags/example_external_task_marker_dag.py
[2023-03-28 22:24:25,699] {processor.py:641} INFO - Processing file /home/airflow/.local/lib/python3.7/site-packages/airflow/example_dags/example_external_task_marker_dag.py for tasks to queue
[2023-03-28 22:24:25,700] {logging_mixin.py:115} INFO - [2023-03-28 22:24:25,700] {dagbag.py:507} INFO - Filling up the DagBag from /home/airflow/.local/lib/python3.7/site-packages/airflow/example_dags/example_external_task_marker_dag.py
[2023-03-28 22:24:25,702] {processor.py:651} INFO - DAG(s) dict_keys(['example_external_task_marker_parent', 'example_external_task_marker_child']) retrieved from /home/airflow/.local/lib/python3.7/site-packages/airflow/example_dags/example_external_task_marker_dag.py
[2023-03-28 22:24:25,735] {logging_mixin.py:115} INFO - [2023-03-28 22:24:25,735] {dag.py:2371} INFO - Sync 2 DAGs
[2023-03-28 22:24:25,753] {logging_mixin.py:115} INFO - [2023-03-28 22:24:25,753] {dag.py:2919} INFO - Setting next_dagrun for example_external_task_marker_child to None, run_after=None
[2023-03-28 22:24:25,753] {logging_mixin.py:115} INFO - [2023-03-28 22:24:25,753] {dag.py:2919} INFO - Setting next_dagrun for example_external_task_marker_parent to None, run_after=None
[2023-03-28 22:24:25,767] {processor.py:161} INFO - Processing /home/airflow/.local/lib/python3.7/site-packages/airflow/example_dags/example_external_task_marker_dag.py took 0.070 seconds
[2023-03-28 22:24:56,362] {processor.py:153} INFO - Started process (PID=2492) to work on /home/airflow/.local/lib/python3.7/site-packages/airflow/example_dags/example_external_task_marker_dag.py
[2023-03-28 22:24:56,362] {processor.py:641} INFO - Processing file /home/airflow/.local/lib/python3.7/site-packages/airflow/example_dags/example_external_task_marker_dag.py for tasks to queue
[2023-03-28 22:24:56,363] {logging_mixin.py:115} INFO - [2023-03-28 22:24:56,363] {dagbag.py:507} INFO - Filling up the DagBag from /home/airflow/.local/lib/python3.7/site-packages/airflow/example_dags/example_external_task_marker_dag.py
[2023-03-28 22:24:56,366] {processor.py:651} INFO - DAG(s) dict_keys(['example_external_task_marker_parent', 'example_external_task_marker_child']) retrieved from /home/airflow/.local/lib/python3.7/site-packages/airflow/example_dags/example_external_task_marker_dag.py
[2023-03-28 22:24:56,400] {logging_mixin.py:115} INFO - [2023-03-28 22:24:56,400] {dag.py:2371} INFO - Sync 2 DAGs
[2023-03-28 22:24:56,419] {logging_mixin.py:115} INFO - [2023-03-28 22:24:56,419] {dag.py:2919} INFO - Setting next_dagrun for example_external_task_marker_child to None, run_after=None
[2023-03-28 22:24:56,419] {logging_mixin.py:115} INFO - [2023-03-28 22:24:56,419] {dag.py:2919} INFO - Setting next_dagrun for example_external_task_marker_parent to None, run_after=None
[2023-03-28 22:24:56,433] {processor.py:161} INFO - Processing /home/airflow/.local/lib/python3.7/site-packages/airflow/example_dags/example_external_task_marker_dag.py took 0.073 seconds
[2023-03-28 22:25:27,330] {processor.py:153} INFO - Started process (PID=2556) to work on /home/airflow/.local/lib/python3.7/site-packages/airflow/example_dags/example_external_task_marker_dag.py
[2023-03-28 22:25:27,331] {processor.py:641} INFO - Processing file /home/airflow/.local/lib/python3.7/site-packages/airflow/example_dags/example_external_task_marker_dag.py for tasks to queue
[2023-03-28 22:25:27,331] {logging_mixin.py:115} INFO - [2023-03-28 22:25:27,331] {dagbag.py:507} INFO - Filling up the DagBag from /home/airflow/.local/lib/python3.7/site-packages/airflow/example_dags/example_external_task_marker_dag.py
[2023-03-28 22:25:27,333] {processor.py:651} INFO - DAG(s) dict_keys(['example_external_task_marker_parent', 'example_external_task_marker_child']) retrieved from /home/airflow/.local/lib/python3.7/site-packages/airflow/example_dags/example_external_task_marker_dag.py
[2023-03-28 22:25:27,365] {logging_mixin.py:115} INFO - [2023-03-28 22:25:27,365] {dag.py:2371} INFO - Sync 2 DAGs
[2023-03-28 22:25:27,383] {logging_mixin.py:115} INFO - [2023-03-28 22:25:27,383] {dag.py:2919} INFO - Setting next_dagrun for example_external_task_marker_child to None, run_after=None
[2023-03-28 22:25:27,384] {logging_mixin.py:115} INFO - [2023-03-28 22:25:27,384] {dag.py:2919} INFO - Setting next_dagrun for example_external_task_marker_parent to None, run_after=None
[2023-03-28 22:25:27,395] {processor.py:161} INFO - Processing /home/airflow/.local/lib/python3.7/site-packages/airflow/example_dags/example_external_task_marker_dag.py took 0.067 seconds
[2023-03-28 22:25:58,210] {processor.py:153} INFO - Started process (PID=2620) to work on /home/airflow/.local/lib/python3.7/site-packages/airflow/example_dags/example_external_task_marker_dag.py
[2023-03-28 22:25:58,210] {processor.py:641} INFO - Processing file /home/airflow/.local/lib/python3.7/site-packages/airflow/example_dags/example_external_task_marker_dag.py for tasks to queue
[2023-03-28 22:25:58,211] {logging_mixin.py:115} INFO - [2023-03-28 22:25:58,210] {dagbag.py:507} INFO - Filling up the DagBag from /home/airflow/.local/lib/python3.7/site-packages/airflow/example_dags/example_external_task_marker_dag.py
[2023-03-28 22:25:58,213] {processor.py:651} INFO - DAG(s) dict_keys(['example_external_task_marker_parent', 'example_external_task_marker_child']) retrieved from /home/airflow/.local/lib/python3.7/site-packages/airflow/example_dags/example_external_task_marker_dag.py
[2023-03-28 22:25:58,249] {logging_mixin.py:115} INFO - [2023-03-28 22:25:58,249] {dag.py:2371} INFO - Sync 2 DAGs
[2023-03-28 22:25:58,269] {logging_mixin.py:115} INFO - [2023-03-28 22:25:58,269] {dag.py:2919} INFO - Setting next_dagrun for example_external_task_marker_child to None, run_after=None
[2023-03-28 22:25:58,269] {logging_mixin.py:115} INFO - [2023-03-28 22:25:58,269] {dag.py:2919} INFO - Setting next_dagrun for example_external_task_marker_parent to None, run_after=None
[2023-03-28 22:25:58,282] {processor.py:161} INFO - Processing /home/airflow/.local/lib/python3.7/site-packages/airflow/example_dags/example_external_task_marker_dag.py took 0.074 seconds
[2023-03-28 22:26:29,371] {processor.py:153} INFO - Started process (PID=2685) to work on /home/airflow/.local/lib/python3.7/site-packages/airflow/example_dags/example_external_task_marker_dag.py
[2023-03-28 22:26:29,372] {processor.py:641} INFO - Processing file /home/airflow/.local/lib/python3.7/site-packages/airflow/example_dags/example_external_task_marker_dag.py for tasks to queue
[2023-03-28 22:26:29,372] {logging_mixin.py:115} INFO - [2023-03-28 22:26:29,372] {dagbag.py:507} INFO - Filling up the DagBag from /home/airflow/.local/lib/python3.7/site-packages/airflow/example_dags/example_external_task_marker_dag.py
[2023-03-28 22:26:29,375] {processor.py:651} INFO - DAG(s) dict_keys(['example_external_task_marker_parent', 'example_external_task_marker_child']) retrieved from /home/airflow/.local/lib/python3.7/site-packages/airflow/example_dags/example_external_task_marker_dag.py
[2023-03-28 22:26:29,411] {logging_mixin.py:115} INFO - [2023-03-28 22:26:29,410] {dag.py:2371} INFO - Sync 2 DAGs
[2023-03-28 22:26:29,432] {logging_mixin.py:115} INFO - [2023-03-28 22:26:29,432] {dag.py:2919} INFO - Setting next_dagrun for example_external_task_marker_child to None, run_after=None
[2023-03-28 22:26:29,432] {logging_mixin.py:115} INFO - [2023-03-28 22:26:29,432] {dag.py:2919} INFO - Setting next_dagrun for example_external_task_marker_parent to None, run_after=None
[2023-03-28 22:26:29,446] {processor.py:161} INFO - Processing /home/airflow/.local/lib/python3.7/site-packages/airflow/example_dags/example_external_task_marker_dag.py took 0.076 seconds
[2023-03-28 22:27:00,216] {processor.py:153} INFO - Started process (PID=2740) to work on /home/airflow/.local/lib/python3.7/site-packages/airflow/example_dags/example_external_task_marker_dag.py
[2023-03-28 22:27:00,216] {processor.py:641} INFO - Processing file /home/airflow/.local/lib/python3.7/site-packages/airflow/example_dags/example_external_task_marker_dag.py for tasks to queue
[2023-03-28 22:27:00,217] {logging_mixin.py:115} INFO - [2023-03-28 22:27:00,217] {dagbag.py:507} INFO - Filling up the DagBag from /home/airflow/.local/lib/python3.7/site-packages/airflow/example_dags/example_external_task_marker_dag.py
[2023-03-28 22:27:00,219] {processor.py:651} INFO - DAG(s) dict_keys(['example_external_task_marker_parent', 'example_external_task_marker_child']) retrieved from /home/airflow/.local/lib/python3.7/site-packages/airflow/example_dags/example_external_task_marker_dag.py
[2023-03-28 22:27:00,253] {logging_mixin.py:115} INFO - [2023-03-28 22:27:00,253] {dag.py:2371} INFO - Sync 2 DAGs
[2023-03-28 22:27:00,271] {logging_mixin.py:115} INFO - [2023-03-28 22:27:00,271] {dag.py:2919} INFO - Setting next_dagrun for example_external_task_marker_child to None, run_after=None
[2023-03-28 22:27:00,271] {logging_mixin.py:115} INFO - [2023-03-28 22:27:00,271] {dag.py:2919} INFO - Setting next_dagrun for example_external_task_marker_parent to None, run_after=None
[2023-03-28 22:27:00,284] {processor.py:161} INFO - Processing /home/airflow/.local/lib/python3.7/site-packages/airflow/example_dags/example_external_task_marker_dag.py took 0.071 seconds
[2023-03-28 22:27:30,844] {processor.py:153} INFO - Started process (PID=2806) to work on /home/airflow/.local/lib/python3.7/site-packages/airflow/example_dags/example_external_task_marker_dag.py
[2023-03-28 22:27:30,844] {processor.py:641} INFO - Processing file /home/airflow/.local/lib/python3.7/site-packages/airflow/example_dags/example_external_task_marker_dag.py for tasks to queue
[2023-03-28 22:27:30,845] {logging_mixin.py:115} INFO - [2023-03-28 22:27:30,845] {dagbag.py:507} INFO - Filling up the DagBag from /home/airflow/.local/lib/python3.7/site-packages/airflow/example_dags/example_external_task_marker_dag.py
[2023-03-28 22:27:30,848] {processor.py:651} INFO - DAG(s) dict_keys(['example_external_task_marker_parent', 'example_external_task_marker_child']) retrieved from /home/airflow/.local/lib/python3.7/site-packages/airflow/example_dags/example_external_task_marker_dag.py
[2023-03-28 22:27:30,883] {logging_mixin.py:115} INFO - [2023-03-28 22:27:30,882] {dag.py:2371} INFO - Sync 2 DAGs
[2023-03-28 22:27:30,902] {logging_mixin.py:115} INFO - [2023-03-28 22:27:30,902] {dag.py:2919} INFO - Setting next_dagrun for example_external_task_marker_child to None, run_after=None
[2023-03-28 22:27:30,902] {logging_mixin.py:115} INFO - [2023-03-28 22:27:30,902] {dag.py:2919} INFO - Setting next_dagrun for example_external_task_marker_parent to None, run_after=None
[2023-03-28 22:27:30,914] {processor.py:161} INFO - Processing /home/airflow/.local/lib/python3.7/site-packages/airflow/example_dags/example_external_task_marker_dag.py took 0.073 seconds
[2023-03-28 22:28:01,576] {processor.py:153} INFO - Started process (PID=2870) to work on /home/airflow/.local/lib/python3.7/site-packages/airflow/example_dags/example_external_task_marker_dag.py
[2023-03-28 22:28:01,577] {processor.py:641} INFO - Processing file /home/airflow/.local/lib/python3.7/site-packages/airflow/example_dags/example_external_task_marker_dag.py for tasks to queue
[2023-03-28 22:28:01,577] {logging_mixin.py:115} INFO - [2023-03-28 22:28:01,577] {dagbag.py:507} INFO - Filling up the DagBag from /home/airflow/.local/lib/python3.7/site-packages/airflow/example_dags/example_external_task_marker_dag.py
[2023-03-28 22:28:01,580] {processor.py:651} INFO - DAG(s) dict_keys(['example_external_task_marker_parent', 'example_external_task_marker_child']) retrieved from /home/airflow/.local/lib/python3.7/site-packages/airflow/example_dags/example_external_task_marker_dag.py
[2023-03-28 22:28:01,613] {logging_mixin.py:115} INFO - [2023-03-28 22:28:01,613] {dag.py:2371} INFO - Sync 2 DAGs
[2023-03-28 22:28:01,631] {logging_mixin.py:115} INFO - [2023-03-28 22:28:01,631] {dag.py:2919} INFO - Setting next_dagrun for example_external_task_marker_child to None, run_after=None
[2023-03-28 22:28:01,631] {logging_mixin.py:115} INFO - [2023-03-28 22:28:01,631] {dag.py:2919} INFO - Setting next_dagrun for example_external_task_marker_parent to None, run_after=None
[2023-03-28 22:28:01,643] {processor.py:161} INFO - Processing /home/airflow/.local/lib/python3.7/site-packages/airflow/example_dags/example_external_task_marker_dag.py took 0.069 seconds
[2023-03-28 22:28:32,599] {processor.py:153} INFO - Started process (PID=2934) to work on /home/airflow/.local/lib/python3.7/site-packages/airflow/example_dags/example_external_task_marker_dag.py
[2023-03-28 22:28:32,600] {processor.py:641} INFO - Processing file /home/airflow/.local/lib/python3.7/site-packages/airflow/example_dags/example_external_task_marker_dag.py for tasks to queue
[2023-03-28 22:28:32,600] {logging_mixin.py:115} INFO - [2023-03-28 22:28:32,600] {dagbag.py:507} INFO - Filling up the DagBag from /home/airflow/.local/lib/python3.7/site-packages/airflow/example_dags/example_external_task_marker_dag.py
[2023-03-28 22:28:32,603] {processor.py:651} INFO - DAG(s) dict_keys(['example_external_task_marker_parent', 'example_external_task_marker_child']) retrieved from /home/airflow/.local/lib/python3.7/site-packages/airflow/example_dags/example_external_task_marker_dag.py
[2023-03-28 22:28:32,640] {logging_mixin.py:115} INFO - [2023-03-28 22:28:32,640] {dag.py:2371} INFO - Sync 2 DAGs
[2023-03-28 22:28:32,662] {logging_mixin.py:115} INFO - [2023-03-28 22:28:32,662] {dag.py:2919} INFO - Setting next_dagrun for example_external_task_marker_child to None, run_after=None
[2023-03-28 22:28:32,662] {logging_mixin.py:115} INFO - [2023-03-28 22:28:32,662] {dag.py:2919} INFO - Setting next_dagrun for example_external_task_marker_parent to None, run_after=None
[2023-03-28 22:28:32,677] {processor.py:161} INFO - Processing /home/airflow/.local/lib/python3.7/site-packages/airflow/example_dags/example_external_task_marker_dag.py took 0.081 seconds
[2023-03-28 22:29:03,647] {processor.py:153} INFO - Started process (PID=2989) to work on /home/airflow/.local/lib/python3.7/site-packages/airflow/example_dags/example_external_task_marker_dag.py
[2023-03-28 22:29:03,647] {processor.py:641} INFO - Processing file /home/airflow/.local/lib/python3.7/site-packages/airflow/example_dags/example_external_task_marker_dag.py for tasks to queue
[2023-03-28 22:29:03,648] {logging_mixin.py:115} INFO - [2023-03-28 22:29:03,648] {dagbag.py:507} INFO - Filling up the DagBag from /home/airflow/.local/lib/python3.7/site-packages/airflow/example_dags/example_external_task_marker_dag.py
[2023-03-28 22:29:03,651] {processor.py:651} INFO - DAG(s) dict_keys(['example_external_task_marker_parent', 'example_external_task_marker_child']) retrieved from /home/airflow/.local/lib/python3.7/site-packages/airflow/example_dags/example_external_task_marker_dag.py
[2023-03-28 22:29:03,692] {logging_mixin.py:115} INFO - [2023-03-28 22:29:03,692] {dag.py:2371} INFO - Sync 2 DAGs
[2023-03-28 22:29:03,716] {logging_mixin.py:115} INFO - [2023-03-28 22:29:03,716] {dag.py:2919} INFO - Setting next_dagrun for example_external_task_marker_child to None, run_after=None
[2023-03-28 22:29:03,717] {logging_mixin.py:115} INFO - [2023-03-28 22:29:03,717] {dag.py:2919} INFO - Setting next_dagrun for example_external_task_marker_parent to None, run_after=None
[2023-03-28 22:29:03,736] {processor.py:161} INFO - Processing /home/airflow/.local/lib/python3.7/site-packages/airflow/example_dags/example_external_task_marker_dag.py took 0.092 seconds
[2023-03-28 22:29:34,297] {processor.py:153} INFO - Started process (PID=3053) to work on /home/airflow/.local/lib/python3.7/site-packages/airflow/example_dags/example_external_task_marker_dag.py
[2023-03-28 22:29:34,298] {processor.py:641} INFO - Processing file /home/airflow/.local/lib/python3.7/site-packages/airflow/example_dags/example_external_task_marker_dag.py for tasks to queue
[2023-03-28 22:29:34,298] {logging_mixin.py:115} INFO - [2023-03-28 22:29:34,298] {dagbag.py:507} INFO - Filling up the DagBag from /home/airflow/.local/lib/python3.7/site-packages/airflow/example_dags/example_external_task_marker_dag.py
[2023-03-28 22:29:34,301] {processor.py:651} INFO - DAG(s) dict_keys(['example_external_task_marker_parent', 'example_external_task_marker_child']) retrieved from /home/airflow/.local/lib/python3.7/site-packages/airflow/example_dags/example_external_task_marker_dag.py
[2023-03-28 22:29:34,336] {logging_mixin.py:115} INFO - [2023-03-28 22:29:34,336] {dag.py:2371} INFO - Sync 2 DAGs
[2023-03-28 22:29:34,356] {logging_mixin.py:115} INFO - [2023-03-28 22:29:34,356] {dag.py:2919} INFO - Setting next_dagrun for example_external_task_marker_child to None, run_after=None
[2023-03-28 22:29:34,356] {logging_mixin.py:115} INFO - [2023-03-28 22:29:34,356] {dag.py:2919} INFO - Setting next_dagrun for example_external_task_marker_parent to None, run_after=None
[2023-03-28 22:29:34,369] {processor.py:161} INFO - Processing /home/airflow/.local/lib/python3.7/site-packages/airflow/example_dags/example_external_task_marker_dag.py took 0.074 seconds
[2023-03-28 22:30:04,874] {processor.py:153} INFO - Started process (PID=3117) to work on /home/airflow/.local/lib/python3.7/site-packages/airflow/example_dags/example_external_task_marker_dag.py
[2023-03-28 22:30:04,875] {processor.py:641} INFO - Processing file /home/airflow/.local/lib/python3.7/site-packages/airflow/example_dags/example_external_task_marker_dag.py for tasks to queue
[2023-03-28 22:30:04,875] {logging_mixin.py:115} INFO - [2023-03-28 22:30:04,875] {dagbag.py:507} INFO - Filling up the DagBag from /home/airflow/.local/lib/python3.7/site-packages/airflow/example_dags/example_external_task_marker_dag.py
[2023-03-28 22:30:04,878] {processor.py:651} INFO - DAG(s) dict_keys(['example_external_task_marker_parent', 'example_external_task_marker_child']) retrieved from /home/airflow/.local/lib/python3.7/site-packages/airflow/example_dags/example_external_task_marker_dag.py
[2023-03-28 22:30:04,914] {logging_mixin.py:115} INFO - [2023-03-28 22:30:04,914] {dag.py:2371} INFO - Sync 2 DAGs
[2023-03-28 22:30:04,936] {logging_mixin.py:115} INFO - [2023-03-28 22:30:04,935] {dag.py:2919} INFO - Setting next_dagrun for example_external_task_marker_child to None, run_after=None
[2023-03-28 22:30:04,936] {logging_mixin.py:115} INFO - [2023-03-28 22:30:04,936] {dag.py:2919} INFO - Setting next_dagrun for example_external_task_marker_parent to None, run_after=None
[2023-03-28 22:30:04,949] {processor.py:161} INFO - Processing /home/airflow/.local/lib/python3.7/site-packages/airflow/example_dags/example_external_task_marker_dag.py took 0.077 seconds
[2023-03-28 22:30:35,214] {processor.py:153} INFO - Started process (PID=3172) to work on /home/airflow/.local/lib/python3.7/site-packages/airflow/example_dags/example_external_task_marker_dag.py
[2023-03-28 22:30:35,215] {processor.py:641} INFO - Processing file /home/airflow/.local/lib/python3.7/site-packages/airflow/example_dags/example_external_task_marker_dag.py for tasks to queue
[2023-03-28 22:30:35,215] {logging_mixin.py:115} INFO - [2023-03-28 22:30:35,215] {dagbag.py:507} INFO - Filling up the DagBag from /home/airflow/.local/lib/python3.7/site-packages/airflow/example_dags/example_external_task_marker_dag.py
[2023-03-28 22:30:35,218] {processor.py:651} INFO - DAG(s) dict_keys(['example_external_task_marker_parent', 'example_external_task_marker_child']) retrieved from /home/airflow/.local/lib/python3.7/site-packages/airflow/example_dags/example_external_task_marker_dag.py
[2023-03-28 22:30:35,255] {logging_mixin.py:115} INFO - [2023-03-28 22:30:35,255] {dag.py:2371} INFO - Sync 2 DAGs
[2023-03-28 22:30:35,274] {logging_mixin.py:115} INFO - [2023-03-28 22:30:35,274] {dag.py:2919} INFO - Setting next_dagrun for example_external_task_marker_child to None, run_after=None
[2023-03-28 22:30:35,274] {logging_mixin.py:115} INFO - [2023-03-28 22:30:35,274] {dag.py:2919} INFO - Setting next_dagrun for example_external_task_marker_parent to None, run_after=None
[2023-03-28 22:30:35,286] {processor.py:161} INFO - Processing /home/airflow/.local/lib/python3.7/site-packages/airflow/example_dags/example_external_task_marker_dag.py took 0.074 seconds
[2023-03-28 22:31:05,443] {processor.py:153} INFO - Started process (PID=3236) to work on /home/airflow/.local/lib/python3.7/site-packages/airflow/example_dags/example_external_task_marker_dag.py
[2023-03-28 22:31:05,445] {processor.py:641} INFO - Processing file /home/airflow/.local/lib/python3.7/site-packages/airflow/example_dags/example_external_task_marker_dag.py for tasks to queue
[2023-03-28 22:31:05,445] {logging_mixin.py:115} INFO - [2023-03-28 22:31:05,445] {dagbag.py:507} INFO - Filling up the DagBag from /home/airflow/.local/lib/python3.7/site-packages/airflow/example_dags/example_external_task_marker_dag.py
[2023-03-28 22:31:05,448] {processor.py:651} INFO - DAG(s) dict_keys(['example_external_task_marker_parent', 'example_external_task_marker_child']) retrieved from /home/airflow/.local/lib/python3.7/site-packages/airflow/example_dags/example_external_task_marker_dag.py
[2023-03-28 22:31:05,482] {logging_mixin.py:115} INFO - [2023-03-28 22:31:05,482] {dag.py:2371} INFO - Sync 2 DAGs
[2023-03-28 22:31:05,503] {logging_mixin.py:115} INFO - [2023-03-28 22:31:05,502] {dag.py:2919} INFO - Setting next_dagrun for example_external_task_marker_child to None, run_after=None
[2023-03-28 22:31:05,503] {logging_mixin.py:115} INFO - [2023-03-28 22:31:05,503] {dag.py:2919} INFO - Setting next_dagrun for example_external_task_marker_parent to None, run_after=None
[2023-03-28 22:31:05,516] {processor.py:161} INFO - Processing /home/airflow/.local/lib/python3.7/site-packages/airflow/example_dags/example_external_task_marker_dag.py took 0.075 seconds
[2023-03-28 22:31:35,824] {processor.py:153} INFO - Started process (PID=3300) to work on /home/airflow/.local/lib/python3.7/site-packages/airflow/example_dags/example_external_task_marker_dag.py
[2023-03-28 22:31:35,825] {processor.py:641} INFO - Processing file /home/airflow/.local/lib/python3.7/site-packages/airflow/example_dags/example_external_task_marker_dag.py for tasks to queue
[2023-03-28 22:31:35,825] {logging_mixin.py:115} INFO - [2023-03-28 22:31:35,825] {dagbag.py:507} INFO - Filling up the DagBag from /home/airflow/.local/lib/python3.7/site-packages/airflow/example_dags/example_external_task_marker_dag.py
[2023-03-28 22:31:35,828] {processor.py:651} INFO - DAG(s) dict_keys(['example_external_task_marker_parent', 'example_external_task_marker_child']) retrieved from /home/airflow/.local/lib/python3.7/site-packages/airflow/example_dags/example_external_task_marker_dag.py
[2023-03-28 22:31:35,862] {logging_mixin.py:115} INFO - [2023-03-28 22:31:35,861] {dag.py:2371} INFO - Sync 2 DAGs
[2023-03-28 22:31:35,879] {logging_mixin.py:115} INFO - [2023-03-28 22:31:35,879] {dag.py:2919} INFO - Setting next_dagrun for example_external_task_marker_child to None, run_after=None
[2023-03-28 22:31:35,879] {logging_mixin.py:115} INFO - [2023-03-28 22:31:35,879] {dag.py:2919} INFO - Setting next_dagrun for example_external_task_marker_parent to None, run_after=None
[2023-03-28 22:31:35,892] {processor.py:161} INFO - Processing /home/airflow/.local/lib/python3.7/site-packages/airflow/example_dags/example_external_task_marker_dag.py took 0.069 seconds
[2023-03-28 22:32:06,215] {processor.py:153} INFO - Started process (PID=3357) to work on /home/airflow/.local/lib/python3.7/site-packages/airflow/example_dags/example_external_task_marker_dag.py
[2023-03-28 22:32:06,216] {processor.py:641} INFO - Processing file /home/airflow/.local/lib/python3.7/site-packages/airflow/example_dags/example_external_task_marker_dag.py for tasks to queue
[2023-03-28 22:32:06,216] {logging_mixin.py:115} INFO - [2023-03-28 22:32:06,216] {dagbag.py:507} INFO - Filling up the DagBag from /home/airflow/.local/lib/python3.7/site-packages/airflow/example_dags/example_external_task_marker_dag.py
[2023-03-28 22:32:06,219] {processor.py:651} INFO - DAG(s) dict_keys(['example_external_task_marker_parent', 'example_external_task_marker_child']) retrieved from /home/airflow/.local/lib/python3.7/site-packages/airflow/example_dags/example_external_task_marker_dag.py
[2023-03-28 22:32:06,252] {logging_mixin.py:115} INFO - [2023-03-28 22:32:06,251] {dag.py:2371} INFO - Sync 2 DAGs
[2023-03-28 22:32:06,269] {logging_mixin.py:115} INFO - [2023-03-28 22:32:06,269] {dag.py:2919} INFO - Setting next_dagrun for example_external_task_marker_child to None, run_after=None
[2023-03-28 22:32:06,269] {logging_mixin.py:115} INFO - [2023-03-28 22:32:06,269] {dag.py:2919} INFO - Setting next_dagrun for example_external_task_marker_parent to None, run_after=None
[2023-03-28 22:32:06,280] {processor.py:161} INFO - Processing /home/airflow/.local/lib/python3.7/site-packages/airflow/example_dags/example_external_task_marker_dag.py took 0.067 seconds
[2023-03-28 22:32:36,662] {processor.py:153} INFO - Started process (PID=3419) to work on /home/airflow/.local/lib/python3.7/site-packages/airflow/example_dags/example_external_task_marker_dag.py
[2023-03-28 22:32:36,663] {processor.py:641} INFO - Processing file /home/airflow/.local/lib/python3.7/site-packages/airflow/example_dags/example_external_task_marker_dag.py for tasks to queue
[2023-03-28 22:32:36,663] {logging_mixin.py:115} INFO - [2023-03-28 22:32:36,663] {dagbag.py:507} INFO - Filling up the DagBag from /home/airflow/.local/lib/python3.7/site-packages/airflow/example_dags/example_external_task_marker_dag.py
[2023-03-28 22:32:36,667] {processor.py:651} INFO - DAG(s) dict_keys(['example_external_task_marker_parent', 'example_external_task_marker_child']) retrieved from /home/airflow/.local/lib/python3.7/site-packages/airflow/example_dags/example_external_task_marker_dag.py
[2023-03-28 22:32:36,706] {logging_mixin.py:115} INFO - [2023-03-28 22:32:36,706] {dag.py:2371} INFO - Sync 2 DAGs
[2023-03-28 22:32:36,724] {logging_mixin.py:115} INFO - [2023-03-28 22:32:36,724] {dag.py:2919} INFO - Setting next_dagrun for example_external_task_marker_child to None, run_after=None
[2023-03-28 22:32:36,725] {logging_mixin.py:115} INFO - [2023-03-28 22:32:36,725] {dag.py:2919} INFO - Setting next_dagrun for example_external_task_marker_parent to None, run_after=None
[2023-03-28 22:32:36,742] {processor.py:161} INFO - Processing /home/airflow/.local/lib/python3.7/site-packages/airflow/example_dags/example_external_task_marker_dag.py took 0.082 seconds
[2023-03-28 22:33:06,943] {processor.py:153} INFO - Started process (PID=3483) to work on /home/airflow/.local/lib/python3.7/site-packages/airflow/example_dags/example_external_task_marker_dag.py
[2023-03-28 22:33:06,944] {processor.py:641} INFO - Processing file /home/airflow/.local/lib/python3.7/site-packages/airflow/example_dags/example_external_task_marker_dag.py for tasks to queue
[2023-03-28 22:33:06,944] {logging_mixin.py:115} INFO - [2023-03-28 22:33:06,944] {dagbag.py:507} INFO - Filling up the DagBag from /home/airflow/.local/lib/python3.7/site-packages/airflow/example_dags/example_external_task_marker_dag.py
[2023-03-28 22:33:06,947] {processor.py:651} INFO - DAG(s) dict_keys(['example_external_task_marker_parent', 'example_external_task_marker_child']) retrieved from /home/airflow/.local/lib/python3.7/site-packages/airflow/example_dags/example_external_task_marker_dag.py
[2023-03-28 22:33:06,988] {logging_mixin.py:115} INFO - [2023-03-28 22:33:06,988] {dag.py:2371} INFO - Sync 2 DAGs
[2023-03-28 22:33:07,010] {logging_mixin.py:115} INFO - [2023-03-28 22:33:07,010] {dag.py:2919} INFO - Setting next_dagrun for example_external_task_marker_child to None, run_after=None
[2023-03-28 22:33:07,010] {logging_mixin.py:115} INFO - [2023-03-28 22:33:07,010] {dag.py:2919} INFO - Setting next_dagrun for example_external_task_marker_parent to None, run_after=None
[2023-03-28 22:33:07,027] {processor.py:161} INFO - Processing /home/airflow/.local/lib/python3.7/site-packages/airflow/example_dags/example_external_task_marker_dag.py took 0.086 seconds
[2023-03-28 22:33:37,171] {processor.py:153} INFO - Started process (PID=3537) to work on /home/airflow/.local/lib/python3.7/site-packages/airflow/example_dags/example_external_task_marker_dag.py
[2023-03-28 22:33:37,171] {processor.py:641} INFO - Processing file /home/airflow/.local/lib/python3.7/site-packages/airflow/example_dags/example_external_task_marker_dag.py for tasks to queue
[2023-03-28 22:33:37,171] {logging_mixin.py:115} INFO - [2023-03-28 22:33:37,171] {dagbag.py:507} INFO - Filling up the DagBag from /home/airflow/.local/lib/python3.7/site-packages/airflow/example_dags/example_external_task_marker_dag.py
[2023-03-28 22:33:37,174] {processor.py:651} INFO - DAG(s) dict_keys(['example_external_task_marker_parent', 'example_external_task_marker_child']) retrieved from /home/airflow/.local/lib/python3.7/site-packages/airflow/example_dags/example_external_task_marker_dag.py
[2023-03-28 22:33:37,209] {logging_mixin.py:115} INFO - [2023-03-28 22:33:37,208] {dag.py:2371} INFO - Sync 2 DAGs
[2023-03-28 22:33:37,227] {logging_mixin.py:115} INFO - [2023-03-28 22:33:37,227] {dag.py:2919} INFO - Setting next_dagrun for example_external_task_marker_child to None, run_after=None
[2023-03-28 22:33:37,227] {logging_mixin.py:115} INFO - [2023-03-28 22:33:37,227] {dag.py:2919} INFO - Setting next_dagrun for example_external_task_marker_parent to None, run_after=None
[2023-03-28 22:33:37,239] {processor.py:161} INFO - Processing /home/airflow/.local/lib/python3.7/site-packages/airflow/example_dags/example_external_task_marker_dag.py took 0.071 seconds
[2023-03-28 22:34:07,633] {processor.py:153} INFO - Started process (PID=3602) to work on /home/airflow/.local/lib/python3.7/site-packages/airflow/example_dags/example_external_task_marker_dag.py
[2023-03-28 22:34:07,634] {processor.py:641} INFO - Processing file /home/airflow/.local/lib/python3.7/site-packages/airflow/example_dags/example_external_task_marker_dag.py for tasks to queue
[2023-03-28 22:34:07,634] {logging_mixin.py:115} INFO - [2023-03-28 22:34:07,634] {dagbag.py:507} INFO - Filling up the DagBag from /home/airflow/.local/lib/python3.7/site-packages/airflow/example_dags/example_external_task_marker_dag.py
[2023-03-28 22:34:07,638] {processor.py:651} INFO - DAG(s) dict_keys(['example_external_task_marker_parent', 'example_external_task_marker_child']) retrieved from /home/airflow/.local/lib/python3.7/site-packages/airflow/example_dags/example_external_task_marker_dag.py
[2023-03-28 22:34:07,675] {logging_mixin.py:115} INFO - [2023-03-28 22:34:07,675] {dag.py:2371} INFO - Sync 2 DAGs
[2023-03-28 22:34:07,695] {logging_mixin.py:115} INFO - [2023-03-28 22:34:07,695] {dag.py:2919} INFO - Setting next_dagrun for example_external_task_marker_child to None, run_after=None
[2023-03-28 22:34:07,696] {logging_mixin.py:115} INFO - [2023-03-28 22:34:07,696] {dag.py:2919} INFO - Setting next_dagrun for example_external_task_marker_parent to None, run_after=None
[2023-03-28 22:34:07,709] {processor.py:161} INFO - Processing /home/airflow/.local/lib/python3.7/site-packages/airflow/example_dags/example_external_task_marker_dag.py took 0.078 seconds
[2023-03-28 22:34:37,999] {processor.py:153} INFO - Started process (PID=3666) to work on /home/airflow/.local/lib/python3.7/site-packages/airflow/example_dags/example_external_task_marker_dag.py
[2023-03-28 22:34:38,000] {processor.py:641} INFO - Processing file /home/airflow/.local/lib/python3.7/site-packages/airflow/example_dags/example_external_task_marker_dag.py for tasks to queue
[2023-03-28 22:34:38,000] {logging_mixin.py:115} INFO - [2023-03-28 22:34:38,000] {dagbag.py:507} INFO - Filling up the DagBag from /home/airflow/.local/lib/python3.7/site-packages/airflow/example_dags/example_external_task_marker_dag.py
[2023-03-28 22:34:38,002] {processor.py:651} INFO - DAG(s) dict_keys(['example_external_task_marker_parent', 'example_external_task_marker_child']) retrieved from /home/airflow/.local/lib/python3.7/site-packages/airflow/example_dags/example_external_task_marker_dag.py
[2023-03-28 22:34:38,036] {logging_mixin.py:115} INFO - [2023-03-28 22:34:38,035] {dag.py:2371} INFO - Sync 2 DAGs
[2023-03-28 22:34:38,055] {logging_mixin.py:115} INFO - [2023-03-28 22:34:38,055] {dag.py:2919} INFO - Setting next_dagrun for example_external_task_marker_child to None, run_after=None
[2023-03-28 22:34:38,056] {logging_mixin.py:115} INFO - [2023-03-28 22:34:38,055] {dag.py:2919} INFO - Setting next_dagrun for example_external_task_marker_parent to None, run_after=None
[2023-03-28 22:34:38,068] {processor.py:161} INFO - Processing /home/airflow/.local/lib/python3.7/site-packages/airflow/example_dags/example_external_task_marker_dag.py took 0.070 seconds
[2023-03-28 22:35:08,707] {processor.py:153} INFO - Started process (PID=3721) to work on /home/airflow/.local/lib/python3.7/site-packages/airflow/example_dags/example_external_task_marker_dag.py
[2023-03-28 22:35:08,708] {processor.py:641} INFO - Processing file /home/airflow/.local/lib/python3.7/site-packages/airflow/example_dags/example_external_task_marker_dag.py for tasks to queue
[2023-03-28 22:35:08,708] {logging_mixin.py:115} INFO - [2023-03-28 22:35:08,708] {dagbag.py:507} INFO - Filling up the DagBag from /home/airflow/.local/lib/python3.7/site-packages/airflow/example_dags/example_external_task_marker_dag.py
[2023-03-28 22:35:08,712] {processor.py:651} INFO - DAG(s) dict_keys(['example_external_task_marker_parent', 'example_external_task_marker_child']) retrieved from /home/airflow/.local/lib/python3.7/site-packages/airflow/example_dags/example_external_task_marker_dag.py
[2023-03-28 22:35:08,746] {logging_mixin.py:115} INFO - [2023-03-28 22:35:08,745] {dag.py:2371} INFO - Sync 2 DAGs
[2023-03-28 22:35:08,767] {logging_mixin.py:115} INFO - [2023-03-28 22:35:08,766] {dag.py:2919} INFO - Setting next_dagrun for example_external_task_marker_child to None, run_after=None
[2023-03-28 22:35:08,767] {logging_mixin.py:115} INFO - [2023-03-28 22:35:08,767] {dag.py:2919} INFO - Setting next_dagrun for example_external_task_marker_parent to None, run_after=None
[2023-03-28 22:35:08,780] {processor.py:161} INFO - Processing /home/airflow/.local/lib/python3.7/site-packages/airflow/example_dags/example_external_task_marker_dag.py took 0.075 seconds
[2023-03-28 22:35:39,580] {processor.py:153} INFO - Started process (PID=3786) to work on /home/airflow/.local/lib/python3.7/site-packages/airflow/example_dags/example_external_task_marker_dag.py
[2023-03-28 22:35:39,580] {processor.py:641} INFO - Processing file /home/airflow/.local/lib/python3.7/site-packages/airflow/example_dags/example_external_task_marker_dag.py for tasks to queue
[2023-03-28 22:35:39,580] {logging_mixin.py:115} INFO - [2023-03-28 22:35:39,580] {dagbag.py:507} INFO - Filling up the DagBag from /home/airflow/.local/lib/python3.7/site-packages/airflow/example_dags/example_external_task_marker_dag.py
[2023-03-28 22:35:39,583] {processor.py:651} INFO - DAG(s) dict_keys(['example_external_task_marker_parent', 'example_external_task_marker_child']) retrieved from /home/airflow/.local/lib/python3.7/site-packages/airflow/example_dags/example_external_task_marker_dag.py
[2023-03-28 22:35:39,617] {logging_mixin.py:115} INFO - [2023-03-28 22:35:39,617] {dag.py:2371} INFO - Sync 2 DAGs
[2023-03-28 22:35:39,639] {logging_mixin.py:115} INFO - [2023-03-28 22:35:39,639] {dag.py:2919} INFO - Setting next_dagrun for example_external_task_marker_child to None, run_after=None
[2023-03-28 22:35:39,639] {logging_mixin.py:115} INFO - [2023-03-28 22:35:39,639] {dag.py:2919} INFO - Setting next_dagrun for example_external_task_marker_parent to None, run_after=None
[2023-03-28 22:35:39,655] {processor.py:161} INFO - Processing /home/airflow/.local/lib/python3.7/site-packages/airflow/example_dags/example_external_task_marker_dag.py took 0.077 seconds
[2023-03-28 22:36:10,042] {processor.py:153} INFO - Started process (PID=3850) to work on /home/airflow/.local/lib/python3.7/site-packages/airflow/example_dags/example_external_task_marker_dag.py
[2023-03-28 22:36:10,043] {processor.py:641} INFO - Processing file /home/airflow/.local/lib/python3.7/site-packages/airflow/example_dags/example_external_task_marker_dag.py for tasks to queue
[2023-03-28 22:36:10,043] {logging_mixin.py:115} INFO - [2023-03-28 22:36:10,043] {dagbag.py:507} INFO - Filling up the DagBag from /home/airflow/.local/lib/python3.7/site-packages/airflow/example_dags/example_external_task_marker_dag.py
[2023-03-28 22:36:10,047] {processor.py:651} INFO - DAG(s) dict_keys(['example_external_task_marker_parent', 'example_external_task_marker_child']) retrieved from /home/airflow/.local/lib/python3.7/site-packages/airflow/example_dags/example_external_task_marker_dag.py
[2023-03-28 22:36:10,081] {logging_mixin.py:115} INFO - [2023-03-28 22:36:10,081] {dag.py:2371} INFO - Sync 2 DAGs
[2023-03-28 22:36:10,101] {logging_mixin.py:115} INFO - [2023-03-28 22:36:10,101] {dag.py:2919} INFO - Setting next_dagrun for example_external_task_marker_child to None, run_after=None
[2023-03-28 22:36:10,101] {logging_mixin.py:115} INFO - [2023-03-28 22:36:10,101] {dag.py:2919} INFO - Setting next_dagrun for example_external_task_marker_parent to None, run_after=None
[2023-03-28 22:36:10,114] {processor.py:161} INFO - Processing /home/airflow/.local/lib/python3.7/site-packages/airflow/example_dags/example_external_task_marker_dag.py took 0.074 seconds
[2023-03-28 22:36:41,123] {processor.py:153} INFO - Started process (PID=3916) to work on /home/airflow/.local/lib/python3.7/site-packages/airflow/example_dags/example_external_task_marker_dag.py
[2023-03-28 22:36:41,124] {processor.py:641} INFO - Processing file /home/airflow/.local/lib/python3.7/site-packages/airflow/example_dags/example_external_task_marker_dag.py for tasks to queue
[2023-03-28 22:36:41,124] {logging_mixin.py:115} INFO - [2023-03-28 22:36:41,124] {dagbag.py:507} INFO - Filling up the DagBag from /home/airflow/.local/lib/python3.7/site-packages/airflow/example_dags/example_external_task_marker_dag.py
[2023-03-28 22:36:41,127] {processor.py:651} INFO - DAG(s) dict_keys(['example_external_task_marker_parent', 'example_external_task_marker_child']) retrieved from /home/airflow/.local/lib/python3.7/site-packages/airflow/example_dags/example_external_task_marker_dag.py
[2023-03-28 22:36:41,169] {logging_mixin.py:115} INFO - [2023-03-28 22:36:41,168] {dag.py:2371} INFO - Sync 2 DAGs
[2023-03-28 22:36:41,190] {logging_mixin.py:115} INFO - [2023-03-28 22:36:41,190] {dag.py:2919} INFO - Setting next_dagrun for example_external_task_marker_child to None, run_after=None
[2023-03-28 22:36:41,191] {logging_mixin.py:115} INFO - [2023-03-28 22:36:41,191] {dag.py:2919} INFO - Setting next_dagrun for example_external_task_marker_parent to None, run_after=None
[2023-03-28 22:36:41,205] {processor.py:161} INFO - Processing /home/airflow/.local/lib/python3.7/site-packages/airflow/example_dags/example_external_task_marker_dag.py took 0.084 seconds
[2023-03-28 22:37:11,725] {processor.py:153} INFO - Started process (PID=3972) to work on /home/airflow/.local/lib/python3.7/site-packages/airflow/example_dags/example_external_task_marker_dag.py
[2023-03-28 22:37:11,726] {processor.py:641} INFO - Processing file /home/airflow/.local/lib/python3.7/site-packages/airflow/example_dags/example_external_task_marker_dag.py for tasks to queue
[2023-03-28 22:37:11,726] {logging_mixin.py:115} INFO - [2023-03-28 22:37:11,726] {dagbag.py:507} INFO - Filling up the DagBag from /home/airflow/.local/lib/python3.7/site-packages/airflow/example_dags/example_external_task_marker_dag.py
[2023-03-28 22:37:11,729] {processor.py:651} INFO - DAG(s) dict_keys(['example_external_task_marker_parent', 'example_external_task_marker_child']) retrieved from /home/airflow/.local/lib/python3.7/site-packages/airflow/example_dags/example_external_task_marker_dag.py
[2023-03-28 22:37:11,769] {logging_mixin.py:115} INFO - [2023-03-28 22:37:11,769] {dag.py:2371} INFO - Sync 2 DAGs
[2023-03-28 22:37:11,789] {logging_mixin.py:115} INFO - [2023-03-28 22:37:11,789] {dag.py:2919} INFO - Setting next_dagrun for example_external_task_marker_child to None, run_after=None
[2023-03-28 22:37:11,789] {logging_mixin.py:115} INFO - [2023-03-28 22:37:11,789] {dag.py:2919} INFO - Setting next_dagrun for example_external_task_marker_parent to None, run_after=None
[2023-03-28 22:37:11,804] {processor.py:161} INFO - Processing /home/airflow/.local/lib/python3.7/site-packages/airflow/example_dags/example_external_task_marker_dag.py took 0.083 seconds
[2023-03-28 22:37:42,535] {processor.py:153} INFO - Started process (PID=4036) to work on /home/airflow/.local/lib/python3.7/site-packages/airflow/example_dags/example_external_task_marker_dag.py
[2023-03-28 22:37:42,536] {processor.py:641} INFO - Processing file /home/airflow/.local/lib/python3.7/site-packages/airflow/example_dags/example_external_task_marker_dag.py for tasks to queue
[2023-03-28 22:37:42,537] {logging_mixin.py:115} INFO - [2023-03-28 22:37:42,537] {dagbag.py:507} INFO - Filling up the DagBag from /home/airflow/.local/lib/python3.7/site-packages/airflow/example_dags/example_external_task_marker_dag.py
[2023-03-28 22:37:42,541] {processor.py:651} INFO - DAG(s) dict_keys(['example_external_task_marker_parent', 'example_external_task_marker_child']) retrieved from /home/airflow/.local/lib/python3.7/site-packages/airflow/example_dags/example_external_task_marker_dag.py
[2023-03-28 22:37:42,577] {logging_mixin.py:115} INFO - [2023-03-28 22:37:42,577] {dag.py:2371} INFO - Sync 2 DAGs
[2023-03-28 22:37:42,597] {logging_mixin.py:115} INFO - [2023-03-28 22:37:42,597] {dag.py:2919} INFO - Setting next_dagrun for example_external_task_marker_child to None, run_after=None
[2023-03-28 22:37:42,598] {logging_mixin.py:115} INFO - [2023-03-28 22:37:42,598] {dag.py:2919} INFO - Setting next_dagrun for example_external_task_marker_parent to None, run_after=None
[2023-03-28 22:37:42,611] {processor.py:161} INFO - Processing /home/airflow/.local/lib/python3.7/site-packages/airflow/example_dags/example_external_task_marker_dag.py took 0.079 seconds
[2023-03-28 22:38:13,427] {processor.py:153} INFO - Started process (PID=4100) to work on /home/airflow/.local/lib/python3.7/site-packages/airflow/example_dags/example_external_task_marker_dag.py
[2023-03-28 22:38:13,427] {processor.py:641} INFO - Processing file /home/airflow/.local/lib/python3.7/site-packages/airflow/example_dags/example_external_task_marker_dag.py for tasks to queue
[2023-03-28 22:38:13,428] {logging_mixin.py:115} INFO - [2023-03-28 22:38:13,428] {dagbag.py:507} INFO - Filling up the DagBag from /home/airflow/.local/lib/python3.7/site-packages/airflow/example_dags/example_external_task_marker_dag.py
[2023-03-28 22:38:13,431] {processor.py:651} INFO - DAG(s) dict_keys(['example_external_task_marker_parent', 'example_external_task_marker_child']) retrieved from /home/airflow/.local/lib/python3.7/site-packages/airflow/example_dags/example_external_task_marker_dag.py
[2023-03-28 22:38:13,473] {logging_mixin.py:115} INFO - [2023-03-28 22:38:13,473] {dag.py:2371} INFO - Sync 2 DAGs
[2023-03-28 22:38:13,496] {logging_mixin.py:115} INFO - [2023-03-28 22:38:13,496] {dag.py:2919} INFO - Setting next_dagrun for example_external_task_marker_child to None, run_after=None
[2023-03-28 22:38:13,496] {logging_mixin.py:115} INFO - [2023-03-28 22:38:13,496] {dag.py:2919} INFO - Setting next_dagrun for example_external_task_marker_parent to None, run_after=None
[2023-03-28 22:38:13,512] {processor.py:161} INFO - Processing /home/airflow/.local/lib/python3.7/site-packages/airflow/example_dags/example_external_task_marker_dag.py took 0.087 seconds
[2023-03-28 22:38:44,088] {processor.py:153} INFO - Started process (PID=4155) to work on /home/airflow/.local/lib/python3.7/site-packages/airflow/example_dags/example_external_task_marker_dag.py
[2023-03-28 22:38:44,089] {processor.py:641} INFO - Processing file /home/airflow/.local/lib/python3.7/site-packages/airflow/example_dags/example_external_task_marker_dag.py for tasks to queue
[2023-03-28 22:38:44,090] {logging_mixin.py:115} INFO - [2023-03-28 22:38:44,089] {dagbag.py:507} INFO - Filling up the DagBag from /home/airflow/.local/lib/python3.7/site-packages/airflow/example_dags/example_external_task_marker_dag.py
[2023-03-28 22:38:44,093] {processor.py:651} INFO - DAG(s) dict_keys(['example_external_task_marker_parent', 'example_external_task_marker_child']) retrieved from /home/airflow/.local/lib/python3.7/site-packages/airflow/example_dags/example_external_task_marker_dag.py
[2023-03-28 22:38:44,134] {logging_mixin.py:115} INFO - [2023-03-28 22:38:44,134] {dag.py:2371} INFO - Sync 2 DAGs
[2023-03-28 22:38:44,156] {logging_mixin.py:115} INFO - [2023-03-28 22:38:44,156] {dag.py:2919} INFO - Setting next_dagrun for example_external_task_marker_child to None, run_after=None
[2023-03-28 22:38:44,156] {logging_mixin.py:115} INFO - [2023-03-28 22:38:44,156] {dag.py:2919} INFO - Setting next_dagrun for example_external_task_marker_parent to None, run_after=None
[2023-03-28 22:38:44,172] {processor.py:161} INFO - Processing /home/airflow/.local/lib/python3.7/site-packages/airflow/example_dags/example_external_task_marker_dag.py took 0.086 seconds
[2023-03-28 22:39:14,799] {processor.py:153} INFO - Started process (PID=4219) to work on /home/airflow/.local/lib/python3.7/site-packages/airflow/example_dags/example_external_task_marker_dag.py
[2023-03-28 22:39:14,800] {processor.py:641} INFO - Processing file /home/airflow/.local/lib/python3.7/site-packages/airflow/example_dags/example_external_task_marker_dag.py for tasks to queue
[2023-03-28 22:39:14,801] {logging_mixin.py:115} INFO - [2023-03-28 22:39:14,800] {dagbag.py:507} INFO - Filling up the DagBag from /home/airflow/.local/lib/python3.7/site-packages/airflow/example_dags/example_external_task_marker_dag.py
[2023-03-28 22:39:14,805] {processor.py:651} INFO - DAG(s) dict_keys(['example_external_task_marker_parent', 'example_external_task_marker_child']) retrieved from /home/airflow/.local/lib/python3.7/site-packages/airflow/example_dags/example_external_task_marker_dag.py
[2023-03-28 22:39:14,849] {logging_mixin.py:115} INFO - [2023-03-28 22:39:14,849] {dag.py:2371} INFO - Sync 2 DAGs
[2023-03-28 22:39:14,873] {logging_mixin.py:115} INFO - [2023-03-28 22:39:14,873] {dag.py:2919} INFO - Setting next_dagrun for example_external_task_marker_child to None, run_after=None
[2023-03-28 22:39:14,873] {logging_mixin.py:115} INFO - [2023-03-28 22:39:14,873] {dag.py:2919} INFO - Setting next_dagrun for example_external_task_marker_parent to None, run_after=None
[2023-03-28 22:39:14,889] {processor.py:161} INFO - Processing /home/airflow/.local/lib/python3.7/site-packages/airflow/example_dags/example_external_task_marker_dag.py took 0.093 seconds
[2023-03-28 22:39:45,505] {processor.py:153} INFO - Started process (PID=4284) to work on /home/airflow/.local/lib/python3.7/site-packages/airflow/example_dags/example_external_task_marker_dag.py
[2023-03-28 22:39:45,506] {processor.py:641} INFO - Processing file /home/airflow/.local/lib/python3.7/site-packages/airflow/example_dags/example_external_task_marker_dag.py for tasks to queue
[2023-03-28 22:39:45,506] {logging_mixin.py:115} INFO - [2023-03-28 22:39:45,506] {dagbag.py:507} INFO - Filling up the DagBag from /home/airflow/.local/lib/python3.7/site-packages/airflow/example_dags/example_external_task_marker_dag.py
[2023-03-28 22:39:45,509] {processor.py:651} INFO - DAG(s) dict_keys(['example_external_task_marker_parent', 'example_external_task_marker_child']) retrieved from /home/airflow/.local/lib/python3.7/site-packages/airflow/example_dags/example_external_task_marker_dag.py
[2023-03-28 22:39:45,546] {logging_mixin.py:115} INFO - [2023-03-28 22:39:45,546] {dag.py:2371} INFO - Sync 2 DAGs
[2023-03-28 22:39:45,567] {logging_mixin.py:115} INFO - [2023-03-28 22:39:45,567] {dag.py:2919} INFO - Setting next_dagrun for example_external_task_marker_child to None, run_after=None
[2023-03-28 22:39:45,567] {logging_mixin.py:115} INFO - [2023-03-28 22:39:45,567] {dag.py:2919} INFO - Setting next_dagrun for example_external_task_marker_parent to None, run_after=None
[2023-03-28 22:39:45,580] {processor.py:161} INFO - Processing /home/airflow/.local/lib/python3.7/site-packages/airflow/example_dags/example_external_task_marker_dag.py took 0.076 seconds
[2023-03-28 22:40:16,837] {processor.py:153} INFO - Started process (PID=4349) to work on /home/airflow/.local/lib/python3.7/site-packages/airflow/example_dags/example_external_task_marker_dag.py
[2023-03-28 22:40:16,837] {processor.py:641} INFO - Processing file /home/airflow/.local/lib/python3.7/site-packages/airflow/example_dags/example_external_task_marker_dag.py for tasks to queue
[2023-03-28 22:40:16,837] {logging_mixin.py:115} INFO - [2023-03-28 22:40:16,837] {dagbag.py:507} INFO - Filling up the DagBag from /home/airflow/.local/lib/python3.7/site-packages/airflow/example_dags/example_external_task_marker_dag.py
[2023-03-28 22:40:16,841] {processor.py:651} INFO - DAG(s) dict_keys(['example_external_task_marker_parent', 'example_external_task_marker_child']) retrieved from /home/airflow/.local/lib/python3.7/site-packages/airflow/example_dags/example_external_task_marker_dag.py
[2023-03-28 22:40:16,878] {logging_mixin.py:115} INFO - [2023-03-28 22:40:16,878] {dag.py:2371} INFO - Sync 2 DAGs
[2023-03-28 22:40:16,899] {logging_mixin.py:115} INFO - [2023-03-28 22:40:16,899] {dag.py:2919} INFO - Setting next_dagrun for example_external_task_marker_child to None, run_after=None
[2023-03-28 22:40:16,899] {logging_mixin.py:115} INFO - [2023-03-28 22:40:16,899] {dag.py:2919} INFO - Setting next_dagrun for example_external_task_marker_parent to None, run_after=None
[2023-03-28 22:40:17,024] {processor.py:161} INFO - Processing /home/airflow/.local/lib/python3.7/site-packages/airflow/example_dags/example_external_task_marker_dag.py took 0.190 seconds
[2023-03-28 22:41:28,790] {processor.py:153} INFO - Started process (PID=78) to work on /home/airflow/.local/lib/python3.7/site-packages/airflow/example_dags/example_external_task_marker_dag.py
[2023-03-28 22:41:28,791] {processor.py:641} INFO - Processing file /home/airflow/.local/lib/python3.7/site-packages/airflow/example_dags/example_external_task_marker_dag.py for tasks to queue
[2023-03-28 22:41:28,792] {logging_mixin.py:115} INFO - [2023-03-28 22:41:28,792] {dagbag.py:507} INFO - Filling up the DagBag from /home/airflow/.local/lib/python3.7/site-packages/airflow/example_dags/example_external_task_marker_dag.py
[2023-03-28 22:41:28,795] {processor.py:651} INFO - DAG(s) dict_keys(['example_external_task_marker_parent', 'example_external_task_marker_child']) retrieved from /home/airflow/.local/lib/python3.7/site-packages/airflow/example_dags/example_external_task_marker_dag.py
[2023-03-28 22:41:28,833] {logging_mixin.py:115} INFO - [2023-03-28 22:41:28,833] {dag.py:2371} INFO - Sync 2 DAGs
[2023-03-28 22:41:28,854] {logging_mixin.py:115} INFO - [2023-03-28 22:41:28,854] {dag.py:2919} INFO - Setting next_dagrun for example_external_task_marker_child to None, run_after=None
[2023-03-28 22:41:28,854] {logging_mixin.py:115} INFO - [2023-03-28 22:41:28,854] {dag.py:2919} INFO - Setting next_dagrun for example_external_task_marker_parent to None, run_after=None
[2023-03-28 22:41:28,869] {processor.py:161} INFO - Processing /home/airflow/.local/lib/python3.7/site-packages/airflow/example_dags/example_external_task_marker_dag.py took 0.081 seconds
[2023-03-28 22:41:59,268] {processor.py:153} INFO - Started process (PID=143) to work on /home/airflow/.local/lib/python3.7/site-packages/airflow/example_dags/example_external_task_marker_dag.py
[2023-03-28 22:41:59,269] {processor.py:641} INFO - Processing file /home/airflow/.local/lib/python3.7/site-packages/airflow/example_dags/example_external_task_marker_dag.py for tasks to queue
[2023-03-28 22:41:59,269] {logging_mixin.py:115} INFO - [2023-03-28 22:41:59,269] {dagbag.py:507} INFO - Filling up the DagBag from /home/airflow/.local/lib/python3.7/site-packages/airflow/example_dags/example_external_task_marker_dag.py
[2023-03-28 22:41:59,272] {processor.py:651} INFO - DAG(s) dict_keys(['example_external_task_marker_parent', 'example_external_task_marker_child']) retrieved from /home/airflow/.local/lib/python3.7/site-packages/airflow/example_dags/example_external_task_marker_dag.py
[2023-03-28 22:41:59,307] {logging_mixin.py:115} INFO - [2023-03-28 22:41:59,307] {dag.py:2371} INFO - Sync 2 DAGs
[2023-03-28 22:41:59,328] {logging_mixin.py:115} INFO - [2023-03-28 22:41:59,327] {dag.py:2919} INFO - Setting next_dagrun for example_external_task_marker_child to None, run_after=None
[2023-03-28 22:41:59,328] {logging_mixin.py:115} INFO - [2023-03-28 22:41:59,328] {dag.py:2919} INFO - Setting next_dagrun for example_external_task_marker_parent to None, run_after=None
[2023-03-28 22:41:59,339] {processor.py:161} INFO - Processing /home/airflow/.local/lib/python3.7/site-packages/airflow/example_dags/example_external_task_marker_dag.py took 0.073 seconds
[2023-03-28 22:42:29,655] {processor.py:153} INFO - Started process (PID=208) to work on /home/airflow/.local/lib/python3.7/site-packages/airflow/example_dags/example_external_task_marker_dag.py
[2023-03-28 22:42:29,656] {processor.py:641} INFO - Processing file /home/airflow/.local/lib/python3.7/site-packages/airflow/example_dags/example_external_task_marker_dag.py for tasks to queue
[2023-03-28 22:42:29,656] {logging_mixin.py:115} INFO - [2023-03-28 22:42:29,656] {dagbag.py:507} INFO - Filling up the DagBag from /home/airflow/.local/lib/python3.7/site-packages/airflow/example_dags/example_external_task_marker_dag.py
[2023-03-28 22:42:29,659] {processor.py:651} INFO - DAG(s) dict_keys(['example_external_task_marker_parent', 'example_external_task_marker_child']) retrieved from /home/airflow/.local/lib/python3.7/site-packages/airflow/example_dags/example_external_task_marker_dag.py
[2023-03-28 22:42:29,702] {logging_mixin.py:115} INFO - [2023-03-28 22:42:29,701] {dag.py:2371} INFO - Sync 2 DAGs
[2023-03-28 22:42:29,724] {logging_mixin.py:115} INFO - [2023-03-28 22:42:29,724] {dag.py:2919} INFO - Setting next_dagrun for example_external_task_marker_child to None, run_after=None
[2023-03-28 22:42:29,724] {logging_mixin.py:115} INFO - [2023-03-28 22:42:29,724] {dag.py:2919} INFO - Setting next_dagrun for example_external_task_marker_parent to None, run_after=None
[2023-03-28 22:42:29,739] {processor.py:161} INFO - Processing /home/airflow/.local/lib/python3.7/site-packages/airflow/example_dags/example_external_task_marker_dag.py took 0.087 seconds
[2023-03-28 22:43:00,090] {processor.py:153} INFO - Started process (PID=263) to work on /home/airflow/.local/lib/python3.7/site-packages/airflow/example_dags/example_external_task_marker_dag.py
[2023-03-28 22:43:00,091] {processor.py:641} INFO - Processing file /home/airflow/.local/lib/python3.7/site-packages/airflow/example_dags/example_external_task_marker_dag.py for tasks to queue
[2023-03-28 22:43:00,091] {logging_mixin.py:115} INFO - [2023-03-28 22:43:00,091] {dagbag.py:507} INFO - Filling up the DagBag from /home/airflow/.local/lib/python3.7/site-packages/airflow/example_dags/example_external_task_marker_dag.py
[2023-03-28 22:43:00,095] {processor.py:651} INFO - DAG(s) dict_keys(['example_external_task_marker_parent', 'example_external_task_marker_child']) retrieved from /home/airflow/.local/lib/python3.7/site-packages/airflow/example_dags/example_external_task_marker_dag.py
[2023-03-28 22:43:00,130] {logging_mixin.py:115} INFO - [2023-03-28 22:43:00,130] {dag.py:2371} INFO - Sync 2 DAGs
[2023-03-28 22:43:00,149] {logging_mixin.py:115} INFO - [2023-03-28 22:43:00,148] {dag.py:2919} INFO - Setting next_dagrun for example_external_task_marker_child to None, run_after=None
[2023-03-28 22:43:00,149] {logging_mixin.py:115} INFO - [2023-03-28 22:43:00,149] {dag.py:2919} INFO - Setting next_dagrun for example_external_task_marker_parent to None, run_after=None
[2023-03-28 22:43:00,161] {processor.py:161} INFO - Processing /home/airflow/.local/lib/python3.7/site-packages/airflow/example_dags/example_external_task_marker_dag.py took 0.073 seconds
[2023-03-28 22:43:30,904] {processor.py:153} INFO - Started process (PID=327) to work on /home/airflow/.local/lib/python3.7/site-packages/airflow/example_dags/example_external_task_marker_dag.py
[2023-03-28 22:43:30,905] {processor.py:641} INFO - Processing file /home/airflow/.local/lib/python3.7/site-packages/airflow/example_dags/example_external_task_marker_dag.py for tasks to queue
[2023-03-28 22:43:30,905] {logging_mixin.py:115} INFO - [2023-03-28 22:43:30,905] {dagbag.py:507} INFO - Filling up the DagBag from /home/airflow/.local/lib/python3.7/site-packages/airflow/example_dags/example_external_task_marker_dag.py
[2023-03-28 22:43:30,909] {processor.py:651} INFO - DAG(s) dict_keys(['example_external_task_marker_parent', 'example_external_task_marker_child']) retrieved from /home/airflow/.local/lib/python3.7/site-packages/airflow/example_dags/example_external_task_marker_dag.py
[2023-03-28 22:43:30,952] {logging_mixin.py:115} INFO - [2023-03-28 22:43:30,952] {dag.py:2371} INFO - Sync 2 DAGs
[2023-03-28 22:43:30,976] {logging_mixin.py:115} INFO - [2023-03-28 22:43:30,976] {dag.py:2919} INFO - Setting next_dagrun for example_external_task_marker_child to None, run_after=None
[2023-03-28 22:43:30,977] {logging_mixin.py:115} INFO - [2023-03-28 22:43:30,977] {dag.py:2919} INFO - Setting next_dagrun for example_external_task_marker_parent to None, run_after=None
[2023-03-28 22:43:30,994] {processor.py:161} INFO - Processing /home/airflow/.local/lib/python3.7/site-packages/airflow/example_dags/example_external_task_marker_dag.py took 0.092 seconds
[2023-03-28 22:44:01,455] {processor.py:153} INFO - Started process (PID=391) to work on /home/airflow/.local/lib/python3.7/site-packages/airflow/example_dags/example_external_task_marker_dag.py
[2023-03-28 22:44:01,456] {processor.py:641} INFO - Processing file /home/airflow/.local/lib/python3.7/site-packages/airflow/example_dags/example_external_task_marker_dag.py for tasks to queue
[2023-03-28 22:44:01,456] {logging_mixin.py:115} INFO - [2023-03-28 22:44:01,456] {dagbag.py:507} INFO - Filling up the DagBag from /home/airflow/.local/lib/python3.7/site-packages/airflow/example_dags/example_external_task_marker_dag.py
[2023-03-28 22:44:01,460] {processor.py:651} INFO - DAG(s) dict_keys(['example_external_task_marker_parent', 'example_external_task_marker_child']) retrieved from /home/airflow/.local/lib/python3.7/site-packages/airflow/example_dags/example_external_task_marker_dag.py
[2023-03-28 22:44:01,509] {logging_mixin.py:115} INFO - [2023-03-28 22:44:01,509] {dag.py:2371} INFO - Sync 2 DAGs
[2023-03-28 22:44:01,537] {logging_mixin.py:115} INFO - [2023-03-28 22:44:01,537] {dag.py:2919} INFO - Setting next_dagrun for example_external_task_marker_child to None, run_after=None
[2023-03-28 22:44:01,537] {logging_mixin.py:115} INFO - [2023-03-28 22:44:01,537] {dag.py:2919} INFO - Setting next_dagrun for example_external_task_marker_parent to None, run_after=None
[2023-03-28 22:44:01,553] {processor.py:161} INFO - Processing /home/airflow/.local/lib/python3.7/site-packages/airflow/example_dags/example_external_task_marker_dag.py took 0.100 seconds
[2023-03-28 22:44:32,457] {processor.py:153} INFO - Started process (PID=446) to work on /home/airflow/.local/lib/python3.7/site-packages/airflow/example_dags/example_external_task_marker_dag.py
[2023-03-28 22:44:32,458] {processor.py:641} INFO - Processing file /home/airflow/.local/lib/python3.7/site-packages/airflow/example_dags/example_external_task_marker_dag.py for tasks to queue
[2023-03-28 22:44:32,458] {logging_mixin.py:115} INFO - [2023-03-28 22:44:32,458] {dagbag.py:507} INFO - Filling up the DagBag from /home/airflow/.local/lib/python3.7/site-packages/airflow/example_dags/example_external_task_marker_dag.py
[2023-03-28 22:44:32,461] {processor.py:651} INFO - DAG(s) dict_keys(['example_external_task_marker_parent', 'example_external_task_marker_child']) retrieved from /home/airflow/.local/lib/python3.7/site-packages/airflow/example_dags/example_external_task_marker_dag.py
[2023-03-28 22:44:32,495] {logging_mixin.py:115} INFO - [2023-03-28 22:44:32,495] {dag.py:2371} INFO - Sync 2 DAGs
[2023-03-28 22:44:32,514] {logging_mixin.py:115} INFO - [2023-03-28 22:44:32,514] {dag.py:2919} INFO - Setting next_dagrun for example_external_task_marker_child to None, run_after=None
[2023-03-28 22:44:32,514] {logging_mixin.py:115} INFO - [2023-03-28 22:44:32,514] {dag.py:2919} INFO - Setting next_dagrun for example_external_task_marker_parent to None, run_after=None
[2023-03-28 22:44:32,526] {processor.py:161} INFO - Processing /home/airflow/.local/lib/python3.7/site-packages/airflow/example_dags/example_external_task_marker_dag.py took 0.071 seconds
[2023-03-28 22:45:03,439] {processor.py:153} INFO - Started process (PID=510) to work on /home/airflow/.local/lib/python3.7/site-packages/airflow/example_dags/example_external_task_marker_dag.py
[2023-03-28 22:45:03,439] {processor.py:641} INFO - Processing file /home/airflow/.local/lib/python3.7/site-packages/airflow/example_dags/example_external_task_marker_dag.py for tasks to queue
[2023-03-28 22:45:03,440] {logging_mixin.py:115} INFO - [2023-03-28 22:45:03,440] {dagbag.py:507} INFO - Filling up the DagBag from /home/airflow/.local/lib/python3.7/site-packages/airflow/example_dags/example_external_task_marker_dag.py
[2023-03-28 22:45:03,442] {processor.py:651} INFO - DAG(s) dict_keys(['example_external_task_marker_parent', 'example_external_task_marker_child']) retrieved from /home/airflow/.local/lib/python3.7/site-packages/airflow/example_dags/example_external_task_marker_dag.py
[2023-03-28 22:45:03,480] {logging_mixin.py:115} INFO - [2023-03-28 22:45:03,480] {dag.py:2371} INFO - Sync 2 DAGs
[2023-03-28 22:45:03,500] {logging_mixin.py:115} INFO - [2023-03-28 22:45:03,500] {dag.py:2919} INFO - Setting next_dagrun for example_external_task_marker_child to None, run_after=None
[2023-03-28 22:45:03,500] {logging_mixin.py:115} INFO - [2023-03-28 22:45:03,500] {dag.py:2919} INFO - Setting next_dagrun for example_external_task_marker_parent to None, run_after=None
[2023-03-28 22:45:03,514] {processor.py:161} INFO - Processing /home/airflow/.local/lib/python3.7/site-packages/airflow/example_dags/example_external_task_marker_dag.py took 0.077 seconds
[2023-03-28 22:45:33,706] {processor.py:153} INFO - Started process (PID=574) to work on /home/airflow/.local/lib/python3.7/site-packages/airflow/example_dags/example_external_task_marker_dag.py
[2023-03-28 22:45:33,706] {processor.py:641} INFO - Processing file /home/airflow/.local/lib/python3.7/site-packages/airflow/example_dags/example_external_task_marker_dag.py for tasks to queue
[2023-03-28 22:45:33,706] {logging_mixin.py:115} INFO - [2023-03-28 22:45:33,706] {dagbag.py:507} INFO - Filling up the DagBag from /home/airflow/.local/lib/python3.7/site-packages/airflow/example_dags/example_external_task_marker_dag.py
[2023-03-28 22:45:33,709] {processor.py:651} INFO - DAG(s) dict_keys(['example_external_task_marker_parent', 'example_external_task_marker_child']) retrieved from /home/airflow/.local/lib/python3.7/site-packages/airflow/example_dags/example_external_task_marker_dag.py
[2023-03-28 22:45:33,745] {logging_mixin.py:115} INFO - [2023-03-28 22:45:33,745] {dag.py:2371} INFO - Sync 2 DAGs
[2023-03-28 22:45:33,766] {logging_mixin.py:115} INFO - [2023-03-28 22:45:33,765] {dag.py:2919} INFO - Setting next_dagrun for example_external_task_marker_child to None, run_after=None
[2023-03-28 22:45:33,766] {logging_mixin.py:115} INFO - [2023-03-28 22:45:33,766] {dag.py:2919} INFO - Setting next_dagrun for example_external_task_marker_parent to None, run_after=None
[2023-03-28 22:45:33,778] {processor.py:161} INFO - Processing /home/airflow/.local/lib/python3.7/site-packages/airflow/example_dags/example_external_task_marker_dag.py took 0.074 seconds
[2023-03-28 22:46:03,873] {processor.py:153} INFO - Started process (PID=629) to work on /home/airflow/.local/lib/python3.7/site-packages/airflow/example_dags/example_external_task_marker_dag.py
[2023-03-28 22:46:03,874] {processor.py:641} INFO - Processing file /home/airflow/.local/lib/python3.7/site-packages/airflow/example_dags/example_external_task_marker_dag.py for tasks to queue
[2023-03-28 22:46:03,874] {logging_mixin.py:115} INFO - [2023-03-28 22:46:03,874] {dagbag.py:507} INFO - Filling up the DagBag from /home/airflow/.local/lib/python3.7/site-packages/airflow/example_dags/example_external_task_marker_dag.py
[2023-03-28 22:46:03,878] {processor.py:651} INFO - DAG(s) dict_keys(['example_external_task_marker_parent', 'example_external_task_marker_child']) retrieved from /home/airflow/.local/lib/python3.7/site-packages/airflow/example_dags/example_external_task_marker_dag.py
[2023-03-28 22:46:03,918] {logging_mixin.py:115} INFO - [2023-03-28 22:46:03,918] {dag.py:2371} INFO - Sync 2 DAGs
[2023-03-28 22:46:03,938] {logging_mixin.py:115} INFO - [2023-03-28 22:46:03,938] {dag.py:2919} INFO - Setting next_dagrun for example_external_task_marker_child to None, run_after=None
[2023-03-28 22:46:03,938] {logging_mixin.py:115} INFO - [2023-03-28 22:46:03,938] {dag.py:2919} INFO - Setting next_dagrun for example_external_task_marker_parent to None, run_after=None
[2023-03-28 22:46:03,949] {processor.py:161} INFO - Processing /home/airflow/.local/lib/python3.7/site-packages/airflow/example_dags/example_external_task_marker_dag.py took 0.079 seconds
[2023-03-28 22:46:34,907] {processor.py:153} INFO - Started process (PID=694) to work on /home/airflow/.local/lib/python3.7/site-packages/airflow/example_dags/example_external_task_marker_dag.py
[2023-03-28 22:46:34,908] {processor.py:641} INFO - Processing file /home/airflow/.local/lib/python3.7/site-packages/airflow/example_dags/example_external_task_marker_dag.py for tasks to queue
[2023-03-28 22:46:34,908] {logging_mixin.py:115} INFO - [2023-03-28 22:46:34,908] {dagbag.py:507} INFO - Filling up the DagBag from /home/airflow/.local/lib/python3.7/site-packages/airflow/example_dags/example_external_task_marker_dag.py
[2023-03-28 22:46:34,913] {processor.py:651} INFO - DAG(s) dict_keys(['example_external_task_marker_parent', 'example_external_task_marker_child']) retrieved from /home/airflow/.local/lib/python3.7/site-packages/airflow/example_dags/example_external_task_marker_dag.py
[2023-03-28 22:46:34,950] {logging_mixin.py:115} INFO - [2023-03-28 22:46:34,950] {dag.py:2371} INFO - Sync 2 DAGs
[2023-03-28 22:46:34,970] {logging_mixin.py:115} INFO - [2023-03-28 22:46:34,969] {dag.py:2919} INFO - Setting next_dagrun for example_external_task_marker_child to None, run_after=None
[2023-03-28 22:46:34,970] {logging_mixin.py:115} INFO - [2023-03-28 22:46:34,970] {dag.py:2919} INFO - Setting next_dagrun for example_external_task_marker_parent to None, run_after=None
[2023-03-28 22:46:34,980] {processor.py:161} INFO - Processing /home/airflow/.local/lib/python3.7/site-packages/airflow/example_dags/example_external_task_marker_dag.py took 0.075 seconds
[2023-03-28 22:47:05,320] {processor.py:153} INFO - Started process (PID=758) to work on /home/airflow/.local/lib/python3.7/site-packages/airflow/example_dags/example_external_task_marker_dag.py
[2023-03-28 22:47:05,321] {processor.py:641} INFO - Processing file /home/airflow/.local/lib/python3.7/site-packages/airflow/example_dags/example_external_task_marker_dag.py for tasks to queue
[2023-03-28 22:47:05,322] {logging_mixin.py:115} INFO - [2023-03-28 22:47:05,321] {dagbag.py:507} INFO - Filling up the DagBag from /home/airflow/.local/lib/python3.7/site-packages/airflow/example_dags/example_external_task_marker_dag.py
[2023-03-28 22:47:05,325] {processor.py:651} INFO - DAG(s) dict_keys(['example_external_task_marker_parent', 'example_external_task_marker_child']) retrieved from /home/airflow/.local/lib/python3.7/site-packages/airflow/example_dags/example_external_task_marker_dag.py
[2023-03-28 22:47:05,362] {logging_mixin.py:115} INFO - [2023-03-28 22:47:05,362] {dag.py:2371} INFO - Sync 2 DAGs
[2023-03-28 22:47:05,381] {logging_mixin.py:115} INFO - [2023-03-28 22:47:05,381] {dag.py:2919} INFO - Setting next_dagrun for example_external_task_marker_child to None, run_after=None
[2023-03-28 22:47:05,381] {logging_mixin.py:115} INFO - [2023-03-28 22:47:05,381] {dag.py:2919} INFO - Setting next_dagrun for example_external_task_marker_parent to None, run_after=None
[2023-03-28 22:47:05,392] {processor.py:161} INFO - Processing /home/airflow/.local/lib/python3.7/site-packages/airflow/example_dags/example_external_task_marker_dag.py took 0.074 seconds
[2023-03-28 22:48:16,022] {processor.py:153} INFO - Started process (PID=88) to work on /home/airflow/.local/lib/python3.7/site-packages/airflow/example_dags/example_external_task_marker_dag.py
[2023-03-28 22:48:16,023] {processor.py:641} INFO - Processing file /home/airflow/.local/lib/python3.7/site-packages/airflow/example_dags/example_external_task_marker_dag.py for tasks to queue
[2023-03-28 22:48:16,024] {logging_mixin.py:115} INFO - [2023-03-28 22:48:16,024] {dagbag.py:507} INFO - Filling up the DagBag from /home/airflow/.local/lib/python3.7/site-packages/airflow/example_dags/example_external_task_marker_dag.py
[2023-03-28 22:48:16,029] {processor.py:651} INFO - DAG(s) dict_keys(['example_external_task_marker_parent', 'example_external_task_marker_child']) retrieved from /home/airflow/.local/lib/python3.7/site-packages/airflow/example_dags/example_external_task_marker_dag.py
[2023-03-28 22:48:16,079] {logging_mixin.py:115} INFO - [2023-03-28 22:48:16,078] {dag.py:2371} INFO - Sync 2 DAGs
[2023-03-28 22:48:16,283] {logging_mixin.py:115} INFO - [2023-03-28 22:48:16,282] {dag.py:2919} INFO - Setting next_dagrun for example_external_task_marker_child to None, run_after=None
[2023-03-28 22:48:16,283] {logging_mixin.py:115} INFO - [2023-03-28 22:48:16,283] {dag.py:2919} INFO - Setting next_dagrun for example_external_task_marker_parent to None, run_after=None
[2023-03-28 22:48:16,302] {processor.py:161} INFO - Processing /home/airflow/.local/lib/python3.7/site-packages/airflow/example_dags/example_external_task_marker_dag.py took 0.282 seconds
[2023-03-28 22:48:46,601] {processor.py:153} INFO - Started process (PID=153) to work on /home/airflow/.local/lib/python3.7/site-packages/airflow/example_dags/example_external_task_marker_dag.py
[2023-03-28 22:48:46,602] {processor.py:641} INFO - Processing file /home/airflow/.local/lib/python3.7/site-packages/airflow/example_dags/example_external_task_marker_dag.py for tasks to queue
[2023-03-28 22:48:46,603] {logging_mixin.py:115} INFO - [2023-03-28 22:48:46,603] {dagbag.py:507} INFO - Filling up the DagBag from /home/airflow/.local/lib/python3.7/site-packages/airflow/example_dags/example_external_task_marker_dag.py
[2023-03-28 22:48:46,607] {processor.py:651} INFO - DAG(s) dict_keys(['example_external_task_marker_parent', 'example_external_task_marker_child']) retrieved from /home/airflow/.local/lib/python3.7/site-packages/airflow/example_dags/example_external_task_marker_dag.py
[2023-03-28 22:48:46,661] {logging_mixin.py:115} INFO - [2023-03-28 22:48:46,661] {dag.py:2371} INFO - Sync 2 DAGs
[2023-03-28 22:48:46,795] {logging_mixin.py:115} INFO - [2023-03-28 22:48:46,795] {dag.py:2919} INFO - Setting next_dagrun for example_external_task_marker_child to None, run_after=None
[2023-03-28 22:48:46,795] {logging_mixin.py:115} INFO - [2023-03-28 22:48:46,795] {dag.py:2919} INFO - Setting next_dagrun for example_external_task_marker_parent to None, run_after=None
[2023-03-28 22:48:46,809] {processor.py:161} INFO - Processing /home/airflow/.local/lib/python3.7/site-packages/airflow/example_dags/example_external_task_marker_dag.py took 0.212 seconds
[2023-03-28 22:49:17,453] {processor.py:153} INFO - Started process (PID=208) to work on /home/airflow/.local/lib/python3.7/site-packages/airflow/example_dags/example_external_task_marker_dag.py
[2023-03-28 22:49:17,454] {processor.py:641} INFO - Processing file /home/airflow/.local/lib/python3.7/site-packages/airflow/example_dags/example_external_task_marker_dag.py for tasks to queue
[2023-03-28 22:49:17,454] {logging_mixin.py:115} INFO - [2023-03-28 22:49:17,454] {dagbag.py:507} INFO - Filling up the DagBag from /home/airflow/.local/lib/python3.7/site-packages/airflow/example_dags/example_external_task_marker_dag.py
[2023-03-28 22:49:17,457] {processor.py:651} INFO - DAG(s) dict_keys(['example_external_task_marker_parent', 'example_external_task_marker_child']) retrieved from /home/airflow/.local/lib/python3.7/site-packages/airflow/example_dags/example_external_task_marker_dag.py
[2023-03-28 22:49:17,492] {logging_mixin.py:115} INFO - [2023-03-28 22:49:17,492] {dag.py:2371} INFO - Sync 2 DAGs
[2023-03-28 22:49:17,612] {logging_mixin.py:115} INFO - [2023-03-28 22:49:17,612] {dag.py:2919} INFO - Setting next_dagrun for example_external_task_marker_child to None, run_after=None
[2023-03-28 22:49:17,612] {logging_mixin.py:115} INFO - [2023-03-28 22:49:17,612] {dag.py:2919} INFO - Setting next_dagrun for example_external_task_marker_parent to None, run_after=None
[2023-03-28 22:49:17,625] {processor.py:161} INFO - Processing /home/airflow/.local/lib/python3.7/site-packages/airflow/example_dags/example_external_task_marker_dag.py took 0.174 seconds
[2023-03-28 22:49:48,028] {processor.py:153} INFO - Started process (PID=273) to work on /home/airflow/.local/lib/python3.7/site-packages/airflow/example_dags/example_external_task_marker_dag.py
[2023-03-28 22:49:48,029] {processor.py:641} INFO - Processing file /home/airflow/.local/lib/python3.7/site-packages/airflow/example_dags/example_external_task_marker_dag.py for tasks to queue
[2023-03-28 22:49:48,029] {logging_mixin.py:115} INFO - [2023-03-28 22:49:48,029] {dagbag.py:507} INFO - Filling up the DagBag from /home/airflow/.local/lib/python3.7/site-packages/airflow/example_dags/example_external_task_marker_dag.py
[2023-03-28 22:49:48,032] {processor.py:651} INFO - DAG(s) dict_keys(['example_external_task_marker_parent', 'example_external_task_marker_child']) retrieved from /home/airflow/.local/lib/python3.7/site-packages/airflow/example_dags/example_external_task_marker_dag.py
[2023-03-28 22:49:48,067] {logging_mixin.py:115} INFO - [2023-03-28 22:49:48,067] {dag.py:2371} INFO - Sync 2 DAGs
[2023-03-28 22:49:48,187] {logging_mixin.py:115} INFO - [2023-03-28 22:49:48,187] {dag.py:2919} INFO - Setting next_dagrun for example_external_task_marker_child to None, run_after=None
[2023-03-28 22:49:48,187] {logging_mixin.py:115} INFO - [2023-03-28 22:49:48,187] {dag.py:2919} INFO - Setting next_dagrun for example_external_task_marker_parent to None, run_after=None
[2023-03-28 22:49:48,199] {processor.py:161} INFO - Processing /home/airflow/.local/lib/python3.7/site-packages/airflow/example_dags/example_external_task_marker_dag.py took 0.173 seconds
[2023-03-28 22:50:21,009] {processor.py:153} INFO - Started process (PID=337) to work on /home/airflow/.local/lib/python3.7/site-packages/airflow/example_dags/example_external_task_marker_dag.py
[2023-03-28 22:50:21,010] {processor.py:641} INFO - Processing file /home/airflow/.local/lib/python3.7/site-packages/airflow/example_dags/example_external_task_marker_dag.py for tasks to queue
[2023-03-28 22:50:21,011] {logging_mixin.py:115} INFO - [2023-03-28 22:50:21,011] {dagbag.py:507} INFO - Filling up the DagBag from /home/airflow/.local/lib/python3.7/site-packages/airflow/example_dags/example_external_task_marker_dag.py
[2023-03-28 22:50:21,014] {processor.py:651} INFO - DAG(s) dict_keys(['example_external_task_marker_parent', 'example_external_task_marker_child']) retrieved from /home/airflow/.local/lib/python3.7/site-packages/airflow/example_dags/example_external_task_marker_dag.py
[2023-03-28 22:50:21,054] {logging_mixin.py:115} INFO - [2023-03-28 22:50:21,054] {dag.py:2371} INFO - Sync 2 DAGs
[2023-03-28 22:50:21,189] {logging_mixin.py:115} INFO - [2023-03-28 22:50:21,189] {dag.py:2919} INFO - Setting next_dagrun for example_external_task_marker_child to None, run_after=None
[2023-03-28 22:50:21,189] {logging_mixin.py:115} INFO - [2023-03-28 22:50:21,189] {dag.py:2919} INFO - Setting next_dagrun for example_external_task_marker_parent to None, run_after=None
[2023-03-28 22:50:21,204] {processor.py:161} INFO - Processing /home/airflow/.local/lib/python3.7/site-packages/airflow/example_dags/example_external_task_marker_dag.py took 0.197 seconds
[2023-03-28 22:50:51,693] {processor.py:153} INFO - Started process (PID=393) to work on /home/airflow/.local/lib/python3.7/site-packages/airflow/example_dags/example_external_task_marker_dag.py
[2023-03-28 22:50:51,694] {processor.py:641} INFO - Processing file /home/airflow/.local/lib/python3.7/site-packages/airflow/example_dags/example_external_task_marker_dag.py for tasks to queue
[2023-03-28 22:50:51,695] {logging_mixin.py:115} INFO - [2023-03-28 22:50:51,694] {dagbag.py:507} INFO - Filling up the DagBag from /home/airflow/.local/lib/python3.7/site-packages/airflow/example_dags/example_external_task_marker_dag.py
[2023-03-28 22:50:51,699] {processor.py:651} INFO - DAG(s) dict_keys(['example_external_task_marker_parent', 'example_external_task_marker_child']) retrieved from /home/airflow/.local/lib/python3.7/site-packages/airflow/example_dags/example_external_task_marker_dag.py
[2023-03-28 22:50:51,747] {logging_mixin.py:115} INFO - [2023-03-28 22:50:51,746] {dag.py:2371} INFO - Sync 2 DAGs
[2023-03-28 22:50:51,874] {logging_mixin.py:115} INFO - [2023-03-28 22:50:51,873] {dag.py:2919} INFO - Setting next_dagrun for example_external_task_marker_child to None, run_after=None
[2023-03-28 22:50:51,874] {logging_mixin.py:115} INFO - [2023-03-28 22:50:51,874] {dag.py:2919} INFO - Setting next_dagrun for example_external_task_marker_parent to None, run_after=None
[2023-03-28 22:50:51,889] {processor.py:161} INFO - Processing /home/airflow/.local/lib/python3.7/site-packages/airflow/example_dags/example_external_task_marker_dag.py took 0.201 seconds
[2023-03-28 22:52:17,577] {processor.py:153} INFO - Started process (PID=78) to work on /home/airflow/.local/lib/python3.7/site-packages/airflow/example_dags/example_external_task_marker_dag.py
[2023-03-28 22:52:17,578] {processor.py:641} INFO - Processing file /home/airflow/.local/lib/python3.7/site-packages/airflow/example_dags/example_external_task_marker_dag.py for tasks to queue
[2023-03-28 22:52:17,579] {logging_mixin.py:115} INFO - [2023-03-28 22:52:17,579] {dagbag.py:507} INFO - Filling up the DagBag from /home/airflow/.local/lib/python3.7/site-packages/airflow/example_dags/example_external_task_marker_dag.py
[2023-03-28 22:52:17,583] {processor.py:651} INFO - DAG(s) dict_keys(['example_external_task_marker_parent', 'example_external_task_marker_child']) retrieved from /home/airflow/.local/lib/python3.7/site-packages/airflow/example_dags/example_external_task_marker_dag.py
[2023-03-28 22:52:17,630] {logging_mixin.py:115} INFO - [2023-03-28 22:52:17,630] {dag.py:2371} INFO - Sync 2 DAGs
[2023-03-28 22:52:17,659] {logging_mixin.py:115} INFO - [2023-03-28 22:52:17,659] {dag.py:2919} INFO - Setting next_dagrun for example_external_task_marker_child to None, run_after=None
[2023-03-28 22:52:17,660] {logging_mixin.py:115} INFO - [2023-03-28 22:52:17,660] {dag.py:2919} INFO - Setting next_dagrun for example_external_task_marker_parent to None, run_after=None
[2023-03-28 22:52:17,676] {processor.py:161} INFO - Processing /home/airflow/.local/lib/python3.7/site-packages/airflow/example_dags/example_external_task_marker_dag.py took 0.104 seconds
[2023-03-28 22:52:47,699] {processor.py:153} INFO - Started process (PID=142) to work on /home/airflow/.local/lib/python3.7/site-packages/airflow/example_dags/example_external_task_marker_dag.py
[2023-03-28 22:52:47,699] {processor.py:641} INFO - Processing file /home/airflow/.local/lib/python3.7/site-packages/airflow/example_dags/example_external_task_marker_dag.py for tasks to queue
[2023-03-28 22:52:47,700] {logging_mixin.py:115} INFO - [2023-03-28 22:52:47,700] {dagbag.py:507} INFO - Filling up the DagBag from /home/airflow/.local/lib/python3.7/site-packages/airflow/example_dags/example_external_task_marker_dag.py
[2023-03-28 22:52:47,702] {processor.py:651} INFO - DAG(s) dict_keys(['example_external_task_marker_parent', 'example_external_task_marker_child']) retrieved from /home/airflow/.local/lib/python3.7/site-packages/airflow/example_dags/example_external_task_marker_dag.py
[2023-03-28 22:52:47,736] {logging_mixin.py:115} INFO - [2023-03-28 22:52:47,736] {dag.py:2371} INFO - Sync 2 DAGs
[2023-03-28 22:52:47,753] {logging_mixin.py:115} INFO - [2023-03-28 22:52:47,753] {dag.py:2919} INFO - Setting next_dagrun for example_external_task_marker_child to None, run_after=None
[2023-03-28 22:52:47,753] {logging_mixin.py:115} INFO - [2023-03-28 22:52:47,753] {dag.py:2919} INFO - Setting next_dagrun for example_external_task_marker_parent to None, run_after=None
[2023-03-28 22:52:47,764] {processor.py:161} INFO - Processing /home/airflow/.local/lib/python3.7/site-packages/airflow/example_dags/example_external_task_marker_dag.py took 0.068 seconds
[2023-03-28 22:53:18,413] {processor.py:153} INFO - Started process (PID=206) to work on /home/airflow/.local/lib/python3.7/site-packages/airflow/example_dags/example_external_task_marker_dag.py
[2023-03-28 22:53:18,413] {processor.py:641} INFO - Processing file /home/airflow/.local/lib/python3.7/site-packages/airflow/example_dags/example_external_task_marker_dag.py for tasks to queue
[2023-03-28 22:53:18,414] {logging_mixin.py:115} INFO - [2023-03-28 22:53:18,414] {dagbag.py:507} INFO - Filling up the DagBag from /home/airflow/.local/lib/python3.7/site-packages/airflow/example_dags/example_external_task_marker_dag.py
[2023-03-28 22:53:18,417] {processor.py:651} INFO - DAG(s) dict_keys(['example_external_task_marker_parent', 'example_external_task_marker_child']) retrieved from /home/airflow/.local/lib/python3.7/site-packages/airflow/example_dags/example_external_task_marker_dag.py
[2023-03-28 22:53:18,454] {logging_mixin.py:115} INFO - [2023-03-28 22:53:18,454] {dag.py:2371} INFO - Sync 2 DAGs
[2023-03-28 22:53:18,477] {logging_mixin.py:115} INFO - [2023-03-28 22:53:18,477] {dag.py:2919} INFO - Setting next_dagrun for example_external_task_marker_child to None, run_after=None
[2023-03-28 22:53:18,477] {logging_mixin.py:115} INFO - [2023-03-28 22:53:18,477] {dag.py:2919} INFO - Setting next_dagrun for example_external_task_marker_parent to None, run_after=None
[2023-03-28 22:53:18,491] {processor.py:161} INFO - Processing /home/airflow/.local/lib/python3.7/site-packages/airflow/example_dags/example_external_task_marker_dag.py took 0.080 seconds
[2023-03-28 22:53:48,555] {processor.py:153} INFO - Started process (PID=261) to work on /home/airflow/.local/lib/python3.7/site-packages/airflow/example_dags/example_external_task_marker_dag.py
[2023-03-28 22:53:48,556] {processor.py:641} INFO - Processing file /home/airflow/.local/lib/python3.7/site-packages/airflow/example_dags/example_external_task_marker_dag.py for tasks to queue
[2023-03-28 22:53:48,556] {logging_mixin.py:115} INFO - [2023-03-28 22:53:48,556] {dagbag.py:507} INFO - Filling up the DagBag from /home/airflow/.local/lib/python3.7/site-packages/airflow/example_dags/example_external_task_marker_dag.py
[2023-03-28 22:53:48,560] {processor.py:651} INFO - DAG(s) dict_keys(['example_external_task_marker_parent', 'example_external_task_marker_child']) retrieved from /home/airflow/.local/lib/python3.7/site-packages/airflow/example_dags/example_external_task_marker_dag.py
[2023-03-28 22:53:48,597] {logging_mixin.py:115} INFO - [2023-03-28 22:53:48,597] {dag.py:2371} INFO - Sync 2 DAGs
[2023-03-28 22:53:48,617] {logging_mixin.py:115} INFO - [2023-03-28 22:53:48,617] {dag.py:2919} INFO - Setting next_dagrun for example_external_task_marker_child to None, run_after=None
[2023-03-28 22:53:48,617] {logging_mixin.py:115} INFO - [2023-03-28 22:53:48,617] {dag.py:2919} INFO - Setting next_dagrun for example_external_task_marker_parent to None, run_after=None
[2023-03-28 22:53:48,632] {processor.py:161} INFO - Processing /home/airflow/.local/lib/python3.7/site-packages/airflow/example_dags/example_external_task_marker_dag.py took 0.079 seconds
