[2023-03-28 22:23:54,450] {processor.py:153} INFO - Started process (PID=2364) to work on /home/airflow/.local/lib/python3.7/site-packages/airflow/example_dags/example_bash_operator.py
[2023-03-28 22:23:54,451] {processor.py:641} INFO - Processing file /home/airflow/.local/lib/python3.7/site-packages/airflow/example_dags/example_bash_operator.py for tasks to queue
[2023-03-28 22:23:54,451] {logging_mixin.py:115} INFO - [2023-03-28 22:23:54,451] {dagbag.py:507} INFO - Filling up the DagBag from /home/airflow/.local/lib/python3.7/site-packages/airflow/example_dags/example_bash_operator.py
[2023-03-28 22:23:54,460] {processor.py:651} INFO - DAG(s) dict_keys(['example_bash_operator']) retrieved from /home/airflow/.local/lib/python3.7/site-packages/airflow/example_dags/example_bash_operator.py
[2023-03-28 22:23:54,483] {logging_mixin.py:115} INFO - [2023-03-28 22:23:54,483] {dag.py:2371} INFO - Sync 1 DAGs
[2023-03-28 22:23:54,502] {logging_mixin.py:115} INFO - [2023-03-28 22:23:54,502] {dag.py:2919} INFO - Setting next_dagrun for example_bash_operator to 2023-03-27T00:00:00+00:00, run_after=2023-03-28T00:00:00+00:00
[2023-03-28 22:23:54,516] {processor.py:161} INFO - Processing /home/airflow/.local/lib/python3.7/site-packages/airflow/example_dags/example_bash_operator.py took 0.067 seconds
[2023-03-28 22:24:25,324] {processor.py:153} INFO - Started process (PID=2428) to work on /home/airflow/.local/lib/python3.7/site-packages/airflow/example_dags/example_bash_operator.py
[2023-03-28 22:24:25,324] {processor.py:641} INFO - Processing file /home/airflow/.local/lib/python3.7/site-packages/airflow/example_dags/example_bash_operator.py for tasks to queue
[2023-03-28 22:24:25,325] {logging_mixin.py:115} INFO - [2023-03-28 22:24:25,325] {dagbag.py:507} INFO - Filling up the DagBag from /home/airflow/.local/lib/python3.7/site-packages/airflow/example_dags/example_bash_operator.py
[2023-03-28 22:24:25,332] {processor.py:651} INFO - DAG(s) dict_keys(['example_bash_operator']) retrieved from /home/airflow/.local/lib/python3.7/site-packages/airflow/example_dags/example_bash_operator.py
[2023-03-28 22:24:25,354] {logging_mixin.py:115} INFO - [2023-03-28 22:24:25,354] {dag.py:2371} INFO - Sync 1 DAGs
[2023-03-28 22:24:25,379] {logging_mixin.py:115} INFO - [2023-03-28 22:24:25,379] {dag.py:2919} INFO - Setting next_dagrun for example_bash_operator to 2023-03-27T00:00:00+00:00, run_after=2023-03-28T00:00:00+00:00
[2023-03-28 22:24:25,393] {processor.py:161} INFO - Processing /home/airflow/.local/lib/python3.7/site-packages/airflow/example_dags/example_bash_operator.py took 0.071 seconds
[2023-03-28 22:24:55,936] {processor.py:153} INFO - Started process (PID=2483) to work on /home/airflow/.local/lib/python3.7/site-packages/airflow/example_dags/example_bash_operator.py
[2023-03-28 22:24:55,937] {processor.py:641} INFO - Processing file /home/airflow/.local/lib/python3.7/site-packages/airflow/example_dags/example_bash_operator.py for tasks to queue
[2023-03-28 22:24:55,937] {logging_mixin.py:115} INFO - [2023-03-28 22:24:55,937] {dagbag.py:507} INFO - Filling up the DagBag from /home/airflow/.local/lib/python3.7/site-packages/airflow/example_dags/example_bash_operator.py
[2023-03-28 22:24:55,945] {processor.py:651} INFO - DAG(s) dict_keys(['example_bash_operator']) retrieved from /home/airflow/.local/lib/python3.7/site-packages/airflow/example_dags/example_bash_operator.py
[2023-03-28 22:24:55,965] {logging_mixin.py:115} INFO - [2023-03-28 22:24:55,965] {dag.py:2371} INFO - Sync 1 DAGs
[2023-03-28 22:24:55,987] {logging_mixin.py:115} INFO - [2023-03-28 22:24:55,986] {dag.py:2919} INFO - Setting next_dagrun for example_bash_operator to 2023-03-27T00:00:00+00:00, run_after=2023-03-28T00:00:00+00:00
[2023-03-28 22:24:56,000] {processor.py:161} INFO - Processing /home/airflow/.local/lib/python3.7/site-packages/airflow/example_dags/example_bash_operator.py took 0.065 seconds
[2023-03-28 22:25:26,887] {processor.py:153} INFO - Started process (PID=2547) to work on /home/airflow/.local/lib/python3.7/site-packages/airflow/example_dags/example_bash_operator.py
[2023-03-28 22:25:26,888] {processor.py:641} INFO - Processing file /home/airflow/.local/lib/python3.7/site-packages/airflow/example_dags/example_bash_operator.py for tasks to queue
[2023-03-28 22:25:26,889] {logging_mixin.py:115} INFO - [2023-03-28 22:25:26,888] {dagbag.py:507} INFO - Filling up the DagBag from /home/airflow/.local/lib/python3.7/site-packages/airflow/example_dags/example_bash_operator.py
[2023-03-28 22:25:26,896] {processor.py:651} INFO - DAG(s) dict_keys(['example_bash_operator']) retrieved from /home/airflow/.local/lib/python3.7/site-packages/airflow/example_dags/example_bash_operator.py
[2023-03-28 22:25:26,917] {logging_mixin.py:115} INFO - [2023-03-28 22:25:26,917] {dag.py:2371} INFO - Sync 1 DAGs
[2023-03-28 22:25:26,936] {logging_mixin.py:115} INFO - [2023-03-28 22:25:26,936] {dag.py:2919} INFO - Setting next_dagrun for example_bash_operator to 2023-03-27T00:00:00+00:00, run_after=2023-03-28T00:00:00+00:00
[2023-03-28 22:25:26,948] {processor.py:161} INFO - Processing /home/airflow/.local/lib/python3.7/site-packages/airflow/example_dags/example_bash_operator.py took 0.063 seconds
[2023-03-28 22:25:57,727] {processor.py:153} INFO - Started process (PID=2611) to work on /home/airflow/.local/lib/python3.7/site-packages/airflow/example_dags/example_bash_operator.py
[2023-03-28 22:25:57,727] {processor.py:641} INFO - Processing file /home/airflow/.local/lib/python3.7/site-packages/airflow/example_dags/example_bash_operator.py for tasks to queue
[2023-03-28 22:25:57,728] {logging_mixin.py:115} INFO - [2023-03-28 22:25:57,727] {dagbag.py:507} INFO - Filling up the DagBag from /home/airflow/.local/lib/python3.7/site-packages/airflow/example_dags/example_bash_operator.py
[2023-03-28 22:25:57,735] {processor.py:651} INFO - DAG(s) dict_keys(['example_bash_operator']) retrieved from /home/airflow/.local/lib/python3.7/site-packages/airflow/example_dags/example_bash_operator.py
[2023-03-28 22:25:57,756] {logging_mixin.py:115} INFO - [2023-03-28 22:25:57,756] {dag.py:2371} INFO - Sync 1 DAGs
[2023-03-28 22:25:57,774] {logging_mixin.py:115} INFO - [2023-03-28 22:25:57,774] {dag.py:2919} INFO - Setting next_dagrun for example_bash_operator to 2023-03-27T00:00:00+00:00, run_after=2023-03-28T00:00:00+00:00
[2023-03-28 22:25:57,785] {processor.py:161} INFO - Processing /home/airflow/.local/lib/python3.7/site-packages/airflow/example_dags/example_bash_operator.py took 0.060 seconds
[2023-03-28 22:26:28,826] {processor.py:153} INFO - Started process (PID=2676) to work on /home/airflow/.local/lib/python3.7/site-packages/airflow/example_dags/example_bash_operator.py
[2023-03-28 22:26:28,827] {processor.py:641} INFO - Processing file /home/airflow/.local/lib/python3.7/site-packages/airflow/example_dags/example_bash_operator.py for tasks to queue
[2023-03-28 22:26:28,827] {logging_mixin.py:115} INFO - [2023-03-28 22:26:28,827] {dagbag.py:507} INFO - Filling up the DagBag from /home/airflow/.local/lib/python3.7/site-packages/airflow/example_dags/example_bash_operator.py
[2023-03-28 22:26:28,836] {processor.py:651} INFO - DAG(s) dict_keys(['example_bash_operator']) retrieved from /home/airflow/.local/lib/python3.7/site-packages/airflow/example_dags/example_bash_operator.py
[2023-03-28 22:26:28,860] {logging_mixin.py:115} INFO - [2023-03-28 22:26:28,860] {dag.py:2371} INFO - Sync 1 DAGs
[2023-03-28 22:26:28,884] {logging_mixin.py:115} INFO - [2023-03-28 22:26:28,883] {dag.py:2919} INFO - Setting next_dagrun for example_bash_operator to 2023-03-27T00:00:00+00:00, run_after=2023-03-28T00:00:00+00:00
[2023-03-28 22:26:28,899] {processor.py:161} INFO - Processing /home/airflow/.local/lib/python3.7/site-packages/airflow/example_dags/example_bash_operator.py took 0.076 seconds
[2023-03-28 22:26:59,829] {processor.py:153} INFO - Started process (PID=2731) to work on /home/airflow/.local/lib/python3.7/site-packages/airflow/example_dags/example_bash_operator.py
[2023-03-28 22:26:59,829] {processor.py:641} INFO - Processing file /home/airflow/.local/lib/python3.7/site-packages/airflow/example_dags/example_bash_operator.py for tasks to queue
[2023-03-28 22:26:59,830] {logging_mixin.py:115} INFO - [2023-03-28 22:26:59,830] {dagbag.py:507} INFO - Filling up the DagBag from /home/airflow/.local/lib/python3.7/site-packages/airflow/example_dags/example_bash_operator.py
[2023-03-28 22:26:59,838] {processor.py:651} INFO - DAG(s) dict_keys(['example_bash_operator']) retrieved from /home/airflow/.local/lib/python3.7/site-packages/airflow/example_dags/example_bash_operator.py
[2023-03-28 22:26:59,860] {logging_mixin.py:115} INFO - [2023-03-28 22:26:59,860] {dag.py:2371} INFO - Sync 1 DAGs
[2023-03-28 22:26:59,881] {logging_mixin.py:115} INFO - [2023-03-28 22:26:59,881] {dag.py:2919} INFO - Setting next_dagrun for example_bash_operator to 2023-03-27T00:00:00+00:00, run_after=2023-03-28T00:00:00+00:00
[2023-03-28 22:26:59,893] {processor.py:161} INFO - Processing /home/airflow/.local/lib/python3.7/site-packages/airflow/example_dags/example_bash_operator.py took 0.066 seconds
[2023-03-28 22:27:30,391] {processor.py:153} INFO - Started process (PID=2797) to work on /home/airflow/.local/lib/python3.7/site-packages/airflow/example_dags/example_bash_operator.py
[2023-03-28 22:27:30,392] {processor.py:641} INFO - Processing file /home/airflow/.local/lib/python3.7/site-packages/airflow/example_dags/example_bash_operator.py for tasks to queue
[2023-03-28 22:27:30,393] {logging_mixin.py:115} INFO - [2023-03-28 22:27:30,392] {dagbag.py:507} INFO - Filling up the DagBag from /home/airflow/.local/lib/python3.7/site-packages/airflow/example_dags/example_bash_operator.py
[2023-03-28 22:27:30,401] {processor.py:651} INFO - DAG(s) dict_keys(['example_bash_operator']) retrieved from /home/airflow/.local/lib/python3.7/site-packages/airflow/example_dags/example_bash_operator.py
[2023-03-28 22:27:30,422] {logging_mixin.py:115} INFO - [2023-03-28 22:27:30,422] {dag.py:2371} INFO - Sync 1 DAGs
[2023-03-28 22:27:30,441] {logging_mixin.py:115} INFO - [2023-03-28 22:27:30,441] {dag.py:2919} INFO - Setting next_dagrun for example_bash_operator to 2023-03-27T00:00:00+00:00, run_after=2023-03-28T00:00:00+00:00
[2023-03-28 22:27:30,453] {processor.py:161} INFO - Processing /home/airflow/.local/lib/python3.7/site-packages/airflow/example_dags/example_bash_operator.py took 0.064 seconds
[2023-03-28 22:28:01,087] {processor.py:153} INFO - Started process (PID=2861) to work on /home/airflow/.local/lib/python3.7/site-packages/airflow/example_dags/example_bash_operator.py
[2023-03-28 22:28:01,087] {processor.py:641} INFO - Processing file /home/airflow/.local/lib/python3.7/site-packages/airflow/example_dags/example_bash_operator.py for tasks to queue
[2023-03-28 22:28:01,088] {logging_mixin.py:115} INFO - [2023-03-28 22:28:01,088] {dagbag.py:507} INFO - Filling up the DagBag from /home/airflow/.local/lib/python3.7/site-packages/airflow/example_dags/example_bash_operator.py
[2023-03-28 22:28:01,096] {processor.py:651} INFO - DAG(s) dict_keys(['example_bash_operator']) retrieved from /home/airflow/.local/lib/python3.7/site-packages/airflow/example_dags/example_bash_operator.py
[2023-03-28 22:28:01,118] {logging_mixin.py:115} INFO - [2023-03-28 22:28:01,118] {dag.py:2371} INFO - Sync 1 DAGs
[2023-03-28 22:28:01,139] {logging_mixin.py:115} INFO - [2023-03-28 22:28:01,138] {dag.py:2919} INFO - Setting next_dagrun for example_bash_operator to 2023-03-27T00:00:00+00:00, run_after=2023-03-28T00:00:00+00:00
[2023-03-28 22:28:01,152] {processor.py:161} INFO - Processing /home/airflow/.local/lib/python3.7/site-packages/airflow/example_dags/example_bash_operator.py took 0.067 seconds
[2023-03-28 22:28:32,045] {processor.py:153} INFO - Started process (PID=2923) to work on /home/airflow/.local/lib/python3.7/site-packages/airflow/example_dags/example_bash_operator.py
[2023-03-28 22:28:32,046] {processor.py:641} INFO - Processing file /home/airflow/.local/lib/python3.7/site-packages/airflow/example_dags/example_bash_operator.py for tasks to queue
[2023-03-28 22:28:32,047] {logging_mixin.py:115} INFO - [2023-03-28 22:28:32,046] {dagbag.py:507} INFO - Filling up the DagBag from /home/airflow/.local/lib/python3.7/site-packages/airflow/example_dags/example_bash_operator.py
[2023-03-28 22:28:32,056] {processor.py:651} INFO - DAG(s) dict_keys(['example_bash_operator']) retrieved from /home/airflow/.local/lib/python3.7/site-packages/airflow/example_dags/example_bash_operator.py
[2023-03-28 22:28:32,082] {logging_mixin.py:115} INFO - [2023-03-28 22:28:32,082] {dag.py:2371} INFO - Sync 1 DAGs
[2023-03-28 22:28:32,107] {logging_mixin.py:115} INFO - [2023-03-28 22:28:32,107] {dag.py:2919} INFO - Setting next_dagrun for example_bash_operator to 2023-03-27T00:00:00+00:00, run_after=2023-03-28T00:00:00+00:00
[2023-03-28 22:28:32,122] {processor.py:161} INFO - Processing /home/airflow/.local/lib/python3.7/site-packages/airflow/example_dags/example_bash_operator.py took 0.080 seconds
[2023-03-28 22:29:02,198] {processor.py:153} INFO - Started process (PID=2980) to work on /home/airflow/.local/lib/python3.7/site-packages/airflow/example_dags/example_bash_operator.py
[2023-03-28 22:29:02,199] {processor.py:641} INFO - Processing file /home/airflow/.local/lib/python3.7/site-packages/airflow/example_dags/example_bash_operator.py for tasks to queue
[2023-03-28 22:29:02,199] {logging_mixin.py:115} INFO - [2023-03-28 22:29:02,199] {dagbag.py:507} INFO - Filling up the DagBag from /home/airflow/.local/lib/python3.7/site-packages/airflow/example_dags/example_bash_operator.py
[2023-03-28 22:29:02,207] {processor.py:651} INFO - DAG(s) dict_keys(['example_bash_operator']) retrieved from /home/airflow/.local/lib/python3.7/site-packages/airflow/example_dags/example_bash_operator.py
[2023-03-28 22:29:02,228] {logging_mixin.py:115} INFO - [2023-03-28 22:29:02,228] {dag.py:2371} INFO - Sync 1 DAGs
[2023-03-28 22:29:02,248] {logging_mixin.py:115} INFO - [2023-03-28 22:29:02,248] {dag.py:2919} INFO - Setting next_dagrun for example_bash_operator to 2023-03-27T00:00:00+00:00, run_after=2023-03-28T00:00:00+00:00
[2023-03-28 22:29:02,262] {processor.py:161} INFO - Processing /home/airflow/.local/lib/python3.7/site-packages/airflow/example_dags/example_bash_operator.py took 0.065 seconds
[2023-03-28 22:29:32,902] {processor.py:153} INFO - Started process (PID=3044) to work on /home/airflow/.local/lib/python3.7/site-packages/airflow/example_dags/example_bash_operator.py
[2023-03-28 22:29:32,903] {processor.py:641} INFO - Processing file /home/airflow/.local/lib/python3.7/site-packages/airflow/example_dags/example_bash_operator.py for tasks to queue
[2023-03-28 22:29:32,904] {logging_mixin.py:115} INFO - [2023-03-28 22:29:32,904] {dagbag.py:507} INFO - Filling up the DagBag from /home/airflow/.local/lib/python3.7/site-packages/airflow/example_dags/example_bash_operator.py
[2023-03-28 22:29:32,911] {processor.py:651} INFO - DAG(s) dict_keys(['example_bash_operator']) retrieved from /home/airflow/.local/lib/python3.7/site-packages/airflow/example_dags/example_bash_operator.py
[2023-03-28 22:29:32,933] {logging_mixin.py:115} INFO - [2023-03-28 22:29:32,933] {dag.py:2371} INFO - Sync 1 DAGs
[2023-03-28 22:29:32,954] {logging_mixin.py:115} INFO - [2023-03-28 22:29:32,953] {dag.py:2919} INFO - Setting next_dagrun for example_bash_operator to 2023-03-27T00:00:00+00:00, run_after=2023-03-28T00:00:00+00:00
[2023-03-28 22:29:32,967] {processor.py:161} INFO - Processing /home/airflow/.local/lib/python3.7/site-packages/airflow/example_dags/example_bash_operator.py took 0.067 seconds
[2023-03-28 22:30:03,276] {processor.py:153} INFO - Started process (PID=3108) to work on /home/airflow/.local/lib/python3.7/site-packages/airflow/example_dags/example_bash_operator.py
[2023-03-28 22:30:03,277] {processor.py:641} INFO - Processing file /home/airflow/.local/lib/python3.7/site-packages/airflow/example_dags/example_bash_operator.py for tasks to queue
[2023-03-28 22:30:03,277] {logging_mixin.py:115} INFO - [2023-03-28 22:30:03,277] {dagbag.py:507} INFO - Filling up the DagBag from /home/airflow/.local/lib/python3.7/site-packages/airflow/example_dags/example_bash_operator.py
[2023-03-28 22:30:03,286] {processor.py:651} INFO - DAG(s) dict_keys(['example_bash_operator']) retrieved from /home/airflow/.local/lib/python3.7/site-packages/airflow/example_dags/example_bash_operator.py
[2023-03-28 22:30:03,311] {logging_mixin.py:115} INFO - [2023-03-28 22:30:03,310] {dag.py:2371} INFO - Sync 1 DAGs
[2023-03-28 22:30:03,333] {logging_mixin.py:115} INFO - [2023-03-28 22:30:03,333] {dag.py:2919} INFO - Setting next_dagrun for example_bash_operator to 2023-03-27T00:00:00+00:00, run_after=2023-03-28T00:00:00+00:00
[2023-03-28 22:30:03,348] {processor.py:161} INFO - Processing /home/airflow/.local/lib/python3.7/site-packages/airflow/example_dags/example_bash_operator.py took 0.074 seconds
[2023-03-28 22:30:33,697] {processor.py:153} INFO - Started process (PID=3163) to work on /home/airflow/.local/lib/python3.7/site-packages/airflow/example_dags/example_bash_operator.py
[2023-03-28 22:30:33,698] {processor.py:641} INFO - Processing file /home/airflow/.local/lib/python3.7/site-packages/airflow/example_dags/example_bash_operator.py for tasks to queue
[2023-03-28 22:30:33,698] {logging_mixin.py:115} INFO - [2023-03-28 22:30:33,698] {dagbag.py:507} INFO - Filling up the DagBag from /home/airflow/.local/lib/python3.7/site-packages/airflow/example_dags/example_bash_operator.py
[2023-03-28 22:30:33,706] {processor.py:651} INFO - DAG(s) dict_keys(['example_bash_operator']) retrieved from /home/airflow/.local/lib/python3.7/site-packages/airflow/example_dags/example_bash_operator.py
[2023-03-28 22:30:33,727] {logging_mixin.py:115} INFO - [2023-03-28 22:30:33,727] {dag.py:2371} INFO - Sync 1 DAGs
[2023-03-28 22:30:33,746] {logging_mixin.py:115} INFO - [2023-03-28 22:30:33,746] {dag.py:2919} INFO - Setting next_dagrun for example_bash_operator to 2023-03-27T00:00:00+00:00, run_after=2023-03-28T00:00:00+00:00
[2023-03-28 22:30:33,758] {processor.py:161} INFO - Processing /home/airflow/.local/lib/python3.7/site-packages/airflow/example_dags/example_bash_operator.py took 0.062 seconds
[2023-03-28 22:31:03,850] {processor.py:153} INFO - Started process (PID=3227) to work on /home/airflow/.local/lib/python3.7/site-packages/airflow/example_dags/example_bash_operator.py
[2023-03-28 22:31:03,851] {processor.py:641} INFO - Processing file /home/airflow/.local/lib/python3.7/site-packages/airflow/example_dags/example_bash_operator.py for tasks to queue
[2023-03-28 22:31:03,851] {logging_mixin.py:115} INFO - [2023-03-28 22:31:03,851] {dagbag.py:507} INFO - Filling up the DagBag from /home/airflow/.local/lib/python3.7/site-packages/airflow/example_dags/example_bash_operator.py
[2023-03-28 22:31:03,858] {processor.py:651} INFO - DAG(s) dict_keys(['example_bash_operator']) retrieved from /home/airflow/.local/lib/python3.7/site-packages/airflow/example_dags/example_bash_operator.py
[2023-03-28 22:31:03,882] {logging_mixin.py:115} INFO - [2023-03-28 22:31:03,882] {dag.py:2371} INFO - Sync 1 DAGs
[2023-03-28 22:31:03,903] {logging_mixin.py:115} INFO - [2023-03-28 22:31:03,903] {dag.py:2919} INFO - Setting next_dagrun for example_bash_operator to 2023-03-27T00:00:00+00:00, run_after=2023-03-28T00:00:00+00:00
[2023-03-28 22:31:03,918] {processor.py:161} INFO - Processing /home/airflow/.local/lib/python3.7/site-packages/airflow/example_dags/example_bash_operator.py took 0.070 seconds
[2023-03-28 22:31:34,250] {processor.py:153} INFO - Started process (PID=3291) to work on /home/airflow/.local/lib/python3.7/site-packages/airflow/example_dags/example_bash_operator.py
[2023-03-28 22:31:34,251] {processor.py:641} INFO - Processing file /home/airflow/.local/lib/python3.7/site-packages/airflow/example_dags/example_bash_operator.py for tasks to queue
[2023-03-28 22:31:34,252] {logging_mixin.py:115} INFO - [2023-03-28 22:31:34,252] {dagbag.py:507} INFO - Filling up the DagBag from /home/airflow/.local/lib/python3.7/site-packages/airflow/example_dags/example_bash_operator.py
[2023-03-28 22:31:34,261] {processor.py:651} INFO - DAG(s) dict_keys(['example_bash_operator']) retrieved from /home/airflow/.local/lib/python3.7/site-packages/airflow/example_dags/example_bash_operator.py
[2023-03-28 22:31:34,284] {logging_mixin.py:115} INFO - [2023-03-28 22:31:34,284] {dag.py:2371} INFO - Sync 1 DAGs
[2023-03-28 22:31:34,305] {logging_mixin.py:115} INFO - [2023-03-28 22:31:34,305] {dag.py:2919} INFO - Setting next_dagrun for example_bash_operator to 2023-03-27T00:00:00+00:00, run_after=2023-03-28T00:00:00+00:00
[2023-03-28 22:31:34,318] {processor.py:161} INFO - Processing /home/airflow/.local/lib/python3.7/site-packages/airflow/example_dags/example_bash_operator.py took 0.070 seconds
[2023-03-28 22:32:04,584] {processor.py:153} INFO - Started process (PID=3346) to work on /home/airflow/.local/lib/python3.7/site-packages/airflow/example_dags/example_bash_operator.py
[2023-03-28 22:32:04,585] {processor.py:641} INFO - Processing file /home/airflow/.local/lib/python3.7/site-packages/airflow/example_dags/example_bash_operator.py for tasks to queue
[2023-03-28 22:32:04,585] {logging_mixin.py:115} INFO - [2023-03-28 22:32:04,585] {dagbag.py:507} INFO - Filling up the DagBag from /home/airflow/.local/lib/python3.7/site-packages/airflow/example_dags/example_bash_operator.py
[2023-03-28 22:32:04,594] {processor.py:651} INFO - DAG(s) dict_keys(['example_bash_operator']) retrieved from /home/airflow/.local/lib/python3.7/site-packages/airflow/example_dags/example_bash_operator.py
[2023-03-28 22:32:04,614] {logging_mixin.py:115} INFO - [2023-03-28 22:32:04,614] {dag.py:2371} INFO - Sync 1 DAGs
[2023-03-28 22:32:04,634] {logging_mixin.py:115} INFO - [2023-03-28 22:32:04,634] {dag.py:2919} INFO - Setting next_dagrun for example_bash_operator to 2023-03-27T00:00:00+00:00, run_after=2023-03-28T00:00:00+00:00
[2023-03-28 22:32:04,648] {processor.py:161} INFO - Processing /home/airflow/.local/lib/python3.7/site-packages/airflow/example_dags/example_bash_operator.py took 0.066 seconds
[2023-03-28 22:32:35,094] {processor.py:153} INFO - Started process (PID=3410) to work on /home/airflow/.local/lib/python3.7/site-packages/airflow/example_dags/example_bash_operator.py
[2023-03-28 22:32:35,095] {processor.py:641} INFO - Processing file /home/airflow/.local/lib/python3.7/site-packages/airflow/example_dags/example_bash_operator.py for tasks to queue
[2023-03-28 22:32:35,095] {logging_mixin.py:115} INFO - [2023-03-28 22:32:35,095] {dagbag.py:507} INFO - Filling up the DagBag from /home/airflow/.local/lib/python3.7/site-packages/airflow/example_dags/example_bash_operator.py
[2023-03-28 22:32:35,105] {processor.py:651} INFO - DAG(s) dict_keys(['example_bash_operator']) retrieved from /home/airflow/.local/lib/python3.7/site-packages/airflow/example_dags/example_bash_operator.py
[2023-03-28 22:32:35,125] {logging_mixin.py:115} INFO - [2023-03-28 22:32:35,125] {dag.py:2371} INFO - Sync 1 DAGs
[2023-03-28 22:32:35,143] {logging_mixin.py:115} INFO - [2023-03-28 22:32:35,143] {dag.py:2919} INFO - Setting next_dagrun for example_bash_operator to 2023-03-27T00:00:00+00:00, run_after=2023-03-28T00:00:00+00:00
[2023-03-28 22:32:35,155] {processor.py:161} INFO - Processing /home/airflow/.local/lib/python3.7/site-packages/airflow/example_dags/example_bash_operator.py took 0.064 seconds
[2023-03-28 22:33:05,294] {processor.py:153} INFO - Started process (PID=3474) to work on /home/airflow/.local/lib/python3.7/site-packages/airflow/example_dags/example_bash_operator.py
[2023-03-28 22:33:05,295] {processor.py:641} INFO - Processing file /home/airflow/.local/lib/python3.7/site-packages/airflow/example_dags/example_bash_operator.py for tasks to queue
[2023-03-28 22:33:05,295] {logging_mixin.py:115} INFO - [2023-03-28 22:33:05,295] {dagbag.py:507} INFO - Filling up the DagBag from /home/airflow/.local/lib/python3.7/site-packages/airflow/example_dags/example_bash_operator.py
[2023-03-28 22:33:05,305] {processor.py:651} INFO - DAG(s) dict_keys(['example_bash_operator']) retrieved from /home/airflow/.local/lib/python3.7/site-packages/airflow/example_dags/example_bash_operator.py
[2023-03-28 22:33:05,331] {logging_mixin.py:115} INFO - [2023-03-28 22:33:05,331] {dag.py:2371} INFO - Sync 1 DAGs
[2023-03-28 22:33:05,355] {logging_mixin.py:115} INFO - [2023-03-28 22:33:05,355] {dag.py:2919} INFO - Setting next_dagrun for example_bash_operator to 2023-03-27T00:00:00+00:00, run_after=2023-03-28T00:00:00+00:00
[2023-03-28 22:33:05,370] {processor.py:161} INFO - Processing /home/airflow/.local/lib/python3.7/site-packages/airflow/example_dags/example_bash_operator.py took 0.077 seconds
[2023-03-28 22:33:35,768] {processor.py:153} INFO - Started process (PID=3529) to work on /home/airflow/.local/lib/python3.7/site-packages/airflow/example_dags/example_bash_operator.py
[2023-03-28 22:33:35,769] {processor.py:641} INFO - Processing file /home/airflow/.local/lib/python3.7/site-packages/airflow/example_dags/example_bash_operator.py for tasks to queue
[2023-03-28 22:33:35,769] {logging_mixin.py:115} INFO - [2023-03-28 22:33:35,769] {dagbag.py:507} INFO - Filling up the DagBag from /home/airflow/.local/lib/python3.7/site-packages/airflow/example_dags/example_bash_operator.py
[2023-03-28 22:33:35,777] {processor.py:651} INFO - DAG(s) dict_keys(['example_bash_operator']) retrieved from /home/airflow/.local/lib/python3.7/site-packages/airflow/example_dags/example_bash_operator.py
[2023-03-28 22:33:35,798] {logging_mixin.py:115} INFO - [2023-03-28 22:33:35,798] {dag.py:2371} INFO - Sync 1 DAGs
[2023-03-28 22:33:35,818] {logging_mixin.py:115} INFO - [2023-03-28 22:33:35,818] {dag.py:2919} INFO - Setting next_dagrun for example_bash_operator to 2023-03-27T00:00:00+00:00, run_after=2023-03-28T00:00:00+00:00
[2023-03-28 22:33:35,830] {processor.py:161} INFO - Processing /home/airflow/.local/lib/python3.7/site-packages/airflow/example_dags/example_bash_operator.py took 0.064 seconds
[2023-03-28 22:34:06,157] {processor.py:153} INFO - Started process (PID=3593) to work on /home/airflow/.local/lib/python3.7/site-packages/airflow/example_dags/example_bash_operator.py
[2023-03-28 22:34:06,157] {processor.py:641} INFO - Processing file /home/airflow/.local/lib/python3.7/site-packages/airflow/example_dags/example_bash_operator.py for tasks to queue
[2023-03-28 22:34:06,158] {logging_mixin.py:115} INFO - [2023-03-28 22:34:06,157] {dagbag.py:507} INFO - Filling up the DagBag from /home/airflow/.local/lib/python3.7/site-packages/airflow/example_dags/example_bash_operator.py
[2023-03-28 22:34:06,165] {processor.py:651} INFO - DAG(s) dict_keys(['example_bash_operator']) retrieved from /home/airflow/.local/lib/python3.7/site-packages/airflow/example_dags/example_bash_operator.py
[2023-03-28 22:34:06,187] {logging_mixin.py:115} INFO - [2023-03-28 22:34:06,187] {dag.py:2371} INFO - Sync 1 DAGs
[2023-03-28 22:34:06,208] {logging_mixin.py:115} INFO - [2023-03-28 22:34:06,208] {dag.py:2919} INFO - Setting next_dagrun for example_bash_operator to 2023-03-27T00:00:00+00:00, run_after=2023-03-28T00:00:00+00:00
[2023-03-28 22:34:06,221] {processor.py:161} INFO - Processing /home/airflow/.local/lib/python3.7/site-packages/airflow/example_dags/example_bash_operator.py took 0.067 seconds
[2023-03-28 22:34:36,478] {processor.py:153} INFO - Started process (PID=3657) to work on /home/airflow/.local/lib/python3.7/site-packages/airflow/example_dags/example_bash_operator.py
[2023-03-28 22:34:36,479] {processor.py:641} INFO - Processing file /home/airflow/.local/lib/python3.7/site-packages/airflow/example_dags/example_bash_operator.py for tasks to queue
[2023-03-28 22:34:36,479] {logging_mixin.py:115} INFO - [2023-03-28 22:34:36,479] {dagbag.py:507} INFO - Filling up the DagBag from /home/airflow/.local/lib/python3.7/site-packages/airflow/example_dags/example_bash_operator.py
[2023-03-28 22:34:36,488] {processor.py:651} INFO - DAG(s) dict_keys(['example_bash_operator']) retrieved from /home/airflow/.local/lib/python3.7/site-packages/airflow/example_dags/example_bash_operator.py
[2023-03-28 22:34:36,513] {logging_mixin.py:115} INFO - [2023-03-28 22:34:36,513] {dag.py:2371} INFO - Sync 1 DAGs
[2023-03-28 22:34:36,534] {logging_mixin.py:115} INFO - [2023-03-28 22:34:36,534] {dag.py:2919} INFO - Setting next_dagrun for example_bash_operator to 2023-03-27T00:00:00+00:00, run_after=2023-03-28T00:00:00+00:00
[2023-03-28 22:34:36,551] {processor.py:161} INFO - Processing /home/airflow/.local/lib/python3.7/site-packages/airflow/example_dags/example_bash_operator.py took 0.076 seconds
[2023-03-28 22:35:07,141] {processor.py:153} INFO - Started process (PID=3712) to work on /home/airflow/.local/lib/python3.7/site-packages/airflow/example_dags/example_bash_operator.py
[2023-03-28 22:35:07,141] {processor.py:641} INFO - Processing file /home/airflow/.local/lib/python3.7/site-packages/airflow/example_dags/example_bash_operator.py for tasks to queue
[2023-03-28 22:35:07,141] {logging_mixin.py:115} INFO - [2023-03-28 22:35:07,141] {dagbag.py:507} INFO - Filling up the DagBag from /home/airflow/.local/lib/python3.7/site-packages/airflow/example_dags/example_bash_operator.py
[2023-03-28 22:35:07,149] {processor.py:651} INFO - DAG(s) dict_keys(['example_bash_operator']) retrieved from /home/airflow/.local/lib/python3.7/site-packages/airflow/example_dags/example_bash_operator.py
[2023-03-28 22:35:07,170] {logging_mixin.py:115} INFO - [2023-03-28 22:35:07,170] {dag.py:2371} INFO - Sync 1 DAGs
[2023-03-28 22:35:07,190] {logging_mixin.py:115} INFO - [2023-03-28 22:35:07,190] {dag.py:2919} INFO - Setting next_dagrun for example_bash_operator to 2023-03-27T00:00:00+00:00, run_after=2023-03-28T00:00:00+00:00
[2023-03-28 22:35:07,281] {processor.py:161} INFO - Processing /home/airflow/.local/lib/python3.7/site-packages/airflow/example_dags/example_bash_operator.py took 0.142 seconds
[2023-03-28 22:35:37,918] {processor.py:153} INFO - Started process (PID=3777) to work on /home/airflow/.local/lib/python3.7/site-packages/airflow/example_dags/example_bash_operator.py
[2023-03-28 22:35:37,919] {processor.py:641} INFO - Processing file /home/airflow/.local/lib/python3.7/site-packages/airflow/example_dags/example_bash_operator.py for tasks to queue
[2023-03-28 22:35:37,919] {logging_mixin.py:115} INFO - [2023-03-28 22:35:37,919] {dagbag.py:507} INFO - Filling up the DagBag from /home/airflow/.local/lib/python3.7/site-packages/airflow/example_dags/example_bash_operator.py
[2023-03-28 22:35:37,927] {processor.py:651} INFO - DAG(s) dict_keys(['example_bash_operator']) retrieved from /home/airflow/.local/lib/python3.7/site-packages/airflow/example_dags/example_bash_operator.py
[2023-03-28 22:35:37,948] {logging_mixin.py:115} INFO - [2023-03-28 22:35:37,948] {dag.py:2371} INFO - Sync 1 DAGs
[2023-03-28 22:35:37,967] {logging_mixin.py:115} INFO - [2023-03-28 22:35:37,967] {dag.py:2919} INFO - Setting next_dagrun for example_bash_operator to 2023-03-27T00:00:00+00:00, run_after=2023-03-28T00:00:00+00:00
[2023-03-28 22:35:38,069] {processor.py:161} INFO - Processing /home/airflow/.local/lib/python3.7/site-packages/airflow/example_dags/example_bash_operator.py took 0.153 seconds
[2023-03-28 22:36:08,463] {processor.py:153} INFO - Started process (PID=3841) to work on /home/airflow/.local/lib/python3.7/site-packages/airflow/example_dags/example_bash_operator.py
[2023-03-28 22:36:08,463] {processor.py:641} INFO - Processing file /home/airflow/.local/lib/python3.7/site-packages/airflow/example_dags/example_bash_operator.py for tasks to queue
[2023-03-28 22:36:08,464] {logging_mixin.py:115} INFO - [2023-03-28 22:36:08,464] {dagbag.py:507} INFO - Filling up the DagBag from /home/airflow/.local/lib/python3.7/site-packages/airflow/example_dags/example_bash_operator.py
[2023-03-28 22:36:08,472] {processor.py:651} INFO - DAG(s) dict_keys(['example_bash_operator']) retrieved from /home/airflow/.local/lib/python3.7/site-packages/airflow/example_dags/example_bash_operator.py
[2023-03-28 22:36:08,495] {logging_mixin.py:115} INFO - [2023-03-28 22:36:08,495] {dag.py:2371} INFO - Sync 1 DAGs
[2023-03-28 22:36:08,518] {logging_mixin.py:115} INFO - [2023-03-28 22:36:08,518] {dag.py:2919} INFO - Setting next_dagrun for example_bash_operator to 2023-03-27T00:00:00+00:00, run_after=2023-03-28T00:00:00+00:00
[2023-03-28 22:36:08,628] {processor.py:161} INFO - Processing /home/airflow/.local/lib/python3.7/site-packages/airflow/example_dags/example_bash_operator.py took 0.167 seconds
[2023-03-28 22:36:39,373] {processor.py:153} INFO - Started process (PID=3898) to work on /home/airflow/.local/lib/python3.7/site-packages/airflow/example_dags/example_bash_operator.py
[2023-03-28 22:36:39,374] {processor.py:641} INFO - Processing file /home/airflow/.local/lib/python3.7/site-packages/airflow/example_dags/example_bash_operator.py for tasks to queue
[2023-03-28 22:36:39,374] {logging_mixin.py:115} INFO - [2023-03-28 22:36:39,374] {dagbag.py:507} INFO - Filling up the DagBag from /home/airflow/.local/lib/python3.7/site-packages/airflow/example_dags/example_bash_operator.py
[2023-03-28 22:36:39,382] {processor.py:651} INFO - DAG(s) dict_keys(['example_bash_operator']) retrieved from /home/airflow/.local/lib/python3.7/site-packages/airflow/example_dags/example_bash_operator.py
[2023-03-28 22:36:39,411] {logging_mixin.py:115} INFO - [2023-03-28 22:36:39,411] {dag.py:2371} INFO - Sync 1 DAGs
[2023-03-28 22:36:39,435] {logging_mixin.py:115} INFO - [2023-03-28 22:36:39,435] {dag.py:2919} INFO - Setting next_dagrun for example_bash_operator to 2023-03-27T00:00:00+00:00, run_after=2023-03-28T00:00:00+00:00
[2023-03-28 22:36:39,534] {processor.py:161} INFO - Processing /home/airflow/.local/lib/python3.7/site-packages/airflow/example_dags/example_bash_operator.py took 0.164 seconds
[2023-03-28 22:37:10,112] {processor.py:153} INFO - Started process (PID=3963) to work on /home/airflow/.local/lib/python3.7/site-packages/airflow/example_dags/example_bash_operator.py
[2023-03-28 22:37:10,113] {processor.py:641} INFO - Processing file /home/airflow/.local/lib/python3.7/site-packages/airflow/example_dags/example_bash_operator.py for tasks to queue
[2023-03-28 22:37:10,113] {logging_mixin.py:115} INFO - [2023-03-28 22:37:10,113] {dagbag.py:507} INFO - Filling up the DagBag from /home/airflow/.local/lib/python3.7/site-packages/airflow/example_dags/example_bash_operator.py
[2023-03-28 22:37:10,121] {processor.py:651} INFO - DAG(s) dict_keys(['example_bash_operator']) retrieved from /home/airflow/.local/lib/python3.7/site-packages/airflow/example_dags/example_bash_operator.py
[2023-03-28 22:37:10,145] {logging_mixin.py:115} INFO - [2023-03-28 22:37:10,145] {dag.py:2371} INFO - Sync 1 DAGs
[2023-03-28 22:37:10,168] {logging_mixin.py:115} INFO - [2023-03-28 22:37:10,168] {dag.py:2919} INFO - Setting next_dagrun for example_bash_operator to 2023-03-27T00:00:00+00:00, run_after=2023-03-28T00:00:00+00:00
[2023-03-28 22:37:10,277] {processor.py:161} INFO - Processing /home/airflow/.local/lib/python3.7/site-packages/airflow/example_dags/example_bash_operator.py took 0.167 seconds
[2023-03-28 22:37:40,901] {processor.py:153} INFO - Started process (PID=4027) to work on /home/airflow/.local/lib/python3.7/site-packages/airflow/example_dags/example_bash_operator.py
[2023-03-28 22:37:40,902] {processor.py:641} INFO - Processing file /home/airflow/.local/lib/python3.7/site-packages/airflow/example_dags/example_bash_operator.py for tasks to queue
[2023-03-28 22:37:40,902] {logging_mixin.py:115} INFO - [2023-03-28 22:37:40,902] {dagbag.py:507} INFO - Filling up the DagBag from /home/airflow/.local/lib/python3.7/site-packages/airflow/example_dags/example_bash_operator.py
[2023-03-28 22:37:40,911] {processor.py:651} INFO - DAG(s) dict_keys(['example_bash_operator']) retrieved from /home/airflow/.local/lib/python3.7/site-packages/airflow/example_dags/example_bash_operator.py
[2023-03-28 22:37:40,933] {logging_mixin.py:115} INFO - [2023-03-28 22:37:40,933] {dag.py:2371} INFO - Sync 1 DAGs
[2023-03-28 22:37:40,954] {logging_mixin.py:115} INFO - [2023-03-28 22:37:40,954] {dag.py:2919} INFO - Setting next_dagrun for example_bash_operator to 2023-03-27T00:00:00+00:00, run_after=2023-03-28T00:00:00+00:00
[2023-03-28 22:37:41,055] {processor.py:161} INFO - Processing /home/airflow/.local/lib/python3.7/site-packages/airflow/example_dags/example_bash_operator.py took 0.157 seconds
[2023-03-28 22:38:11,733] {processor.py:153} INFO - Started process (PID=4088) to work on /home/airflow/.local/lib/python3.7/site-packages/airflow/example_dags/example_bash_operator.py
[2023-03-28 22:38:11,734] {processor.py:641} INFO - Processing file /home/airflow/.local/lib/python3.7/site-packages/airflow/example_dags/example_bash_operator.py for tasks to queue
[2023-03-28 22:38:11,734] {logging_mixin.py:115} INFO - [2023-03-28 22:38:11,734] {dagbag.py:507} INFO - Filling up the DagBag from /home/airflow/.local/lib/python3.7/site-packages/airflow/example_dags/example_bash_operator.py
[2023-03-28 22:38:11,749] {processor.py:651} INFO - DAG(s) dict_keys(['example_bash_operator']) retrieved from /home/airflow/.local/lib/python3.7/site-packages/airflow/example_dags/example_bash_operator.py
[2023-03-28 22:38:11,786] {logging_mixin.py:115} INFO - [2023-03-28 22:38:11,785] {dag.py:2371} INFO - Sync 1 DAGs
[2023-03-28 22:38:11,812] {logging_mixin.py:115} INFO - [2023-03-28 22:38:11,812] {dag.py:2919} INFO - Setting next_dagrun for example_bash_operator to 2023-03-27T00:00:00+00:00, run_after=2023-03-28T00:00:00+00:00
[2023-03-28 22:38:11,930] {processor.py:161} INFO - Processing /home/airflow/.local/lib/python3.7/site-packages/airflow/example_dags/example_bash_operator.py took 0.199 seconds
[2023-03-28 22:38:42,509] {processor.py:153} INFO - Started process (PID=4146) to work on /home/airflow/.local/lib/python3.7/site-packages/airflow/example_dags/example_bash_operator.py
[2023-03-28 22:38:42,510] {processor.py:641} INFO - Processing file /home/airflow/.local/lib/python3.7/site-packages/airflow/example_dags/example_bash_operator.py for tasks to queue
[2023-03-28 22:38:42,510] {logging_mixin.py:115} INFO - [2023-03-28 22:38:42,510] {dagbag.py:507} INFO - Filling up the DagBag from /home/airflow/.local/lib/python3.7/site-packages/airflow/example_dags/example_bash_operator.py
[2023-03-28 22:38:42,517] {processor.py:651} INFO - DAG(s) dict_keys(['example_bash_operator']) retrieved from /home/airflow/.local/lib/python3.7/site-packages/airflow/example_dags/example_bash_operator.py
[2023-03-28 22:38:42,541] {logging_mixin.py:115} INFO - [2023-03-28 22:38:42,541] {dag.py:2371} INFO - Sync 1 DAGs
[2023-03-28 22:38:42,562] {logging_mixin.py:115} INFO - [2023-03-28 22:38:42,561] {dag.py:2919} INFO - Setting next_dagrun for example_bash_operator to 2023-03-27T00:00:00+00:00, run_after=2023-03-28T00:00:00+00:00
[2023-03-28 22:38:42,660] {processor.py:161} INFO - Processing /home/airflow/.local/lib/python3.7/site-packages/airflow/example_dags/example_bash_operator.py took 0.153 seconds
[2023-03-28 22:39:13,152] {processor.py:153} INFO - Started process (PID=4210) to work on /home/airflow/.local/lib/python3.7/site-packages/airflow/example_dags/example_bash_operator.py
[2023-03-28 22:39:13,153] {processor.py:641} INFO - Processing file /home/airflow/.local/lib/python3.7/site-packages/airflow/example_dags/example_bash_operator.py for tasks to queue
[2023-03-28 22:39:13,153] {logging_mixin.py:115} INFO - [2023-03-28 22:39:13,153] {dagbag.py:507} INFO - Filling up the DagBag from /home/airflow/.local/lib/python3.7/site-packages/airflow/example_dags/example_bash_operator.py
[2023-03-28 22:39:13,161] {processor.py:651} INFO - DAG(s) dict_keys(['example_bash_operator']) retrieved from /home/airflow/.local/lib/python3.7/site-packages/airflow/example_dags/example_bash_operator.py
[2023-03-28 22:39:13,182] {logging_mixin.py:115} INFO - [2023-03-28 22:39:13,182] {dag.py:2371} INFO - Sync 1 DAGs
[2023-03-28 22:39:13,203] {logging_mixin.py:115} INFO - [2023-03-28 22:39:13,203] {dag.py:2919} INFO - Setting next_dagrun for example_bash_operator to 2023-03-27T00:00:00+00:00, run_after=2023-03-28T00:00:00+00:00
[2023-03-28 22:39:13,300] {processor.py:161} INFO - Processing /home/airflow/.local/lib/python3.7/site-packages/airflow/example_dags/example_bash_operator.py took 0.149 seconds
[2023-03-28 22:39:43,910] {processor.py:153} INFO - Started process (PID=4275) to work on /home/airflow/.local/lib/python3.7/site-packages/airflow/example_dags/example_bash_operator.py
[2023-03-28 22:39:43,911] {processor.py:641} INFO - Processing file /home/airflow/.local/lib/python3.7/site-packages/airflow/example_dags/example_bash_operator.py for tasks to queue
[2023-03-28 22:39:43,911] {logging_mixin.py:115} INFO - [2023-03-28 22:39:43,911] {dagbag.py:507} INFO - Filling up the DagBag from /home/airflow/.local/lib/python3.7/site-packages/airflow/example_dags/example_bash_operator.py
[2023-03-28 22:39:43,920] {processor.py:651} INFO - DAG(s) dict_keys(['example_bash_operator']) retrieved from /home/airflow/.local/lib/python3.7/site-packages/airflow/example_dags/example_bash_operator.py
[2023-03-28 22:39:43,943] {logging_mixin.py:115} INFO - [2023-03-28 22:39:43,943] {dag.py:2371} INFO - Sync 1 DAGs
[2023-03-28 22:39:43,963] {logging_mixin.py:115} INFO - [2023-03-28 22:39:43,963] {dag.py:2919} INFO - Setting next_dagrun for example_bash_operator to 2023-03-27T00:00:00+00:00, run_after=2023-03-28T00:00:00+00:00
[2023-03-28 22:39:44,060] {processor.py:161} INFO - Processing /home/airflow/.local/lib/python3.7/site-packages/airflow/example_dags/example_bash_operator.py took 0.152 seconds
[2023-03-28 22:40:14,762] {processor.py:153} INFO - Started process (PID=4330) to work on /home/airflow/.local/lib/python3.7/site-packages/airflow/example_dags/example_bash_operator.py
[2023-03-28 22:40:14,763] {processor.py:641} INFO - Processing file /home/airflow/.local/lib/python3.7/site-packages/airflow/example_dags/example_bash_operator.py for tasks to queue
[2023-03-28 22:40:14,763] {logging_mixin.py:115} INFO - [2023-03-28 22:40:14,763] {dagbag.py:507} INFO - Filling up the DagBag from /home/airflow/.local/lib/python3.7/site-packages/airflow/example_dags/example_bash_operator.py
[2023-03-28 22:40:14,771] {processor.py:651} INFO - DAG(s) dict_keys(['example_bash_operator']) retrieved from /home/airflow/.local/lib/python3.7/site-packages/airflow/example_dags/example_bash_operator.py
[2023-03-28 22:40:14,794] {logging_mixin.py:115} INFO - [2023-03-28 22:40:14,794] {dag.py:2371} INFO - Sync 1 DAGs
[2023-03-28 22:40:14,908] {logging_mixin.py:115} INFO - [2023-03-28 22:40:14,907] {dag.py:2919} INFO - Setting next_dagrun for example_bash_operator to 2023-03-27T00:00:00+00:00, run_after=2023-03-28T00:00:00+00:00
[2023-03-28 22:40:14,921] {processor.py:161} INFO - Processing /home/airflow/.local/lib/python3.7/site-packages/airflow/example_dags/example_bash_operator.py took 0.160 seconds
[2023-03-28 22:41:28,238] {processor.py:153} INFO - Started process (PID=69) to work on /home/airflow/.local/lib/python3.7/site-packages/airflow/example_dags/example_bash_operator.py
[2023-03-28 22:41:28,239] {processor.py:641} INFO - Processing file /home/airflow/.local/lib/python3.7/site-packages/airflow/example_dags/example_bash_operator.py for tasks to queue
[2023-03-28 22:41:28,240] {logging_mixin.py:115} INFO - [2023-03-28 22:41:28,240] {dagbag.py:507} INFO - Filling up the DagBag from /home/airflow/.local/lib/python3.7/site-packages/airflow/example_dags/example_bash_operator.py
[2023-03-28 22:41:28,249] {processor.py:651} INFO - DAG(s) dict_keys(['example_bash_operator']) retrieved from /home/airflow/.local/lib/python3.7/site-packages/airflow/example_dags/example_bash_operator.py
[2023-03-28 22:41:28,277] {logging_mixin.py:115} INFO - [2023-03-28 22:41:28,276] {dag.py:2371} INFO - Sync 1 DAGs
[2023-03-28 22:41:28,302] {logging_mixin.py:115} INFO - [2023-03-28 22:41:28,302] {dag.py:2919} INFO - Setting next_dagrun for example_bash_operator to 2023-03-27T00:00:00+00:00, run_after=2023-03-28T00:00:00+00:00
[2023-03-28 22:41:28,320] {processor.py:161} INFO - Processing /home/airflow/.local/lib/python3.7/site-packages/airflow/example_dags/example_bash_operator.py took 0.084 seconds
[2023-03-28 22:41:58,732] {processor.py:153} INFO - Started process (PID=134) to work on /home/airflow/.local/lib/python3.7/site-packages/airflow/example_dags/example_bash_operator.py
[2023-03-28 22:41:58,733] {processor.py:641} INFO - Processing file /home/airflow/.local/lib/python3.7/site-packages/airflow/example_dags/example_bash_operator.py for tasks to queue
[2023-03-28 22:41:58,734] {logging_mixin.py:115} INFO - [2023-03-28 22:41:58,734] {dagbag.py:507} INFO - Filling up the DagBag from /home/airflow/.local/lib/python3.7/site-packages/airflow/example_dags/example_bash_operator.py
[2023-03-28 22:41:58,743] {processor.py:651} INFO - DAG(s) dict_keys(['example_bash_operator']) retrieved from /home/airflow/.local/lib/python3.7/site-packages/airflow/example_dags/example_bash_operator.py
[2023-03-28 22:41:58,769] {logging_mixin.py:115} INFO - [2023-03-28 22:41:58,768] {dag.py:2371} INFO - Sync 1 DAGs
[2023-03-28 22:41:58,790] {logging_mixin.py:115} INFO - [2023-03-28 22:41:58,790] {dag.py:2919} INFO - Setting next_dagrun for example_bash_operator to 2023-03-27T00:00:00+00:00, run_after=2023-03-28T00:00:00+00:00
[2023-03-28 22:41:58,804] {processor.py:161} INFO - Processing /home/airflow/.local/lib/python3.7/site-packages/airflow/example_dags/example_bash_operator.py took 0.074 seconds
[2023-03-28 22:42:29,226] {processor.py:153} INFO - Started process (PID=199) to work on /home/airflow/.local/lib/python3.7/site-packages/airflow/example_dags/example_bash_operator.py
[2023-03-28 22:42:29,226] {processor.py:641} INFO - Processing file /home/airflow/.local/lib/python3.7/site-packages/airflow/example_dags/example_bash_operator.py for tasks to queue
[2023-03-28 22:42:29,227] {logging_mixin.py:115} INFO - [2023-03-28 22:42:29,226] {dagbag.py:507} INFO - Filling up the DagBag from /home/airflow/.local/lib/python3.7/site-packages/airflow/example_dags/example_bash_operator.py
[2023-03-28 22:42:29,235] {processor.py:651} INFO - DAG(s) dict_keys(['example_bash_operator']) retrieved from /home/airflow/.local/lib/python3.7/site-packages/airflow/example_dags/example_bash_operator.py
[2023-03-28 22:42:29,261] {logging_mixin.py:115} INFO - [2023-03-28 22:42:29,261] {dag.py:2371} INFO - Sync 1 DAGs
[2023-03-28 22:42:29,283] {logging_mixin.py:115} INFO - [2023-03-28 22:42:29,283] {dag.py:2919} INFO - Setting next_dagrun for example_bash_operator to 2023-03-27T00:00:00+00:00, run_after=2023-03-28T00:00:00+00:00
[2023-03-28 22:42:29,296] {processor.py:161} INFO - Processing /home/airflow/.local/lib/python3.7/site-packages/airflow/example_dags/example_bash_operator.py took 0.072 seconds
[2023-03-28 22:42:59,561] {processor.py:153} INFO - Started process (PID=254) to work on /home/airflow/.local/lib/python3.7/site-packages/airflow/example_dags/example_bash_operator.py
[2023-03-28 22:42:59,562] {processor.py:641} INFO - Processing file /home/airflow/.local/lib/python3.7/site-packages/airflow/example_dags/example_bash_operator.py for tasks to queue
[2023-03-28 22:42:59,563] {logging_mixin.py:115} INFO - [2023-03-28 22:42:59,562] {dagbag.py:507} INFO - Filling up the DagBag from /home/airflow/.local/lib/python3.7/site-packages/airflow/example_dags/example_bash_operator.py
[2023-03-28 22:42:59,570] {processor.py:651} INFO - DAG(s) dict_keys(['example_bash_operator']) retrieved from /home/airflow/.local/lib/python3.7/site-packages/airflow/example_dags/example_bash_operator.py
[2023-03-28 22:42:59,593] {logging_mixin.py:115} INFO - [2023-03-28 22:42:59,593] {dag.py:2371} INFO - Sync 1 DAGs
[2023-03-28 22:42:59,614] {logging_mixin.py:115} INFO - [2023-03-28 22:42:59,614] {dag.py:2919} INFO - Setting next_dagrun for example_bash_operator to 2023-03-27T00:00:00+00:00, run_after=2023-03-28T00:00:00+00:00
[2023-03-28 22:42:59,628] {processor.py:161} INFO - Processing /home/airflow/.local/lib/python3.7/site-packages/airflow/example_dags/example_bash_operator.py took 0.069 seconds
[2023-03-28 22:43:30,391] {processor.py:153} INFO - Started process (PID=318) to work on /home/airflow/.local/lib/python3.7/site-packages/airflow/example_dags/example_bash_operator.py
[2023-03-28 22:43:30,391] {processor.py:641} INFO - Processing file /home/airflow/.local/lib/python3.7/site-packages/airflow/example_dags/example_bash_operator.py for tasks to queue
[2023-03-28 22:43:30,392] {logging_mixin.py:115} INFO - [2023-03-28 22:43:30,392] {dagbag.py:507} INFO - Filling up the DagBag from /home/airflow/.local/lib/python3.7/site-packages/airflow/example_dags/example_bash_operator.py
[2023-03-28 22:43:30,401] {processor.py:651} INFO - DAG(s) dict_keys(['example_bash_operator']) retrieved from /home/airflow/.local/lib/python3.7/site-packages/airflow/example_dags/example_bash_operator.py
[2023-03-28 22:43:30,429] {logging_mixin.py:115} INFO - [2023-03-28 22:43:30,428] {dag.py:2371} INFO - Sync 1 DAGs
[2023-03-28 22:43:30,452] {logging_mixin.py:115} INFO - [2023-03-28 22:43:30,452] {dag.py:2919} INFO - Setting next_dagrun for example_bash_operator to 2023-03-27T00:00:00+00:00, run_after=2023-03-28T00:00:00+00:00
[2023-03-28 22:43:30,466] {processor.py:161} INFO - Processing /home/airflow/.local/lib/python3.7/site-packages/airflow/example_dags/example_bash_operator.py took 0.078 seconds
[2023-03-28 22:44:00,842] {processor.py:153} INFO - Started process (PID=382) to work on /home/airflow/.local/lib/python3.7/site-packages/airflow/example_dags/example_bash_operator.py
[2023-03-28 22:44:00,843] {processor.py:641} INFO - Processing file /home/airflow/.local/lib/python3.7/site-packages/airflow/example_dags/example_bash_operator.py for tasks to queue
[2023-03-28 22:44:00,843] {logging_mixin.py:115} INFO - [2023-03-28 22:44:00,843] {dagbag.py:507} INFO - Filling up the DagBag from /home/airflow/.local/lib/python3.7/site-packages/airflow/example_dags/example_bash_operator.py
[2023-03-28 22:44:00,857] {processor.py:651} INFO - DAG(s) dict_keys(['example_bash_operator']) retrieved from /home/airflow/.local/lib/python3.7/site-packages/airflow/example_dags/example_bash_operator.py
[2023-03-28 22:44:00,890] {logging_mixin.py:115} INFO - [2023-03-28 22:44:00,890] {dag.py:2371} INFO - Sync 1 DAGs
[2023-03-28 22:44:00,921] {logging_mixin.py:115} INFO - [2023-03-28 22:44:00,921] {dag.py:2919} INFO - Setting next_dagrun for example_bash_operator to 2023-03-27T00:00:00+00:00, run_after=2023-03-28T00:00:00+00:00
[2023-03-28 22:44:00,939] {processor.py:161} INFO - Processing /home/airflow/.local/lib/python3.7/site-packages/airflow/example_dags/example_bash_operator.py took 0.100 seconds
[2023-03-28 22:44:31,042] {processor.py:153} INFO - Started process (PID=437) to work on /home/airflow/.local/lib/python3.7/site-packages/airflow/example_dags/example_bash_operator.py
[2023-03-28 22:44:31,043] {processor.py:641} INFO - Processing file /home/airflow/.local/lib/python3.7/site-packages/airflow/example_dags/example_bash_operator.py for tasks to queue
[2023-03-28 22:44:31,043] {logging_mixin.py:115} INFO - [2023-03-28 22:44:31,043] {dagbag.py:507} INFO - Filling up the DagBag from /home/airflow/.local/lib/python3.7/site-packages/airflow/example_dags/example_bash_operator.py
[2023-03-28 22:44:31,051] {processor.py:651} INFO - DAG(s) dict_keys(['example_bash_operator']) retrieved from /home/airflow/.local/lib/python3.7/site-packages/airflow/example_dags/example_bash_operator.py
[2023-03-28 22:44:31,072] {logging_mixin.py:115} INFO - [2023-03-28 22:44:31,072] {dag.py:2371} INFO - Sync 1 DAGs
[2023-03-28 22:44:31,093] {logging_mixin.py:115} INFO - [2023-03-28 22:44:31,093] {dag.py:2919} INFO - Setting next_dagrun for example_bash_operator to 2023-03-27T00:00:00+00:00, run_after=2023-03-28T00:00:00+00:00
[2023-03-28 22:44:31,107] {processor.py:161} INFO - Processing /home/airflow/.local/lib/python3.7/site-packages/airflow/example_dags/example_bash_operator.py took 0.066 seconds
[2023-03-28 22:45:02,020] {processor.py:153} INFO - Started process (PID=501) to work on /home/airflow/.local/lib/python3.7/site-packages/airflow/example_dags/example_bash_operator.py
[2023-03-28 22:45:02,020] {processor.py:641} INFO - Processing file /home/airflow/.local/lib/python3.7/site-packages/airflow/example_dags/example_bash_operator.py for tasks to queue
[2023-03-28 22:45:02,021] {logging_mixin.py:115} INFO - [2023-03-28 22:45:02,021] {dagbag.py:507} INFO - Filling up the DagBag from /home/airflow/.local/lib/python3.7/site-packages/airflow/example_dags/example_bash_operator.py
[2023-03-28 22:45:02,029] {processor.py:651} INFO - DAG(s) dict_keys(['example_bash_operator']) retrieved from /home/airflow/.local/lib/python3.7/site-packages/airflow/example_dags/example_bash_operator.py
[2023-03-28 22:45:02,052] {logging_mixin.py:115} INFO - [2023-03-28 22:45:02,052] {dag.py:2371} INFO - Sync 1 DAGs
[2023-03-28 22:45:02,075] {logging_mixin.py:115} INFO - [2023-03-28 22:45:02,075] {dag.py:2919} INFO - Setting next_dagrun for example_bash_operator to 2023-03-27T00:00:00+00:00, run_after=2023-03-28T00:00:00+00:00
[2023-03-28 22:45:02,089] {processor.py:161} INFO - Processing /home/airflow/.local/lib/python3.7/site-packages/airflow/example_dags/example_bash_operator.py took 0.071 seconds
[2023-03-28 22:45:33,103] {processor.py:153} INFO - Started process (PID=565) to work on /home/airflow/.local/lib/python3.7/site-packages/airflow/example_dags/example_bash_operator.py
[2023-03-28 22:45:33,104] {processor.py:641} INFO - Processing file /home/airflow/.local/lib/python3.7/site-packages/airflow/example_dags/example_bash_operator.py for tasks to queue
[2023-03-28 22:45:33,105] {logging_mixin.py:115} INFO - [2023-03-28 22:45:33,104] {dagbag.py:507} INFO - Filling up the DagBag from /home/airflow/.local/lib/python3.7/site-packages/airflow/example_dags/example_bash_operator.py
[2023-03-28 22:45:33,114] {processor.py:651} INFO - DAG(s) dict_keys(['example_bash_operator']) retrieved from /home/airflow/.local/lib/python3.7/site-packages/airflow/example_dags/example_bash_operator.py
[2023-03-28 22:45:33,138] {logging_mixin.py:115} INFO - [2023-03-28 22:45:33,138] {dag.py:2371} INFO - Sync 1 DAGs
[2023-03-28 22:45:33,163] {logging_mixin.py:115} INFO - [2023-03-28 22:45:33,162] {dag.py:2919} INFO - Setting next_dagrun for example_bash_operator to 2023-03-27T00:00:00+00:00, run_after=2023-03-28T00:00:00+00:00
[2023-03-28 22:45:33,178] {processor.py:161} INFO - Processing /home/airflow/.local/lib/python3.7/site-packages/airflow/example_dags/example_bash_operator.py took 0.078 seconds
[2023-03-28 22:46:03,201] {processor.py:153} INFO - Started process (PID=620) to work on /home/airflow/.local/lib/python3.7/site-packages/airflow/example_dags/example_bash_operator.py
[2023-03-28 22:46:03,202] {processor.py:641} INFO - Processing file /home/airflow/.local/lib/python3.7/site-packages/airflow/example_dags/example_bash_operator.py for tasks to queue
[2023-03-28 22:46:03,202] {logging_mixin.py:115} INFO - [2023-03-28 22:46:03,202] {dagbag.py:507} INFO - Filling up the DagBag from /home/airflow/.local/lib/python3.7/site-packages/airflow/example_dags/example_bash_operator.py
[2023-03-28 22:46:03,210] {processor.py:651} INFO - DAG(s) dict_keys(['example_bash_operator']) retrieved from /home/airflow/.local/lib/python3.7/site-packages/airflow/example_dags/example_bash_operator.py
[2023-03-28 22:46:03,234] {logging_mixin.py:115} INFO - [2023-03-28 22:46:03,234] {dag.py:2371} INFO - Sync 1 DAGs
[2023-03-28 22:46:03,254] {logging_mixin.py:115} INFO - [2023-03-28 22:46:03,254] {dag.py:2919} INFO - Setting next_dagrun for example_bash_operator to 2023-03-27T00:00:00+00:00, run_after=2023-03-28T00:00:00+00:00
[2023-03-28 22:46:03,268] {processor.py:161} INFO - Processing /home/airflow/.local/lib/python3.7/site-packages/airflow/example_dags/example_bash_operator.py took 0.069 seconds
[2023-03-28 22:46:33,480] {processor.py:153} INFO - Started process (PID=685) to work on /home/airflow/.local/lib/python3.7/site-packages/airflow/example_dags/example_bash_operator.py
[2023-03-28 22:46:33,480] {processor.py:641} INFO - Processing file /home/airflow/.local/lib/python3.7/site-packages/airflow/example_dags/example_bash_operator.py for tasks to queue
[2023-03-28 22:46:33,481] {logging_mixin.py:115} INFO - [2023-03-28 22:46:33,481] {dagbag.py:507} INFO - Filling up the DagBag from /home/airflow/.local/lib/python3.7/site-packages/airflow/example_dags/example_bash_operator.py
[2023-03-28 22:46:33,490] {processor.py:651} INFO - DAG(s) dict_keys(['example_bash_operator']) retrieved from /home/airflow/.local/lib/python3.7/site-packages/airflow/example_dags/example_bash_operator.py
[2023-03-28 22:46:33,512] {logging_mixin.py:115} INFO - [2023-03-28 22:46:33,512] {dag.py:2371} INFO - Sync 1 DAGs
[2023-03-28 22:46:33,533] {logging_mixin.py:115} INFO - [2023-03-28 22:46:33,533] {dag.py:2919} INFO - Setting next_dagrun for example_bash_operator to 2023-03-27T00:00:00+00:00, run_after=2023-03-28T00:00:00+00:00
[2023-03-28 22:46:33,547] {processor.py:161} INFO - Processing /home/airflow/.local/lib/python3.7/site-packages/airflow/example_dags/example_bash_operator.py took 0.070 seconds
[2023-03-28 22:47:03,772] {processor.py:153} INFO - Started process (PID=749) to work on /home/airflow/.local/lib/python3.7/site-packages/airflow/example_dags/example_bash_operator.py
[2023-03-28 22:47:03,773] {processor.py:641} INFO - Processing file /home/airflow/.local/lib/python3.7/site-packages/airflow/example_dags/example_bash_operator.py for tasks to queue
[2023-03-28 22:47:03,773] {logging_mixin.py:115} INFO - [2023-03-28 22:47:03,773] {dagbag.py:507} INFO - Filling up the DagBag from /home/airflow/.local/lib/python3.7/site-packages/airflow/example_dags/example_bash_operator.py
[2023-03-28 22:47:03,782] {processor.py:651} INFO - DAG(s) dict_keys(['example_bash_operator']) retrieved from /home/airflow/.local/lib/python3.7/site-packages/airflow/example_dags/example_bash_operator.py
[2023-03-28 22:47:03,810] {logging_mixin.py:115} INFO - [2023-03-28 22:47:03,810] {dag.py:2371} INFO - Sync 1 DAGs
[2023-03-28 22:47:03,832] {logging_mixin.py:115} INFO - [2023-03-28 22:47:03,832] {dag.py:2919} INFO - Setting next_dagrun for example_bash_operator to 2023-03-27T00:00:00+00:00, run_after=2023-03-28T00:00:00+00:00
[2023-03-28 22:47:03,845] {processor.py:161} INFO - Processing /home/airflow/.local/lib/python3.7/site-packages/airflow/example_dags/example_bash_operator.py took 0.075 seconds
[2023-03-28 22:48:14,758] {processor.py:153} INFO - Started process (PID=79) to work on /home/airflow/.local/lib/python3.7/site-packages/airflow/example_dags/example_bash_operator.py
[2023-03-28 22:48:14,759] {processor.py:641} INFO - Processing file /home/airflow/.local/lib/python3.7/site-packages/airflow/example_dags/example_bash_operator.py for tasks to queue
[2023-03-28 22:48:14,759] {logging_mixin.py:115} INFO - [2023-03-28 22:48:14,759] {dagbag.py:507} INFO - Filling up the DagBag from /home/airflow/.local/lib/python3.7/site-packages/airflow/example_dags/example_bash_operator.py
[2023-03-28 22:48:14,769] {processor.py:651} INFO - DAG(s) dict_keys(['example_bash_operator']) retrieved from /home/airflow/.local/lib/python3.7/site-packages/airflow/example_dags/example_bash_operator.py
[2023-03-28 22:48:14,797] {logging_mixin.py:115} INFO - [2023-03-28 22:48:14,797] {dag.py:2371} INFO - Sync 1 DAGs
[2023-03-28 22:48:14,942] {logging_mixin.py:115} INFO - [2023-03-28 22:48:14,941] {dag.py:2919} INFO - Setting next_dagrun for example_bash_operator to 2023-03-27T00:00:00+00:00, run_after=2023-03-28T00:00:00+00:00
[2023-03-28 22:48:14,956] {processor.py:161} INFO - Processing /home/airflow/.local/lib/python3.7/site-packages/airflow/example_dags/example_bash_operator.py took 0.201 seconds
[2023-03-28 22:48:45,736] {processor.py:153} INFO - Started process (PID=141) to work on /home/airflow/.local/lib/python3.7/site-packages/airflow/example_dags/example_bash_operator.py
[2023-03-28 22:48:45,737] {processor.py:641} INFO - Processing file /home/airflow/.local/lib/python3.7/site-packages/airflow/example_dags/example_bash_operator.py for tasks to queue
[2023-03-28 22:48:45,738] {logging_mixin.py:115} INFO - [2023-03-28 22:48:45,738] {dagbag.py:507} INFO - Filling up the DagBag from /home/airflow/.local/lib/python3.7/site-packages/airflow/example_dags/example_bash_operator.py
[2023-03-28 22:48:45,749] {processor.py:651} INFO - DAG(s) dict_keys(['example_bash_operator']) retrieved from /home/airflow/.local/lib/python3.7/site-packages/airflow/example_dags/example_bash_operator.py
[2023-03-28 22:48:45,776] {logging_mixin.py:115} INFO - [2023-03-28 22:48:45,776] {dag.py:2371} INFO - Sync 1 DAGs
[2023-03-28 22:48:45,908] {logging_mixin.py:115} INFO - [2023-03-28 22:48:45,908] {dag.py:2919} INFO - Setting next_dagrun for example_bash_operator to 2023-03-27T00:00:00+00:00, run_after=2023-03-28T00:00:00+00:00
[2023-03-28 22:48:45,922] {processor.py:161} INFO - Processing /home/airflow/.local/lib/python3.7/site-packages/airflow/example_dags/example_bash_operator.py took 0.188 seconds
[2023-03-28 22:49:16,677] {processor.py:153} INFO - Started process (PID=199) to work on /home/airflow/.local/lib/python3.7/site-packages/airflow/example_dags/example_bash_operator.py
[2023-03-28 22:49:16,677] {processor.py:641} INFO - Processing file /home/airflow/.local/lib/python3.7/site-packages/airflow/example_dags/example_bash_operator.py for tasks to queue
[2023-03-28 22:49:16,677] {logging_mixin.py:115} INFO - [2023-03-28 22:49:16,677] {dagbag.py:507} INFO - Filling up the DagBag from /home/airflow/.local/lib/python3.7/site-packages/airflow/example_dags/example_bash_operator.py
[2023-03-28 22:49:16,685] {processor.py:651} INFO - DAG(s) dict_keys(['example_bash_operator']) retrieved from /home/airflow/.local/lib/python3.7/site-packages/airflow/example_dags/example_bash_operator.py
[2023-03-28 22:49:16,709] {logging_mixin.py:115} INFO - [2023-03-28 22:49:16,709] {dag.py:2371} INFO - Sync 1 DAGs
[2023-03-28 22:49:16,831] {logging_mixin.py:115} INFO - [2023-03-28 22:49:16,831] {dag.py:2919} INFO - Setting next_dagrun for example_bash_operator to 2023-03-27T00:00:00+00:00, run_after=2023-03-28T00:00:00+00:00
[2023-03-28 22:49:16,844] {processor.py:161} INFO - Processing /home/airflow/.local/lib/python3.7/site-packages/airflow/example_dags/example_bash_operator.py took 0.169 seconds
[2023-03-28 22:49:47,290] {processor.py:153} INFO - Started process (PID=264) to work on /home/airflow/.local/lib/python3.7/site-packages/airflow/example_dags/example_bash_operator.py
[2023-03-28 22:49:47,291] {processor.py:641} INFO - Processing file /home/airflow/.local/lib/python3.7/site-packages/airflow/example_dags/example_bash_operator.py for tasks to queue
[2023-03-28 22:49:47,292] {logging_mixin.py:115} INFO - [2023-03-28 22:49:47,292] {dagbag.py:507} INFO - Filling up the DagBag from /home/airflow/.local/lib/python3.7/site-packages/airflow/example_dags/example_bash_operator.py
[2023-03-28 22:49:47,299] {processor.py:651} INFO - DAG(s) dict_keys(['example_bash_operator']) retrieved from /home/airflow/.local/lib/python3.7/site-packages/airflow/example_dags/example_bash_operator.py
[2023-03-28 22:49:47,323] {logging_mixin.py:115} INFO - [2023-03-28 22:49:47,323] {dag.py:2371} INFO - Sync 1 DAGs
[2023-03-28 22:49:47,466] {logging_mixin.py:115} INFO - [2023-03-28 22:49:47,466] {dag.py:2919} INFO - Setting next_dagrun for example_bash_operator to 2023-03-27T00:00:00+00:00, run_after=2023-03-28T00:00:00+00:00
[2023-03-28 22:49:47,479] {processor.py:161} INFO - Processing /home/airflow/.local/lib/python3.7/site-packages/airflow/example_dags/example_bash_operator.py took 0.190 seconds
[2023-03-28 22:50:19,213] {processor.py:153} INFO - Started process (PID=328) to work on /home/airflow/.local/lib/python3.7/site-packages/airflow/example_dags/example_bash_operator.py
[2023-03-28 22:50:19,215] {processor.py:641} INFO - Processing file /home/airflow/.local/lib/python3.7/site-packages/airflow/example_dags/example_bash_operator.py for tasks to queue
[2023-03-28 22:50:19,217] {logging_mixin.py:115} INFO - [2023-03-28 22:50:19,217] {dagbag.py:507} INFO - Filling up the DagBag from /home/airflow/.local/lib/python3.7/site-packages/airflow/example_dags/example_bash_operator.py
[2023-03-28 22:50:19,262] {processor.py:651} INFO - DAG(s) dict_keys(['example_bash_operator']) retrieved from /home/airflow/.local/lib/python3.7/site-packages/airflow/example_dags/example_bash_operator.py
[2023-03-28 22:50:19,371] {logging_mixin.py:115} INFO - [2023-03-28 22:50:19,371] {dag.py:2371} INFO - Sync 1 DAGs
[2023-03-28 22:50:19,744] {logging_mixin.py:115} INFO - [2023-03-28 22:50:19,744] {dag.py:2919} INFO - Setting next_dagrun for example_bash_operator to 2023-03-27T00:00:00+00:00, run_after=2023-03-28T00:00:00+00:00
[2023-03-28 22:50:19,766] {processor.py:161} INFO - Processing /home/airflow/.local/lib/python3.7/site-packages/airflow/example_dags/example_bash_operator.py took 0.565 seconds
[2023-03-28 22:50:50,710] {processor.py:153} INFO - Started process (PID=384) to work on /home/airflow/.local/lib/python3.7/site-packages/airflow/example_dags/example_bash_operator.py
[2023-03-28 22:50:50,710] {processor.py:641} INFO - Processing file /home/airflow/.local/lib/python3.7/site-packages/airflow/example_dags/example_bash_operator.py for tasks to queue
[2023-03-28 22:50:50,710] {logging_mixin.py:115} INFO - [2023-03-28 22:50:50,710] {dagbag.py:507} INFO - Filling up the DagBag from /home/airflow/.local/lib/python3.7/site-packages/airflow/example_dags/example_bash_operator.py
[2023-03-28 22:50:50,719] {processor.py:651} INFO - DAG(s) dict_keys(['example_bash_operator']) retrieved from /home/airflow/.local/lib/python3.7/site-packages/airflow/example_dags/example_bash_operator.py
[2023-03-28 22:50:50,745] {logging_mixin.py:115} INFO - [2023-03-28 22:50:50,745] {dag.py:2371} INFO - Sync 1 DAGs
[2023-03-28 22:50:50,872] {logging_mixin.py:115} INFO - [2023-03-28 22:50:50,872] {dag.py:2919} INFO - Setting next_dagrun for example_bash_operator to 2023-03-27T00:00:00+00:00, run_after=2023-03-28T00:00:00+00:00
[2023-03-28 22:50:50,884] {processor.py:161} INFO - Processing /home/airflow/.local/lib/python3.7/site-packages/airflow/example_dags/example_bash_operator.py took 0.177 seconds
[2023-03-28 22:52:17,033] {processor.py:153} INFO - Started process (PID=69) to work on /home/airflow/.local/lib/python3.7/site-packages/airflow/example_dags/example_bash_operator.py
[2023-03-28 22:52:17,034] {processor.py:641} INFO - Processing file /home/airflow/.local/lib/python3.7/site-packages/airflow/example_dags/example_bash_operator.py for tasks to queue
[2023-03-28 22:52:17,035] {logging_mixin.py:115} INFO - [2023-03-28 22:52:17,035] {dagbag.py:507} INFO - Filling up the DagBag from /home/airflow/.local/lib/python3.7/site-packages/airflow/example_dags/example_bash_operator.py
[2023-03-28 22:52:17,045] {processor.py:651} INFO - DAG(s) dict_keys(['example_bash_operator']) retrieved from /home/airflow/.local/lib/python3.7/site-packages/airflow/example_dags/example_bash_operator.py
[2023-03-28 22:52:17,077] {logging_mixin.py:115} INFO - [2023-03-28 22:52:17,077] {dag.py:2371} INFO - Sync 1 DAGs
[2023-03-28 22:52:17,099] {logging_mixin.py:115} INFO - [2023-03-28 22:52:17,099] {dag.py:2919} INFO - Setting next_dagrun for example_bash_operator to 2023-03-27T00:00:00+00:00, run_after=2023-03-28T00:00:00+00:00
[2023-03-28 22:52:17,114] {processor.py:161} INFO - Processing /home/airflow/.local/lib/python3.7/site-packages/airflow/example_dags/example_bash_operator.py took 0.085 seconds
[2023-03-28 22:52:47,252] {processor.py:153} INFO - Started process (PID=133) to work on /home/airflow/.local/lib/python3.7/site-packages/airflow/example_dags/example_bash_operator.py
[2023-03-28 22:52:47,253] {processor.py:641} INFO - Processing file /home/airflow/.local/lib/python3.7/site-packages/airflow/example_dags/example_bash_operator.py for tasks to queue
[2023-03-28 22:52:47,253] {logging_mixin.py:115} INFO - [2023-03-28 22:52:47,253] {dagbag.py:507} INFO - Filling up the DagBag from /home/airflow/.local/lib/python3.7/site-packages/airflow/example_dags/example_bash_operator.py
[2023-03-28 22:52:47,261] {processor.py:651} INFO - DAG(s) dict_keys(['example_bash_operator']) retrieved from /home/airflow/.local/lib/python3.7/site-packages/airflow/example_dags/example_bash_operator.py
[2023-03-28 22:52:47,282] {logging_mixin.py:115} INFO - [2023-03-28 22:52:47,282] {dag.py:2371} INFO - Sync 1 DAGs
[2023-03-28 22:52:47,301] {logging_mixin.py:115} INFO - [2023-03-28 22:52:47,301] {dag.py:2919} INFO - Setting next_dagrun for example_bash_operator to 2023-03-27T00:00:00+00:00, run_after=2023-03-28T00:00:00+00:00
[2023-03-28 22:52:47,314] {processor.py:161} INFO - Processing /home/airflow/.local/lib/python3.7/site-packages/airflow/example_dags/example_bash_operator.py took 0.064 seconds
[2023-03-28 22:53:17,985] {processor.py:153} INFO - Started process (PID=197) to work on /home/airflow/.local/lib/python3.7/site-packages/airflow/example_dags/example_bash_operator.py
[2023-03-28 22:53:17,986] {processor.py:641} INFO - Processing file /home/airflow/.local/lib/python3.7/site-packages/airflow/example_dags/example_bash_operator.py for tasks to queue
[2023-03-28 22:53:17,986] {logging_mixin.py:115} INFO - [2023-03-28 22:53:17,986] {dagbag.py:507} INFO - Filling up the DagBag from /home/airflow/.local/lib/python3.7/site-packages/airflow/example_dags/example_bash_operator.py
[2023-03-28 22:53:17,995] {processor.py:651} INFO - DAG(s) dict_keys(['example_bash_operator']) retrieved from /home/airflow/.local/lib/python3.7/site-packages/airflow/example_dags/example_bash_operator.py
[2023-03-28 22:53:18,024] {logging_mixin.py:115} INFO - [2023-03-28 22:53:18,024] {dag.py:2371} INFO - Sync 1 DAGs
[2023-03-28 22:53:18,049] {logging_mixin.py:115} INFO - [2023-03-28 22:53:18,048] {dag.py:2919} INFO - Setting next_dagrun for example_bash_operator to 2023-03-27T00:00:00+00:00, run_after=2023-03-28T00:00:00+00:00
[2023-03-28 22:53:18,063] {processor.py:161} INFO - Processing /home/airflow/.local/lib/python3.7/site-packages/airflow/example_dags/example_bash_operator.py took 0.080 seconds
[2023-03-28 22:53:48,140] {processor.py:153} INFO - Started process (PID=252) to work on /home/airflow/.local/lib/python3.7/site-packages/airflow/example_dags/example_bash_operator.py
[2023-03-28 22:53:48,140] {processor.py:641} INFO - Processing file /home/airflow/.local/lib/python3.7/site-packages/airflow/example_dags/example_bash_operator.py for tasks to queue
[2023-03-28 22:53:48,141] {logging_mixin.py:115} INFO - [2023-03-28 22:53:48,141] {dagbag.py:507} INFO - Filling up the DagBag from /home/airflow/.local/lib/python3.7/site-packages/airflow/example_dags/example_bash_operator.py
[2023-03-28 22:53:48,148] {processor.py:651} INFO - DAG(s) dict_keys(['example_bash_operator']) retrieved from /home/airflow/.local/lib/python3.7/site-packages/airflow/example_dags/example_bash_operator.py
[2023-03-28 22:53:48,170] {logging_mixin.py:115} INFO - [2023-03-28 22:53:48,170] {dag.py:2371} INFO - Sync 1 DAGs
[2023-03-28 22:53:48,191] {logging_mixin.py:115} INFO - [2023-03-28 22:53:48,191] {dag.py:2919} INFO - Setting next_dagrun for example_bash_operator to 2023-03-27T00:00:00+00:00, run_after=2023-03-28T00:00:00+00:00
[2023-03-28 22:53:48,202] {processor.py:161} INFO - Processing /home/airflow/.local/lib/python3.7/site-packages/airflow/example_dags/example_bash_operator.py took 0.065 seconds
