[2023-03-28 22:23:49,921] {processor.py:153} INFO - Started process (PID=2354) to work on /home/airflow/.local/lib/python3.7/site-packages/airflow/example_dags/tutorial.py
[2023-03-28 22:23:49,921] {processor.py:641} INFO - Processing file /home/airflow/.local/lib/python3.7/site-packages/airflow/example_dags/tutorial.py for tasks to queue
[2023-03-28 22:23:49,922] {logging_mixin.py:115} INFO - [2023-03-28 22:23:49,922] {dagbag.py:507} INFO - Filling up the DagBag from /home/airflow/.local/lib/python3.7/site-packages/airflow/example_dags/tutorial.py
[2023-03-28 22:23:49,926] {processor.py:651} INFO - DAG(s) dict_keys(['tutorial']) retrieved from /home/airflow/.local/lib/python3.7/site-packages/airflow/example_dags/tutorial.py
[2023-03-28 22:23:49,949] {logging_mixin.py:115} INFO - [2023-03-28 22:23:49,949] {dag.py:2371} INFO - Sync 1 DAGs
[2023-03-28 22:23:49,969] {logging_mixin.py:115} INFO - [2023-03-28 22:23:49,969] {dag.py:2919} INFO - Setting next_dagrun for tutorial to 2023-03-27T22:23:49.969451+00:00, run_after=2023-03-28T22:23:49.969451+00:00
[2023-03-28 22:23:49,984] {processor.py:161} INFO - Processing /home/airflow/.local/lib/python3.7/site-packages/airflow/example_dags/tutorial.py took 0.065 seconds
[2023-03-28 22:24:20,876] {processor.py:153} INFO - Started process (PID=2409) to work on /home/airflow/.local/lib/python3.7/site-packages/airflow/example_dags/tutorial.py
[2023-03-28 22:24:20,877] {processor.py:641} INFO - Processing file /home/airflow/.local/lib/python3.7/site-packages/airflow/example_dags/tutorial.py for tasks to queue
[2023-03-28 22:24:20,877] {logging_mixin.py:115} INFO - [2023-03-28 22:24:20,877] {dagbag.py:507} INFO - Filling up the DagBag from /home/airflow/.local/lib/python3.7/site-packages/airflow/example_dags/tutorial.py
[2023-03-28 22:24:20,881] {processor.py:651} INFO - DAG(s) dict_keys(['tutorial']) retrieved from /home/airflow/.local/lib/python3.7/site-packages/airflow/example_dags/tutorial.py
[2023-03-28 22:24:20,901] {logging_mixin.py:115} INFO - [2023-03-28 22:24:20,901] {dag.py:2371} INFO - Sync 1 DAGs
[2023-03-28 22:24:20,918] {logging_mixin.py:115} INFO - [2023-03-28 22:24:20,918] {dag.py:2919} INFO - Setting next_dagrun for tutorial to 2023-03-27T22:24:20.918651+00:00, run_after=2023-03-28T22:24:20.918651+00:00
[2023-03-28 22:24:20,931] {processor.py:161} INFO - Processing /home/airflow/.local/lib/python3.7/site-packages/airflow/example_dags/tutorial.py took 0.057 seconds
[2023-03-28 22:24:51,456] {processor.py:153} INFO - Started process (PID=2473) to work on /home/airflow/.local/lib/python3.7/site-packages/airflow/example_dags/tutorial.py
[2023-03-28 22:24:51,457] {processor.py:641} INFO - Processing file /home/airflow/.local/lib/python3.7/site-packages/airflow/example_dags/tutorial.py for tasks to queue
[2023-03-28 22:24:51,457] {logging_mixin.py:115} INFO - [2023-03-28 22:24:51,457] {dagbag.py:507} INFO - Filling up the DagBag from /home/airflow/.local/lib/python3.7/site-packages/airflow/example_dags/tutorial.py
[2023-03-28 22:24:51,462] {processor.py:651} INFO - DAG(s) dict_keys(['tutorial']) retrieved from /home/airflow/.local/lib/python3.7/site-packages/airflow/example_dags/tutorial.py
[2023-03-28 22:24:51,483] {logging_mixin.py:115} INFO - [2023-03-28 22:24:51,483] {dag.py:2371} INFO - Sync 1 DAGs
[2023-03-28 22:24:51,503] {logging_mixin.py:115} INFO - [2023-03-28 22:24:51,503] {dag.py:2919} INFO - Setting next_dagrun for tutorial to 2023-03-27T22:24:51.503382+00:00, run_after=2023-03-28T22:24:51.503382+00:00
[2023-03-28 22:24:51,516] {processor.py:161} INFO - Processing /home/airflow/.local/lib/python3.7/site-packages/airflow/example_dags/tutorial.py took 0.062 seconds
[2023-03-28 22:25:22,374] {processor.py:153} INFO - Started process (PID=2537) to work on /home/airflow/.local/lib/python3.7/site-packages/airflow/example_dags/tutorial.py
[2023-03-28 22:25:22,374] {processor.py:641} INFO - Processing file /home/airflow/.local/lib/python3.7/site-packages/airflow/example_dags/tutorial.py for tasks to queue
[2023-03-28 22:25:22,374] {logging_mixin.py:115} INFO - [2023-03-28 22:25:22,374] {dagbag.py:507} INFO - Filling up the DagBag from /home/airflow/.local/lib/python3.7/site-packages/airflow/example_dags/tutorial.py
[2023-03-28 22:25:22,378] {processor.py:651} INFO - DAG(s) dict_keys(['tutorial']) retrieved from /home/airflow/.local/lib/python3.7/site-packages/airflow/example_dags/tutorial.py
[2023-03-28 22:25:22,399] {logging_mixin.py:115} INFO - [2023-03-28 22:25:22,399] {dag.py:2371} INFO - Sync 1 DAGs
[2023-03-28 22:25:22,418] {logging_mixin.py:115} INFO - [2023-03-28 22:25:22,418] {dag.py:2919} INFO - Setting next_dagrun for tutorial to 2023-03-27T22:25:22.417974+00:00, run_after=2023-03-28T22:25:22.417974+00:00
[2023-03-28 22:25:22,431] {processor.py:161} INFO - Processing /home/airflow/.local/lib/python3.7/site-packages/airflow/example_dags/tutorial.py took 0.060 seconds
[2023-03-28 22:25:53,311] {processor.py:153} INFO - Started process (PID=2592) to work on /home/airflow/.local/lib/python3.7/site-packages/airflow/example_dags/tutorial.py
[2023-03-28 22:25:53,312] {processor.py:641} INFO - Processing file /home/airflow/.local/lib/python3.7/site-packages/airflow/example_dags/tutorial.py for tasks to queue
[2023-03-28 22:25:53,313] {logging_mixin.py:115} INFO - [2023-03-28 22:25:53,313] {dagbag.py:507} INFO - Filling up the DagBag from /home/airflow/.local/lib/python3.7/site-packages/airflow/example_dags/tutorial.py
[2023-03-28 22:25:53,317] {processor.py:651} INFO - DAG(s) dict_keys(['tutorial']) retrieved from /home/airflow/.local/lib/python3.7/site-packages/airflow/example_dags/tutorial.py
[2023-03-28 22:25:53,340] {logging_mixin.py:115} INFO - [2023-03-28 22:25:53,340] {dag.py:2371} INFO - Sync 1 DAGs
[2023-03-28 22:25:53,359] {logging_mixin.py:115} INFO - [2023-03-28 22:25:53,359] {dag.py:2919} INFO - Setting next_dagrun for tutorial to 2023-03-27T22:25:53.359262+00:00, run_after=2023-03-28T22:25:53.359262+00:00
[2023-03-28 22:25:53,373] {processor.py:161} INFO - Processing /home/airflow/.local/lib/python3.7/site-packages/airflow/example_dags/tutorial.py took 0.064 seconds
[2023-03-28 22:26:24,158] {processor.py:153} INFO - Started process (PID=2657) to work on /home/airflow/.local/lib/python3.7/site-packages/airflow/example_dags/tutorial.py
[2023-03-28 22:26:24,158] {processor.py:641} INFO - Processing file /home/airflow/.local/lib/python3.7/site-packages/airflow/example_dags/tutorial.py for tasks to queue
[2023-03-28 22:26:24,158] {logging_mixin.py:115} INFO - [2023-03-28 22:26:24,158] {dagbag.py:507} INFO - Filling up the DagBag from /home/airflow/.local/lib/python3.7/site-packages/airflow/example_dags/tutorial.py
[2023-03-28 22:26:24,162] {processor.py:651} INFO - DAG(s) dict_keys(['tutorial']) retrieved from /home/airflow/.local/lib/python3.7/site-packages/airflow/example_dags/tutorial.py
[2023-03-28 22:26:24,183] {logging_mixin.py:115} INFO - [2023-03-28 22:26:24,182] {dag.py:2371} INFO - Sync 1 DAGs
[2023-03-28 22:26:24,201] {logging_mixin.py:115} INFO - [2023-03-28 22:26:24,200] {dag.py:2919} INFO - Setting next_dagrun for tutorial to 2023-03-27T22:26:24.200656+00:00, run_after=2023-03-28T22:26:24.200656+00:00
[2023-03-28 22:26:24,212] {processor.py:161} INFO - Processing /home/airflow/.local/lib/python3.7/site-packages/airflow/example_dags/tutorial.py took 0.056 seconds
[2023-03-28 22:26:54,351] {processor.py:153} INFO - Started process (PID=2721) to work on /home/airflow/.local/lib/python3.7/site-packages/airflow/example_dags/tutorial.py
[2023-03-28 22:26:54,353] {processor.py:641} INFO - Processing file /home/airflow/.local/lib/python3.7/site-packages/airflow/example_dags/tutorial.py for tasks to queue
[2023-03-28 22:26:54,353] {logging_mixin.py:115} INFO - [2023-03-28 22:26:54,353] {dagbag.py:507} INFO - Filling up the DagBag from /home/airflow/.local/lib/python3.7/site-packages/airflow/example_dags/tutorial.py
[2023-03-28 22:26:54,357] {processor.py:651} INFO - DAG(s) dict_keys(['tutorial']) retrieved from /home/airflow/.local/lib/python3.7/site-packages/airflow/example_dags/tutorial.py
[2023-03-28 22:26:54,379] {logging_mixin.py:115} INFO - [2023-03-28 22:26:54,379] {dag.py:2371} INFO - Sync 1 DAGs
[2023-03-28 22:26:54,400] {logging_mixin.py:115} INFO - [2023-03-28 22:26:54,400] {dag.py:2919} INFO - Setting next_dagrun for tutorial to 2023-03-27T22:26:54.400081+00:00, run_after=2023-03-28T22:26:54.400081+00:00
[2023-03-28 22:26:54,414] {processor.py:161} INFO - Processing /home/airflow/.local/lib/python3.7/site-packages/airflow/example_dags/tutorial.py took 0.065 seconds
[2023-03-28 22:27:25,057] {processor.py:153} INFO - Started process (PID=2787) to work on /home/airflow/.local/lib/python3.7/site-packages/airflow/example_dags/tutorial.py
[2023-03-28 22:27:25,058] {processor.py:641} INFO - Processing file /home/airflow/.local/lib/python3.7/site-packages/airflow/example_dags/tutorial.py for tasks to queue
[2023-03-28 22:27:25,058] {logging_mixin.py:115} INFO - [2023-03-28 22:27:25,058] {dagbag.py:507} INFO - Filling up the DagBag from /home/airflow/.local/lib/python3.7/site-packages/airflow/example_dags/tutorial.py
[2023-03-28 22:27:25,062] {processor.py:651} INFO - DAG(s) dict_keys(['tutorial']) retrieved from /home/airflow/.local/lib/python3.7/site-packages/airflow/example_dags/tutorial.py
[2023-03-28 22:27:25,085] {logging_mixin.py:115} INFO - [2023-03-28 22:27:25,085] {dag.py:2371} INFO - Sync 1 DAGs
[2023-03-28 22:27:25,108] {logging_mixin.py:115} INFO - [2023-03-28 22:27:25,108] {dag.py:2919} INFO - Setting next_dagrun for tutorial to 2023-03-27T22:27:25.108225+00:00, run_after=2023-03-28T22:27:25.108225+00:00
[2023-03-28 22:27:25,122] {processor.py:161} INFO - Processing /home/airflow/.local/lib/python3.7/site-packages/airflow/example_dags/tutorial.py took 0.067 seconds
[2023-03-28 22:27:55,662] {processor.py:153} INFO - Started process (PID=2842) to work on /home/airflow/.local/lib/python3.7/site-packages/airflow/example_dags/tutorial.py
[2023-03-28 22:27:55,663] {processor.py:641} INFO - Processing file /home/airflow/.local/lib/python3.7/site-packages/airflow/example_dags/tutorial.py for tasks to queue
[2023-03-28 22:27:55,663] {logging_mixin.py:115} INFO - [2023-03-28 22:27:55,663] {dagbag.py:507} INFO - Filling up the DagBag from /home/airflow/.local/lib/python3.7/site-packages/airflow/example_dags/tutorial.py
[2023-03-28 22:27:55,667] {processor.py:651} INFO - DAG(s) dict_keys(['tutorial']) retrieved from /home/airflow/.local/lib/python3.7/site-packages/airflow/example_dags/tutorial.py
[2023-03-28 22:27:55,688] {logging_mixin.py:115} INFO - [2023-03-28 22:27:55,687] {dag.py:2371} INFO - Sync 1 DAGs
[2023-03-28 22:27:55,705] {logging_mixin.py:115} INFO - [2023-03-28 22:27:55,705] {dag.py:2919} INFO - Setting next_dagrun for tutorial to 2023-03-27T22:27:55.705548+00:00, run_after=2023-03-28T22:27:55.705548+00:00
[2023-03-28 22:27:55,718] {processor.py:161} INFO - Processing /home/airflow/.local/lib/python3.7/site-packages/airflow/example_dags/tutorial.py took 0.059 seconds
[2023-03-28 22:28:26,474] {processor.py:153} INFO - Started process (PID=2906) to work on /home/airflow/.local/lib/python3.7/site-packages/airflow/example_dags/tutorial.py
[2023-03-28 22:28:26,474] {processor.py:641} INFO - Processing file /home/airflow/.local/lib/python3.7/site-packages/airflow/example_dags/tutorial.py for tasks to queue
[2023-03-28 22:28:26,474] {logging_mixin.py:115} INFO - [2023-03-28 22:28:26,474] {dagbag.py:507} INFO - Filling up the DagBag from /home/airflow/.local/lib/python3.7/site-packages/airflow/example_dags/tutorial.py
[2023-03-28 22:28:26,478] {processor.py:651} INFO - DAG(s) dict_keys(['tutorial']) retrieved from /home/airflow/.local/lib/python3.7/site-packages/airflow/example_dags/tutorial.py
[2023-03-28 22:28:26,500] {logging_mixin.py:115} INFO - [2023-03-28 22:28:26,500] {dag.py:2371} INFO - Sync 1 DAGs
[2023-03-28 22:28:26,518] {logging_mixin.py:115} INFO - [2023-03-28 22:28:26,518] {dag.py:2919} INFO - Setting next_dagrun for tutorial to 2023-03-27T22:28:26.518014+00:00, run_after=2023-03-28T22:28:26.518014+00:00
[2023-03-28 22:28:26,531] {processor.py:161} INFO - Processing /home/airflow/.local/lib/python3.7/site-packages/airflow/example_dags/tutorial.py took 0.059 seconds
[2023-03-28 22:28:56,765] {processor.py:153} INFO - Started process (PID=2970) to work on /home/airflow/.local/lib/python3.7/site-packages/airflow/example_dags/tutorial.py
[2023-03-28 22:28:56,766] {processor.py:641} INFO - Processing file /home/airflow/.local/lib/python3.7/site-packages/airflow/example_dags/tutorial.py for tasks to queue
[2023-03-28 22:28:56,767] {logging_mixin.py:115} INFO - [2023-03-28 22:28:56,767] {dagbag.py:507} INFO - Filling up the DagBag from /home/airflow/.local/lib/python3.7/site-packages/airflow/example_dags/tutorial.py
[2023-03-28 22:28:56,771] {processor.py:651} INFO - DAG(s) dict_keys(['tutorial']) retrieved from /home/airflow/.local/lib/python3.7/site-packages/airflow/example_dags/tutorial.py
[2023-03-28 22:28:56,792] {logging_mixin.py:115} INFO - [2023-03-28 22:28:56,792] {dag.py:2371} INFO - Sync 1 DAGs
[2023-03-28 22:28:56,812] {logging_mixin.py:115} INFO - [2023-03-28 22:28:56,811] {dag.py:2919} INFO - Setting next_dagrun for tutorial to 2023-03-27T22:28:56.811744+00:00, run_after=2023-03-28T22:28:56.811744+00:00
[2023-03-28 22:28:56,824] {processor.py:161} INFO - Processing /home/airflow/.local/lib/python3.7/site-packages/airflow/example_dags/tutorial.py took 0.062 seconds
[2023-03-28 22:29:27,521] {processor.py:153} INFO - Started process (PID=3025) to work on /home/airflow/.local/lib/python3.7/site-packages/airflow/example_dags/tutorial.py
[2023-03-28 22:29:27,521] {processor.py:641} INFO - Processing file /home/airflow/.local/lib/python3.7/site-packages/airflow/example_dags/tutorial.py for tasks to queue
[2023-03-28 22:29:27,522] {logging_mixin.py:115} INFO - [2023-03-28 22:29:27,522] {dagbag.py:507} INFO - Filling up the DagBag from /home/airflow/.local/lib/python3.7/site-packages/airflow/example_dags/tutorial.py
[2023-03-28 22:29:27,525] {processor.py:651} INFO - DAG(s) dict_keys(['tutorial']) retrieved from /home/airflow/.local/lib/python3.7/site-packages/airflow/example_dags/tutorial.py
[2023-03-28 22:29:27,545] {logging_mixin.py:115} INFO - [2023-03-28 22:29:27,545] {dag.py:2371} INFO - Sync 1 DAGs
[2023-03-28 22:29:27,565] {logging_mixin.py:115} INFO - [2023-03-28 22:29:27,565] {dag.py:2919} INFO - Setting next_dagrun for tutorial to 2023-03-27T22:29:27.565370+00:00, run_after=2023-03-28T22:29:27.565370+00:00
[2023-03-28 22:29:27,577] {processor.py:161} INFO - Processing /home/airflow/.local/lib/python3.7/site-packages/airflow/example_dags/tutorial.py took 0.058 seconds
[2023-03-28 22:29:58,595] {processor.py:153} INFO - Started process (PID=3089) to work on /home/airflow/.local/lib/python3.7/site-packages/airflow/example_dags/tutorial.py
[2023-03-28 22:29:58,596] {processor.py:641} INFO - Processing file /home/airflow/.local/lib/python3.7/site-packages/airflow/example_dags/tutorial.py for tasks to queue
[2023-03-28 22:29:58,597] {logging_mixin.py:115} INFO - [2023-03-28 22:29:58,596] {dagbag.py:507} INFO - Filling up the DagBag from /home/airflow/.local/lib/python3.7/site-packages/airflow/example_dags/tutorial.py
[2023-03-28 22:29:58,600] {processor.py:651} INFO - DAG(s) dict_keys(['tutorial']) retrieved from /home/airflow/.local/lib/python3.7/site-packages/airflow/example_dags/tutorial.py
[2023-03-28 22:29:58,625] {logging_mixin.py:115} INFO - [2023-03-28 22:29:58,625] {dag.py:2371} INFO - Sync 1 DAGs
[2023-03-28 22:29:58,644] {logging_mixin.py:115} INFO - [2023-03-28 22:29:58,644] {dag.py:2919} INFO - Setting next_dagrun for tutorial to 2023-03-27T22:29:58.644376+00:00, run_after=2023-03-28T22:29:58.644376+00:00
[2023-03-28 22:29:58,657] {processor.py:161} INFO - Processing /home/airflow/.local/lib/python3.7/site-packages/airflow/example_dags/tutorial.py took 0.064 seconds
[2023-03-28 22:30:29,052] {processor.py:153} INFO - Started process (PID=3153) to work on /home/airflow/.local/lib/python3.7/site-packages/airflow/example_dags/tutorial.py
[2023-03-28 22:30:29,052] {processor.py:641} INFO - Processing file /home/airflow/.local/lib/python3.7/site-packages/airflow/example_dags/tutorial.py for tasks to queue
[2023-03-28 22:30:29,053] {logging_mixin.py:115} INFO - [2023-03-28 22:30:29,053] {dagbag.py:507} INFO - Filling up the DagBag from /home/airflow/.local/lib/python3.7/site-packages/airflow/example_dags/tutorial.py
[2023-03-28 22:30:29,056] {processor.py:651} INFO - DAG(s) dict_keys(['tutorial']) retrieved from /home/airflow/.local/lib/python3.7/site-packages/airflow/example_dags/tutorial.py
[2023-03-28 22:30:29,078] {logging_mixin.py:115} INFO - [2023-03-28 22:30:29,078] {dag.py:2371} INFO - Sync 1 DAGs
[2023-03-28 22:30:29,099] {logging_mixin.py:115} INFO - [2023-03-28 22:30:29,099] {dag.py:2919} INFO - Setting next_dagrun for tutorial to 2023-03-27T22:30:29.099158+00:00, run_after=2023-03-28T22:30:29.099158+00:00
[2023-03-28 22:30:29,111] {processor.py:161} INFO - Processing /home/airflow/.local/lib/python3.7/site-packages/airflow/example_dags/tutorial.py took 0.062 seconds
[2023-03-28 22:30:59,264] {processor.py:153} INFO - Started process (PID=3208) to work on /home/airflow/.local/lib/python3.7/site-packages/airflow/example_dags/tutorial.py
[2023-03-28 22:30:59,264] {processor.py:641} INFO - Processing file /home/airflow/.local/lib/python3.7/site-packages/airflow/example_dags/tutorial.py for tasks to queue
[2023-03-28 22:30:59,264] {logging_mixin.py:115} INFO - [2023-03-28 22:30:59,264] {dagbag.py:507} INFO - Filling up the DagBag from /home/airflow/.local/lib/python3.7/site-packages/airflow/example_dags/tutorial.py
[2023-03-28 22:30:59,269] {processor.py:651} INFO - DAG(s) dict_keys(['tutorial']) retrieved from /home/airflow/.local/lib/python3.7/site-packages/airflow/example_dags/tutorial.py
[2023-03-28 22:30:59,290] {logging_mixin.py:115} INFO - [2023-03-28 22:30:59,290] {dag.py:2371} INFO - Sync 1 DAGs
[2023-03-28 22:30:59,309] {logging_mixin.py:115} INFO - [2023-03-28 22:30:59,309] {dag.py:2919} INFO - Setting next_dagrun for tutorial to 2023-03-27T22:30:59.309607+00:00, run_after=2023-03-28T22:30:59.309607+00:00
[2023-03-28 22:30:59,321] {processor.py:161} INFO - Processing /home/airflow/.local/lib/python3.7/site-packages/airflow/example_dags/tutorial.py took 0.060 seconds
[2023-03-28 22:31:29,513] {processor.py:153} INFO - Started process (PID=3272) to work on /home/airflow/.local/lib/python3.7/site-packages/airflow/example_dags/tutorial.py
[2023-03-28 22:31:29,514] {processor.py:641} INFO - Processing file /home/airflow/.local/lib/python3.7/site-packages/airflow/example_dags/tutorial.py for tasks to queue
[2023-03-28 22:31:29,514] {logging_mixin.py:115} INFO - [2023-03-28 22:31:29,514] {dagbag.py:507} INFO - Filling up the DagBag from /home/airflow/.local/lib/python3.7/site-packages/airflow/example_dags/tutorial.py
[2023-03-28 22:31:29,518] {processor.py:651} INFO - DAG(s) dict_keys(['tutorial']) retrieved from /home/airflow/.local/lib/python3.7/site-packages/airflow/example_dags/tutorial.py
[2023-03-28 22:31:29,541] {logging_mixin.py:115} INFO - [2023-03-28 22:31:29,541] {dag.py:2371} INFO - Sync 1 DAGs
[2023-03-28 22:31:29,559] {logging_mixin.py:115} INFO - [2023-03-28 22:31:29,559] {dag.py:2919} INFO - Setting next_dagrun for tutorial to 2023-03-27T22:31:29.559416+00:00, run_after=2023-03-28T22:31:29.559416+00:00
[2023-03-28 22:31:29,572] {processor.py:161} INFO - Processing /home/airflow/.local/lib/python3.7/site-packages/airflow/example_dags/tutorial.py took 0.061 seconds
[2023-03-28 22:31:59,968] {processor.py:153} INFO - Started process (PID=3336) to work on /home/airflow/.local/lib/python3.7/site-packages/airflow/example_dags/tutorial.py
[2023-03-28 22:31:59,968] {processor.py:641} INFO - Processing file /home/airflow/.local/lib/python3.7/site-packages/airflow/example_dags/tutorial.py for tasks to queue
[2023-03-28 22:31:59,968] {logging_mixin.py:115} INFO - [2023-03-28 22:31:59,968] {dagbag.py:507} INFO - Filling up the DagBag from /home/airflow/.local/lib/python3.7/site-packages/airflow/example_dags/tutorial.py
[2023-03-28 22:31:59,973] {processor.py:651} INFO - DAG(s) dict_keys(['tutorial']) retrieved from /home/airflow/.local/lib/python3.7/site-packages/airflow/example_dags/tutorial.py
[2023-03-28 22:31:59,994] {logging_mixin.py:115} INFO - [2023-03-28 22:31:59,994] {dag.py:2371} INFO - Sync 1 DAGs
[2023-03-28 22:32:00,015] {logging_mixin.py:115} INFO - [2023-03-28 22:32:00,015] {dag.py:2919} INFO - Setting next_dagrun for tutorial to 2023-03-27T22:32:00.015119+00:00, run_after=2023-03-28T22:32:00.015119+00:00
[2023-03-28 22:32:00,029] {processor.py:161} INFO - Processing /home/airflow/.local/lib/python3.7/site-packages/airflow/example_dags/tutorial.py took 0.063 seconds
[2023-03-28 22:32:30,404] {processor.py:153} INFO - Started process (PID=3391) to work on /home/airflow/.local/lib/python3.7/site-packages/airflow/example_dags/tutorial.py
[2023-03-28 22:32:30,405] {processor.py:641} INFO - Processing file /home/airflow/.local/lib/python3.7/site-packages/airflow/example_dags/tutorial.py for tasks to queue
[2023-03-28 22:32:30,405] {logging_mixin.py:115} INFO - [2023-03-28 22:32:30,405] {dagbag.py:507} INFO - Filling up the DagBag from /home/airflow/.local/lib/python3.7/site-packages/airflow/example_dags/tutorial.py
[2023-03-28 22:32:30,413] {processor.py:651} INFO - DAG(s) dict_keys(['tutorial']) retrieved from /home/airflow/.local/lib/python3.7/site-packages/airflow/example_dags/tutorial.py
[2023-03-28 22:32:30,445] {logging_mixin.py:115} INFO - [2023-03-28 22:32:30,445] {dag.py:2371} INFO - Sync 1 DAGs
[2023-03-28 22:32:30,468] {logging_mixin.py:115} INFO - [2023-03-28 22:32:30,468] {dag.py:2919} INFO - Setting next_dagrun for tutorial to 2023-03-27T22:32:30.467925+00:00, run_after=2023-03-28T22:32:30.467925+00:00
[2023-03-28 22:32:30,483] {processor.py:161} INFO - Processing /home/airflow/.local/lib/python3.7/site-packages/airflow/example_dags/tutorial.py took 0.081 seconds
[2023-03-28 22:33:00,662] {processor.py:153} INFO - Started process (PID=3455) to work on /home/airflow/.local/lib/python3.7/site-packages/airflow/example_dags/tutorial.py
[2023-03-28 22:33:00,662] {processor.py:641} INFO - Processing file /home/airflow/.local/lib/python3.7/site-packages/airflow/example_dags/tutorial.py for tasks to queue
[2023-03-28 22:33:00,663] {logging_mixin.py:115} INFO - [2023-03-28 22:33:00,663] {dagbag.py:507} INFO - Filling up the DagBag from /home/airflow/.local/lib/python3.7/site-packages/airflow/example_dags/tutorial.py
[2023-03-28 22:33:00,667] {processor.py:651} INFO - DAG(s) dict_keys(['tutorial']) retrieved from /home/airflow/.local/lib/python3.7/site-packages/airflow/example_dags/tutorial.py
[2023-03-28 22:33:00,688] {logging_mixin.py:115} INFO - [2023-03-28 22:33:00,688] {dag.py:2371} INFO - Sync 1 DAGs
[2023-03-28 22:33:00,707] {logging_mixin.py:115} INFO - [2023-03-28 22:33:00,707] {dag.py:2919} INFO - Setting next_dagrun for tutorial to 2023-03-27T22:33:00.707578+00:00, run_after=2023-03-28T22:33:00.707578+00:00
[2023-03-28 22:33:00,720] {processor.py:161} INFO - Processing /home/airflow/.local/lib/python3.7/site-packages/airflow/example_dags/tutorial.py took 0.061 seconds
[2023-03-28 22:33:31,097] {processor.py:153} INFO - Started process (PID=3519) to work on /home/airflow/.local/lib/python3.7/site-packages/airflow/example_dags/tutorial.py
[2023-03-28 22:33:31,098] {processor.py:641} INFO - Processing file /home/airflow/.local/lib/python3.7/site-packages/airflow/example_dags/tutorial.py for tasks to queue
[2023-03-28 22:33:31,098] {logging_mixin.py:115} INFO - [2023-03-28 22:33:31,098] {dagbag.py:507} INFO - Filling up the DagBag from /home/airflow/.local/lib/python3.7/site-packages/airflow/example_dags/tutorial.py
[2023-03-28 22:33:31,102] {processor.py:651} INFO - DAG(s) dict_keys(['tutorial']) retrieved from /home/airflow/.local/lib/python3.7/site-packages/airflow/example_dags/tutorial.py
[2023-03-28 22:33:31,125] {logging_mixin.py:115} INFO - [2023-03-28 22:33:31,125] {dag.py:2371} INFO - Sync 1 DAGs
[2023-03-28 22:33:31,145] {logging_mixin.py:115} INFO - [2023-03-28 22:33:31,145] {dag.py:2919} INFO - Setting next_dagrun for tutorial to 2023-03-27T22:33:31.145647+00:00, run_after=2023-03-28T22:33:31.145647+00:00
[2023-03-28 22:33:31,159] {processor.py:161} INFO - Processing /home/airflow/.local/lib/python3.7/site-packages/airflow/example_dags/tutorial.py took 0.066 seconds
[2023-03-28 22:34:01,546] {processor.py:153} INFO - Started process (PID=3581) to work on /home/airflow/.local/lib/python3.7/site-packages/airflow/example_dags/tutorial.py
[2023-03-28 22:34:01,546] {processor.py:641} INFO - Processing file /home/airflow/.local/lib/python3.7/site-packages/airflow/example_dags/tutorial.py for tasks to queue
[2023-03-28 22:34:01,547] {logging_mixin.py:115} INFO - [2023-03-28 22:34:01,547] {dagbag.py:507} INFO - Filling up the DagBag from /home/airflow/.local/lib/python3.7/site-packages/airflow/example_dags/tutorial.py
[2023-03-28 22:34:01,551] {processor.py:651} INFO - DAG(s) dict_keys(['tutorial']) retrieved from /home/airflow/.local/lib/python3.7/site-packages/airflow/example_dags/tutorial.py
[2023-03-28 22:34:01,576] {logging_mixin.py:115} INFO - [2023-03-28 22:34:01,576] {dag.py:2371} INFO - Sync 1 DAGs
[2023-03-28 22:34:01,597] {logging_mixin.py:115} INFO - [2023-03-28 22:34:01,597] {dag.py:2919} INFO - Setting next_dagrun for tutorial to 2023-03-27T22:34:01.597304+00:00, run_after=2023-03-28T22:34:01.597304+00:00
[2023-03-28 22:34:01,616] {processor.py:161} INFO - Processing /home/airflow/.local/lib/python3.7/site-packages/airflow/example_dags/tutorial.py took 0.073 seconds
[2023-03-28 22:34:31,811] {processor.py:153} INFO - Started process (PID=3638) to work on /home/airflow/.local/lib/python3.7/site-packages/airflow/example_dags/tutorial.py
[2023-03-28 22:34:31,812] {processor.py:641} INFO - Processing file /home/airflow/.local/lib/python3.7/site-packages/airflow/example_dags/tutorial.py for tasks to queue
[2023-03-28 22:34:31,813] {logging_mixin.py:115} INFO - [2023-03-28 22:34:31,813] {dagbag.py:507} INFO - Filling up the DagBag from /home/airflow/.local/lib/python3.7/site-packages/airflow/example_dags/tutorial.py
[2023-03-28 22:34:31,816] {processor.py:651} INFO - DAG(s) dict_keys(['tutorial']) retrieved from /home/airflow/.local/lib/python3.7/site-packages/airflow/example_dags/tutorial.py
[2023-03-28 22:34:31,841] {logging_mixin.py:115} INFO - [2023-03-28 22:34:31,841] {dag.py:2371} INFO - Sync 1 DAGs
[2023-03-28 22:34:31,861] {logging_mixin.py:115} INFO - [2023-03-28 22:34:31,861] {dag.py:2919} INFO - Setting next_dagrun for tutorial to 2023-03-27T22:34:31.861579+00:00, run_after=2023-03-28T22:34:31.861579+00:00
[2023-03-28 22:34:31,874] {processor.py:161} INFO - Processing /home/airflow/.local/lib/python3.7/site-packages/airflow/example_dags/tutorial.py took 0.065 seconds
[2023-03-28 22:35:02,332] {processor.py:153} INFO - Started process (PID=3702) to work on /home/airflow/.local/lib/python3.7/site-packages/airflow/example_dags/tutorial.py
[2023-03-28 22:35:02,332] {processor.py:641} INFO - Processing file /home/airflow/.local/lib/python3.7/site-packages/airflow/example_dags/tutorial.py for tasks to queue
[2023-03-28 22:35:02,333] {logging_mixin.py:115} INFO - [2023-03-28 22:35:02,333] {dagbag.py:507} INFO - Filling up the DagBag from /home/airflow/.local/lib/python3.7/site-packages/airflow/example_dags/tutorial.py
[2023-03-28 22:35:02,336] {processor.py:651} INFO - DAG(s) dict_keys(['tutorial']) retrieved from /home/airflow/.local/lib/python3.7/site-packages/airflow/example_dags/tutorial.py
[2023-03-28 22:35:02,356] {logging_mixin.py:115} INFO - [2023-03-28 22:35:02,356] {dag.py:2371} INFO - Sync 1 DAGs
[2023-03-28 22:35:02,374] {logging_mixin.py:115} INFO - [2023-03-28 22:35:02,374] {dag.py:2919} INFO - Setting next_dagrun for tutorial to 2023-03-27T22:35:02.374432+00:00, run_after=2023-03-28T22:35:02.374432+00:00
[2023-03-28 22:35:02,387] {processor.py:161} INFO - Processing /home/airflow/.local/lib/python3.7/site-packages/airflow/example_dags/tutorial.py took 0.057 seconds
[2023-03-28 22:35:33,096] {processor.py:153} INFO - Started process (PID=3767) to work on /home/airflow/.local/lib/python3.7/site-packages/airflow/example_dags/tutorial.py
[2023-03-28 22:35:33,097] {processor.py:641} INFO - Processing file /home/airflow/.local/lib/python3.7/site-packages/airflow/example_dags/tutorial.py for tasks to queue
[2023-03-28 22:35:33,097] {logging_mixin.py:115} INFO - [2023-03-28 22:35:33,097] {dagbag.py:507} INFO - Filling up the DagBag from /home/airflow/.local/lib/python3.7/site-packages/airflow/example_dags/tutorial.py
[2023-03-28 22:35:33,102] {processor.py:651} INFO - DAG(s) dict_keys(['tutorial']) retrieved from /home/airflow/.local/lib/python3.7/site-packages/airflow/example_dags/tutorial.py
[2023-03-28 22:35:33,127] {logging_mixin.py:115} INFO - [2023-03-28 22:35:33,127] {dag.py:2371} INFO - Sync 1 DAGs
[2023-03-28 22:35:33,149] {logging_mixin.py:115} INFO - [2023-03-28 22:35:33,148] {dag.py:2919} INFO - Setting next_dagrun for tutorial to 2023-03-27T22:35:33.148775+00:00, run_after=2023-03-28T22:35:33.148775+00:00
[2023-03-28 22:35:33,164] {processor.py:161} INFO - Processing /home/airflow/.local/lib/python3.7/site-packages/airflow/example_dags/tutorial.py took 0.070 seconds
[2023-03-28 22:36:03,807] {processor.py:153} INFO - Started process (PID=3822) to work on /home/airflow/.local/lib/python3.7/site-packages/airflow/example_dags/tutorial.py
[2023-03-28 22:36:03,808] {processor.py:641} INFO - Processing file /home/airflow/.local/lib/python3.7/site-packages/airflow/example_dags/tutorial.py for tasks to queue
[2023-03-28 22:36:03,808] {logging_mixin.py:115} INFO - [2023-03-28 22:36:03,808] {dagbag.py:507} INFO - Filling up the DagBag from /home/airflow/.local/lib/python3.7/site-packages/airflow/example_dags/tutorial.py
[2023-03-28 22:36:03,811] {processor.py:651} INFO - DAG(s) dict_keys(['tutorial']) retrieved from /home/airflow/.local/lib/python3.7/site-packages/airflow/example_dags/tutorial.py
[2023-03-28 22:36:03,834] {logging_mixin.py:115} INFO - [2023-03-28 22:36:03,834] {dag.py:2371} INFO - Sync 1 DAGs
[2023-03-28 22:36:03,854] {logging_mixin.py:115} INFO - [2023-03-28 22:36:03,854] {dag.py:2919} INFO - Setting next_dagrun for tutorial to 2023-03-27T22:36:03.854715+00:00, run_after=2023-03-28T22:36:03.854715+00:00
[2023-03-28 22:36:03,868] {processor.py:161} INFO - Processing /home/airflow/.local/lib/python3.7/site-packages/airflow/example_dags/tutorial.py took 0.063 seconds
[2023-03-28 22:36:34,613] {processor.py:153} INFO - Started process (PID=3888) to work on /home/airflow/.local/lib/python3.7/site-packages/airflow/example_dags/tutorial.py
[2023-03-28 22:36:34,614] {processor.py:641} INFO - Processing file /home/airflow/.local/lib/python3.7/site-packages/airflow/example_dags/tutorial.py for tasks to queue
[2023-03-28 22:36:34,614] {logging_mixin.py:115} INFO - [2023-03-28 22:36:34,614] {dagbag.py:507} INFO - Filling up the DagBag from /home/airflow/.local/lib/python3.7/site-packages/airflow/example_dags/tutorial.py
[2023-03-28 22:36:34,618] {processor.py:651} INFO - DAG(s) dict_keys(['tutorial']) retrieved from /home/airflow/.local/lib/python3.7/site-packages/airflow/example_dags/tutorial.py
[2023-03-28 22:36:34,640] {logging_mixin.py:115} INFO - [2023-03-28 22:36:34,640] {dag.py:2371} INFO - Sync 1 DAGs
[2023-03-28 22:36:34,661] {logging_mixin.py:115} INFO - [2023-03-28 22:36:34,661] {dag.py:2919} INFO - Setting next_dagrun for tutorial to 2023-03-27T22:36:34.660858+00:00, run_after=2023-03-28T22:36:34.660858+00:00
[2023-03-28 22:36:34,676] {processor.py:161} INFO - Processing /home/airflow/.local/lib/python3.7/site-packages/airflow/example_dags/tutorial.py took 0.065 seconds
[2023-03-28 22:37:05,297] {processor.py:153} INFO - Started process (PID=3953) to work on /home/airflow/.local/lib/python3.7/site-packages/airflow/example_dags/tutorial.py
[2023-03-28 22:37:05,297] {processor.py:641} INFO - Processing file /home/airflow/.local/lib/python3.7/site-packages/airflow/example_dags/tutorial.py for tasks to queue
[2023-03-28 22:37:05,298] {logging_mixin.py:115} INFO - [2023-03-28 22:37:05,298] {dagbag.py:507} INFO - Filling up the DagBag from /home/airflow/.local/lib/python3.7/site-packages/airflow/example_dags/tutorial.py
[2023-03-28 22:37:05,301] {processor.py:651} INFO - DAG(s) dict_keys(['tutorial']) retrieved from /home/airflow/.local/lib/python3.7/site-packages/airflow/example_dags/tutorial.py
[2023-03-28 22:37:05,325] {logging_mixin.py:115} INFO - [2023-03-28 22:37:05,325] {dag.py:2371} INFO - Sync 1 DAGs
[2023-03-28 22:37:05,349] {logging_mixin.py:115} INFO - [2023-03-28 22:37:05,349] {dag.py:2919} INFO - Setting next_dagrun for tutorial to 2023-03-27T22:37:05.349365+00:00, run_after=2023-03-28T22:37:05.349365+00:00
[2023-03-28 22:37:05,363] {processor.py:161} INFO - Processing /home/airflow/.local/lib/python3.7/site-packages/airflow/example_dags/tutorial.py took 0.068 seconds
[2023-03-28 22:37:36,178] {processor.py:153} INFO - Started process (PID=4008) to work on /home/airflow/.local/lib/python3.7/site-packages/airflow/example_dags/tutorial.py
[2023-03-28 22:37:36,179] {processor.py:641} INFO - Processing file /home/airflow/.local/lib/python3.7/site-packages/airflow/example_dags/tutorial.py for tasks to queue
[2023-03-28 22:37:36,179] {logging_mixin.py:115} INFO - [2023-03-28 22:37:36,179] {dagbag.py:507} INFO - Filling up the DagBag from /home/airflow/.local/lib/python3.7/site-packages/airflow/example_dags/tutorial.py
[2023-03-28 22:37:36,183] {processor.py:651} INFO - DAG(s) dict_keys(['tutorial']) retrieved from /home/airflow/.local/lib/python3.7/site-packages/airflow/example_dags/tutorial.py
[2023-03-28 22:37:36,205] {logging_mixin.py:115} INFO - [2023-03-28 22:37:36,205] {dag.py:2371} INFO - Sync 1 DAGs
[2023-03-28 22:37:36,224] {logging_mixin.py:115} INFO - [2023-03-28 22:37:36,224] {dag.py:2919} INFO - Setting next_dagrun for tutorial to 2023-03-27T22:37:36.223982+00:00, run_after=2023-03-28T22:37:36.223982+00:00
[2023-03-28 22:37:36,238] {processor.py:161} INFO - Processing /home/airflow/.local/lib/python3.7/site-packages/airflow/example_dags/tutorial.py took 0.062 seconds
[2023-03-28 22:38:06,839] {processor.py:153} INFO - Started process (PID=4072) to work on /home/airflow/.local/lib/python3.7/site-packages/airflow/example_dags/tutorial.py
[2023-03-28 22:38:06,840] {processor.py:641} INFO - Processing file /home/airflow/.local/lib/python3.7/site-packages/airflow/example_dags/tutorial.py for tasks to queue
[2023-03-28 22:38:06,840] {logging_mixin.py:115} INFO - [2023-03-28 22:38:06,840] {dagbag.py:507} INFO - Filling up the DagBag from /home/airflow/.local/lib/python3.7/site-packages/airflow/example_dags/tutorial.py
[2023-03-28 22:38:06,843] {processor.py:651} INFO - DAG(s) dict_keys(['tutorial']) retrieved from /home/airflow/.local/lib/python3.7/site-packages/airflow/example_dags/tutorial.py
[2023-03-28 22:38:06,867] {logging_mixin.py:115} INFO - [2023-03-28 22:38:06,866] {dag.py:2371} INFO - Sync 1 DAGs
[2023-03-28 22:38:06,886] {logging_mixin.py:115} INFO - [2023-03-28 22:38:06,886] {dag.py:2919} INFO - Setting next_dagrun for tutorial to 2023-03-27T22:38:06.886424+00:00, run_after=2023-03-28T22:38:06.886424+00:00
[2023-03-28 22:38:06,899] {processor.py:161} INFO - Processing /home/airflow/.local/lib/python3.7/site-packages/airflow/example_dags/tutorial.py took 0.061 seconds
[2023-03-28 22:38:37,749] {processor.py:153} INFO - Started process (PID=4136) to work on /home/airflow/.local/lib/python3.7/site-packages/airflow/example_dags/tutorial.py
[2023-03-28 22:38:37,750] {processor.py:641} INFO - Processing file /home/airflow/.local/lib/python3.7/site-packages/airflow/example_dags/tutorial.py for tasks to queue
[2023-03-28 22:38:37,750] {logging_mixin.py:115} INFO - [2023-03-28 22:38:37,750] {dagbag.py:507} INFO - Filling up the DagBag from /home/airflow/.local/lib/python3.7/site-packages/airflow/example_dags/tutorial.py
[2023-03-28 22:38:37,754] {processor.py:651} INFO - DAG(s) dict_keys(['tutorial']) retrieved from /home/airflow/.local/lib/python3.7/site-packages/airflow/example_dags/tutorial.py
[2023-03-28 22:38:37,777] {logging_mixin.py:115} INFO - [2023-03-28 22:38:37,776] {dag.py:2371} INFO - Sync 1 DAGs
[2023-03-28 22:38:37,797] {logging_mixin.py:115} INFO - [2023-03-28 22:38:37,797] {dag.py:2919} INFO - Setting next_dagrun for tutorial to 2023-03-27T22:38:37.797080+00:00, run_after=2023-03-28T22:38:37.797080+00:00
[2023-03-28 22:38:37,811] {processor.py:161} INFO - Processing /home/airflow/.local/lib/python3.7/site-packages/airflow/example_dags/tutorial.py took 0.064 seconds
[2023-03-28 22:39:08,344] {processor.py:153} INFO - Started process (PID=4197) to work on /home/airflow/.local/lib/python3.7/site-packages/airflow/example_dags/tutorial.py
[2023-03-28 22:39:08,344] {processor.py:641} INFO - Processing file /home/airflow/.local/lib/python3.7/site-packages/airflow/example_dags/tutorial.py for tasks to queue
[2023-03-28 22:39:08,345] {logging_mixin.py:115} INFO - [2023-03-28 22:39:08,345] {dagbag.py:507} INFO - Filling up the DagBag from /home/airflow/.local/lib/python3.7/site-packages/airflow/example_dags/tutorial.py
[2023-03-28 22:39:08,350] {processor.py:651} INFO - DAG(s) dict_keys(['tutorial']) retrieved from /home/airflow/.local/lib/python3.7/site-packages/airflow/example_dags/tutorial.py
[2023-03-28 22:39:08,376] {logging_mixin.py:115} INFO - [2023-03-28 22:39:08,375] {dag.py:2371} INFO - Sync 1 DAGs
[2023-03-28 22:39:08,398] {logging_mixin.py:115} INFO - [2023-03-28 22:39:08,398] {dag.py:2919} INFO - Setting next_dagrun for tutorial to 2023-03-27T22:39:08.398150+00:00, run_after=2023-03-28T22:39:08.398150+00:00
[2023-03-28 22:39:08,413] {processor.py:161} INFO - Processing /home/airflow/.local/lib/python3.7/site-packages/airflow/example_dags/tutorial.py took 0.073 seconds
[2023-03-28 22:39:39,131] {processor.py:153} INFO - Started process (PID=4256) to work on /home/airflow/.local/lib/python3.7/site-packages/airflow/example_dags/tutorial.py
[2023-03-28 22:39:39,132] {processor.py:641} INFO - Processing file /home/airflow/.local/lib/python3.7/site-packages/airflow/example_dags/tutorial.py for tasks to queue
[2023-03-28 22:39:39,132] {logging_mixin.py:115} INFO - [2023-03-28 22:39:39,132] {dagbag.py:507} INFO - Filling up the DagBag from /home/airflow/.local/lib/python3.7/site-packages/airflow/example_dags/tutorial.py
[2023-03-28 22:39:39,135] {processor.py:651} INFO - DAG(s) dict_keys(['tutorial']) retrieved from /home/airflow/.local/lib/python3.7/site-packages/airflow/example_dags/tutorial.py
[2023-03-28 22:39:39,157] {logging_mixin.py:115} INFO - [2023-03-28 22:39:39,157] {dag.py:2371} INFO - Sync 1 DAGs
[2023-03-28 22:39:39,175] {logging_mixin.py:115} INFO - [2023-03-28 22:39:39,175] {dag.py:2919} INFO - Setting next_dagrun for tutorial to 2023-03-27T22:39:39.175524+00:00, run_after=2023-03-28T22:39:39.175524+00:00
[2023-03-28 22:39:39,189] {processor.py:161} INFO - Processing /home/airflow/.local/lib/python3.7/site-packages/airflow/example_dags/tutorial.py took 0.059 seconds
[2023-03-28 22:40:09,820] {processor.py:153} INFO - Started process (PID=4320) to work on /home/airflow/.local/lib/python3.7/site-packages/airflow/example_dags/tutorial.py
[2023-03-28 22:40:09,820] {processor.py:641} INFO - Processing file /home/airflow/.local/lib/python3.7/site-packages/airflow/example_dags/tutorial.py for tasks to queue
[2023-03-28 22:40:09,821] {logging_mixin.py:115} INFO - [2023-03-28 22:40:09,821] {dagbag.py:507} INFO - Filling up the DagBag from /home/airflow/.local/lib/python3.7/site-packages/airflow/example_dags/tutorial.py
[2023-03-28 22:40:09,824] {processor.py:651} INFO - DAG(s) dict_keys(['tutorial']) retrieved from /home/airflow/.local/lib/python3.7/site-packages/airflow/example_dags/tutorial.py
[2023-03-28 22:40:09,846] {logging_mixin.py:115} INFO - [2023-03-28 22:40:09,846] {dag.py:2371} INFO - Sync 1 DAGs
[2023-03-28 22:40:09,866] {logging_mixin.py:115} INFO - [2023-03-28 22:40:09,866] {dag.py:2919} INFO - Setting next_dagrun for tutorial to 2023-03-27T22:40:09.866045+00:00, run_after=2023-03-28T22:40:09.866045+00:00
[2023-03-28 22:40:09,969] {processor.py:161} INFO - Processing /home/airflow/.local/lib/python3.7/site-packages/airflow/example_dags/tutorial.py took 0.151 seconds
[2023-03-28 22:41:27,650] {processor.py:153} INFO - Started process (PID=60) to work on /home/airflow/.local/lib/python3.7/site-packages/airflow/example_dags/tutorial.py
[2023-03-28 22:41:27,651] {processor.py:641} INFO - Processing file /home/airflow/.local/lib/python3.7/site-packages/airflow/example_dags/tutorial.py for tasks to queue
[2023-03-28 22:41:27,651] {logging_mixin.py:115} INFO - [2023-03-28 22:41:27,651] {dagbag.py:507} INFO - Filling up the DagBag from /home/airflow/.local/lib/python3.7/site-packages/airflow/example_dags/tutorial.py
[2023-03-28 22:41:27,658] {processor.py:651} INFO - DAG(s) dict_keys(['tutorial']) retrieved from /home/airflow/.local/lib/python3.7/site-packages/airflow/example_dags/tutorial.py
[2023-03-28 22:41:27,688] {logging_mixin.py:115} INFO - [2023-03-28 22:41:27,688] {dag.py:2371} INFO - Sync 1 DAGs
[2023-03-28 22:41:27,711] {logging_mixin.py:115} INFO - [2023-03-28 22:41:27,711] {dag.py:2919} INFO - Setting next_dagrun for tutorial to 2023-03-27T22:41:27.711302+00:00, run_after=2023-03-28T22:41:27.711302+00:00
[2023-03-28 22:41:27,728] {processor.py:161} INFO - Processing /home/airflow/.local/lib/python3.7/site-packages/airflow/example_dags/tutorial.py took 0.082 seconds
[2023-03-28 22:41:58,124] {processor.py:153} INFO - Started process (PID=124) to work on /home/airflow/.local/lib/python3.7/site-packages/airflow/example_dags/tutorial.py
[2023-03-28 22:41:58,125] {processor.py:641} INFO - Processing file /home/airflow/.local/lib/python3.7/site-packages/airflow/example_dags/tutorial.py for tasks to queue
[2023-03-28 22:41:58,126] {logging_mixin.py:115} INFO - [2023-03-28 22:41:58,125] {dagbag.py:507} INFO - Filling up the DagBag from /home/airflow/.local/lib/python3.7/site-packages/airflow/example_dags/tutorial.py
[2023-03-28 22:41:58,130] {processor.py:651} INFO - DAG(s) dict_keys(['tutorial']) retrieved from /home/airflow/.local/lib/python3.7/site-packages/airflow/example_dags/tutorial.py
[2023-03-28 22:41:58,154] {logging_mixin.py:115} INFO - [2023-03-28 22:41:58,154] {dag.py:2371} INFO - Sync 1 DAGs
[2023-03-28 22:41:58,174] {logging_mixin.py:115} INFO - [2023-03-28 22:41:58,174] {dag.py:2919} INFO - Setting next_dagrun for tutorial to 2023-03-27T22:41:58.174070+00:00, run_after=2023-03-28T22:41:58.174070+00:00
[2023-03-28 22:41:58,188] {processor.py:161} INFO - Processing /home/airflow/.local/lib/python3.7/site-packages/airflow/example_dags/tutorial.py took 0.065 seconds
[2023-03-28 22:42:28,443] {processor.py:153} INFO - Started process (PID=179) to work on /home/airflow/.local/lib/python3.7/site-packages/airflow/example_dags/tutorial.py
[2023-03-28 22:42:28,443] {processor.py:641} INFO - Processing file /home/airflow/.local/lib/python3.7/site-packages/airflow/example_dags/tutorial.py for tasks to queue
[2023-03-28 22:42:28,443] {logging_mixin.py:115} INFO - [2023-03-28 22:42:28,443] {dagbag.py:507} INFO - Filling up the DagBag from /home/airflow/.local/lib/python3.7/site-packages/airflow/example_dags/tutorial.py
[2023-03-28 22:42:28,448] {processor.py:651} INFO - DAG(s) dict_keys(['tutorial']) retrieved from /home/airflow/.local/lib/python3.7/site-packages/airflow/example_dags/tutorial.py
[2023-03-28 22:42:28,471] {logging_mixin.py:115} INFO - [2023-03-28 22:42:28,471] {dag.py:2371} INFO - Sync 1 DAGs
[2023-03-28 22:42:28,495] {logging_mixin.py:115} INFO - [2023-03-28 22:42:28,495] {dag.py:2919} INFO - Setting next_dagrun for tutorial to 2023-03-27T22:42:28.495379+00:00, run_after=2023-03-28T22:42:28.495379+00:00
[2023-03-28 22:42:28,510] {processor.py:161} INFO - Processing /home/airflow/.local/lib/python3.7/site-packages/airflow/example_dags/tutorial.py took 0.070 seconds
[2023-03-28 22:42:58,978] {processor.py:153} INFO - Started process (PID=244) to work on /home/airflow/.local/lib/python3.7/site-packages/airflow/example_dags/tutorial.py
[2023-03-28 22:42:58,979] {processor.py:641} INFO - Processing file /home/airflow/.local/lib/python3.7/site-packages/airflow/example_dags/tutorial.py for tasks to queue
[2023-03-28 22:42:58,979] {logging_mixin.py:115} INFO - [2023-03-28 22:42:58,979] {dagbag.py:507} INFO - Filling up the DagBag from /home/airflow/.local/lib/python3.7/site-packages/airflow/example_dags/tutorial.py
[2023-03-28 22:42:58,983] {processor.py:651} INFO - DAG(s) dict_keys(['tutorial']) retrieved from /home/airflow/.local/lib/python3.7/site-packages/airflow/example_dags/tutorial.py
[2023-03-28 22:42:59,004] {logging_mixin.py:115} INFO - [2023-03-28 22:42:59,004] {dag.py:2371} INFO - Sync 1 DAGs
[2023-03-28 22:42:59,025] {logging_mixin.py:115} INFO - [2023-03-28 22:42:59,025] {dag.py:2919} INFO - Setting next_dagrun for tutorial to 2023-03-27T22:42:59.025021+00:00, run_after=2023-03-28T22:42:59.025021+00:00
[2023-03-28 22:42:59,040] {processor.py:161} INFO - Processing /home/airflow/.local/lib/python3.7/site-packages/airflow/example_dags/tutorial.py took 0.065 seconds
[2023-03-28 22:43:29,667] {processor.py:153} INFO - Started process (PID=309) to work on /home/airflow/.local/lib/python3.7/site-packages/airflow/example_dags/tutorial.py
[2023-03-28 22:43:29,667] {processor.py:641} INFO - Processing file /home/airflow/.local/lib/python3.7/site-packages/airflow/example_dags/tutorial.py for tasks to queue
[2023-03-28 22:43:29,667] {logging_mixin.py:115} INFO - [2023-03-28 22:43:29,667] {dagbag.py:507} INFO - Filling up the DagBag from /home/airflow/.local/lib/python3.7/site-packages/airflow/example_dags/tutorial.py
[2023-03-28 22:43:29,671] {processor.py:651} INFO - DAG(s) dict_keys(['tutorial']) retrieved from /home/airflow/.local/lib/python3.7/site-packages/airflow/example_dags/tutorial.py
[2023-03-28 22:43:29,699] {logging_mixin.py:115} INFO - [2023-03-28 22:43:29,699] {dag.py:2371} INFO - Sync 1 DAGs
[2023-03-28 22:43:29,723] {logging_mixin.py:115} INFO - [2023-03-28 22:43:29,723] {dag.py:2919} INFO - Setting next_dagrun for tutorial to 2023-03-27T22:43:29.722958+00:00, run_after=2023-03-28T22:43:29.722958+00:00
[2023-03-28 22:43:29,740] {processor.py:161} INFO - Processing /home/airflow/.local/lib/python3.7/site-packages/airflow/example_dags/tutorial.py took 0.076 seconds
[2023-03-28 22:44:00,069] {processor.py:153} INFO - Started process (PID=372) to work on /home/airflow/.local/lib/python3.7/site-packages/airflow/example_dags/tutorial.py
[2023-03-28 22:44:00,070] {processor.py:641} INFO - Processing file /home/airflow/.local/lib/python3.7/site-packages/airflow/example_dags/tutorial.py for tasks to queue
[2023-03-28 22:44:00,070] {logging_mixin.py:115} INFO - [2023-03-28 22:44:00,070] {dagbag.py:507} INFO - Filling up the DagBag from /home/airflow/.local/lib/python3.7/site-packages/airflow/example_dags/tutorial.py
[2023-03-28 22:44:00,075] {processor.py:651} INFO - DAG(s) dict_keys(['tutorial']) retrieved from /home/airflow/.local/lib/python3.7/site-packages/airflow/example_dags/tutorial.py
[2023-03-28 22:44:00,100] {logging_mixin.py:115} INFO - [2023-03-28 22:44:00,100] {dag.py:2371} INFO - Sync 1 DAGs
[2023-03-28 22:44:00,122] {logging_mixin.py:115} INFO - [2023-03-28 22:44:00,122] {dag.py:2919} INFO - Setting next_dagrun for tutorial to 2023-03-27T22:44:00.122575+00:00, run_after=2023-03-28T22:44:00.122575+00:00
[2023-03-28 22:44:00,137] {processor.py:161} INFO - Processing /home/airflow/.local/lib/python3.7/site-packages/airflow/example_dags/tutorial.py took 0.071 seconds
[2023-03-28 22:44:30,587] {processor.py:153} INFO - Started process (PID=427) to work on /home/airflow/.local/lib/python3.7/site-packages/airflow/example_dags/tutorial.py
[2023-03-28 22:44:30,588] {processor.py:641} INFO - Processing file /home/airflow/.local/lib/python3.7/site-packages/airflow/example_dags/tutorial.py for tasks to queue
[2023-03-28 22:44:30,588] {logging_mixin.py:115} INFO - [2023-03-28 22:44:30,588] {dagbag.py:507} INFO - Filling up the DagBag from /home/airflow/.local/lib/python3.7/site-packages/airflow/example_dags/tutorial.py
[2023-03-28 22:44:30,592] {processor.py:651} INFO - DAG(s) dict_keys(['tutorial']) retrieved from /home/airflow/.local/lib/python3.7/site-packages/airflow/example_dags/tutorial.py
[2023-03-28 22:44:30,613] {logging_mixin.py:115} INFO - [2023-03-28 22:44:30,613] {dag.py:2371} INFO - Sync 1 DAGs
[2023-03-28 22:44:30,632] {logging_mixin.py:115} INFO - [2023-03-28 22:44:30,632] {dag.py:2919} INFO - Setting next_dagrun for tutorial to 2023-03-27T22:44:30.632102+00:00, run_after=2023-03-28T22:44:30.632102+00:00
[2023-03-28 22:44:30,644] {processor.py:161} INFO - Processing /home/airflow/.local/lib/python3.7/site-packages/airflow/example_dags/tutorial.py took 0.059 seconds
[2023-03-28 22:45:01,487] {processor.py:153} INFO - Started process (PID=491) to work on /home/airflow/.local/lib/python3.7/site-packages/airflow/example_dags/tutorial.py
[2023-03-28 22:45:01,488] {processor.py:641} INFO - Processing file /home/airflow/.local/lib/python3.7/site-packages/airflow/example_dags/tutorial.py for tasks to queue
[2023-03-28 22:45:01,488] {logging_mixin.py:115} INFO - [2023-03-28 22:45:01,488] {dagbag.py:507} INFO - Filling up the DagBag from /home/airflow/.local/lib/python3.7/site-packages/airflow/example_dags/tutorial.py
[2023-03-28 22:45:01,492] {processor.py:651} INFO - DAG(s) dict_keys(['tutorial']) retrieved from /home/airflow/.local/lib/python3.7/site-packages/airflow/example_dags/tutorial.py
[2023-03-28 22:45:01,516] {logging_mixin.py:115} INFO - [2023-03-28 22:45:01,515] {dag.py:2371} INFO - Sync 1 DAGs
[2023-03-28 22:45:01,536] {logging_mixin.py:115} INFO - [2023-03-28 22:45:01,536] {dag.py:2919} INFO - Setting next_dagrun for tutorial to 2023-03-27T22:45:01.536063+00:00, run_after=2023-03-28T22:45:01.536063+00:00
[2023-03-28 22:45:01,550] {processor.py:161} INFO - Processing /home/airflow/.local/lib/python3.7/site-packages/airflow/example_dags/tutorial.py took 0.065 seconds
[2023-03-28 22:45:32,465] {processor.py:153} INFO - Started process (PID=555) to work on /home/airflow/.local/lib/python3.7/site-packages/airflow/example_dags/tutorial.py
[2023-03-28 22:45:32,465] {processor.py:641} INFO - Processing file /home/airflow/.local/lib/python3.7/site-packages/airflow/example_dags/tutorial.py for tasks to queue
[2023-03-28 22:45:32,466] {logging_mixin.py:115} INFO - [2023-03-28 22:45:32,466] {dagbag.py:507} INFO - Filling up the DagBag from /home/airflow/.local/lib/python3.7/site-packages/airflow/example_dags/tutorial.py
[2023-03-28 22:45:32,470] {processor.py:651} INFO - DAG(s) dict_keys(['tutorial']) retrieved from /home/airflow/.local/lib/python3.7/site-packages/airflow/example_dags/tutorial.py
[2023-03-28 22:45:32,495] {logging_mixin.py:115} INFO - [2023-03-28 22:45:32,495] {dag.py:2371} INFO - Sync 1 DAGs
[2023-03-28 22:45:32,517] {logging_mixin.py:115} INFO - [2023-03-28 22:45:32,517] {dag.py:2919} INFO - Setting next_dagrun for tutorial to 2023-03-27T22:45:32.517414+00:00, run_after=2023-03-28T22:45:32.517414+00:00
[2023-03-28 22:45:32,533] {processor.py:161} INFO - Processing /home/airflow/.local/lib/python3.7/site-packages/airflow/example_dags/tutorial.py took 0.070 seconds
[2023-03-28 22:46:02,726] {processor.py:153} INFO - Started process (PID=610) to work on /home/airflow/.local/lib/python3.7/site-packages/airflow/example_dags/tutorial.py
[2023-03-28 22:46:02,727] {processor.py:641} INFO - Processing file /home/airflow/.local/lib/python3.7/site-packages/airflow/example_dags/tutorial.py for tasks to queue
[2023-03-28 22:46:02,728] {logging_mixin.py:115} INFO - [2023-03-28 22:46:02,728] {dagbag.py:507} INFO - Filling up the DagBag from /home/airflow/.local/lib/python3.7/site-packages/airflow/example_dags/tutorial.py
[2023-03-28 22:46:02,732] {processor.py:651} INFO - DAG(s) dict_keys(['tutorial']) retrieved from /home/airflow/.local/lib/python3.7/site-packages/airflow/example_dags/tutorial.py
[2023-03-28 22:46:02,756] {logging_mixin.py:115} INFO - [2023-03-28 22:46:02,756] {dag.py:2371} INFO - Sync 1 DAGs
[2023-03-28 22:46:02,776] {logging_mixin.py:115} INFO - [2023-03-28 22:46:02,776] {dag.py:2919} INFO - Setting next_dagrun for tutorial to 2023-03-27T22:46:02.775886+00:00, run_after=2023-03-28T22:46:02.775886+00:00
[2023-03-28 22:46:02,788] {processor.py:161} INFO - Processing /home/airflow/.local/lib/python3.7/site-packages/airflow/example_dags/tutorial.py took 0.063 seconds
[2023-03-28 22:46:32,965] {processor.py:153} INFO - Started process (PID=675) to work on /home/airflow/.local/lib/python3.7/site-packages/airflow/example_dags/tutorial.py
[2023-03-28 22:46:32,965] {processor.py:641} INFO - Processing file /home/airflow/.local/lib/python3.7/site-packages/airflow/example_dags/tutorial.py for tasks to queue
[2023-03-28 22:46:32,965] {logging_mixin.py:115} INFO - [2023-03-28 22:46:32,965] {dagbag.py:507} INFO - Filling up the DagBag from /home/airflow/.local/lib/python3.7/site-packages/airflow/example_dags/tutorial.py
[2023-03-28 22:46:32,969] {processor.py:651} INFO - DAG(s) dict_keys(['tutorial']) retrieved from /home/airflow/.local/lib/python3.7/site-packages/airflow/example_dags/tutorial.py
[2023-03-28 22:46:32,990] {logging_mixin.py:115} INFO - [2023-03-28 22:46:32,990] {dag.py:2371} INFO - Sync 1 DAGs
[2023-03-28 22:46:33,008] {logging_mixin.py:115} INFO - [2023-03-28 22:46:33,008] {dag.py:2919} INFO - Setting next_dagrun for tutorial to 2023-03-27T22:46:33.008318+00:00, run_after=2023-03-28T22:46:33.008318+00:00
[2023-03-28 22:46:33,019] {processor.py:161} INFO - Processing /home/airflow/.local/lib/python3.7/site-packages/airflow/example_dags/tutorial.py took 0.057 seconds
[2023-03-28 22:47:03,166] {processor.py:153} INFO - Started process (PID=739) to work on /home/airflow/.local/lib/python3.7/site-packages/airflow/example_dags/tutorial.py
[2023-03-28 22:47:03,167] {processor.py:641} INFO - Processing file /home/airflow/.local/lib/python3.7/site-packages/airflow/example_dags/tutorial.py for tasks to queue
[2023-03-28 22:47:03,167] {logging_mixin.py:115} INFO - [2023-03-28 22:47:03,167] {dagbag.py:507} INFO - Filling up the DagBag from /home/airflow/.local/lib/python3.7/site-packages/airflow/example_dags/tutorial.py
[2023-03-28 22:47:03,172] {processor.py:651} INFO - DAG(s) dict_keys(['tutorial']) retrieved from /home/airflow/.local/lib/python3.7/site-packages/airflow/example_dags/tutorial.py
[2023-03-28 22:47:03,194] {logging_mixin.py:115} INFO - [2023-03-28 22:47:03,194] {dag.py:2371} INFO - Sync 1 DAGs
[2023-03-28 22:47:03,214] {logging_mixin.py:115} INFO - [2023-03-28 22:47:03,214] {dag.py:2919} INFO - Setting next_dagrun for tutorial to 2023-03-27T22:47:03.213811+00:00, run_after=2023-03-28T22:47:03.213811+00:00
[2023-03-28 22:47:03,227] {processor.py:161} INFO - Processing /home/airflow/.local/lib/python3.7/site-packages/airflow/example_dags/tutorial.py took 0.063 seconds
[2023-03-28 22:48:13,578] {processor.py:153} INFO - Started process (PID=70) to work on /home/airflow/.local/lib/python3.7/site-packages/airflow/example_dags/tutorial.py
[2023-03-28 22:48:13,579] {processor.py:641} INFO - Processing file /home/airflow/.local/lib/python3.7/site-packages/airflow/example_dags/tutorial.py for tasks to queue
[2023-03-28 22:48:13,579] {logging_mixin.py:115} INFO - [2023-03-28 22:48:13,579] {dagbag.py:507} INFO - Filling up the DagBag from /home/airflow/.local/lib/python3.7/site-packages/airflow/example_dags/tutorial.py
[2023-03-28 22:48:13,586] {processor.py:651} INFO - DAG(s) dict_keys(['tutorial']) retrieved from /home/airflow/.local/lib/python3.7/site-packages/airflow/example_dags/tutorial.py
[2023-03-28 22:48:13,615] {logging_mixin.py:115} INFO - [2023-03-28 22:48:13,615] {dag.py:2371} INFO - Sync 1 DAGs
[2023-03-28 22:48:13,806] {logging_mixin.py:115} INFO - [2023-03-28 22:48:13,805] {dag.py:2919} INFO - Setting next_dagrun for tutorial to 2023-03-27T22:48:13.805654+00:00, run_after=2023-03-28T22:48:13.805654+00:00
[2023-03-28 22:48:13,826] {processor.py:161} INFO - Processing /home/airflow/.local/lib/python3.7/site-packages/airflow/example_dags/tutorial.py took 0.251 seconds
[2023-03-28 22:48:44,698] {processor.py:153} INFO - Started process (PID=126) to work on /home/airflow/.local/lib/python3.7/site-packages/airflow/example_dags/tutorial.py
[2023-03-28 22:48:44,700] {processor.py:641} INFO - Processing file /home/airflow/.local/lib/python3.7/site-packages/airflow/example_dags/tutorial.py for tasks to queue
[2023-03-28 22:48:44,700] {logging_mixin.py:115} INFO - [2023-03-28 22:48:44,700] {dagbag.py:507} INFO - Filling up the DagBag from /home/airflow/.local/lib/python3.7/site-packages/airflow/example_dags/tutorial.py
[2023-03-28 22:48:44,707] {processor.py:651} INFO - DAG(s) dict_keys(['tutorial']) retrieved from /home/airflow/.local/lib/python3.7/site-packages/airflow/example_dags/tutorial.py
[2023-03-28 22:48:44,735] {logging_mixin.py:115} INFO - [2023-03-28 22:48:44,735] {dag.py:2371} INFO - Sync 1 DAGs
[2023-03-28 22:48:44,865] {logging_mixin.py:115} INFO - [2023-03-28 22:48:44,864] {dag.py:2919} INFO - Setting next_dagrun for tutorial to 2023-03-27T22:48:44.864797+00:00, run_after=2023-03-28T22:48:44.864797+00:00
[2023-03-28 22:48:44,878] {processor.py:161} INFO - Processing /home/airflow/.local/lib/python3.7/site-packages/airflow/example_dags/tutorial.py took 0.182 seconds
[2023-03-28 22:49:14,925] {processor.py:153} INFO - Started process (PID=190) to work on /home/airflow/.local/lib/python3.7/site-packages/airflow/example_dags/tutorial.py
[2023-03-28 22:49:14,925] {processor.py:641} INFO - Processing file /home/airflow/.local/lib/python3.7/site-packages/airflow/example_dags/tutorial.py for tasks to queue
[2023-03-28 22:49:14,926] {logging_mixin.py:115} INFO - [2023-03-28 22:49:14,926] {dagbag.py:507} INFO - Filling up the DagBag from /home/airflow/.local/lib/python3.7/site-packages/airflow/example_dags/tutorial.py
[2023-03-28 22:49:14,930] {processor.py:651} INFO - DAG(s) dict_keys(['tutorial']) retrieved from /home/airflow/.local/lib/python3.7/site-packages/airflow/example_dags/tutorial.py
[2023-03-28 22:49:14,954] {logging_mixin.py:115} INFO - [2023-03-28 22:49:14,954] {dag.py:2371} INFO - Sync 1 DAGs
[2023-03-28 22:49:15,075] {logging_mixin.py:115} INFO - [2023-03-28 22:49:15,075] {dag.py:2919} INFO - Setting next_dagrun for tutorial to 2023-03-27T22:49:15.074946+00:00, run_after=2023-03-28T22:49:15.074946+00:00
[2023-03-28 22:49:15,088] {processor.py:161} INFO - Processing /home/airflow/.local/lib/python3.7/site-packages/airflow/example_dags/tutorial.py took 0.165 seconds
[2023-03-28 22:49:45,289] {processor.py:153} INFO - Started process (PID=255) to work on /home/airflow/.local/lib/python3.7/site-packages/airflow/example_dags/tutorial.py
[2023-03-28 22:49:45,290] {processor.py:641} INFO - Processing file /home/airflow/.local/lib/python3.7/site-packages/airflow/example_dags/tutorial.py for tasks to queue
[2023-03-28 22:49:45,290] {logging_mixin.py:115} INFO - [2023-03-28 22:49:45,290] {dagbag.py:507} INFO - Filling up the DagBag from /home/airflow/.local/lib/python3.7/site-packages/airflow/example_dags/tutorial.py
[2023-03-28 22:49:45,294] {processor.py:651} INFO - DAG(s) dict_keys(['tutorial']) retrieved from /home/airflow/.local/lib/python3.7/site-packages/airflow/example_dags/tutorial.py
[2023-03-28 22:49:45,317] {logging_mixin.py:115} INFO - [2023-03-28 22:49:45,317] {dag.py:2371} INFO - Sync 1 DAGs
[2023-03-28 22:49:45,439] {logging_mixin.py:115} INFO - [2023-03-28 22:49:45,439] {dag.py:2919} INFO - Setting next_dagrun for tutorial to 2023-03-27T22:49:45.438847+00:00, run_after=2023-03-28T22:49:45.438847+00:00
[2023-03-28 22:49:45,452] {processor.py:161} INFO - Processing /home/airflow/.local/lib/python3.7/site-packages/airflow/example_dags/tutorial.py took 0.165 seconds
[2023-03-28 22:50:15,844] {processor.py:153} INFO - Started process (PID=310) to work on /home/airflow/.local/lib/python3.7/site-packages/airflow/example_dags/tutorial.py
[2023-03-28 22:50:15,844] {processor.py:641} INFO - Processing file /home/airflow/.local/lib/python3.7/site-packages/airflow/example_dags/tutorial.py for tasks to queue
[2023-03-28 22:50:15,845] {logging_mixin.py:115} INFO - [2023-03-28 22:50:15,845] {dagbag.py:507} INFO - Filling up the DagBag from /home/airflow/.local/lib/python3.7/site-packages/airflow/example_dags/tutorial.py
[2023-03-28 22:50:15,853] {processor.py:651} INFO - DAG(s) dict_keys(['tutorial']) retrieved from /home/airflow/.local/lib/python3.7/site-packages/airflow/example_dags/tutorial.py
[2023-03-28 22:50:15,886] {logging_mixin.py:115} INFO - [2023-03-28 22:50:15,886] {dag.py:2371} INFO - Sync 1 DAGs
[2023-03-28 22:50:16,106] {logging_mixin.py:115} INFO - [2023-03-28 22:50:16,105] {dag.py:2919} INFO - Setting next_dagrun for tutorial to 2023-03-27T22:50:16.105630+00:00, run_after=2023-03-28T22:50:16.105630+00:00
[2023-03-28 22:50:16,131] {processor.py:161} INFO - Processing /home/airflow/.local/lib/python3.7/site-packages/airflow/example_dags/tutorial.py took 0.292 seconds
[2023-03-28 22:50:46,742] {processor.py:153} INFO - Started process (PID=374) to work on /home/airflow/.local/lib/python3.7/site-packages/airflow/example_dags/tutorial.py
[2023-03-28 22:50:46,743] {processor.py:641} INFO - Processing file /home/airflow/.local/lib/python3.7/site-packages/airflow/example_dags/tutorial.py for tasks to queue
[2023-03-28 22:50:46,743] {logging_mixin.py:115} INFO - [2023-03-28 22:50:46,743] {dagbag.py:507} INFO - Filling up the DagBag from /home/airflow/.local/lib/python3.7/site-packages/airflow/example_dags/tutorial.py
[2023-03-28 22:50:46,747] {processor.py:651} INFO - DAG(s) dict_keys(['tutorial']) retrieved from /home/airflow/.local/lib/python3.7/site-packages/airflow/example_dags/tutorial.py
[2023-03-28 22:50:46,770] {logging_mixin.py:115} INFO - [2023-03-28 22:50:46,770] {dag.py:2371} INFO - Sync 1 DAGs
[2023-03-28 22:50:46,892] {logging_mixin.py:115} INFO - [2023-03-28 22:50:46,892] {dag.py:2919} INFO - Setting next_dagrun for tutorial to 2023-03-27T22:50:46.892356+00:00, run_after=2023-03-28T22:50:46.892356+00:00
[2023-03-28 22:50:46,906] {processor.py:161} INFO - Processing /home/airflow/.local/lib/python3.7/site-packages/airflow/example_dags/tutorial.py took 0.166 seconds
[2023-03-28 22:52:16,413] {processor.py:153} INFO - Started process (PID=60) to work on /home/airflow/.local/lib/python3.7/site-packages/airflow/example_dags/tutorial.py
[2023-03-28 22:52:16,415] {processor.py:641} INFO - Processing file /home/airflow/.local/lib/python3.7/site-packages/airflow/example_dags/tutorial.py for tasks to queue
[2023-03-28 22:52:16,415] {logging_mixin.py:115} INFO - [2023-03-28 22:52:16,415] {dagbag.py:507} INFO - Filling up the DagBag from /home/airflow/.local/lib/python3.7/site-packages/airflow/example_dags/tutorial.py
[2023-03-28 22:52:16,420] {processor.py:651} INFO - DAG(s) dict_keys(['tutorial']) retrieved from /home/airflow/.local/lib/python3.7/site-packages/airflow/example_dags/tutorial.py
[2023-03-28 22:52:16,445] {logging_mixin.py:115} INFO - [2023-03-28 22:52:16,445] {dag.py:2371} INFO - Sync 1 DAGs
[2023-03-28 22:52:16,472] {logging_mixin.py:115} INFO - [2023-03-28 22:52:16,472] {dag.py:2919} INFO - Setting next_dagrun for tutorial to 2023-03-27T22:52:16.472532+00:00, run_after=2023-03-28T22:52:16.472532+00:00
[2023-03-28 22:52:16,490] {processor.py:161} INFO - Processing /home/airflow/.local/lib/python3.7/site-packages/airflow/example_dags/tutorial.py took 0.078 seconds
[2023-03-28 22:52:46,679] {processor.py:153} INFO - Started process (PID=123) to work on /home/airflow/.local/lib/python3.7/site-packages/airflow/example_dags/tutorial.py
[2023-03-28 22:52:46,680] {processor.py:641} INFO - Processing file /home/airflow/.local/lib/python3.7/site-packages/airflow/example_dags/tutorial.py for tasks to queue
[2023-03-28 22:52:46,680] {logging_mixin.py:115} INFO - [2023-03-28 22:52:46,680] {dagbag.py:507} INFO - Filling up the DagBag from /home/airflow/.local/lib/python3.7/site-packages/airflow/example_dags/tutorial.py
[2023-03-28 22:52:46,684] {processor.py:651} INFO - DAG(s) dict_keys(['tutorial']) retrieved from /home/airflow/.local/lib/python3.7/site-packages/airflow/example_dags/tutorial.py
[2023-03-28 22:52:46,706] {logging_mixin.py:115} INFO - [2023-03-28 22:52:46,706] {dag.py:2371} INFO - Sync 1 DAGs
[2023-03-28 22:52:46,724] {logging_mixin.py:115} INFO - [2023-03-28 22:52:46,724] {dag.py:2919} INFO - Setting next_dagrun for tutorial to 2023-03-27T22:52:46.724557+00:00, run_after=2023-03-28T22:52:46.724557+00:00
[2023-03-28 22:52:46,737] {processor.py:161} INFO - Processing /home/airflow/.local/lib/python3.7/site-packages/airflow/example_dags/tutorial.py took 0.061 seconds
[2023-03-28 22:53:17,128] {processor.py:153} INFO - Started process (PID=187) to work on /home/airflow/.local/lib/python3.7/site-packages/airflow/example_dags/tutorial.py
[2023-03-28 22:53:17,128] {processor.py:641} INFO - Processing file /home/airflow/.local/lib/python3.7/site-packages/airflow/example_dags/tutorial.py for tasks to queue
[2023-03-28 22:53:17,129] {logging_mixin.py:115} INFO - [2023-03-28 22:53:17,129] {dagbag.py:507} INFO - Filling up the DagBag from /home/airflow/.local/lib/python3.7/site-packages/airflow/example_dags/tutorial.py
[2023-03-28 22:53:17,132] {processor.py:651} INFO - DAG(s) dict_keys(['tutorial']) retrieved from /home/airflow/.local/lib/python3.7/site-packages/airflow/example_dags/tutorial.py
[2023-03-28 22:53:17,156] {logging_mixin.py:115} INFO - [2023-03-28 22:53:17,156] {dag.py:2371} INFO - Sync 1 DAGs
[2023-03-28 22:53:17,177] {logging_mixin.py:115} INFO - [2023-03-28 22:53:17,177] {dag.py:2919} INFO - Setting next_dagrun for tutorial to 2023-03-27T22:53:17.177469+00:00, run_after=2023-03-28T22:53:17.177469+00:00
[2023-03-28 22:53:17,192] {processor.py:161} INFO - Processing /home/airflow/.local/lib/python3.7/site-packages/airflow/example_dags/tutorial.py took 0.066 seconds
[2023-03-28 22:53:47,535] {processor.py:153} INFO - Started process (PID=242) to work on /home/airflow/.local/lib/python3.7/site-packages/airflow/example_dags/tutorial.py
[2023-03-28 22:53:47,536] {processor.py:641} INFO - Processing file /home/airflow/.local/lib/python3.7/site-packages/airflow/example_dags/tutorial.py for tasks to queue
[2023-03-28 22:53:47,537] {logging_mixin.py:115} INFO - [2023-03-28 22:53:47,537] {dagbag.py:507} INFO - Filling up the DagBag from /home/airflow/.local/lib/python3.7/site-packages/airflow/example_dags/tutorial.py
[2023-03-28 22:53:47,543] {processor.py:651} INFO - DAG(s) dict_keys(['tutorial']) retrieved from /home/airflow/.local/lib/python3.7/site-packages/airflow/example_dags/tutorial.py
[2023-03-28 22:53:47,567] {logging_mixin.py:115} INFO - [2023-03-28 22:53:47,567] {dag.py:2371} INFO - Sync 1 DAGs
[2023-03-28 22:53:47,587] {logging_mixin.py:115} INFO - [2023-03-28 22:53:47,587] {dag.py:2919} INFO - Setting next_dagrun for tutorial to 2023-03-27T22:53:47.587381+00:00, run_after=2023-03-28T22:53:47.587381+00:00
[2023-03-28 22:53:47,604] {processor.py:161} INFO - Processing /home/airflow/.local/lib/python3.7/site-packages/airflow/example_dags/tutorial.py took 0.071 seconds
