[2023-03-29 15:42:34,751] {taskinstance.py:1159} INFO - Dependencies all met for <TaskInstance: currency_dag.insert_task manual__2023-03-29T15:42:28.074859+00:00 [queued]>
[2023-03-29 15:42:34,764] {taskinstance.py:1159} INFO - Dependencies all met for <TaskInstance: currency_dag.insert_task manual__2023-03-29T15:42:28.074859+00:00 [queued]>
[2023-03-29 15:42:34,764] {taskinstance.py:1356} INFO - 
--------------------------------------------------------------------------------
[2023-03-29 15:42:34,764] {taskinstance.py:1357} INFO - Starting attempt 1 of 4
[2023-03-29 15:42:34,764] {taskinstance.py:1358} INFO - 
--------------------------------------------------------------------------------
[2023-03-29 15:42:34,785] {taskinstance.py:1377} INFO - Executing <Task(PythonOperator): insert_task> on 2023-03-29 15:42:28.074859+00:00
[2023-03-29 15:42:34,791] {standard_task_runner.py:52} INFO - Started process 112 to run task
[2023-03-29 15:42:34,794] {standard_task_runner.py:79} INFO - Running: ['***', 'tasks', 'run', 'currency_dag', 'insert_task', 'manual__2023-03-29T15:42:28.074859+00:00', '--job-id', '524', '--raw', '--subdir', 'DAGS_FOLDER/currency_dag.py', '--cfg-path', '/tmp/tmpej4r8hlt', '--error-file', '/tmp/tmp1yb4zepl']
[2023-03-29 15:42:34,795] {standard_task_runner.py:80} INFO - Job 524: Subtask insert_task
[2023-03-29 15:42:34,880] {task_command.py:369} INFO - Running <TaskInstance: currency_dag.insert_task manual__2023-03-29T15:42:28.074859+00:00 [running]> on host 5d8703454903
[2023-03-29 15:42:34,977] {taskinstance.py:1571} INFO - Exporting the following env vars:
AIRFLOW_CTX_DAG_OWNER=kartaca
AIRFLOW_CTX_DAG_ID=currency_dag
AIRFLOW_CTX_TASK_ID=insert_task
AIRFLOW_CTX_EXECUTION_DATE=2023-03-29T15:42:28.074859+00:00
AIRFLOW_CTX_TRY_NUMBER=1
AIRFLOW_CTX_DAG_RUN_ID=manual__2023-03-29T15:42:28.074859+00:00
[2023-03-29 15:42:35,933] {python.py:173} INFO - Done. Returned value was: None
[2023-03-29 15:42:35,948] {taskinstance.py:1400} INFO - Marking task as SUCCESS. dag_id=currency_dag, task_id=insert_task, execution_date=20230329T154228, start_date=20230329T154234, end_date=20230329T154235
[2023-03-29 15:42:35,971] {local_task_job.py:156} INFO - Task exited with return code 0
[2023-03-29 15:42:36,010] {local_task_job.py:273} INFO - 1 downstream tasks scheduled from follow-on schedule check
