[2023-03-29 15:50:56,690] {taskinstance.py:1159} INFO - Dependencies all met for <TaskInstance: country_dag.start_task manual__2023-03-29T15:50:55.975948+00:00 [queued]>
[2023-03-29 15:50:56,699] {taskinstance.py:1159} INFO - Dependencies all met for <TaskInstance: country_dag.start_task manual__2023-03-29T15:50:55.975948+00:00 [queued]>
[2023-03-29 15:50:56,699] {taskinstance.py:1356} INFO - 
--------------------------------------------------------------------------------
[2023-03-29 15:50:56,699] {taskinstance.py:1357} INFO - Starting attempt 1 of 4
[2023-03-29 15:50:56,699] {taskinstance.py:1358} INFO - 
--------------------------------------------------------------------------------
[2023-03-29 15:50:56,715] {taskinstance.py:1377} INFO - Executing <Task(PythonOperator): start_task> on 2023-03-29 15:50:55.975948+00:00
[2023-03-29 15:50:56,719] {standard_task_runner.py:52} INFO - Started process 74 to run task
[2023-03-29 15:50:56,721] {standard_task_runner.py:79} INFO - Running: ['***', 'tasks', 'run', 'country_dag', 'start_task', 'manual__2023-03-29T15:50:55.975948+00:00', '--job-id', '580', '--raw', '--subdir', 'DAGS_FOLDER/country_dag.py', '--cfg-path', '/tmp/tmp9nokqx_d', '--error-file', '/tmp/tmpbevv0s0i']
[2023-03-29 15:50:56,722] {standard_task_runner.py:80} INFO - Job 580: Subtask start_task
[2023-03-29 15:50:56,778] {task_command.py:369} INFO - Running <TaskInstance: country_dag.start_task manual__2023-03-29T15:50:55.975948+00:00 [running]> on host 5d8703454903
[2023-03-29 15:50:56,850] {taskinstance.py:1571} INFO - Exporting the following env vars:
AIRFLOW_CTX_DAG_OWNER=kartaca
AIRFLOW_CTX_DAG_ID=country_dag
AIRFLOW_CTX_TASK_ID=start_task
AIRFLOW_CTX_EXECUTION_DATE=2023-03-29T15:50:55.975948+00:00
AIRFLOW_CTX_TRY_NUMBER=1
AIRFLOW_CTX_DAG_RUN_ID=manual__2023-03-29T15:50:55.975948+00:00
[2023-03-29 15:50:56,850] {logging_mixin.py:115} INFO - DAG has been started...
[2023-03-29 15:50:56,851] {python.py:173} INFO - Done. Returned value was: DAG has been started...
[2023-03-29 15:50:56,877] {taskinstance.py:1400} INFO - Marking task as SUCCESS. dag_id=country_dag, task_id=start_task, execution_date=20230329T155055, start_date=20230329T155056, end_date=20230329T155056
[2023-03-29 15:50:56,894] {local_task_job.py:156} INFO - Task exited with return code 0
[2023-03-29 15:50:56,933] {local_task_job.py:273} INFO - 1 downstream tasks scheduled from follow-on schedule check
