[2023-03-29 15:31:41,628] {taskinstance.py:1159} INFO - Dependencies all met for <TaskInstance: country_dag.insert_task manual__2023-03-29T15:31:37.886788+00:00 [queued]>
[2023-03-29 15:31:41,637] {taskinstance.py:1159} INFO - Dependencies all met for <TaskInstance: country_dag.insert_task manual__2023-03-29T15:31:37.886788+00:00 [queued]>
[2023-03-29 15:31:41,637] {taskinstance.py:1356} INFO - 
--------------------------------------------------------------------------------
[2023-03-29 15:31:41,637] {taskinstance.py:1357} INFO - Starting attempt 1 of 4
[2023-03-29 15:31:41,637] {taskinstance.py:1358} INFO - 
--------------------------------------------------------------------------------
[2023-03-29 15:31:41,650] {taskinstance.py:1377} INFO - Executing <Task(PythonOperator): insert_task> on 2023-03-29 15:31:37.886788+00:00
[2023-03-29 15:31:41,653] {standard_task_runner.py:52} INFO - Started process 117 to run task
[2023-03-29 15:31:41,655] {standard_task_runner.py:79} INFO - Running: ['***', 'tasks', 'run', 'country_dag', 'insert_task', 'manual__2023-03-29T15:31:37.886788+00:00', '--job-id', '455', '--raw', '--subdir', 'DAGS_FOLDER/country_dag.py', '--cfg-path', '/tmp/tmptyduqm72', '--error-file', '/tmp/tmpzz89ckr5']
[2023-03-29 15:31:41,656] {standard_task_runner.py:80} INFO - Job 455: Subtask insert_task
[2023-03-29 15:31:41,701] {task_command.py:369} INFO - Running <TaskInstance: country_dag.insert_task manual__2023-03-29T15:31:37.886788+00:00 [running]> on host cbb3159fbb01
[2023-03-29 15:31:41,770] {taskinstance.py:1571} INFO - Exporting the following env vars:
AIRFLOW_CTX_DAG_OWNER=kartaca
AIRFLOW_CTX_DAG_ID=country_dag
AIRFLOW_CTX_TASK_ID=insert_task
AIRFLOW_CTX_EXECUTION_DATE=2023-03-29T15:31:37.886788+00:00
AIRFLOW_CTX_TRY_NUMBER=1
AIRFLOW_CTX_DAG_RUN_ID=manual__2023-03-29T15:31:37.886788+00:00
[2023-03-29 15:31:42,425] {python.py:173} INFO - Done. Returned value was: None
[2023-03-29 15:31:42,437] {taskinstance.py:1400} INFO - Marking task as SUCCESS. dag_id=country_dag, task_id=insert_task, execution_date=20230329T153137, start_date=20230329T153141, end_date=20230329T153142
[2023-03-29 15:31:42,470] {local_task_job.py:156} INFO - Task exited with return code 0
[2023-03-29 15:31:42,504] {local_task_job.py:273} INFO - 1 downstream tasks scheduled from follow-on schedule check
