[2023-03-29 19:53:38,560] {taskinstance.py:1159} INFO - Dependencies all met for <TaskInstance: currency_dag.start_task manual__2023-03-29T19:53:37.451225+00:00 [queued]>
[2023-03-29 19:53:38,568] {taskinstance.py:1159} INFO - Dependencies all met for <TaskInstance: currency_dag.start_task manual__2023-03-29T19:53:37.451225+00:00 [queued]>
[2023-03-29 19:53:38,568] {taskinstance.py:1356} INFO - 
--------------------------------------------------------------------------------
[2023-03-29 19:53:38,568] {taskinstance.py:1357} INFO - Starting attempt 1 of 4
[2023-03-29 19:53:38,568] {taskinstance.py:1358} INFO - 
--------------------------------------------------------------------------------
[2023-03-29 19:53:38,581] {taskinstance.py:1377} INFO - Executing <Task(PythonOperator): start_task> on 2023-03-29 19:53:37.451225+00:00
[2023-03-29 19:53:38,585] {standard_task_runner.py:52} INFO - Started process 192 to run task
[2023-03-29 19:53:38,587] {standard_task_runner.py:79} INFO - Running: ['***', 'tasks', 'run', 'currency_dag', 'start_task', 'manual__2023-03-29T19:53:37.451225+00:00', '--job-id', '680', '--raw', '--subdir', 'DAGS_FOLDER/currency_dag.py', '--cfg-path', '/tmp/tmp_ziv3pur', '--error-file', '/tmp/tmpdhww47_c']
[2023-03-29 19:53:38,587] {standard_task_runner.py:80} INFO - Job 680: Subtask start_task
[2023-03-29 19:53:38,638] {task_command.py:369} INFO - Running <TaskInstance: currency_dag.start_task manual__2023-03-29T19:53:37.451225+00:00 [running]> on host fe0c70026834
[2023-03-29 19:53:38,707] {taskinstance.py:1571} INFO - Exporting the following env vars:
AIRFLOW_CTX_DAG_OWNER=kartaca
AIRFLOW_CTX_DAG_ID=currency_dag
AIRFLOW_CTX_TASK_ID=start_task
AIRFLOW_CTX_EXECUTION_DATE=2023-03-29T19:53:37.451225+00:00
AIRFLOW_CTX_TRY_NUMBER=1
AIRFLOW_CTX_DAG_RUN_ID=manual__2023-03-29T19:53:37.451225+00:00
[2023-03-29 19:53:38,708] {logging_mixin.py:115} INFO - DAG has been started...
[2023-03-29 19:53:38,708] {python.py:173} INFO - Done. Returned value was: DAG has been started...
[2023-03-29 19:53:38,733] {taskinstance.py:1400} INFO - Marking task as SUCCESS. dag_id=currency_dag, task_id=start_task, execution_date=20230329T195337, start_date=20230329T195338, end_date=20230329T195338
[2023-03-29 19:53:38,760] {local_task_job.py:156} INFO - Task exited with return code 0
[2023-03-29 19:53:38,800] {local_task_job.py:273} INFO - 1 downstream tasks scheduled from follow-on schedule check
