[2023-03-29 15:42:29,148] {taskinstance.py:1159} INFO - Dependencies all met for <TaskInstance: currency_dag.start_task manual__2023-03-29T15:42:28.074859+00:00 [queued]>
[2023-03-29 15:42:29,157] {taskinstance.py:1159} INFO - Dependencies all met for <TaskInstance: currency_dag.start_task manual__2023-03-29T15:42:28.074859+00:00 [queued]>
[2023-03-29 15:42:29,157] {taskinstance.py:1356} INFO - 
--------------------------------------------------------------------------------
[2023-03-29 15:42:29,157] {taskinstance.py:1357} INFO - Starting attempt 1 of 4
[2023-03-29 15:42:29,157] {taskinstance.py:1358} INFO - 
--------------------------------------------------------------------------------
[2023-03-29 15:42:29,170] {taskinstance.py:1377} INFO - Executing <Task(PythonOperator): start_task> on 2023-03-29 15:42:28.074859+00:00
[2023-03-29 15:42:29,174] {standard_task_runner.py:52} INFO - Started process 108 to run task
[2023-03-29 15:42:29,176] {standard_task_runner.py:79} INFO - Running: ['***', 'tasks', 'run', 'currency_dag', 'start_task', 'manual__2023-03-29T15:42:28.074859+00:00', '--job-id', '522', '--raw', '--subdir', 'DAGS_FOLDER/currency_dag.py', '--cfg-path', '/tmp/tmplbkwm870', '--error-file', '/tmp/tmpssez98sj']
[2023-03-29 15:42:29,177] {standard_task_runner.py:80} INFO - Job 522: Subtask start_task
[2023-03-29 15:42:29,225] {task_command.py:369} INFO - Running <TaskInstance: currency_dag.start_task manual__2023-03-29T15:42:28.074859+00:00 [running]> on host 5d8703454903
[2023-03-29 15:42:29,299] {taskinstance.py:1571} INFO - Exporting the following env vars:
AIRFLOW_CTX_DAG_OWNER=kartaca
AIRFLOW_CTX_DAG_ID=currency_dag
AIRFLOW_CTX_TASK_ID=start_task
AIRFLOW_CTX_EXECUTION_DATE=2023-03-29T15:42:28.074859+00:00
AIRFLOW_CTX_TRY_NUMBER=1
AIRFLOW_CTX_DAG_RUN_ID=manual__2023-03-29T15:42:28.074859+00:00
[2023-03-29 15:42:29,300] {logging_mixin.py:115} INFO - DAG has been started...
[2023-03-29 15:42:29,300] {python.py:173} INFO - Done. Returned value was: DAG has been started...
[2023-03-29 15:42:29,324] {taskinstance.py:1400} INFO - Marking task as SUCCESS. dag_id=currency_dag, task_id=start_task, execution_date=20230329T154228, start_date=20230329T154229, end_date=20230329T154229
[2023-03-29 15:42:29,349] {local_task_job.py:156} INFO - Task exited with return code 0
[2023-03-29 15:42:29,426] {local_task_job.py:273} INFO - 0 downstream tasks scheduled from follow-on schedule check
