[2023-03-28 22:52:28,224] {taskinstance.py:1159} INFO - Dependencies all met for <TaskInstance: country_dag.start_task manual__2023-03-28T22:52:27.704873+00:00 [queued]>
[2023-03-28 22:52:28,232] {taskinstance.py:1159} INFO - Dependencies all met for <TaskInstance: country_dag.start_task manual__2023-03-28T22:52:27.704873+00:00 [queued]>
[2023-03-28 22:52:28,233] {taskinstance.py:1356} INFO - 
--------------------------------------------------------------------------------
[2023-03-28 22:52:28,233] {taskinstance.py:1357} INFO - Starting attempt 1 of 4
[2023-03-28 22:52:28,233] {taskinstance.py:1358} INFO - 
--------------------------------------------------------------------------------
[2023-03-28 22:52:28,246] {taskinstance.py:1377} INFO - Executing <Task(PythonOperator): start_task> on 2023-03-28 22:52:27.704873+00:00
[2023-03-28 22:52:28,250] {standard_task_runner.py:52} INFO - Started process 73 to run task
[2023-03-28 22:52:28,252] {standard_task_runner.py:79} INFO - Running: ['***', 'tasks', 'run', 'country_dag', 'start_task', 'manual__2023-03-28T22:52:27.704873+00:00', '--job-id', '292', '--raw', '--subdir', 'DAGS_FOLDER/country_dag.py', '--cfg-path', '/tmp/tmps_5kkwoe', '--error-file', '/tmp/tmpn5fy4l3k']
[2023-03-28 22:52:28,253] {standard_task_runner.py:80} INFO - Job 292: Subtask start_task
[2023-03-28 22:52:28,299] {task_command.py:369} INFO - Running <TaskInstance: country_dag.start_task manual__2023-03-28T22:52:27.704873+00:00 [running]> on host c0bc2ca16b74
[2023-03-28 22:52:28,368] {taskinstance.py:1571} INFO - Exporting the following env vars:
AIRFLOW_CTX_DAG_OWNER=Ranga
AIRFLOW_CTX_DAG_ID=country_dag
AIRFLOW_CTX_TASK_ID=start_task
AIRFLOW_CTX_EXECUTION_DATE=2023-03-28T22:52:27.704873+00:00
AIRFLOW_CTX_TRY_NUMBER=1
AIRFLOW_CTX_DAG_RUN_ID=manual__2023-03-28T22:52:27.704873+00:00
[2023-03-28 22:52:28,369] {logging_mixin.py:115} INFO - DAG has been started...
[2023-03-28 22:52:28,369] {python.py:173} INFO - Done. Returned value was: DAG has been started...
[2023-03-28 22:52:28,394] {taskinstance.py:1400} INFO - Marking task as SUCCESS. dag_id=country_dag, task_id=start_task, execution_date=20230328T225227, start_date=20230328T225228, end_date=20230328T225228
[2023-03-28 22:52:28,425] {local_task_job.py:156} INFO - Task exited with return code 0
[2023-03-28 22:52:28,471] {local_task_job.py:273} INFO - 1 downstream tasks scheduled from follow-on schedule check
