[2023-03-28 22:23:45,403] {processor.py:153} INFO - Started process (PID=2332) to work on /opt/airflow/dags/new_write_file_dag.py
[2023-03-28 22:23:45,403] {processor.py:641} INFO - Processing file /opt/airflow/dags/new_write_file_dag.py for tasks to queue
[2023-03-28 22:23:45,403] {logging_mixin.py:115} INFO - [2023-03-28 22:23:45,403] {dagbag.py:507} INFO - Filling up the DagBag from /opt/airflow/dags/new_write_file_dag.py
[2023-03-28 22:23:45,409] {processor.py:651} INFO - DAG(s) dict_keys(['write_file_dag']) retrieved from /opt/airflow/dags/new_write_file_dag.py
[2023-03-28 22:23:45,429] {logging_mixin.py:115} INFO - [2023-03-28 22:23:45,429] {dag.py:2371} INFO - Sync 1 DAGs
[2023-03-28 22:23:45,448] {logging_mixin.py:115} INFO - [2023-03-28 22:23:45,448] {dag.py:2919} INFO - Setting next_dagrun for write_file_dag to 2023-03-28T22:22:00+00:00, run_after=2023-03-28T22:23:00+00:00
[2023-03-28 22:23:45,459] {processor.py:161} INFO - Processing /opt/airflow/dags/new_write_file_dag.py took 0.059 seconds
[2023-03-28 22:24:16,305] {processor.py:153} INFO - Started process (PID=2396) to work on /opt/airflow/dags/new_write_file_dag.py
[2023-03-28 22:24:16,307] {processor.py:641} INFO - Processing file /opt/airflow/dags/new_write_file_dag.py for tasks to queue
[2023-03-28 22:24:16,307] {logging_mixin.py:115} INFO - [2023-03-28 22:24:16,307] {dagbag.py:507} INFO - Filling up the DagBag from /opt/airflow/dags/new_write_file_dag.py
[2023-03-28 22:24:16,314] {processor.py:651} INFO - DAG(s) dict_keys(['write_file_dag']) retrieved from /opt/airflow/dags/new_write_file_dag.py
[2023-03-28 22:24:16,335] {logging_mixin.py:115} INFO - [2023-03-28 22:24:16,335] {dag.py:2371} INFO - Sync 1 DAGs
[2023-03-28 22:24:16,355] {logging_mixin.py:115} INFO - [2023-03-28 22:24:16,355] {dag.py:2919} INFO - Setting next_dagrun for write_file_dag to 2023-03-28T22:23:00+00:00, run_after=2023-03-28T22:24:00+00:00
[2023-03-28 22:24:16,366] {processor.py:161} INFO - Processing /opt/airflow/dags/new_write_file_dag.py took 0.064 seconds
[2023-03-28 22:24:46,922] {processor.py:153} INFO - Started process (PID=2460) to work on /opt/airflow/dags/new_write_file_dag.py
[2023-03-28 22:24:46,922] {processor.py:641} INFO - Processing file /opt/airflow/dags/new_write_file_dag.py for tasks to queue
[2023-03-28 22:24:46,922] {logging_mixin.py:115} INFO - [2023-03-28 22:24:46,922] {dagbag.py:507} INFO - Filling up the DagBag from /opt/airflow/dags/new_write_file_dag.py
[2023-03-28 22:24:46,929] {processor.py:651} INFO - DAG(s) dict_keys(['write_file_dag']) retrieved from /opt/airflow/dags/new_write_file_dag.py
[2023-03-28 22:24:46,950] {logging_mixin.py:115} INFO - [2023-03-28 22:24:46,949] {dag.py:2371} INFO - Sync 1 DAGs
[2023-03-28 22:24:46,970] {logging_mixin.py:115} INFO - [2023-03-28 22:24:46,970] {dag.py:2919} INFO - Setting next_dagrun for write_file_dag to 2023-03-28T22:23:00+00:00, run_after=2023-03-28T22:24:00+00:00
[2023-03-28 22:24:46,984] {processor.py:161} INFO - Processing /opt/airflow/dags/new_write_file_dag.py took 0.064 seconds
[2023-03-28 22:25:17,719] {processor.py:153} INFO - Started process (PID=2515) to work on /opt/airflow/dags/new_write_file_dag.py
[2023-03-28 22:25:17,731] {processor.py:641} INFO - Processing file /opt/airflow/dags/new_write_file_dag.py for tasks to queue
[2023-03-28 22:25:17,732] {logging_mixin.py:115} INFO - [2023-03-28 22:25:17,732] {dagbag.py:507} INFO - Filling up the DagBag from /opt/airflow/dags/new_write_file_dag.py
[2023-03-28 22:25:17,739] {processor.py:651} INFO - DAG(s) dict_keys(['write_file_dag']) retrieved from /opt/airflow/dags/new_write_file_dag.py
[2023-03-28 22:25:17,760] {logging_mixin.py:115} INFO - [2023-03-28 22:25:17,760] {dag.py:2371} INFO - Sync 1 DAGs
[2023-03-28 22:25:17,781] {logging_mixin.py:115} INFO - [2023-03-28 22:25:17,781] {dag.py:2919} INFO - Setting next_dagrun for write_file_dag to 2023-03-28T22:24:00+00:00, run_after=2023-03-28T22:25:00+00:00
[2023-03-28 22:25:17,795] {processor.py:161} INFO - Processing /opt/airflow/dags/new_write_file_dag.py took 0.078 seconds
[2023-03-28 22:25:48,666] {processor.py:153} INFO - Started process (PID=2579) to work on /opt/airflow/dags/new_write_file_dag.py
[2023-03-28 22:25:48,666] {processor.py:641} INFO - Processing file /opt/airflow/dags/new_write_file_dag.py for tasks to queue
[2023-03-28 22:25:48,667] {logging_mixin.py:115} INFO - [2023-03-28 22:25:48,667] {dagbag.py:507} INFO - Filling up the DagBag from /opt/airflow/dags/new_write_file_dag.py
[2023-03-28 22:25:48,673] {processor.py:651} INFO - DAG(s) dict_keys(['write_file_dag']) retrieved from /opt/airflow/dags/new_write_file_dag.py
[2023-03-28 22:25:48,694] {logging_mixin.py:115} INFO - [2023-03-28 22:25:48,693] {dag.py:2371} INFO - Sync 1 DAGs
[2023-03-28 22:25:48,713] {logging_mixin.py:115} INFO - [2023-03-28 22:25:48,713] {dag.py:2919} INFO - Setting next_dagrun for write_file_dag to 2023-03-28T22:24:00+00:00, run_after=2023-03-28T22:25:00+00:00
[2023-03-28 22:25:48,726] {processor.py:161} INFO - Processing /opt/airflow/dags/new_write_file_dag.py took 0.062 seconds
[2023-03-28 22:26:19,535] {processor.py:153} INFO - Started process (PID=2644) to work on /opt/airflow/dags/new_write_file_dag.py
[2023-03-28 22:26:19,535] {processor.py:641} INFO - Processing file /opt/airflow/dags/new_write_file_dag.py for tasks to queue
[2023-03-28 22:26:19,536] {logging_mixin.py:115} INFO - [2023-03-28 22:26:19,536] {dagbag.py:507} INFO - Filling up the DagBag from /opt/airflow/dags/new_write_file_dag.py
[2023-03-28 22:26:19,542] {processor.py:651} INFO - DAG(s) dict_keys(['write_file_dag']) retrieved from /opt/airflow/dags/new_write_file_dag.py
[2023-03-28 22:26:19,563] {logging_mixin.py:115} INFO - [2023-03-28 22:26:19,563] {dag.py:2371} INFO - Sync 1 DAGs
[2023-03-28 22:26:19,583] {logging_mixin.py:115} INFO - [2023-03-28 22:26:19,583] {dag.py:2919} INFO - Setting next_dagrun for write_file_dag to 2023-03-28T22:25:00+00:00, run_after=2023-03-28T22:26:00+00:00
[2023-03-28 22:26:19,595] {processor.py:161} INFO - Processing /opt/airflow/dags/new_write_file_dag.py took 0.063 seconds
[2023-03-28 22:26:49,765] {processor.py:153} INFO - Started process (PID=2699) to work on /opt/airflow/dags/new_write_file_dag.py
[2023-03-28 22:26:49,765] {processor.py:641} INFO - Processing file /opt/airflow/dags/new_write_file_dag.py for tasks to queue
[2023-03-28 22:26:49,765] {logging_mixin.py:115} INFO - [2023-03-28 22:26:49,765] {dagbag.py:507} INFO - Filling up the DagBag from /opt/airflow/dags/new_write_file_dag.py
[2023-03-28 22:26:49,771] {processor.py:651} INFO - DAG(s) dict_keys(['write_file_dag']) retrieved from /opt/airflow/dags/new_write_file_dag.py
[2023-03-28 22:26:49,791] {logging_mixin.py:115} INFO - [2023-03-28 22:26:49,791] {dag.py:2371} INFO - Sync 1 DAGs
[2023-03-28 22:26:49,810] {logging_mixin.py:115} INFO - [2023-03-28 22:26:49,809] {dag.py:2919} INFO - Setting next_dagrun for write_file_dag to 2023-03-28T22:25:00+00:00, run_after=2023-03-28T22:26:00+00:00
[2023-03-28 22:26:49,820] {processor.py:161} INFO - Processing /opt/airflow/dags/new_write_file_dag.py took 0.058 seconds
[2023-03-28 22:27:20,433] {processor.py:153} INFO - Started process (PID=2764) to work on /opt/airflow/dags/new_write_file_dag.py
[2023-03-28 22:27:20,445] {processor.py:641} INFO - Processing file /opt/airflow/dags/new_write_file_dag.py for tasks to queue
[2023-03-28 22:27:20,445] {logging_mixin.py:115} INFO - [2023-03-28 22:27:20,445] {dagbag.py:507} INFO - Filling up the DagBag from /opt/airflow/dags/new_write_file_dag.py
[2023-03-28 22:27:20,451] {processor.py:651} INFO - DAG(s) dict_keys(['write_file_dag']) retrieved from /opt/airflow/dags/new_write_file_dag.py
[2023-03-28 22:27:20,472] {logging_mixin.py:115} INFO - [2023-03-28 22:27:20,472] {dag.py:2371} INFO - Sync 1 DAGs
[2023-03-28 22:27:20,491] {logging_mixin.py:115} INFO - [2023-03-28 22:27:20,491] {dag.py:2919} INFO - Setting next_dagrun for write_file_dag to 2023-03-28T22:26:00+00:00, run_after=2023-03-28T22:27:00+00:00
[2023-03-28 22:27:20,504] {processor.py:161} INFO - Processing /opt/airflow/dags/new_write_file_dag.py took 0.073 seconds
[2023-03-28 22:27:51,093] {processor.py:153} INFO - Started process (PID=2829) to work on /opt/airflow/dags/new_write_file_dag.py
[2023-03-28 22:27:51,094] {processor.py:641} INFO - Processing file /opt/airflow/dags/new_write_file_dag.py for tasks to queue
[2023-03-28 22:27:51,094] {logging_mixin.py:115} INFO - [2023-03-28 22:27:51,094] {dagbag.py:507} INFO - Filling up the DagBag from /opt/airflow/dags/new_write_file_dag.py
[2023-03-28 22:27:51,101] {processor.py:651} INFO - DAG(s) dict_keys(['write_file_dag']) retrieved from /opt/airflow/dags/new_write_file_dag.py
[2023-03-28 22:27:51,121] {logging_mixin.py:115} INFO - [2023-03-28 22:27:51,121] {dag.py:2371} INFO - Sync 1 DAGs
[2023-03-28 22:27:51,141] {logging_mixin.py:115} INFO - [2023-03-28 22:27:51,141] {dag.py:2919} INFO - Setting next_dagrun for write_file_dag to 2023-03-28T22:26:00+00:00, run_after=2023-03-28T22:27:00+00:00
[2023-03-28 22:27:51,153] {processor.py:161} INFO - Processing /opt/airflow/dags/new_write_file_dag.py took 0.062 seconds
[2023-03-28 22:28:21,819] {processor.py:153} INFO - Started process (PID=2893) to work on /opt/airflow/dags/new_write_file_dag.py
[2023-03-28 22:28:21,820] {processor.py:641} INFO - Processing file /opt/airflow/dags/new_write_file_dag.py for tasks to queue
[2023-03-28 22:28:21,820] {logging_mixin.py:115} INFO - [2023-03-28 22:28:21,820] {dagbag.py:507} INFO - Filling up the DagBag from /opt/airflow/dags/new_write_file_dag.py
[2023-03-28 22:28:21,827] {processor.py:651} INFO - DAG(s) dict_keys(['write_file_dag']) retrieved from /opt/airflow/dags/new_write_file_dag.py
[2023-03-28 22:28:21,852] {logging_mixin.py:115} INFO - [2023-03-28 22:28:21,852] {dag.py:2371} INFO - Sync 1 DAGs
[2023-03-28 22:28:21,877] {logging_mixin.py:115} INFO - [2023-03-28 22:28:21,877] {dag.py:2919} INFO - Setting next_dagrun for write_file_dag to 2023-03-28T22:27:00+00:00, run_after=2023-03-28T22:28:00+00:00
[2023-03-28 22:28:21,895] {processor.py:161} INFO - Processing /opt/airflow/dags/new_write_file_dag.py took 0.078 seconds
[2023-03-28 22:28:52,098] {processor.py:153} INFO - Started process (PID=2948) to work on /opt/airflow/dags/new_write_file_dag.py
[2023-03-28 22:28:52,098] {processor.py:641} INFO - Processing file /opt/airflow/dags/new_write_file_dag.py for tasks to queue
[2023-03-28 22:28:52,098] {logging_mixin.py:115} INFO - [2023-03-28 22:28:52,098] {dagbag.py:507} INFO - Filling up the DagBag from /opt/airflow/dags/new_write_file_dag.py
[2023-03-28 22:28:52,105] {processor.py:651} INFO - DAG(s) dict_keys(['write_file_dag']) retrieved from /opt/airflow/dags/new_write_file_dag.py
[2023-03-28 22:28:52,126] {logging_mixin.py:115} INFO - [2023-03-28 22:28:52,126] {dag.py:2371} INFO - Sync 1 DAGs
[2023-03-28 22:28:52,147] {logging_mixin.py:115} INFO - [2023-03-28 22:28:52,147] {dag.py:2919} INFO - Setting next_dagrun for write_file_dag to 2023-03-28T22:27:00+00:00, run_after=2023-03-28T22:28:00+00:00
[2023-03-28 22:28:52,160] {processor.py:161} INFO - Processing /opt/airflow/dags/new_write_file_dag.py took 0.064 seconds
[2023-03-28 22:29:22,963] {processor.py:153} INFO - Started process (PID=3012) to work on /opt/airflow/dags/new_write_file_dag.py
[2023-03-28 22:29:22,964] {processor.py:641} INFO - Processing file /opt/airflow/dags/new_write_file_dag.py for tasks to queue
[2023-03-28 22:29:22,965] {logging_mixin.py:115} INFO - [2023-03-28 22:29:22,965] {dagbag.py:507} INFO - Filling up the DagBag from /opt/airflow/dags/new_write_file_dag.py
[2023-03-28 22:29:22,971] {processor.py:651} INFO - DAG(s) dict_keys(['write_file_dag']) retrieved from /opt/airflow/dags/new_write_file_dag.py
[2023-03-28 22:29:22,991] {logging_mixin.py:115} INFO - [2023-03-28 22:29:22,991] {dag.py:2371} INFO - Sync 1 DAGs
[2023-03-28 22:29:23,012] {logging_mixin.py:115} INFO - [2023-03-28 22:29:23,011] {dag.py:2919} INFO - Setting next_dagrun for write_file_dag to 2023-03-28T22:28:00+00:00, run_after=2023-03-28T22:29:00+00:00
[2023-03-28 22:29:23,025] {processor.py:161} INFO - Processing /opt/airflow/dags/new_write_file_dag.py took 0.063 seconds
[2023-03-28 22:29:53,583] {processor.py:153} INFO - Started process (PID=3076) to work on /opt/airflow/dags/new_write_file_dag.py
[2023-03-28 22:29:53,583] {processor.py:641} INFO - Processing file /opt/airflow/dags/new_write_file_dag.py for tasks to queue
[2023-03-28 22:29:53,584] {logging_mixin.py:115} INFO - [2023-03-28 22:29:53,584] {dagbag.py:507} INFO - Filling up the DagBag from /opt/airflow/dags/new_write_file_dag.py
[2023-03-28 22:29:53,592] {processor.py:651} INFO - DAG(s) dict_keys(['write_file_dag']) retrieved from /opt/airflow/dags/new_write_file_dag.py
[2023-03-28 22:29:53,616] {logging_mixin.py:115} INFO - [2023-03-28 22:29:53,616] {dag.py:2371} INFO - Sync 1 DAGs
[2023-03-28 22:29:53,637] {logging_mixin.py:115} INFO - [2023-03-28 22:29:53,637] {dag.py:2919} INFO - Setting next_dagrun for write_file_dag to 2023-03-28T22:28:00+00:00, run_after=2023-03-28T22:29:00+00:00
[2023-03-28 22:29:53,649] {processor.py:161} INFO - Processing /opt/airflow/dags/new_write_file_dag.py took 0.069 seconds
[2023-03-28 22:30:24,015] {processor.py:153} INFO - Started process (PID=3131) to work on /opt/airflow/dags/new_write_file_dag.py
[2023-03-28 22:30:24,016] {processor.py:641} INFO - Processing file /opt/airflow/dags/new_write_file_dag.py for tasks to queue
[2023-03-28 22:30:24,017] {logging_mixin.py:115} INFO - [2023-03-28 22:30:24,016] {dagbag.py:507} INFO - Filling up the DagBag from /opt/airflow/dags/new_write_file_dag.py
[2023-03-28 22:30:24,024] {processor.py:651} INFO - DAG(s) dict_keys(['write_file_dag']) retrieved from /opt/airflow/dags/new_write_file_dag.py
[2023-03-28 22:30:24,047] {logging_mixin.py:115} INFO - [2023-03-28 22:30:24,047] {dag.py:2371} INFO - Sync 1 DAGs
[2023-03-28 22:30:24,068] {logging_mixin.py:115} INFO - [2023-03-28 22:30:24,068] {dag.py:2919} INFO - Setting next_dagrun for write_file_dag to 2023-03-28T22:29:00+00:00, run_after=2023-03-28T22:30:00+00:00
[2023-03-28 22:30:24,081] {processor.py:161} INFO - Processing /opt/airflow/dags/new_write_file_dag.py took 0.068 seconds
[2023-03-28 22:30:54,355] {processor.py:153} INFO - Started process (PID=3195) to work on /opt/airflow/dags/new_write_file_dag.py
[2023-03-28 22:30:54,356] {processor.py:641} INFO - Processing file /opt/airflow/dags/new_write_file_dag.py for tasks to queue
[2023-03-28 22:30:54,356] {logging_mixin.py:115} INFO - [2023-03-28 22:30:54,356] {dagbag.py:507} INFO - Filling up the DagBag from /opt/airflow/dags/new_write_file_dag.py
[2023-03-28 22:30:54,362] {processor.py:651} INFO - DAG(s) dict_keys(['write_file_dag']) retrieved from /opt/airflow/dags/new_write_file_dag.py
[2023-03-28 22:30:54,385] {logging_mixin.py:115} INFO - [2023-03-28 22:30:54,385] {dag.py:2371} INFO - Sync 1 DAGs
[2023-03-28 22:30:54,406] {logging_mixin.py:115} INFO - [2023-03-28 22:30:54,405] {dag.py:2919} INFO - Setting next_dagrun for write_file_dag to 2023-03-28T22:29:00+00:00, run_after=2023-03-28T22:30:00+00:00
[2023-03-28 22:30:54,421] {processor.py:161} INFO - Processing /opt/airflow/dags/new_write_file_dag.py took 0.068 seconds
[2023-03-28 22:31:24,751] {processor.py:153} INFO - Started process (PID=3259) to work on /opt/airflow/dags/new_write_file_dag.py
[2023-03-28 22:31:24,753] {processor.py:641} INFO - Processing file /opt/airflow/dags/new_write_file_dag.py for tasks to queue
[2023-03-28 22:31:24,753] {logging_mixin.py:115} INFO - [2023-03-28 22:31:24,753] {dagbag.py:507} INFO - Filling up the DagBag from /opt/airflow/dags/new_write_file_dag.py
[2023-03-28 22:31:24,766] {processor.py:651} INFO - DAG(s) dict_keys(['write_file_dag']) retrieved from /opt/airflow/dags/new_write_file_dag.py
[2023-03-28 22:31:24,794] {logging_mixin.py:115} INFO - [2023-03-28 22:31:24,794] {dag.py:2371} INFO - Sync 1 DAGs
[2023-03-28 22:31:24,817] {logging_mixin.py:115} INFO - [2023-03-28 22:31:24,817] {dag.py:2919} INFO - Setting next_dagrun for write_file_dag to 2023-03-28T22:30:00+00:00, run_after=2023-03-28T22:31:00+00:00
[2023-03-28 22:31:24,832] {processor.py:161} INFO - Processing /opt/airflow/dags/new_write_file_dag.py took 0.083 seconds
[2023-03-28 22:31:55,148] {processor.py:153} INFO - Started process (PID=3314) to work on /opt/airflow/dags/new_write_file_dag.py
[2023-03-28 22:31:55,149] {processor.py:641} INFO - Processing file /opt/airflow/dags/new_write_file_dag.py for tasks to queue
[2023-03-28 22:31:55,149] {logging_mixin.py:115} INFO - [2023-03-28 22:31:55,149] {dagbag.py:507} INFO - Filling up the DagBag from /opt/airflow/dags/new_write_file_dag.py
[2023-03-28 22:31:55,155] {processor.py:651} INFO - DAG(s) dict_keys(['write_file_dag']) retrieved from /opt/airflow/dags/new_write_file_dag.py
[2023-03-28 22:31:55,178] {logging_mixin.py:115} INFO - [2023-03-28 22:31:55,177] {dag.py:2371} INFO - Sync 1 DAGs
[2023-03-28 22:31:55,197] {logging_mixin.py:115} INFO - [2023-03-28 22:31:55,197] {dag.py:2919} INFO - Setting next_dagrun for write_file_dag to 2023-03-28T22:30:00+00:00, run_after=2023-03-28T22:31:00+00:00
[2023-03-28 22:31:55,210] {processor.py:161} INFO - Processing /opt/airflow/dags/new_write_file_dag.py took 0.064 seconds
[2023-03-28 22:32:25,533] {processor.py:153} INFO - Started process (PID=3378) to work on /opt/airflow/dags/new_write_file_dag.py
[2023-03-28 22:32:25,544] {processor.py:641} INFO - Processing file /opt/airflow/dags/new_write_file_dag.py for tasks to queue
[2023-03-28 22:32:25,545] {logging_mixin.py:115} INFO - [2023-03-28 22:32:25,545] {dagbag.py:507} INFO - Filling up the DagBag from /opt/airflow/dags/new_write_file_dag.py
[2023-03-28 22:32:25,553] {processor.py:651} INFO - DAG(s) dict_keys(['write_file_dag']) retrieved from /opt/airflow/dags/new_write_file_dag.py
[2023-03-28 22:32:25,577] {logging_mixin.py:115} INFO - [2023-03-28 22:32:25,577] {dag.py:2371} INFO - Sync 1 DAGs
[2023-03-28 22:32:25,598] {logging_mixin.py:115} INFO - [2023-03-28 22:32:25,598] {dag.py:2919} INFO - Setting next_dagrun for write_file_dag to 2023-03-28T22:31:00+00:00, run_after=2023-03-28T22:32:00+00:00
[2023-03-28 22:32:25,613] {processor.py:161} INFO - Processing /opt/airflow/dags/new_write_file_dag.py took 0.083 seconds
[2023-03-28 22:32:55,867] {processor.py:153} INFO - Started process (PID=3442) to work on /opt/airflow/dags/new_write_file_dag.py
[2023-03-28 22:32:55,868] {processor.py:641} INFO - Processing file /opt/airflow/dags/new_write_file_dag.py for tasks to queue
[2023-03-28 22:32:55,868] {logging_mixin.py:115} INFO - [2023-03-28 22:32:55,868] {dagbag.py:507} INFO - Filling up the DagBag from /opt/airflow/dags/new_write_file_dag.py
[2023-03-28 22:32:55,875] {processor.py:651} INFO - DAG(s) dict_keys(['write_file_dag']) retrieved from /opt/airflow/dags/new_write_file_dag.py
[2023-03-28 22:32:55,898] {logging_mixin.py:115} INFO - [2023-03-28 22:32:55,898] {dag.py:2371} INFO - Sync 1 DAGs
[2023-03-28 22:32:55,918] {logging_mixin.py:115} INFO - [2023-03-28 22:32:55,918] {dag.py:2919} INFO - Setting next_dagrun for write_file_dag to 2023-03-28T22:31:00+00:00, run_after=2023-03-28T22:32:00+00:00
[2023-03-28 22:32:55,931] {processor.py:161} INFO - Processing /opt/airflow/dags/new_write_file_dag.py took 0.066 seconds
[2023-03-28 22:33:26,330] {processor.py:153} INFO - Started process (PID=3497) to work on /opt/airflow/dags/new_write_file_dag.py
[2023-03-28 22:33:26,331] {processor.py:641} INFO - Processing file /opt/airflow/dags/new_write_file_dag.py for tasks to queue
[2023-03-28 22:33:26,331] {logging_mixin.py:115} INFO - [2023-03-28 22:33:26,331] {dagbag.py:507} INFO - Filling up the DagBag from /opt/airflow/dags/new_write_file_dag.py
[2023-03-28 22:33:26,340] {processor.py:651} INFO - DAG(s) dict_keys(['write_file_dag']) retrieved from /opt/airflow/dags/new_write_file_dag.py
[2023-03-28 22:33:26,367] {logging_mixin.py:115} INFO - [2023-03-28 22:33:26,367] {dag.py:2371} INFO - Sync 1 DAGs
[2023-03-28 22:33:26,392] {logging_mixin.py:115} INFO - [2023-03-28 22:33:26,392] {dag.py:2919} INFO - Setting next_dagrun for write_file_dag to 2023-03-28T22:32:00+00:00, run_after=2023-03-28T22:33:00+00:00
[2023-03-28 22:33:26,406] {processor.py:161} INFO - Processing /opt/airflow/dags/new_write_file_dag.py took 0.078 seconds
[2023-03-28 22:33:56,529] {processor.py:153} INFO - Started process (PID=3561) to work on /opt/airflow/dags/new_write_file_dag.py
[2023-03-28 22:33:56,530] {processor.py:641} INFO - Processing file /opt/airflow/dags/new_write_file_dag.py for tasks to queue
[2023-03-28 22:33:56,530] {logging_mixin.py:115} INFO - [2023-03-28 22:33:56,530] {dagbag.py:507} INFO - Filling up the DagBag from /opt/airflow/dags/new_write_file_dag.py
[2023-03-28 22:33:56,537] {processor.py:651} INFO - DAG(s) dict_keys(['write_file_dag']) retrieved from /opt/airflow/dags/new_write_file_dag.py
[2023-03-28 22:33:56,562] {logging_mixin.py:115} INFO - [2023-03-28 22:33:56,562] {dag.py:2371} INFO - Sync 1 DAGs
[2023-03-28 22:33:56,583] {logging_mixin.py:115} INFO - [2023-03-28 22:33:56,583] {dag.py:2919} INFO - Setting next_dagrun for write_file_dag to 2023-03-28T22:32:00+00:00, run_after=2023-03-28T22:33:00+00:00
[2023-03-28 22:33:56,597] {processor.py:161} INFO - Processing /opt/airflow/dags/new_write_file_dag.py took 0.070 seconds
[2023-03-28 22:34:27,025] {processor.py:153} INFO - Started process (PID=3625) to work on /opt/airflow/dags/new_write_file_dag.py
[2023-03-28 22:34:27,036] {processor.py:641} INFO - Processing file /opt/airflow/dags/new_write_file_dag.py for tasks to queue
[2023-03-28 22:34:27,037] {logging_mixin.py:115} INFO - [2023-03-28 22:34:27,037] {dagbag.py:507} INFO - Filling up the DagBag from /opt/airflow/dags/new_write_file_dag.py
[2023-03-28 22:34:27,043] {processor.py:651} INFO - DAG(s) dict_keys(['write_file_dag']) retrieved from /opt/airflow/dags/new_write_file_dag.py
[2023-03-28 22:34:27,065] {logging_mixin.py:115} INFO - [2023-03-28 22:34:27,065] {dag.py:2371} INFO - Sync 1 DAGs
[2023-03-28 22:34:27,084] {logging_mixin.py:115} INFO - [2023-03-28 22:34:27,084] {dag.py:2919} INFO - Setting next_dagrun for write_file_dag to 2023-03-28T22:33:00+00:00, run_after=2023-03-28T22:34:00+00:00
[2023-03-28 22:34:27,096] {processor.py:161} INFO - Processing /opt/airflow/dags/new_write_file_dag.py took 0.073 seconds
[2023-03-28 22:34:57,397] {processor.py:153} INFO - Started process (PID=3680) to work on /opt/airflow/dags/new_write_file_dag.py
[2023-03-28 22:34:57,397] {processor.py:641} INFO - Processing file /opt/airflow/dags/new_write_file_dag.py for tasks to queue
[2023-03-28 22:34:57,398] {logging_mixin.py:115} INFO - [2023-03-28 22:34:57,398] {dagbag.py:507} INFO - Filling up the DagBag from /opt/airflow/dags/new_write_file_dag.py
[2023-03-28 22:34:57,405] {processor.py:651} INFO - DAG(s) dict_keys(['write_file_dag']) retrieved from /opt/airflow/dags/new_write_file_dag.py
[2023-03-28 22:34:57,427] {logging_mixin.py:115} INFO - [2023-03-28 22:34:57,427] {dag.py:2371} INFO - Sync 1 DAGs
[2023-03-28 22:34:57,449] {logging_mixin.py:115} INFO - [2023-03-28 22:34:57,449] {dag.py:2919} INFO - Setting next_dagrun for write_file_dag to 2023-03-28T22:33:00+00:00, run_after=2023-03-28T22:34:00+00:00
[2023-03-28 22:34:57,568] {processor.py:161} INFO - Processing /opt/airflow/dags/new_write_file_dag.py took 0.173 seconds
[2023-03-28 22:35:28,060] {processor.py:153} INFO - Started process (PID=3745) to work on /opt/airflow/dags/new_write_file_dag.py
[2023-03-28 22:35:28,072] {processor.py:641} INFO - Processing file /opt/airflow/dags/new_write_file_dag.py for tasks to queue
[2023-03-28 22:35:28,073] {logging_mixin.py:115} INFO - [2023-03-28 22:35:28,073] {dagbag.py:507} INFO - Filling up the DagBag from /opt/airflow/dags/new_write_file_dag.py
[2023-03-28 22:35:28,079] {processor.py:651} INFO - DAG(s) dict_keys(['write_file_dag']) retrieved from /opt/airflow/dags/new_write_file_dag.py
[2023-03-28 22:35:28,100] {logging_mixin.py:115} INFO - [2023-03-28 22:35:28,100] {dag.py:2371} INFO - Sync 1 DAGs
[2023-03-28 22:35:28,119] {logging_mixin.py:115} INFO - [2023-03-28 22:35:28,119] {dag.py:2919} INFO - Setting next_dagrun for write_file_dag to 2023-03-28T22:34:00+00:00, run_after=2023-03-28T22:35:00+00:00
[2023-03-28 22:35:28,226] {processor.py:161} INFO - Processing /opt/airflow/dags/new_write_file_dag.py took 0.168 seconds
[2023-03-28 22:35:58,734] {processor.py:153} INFO - Started process (PID=3809) to work on /opt/airflow/dags/new_write_file_dag.py
[2023-03-28 22:35:58,734] {processor.py:641} INFO - Processing file /opt/airflow/dags/new_write_file_dag.py for tasks to queue
[2023-03-28 22:35:58,734] {logging_mixin.py:115} INFO - [2023-03-28 22:35:58,734] {dagbag.py:507} INFO - Filling up the DagBag from /opt/airflow/dags/new_write_file_dag.py
[2023-03-28 22:35:58,741] {processor.py:651} INFO - DAG(s) dict_keys(['write_file_dag']) retrieved from /opt/airflow/dags/new_write_file_dag.py
[2023-03-28 22:35:58,765] {logging_mixin.py:115} INFO - [2023-03-28 22:35:58,765] {dag.py:2371} INFO - Sync 1 DAGs
[2023-03-28 22:35:58,789] {logging_mixin.py:115} INFO - [2023-03-28 22:35:58,789] {dag.py:2919} INFO - Setting next_dagrun for write_file_dag to 2023-03-28T22:34:00+00:00, run_after=2023-03-28T22:35:00+00:00
[2023-03-28 22:35:58,915] {processor.py:161} INFO - Processing /opt/airflow/dags/new_write_file_dag.py took 0.184 seconds
[2023-03-28 22:36:29,440] {processor.py:153} INFO - Started process (PID=3875) to work on /opt/airflow/dags/new_write_file_dag.py
[2023-03-28 22:36:29,443] {processor.py:641} INFO - Processing file /opt/airflow/dags/new_write_file_dag.py for tasks to queue
[2023-03-28 22:36:29,443] {logging_mixin.py:115} INFO - [2023-03-28 22:36:29,443] {dagbag.py:507} INFO - Filling up the DagBag from /opt/airflow/dags/new_write_file_dag.py
[2023-03-28 22:36:29,452] {processor.py:651} INFO - DAG(s) dict_keys(['write_file_dag']) retrieved from /opt/airflow/dags/new_write_file_dag.py
[2023-03-28 22:36:29,483] {logging_mixin.py:115} INFO - [2023-03-28 22:36:29,483] {dag.py:2371} INFO - Sync 1 DAGs
[2023-03-28 22:36:29,510] {logging_mixin.py:115} INFO - [2023-03-28 22:36:29,510] {dag.py:2919} INFO - Setting next_dagrun for write_file_dag to 2023-03-28T22:35:00+00:00, run_after=2023-03-28T22:36:00+00:00
[2023-03-28 22:36:29,674] {processor.py:161} INFO - Processing /opt/airflow/dags/new_write_file_dag.py took 0.238 seconds
[2023-03-28 22:37:00,310] {processor.py:153} INFO - Started process (PID=3930) to work on /opt/airflow/dags/new_write_file_dag.py
[2023-03-28 22:37:00,311] {processor.py:641} INFO - Processing file /opt/airflow/dags/new_write_file_dag.py for tasks to queue
[2023-03-28 22:37:00,311] {logging_mixin.py:115} INFO - [2023-03-28 22:37:00,311] {dagbag.py:507} INFO - Filling up the DagBag from /opt/airflow/dags/new_write_file_dag.py
[2023-03-28 22:37:00,319] {processor.py:651} INFO - DAG(s) dict_keys(['write_file_dag']) retrieved from /opt/airflow/dags/new_write_file_dag.py
[2023-03-28 22:37:00,345] {logging_mixin.py:115} INFO - [2023-03-28 22:37:00,345] {dag.py:2371} INFO - Sync 1 DAGs
[2023-03-28 22:37:00,369] {logging_mixin.py:115} INFO - [2023-03-28 22:37:00,369] {dag.py:2919} INFO - Setting next_dagrun for write_file_dag to 2023-03-28T22:36:00+00:00, run_after=2023-03-28T22:37:00+00:00
[2023-03-28 22:37:00,492] {processor.py:161} INFO - Processing /opt/airflow/dags/new_write_file_dag.py took 0.184 seconds
[2023-03-28 22:37:31,130] {processor.py:153} INFO - Started process (PID=3995) to work on /opt/airflow/dags/new_write_file_dag.py
[2023-03-28 22:37:31,131] {processor.py:641} INFO - Processing file /opt/airflow/dags/new_write_file_dag.py for tasks to queue
[2023-03-28 22:37:31,132] {logging_mixin.py:115} INFO - [2023-03-28 22:37:31,131] {dagbag.py:507} INFO - Filling up the DagBag from /opt/airflow/dags/new_write_file_dag.py
[2023-03-28 22:37:31,138] {processor.py:651} INFO - DAG(s) dict_keys(['write_file_dag']) retrieved from /opt/airflow/dags/new_write_file_dag.py
[2023-03-28 22:37:31,163] {logging_mixin.py:115} INFO - [2023-03-28 22:37:31,163] {dag.py:2371} INFO - Sync 1 DAGs
[2023-03-28 22:37:31,185] {logging_mixin.py:115} INFO - [2023-03-28 22:37:31,185] {dag.py:2919} INFO - Setting next_dagrun for write_file_dag to 2023-03-28T22:36:00+00:00, run_after=2023-03-28T22:37:00+00:00
[2023-03-28 22:37:31,329] {processor.py:161} INFO - Processing /opt/airflow/dags/new_write_file_dag.py took 0.201 seconds
[2023-03-28 22:38:01,869] {processor.py:153} INFO - Started process (PID=4059) to work on /opt/airflow/dags/new_write_file_dag.py
[2023-03-28 22:38:01,869] {processor.py:641} INFO - Processing file /opt/airflow/dags/new_write_file_dag.py for tasks to queue
[2023-03-28 22:38:01,869] {logging_mixin.py:115} INFO - [2023-03-28 22:38:01,869] {dagbag.py:507} INFO - Filling up the DagBag from /opt/airflow/dags/new_write_file_dag.py
[2023-03-28 22:38:01,876] {processor.py:651} INFO - DAG(s) dict_keys(['write_file_dag']) retrieved from /opt/airflow/dags/new_write_file_dag.py
[2023-03-28 22:38:01,898] {logging_mixin.py:115} INFO - [2023-03-28 22:38:01,898] {dag.py:2371} INFO - Sync 1 DAGs
[2023-03-28 22:38:01,918] {logging_mixin.py:115} INFO - [2023-03-28 22:38:01,918] {dag.py:2919} INFO - Setting next_dagrun for write_file_dag to 2023-03-28T22:37:00+00:00, run_after=2023-03-28T22:38:00+00:00
[2023-03-28 22:38:02,023] {processor.py:161} INFO - Processing /opt/airflow/dags/new_write_file_dag.py took 0.156 seconds
[2023-03-28 22:38:32,752] {processor.py:153} INFO - Started process (PID=4114) to work on /opt/airflow/dags/new_write_file_dag.py
[2023-03-28 22:38:32,753] {processor.py:641} INFO - Processing file /opt/airflow/dags/new_write_file_dag.py for tasks to queue
[2023-03-28 22:38:32,754] {logging_mixin.py:115} INFO - [2023-03-28 22:38:32,754] {dagbag.py:507} INFO - Filling up the DagBag from /opt/airflow/dags/new_write_file_dag.py
[2023-03-28 22:38:32,760] {processor.py:651} INFO - DAG(s) dict_keys(['write_file_dag']) retrieved from /opt/airflow/dags/new_write_file_dag.py
[2023-03-28 22:38:32,782] {logging_mixin.py:115} INFO - [2023-03-28 22:38:32,782] {dag.py:2371} INFO - Sync 1 DAGs
[2023-03-28 22:38:32,802] {logging_mixin.py:115} INFO - [2023-03-28 22:38:32,802] {dag.py:2919} INFO - Setting next_dagrun for write_file_dag to 2023-03-28T22:37:00+00:00, run_after=2023-03-28T22:38:00+00:00
[2023-03-28 22:38:32,909] {processor.py:161} INFO - Processing /opt/airflow/dags/new_write_file_dag.py took 0.159 seconds
[2023-03-28 22:39:03,412] {processor.py:153} INFO - Started process (PID=4178) to work on /opt/airflow/dags/new_write_file_dag.py
[2023-03-28 22:39:03,413] {processor.py:641} INFO - Processing file /opt/airflow/dags/new_write_file_dag.py for tasks to queue
[2023-03-28 22:39:03,414] {logging_mixin.py:115} INFO - [2023-03-28 22:39:03,414] {dagbag.py:507} INFO - Filling up the DagBag from /opt/airflow/dags/new_write_file_dag.py
[2023-03-28 22:39:03,420] {processor.py:651} INFO - DAG(s) dict_keys(['write_file_dag']) retrieved from /opt/airflow/dags/new_write_file_dag.py
[2023-03-28 22:39:03,440] {logging_mixin.py:115} INFO - [2023-03-28 22:39:03,440] {dag.py:2371} INFO - Sync 1 DAGs
[2023-03-28 22:39:03,466] {logging_mixin.py:115} INFO - [2023-03-28 22:39:03,466] {dag.py:2919} INFO - Setting next_dagrun for write_file_dag to 2023-03-28T22:38:00+00:00, run_after=2023-03-28T22:39:00+00:00
[2023-03-28 22:39:03,592] {processor.py:161} INFO - Processing /opt/airflow/dags/new_write_file_dag.py took 0.181 seconds
[2023-03-28 22:39:34,206] {processor.py:153} INFO - Started process (PID=4243) to work on /opt/airflow/dags/new_write_file_dag.py
[2023-03-28 22:39:34,206] {processor.py:641} INFO - Processing file /opt/airflow/dags/new_write_file_dag.py for tasks to queue
[2023-03-28 22:39:34,207] {logging_mixin.py:115} INFO - [2023-03-28 22:39:34,207] {dagbag.py:507} INFO - Filling up the DagBag from /opt/airflow/dags/new_write_file_dag.py
[2023-03-28 22:39:34,213] {processor.py:651} INFO - DAG(s) dict_keys(['write_file_dag']) retrieved from /opt/airflow/dags/new_write_file_dag.py
[2023-03-28 22:39:34,235] {logging_mixin.py:115} INFO - [2023-03-28 22:39:34,235] {dag.py:2371} INFO - Sync 1 DAGs
[2023-03-28 22:39:34,254] {logging_mixin.py:115} INFO - [2023-03-28 22:39:34,254] {dag.py:2919} INFO - Setting next_dagrun for write_file_dag to 2023-03-28T22:38:00+00:00, run_after=2023-03-28T22:39:00+00:00
[2023-03-28 22:39:34,357] {processor.py:161} INFO - Processing /opt/airflow/dags/new_write_file_dag.py took 0.153 seconds
[2023-03-28 22:40:04,865] {processor.py:153} INFO - Started process (PID=4305) to work on /opt/airflow/dags/new_write_file_dag.py
[2023-03-28 22:40:04,876] {processor.py:641} INFO - Processing file /opt/airflow/dags/new_write_file_dag.py for tasks to queue
[2023-03-28 22:40:04,877] {logging_mixin.py:115} INFO - [2023-03-28 22:40:04,877] {dagbag.py:507} INFO - Filling up the DagBag from /opt/airflow/dags/new_write_file_dag.py
[2023-03-28 22:40:04,883] {processor.py:651} INFO - DAG(s) dict_keys(['write_file_dag']) retrieved from /opt/airflow/dags/new_write_file_dag.py
[2023-03-28 22:40:04,907] {logging_mixin.py:115} INFO - [2023-03-28 22:40:04,906] {dag.py:2371} INFO - Sync 1 DAGs
[2023-03-28 22:40:05,040] {logging_mixin.py:115} INFO - [2023-03-28 22:40:05,040] {dag.py:2919} INFO - Setting next_dagrun for write_file_dag to 2023-03-28T22:39:00+00:00, run_after=2023-03-28T22:40:00+00:00
[2023-03-28 22:40:05,054] {processor.py:161} INFO - Processing /opt/airflow/dags/new_write_file_dag.py took 0.191 seconds
[2023-03-28 22:40:35,142] {processor.py:153} INFO - Started process (PID=4362) to work on /opt/airflow/dags/new_write_file_dag.py
[2023-03-28 22:40:35,142] {processor.py:641} INFO - Processing file /opt/airflow/dags/new_write_file_dag.py for tasks to queue
[2023-03-28 22:40:35,143] {logging_mixin.py:115} INFO - [2023-03-28 22:40:35,143] {dagbag.py:507} INFO - Filling up the DagBag from /opt/airflow/dags/new_write_file_dag.py
[2023-03-28 22:40:35,152] {processor.py:651} INFO - DAG(s) dict_keys(['write_file_dag']) retrieved from /opt/airflow/dags/new_write_file_dag.py
[2023-03-28 22:40:35,175] {logging_mixin.py:115} INFO - [2023-03-28 22:40:35,175] {dag.py:2371} INFO - Sync 1 DAGs
[2023-03-28 22:40:35,292] {logging_mixin.py:115} INFO - [2023-03-28 22:40:35,292] {dag.py:2919} INFO - Setting next_dagrun for write_file_dag to 2023-03-28T22:39:00+00:00, run_after=2023-03-28T22:40:00+00:00
[2023-03-28 22:40:35,315] {processor.py:161} INFO - Processing /opt/airflow/dags/new_write_file_dag.py took 0.175 seconds
[2023-03-28 22:41:26,743] {processor.py:153} INFO - Started process (PID=46) to work on /opt/airflow/dags/new_write_file_dag.py
[2023-03-28 22:41:26,744] {processor.py:641} INFO - Processing file /opt/airflow/dags/new_write_file_dag.py for tasks to queue
[2023-03-28 22:41:26,744] {logging_mixin.py:115} INFO - [2023-03-28 22:41:26,744] {dagbag.py:507} INFO - Filling up the DagBag from /opt/airflow/dags/new_write_file_dag.py
[2023-03-28 22:41:26,756] {processor.py:651} INFO - DAG(s) dict_keys(['write_file_dag']) retrieved from /opt/airflow/dags/new_write_file_dag.py
[2023-03-28 22:41:26,787] {logging_mixin.py:115} INFO - [2023-03-28 22:41:26,787] {dag.py:2371} INFO - Sync 1 DAGs
[2023-03-28 22:41:26,816] {logging_mixin.py:115} INFO - [2023-03-28 22:41:26,816] {dag.py:2919} INFO - Setting next_dagrun for write_file_dag to 2023-03-28T22:40:00+00:00, run_after=2023-03-28T22:41:00+00:00
[2023-03-28 22:41:26,832] {processor.py:161} INFO - Processing /opt/airflow/dags/new_write_file_dag.py took 0.092 seconds
[2023-03-28 22:41:57,328] {processor.py:153} INFO - Started process (PID=111) to work on /opt/airflow/dags/new_write_file_dag.py
[2023-03-28 22:41:57,329] {processor.py:641} INFO - Processing file /opt/airflow/dags/new_write_file_dag.py for tasks to queue
[2023-03-28 22:41:57,329] {logging_mixin.py:115} INFO - [2023-03-28 22:41:57,329] {dagbag.py:507} INFO - Filling up the DagBag from /opt/airflow/dags/new_write_file_dag.py
[2023-03-28 22:41:57,336] {processor.py:651} INFO - DAG(s) dict_keys(['write_file_dag']) retrieved from /opt/airflow/dags/new_write_file_dag.py
[2023-03-28 22:41:57,365] {logging_mixin.py:115} INFO - [2023-03-28 22:41:57,364] {dag.py:2371} INFO - Sync 1 DAGs
[2023-03-28 22:41:57,389] {logging_mixin.py:115} INFO - [2023-03-28 22:41:57,389] {dag.py:2919} INFO - Setting next_dagrun for write_file_dag to 2023-03-28T22:40:00+00:00, run_after=2023-03-28T22:41:00+00:00
[2023-03-28 22:41:57,403] {processor.py:161} INFO - Processing /opt/airflow/dags/new_write_file_dag.py took 0.077 seconds
[2023-03-28 22:42:27,507] {processor.py:153} INFO - Started process (PID=165) to work on /opt/airflow/dags/new_write_file_dag.py
[2023-03-28 22:42:27,507] {processor.py:641} INFO - Processing file /opt/airflow/dags/new_write_file_dag.py for tasks to queue
[2023-03-28 22:42:27,508] {logging_mixin.py:115} INFO - [2023-03-28 22:42:27,507] {dagbag.py:507} INFO - Filling up the DagBag from /opt/airflow/dags/new_write_file_dag.py
[2023-03-28 22:42:27,519] {processor.py:651} INFO - DAG(s) dict_keys(['write_file_dag']) retrieved from /opt/airflow/dags/new_write_file_dag.py
[2023-03-28 22:42:27,560] {logging_mixin.py:115} INFO - [2023-03-28 22:42:27,560] {dag.py:2371} INFO - Sync 1 DAGs
[2023-03-28 22:42:27,599] {logging_mixin.py:115} INFO - [2023-03-28 22:42:27,598] {dag.py:2919} INFO - Setting next_dagrun for write_file_dag to 2023-03-28T22:41:00+00:00, run_after=2023-03-28T22:42:00+00:00
[2023-03-28 22:42:27,618] {processor.py:161} INFO - Processing /opt/airflow/dags/new_write_file_dag.py took 0.115 seconds
[2023-03-28 22:42:58,157] {processor.py:153} INFO - Started process (PID=231) to work on /opt/airflow/dags/new_write_file_dag.py
[2023-03-28 22:42:58,166] {processor.py:641} INFO - Processing file /opt/airflow/dags/new_write_file_dag.py for tasks to queue
[2023-03-28 22:42:58,167] {logging_mixin.py:115} INFO - [2023-03-28 22:42:58,167] {dagbag.py:507} INFO - Filling up the DagBag from /opt/airflow/dags/new_write_file_dag.py
[2023-03-28 22:42:58,173] {processor.py:651} INFO - DAG(s) dict_keys(['write_file_dag']) retrieved from /opt/airflow/dags/new_write_file_dag.py
[2023-03-28 22:42:58,197] {logging_mixin.py:115} INFO - [2023-03-28 22:42:58,197] {dag.py:2371} INFO - Sync 1 DAGs
[2023-03-28 22:42:58,218] {logging_mixin.py:115} INFO - [2023-03-28 22:42:58,218] {dag.py:2919} INFO - Setting next_dagrun for write_file_dag to 2023-03-28T22:41:00+00:00, run_after=2023-03-28T22:42:00+00:00
[2023-03-28 22:42:58,231] {processor.py:161} INFO - Processing /opt/airflow/dags/new_write_file_dag.py took 0.076 seconds
[2023-03-28 22:43:28,499] {processor.py:153} INFO - Started process (PID=295) to work on /opt/airflow/dags/new_write_file_dag.py
[2023-03-28 22:43:28,500] {processor.py:641} INFO - Processing file /opt/airflow/dags/new_write_file_dag.py for tasks to queue
[2023-03-28 22:43:28,501] {logging_mixin.py:115} INFO - [2023-03-28 22:43:28,501] {dagbag.py:507} INFO - Filling up the DagBag from /opt/airflow/dags/new_write_file_dag.py
[2023-03-28 22:43:28,513] {processor.py:651} INFO - DAG(s) dict_keys(['write_file_dag']) retrieved from /opt/airflow/dags/new_write_file_dag.py
[2023-03-28 22:43:28,553] {logging_mixin.py:115} INFO - [2023-03-28 22:43:28,553] {dag.py:2371} INFO - Sync 1 DAGs
[2023-03-28 22:43:28,586] {logging_mixin.py:115} INFO - [2023-03-28 22:43:28,586] {dag.py:2919} INFO - Setting next_dagrun for write_file_dag to 2023-03-28T22:42:00+00:00, run_after=2023-03-28T22:43:00+00:00
[2023-03-28 22:43:28,604] {processor.py:161} INFO - Processing /opt/airflow/dags/new_write_file_dag.py took 0.110 seconds
[2023-03-28 22:43:59,157] {processor.py:153} INFO - Started process (PID=350) to work on /opt/airflow/dags/new_write_file_dag.py
[2023-03-28 22:43:59,158] {processor.py:641} INFO - Processing file /opt/airflow/dags/new_write_file_dag.py for tasks to queue
[2023-03-28 22:43:59,158] {logging_mixin.py:115} INFO - [2023-03-28 22:43:59,158] {dagbag.py:507} INFO - Filling up the DagBag from /opt/airflow/dags/new_write_file_dag.py
[2023-03-28 22:43:59,165] {processor.py:651} INFO - DAG(s) dict_keys(['write_file_dag']) retrieved from /opt/airflow/dags/new_write_file_dag.py
[2023-03-28 22:43:59,189] {logging_mixin.py:115} INFO - [2023-03-28 22:43:59,189] {dag.py:2371} INFO - Sync 1 DAGs
[2023-03-28 22:43:59,210] {logging_mixin.py:115} INFO - [2023-03-28 22:43:59,210] {dag.py:2919} INFO - Setting next_dagrun for write_file_dag to 2023-03-28T22:42:00+00:00, run_after=2023-03-28T22:43:00+00:00
[2023-03-28 22:43:59,222] {processor.py:161} INFO - Processing /opt/airflow/dags/new_write_file_dag.py took 0.067 seconds
[2023-03-28 22:44:29,808] {processor.py:153} INFO - Started process (PID=414) to work on /opt/airflow/dags/new_write_file_dag.py
[2023-03-28 22:44:29,808] {processor.py:641} INFO - Processing file /opt/airflow/dags/new_write_file_dag.py for tasks to queue
[2023-03-28 22:44:29,809] {logging_mixin.py:115} INFO - [2023-03-28 22:44:29,809] {dagbag.py:507} INFO - Filling up the DagBag from /opt/airflow/dags/new_write_file_dag.py
[2023-03-28 22:44:29,824] {processor.py:651} INFO - DAG(s) dict_keys(['write_file_dag']) retrieved from /opt/airflow/dags/new_write_file_dag.py
[2023-03-28 22:44:29,862] {logging_mixin.py:115} INFO - [2023-03-28 22:44:29,862] {dag.py:2371} INFO - Sync 1 DAGs
[2023-03-28 22:44:29,885] {logging_mixin.py:115} INFO - [2023-03-28 22:44:29,885] {dag.py:2919} INFO - Setting next_dagrun for write_file_dag to 2023-03-28T22:43:00+00:00, run_after=2023-03-28T22:44:00+00:00
[2023-03-28 22:44:29,898] {processor.py:161} INFO - Processing /opt/airflow/dags/new_write_file_dag.py took 0.093 seconds
[2023-03-28 22:45:00,698] {processor.py:153} INFO - Started process (PID=478) to work on /opt/airflow/dags/new_write_file_dag.py
[2023-03-28 22:45:00,699] {processor.py:641} INFO - Processing file /opt/airflow/dags/new_write_file_dag.py for tasks to queue
[2023-03-28 22:45:00,700] {logging_mixin.py:115} INFO - [2023-03-28 22:45:00,700] {dagbag.py:507} INFO - Filling up the DagBag from /opt/airflow/dags/new_write_file_dag.py
[2023-03-28 22:45:00,708] {processor.py:651} INFO - DAG(s) dict_keys(['write_file_dag']) retrieved from /opt/airflow/dags/new_write_file_dag.py
[2023-03-28 22:45:00,736] {logging_mixin.py:115} INFO - [2023-03-28 22:45:00,736] {dag.py:2371} INFO - Sync 1 DAGs
[2023-03-28 22:45:00,760] {logging_mixin.py:115} INFO - [2023-03-28 22:45:00,760] {dag.py:2919} INFO - Setting next_dagrun for write_file_dag to 2023-03-28T22:44:00+00:00, run_after=2023-03-28T22:45:00+00:00
[2023-03-28 22:45:00,775] {processor.py:161} INFO - Processing /opt/airflow/dags/new_write_file_dag.py took 0.079 seconds
[2023-03-28 22:45:31,675] {processor.py:153} INFO - Started process (PID=542) to work on /opt/airflow/dags/new_write_file_dag.py
[2023-03-28 22:45:31,676] {processor.py:641} INFO - Processing file /opt/airflow/dags/new_write_file_dag.py for tasks to queue
[2023-03-28 22:45:31,677] {logging_mixin.py:115} INFO - [2023-03-28 22:45:31,676] {dagbag.py:507} INFO - Filling up the DagBag from /opt/airflow/dags/new_write_file_dag.py
[2023-03-28 22:45:31,683] {processor.py:651} INFO - DAG(s) dict_keys(['write_file_dag']) retrieved from /opt/airflow/dags/new_write_file_dag.py
[2023-03-28 22:45:31,710] {logging_mixin.py:115} INFO - [2023-03-28 22:45:31,710] {dag.py:2371} INFO - Sync 1 DAGs
[2023-03-28 22:45:31,734] {logging_mixin.py:115} INFO - [2023-03-28 22:45:31,733] {dag.py:2919} INFO - Setting next_dagrun for write_file_dag to 2023-03-28T22:44:00+00:00, run_after=2023-03-28T22:45:00+00:00
[2023-03-28 22:45:31,749] {processor.py:161} INFO - Processing /opt/airflow/dags/new_write_file_dag.py took 0.077 seconds
[2023-03-28 22:46:01,943] {processor.py:153} INFO - Started process (PID=596) to work on /opt/airflow/dags/new_write_file_dag.py
[2023-03-28 22:46:01,944] {processor.py:641} INFO - Processing file /opt/airflow/dags/new_write_file_dag.py for tasks to queue
[2023-03-28 22:46:01,945] {logging_mixin.py:115} INFO - [2023-03-28 22:46:01,945] {dagbag.py:507} INFO - Filling up the DagBag from /opt/airflow/dags/new_write_file_dag.py
[2023-03-28 22:46:01,959] {processor.py:651} INFO - DAG(s) dict_keys(['write_file_dag']) retrieved from /opt/airflow/dags/new_write_file_dag.py
[2023-03-28 22:46:01,991] {logging_mixin.py:115} INFO - [2023-03-28 22:46:01,991] {dag.py:2371} INFO - Sync 1 DAGs
[2023-03-28 22:46:02,011] {logging_mixin.py:115} INFO - [2023-03-28 22:46:02,011] {dag.py:2919} INFO - Setting next_dagrun for write_file_dag to 2023-03-28T22:45:00+00:00, run_after=2023-03-28T22:46:00+00:00
[2023-03-28 22:46:02,025] {processor.py:161} INFO - Processing /opt/airflow/dags/new_write_file_dag.py took 0.086 seconds
[2023-03-28 22:46:32,117] {processor.py:153} INFO - Started process (PID=661) to work on /opt/airflow/dags/new_write_file_dag.py
[2023-03-28 22:46:32,128] {processor.py:641} INFO - Processing file /opt/airflow/dags/new_write_file_dag.py for tasks to queue
[2023-03-28 22:46:32,129] {logging_mixin.py:115} INFO - [2023-03-28 22:46:32,129] {dagbag.py:507} INFO - Filling up the DagBag from /opt/airflow/dags/new_write_file_dag.py
[2023-03-28 22:46:32,135] {processor.py:651} INFO - DAG(s) dict_keys(['write_file_dag']) retrieved from /opt/airflow/dags/new_write_file_dag.py
[2023-03-28 22:46:32,155] {logging_mixin.py:115} INFO - [2023-03-28 22:46:32,155] {dag.py:2371} INFO - Sync 1 DAGs
[2023-03-28 22:46:32,175] {logging_mixin.py:115} INFO - [2023-03-28 22:46:32,175] {dag.py:2919} INFO - Setting next_dagrun for write_file_dag to 2023-03-28T22:45:00+00:00, run_after=2023-03-28T22:46:00+00:00
[2023-03-28 22:46:32,187] {processor.py:161} INFO - Processing /opt/airflow/dags/new_write_file_dag.py took 0.072 seconds
[2023-03-28 22:47:02,253] {processor.py:153} INFO - Started process (PID=716) to work on /opt/airflow/dags/new_write_file_dag.py
[2023-03-28 22:47:02,253] {processor.py:641} INFO - Processing file /opt/airflow/dags/new_write_file_dag.py for tasks to queue
[2023-03-28 22:47:02,253] {logging_mixin.py:115} INFO - [2023-03-28 22:47:02,253] {dagbag.py:507} INFO - Filling up the DagBag from /opt/airflow/dags/new_write_file_dag.py
[2023-03-28 22:47:02,260] {processor.py:651} INFO - DAG(s) dict_keys(['write_file_dag']) retrieved from /opt/airflow/dags/new_write_file_dag.py
[2023-03-28 22:47:02,280] {logging_mixin.py:115} INFO - [2023-03-28 22:47:02,280] {dag.py:2371} INFO - Sync 1 DAGs
[2023-03-28 22:47:02,299] {logging_mixin.py:115} INFO - [2023-03-28 22:47:02,299] {dag.py:2919} INFO - Setting next_dagrun for write_file_dag to 2023-03-28T22:46:00+00:00, run_after=2023-03-28T22:47:00+00:00
[2023-03-28 22:47:02,310] {processor.py:161} INFO - Processing /opt/airflow/dags/new_write_file_dag.py took 0.060 seconds
[2023-03-28 22:48:10,872] {processor.py:153} INFO - Started process (PID=54) to work on /opt/airflow/dags/new_write_file_dag.py
[2023-03-28 22:48:10,874] {processor.py:641} INFO - Processing file /opt/airflow/dags/new_write_file_dag.py for tasks to queue
[2023-03-28 22:48:10,875] {logging_mixin.py:115} INFO - [2023-03-28 22:48:10,874] {dagbag.py:507} INFO - Filling up the DagBag from /opt/airflow/dags/new_write_file_dag.py
[2023-03-28 22:48:10,898] {processor.py:651} INFO - DAG(s) dict_keys(['write_file_dag']) retrieved from /opt/airflow/dags/new_write_file_dag.py
[2023-03-28 22:48:10,945] {logging_mixin.py:115} INFO - [2023-03-28 22:48:10,945] {dag.py:2371} INFO - Sync 1 DAGs
[2023-03-28 22:48:11,191] {logging_mixin.py:115} INFO - [2023-03-28 22:48:11,191] {dag.py:2919} INFO - Setting next_dagrun for write_file_dag to 2023-03-28T22:47:00+00:00, run_after=2023-03-28T22:48:00+00:00
[2023-03-28 22:48:11,213] {processor.py:161} INFO - Processing /opt/airflow/dags/new_write_file_dag.py took 0.345 seconds
[2023-03-28 22:48:41,486] {processor.py:153} INFO - Started process (PID=112) to work on /opt/airflow/dags/new_write_file_dag.py
[2023-03-28 22:48:41,488] {processor.py:641} INFO - Processing file /opt/airflow/dags/new_write_file_dag.py for tasks to queue
[2023-03-28 22:48:41,489] {logging_mixin.py:115} INFO - [2023-03-28 22:48:41,489] {dagbag.py:507} INFO - Filling up the DagBag from /opt/airflow/dags/new_write_file_dag.py
[2023-03-28 22:48:41,504] {processor.py:651} INFO - DAG(s) dict_keys(['write_file_dag']) retrieved from /opt/airflow/dags/new_write_file_dag.py
[2023-03-28 22:48:41,530] {logging_mixin.py:115} INFO - [2023-03-28 22:48:41,529] {dag.py:2371} INFO - Sync 1 DAGs
[2023-03-28 22:48:41,952] {logging_mixin.py:115} INFO - [2023-03-28 22:48:41,952] {dag.py:2919} INFO - Setting next_dagrun for write_file_dag to 2023-03-28T22:47:00+00:00, run_after=2023-03-28T22:48:00+00:00
[2023-03-28 22:48:41,969] {processor.py:161} INFO - Processing /opt/airflow/dags/new_write_file_dag.py took 0.488 seconds
[2023-03-28 22:49:12,147] {processor.py:153} INFO - Started process (PID=176) to work on /opt/airflow/dags/new_write_file_dag.py
[2023-03-28 22:49:12,148] {processor.py:641} INFO - Processing file /opt/airflow/dags/new_write_file_dag.py for tasks to queue
[2023-03-28 22:49:12,148] {logging_mixin.py:115} INFO - [2023-03-28 22:49:12,148] {dagbag.py:507} INFO - Filling up the DagBag from /opt/airflow/dags/new_write_file_dag.py
[2023-03-28 22:49:12,157] {processor.py:651} INFO - DAG(s) dict_keys(['write_file_dag']) retrieved from /opt/airflow/dags/new_write_file_dag.py
[2023-03-28 22:49:12,184] {logging_mixin.py:115} INFO - [2023-03-28 22:49:12,184] {dag.py:2371} INFO - Sync 1 DAGs
[2023-03-28 22:49:12,342] {logging_mixin.py:115} INFO - [2023-03-28 22:49:12,342] {dag.py:2919} INFO - Setting next_dagrun for write_file_dag to 2023-03-28T22:48:00+00:00, run_after=2023-03-28T22:49:00+00:00
[2023-03-28 22:49:12,355] {processor.py:161} INFO - Processing /opt/airflow/dags/new_write_file_dag.py took 0.210 seconds
[2023-03-28 22:49:42,788] {processor.py:153} INFO - Started process (PID=241) to work on /opt/airflow/dags/new_write_file_dag.py
[2023-03-28 22:49:42,788] {processor.py:641} INFO - Processing file /opt/airflow/dags/new_write_file_dag.py for tasks to queue
[2023-03-28 22:49:42,789] {logging_mixin.py:115} INFO - [2023-03-28 22:49:42,789] {dagbag.py:507} INFO - Filling up the DagBag from /opt/airflow/dags/new_write_file_dag.py
[2023-03-28 22:49:42,795] {processor.py:651} INFO - DAG(s) dict_keys(['write_file_dag']) retrieved from /opt/airflow/dags/new_write_file_dag.py
[2023-03-28 22:49:42,817] {logging_mixin.py:115} INFO - [2023-03-28 22:49:42,817] {dag.py:2371} INFO - Sync 1 DAGs
[2023-03-28 22:49:42,948] {logging_mixin.py:115} INFO - [2023-03-28 22:49:42,948] {dag.py:2919} INFO - Setting next_dagrun for write_file_dag to 2023-03-28T22:48:00+00:00, run_after=2023-03-28T22:49:00+00:00
[2023-03-28 22:49:42,961] {processor.py:161} INFO - Processing /opt/airflow/dags/new_write_file_dag.py took 0.175 seconds
[2023-03-28 22:50:13,355] {processor.py:153} INFO - Started process (PID=296) to work on /opt/airflow/dags/new_write_file_dag.py
[2023-03-28 22:50:13,356] {processor.py:641} INFO - Processing file /opt/airflow/dags/new_write_file_dag.py for tasks to queue
[2023-03-28 22:50:13,356] {logging_mixin.py:115} INFO - [2023-03-28 22:50:13,356] {dagbag.py:507} INFO - Filling up the DagBag from /opt/airflow/dags/new_write_file_dag.py
[2023-03-28 22:50:13,362] {processor.py:651} INFO - DAG(s) dict_keys(['write_file_dag']) retrieved from /opt/airflow/dags/new_write_file_dag.py
[2023-03-28 22:50:13,385] {logging_mixin.py:115} INFO - [2023-03-28 22:50:13,385] {dag.py:2371} INFO - Sync 1 DAGs
[2023-03-28 22:50:13,513] {logging_mixin.py:115} INFO - [2023-03-28 22:50:13,513] {dag.py:2919} INFO - Setting next_dagrun for write_file_dag to 2023-03-28T22:49:00+00:00, run_after=2023-03-28T22:50:00+00:00
[2023-03-28 22:50:13,527] {processor.py:161} INFO - Processing /opt/airflow/dags/new_write_file_dag.py took 0.173 seconds
[2023-03-28 22:50:44,354] {processor.py:153} INFO - Started process (PID=360) to work on /opt/airflow/dags/new_write_file_dag.py
[2023-03-28 22:50:44,356] {processor.py:641} INFO - Processing file /opt/airflow/dags/new_write_file_dag.py for tasks to queue
[2023-03-28 22:50:44,356] {logging_mixin.py:115} INFO - [2023-03-28 22:50:44,356] {dagbag.py:507} INFO - Filling up the DagBag from /opt/airflow/dags/new_write_file_dag.py
[2023-03-28 22:50:44,362] {processor.py:651} INFO - DAG(s) dict_keys(['write_file_dag']) retrieved from /opt/airflow/dags/new_write_file_dag.py
[2023-03-28 22:50:44,386] {logging_mixin.py:115} INFO - [2023-03-28 22:50:44,385] {dag.py:2371} INFO - Sync 1 DAGs
[2023-03-28 22:50:44,515] {logging_mixin.py:115} INFO - [2023-03-28 22:50:44,515] {dag.py:2919} INFO - Setting next_dagrun for write_file_dag to 2023-03-28T22:49:00+00:00, run_after=2023-03-28T22:50:00+00:00
[2023-03-28 22:50:44,527] {processor.py:161} INFO - Processing /opt/airflow/dags/new_write_file_dag.py took 0.175 seconds
[2023-03-28 22:52:15,427] {processor.py:153} INFO - Started process (PID=46) to work on /opt/airflow/dags/new_write_file_dag.py
[2023-03-28 22:52:15,429] {processor.py:641} INFO - Processing file /opt/airflow/dags/new_write_file_dag.py for tasks to queue
[2023-03-28 22:52:15,430] {logging_mixin.py:115} INFO - [2023-03-28 22:52:15,430] {dagbag.py:507} INFO - Filling up the DagBag from /opt/airflow/dags/new_write_file_dag.py
[2023-03-28 22:52:15,448] {processor.py:651} INFO - DAG(s) dict_keys(['write_file_dag']) retrieved from /opt/airflow/dags/new_write_file_dag.py
[2023-03-28 22:52:15,482] {logging_mixin.py:115} INFO - [2023-03-28 22:52:15,482] {dag.py:2371} INFO - Sync 1 DAGs
[2023-03-28 22:52:15,507] {logging_mixin.py:115} INFO - [2023-03-28 22:52:15,507] {dag.py:2919} INFO - Setting next_dagrun for write_file_dag to 2023-03-28T22:51:00+00:00, run_after=2023-03-28T22:52:00+00:00
[2023-03-28 22:52:15,524] {processor.py:161} INFO - Processing /opt/airflow/dags/new_write_file_dag.py took 0.100 seconds
[2023-03-28 22:52:45,864] {processor.py:153} INFO - Started process (PID=110) to work on /opt/airflow/dags/new_write_file_dag.py
[2023-03-28 22:52:45,865] {processor.py:641} INFO - Processing file /opt/airflow/dags/new_write_file_dag.py for tasks to queue
[2023-03-28 22:52:45,866] {logging_mixin.py:115} INFO - [2023-03-28 22:52:45,866] {dagbag.py:507} INFO - Filling up the DagBag from /opt/airflow/dags/new_write_file_dag.py
[2023-03-28 22:52:45,874] {processor.py:651} INFO - DAG(s) dict_keys(['write_file_dag']) retrieved from /opt/airflow/dags/new_write_file_dag.py
[2023-03-28 22:52:45,906] {logging_mixin.py:115} INFO - [2023-03-28 22:52:45,906] {dag.py:2371} INFO - Sync 1 DAGs
[2023-03-28 22:52:45,929] {logging_mixin.py:115} INFO - [2023-03-28 22:52:45,929] {dag.py:2919} INFO - Setting next_dagrun for write_file_dag to 2023-03-28T22:51:00+00:00, run_after=2023-03-28T22:52:00+00:00
[2023-03-28 22:52:45,942] {processor.py:161} INFO - Processing /opt/airflow/dags/new_write_file_dag.py took 0.079 seconds
[2023-03-28 22:53:16,079] {processor.py:153} INFO - Started process (PID=164) to work on /opt/airflow/dags/new_write_file_dag.py
[2023-03-28 22:53:16,080] {processor.py:641} INFO - Processing file /opt/airflow/dags/new_write_file_dag.py for tasks to queue
[2023-03-28 22:53:16,080] {logging_mixin.py:115} INFO - [2023-03-28 22:53:16,080] {dagbag.py:507} INFO - Filling up the DagBag from /opt/airflow/dags/new_write_file_dag.py
[2023-03-28 22:53:16,089] {processor.py:651} INFO - DAG(s) dict_keys(['write_file_dag']) retrieved from /opt/airflow/dags/new_write_file_dag.py
[2023-03-28 22:53:16,113] {logging_mixin.py:115} INFO - [2023-03-28 22:53:16,113] {dag.py:2371} INFO - Sync 1 DAGs
[2023-03-28 22:53:16,134] {logging_mixin.py:115} INFO - [2023-03-28 22:53:16,133] {dag.py:2919} INFO - Setting next_dagrun for write_file_dag to 2023-03-28T22:52:00+00:00, run_after=2023-03-28T22:53:00+00:00
[2023-03-28 22:53:16,148] {processor.py:161} INFO - Processing /opt/airflow/dags/new_write_file_dag.py took 0.071 seconds
[2023-03-28 22:53:46,622] {processor.py:153} INFO - Started process (PID=229) to work on /opt/airflow/dags/new_write_file_dag.py
[2023-03-28 22:53:46,623] {processor.py:641} INFO - Processing file /opt/airflow/dags/new_write_file_dag.py for tasks to queue
[2023-03-28 22:53:46,624] {logging_mixin.py:115} INFO - [2023-03-28 22:53:46,623] {dagbag.py:507} INFO - Filling up the DagBag from /opt/airflow/dags/new_write_file_dag.py
[2023-03-28 22:53:46,633] {processor.py:651} INFO - DAG(s) dict_keys(['write_file_dag']) retrieved from /opt/airflow/dags/new_write_file_dag.py
[2023-03-28 22:53:46,668] {logging_mixin.py:115} INFO - [2023-03-28 22:53:46,668] {dag.py:2371} INFO - Sync 1 DAGs
[2023-03-28 22:53:46,698] {logging_mixin.py:115} INFO - [2023-03-28 22:53:46,697] {dag.py:2919} INFO - Setting next_dagrun for write_file_dag to 2023-03-28T22:52:00+00:00, run_after=2023-03-28T22:53:00+00:00
[2023-03-28 22:53:46,713] {processor.py:161} INFO - Processing /opt/airflow/dags/new_write_file_dag.py took 0.094 seconds
