[2023-03-29 15:28:02,117] {taskinstance.py:1159} INFO - Dependencies all met for <TaskInstance: currency_dag.insert_task manual__2023-03-29T15:11:08.036028+00:00 [queued]>
[2023-03-29 15:28:02,129] {taskinstance.py:1159} INFO - Dependencies all met for <TaskInstance: currency_dag.insert_task manual__2023-03-29T15:11:08.036028+00:00 [queued]>
[2023-03-29 15:28:02,129] {taskinstance.py:1356} INFO - 
--------------------------------------------------------------------------------
[2023-03-29 15:28:02,129] {taskinstance.py:1357} INFO - Starting attempt 1 of 4
[2023-03-29 15:28:02,129] {taskinstance.py:1358} INFO - 
--------------------------------------------------------------------------------
[2023-03-29 15:28:02,145] {taskinstance.py:1377} INFO - Executing <Task(PythonOperator): insert_task> on 2023-03-29 15:11:08.036028+00:00
[2023-03-29 15:28:02,151] {standard_task_runner.py:52} INFO - Started process 293 to run task
[2023-03-29 15:28:02,153] {standard_task_runner.py:79} INFO - Running: ['***', 'tasks', 'run', 'currency_dag', 'insert_task', 'manual__2023-03-29T15:11:08.036028+00:00', '--job-id', '446', '--raw', '--subdir', 'DAGS_FOLDER/currency_dag.py', '--cfg-path', '/tmp/tmpxj29lh57', '--error-file', '/tmp/tmp9yo3khlp']
[2023-03-29 15:28:02,154] {standard_task_runner.py:80} INFO - Job 446: Subtask insert_task
[2023-03-29 15:28:02,207] {task_command.py:369} INFO - Running <TaskInstance: currency_dag.insert_task manual__2023-03-29T15:11:08.036028+00:00 [running]> on host 75e36b0b32e7
[2023-03-29 15:28:02,283] {taskinstance.py:1571} INFO - Exporting the following env vars:
AIRFLOW_CTX_DAG_OWNER=kartaca
AIRFLOW_CTX_DAG_ID=currency_dag
AIRFLOW_CTX_TASK_ID=insert_task
AIRFLOW_CTX_EXECUTION_DATE=2023-03-29T15:11:08.036028+00:00
AIRFLOW_CTX_TRY_NUMBER=1
AIRFLOW_CTX_DAG_RUN_ID=manual__2023-03-29T15:11:08.036028+00:00
[2023-03-29 15:28:03,115] {python.py:173} INFO - Done. Returned value was: None
[2023-03-29 15:28:03,128] {taskinstance.py:1400} INFO - Marking task as SUCCESS. dag_id=currency_dag, task_id=insert_task, execution_date=20230329T151108, start_date=20230329T152802, end_date=20230329T152803
[2023-03-29 15:28:03,169] {local_task_job.py:156} INFO - Task exited with return code 0
[2023-03-29 15:28:03,204] {local_task_job.py:273} INFO - 1 downstream tasks scheduled from follow-on schedule check
