[2023-03-29 14:17:41,615] {taskinstance.py:1159} INFO - Dependencies all met for <TaskInstance: country_dag.start_task manual__2023-03-29T14:17:40.840125+00:00 [queued]>
[2023-03-29 14:17:41,624] {taskinstance.py:1159} INFO - Dependencies all met for <TaskInstance: country_dag.start_task manual__2023-03-29T14:17:40.840125+00:00 [queued]>
[2023-03-29 14:17:41,624] {taskinstance.py:1356} INFO - 
--------------------------------------------------------------------------------
[2023-03-29 14:17:41,624] {taskinstance.py:1357} INFO - Starting attempt 1 of 4
[2023-03-29 14:17:41,624] {taskinstance.py:1358} INFO - 
--------------------------------------------------------------------------------
[2023-03-29 14:17:41,637] {taskinstance.py:1377} INFO - Executing <Task(PythonOperator): start_task> on 2023-03-29 14:17:40.840125+00:00
[2023-03-29 14:17:41,641] {standard_task_runner.py:52} INFO - Started process 315 to run task
[2023-03-29 14:17:41,643] {standard_task_runner.py:79} INFO - Running: ['***', 'tasks', 'run', 'country_dag', 'start_task', 'manual__2023-03-29T14:17:40.840125+00:00', '--job-id', '339', '--raw', '--subdir', 'DAGS_FOLDER/country_dag.py', '--cfg-path', '/tmp/tmpsegyw5xj', '--error-file', '/tmp/tmpmo8dvdgb']
[2023-03-29 14:17:41,643] {standard_task_runner.py:80} INFO - Job 339: Subtask start_task
[2023-03-29 14:17:41,692] {task_command.py:369} INFO - Running <TaskInstance: country_dag.start_task manual__2023-03-29T14:17:40.840125+00:00 [running]> on host c0bc2ca16b74
[2023-03-29 14:17:41,762] {taskinstance.py:1571} INFO - Exporting the following env vars:
AIRFLOW_CTX_DAG_OWNER=Ranga
AIRFLOW_CTX_DAG_ID=country_dag
AIRFLOW_CTX_TASK_ID=start_task
AIRFLOW_CTX_EXECUTION_DATE=2023-03-29T14:17:40.840125+00:00
AIRFLOW_CTX_TRY_NUMBER=1
AIRFLOW_CTX_DAG_RUN_ID=manual__2023-03-29T14:17:40.840125+00:00
[2023-03-29 14:17:41,763] {logging_mixin.py:115} INFO - DAG has been started...
[2023-03-29 14:17:41,763] {python.py:173} INFO - Done. Returned value was: DAG has been started...
[2023-03-29 14:17:41,788] {taskinstance.py:1400} INFO - Marking task as SUCCESS. dag_id=country_dag, task_id=start_task, execution_date=20230329T141740, start_date=20230329T141741, end_date=20230329T141741
[2023-03-29 14:17:41,815] {local_task_job.py:156} INFO - Task exited with return code 0
[2023-03-29 14:17:41,858] {local_task_job.py:273} INFO - 1 downstream tasks scheduled from follow-on schedule check
