[2023-03-28 22:48:41,068] {taskinstance.py:1159} INFO - Dependencies all met for <TaskInstance: country_dag.start_task manual__2023-03-28T22:48:39.678113+00:00 [queued]>
[2023-03-28 22:48:41,077] {taskinstance.py:1159} INFO - Dependencies all met for <TaskInstance: country_dag.start_task manual__2023-03-28T22:48:39.678113+00:00 [queued]>
[2023-03-28 22:48:41,077] {taskinstance.py:1356} INFO - 
--------------------------------------------------------------------------------
[2023-03-28 22:48:41,077] {taskinstance.py:1357} INFO - Starting attempt 1 of 4
[2023-03-28 22:48:41,077] {taskinstance.py:1358} INFO - 
--------------------------------------------------------------------------------
[2023-03-28 22:48:41,092] {taskinstance.py:1377} INFO - Executing <Task(PythonOperator): start_task> on 2023-03-28 22:48:39.678113+00:00
[2023-03-28 22:48:41,097] {standard_task_runner.py:52} INFO - Started process 98 to run task
[2023-03-28 22:48:41,100] {standard_task_runner.py:79} INFO - Running: ['***', 'tasks', 'run', 'country_dag', 'start_task', 'manual__2023-03-28T22:48:39.678113+00:00', '--job-id', '287', '--raw', '--subdir', 'DAGS_FOLDER/country_dag.py', '--cfg-path', '/tmp/tmp_3ap0bzp', '--error-file', '/tmp/tmpa2wsnw9o']
[2023-03-28 22:48:41,100] {standard_task_runner.py:80} INFO - Job 287: Subtask start_task
[2023-03-28 22:48:41,146] {task_command.py:369} INFO - Running <TaskInstance: country_dag.start_task manual__2023-03-28T22:48:39.678113+00:00 [running]> on host c0bc2ca16b74
[2023-03-28 22:48:41,290] {taskinstance.py:1571} INFO - Exporting the following env vars:
AIRFLOW_CTX_DAG_OWNER=Ranga
AIRFLOW_CTX_DAG_ID=country_dag
AIRFLOW_CTX_TASK_ID=start_task
AIRFLOW_CTX_EXECUTION_DATE=2023-03-28T22:48:39.678113+00:00
AIRFLOW_CTX_TRY_NUMBER=1
AIRFLOW_CTX_DAG_RUN_ID=manual__2023-03-28T22:48:39.678113+00:00
[2023-03-28 22:48:41,292] {logging_mixin.py:115} INFO - DAG has been started...
[2023-03-28 22:48:41,292] {python.py:173} INFO - Done. Returned value was: DAG has been started...
[2023-03-28 22:48:41,327] {taskinstance.py:1400} INFO - Marking task as SUCCESS. dag_id=country_dag, task_id=start_task, execution_date=20230328T224839, start_date=20230328T224841, end_date=20230328T224841
[2023-03-28 22:48:41,353] {local_task_job.py:156} INFO - Task exited with return code 0
[2023-03-28 22:48:41,399] {local_task_job.py:273} INFO - 1 downstream tasks scheduled from follow-on schedule check
