[2023-03-29 15:31:43,044] {taskinstance.py:1159} INFO - Dependencies all met for <TaskInstance: country_dag.end_task manual__2023-03-29T15:31:37.886788+00:00 [queued]>
[2023-03-29 15:31:43,054] {taskinstance.py:1159} INFO - Dependencies all met for <TaskInstance: country_dag.end_task manual__2023-03-29T15:31:37.886788+00:00 [queued]>
[2023-03-29 15:31:43,054] {taskinstance.py:1356} INFO - 
--------------------------------------------------------------------------------
[2023-03-29 15:31:43,054] {taskinstance.py:1357} INFO - Starting attempt 1 of 4
[2023-03-29 15:31:43,054] {taskinstance.py:1358} INFO - 
--------------------------------------------------------------------------------
[2023-03-29 15:31:43,071] {taskinstance.py:1377} INFO - Executing <Task(PythonOperator): end_task> on 2023-03-29 15:31:37.886788+00:00
[2023-03-29 15:31:43,076] {standard_task_runner.py:52} INFO - Started process 119 to run task
[2023-03-29 15:31:43,078] {standard_task_runner.py:79} INFO - Running: ['***', 'tasks', 'run', 'country_dag', 'end_task', 'manual__2023-03-29T15:31:37.886788+00:00', '--job-id', '456', '--raw', '--subdir', 'DAGS_FOLDER/country_dag.py', '--cfg-path', '/tmp/tmpscm8yqcv', '--error-file', '/tmp/tmpkovdhz6p']
[2023-03-29 15:31:43,078] {standard_task_runner.py:80} INFO - Job 456: Subtask end_task
[2023-03-29 15:31:43,127] {task_command.py:369} INFO - Running <TaskInstance: country_dag.end_task manual__2023-03-29T15:31:37.886788+00:00 [running]> on host cbb3159fbb01
[2023-03-29 15:31:43,199] {taskinstance.py:1571} INFO - Exporting the following env vars:
AIRFLOW_CTX_DAG_OWNER=kartaca
AIRFLOW_CTX_DAG_ID=country_dag
AIRFLOW_CTX_TASK_ID=end_task
AIRFLOW_CTX_EXECUTION_DATE=2023-03-29T15:31:37.886788+00:00
AIRFLOW_CTX_TRY_NUMBER=1
AIRFLOW_CTX_DAG_RUN_ID=manual__2023-03-29T15:31:37.886788+00:00
[2023-03-29 15:31:43,200] {logging_mixin.py:115} INFO - DAG is completed...
[2023-03-29 15:31:43,200] {python.py:173} INFO - Done. Returned value was: DAG is completed...
[2023-03-29 15:31:43,227] {taskinstance.py:1400} INFO - Marking task as SUCCESS. dag_id=country_dag, task_id=end_task, execution_date=20230329T153137, start_date=20230329T153143, end_date=20230329T153143
[2023-03-29 15:31:43,250] {local_task_job.py:156} INFO - Task exited with return code 0
[2023-03-29 15:31:43,281] {local_task_job.py:273} INFO - 0 downstream tasks scheduled from follow-on schedule check
