[2023-03-29 15:26:00,353] {taskinstance.py:1159} INFO - Dependencies all met for <TaskInstance: country_dag.start_task manual__2023-03-29T15:25:59.014682+00:00 [queued]>
[2023-03-29 15:26:00,363] {taskinstance.py:1159} INFO - Dependencies all met for <TaskInstance: country_dag.start_task manual__2023-03-29T15:25:59.014682+00:00 [queued]>
[2023-03-29 15:26:00,363] {taskinstance.py:1356} INFO - 
--------------------------------------------------------------------------------
[2023-03-29 15:26:00,363] {taskinstance.py:1357} INFO - Starting attempt 1 of 4
[2023-03-29 15:26:00,363] {taskinstance.py:1358} INFO - 
--------------------------------------------------------------------------------
[2023-03-29 15:26:00,377] {taskinstance.py:1377} INFO - Executing <Task(PythonOperator): start_task> on 2023-03-29 15:25:59.014682+00:00
[2023-03-29 15:26:00,381] {standard_task_runner.py:52} INFO - Started process 164 to run task
[2023-03-29 15:26:00,383] {standard_task_runner.py:79} INFO - Running: ['***', 'tasks', 'run', 'country_dag', 'start_task', 'manual__2023-03-29T15:25:59.014682+00:00', '--job-id', '432', '--raw', '--subdir', 'DAGS_FOLDER/country_dag.py', '--cfg-path', '/tmp/tmp5scjqjmv', '--error-file', '/tmp/tmpvfuxnwfk']
[2023-03-29 15:26:00,383] {standard_task_runner.py:80} INFO - Job 432: Subtask start_task
[2023-03-29 15:26:00,433] {task_command.py:369} INFO - Running <TaskInstance: country_dag.start_task manual__2023-03-29T15:25:59.014682+00:00 [running]> on host 75e36b0b32e7
[2023-03-29 15:26:00,502] {taskinstance.py:1571} INFO - Exporting the following env vars:
AIRFLOW_CTX_DAG_OWNER=kartaca
AIRFLOW_CTX_DAG_ID=country_dag
AIRFLOW_CTX_TASK_ID=start_task
AIRFLOW_CTX_EXECUTION_DATE=2023-03-29T15:25:59.014682+00:00
AIRFLOW_CTX_TRY_NUMBER=1
AIRFLOW_CTX_DAG_RUN_ID=manual__2023-03-29T15:25:59.014682+00:00
[2023-03-29 15:26:00,503] {logging_mixin.py:115} INFO - DAG has been started...
[2023-03-29 15:26:00,503] {python.py:173} INFO - Done. Returned value was: DAG has been started...
[2023-03-29 15:26:00,529] {taskinstance.py:1400} INFO - Marking task as SUCCESS. dag_id=country_dag, task_id=start_task, execution_date=20230329T152559, start_date=20230329T152600, end_date=20230329T152600
[2023-03-29 15:26:00,556] {local_task_job.py:156} INFO - Task exited with return code 0
[2023-03-29 15:26:00,597] {local_task_job.py:273} INFO - 1 downstream tasks scheduled from follow-on schedule check
