[2023-03-29 15:26:03,176] {taskinstance.py:1159} INFO - Dependencies all met for <TaskInstance: country_dag.insert_task manual__2023-03-29T15:25:59.014682+00:00 [queued]>
[2023-03-29 15:26:03,190] {taskinstance.py:1159} INFO - Dependencies all met for <TaskInstance: country_dag.insert_task manual__2023-03-29T15:25:59.014682+00:00 [queued]>
[2023-03-29 15:26:03,190] {taskinstance.py:1356} INFO - 
--------------------------------------------------------------------------------
[2023-03-29 15:26:03,190] {taskinstance.py:1357} INFO - Starting attempt 1 of 4
[2023-03-29 15:26:03,190] {taskinstance.py:1358} INFO - 
--------------------------------------------------------------------------------
[2023-03-29 15:26:03,208] {taskinstance.py:1377} INFO - Executing <Task(PythonOperator): insert_task> on 2023-03-29 15:25:59.014682+00:00
[2023-03-29 15:26:03,213] {standard_task_runner.py:52} INFO - Started process 168 to run task
[2023-03-29 15:26:03,215] {standard_task_runner.py:79} INFO - Running: ['***', 'tasks', 'run', 'country_dag', 'insert_task', 'manual__2023-03-29T15:25:59.014682+00:00', '--job-id', '434', '--raw', '--subdir', 'DAGS_FOLDER/country_dag.py', '--cfg-path', '/tmp/tmpcfznw1r9', '--error-file', '/tmp/tmpwhwvkgt_']
[2023-03-29 15:26:03,216] {standard_task_runner.py:80} INFO - Job 434: Subtask insert_task
[2023-03-29 15:26:03,366] {task_command.py:369} INFO - Running <TaskInstance: country_dag.insert_task manual__2023-03-29T15:25:59.014682+00:00 [running]> on host 75e36b0b32e7
[2023-03-29 15:26:03,465] {taskinstance.py:1571} INFO - Exporting the following env vars:
AIRFLOW_CTX_DAG_OWNER=kartaca
AIRFLOW_CTX_DAG_ID=country_dag
AIRFLOW_CTX_TASK_ID=insert_task
AIRFLOW_CTX_EXECUTION_DATE=2023-03-29T15:25:59.014682+00:00
AIRFLOW_CTX_TRY_NUMBER=1
AIRFLOW_CTX_DAG_RUN_ID=manual__2023-03-29T15:25:59.014682+00:00
[2023-03-29 15:26:04,332] {python.py:173} INFO - Done. Returned value was: None
[2023-03-29 15:26:04,345] {taskinstance.py:1400} INFO - Marking task as SUCCESS. dag_id=country_dag, task_id=insert_task, execution_date=20230329T152559, start_date=20230329T152603, end_date=20230329T152604
[2023-03-29 15:26:04,392] {local_task_job.py:156} INFO - Task exited with return code 0
[2023-03-29 15:26:04,428] {local_task_job.py:273} INFO - 1 downstream tasks scheduled from follow-on schedule check
