[2023-03-29 15:39:04,564] {taskinstance.py:1159} INFO - Dependencies all met for <TaskInstance: currency_dag.start_task manual__2023-03-29T15:00:27.290613+00:00 [queued]>
[2023-03-29 15:39:04,578] {taskinstance.py:1159} INFO - Dependencies all met for <TaskInstance: currency_dag.start_task manual__2023-03-29T15:00:27.290613+00:00 [queued]>
[2023-03-29 15:39:04,578] {taskinstance.py:1356} INFO - 
--------------------------------------------------------------------------------
[2023-03-29 15:39:04,578] {taskinstance.py:1357} INFO - Starting attempt 3 of 4
[2023-03-29 15:39:04,578] {taskinstance.py:1358} INFO - 
--------------------------------------------------------------------------------
[2023-03-29 15:39:04,595] {taskinstance.py:1377} INFO - Executing <Task(PythonOperator): start_task> on 2023-03-29 15:00:27.290613+00:00
[2023-03-29 15:39:04,601] {standard_task_runner.py:52} INFO - Started process 230 to run task
[2023-03-29 15:39:04,604] {standard_task_runner.py:79} INFO - Running: ['***', 'tasks', 'run', 'currency_dag', 'start_task', 'manual__2023-03-29T15:00:27.290613+00:00', '--job-id', '501', '--raw', '--subdir', 'DAGS_FOLDER/currency_dag.py', '--cfg-path', '/tmp/tmp1y69ue2g', '--error-file', '/tmp/tmpv3at6388']
[2023-03-29 15:39:04,605] {standard_task_runner.py:80} INFO - Job 501: Subtask start_task
[2023-03-29 15:39:04,674] {task_command.py:369} INFO - Running <TaskInstance: currency_dag.start_task manual__2023-03-29T15:00:27.290613+00:00 [running]> on host bc45bc710023
[2023-03-29 15:39:04,787] {taskinstance.py:1571} INFO - Exporting the following env vars:
AIRFLOW_CTX_DAG_OWNER=kartaca
AIRFLOW_CTX_DAG_ID=currency_dag
AIRFLOW_CTX_TASK_ID=start_task
AIRFLOW_CTX_EXECUTION_DATE=2023-03-29T15:00:27.290613+00:00
AIRFLOW_CTX_TRY_NUMBER=3
AIRFLOW_CTX_DAG_RUN_ID=manual__2023-03-29T15:00:27.290613+00:00
[2023-03-29 15:39:04,789] {logging_mixin.py:115} INFO - DAG has been started...
[2023-03-29 15:39:04,789] {python.py:173} INFO - Done. Returned value was: DAG has been started...
[2023-03-29 15:39:04,815] {taskinstance.py:1400} INFO - Marking task as SUCCESS. dag_id=currency_dag, task_id=start_task, execution_date=20230329T150027, start_date=20230329T153904, end_date=20230329T153904
[2023-03-29 15:39:04,857] {local_task_job.py:156} INFO - Task exited with return code 0
[2023-03-29 15:39:04,899] {local_task_job.py:273} INFO - 1 downstream tasks scheduled from follow-on schedule check
