[2023-03-29 15:25:41,050] {taskinstance.py:1159} INFO - Dependencies all met for <TaskInstance: country_dag.insert_task manual__2023-03-29T15:25:37.560341+00:00 [queued]>
[2023-03-29 15:25:41,060] {taskinstance.py:1159} INFO - Dependencies all met for <TaskInstance: country_dag.insert_task manual__2023-03-29T15:25:37.560341+00:00 [queued]>
[2023-03-29 15:25:41,060] {taskinstance.py:1356} INFO - 
--------------------------------------------------------------------------------
[2023-03-29 15:25:41,060] {taskinstance.py:1357} INFO - Starting attempt 1 of 4
[2023-03-29 15:25:41,060] {taskinstance.py:1358} INFO - 
--------------------------------------------------------------------------------
[2023-03-29 15:25:41,074] {taskinstance.py:1377} INFO - Executing <Task(PythonOperator): insert_task> on 2023-03-29 15:25:37.560341+00:00
[2023-03-29 15:25:41,078] {standard_task_runner.py:52} INFO - Started process 130 to run task
[2023-03-29 15:25:41,080] {standard_task_runner.py:79} INFO - Running: ['***', 'tasks', 'run', 'country_dag', 'insert_task', 'manual__2023-03-29T15:25:37.560341+00:00', '--job-id', '424', '--raw', '--subdir', 'DAGS_FOLDER/country_dag.py', '--cfg-path', '/tmp/tmpv1pwoj9x', '--error-file', '/tmp/tmpjyfymyqn']
[2023-03-29 15:25:41,081] {standard_task_runner.py:80} INFO - Job 424: Subtask insert_task
[2023-03-29 15:25:41,131] {task_command.py:369} INFO - Running <TaskInstance: country_dag.insert_task manual__2023-03-29T15:25:37.560341+00:00 [running]> on host 75e36b0b32e7
[2023-03-29 15:25:41,204] {taskinstance.py:1571} INFO - Exporting the following env vars:
AIRFLOW_CTX_DAG_OWNER=kartaca
AIRFLOW_CTX_DAG_ID=country_dag
AIRFLOW_CTX_TASK_ID=insert_task
AIRFLOW_CTX_EXECUTION_DATE=2023-03-29T15:25:37.560341+00:00
AIRFLOW_CTX_TRY_NUMBER=1
AIRFLOW_CTX_DAG_RUN_ID=manual__2023-03-29T15:25:37.560341+00:00
[2023-03-29 15:25:41,997] {python.py:173} INFO - Done. Returned value was: None
[2023-03-29 15:25:42,035] {taskinstance.py:1400} INFO - Marking task as SUCCESS. dag_id=country_dag, task_id=insert_task, execution_date=20230329T152537, start_date=20230329T152541, end_date=20230329T152542
[2023-03-29 15:25:42,057] {local_task_job.py:156} INFO - Task exited with return code 0
[2023-03-29 15:25:42,091] {local_task_job.py:273} INFO - 1 downstream tasks scheduled from follow-on schedule check
