[2023-03-29 14:12:50,923] {taskinstance.py:1159} INFO - Dependencies all met for <TaskInstance: country_dag.insert_task scheduled__2023-03-28T10:00:00+00:00 [queued]>
[2023-03-29 14:12:50,932] {taskinstance.py:1159} INFO - Dependencies all met for <TaskInstance: country_dag.insert_task scheduled__2023-03-28T10:00:00+00:00 [queued]>
[2023-03-29 14:12:50,933] {taskinstance.py:1356} INFO - 
--------------------------------------------------------------------------------
[2023-03-29 14:12:50,933] {taskinstance.py:1357} INFO - Starting attempt 1 of 4
[2023-03-29 14:12:50,933] {taskinstance.py:1358} INFO - 
--------------------------------------------------------------------------------
[2023-03-29 14:12:50,946] {taskinstance.py:1377} INFO - Executing <Task(PythonOperator): insert_task> on 2023-03-28 10:00:00+00:00
[2023-03-29 14:12:50,950] {standard_task_runner.py:52} INFO - Started process 83 to run task
[2023-03-29 14:12:50,953] {standard_task_runner.py:79} INFO - Running: ['***', 'tasks', 'run', 'country_dag', 'insert_task', 'scheduled__2023-03-28T10:00:00+00:00', '--job-id', '336', '--raw', '--subdir', 'DAGS_FOLDER/country_dag.py', '--cfg-path', '/tmp/tmp6xn11xag', '--error-file', '/tmp/tmp1g1mjwse']
[2023-03-29 14:12:50,953] {standard_task_runner.py:80} INFO - Job 336: Subtask insert_task
[2023-03-29 14:12:51,001] {task_command.py:369} INFO - Running <TaskInstance: country_dag.insert_task scheduled__2023-03-28T10:00:00+00:00 [running]> on host c0bc2ca16b74
[2023-03-29 14:12:51,084] {taskinstance.py:1571} INFO - Exporting the following env vars:
AIRFLOW_CTX_DAG_OWNER=Ranga
AIRFLOW_CTX_DAG_ID=country_dag
AIRFLOW_CTX_TASK_ID=insert_task
AIRFLOW_CTX_EXECUTION_DATE=2023-03-28T10:00:00+00:00
AIRFLOW_CTX_TRY_NUMBER=1
AIRFLOW_CTX_DAG_RUN_ID=scheduled__2023-03-28T10:00:00+00:00
[2023-03-29 14:12:51,815] {python.py:173} INFO - Done. Returned value was: None
[2023-03-29 14:12:51,832] {taskinstance.py:1400} INFO - Marking task as SUCCESS. dag_id=country_dag, task_id=insert_task, execution_date=20230328T100000, start_date=20230329T141250, end_date=20230329T141251
[2023-03-29 14:12:51,888] {local_task_job.py:156} INFO - Task exited with return code 0
[2023-03-29 14:12:51,920] {local_task_job.py:273} INFO - 1 downstream tasks scheduled from follow-on schedule check
