[2023-03-29 15:55:35,866] {taskinstance.py:1159} INFO - Dependencies all met for <TaskInstance: currency_dag.insert_task manual__2023-03-29T15:55:31.952634+00:00 [queued]>
[2023-03-29 15:55:35,882] {taskinstance.py:1159} INFO - Dependencies all met for <TaskInstance: currency_dag.insert_task manual__2023-03-29T15:55:31.952634+00:00 [queued]>
[2023-03-29 15:55:35,883] {taskinstance.py:1356} INFO - 
--------------------------------------------------------------------------------
[2023-03-29 15:55:35,883] {taskinstance.py:1357} INFO - Starting attempt 1 of 4
[2023-03-29 15:55:35,883] {taskinstance.py:1358} INFO - 
--------------------------------------------------------------------------------
[2023-03-29 15:55:35,904] {taskinstance.py:1377} INFO - Executing <Task(PythonOperator): insert_task> on 2023-03-29 15:55:31.952634+00:00
[2023-03-29 15:55:35,966] {standard_task_runner.py:52} INFO - Started process 152 to run task
[2023-03-29 15:55:35,970] {standard_task_runner.py:79} INFO - Running: ['***', 'tasks', 'run', 'currency_dag', 'insert_task', 'manual__2023-03-29T15:55:31.952634+00:00', '--job-id', '602', '--raw', '--subdir', 'DAGS_FOLDER/currency_dag.py', '--cfg-path', '/tmp/tmpbbdytfdi', '--error-file', '/tmp/tmp59m2dcc9']
[2023-03-29 15:55:35,970] {standard_task_runner.py:80} INFO - Job 602: Subtask insert_task
[2023-03-29 15:55:36,039] {task_command.py:369} INFO - Running <TaskInstance: currency_dag.insert_task manual__2023-03-29T15:55:31.952634+00:00 [running]> on host 4513f77b4fd8
[2023-03-29 15:55:36,133] {taskinstance.py:1571} INFO - Exporting the following env vars:
AIRFLOW_CTX_DAG_OWNER=kartaca
AIRFLOW_CTX_DAG_ID=currency_dag
AIRFLOW_CTX_TASK_ID=insert_task
AIRFLOW_CTX_EXECUTION_DATE=2023-03-29T15:55:31.952634+00:00
AIRFLOW_CTX_TRY_NUMBER=1
AIRFLOW_CTX_DAG_RUN_ID=manual__2023-03-29T15:55:31.952634+00:00
[2023-03-29 15:55:37,147] {python.py:173} INFO - Done. Returned value was: None
[2023-03-29 15:55:37,168] {taskinstance.py:1400} INFO - Marking task as SUCCESS. dag_id=currency_dag, task_id=insert_task, execution_date=20230329T155531, start_date=20230329T155535, end_date=20230329T155537
[2023-03-29 15:55:37,227] {local_task_job.py:156} INFO - Task exited with return code 0
[2023-03-29 15:55:37,277] {local_task_job.py:273} INFO - 1 downstream tasks scheduled from follow-on schedule check
