[2023-03-29 15:25:48,891] {taskinstance.py:1159} INFO - Dependencies all met for <TaskInstance: currency_dag.insert_task manual__2023-03-29T15:25:43.883704+00:00 [queued]>
[2023-03-29 15:25:48,903] {taskinstance.py:1159} INFO - Dependencies all met for <TaskInstance: currency_dag.insert_task manual__2023-03-29T15:25:43.883704+00:00 [queued]>
[2023-03-29 15:25:48,903] {taskinstance.py:1356} INFO - 
--------------------------------------------------------------------------------
[2023-03-29 15:25:48,903] {taskinstance.py:1357} INFO - Starting attempt 1 of 4
[2023-03-29 15:25:48,903] {taskinstance.py:1358} INFO - 
--------------------------------------------------------------------------------
[2023-03-29 15:25:48,918] {taskinstance.py:1377} INFO - Executing <Task(PythonOperator): insert_task> on 2023-03-29 15:25:43.883704+00:00
[2023-03-29 15:25:48,923] {standard_task_runner.py:52} INFO - Started process 149 to run task
[2023-03-29 15:25:48,926] {standard_task_runner.py:79} INFO - Running: ['***', 'tasks', 'run', 'currency_dag', 'insert_task', 'manual__2023-03-29T15:25:43.883704+00:00', '--job-id', '429', '--raw', '--subdir', 'DAGS_FOLDER/currency_dag.py', '--cfg-path', '/tmp/tmpxrweq71l', '--error-file', '/tmp/tmprzts1xcv']
[2023-03-29 15:25:48,926] {standard_task_runner.py:80} INFO - Job 429: Subtask insert_task
[2023-03-29 15:25:48,979] {task_command.py:369} INFO - Running <TaskInstance: currency_dag.insert_task manual__2023-03-29T15:25:43.883704+00:00 [running]> on host 75e36b0b32e7
[2023-03-29 15:25:49,053] {taskinstance.py:1571} INFO - Exporting the following env vars:
AIRFLOW_CTX_DAG_OWNER=kartaca
AIRFLOW_CTX_DAG_ID=currency_dag
AIRFLOW_CTX_TASK_ID=insert_task
AIRFLOW_CTX_EXECUTION_DATE=2023-03-29T15:25:43.883704+00:00
AIRFLOW_CTX_TRY_NUMBER=1
AIRFLOW_CTX_DAG_RUN_ID=manual__2023-03-29T15:25:43.883704+00:00
[2023-03-29 15:25:49,724] {python.py:173} INFO - Done. Returned value was: None
[2023-03-29 15:25:49,736] {taskinstance.py:1400} INFO - Marking task as SUCCESS. dag_id=currency_dag, task_id=insert_task, execution_date=20230329T152543, start_date=20230329T152548, end_date=20230329T152549
[2023-03-29 15:25:49,780] {local_task_job.py:156} INFO - Task exited with return code 0
[2023-03-29 15:25:49,814] {local_task_job.py:273} INFO - 1 downstream tasks scheduled from follow-on schedule check
