[2023-03-29 19:53:37,360] {taskinstance.py:1159} INFO - Dependencies all met for <TaskInstance: country_dag.end_task manual__2023-03-29T19:53:31.331696+00:00 [queued]>
[2023-03-29 19:53:37,368] {taskinstance.py:1159} INFO - Dependencies all met for <TaskInstance: country_dag.end_task manual__2023-03-29T19:53:31.331696+00:00 [queued]>
[2023-03-29 19:53:37,369] {taskinstance.py:1356} INFO - 
--------------------------------------------------------------------------------
[2023-03-29 19:53:37,369] {taskinstance.py:1357} INFO - Starting attempt 1 of 4
[2023-03-29 19:53:37,369] {taskinstance.py:1358} INFO - 
--------------------------------------------------------------------------------
[2023-03-29 19:53:37,382] {taskinstance.py:1377} INFO - Executing <Task(PythonOperator): end_task> on 2023-03-29 19:53:31.331696+00:00
[2023-03-29 19:53:37,385] {standard_task_runner.py:52} INFO - Started process 190 to run task
[2023-03-29 19:53:37,388] {standard_task_runner.py:79} INFO - Running: ['***', 'tasks', 'run', 'country_dag', 'end_task', 'manual__2023-03-29T19:53:31.331696+00:00', '--job-id', '679', '--raw', '--subdir', 'DAGS_FOLDER/country_dag.py', '--cfg-path', '/tmp/tmpy842ys3k', '--error-file', '/tmp/tmpyt74fva0']
[2023-03-29 19:53:37,388] {standard_task_runner.py:80} INFO - Job 679: Subtask end_task
[2023-03-29 19:53:37,435] {task_command.py:369} INFO - Running <TaskInstance: country_dag.end_task manual__2023-03-29T19:53:31.331696+00:00 [running]> on host fe0c70026834
[2023-03-29 19:53:37,506] {taskinstance.py:1571} INFO - Exporting the following env vars:
AIRFLOW_CTX_DAG_OWNER=kartaca
AIRFLOW_CTX_DAG_ID=country_dag
AIRFLOW_CTX_TASK_ID=end_task
AIRFLOW_CTX_EXECUTION_DATE=2023-03-29T19:53:31.331696+00:00
AIRFLOW_CTX_TRY_NUMBER=1
AIRFLOW_CTX_DAG_RUN_ID=manual__2023-03-29T19:53:31.331696+00:00
[2023-03-29 19:53:37,506] {logging_mixin.py:115} INFO - DAG is completed...
[2023-03-29 19:53:37,506] {python.py:173} INFO - Done. Returned value was: DAG is completed...
[2023-03-29 19:53:37,531] {taskinstance.py:1400} INFO - Marking task as SUCCESS. dag_id=country_dag, task_id=end_task, execution_date=20230329T195331, start_date=20230329T195337, end_date=20230329T195337
[2023-03-29 19:53:37,560] {local_task_job.py:156} INFO - Task exited with return code 0
[2023-03-29 19:53:37,592] {local_task_job.py:273} INFO - 0 downstream tasks scheduled from follow-on schedule check
