[2023-03-29 15:42:37,315] {taskinstance.py:1159} INFO - Dependencies all met for <TaskInstance: currency_dag.end_task manual__2023-03-29T15:42:28.074859+00:00 [queued]>
[2023-03-29 15:42:37,324] {taskinstance.py:1159} INFO - Dependencies all met for <TaskInstance: currency_dag.end_task manual__2023-03-29T15:42:28.074859+00:00 [queued]>
[2023-03-29 15:42:37,324] {taskinstance.py:1356} INFO - 
--------------------------------------------------------------------------------
[2023-03-29 15:42:37,324] {taskinstance.py:1357} INFO - Starting attempt 1 of 4
[2023-03-29 15:42:37,324] {taskinstance.py:1358} INFO - 
--------------------------------------------------------------------------------
[2023-03-29 15:42:37,337] {taskinstance.py:1377} INFO - Executing <Task(PythonOperator): end_task> on 2023-03-29 15:42:28.074859+00:00
[2023-03-29 15:42:37,341] {standard_task_runner.py:52} INFO - Started process 123 to run task
[2023-03-29 15:42:37,344] {standard_task_runner.py:79} INFO - Running: ['***', 'tasks', 'run', 'currency_dag', 'end_task', 'manual__2023-03-29T15:42:28.074859+00:00', '--job-id', '525', '--raw', '--subdir', 'DAGS_FOLDER/currency_dag.py', '--cfg-path', '/tmp/tmp8q_jg1by', '--error-file', '/tmp/tmprzfui3g_']
[2023-03-29 15:42:37,344] {standard_task_runner.py:80} INFO - Job 525: Subtask end_task
[2023-03-29 15:42:37,396] {task_command.py:369} INFO - Running <TaskInstance: currency_dag.end_task manual__2023-03-29T15:42:28.074859+00:00 [running]> on host 5d8703454903
[2023-03-29 15:42:37,470] {taskinstance.py:1571} INFO - Exporting the following env vars:
AIRFLOW_CTX_DAG_OWNER=kartaca
AIRFLOW_CTX_DAG_ID=currency_dag
AIRFLOW_CTX_TASK_ID=end_task
AIRFLOW_CTX_EXECUTION_DATE=2023-03-29T15:42:28.074859+00:00
AIRFLOW_CTX_TRY_NUMBER=1
AIRFLOW_CTX_DAG_RUN_ID=manual__2023-03-29T15:42:28.074859+00:00
[2023-03-29 15:42:37,470] {logging_mixin.py:115} INFO - DAG is completed...
[2023-03-29 15:42:37,470] {python.py:173} INFO - Done. Returned value was: DAG is completed...
[2023-03-29 15:42:37,499] {taskinstance.py:1400} INFO - Marking task as SUCCESS. dag_id=currency_dag, task_id=end_task, execution_date=20230329T154228, start_date=20230329T154237, end_date=20230329T154237
[2023-03-29 15:42:37,516] {local_task_job.py:156} INFO - Task exited with return code 0
[2023-03-29 15:42:37,549] {local_task_job.py:273} INFO - 0 downstream tasks scheduled from follow-on schedule check
