[2023-03-28 22:52:32,177] {taskinstance.py:1159} INFO - Dependencies all met for <TaskInstance: country_dag.end_task manual__2023-03-28T22:52:27.704873+00:00 [queued]>
[2023-03-28 22:52:32,188] {taskinstance.py:1159} INFO - Dependencies all met for <TaskInstance: country_dag.end_task manual__2023-03-28T22:52:27.704873+00:00 [queued]>
[2023-03-28 22:52:32,189] {taskinstance.py:1356} INFO - 
--------------------------------------------------------------------------------
[2023-03-28 22:52:32,189] {taskinstance.py:1357} INFO - Starting attempt 1 of 4
[2023-03-28 22:52:32,189] {taskinstance.py:1358} INFO - 
--------------------------------------------------------------------------------
[2023-03-28 22:52:32,205] {taskinstance.py:1377} INFO - Executing <Task(PythonOperator): end_task> on 2023-03-28 22:52:27.704873+00:00
[2023-03-28 22:52:32,210] {standard_task_runner.py:52} INFO - Started process 88 to run task
[2023-03-28 22:52:32,213] {standard_task_runner.py:79} INFO - Running: ['***', 'tasks', 'run', 'country_dag', 'end_task', 'manual__2023-03-28T22:52:27.704873+00:00', '--job-id', '295', '--raw', '--subdir', 'DAGS_FOLDER/country_dag.py', '--cfg-path', '/tmp/tmp0xuiq2ku', '--error-file', '/tmp/tmpwpg9htcx']
[2023-03-28 22:52:32,214] {standard_task_runner.py:80} INFO - Job 295: Subtask end_task
[2023-03-28 22:52:32,270] {task_command.py:369} INFO - Running <TaskInstance: country_dag.end_task manual__2023-03-28T22:52:27.704873+00:00 [running]> on host c0bc2ca16b74
[2023-03-28 22:52:32,350] {taskinstance.py:1571} INFO - Exporting the following env vars:
AIRFLOW_CTX_DAG_OWNER=Ranga
AIRFLOW_CTX_DAG_ID=country_dag
AIRFLOW_CTX_TASK_ID=end_task
AIRFLOW_CTX_EXECUTION_DATE=2023-03-28T22:52:27.704873+00:00
AIRFLOW_CTX_TRY_NUMBER=1
AIRFLOW_CTX_DAG_RUN_ID=manual__2023-03-28T22:52:27.704873+00:00
[2023-03-28 22:52:32,351] {logging_mixin.py:115} INFO - DAG is completed...
[2023-03-28 22:52:32,351] {python.py:173} INFO - Done. Returned value was: DAG is completed...
[2023-03-28 22:52:32,390] {taskinstance.py:1400} INFO - Marking task as SUCCESS. dag_id=country_dag, task_id=end_task, execution_date=20230328T225227, start_date=20230328T225232, end_date=20230328T225232
[2023-03-28 22:52:32,428] {local_task_job.py:156} INFO - Task exited with return code 0
[2023-03-28 22:52:32,464] {local_task_job.py:273} INFO - 0 downstream tasks scheduled from follow-on schedule check
