[2023-03-29 19:20:17,408] {taskinstance.py:1159} INFO - Dependencies all met for <TaskInstance: country_dag.insert_task manual__2023-03-29T15:47:00.592183+00:00 [queued]>
[2023-03-29 19:20:17,423] {taskinstance.py:1159} INFO - Dependencies all met for <TaskInstance: country_dag.insert_task manual__2023-03-29T15:47:00.592183+00:00 [queued]>
[2023-03-29 19:20:17,424] {taskinstance.py:1356} INFO - 
--------------------------------------------------------------------------------
[2023-03-29 19:20:17,424] {taskinstance.py:1357} INFO - Starting attempt 1 of 4
[2023-03-29 19:20:17,424] {taskinstance.py:1358} INFO - 
--------------------------------------------------------------------------------
[2023-03-29 19:20:17,448] {taskinstance.py:1377} INFO - Executing <Task(PythonOperator): insert_task> on 2023-03-29 15:47:00.592183+00:00
[2023-03-29 19:20:17,455] {standard_task_runner.py:52} INFO - Started process 103 to run task
[2023-03-29 19:20:17,459] {standard_task_runner.py:79} INFO - Running: ['***', 'tasks', 'run', 'country_dag', 'insert_task', 'manual__2023-03-29T15:47:00.592183+00:00', '--job-id', '643', '--raw', '--subdir', 'DAGS_FOLDER/country_dag.py', '--cfg-path', '/tmp/tmp67yfbg1x', '--error-file', '/tmp/tmp4msbc16g']
[2023-03-29 19:20:17,460] {standard_task_runner.py:80} INFO - Job 643: Subtask insert_task
[2023-03-29 19:20:17,524] {task_command.py:369} INFO - Running <TaskInstance: country_dag.insert_task manual__2023-03-29T15:47:00.592183+00:00 [running]> on host 0f918821725a
[2023-03-29 19:20:17,627] {taskinstance.py:1571} INFO - Exporting the following env vars:
AIRFLOW_CTX_DAG_OWNER=kartaca
AIRFLOW_CTX_DAG_ID=country_dag
AIRFLOW_CTX_TASK_ID=insert_task
AIRFLOW_CTX_EXECUTION_DATE=2023-03-29T15:47:00.592183+00:00
AIRFLOW_CTX_TRY_NUMBER=1
AIRFLOW_CTX_DAG_RUN_ID=manual__2023-03-29T15:47:00.592183+00:00
[2023-03-29 19:20:18,659] {python.py:173} INFO - Done. Returned value was: None
[2023-03-29 19:20:18,672] {taskinstance.py:1400} INFO - Marking task as SUCCESS. dag_id=country_dag, task_id=insert_task, execution_date=20230329T154700, start_date=20230329T192017, end_date=20230329T192018
[2023-03-29 19:20:18,716] {local_task_job.py:156} INFO - Task exited with return code 0
[2023-03-29 19:20:18,751] {local_task_job.py:273} INFO - 1 downstream tasks scheduled from follow-on schedule check
