[2023-03-29 15:55:39,739] {taskinstance.py:1159} INFO - Dependencies all met for <TaskInstance: data_merge_dag.end_task manual__2023-03-29T15:23:15.177924+00:00 [queued]>
[2023-03-29 15:55:39,752] {taskinstance.py:1159} INFO - Dependencies all met for <TaskInstance: data_merge_dag.end_task manual__2023-03-29T15:23:15.177924+00:00 [queued]>
[2023-03-29 15:55:39,753] {taskinstance.py:1356} INFO - 
--------------------------------------------------------------------------------
[2023-03-29 15:55:39,753] {taskinstance.py:1357} INFO - Starting attempt 1 of 4
[2023-03-29 15:55:39,753] {taskinstance.py:1358} INFO - 
--------------------------------------------------------------------------------
[2023-03-29 15:55:39,770] {taskinstance.py:1377} INFO - Executing <Task(PythonOperator): end_task> on 2023-03-29 15:23:15.177924+00:00
[2023-03-29 15:55:39,775] {standard_task_runner.py:52} INFO - Started process 169 to run task
[2023-03-29 15:55:39,778] {standard_task_runner.py:79} INFO - Running: ['***', 'tasks', 'run', 'data_merge_dag', 'end_task', 'manual__2023-03-29T15:23:15.177924+00:00', '--job-id', '607', '--raw', '--subdir', 'DAGS_FOLDER/data_merge.py', '--cfg-path', '/tmp/tmp40crsc59', '--error-file', '/tmp/tmp0cmzocbn']
[2023-03-29 15:55:39,778] {standard_task_runner.py:80} INFO - Job 607: Subtask end_task
[2023-03-29 15:55:39,828] {task_command.py:369} INFO - Running <TaskInstance: data_merge_dag.end_task manual__2023-03-29T15:23:15.177924+00:00 [running]> on host 4513f77b4fd8
[2023-03-29 15:55:39,903] {taskinstance.py:1571} INFO - Exporting the following env vars:
AIRFLOW_CTX_DAG_OWNER=kartaca
AIRFLOW_CTX_DAG_ID=data_merge_dag
AIRFLOW_CTX_TASK_ID=end_task
AIRFLOW_CTX_EXECUTION_DATE=2023-03-29T15:23:15.177924+00:00
AIRFLOW_CTX_TRY_NUMBER=1
AIRFLOW_CTX_DAG_RUN_ID=manual__2023-03-29T15:23:15.177924+00:00
[2023-03-29 15:55:39,903] {logging_mixin.py:115} INFO - DAG is completed...
[2023-03-29 15:55:39,904] {python.py:173} INFO - Done. Returned value was: DAG is completed...
[2023-03-29 15:55:39,930] {taskinstance.py:1400} INFO - Marking task as SUCCESS. dag_id=data_merge_dag, task_id=end_task, execution_date=20230329T152315, start_date=20230329T155539, end_date=20230329T155539
[2023-03-29 15:55:39,952] {local_task_job.py:156} INFO - Task exited with return code 0
[2023-03-29 15:55:39,987] {local_task_job.py:273} INFO - 0 downstream tasks scheduled from follow-on schedule check
