[2023-03-28 22:53:23,065] {taskinstance.py:1159} INFO - Dependencies all met for <TaskInstance: country_dag.end_task scheduled__2023-03-27T10:00:00+00:00 [queued]>
[2023-03-28 22:53:23,077] {taskinstance.py:1159} INFO - Dependencies all met for <TaskInstance: country_dag.end_task scheduled__2023-03-27T10:00:00+00:00 [queued]>
[2023-03-28 22:53:23,077] {taskinstance.py:1356} INFO - 
--------------------------------------------------------------------------------
[2023-03-28 22:53:23,077] {taskinstance.py:1357} INFO - Starting attempt 1 of 4
[2023-03-28 22:53:23,077] {taskinstance.py:1358} INFO - 
--------------------------------------------------------------------------------
[2023-03-28 22:53:23,092] {taskinstance.py:1377} INFO - Executing <Task(PythonOperator): end_task> on 2023-03-27 10:00:00+00:00
[2023-03-28 22:53:23,097] {standard_task_runner.py:52} INFO - Started process 130 to run task
[2023-03-28 22:53:23,099] {standard_task_runner.py:79} INFO - Running: ['***', 'tasks', 'run', 'country_dag', 'end_task', 'scheduled__2023-03-27T10:00:00+00:00', '--job-id', '297', '--raw', '--subdir', 'DAGS_FOLDER/country_dag.py', '--cfg-path', '/tmp/tmpf0wdc0c2', '--error-file', '/tmp/tmp_zt6v8_4']
[2023-03-28 22:53:23,100] {standard_task_runner.py:80} INFO - Job 297: Subtask end_task
[2023-03-28 22:53:23,151] {task_command.py:369} INFO - Running <TaskInstance: country_dag.end_task scheduled__2023-03-27T10:00:00+00:00 [running]> on host c0bc2ca16b74
[2023-03-28 22:53:23,222] {taskinstance.py:1571} INFO - Exporting the following env vars:
AIRFLOW_CTX_DAG_OWNER=Ranga
AIRFLOW_CTX_DAG_ID=country_dag
AIRFLOW_CTX_TASK_ID=end_task
AIRFLOW_CTX_EXECUTION_DATE=2023-03-27T10:00:00+00:00
AIRFLOW_CTX_TRY_NUMBER=1
AIRFLOW_CTX_DAG_RUN_ID=scheduled__2023-03-27T10:00:00+00:00
[2023-03-28 22:53:23,223] {logging_mixin.py:115} INFO - DAG is completed...
[2023-03-28 22:53:23,223] {python.py:173} INFO - Done. Returned value was: DAG is completed...
[2023-03-28 22:53:23,251] {taskinstance.py:1400} INFO - Marking task as SUCCESS. dag_id=country_dag, task_id=end_task, execution_date=20230327T100000, start_date=20230328T225323, end_date=20230328T225323
[2023-03-28 22:53:23,312] {local_task_job.py:156} INFO - Task exited with return code 0
[2023-03-28 22:53:23,370] {local_task_job.py:273} INFO - 0 downstream tasks scheduled from follow-on schedule check
