[2023-03-29 14:12:50,920] {taskinstance.py:1159} INFO - Dependencies all met for <TaskInstance: country_dag.insert_task manual__2023-03-28T22:43:38.838387+00:00 [queued]>
[2023-03-29 14:12:50,929] {taskinstance.py:1159} INFO - Dependencies all met for <TaskInstance: country_dag.insert_task manual__2023-03-28T22:43:38.838387+00:00 [queued]>
[2023-03-29 14:12:50,929] {taskinstance.py:1356} INFO - 
--------------------------------------------------------------------------------
[2023-03-29 14:12:50,929] {taskinstance.py:1357} INFO - Starting attempt 1 of 4
[2023-03-29 14:12:50,929] {taskinstance.py:1358} INFO - 
--------------------------------------------------------------------------------
[2023-03-29 14:12:50,943] {taskinstance.py:1377} INFO - Executing <Task(PythonOperator): insert_task> on 2023-03-28 22:43:38.838387+00:00
[2023-03-29 14:12:50,948] {standard_task_runner.py:52} INFO - Started process 82 to run task
[2023-03-29 14:12:50,950] {standard_task_runner.py:79} INFO - Running: ['***', 'tasks', 'run', 'country_dag', 'insert_task', 'manual__2023-03-28T22:43:38.838387+00:00', '--job-id', '335', '--raw', '--subdir', 'DAGS_FOLDER/country_dag.py', '--cfg-path', '/tmp/tmpoctau8ol', '--error-file', '/tmp/tmpf342irtb']
[2023-03-29 14:12:50,950] {standard_task_runner.py:80} INFO - Job 335: Subtask insert_task
[2023-03-29 14:12:50,999] {task_command.py:369} INFO - Running <TaskInstance: country_dag.insert_task manual__2023-03-28T22:43:38.838387+00:00 [running]> on host c0bc2ca16b74
[2023-03-29 14:12:51,082] {taskinstance.py:1571} INFO - Exporting the following env vars:
AIRFLOW_CTX_DAG_OWNER=Ranga
AIRFLOW_CTX_DAG_ID=country_dag
AIRFLOW_CTX_TASK_ID=insert_task
AIRFLOW_CTX_EXECUTION_DATE=2023-03-28T22:43:38.838387+00:00
AIRFLOW_CTX_TRY_NUMBER=1
AIRFLOW_CTX_DAG_RUN_ID=manual__2023-03-28T22:43:38.838387+00:00
[2023-03-29 14:12:51,817] {python.py:173} INFO - Done. Returned value was: None
[2023-03-29 14:12:51,834] {taskinstance.py:1400} INFO - Marking task as SUCCESS. dag_id=country_dag, task_id=insert_task, execution_date=20230328T224338, start_date=20230329T141250, end_date=20230329T141251
[2023-03-29 14:12:51,885] {local_task_job.py:156} INFO - Task exited with return code 0
[2023-03-29 14:12:51,921] {local_task_job.py:273} INFO - 1 downstream tasks scheduled from follow-on schedule check
