[2023-03-29 15:25:42,840] {taskinstance.py:1159} INFO - Dependencies all met for <TaskInstance: country_dag.end_task manual__2023-03-29T15:25:37.560341+00:00 [queued]>
[2023-03-29 15:25:42,850] {taskinstance.py:1159} INFO - Dependencies all met for <TaskInstance: country_dag.end_task manual__2023-03-29T15:25:37.560341+00:00 [queued]>
[2023-03-29 15:25:42,851] {taskinstance.py:1356} INFO - 
--------------------------------------------------------------------------------
[2023-03-29 15:25:42,851] {taskinstance.py:1357} INFO - Starting attempt 1 of 4
[2023-03-29 15:25:42,851] {taskinstance.py:1358} INFO - 
--------------------------------------------------------------------------------
[2023-03-29 15:25:42,866] {taskinstance.py:1377} INFO - Executing <Task(PythonOperator): end_task> on 2023-03-29 15:25:37.560341+00:00
[2023-03-29 15:25:42,871] {standard_task_runner.py:52} INFO - Started process 139 to run task
[2023-03-29 15:25:42,874] {standard_task_runner.py:79} INFO - Running: ['***', 'tasks', 'run', 'country_dag', 'end_task', 'manual__2023-03-29T15:25:37.560341+00:00', '--job-id', '425', '--raw', '--subdir', 'DAGS_FOLDER/country_dag.py', '--cfg-path', '/tmp/tmpi14xiwt6', '--error-file', '/tmp/tmp6hjiu3_u']
[2023-03-29 15:25:42,874] {standard_task_runner.py:80} INFO - Job 425: Subtask end_task
[2023-03-29 15:25:42,924] {task_command.py:369} INFO - Running <TaskInstance: country_dag.end_task manual__2023-03-29T15:25:37.560341+00:00 [running]> on host 75e36b0b32e7
[2023-03-29 15:25:42,994] {taskinstance.py:1571} INFO - Exporting the following env vars:
AIRFLOW_CTX_DAG_OWNER=kartaca
AIRFLOW_CTX_DAG_ID=country_dag
AIRFLOW_CTX_TASK_ID=end_task
AIRFLOW_CTX_EXECUTION_DATE=2023-03-29T15:25:37.560341+00:00
AIRFLOW_CTX_TRY_NUMBER=1
AIRFLOW_CTX_DAG_RUN_ID=manual__2023-03-29T15:25:37.560341+00:00
[2023-03-29 15:25:42,995] {logging_mixin.py:115} INFO - DAG is completed...
[2023-03-29 15:25:42,995] {python.py:173} INFO - Done. Returned value was: DAG is completed...
[2023-03-29 15:25:43,023] {taskinstance.py:1400} INFO - Marking task as SUCCESS. dag_id=country_dag, task_id=end_task, execution_date=20230329T152537, start_date=20230329T152542, end_date=20230329T152543
[2023-03-29 15:25:43,047] {local_task_job.py:156} INFO - Task exited with return code 0
[2023-03-29 15:25:43,080] {local_task_job.py:273} INFO - 0 downstream tasks scheduled from follow-on schedule check
