[2023-03-29 15:42:22,884] {taskinstance.py:1159} INFO - Dependencies all met for <TaskInstance: country_dag.start_task manual__2023-03-29T15:42:21.948164+00:00 [queued]>
[2023-03-29 15:42:22,897] {taskinstance.py:1159} INFO - Dependencies all met for <TaskInstance: country_dag.start_task manual__2023-03-29T15:42:21.948164+00:00 [queued]>
[2023-03-29 15:42:22,897] {taskinstance.py:1356} INFO - 
--------------------------------------------------------------------------------
[2023-03-29 15:42:22,897] {taskinstance.py:1357} INFO - Starting attempt 1 of 4
[2023-03-29 15:42:22,897] {taskinstance.py:1358} INFO - 
--------------------------------------------------------------------------------
[2023-03-29 15:42:22,912] {taskinstance.py:1377} INFO - Executing <Task(PythonOperator): start_task> on 2023-03-29 15:42:21.948164+00:00
[2023-03-29 15:42:22,917] {standard_task_runner.py:52} INFO - Started process 91 to run task
[2023-03-29 15:42:22,921] {standard_task_runner.py:79} INFO - Running: ['***', 'tasks', 'run', 'country_dag', 'start_task', 'manual__2023-03-29T15:42:21.948164+00:00', '--job-id', '518', '--raw', '--subdir', 'DAGS_FOLDER/country_dag.py', '--cfg-path', '/tmp/tmpo6p_b931', '--error-file', '/tmp/tmpyho8la1p']
[2023-03-29 15:42:22,921] {standard_task_runner.py:80} INFO - Job 518: Subtask start_task
[2023-03-29 15:42:22,999] {task_command.py:369} INFO - Running <TaskInstance: country_dag.start_task manual__2023-03-29T15:42:21.948164+00:00 [running]> on host 5d8703454903
[2023-03-29 15:42:23,091] {taskinstance.py:1571} INFO - Exporting the following env vars:
AIRFLOW_CTX_DAG_OWNER=kartaca
AIRFLOW_CTX_DAG_ID=country_dag
AIRFLOW_CTX_TASK_ID=start_task
AIRFLOW_CTX_EXECUTION_DATE=2023-03-29T15:42:21.948164+00:00
AIRFLOW_CTX_TRY_NUMBER=1
AIRFLOW_CTX_DAG_RUN_ID=manual__2023-03-29T15:42:21.948164+00:00
[2023-03-29 15:42:23,092] {logging_mixin.py:115} INFO - DAG has been started...
[2023-03-29 15:42:23,092] {python.py:173} INFO - Done. Returned value was: DAG has been started...
[2023-03-29 15:42:23,127] {taskinstance.py:1400} INFO - Marking task as SUCCESS. dag_id=country_dag, task_id=start_task, execution_date=20230329T154221, start_date=20230329T154222, end_date=20230329T154223
[2023-03-29 15:42:23,176] {local_task_job.py:156} INFO - Task exited with return code 0
[2023-03-29 15:42:23,224] {local_task_job.py:273} INFO - 1 downstream tasks scheduled from follow-on schedule check
