[2023-03-29 19:30:28,906] {taskinstance.py:1159} INFO - Dependencies all met for <TaskInstance: data_merge_dag.end_task manual__2023-03-29T15:42:47.481903+00:00 [queued]>
[2023-03-29 19:30:28,924] {taskinstance.py:1159} INFO - Dependencies all met for <TaskInstance: data_merge_dag.end_task manual__2023-03-29T15:42:47.481903+00:00 [queued]>
[2023-03-29 19:30:28,924] {taskinstance.py:1356} INFO - 
--------------------------------------------------------------------------------
[2023-03-29 19:30:28,924] {taskinstance.py:1357} INFO - Starting attempt 1 of 4
[2023-03-29 19:30:28,924] {taskinstance.py:1358} INFO - 
--------------------------------------------------------------------------------
[2023-03-29 19:30:28,950] {taskinstance.py:1377} INFO - Executing <Task(PythonOperator): end_task> on 2023-03-29 15:42:47.481903+00:00
[2023-03-29 19:30:28,955] {standard_task_runner.py:52} INFO - Started process 85 to run task
[2023-03-29 19:30:28,959] {standard_task_runner.py:79} INFO - Running: ['***', 'tasks', 'run', 'data_merge_dag', 'end_task', 'manual__2023-03-29T15:42:47.481903+00:00', '--job-id', '667', '--raw', '--subdir', 'DAGS_FOLDER/data_merge.py', '--cfg-path', '/tmp/tmp3pr3kivd', '--error-file', '/tmp/tmpq0_y1h0v']
[2023-03-29 19:30:28,959] {standard_task_runner.py:80} INFO - Job 667: Subtask end_task
[2023-03-29 19:30:29,045] {task_command.py:369} INFO - Running <TaskInstance: data_merge_dag.end_task manual__2023-03-29T15:42:47.481903+00:00 [running]> on host 491e5e6b4ad4
[2023-03-29 19:30:29,206] {taskinstance.py:1571} INFO - Exporting the following env vars:
AIRFLOW_CTX_DAG_OWNER=kartaca
AIRFLOW_CTX_DAG_ID=data_merge_dag
AIRFLOW_CTX_TASK_ID=end_task
AIRFLOW_CTX_EXECUTION_DATE=2023-03-29T15:42:47.481903+00:00
AIRFLOW_CTX_TRY_NUMBER=1
AIRFLOW_CTX_DAG_RUN_ID=manual__2023-03-29T15:42:47.481903+00:00
[2023-03-29 19:30:29,207] {logging_mixin.py:115} INFO - DAG is completed...
[2023-03-29 19:30:29,207] {python.py:173} INFO - Done. Returned value was: DAG is completed...
[2023-03-29 19:30:29,249] {taskinstance.py:1400} INFO - Marking task as SUCCESS. dag_id=data_merge_dag, task_id=end_task, execution_date=20230329T154247, start_date=20230329T193028, end_date=20230329T193029
[2023-03-29 19:30:29,293] {local_task_job.py:156} INFO - Task exited with return code 0
[2023-03-29 19:30:29,338] {local_task_job.py:273} INFO - 0 downstream tasks scheduled from follow-on schedule check
