[2023-03-29 19:20:17,422] {taskinstance.py:1159} INFO - Dependencies all met for <TaskInstance: currency_dag.insert_task scheduled__2023-03-29T10:00:00+00:00 [queued]>
[2023-03-29 19:20:17,438] {taskinstance.py:1159} INFO - Dependencies all met for <TaskInstance: currency_dag.insert_task scheduled__2023-03-29T10:00:00+00:00 [queued]>
[2023-03-29 19:20:17,439] {taskinstance.py:1356} INFO - 
--------------------------------------------------------------------------------
[2023-03-29 19:20:17,439] {taskinstance.py:1357} INFO - Starting attempt 1 of 4
[2023-03-29 19:20:17,439] {taskinstance.py:1358} INFO - 
--------------------------------------------------------------------------------
[2023-03-29 19:20:17,461] {taskinstance.py:1377} INFO - Executing <Task(PythonOperator): insert_task> on 2023-03-29 10:00:00+00:00
[2023-03-29 19:20:17,469] {standard_task_runner.py:52} INFO - Started process 104 to run task
[2023-03-29 19:20:17,471] {standard_task_runner.py:79} INFO - Running: ['***', 'tasks', 'run', 'currency_dag', 'insert_task', 'scheduled__2023-03-29T10:00:00+00:00', '--job-id', '644', '--raw', '--subdir', 'DAGS_FOLDER/currency_dag.py', '--cfg-path', '/tmp/tmp752jl5v8', '--error-file', '/tmp/tmpflkgtv0x']
[2023-03-29 19:20:17,472] {standard_task_runner.py:80} INFO - Job 644: Subtask insert_task
[2023-03-29 19:20:17,543] {task_command.py:369} INFO - Running <TaskInstance: currency_dag.insert_task scheduled__2023-03-29T10:00:00+00:00 [running]> on host 0f918821725a
[2023-03-29 19:20:17,644] {taskinstance.py:1571} INFO - Exporting the following env vars:
AIRFLOW_CTX_DAG_OWNER=kartaca
AIRFLOW_CTX_DAG_ID=currency_dag
AIRFLOW_CTX_TASK_ID=insert_task
AIRFLOW_CTX_EXECUTION_DATE=2023-03-29T10:00:00+00:00
AIRFLOW_CTX_TRY_NUMBER=1
AIRFLOW_CTX_DAG_RUN_ID=scheduled__2023-03-29T10:00:00+00:00
[2023-03-29 19:20:18,673] {python.py:173} INFO - Done. Returned value was: None
[2023-03-29 19:20:18,685] {taskinstance.py:1400} INFO - Marking task as SUCCESS. dag_id=currency_dag, task_id=insert_task, execution_date=20230329T100000, start_date=20230329T192017, end_date=20230329T192018
[2023-03-29 19:20:18,728] {local_task_job.py:156} INFO - Task exited with return code 0
[2023-03-29 19:20:18,767] {local_task_job.py:273} INFO - 1 downstream tasks scheduled from follow-on schedule check
