[2023-03-29 15:55:23,732] {taskinstance.py:1159} INFO - Dependencies all met for <TaskInstance: country_dag.insert_task manual__2023-03-29T15:55:19.869602+00:00 [queued]>
[2023-03-29 15:55:23,741] {taskinstance.py:1159} INFO - Dependencies all met for <TaskInstance: country_dag.insert_task manual__2023-03-29T15:55:19.869602+00:00 [queued]>
[2023-03-29 15:55:23,741] {taskinstance.py:1356} INFO - 
--------------------------------------------------------------------------------
[2023-03-29 15:55:23,741] {taskinstance.py:1357} INFO - Starting attempt 1 of 4
[2023-03-29 15:55:23,741] {taskinstance.py:1358} INFO - 
--------------------------------------------------------------------------------
[2023-03-29 15:55:23,755] {taskinstance.py:1377} INFO - Executing <Task(PythonOperator): insert_task> on 2023-03-29 15:55:19.869602+00:00
[2023-03-29 15:55:23,760] {standard_task_runner.py:52} INFO - Started process 132 to run task
[2023-03-29 15:55:23,762] {standard_task_runner.py:79} INFO - Running: ['***', 'tasks', 'run', 'country_dag', 'insert_task', 'manual__2023-03-29T15:55:19.869602+00:00', '--job-id', '598', '--raw', '--subdir', 'DAGS_FOLDER/country_dag.py', '--cfg-path', '/tmp/tmpl767sl7u', '--error-file', '/tmp/tmpssmjs7sa']
[2023-03-29 15:55:23,762] {standard_task_runner.py:80} INFO - Job 598: Subtask insert_task
[2023-03-29 15:55:23,809] {task_command.py:369} INFO - Running <TaskInstance: country_dag.insert_task manual__2023-03-29T15:55:19.869602+00:00 [running]> on host 4513f77b4fd8
[2023-03-29 15:55:23,876] {taskinstance.py:1571} INFO - Exporting the following env vars:
AIRFLOW_CTX_DAG_OWNER=kartaca
AIRFLOW_CTX_DAG_ID=country_dag
AIRFLOW_CTX_TASK_ID=insert_task
AIRFLOW_CTX_EXECUTION_DATE=2023-03-29T15:55:19.869602+00:00
AIRFLOW_CTX_TRY_NUMBER=1
AIRFLOW_CTX_DAG_RUN_ID=manual__2023-03-29T15:55:19.869602+00:00
[2023-03-29 15:55:24,670] {python.py:173} INFO - Done. Returned value was: None
[2023-03-29 15:55:24,685] {taskinstance.py:1400} INFO - Marking task as SUCCESS. dag_id=country_dag, task_id=insert_task, execution_date=20230329T155519, start_date=20230329T155523, end_date=20230329T155524
[2023-03-29 15:55:24,739] {local_task_job.py:156} INFO - Task exited with return code 0
[2023-03-29 15:55:24,778] {local_task_job.py:273} INFO - 1 downstream tasks scheduled from follow-on schedule check
