[2023-03-29 15:31:54,474] {taskinstance.py:1159} INFO - Dependencies all met for <TaskInstance: currency_dag.insert_task manual__2023-03-29T15:31:50.183691+00:00 [queued]>
[2023-03-29 15:31:54,485] {taskinstance.py:1159} INFO - Dependencies all met for <TaskInstance: currency_dag.insert_task manual__2023-03-29T15:31:50.183691+00:00 [queued]>
[2023-03-29 15:31:54,485] {taskinstance.py:1356} INFO - 
--------------------------------------------------------------------------------
[2023-03-29 15:31:54,485] {taskinstance.py:1357} INFO - Starting attempt 1 of 4
[2023-03-29 15:31:54,485] {taskinstance.py:1358} INFO - 
--------------------------------------------------------------------------------
[2023-03-29 15:31:54,498] {taskinstance.py:1377} INFO - Executing <Task(PythonOperator): insert_task> on 2023-03-29 15:31:50.183691+00:00
[2023-03-29 15:31:54,502] {standard_task_runner.py:52} INFO - Started process 136 to run task
[2023-03-29 15:31:54,505] {standard_task_runner.py:79} INFO - Running: ['***', 'tasks', 'run', 'currency_dag', 'insert_task', 'manual__2023-03-29T15:31:50.183691+00:00', '--job-id', '460', '--raw', '--subdir', 'DAGS_FOLDER/currency_dag.py', '--cfg-path', '/tmp/tmpprum_jyx', '--error-file', '/tmp/tmpgze1t2e5']
[2023-03-29 15:31:54,505] {standard_task_runner.py:80} INFO - Job 460: Subtask insert_task
[2023-03-29 15:31:54,551] {task_command.py:369} INFO - Running <TaskInstance: currency_dag.insert_task manual__2023-03-29T15:31:50.183691+00:00 [running]> on host cbb3159fbb01
[2023-03-29 15:31:54,620] {taskinstance.py:1571} INFO - Exporting the following env vars:
AIRFLOW_CTX_DAG_OWNER=kartaca
AIRFLOW_CTX_DAG_ID=currency_dag
AIRFLOW_CTX_TASK_ID=insert_task
AIRFLOW_CTX_EXECUTION_DATE=2023-03-29T15:31:50.183691+00:00
AIRFLOW_CTX_TRY_NUMBER=1
AIRFLOW_CTX_DAG_RUN_ID=manual__2023-03-29T15:31:50.183691+00:00
[2023-03-29 15:31:55,475] {python.py:173} INFO - Done. Returned value was: None
[2023-03-29 15:31:55,489] {taskinstance.py:1400} INFO - Marking task as SUCCESS. dag_id=currency_dag, task_id=insert_task, execution_date=20230329T153150, start_date=20230329T153154, end_date=20230329T153155
[2023-03-29 15:31:55,520] {local_task_job.py:156} INFO - Task exited with return code 0
[2023-03-29 15:31:55,560] {local_task_job.py:273} INFO - 1 downstream tasks scheduled from follow-on schedule check
