[2023-03-29 19:20:15,443] {taskinstance.py:1159} INFO - Dependencies all met for <TaskInstance: data_merge_dag.end_task manual__2023-03-29T15:37:03.179215+00:00 [queued]>
[2023-03-29 19:20:15,461] {taskinstance.py:1159} INFO - Dependencies all met for <TaskInstance: data_merge_dag.end_task manual__2023-03-29T15:37:03.179215+00:00 [queued]>
[2023-03-29 19:20:15,461] {taskinstance.py:1356} INFO - 
--------------------------------------------------------------------------------
[2023-03-29 19:20:15,461] {taskinstance.py:1357} INFO - Starting attempt 1 of 4
[2023-03-29 19:20:15,461] {taskinstance.py:1358} INFO - 
--------------------------------------------------------------------------------
[2023-03-29 19:20:15,485] {taskinstance.py:1377} INFO - Executing <Task(PythonOperator): end_task> on 2023-03-29 15:37:03.179215+00:00
[2023-03-29 19:20:15,495] {standard_task_runner.py:52} INFO - Started process 96 to run task
[2023-03-29 19:20:15,500] {standard_task_runner.py:79} INFO - Running: ['***', 'tasks', 'run', 'data_merge_dag', 'end_task', 'manual__2023-03-29T15:37:03.179215+00:00', '--job-id', '636', '--raw', '--subdir', 'DAGS_FOLDER/data_merge.py', '--cfg-path', '/tmp/tmpviag2s5g', '--error-file', '/tmp/tmpw5sr11ht']
[2023-03-29 19:20:15,500] {standard_task_runner.py:80} INFO - Job 636: Subtask end_task
[2023-03-29 19:20:15,623] {task_command.py:369} INFO - Running <TaskInstance: data_merge_dag.end_task manual__2023-03-29T15:37:03.179215+00:00 [running]> on host 0f918821725a
[2023-03-29 19:20:15,755] {taskinstance.py:1571} INFO - Exporting the following env vars:
AIRFLOW_CTX_DAG_OWNER=kartaca
AIRFLOW_CTX_DAG_ID=data_merge_dag
AIRFLOW_CTX_TASK_ID=end_task
AIRFLOW_CTX_EXECUTION_DATE=2023-03-29T15:37:03.179215+00:00
AIRFLOW_CTX_TRY_NUMBER=1
AIRFLOW_CTX_DAG_RUN_ID=manual__2023-03-29T15:37:03.179215+00:00
[2023-03-29 19:20:15,756] {logging_mixin.py:115} INFO - DAG is completed...
[2023-03-29 19:20:15,757] {python.py:173} INFO - Done. Returned value was: DAG is completed...
[2023-03-29 19:20:15,800] {taskinstance.py:1400} INFO - Marking task as SUCCESS. dag_id=data_merge_dag, task_id=end_task, execution_date=20230329T153703, start_date=20230329T192015, end_date=20230329T192015
[2023-03-29 19:20:15,839] {local_task_job.py:156} INFO - Task exited with return code 0
[2023-03-29 19:20:15,877] {local_task_job.py:273} INFO - 0 downstream tasks scheduled from follow-on schedule check
