[2023-03-29 15:50:59,670] {taskinstance.py:1159} INFO - Dependencies all met for <TaskInstance: currency_dag.start_task manual__2023-03-29T15:50:58.955171+00:00 [queued]>
[2023-03-29 15:50:59,681] {taskinstance.py:1159} INFO - Dependencies all met for <TaskInstance: currency_dag.start_task manual__2023-03-29T15:50:58.955171+00:00 [queued]>
[2023-03-29 15:50:59,681] {taskinstance.py:1356} INFO - 
--------------------------------------------------------------------------------
[2023-03-29 15:50:59,681] {taskinstance.py:1357} INFO - Starting attempt 1 of 4
[2023-03-29 15:50:59,681] {taskinstance.py:1358} INFO - 
--------------------------------------------------------------------------------
[2023-03-29 15:50:59,696] {taskinstance.py:1377} INFO - Executing <Task(PythonOperator): start_task> on 2023-03-29 15:50:58.955171+00:00
[2023-03-29 15:50:59,699] {standard_task_runner.py:52} INFO - Started process 87 to run task
[2023-03-29 15:50:59,702] {standard_task_runner.py:79} INFO - Running: ['***', 'tasks', 'run', 'currency_dag', 'start_task', 'manual__2023-03-29T15:50:58.955171+00:00', '--job-id', '582', '--raw', '--subdir', 'DAGS_FOLDER/currency_dag.py', '--cfg-path', '/tmp/tmpi6pg5jcg', '--error-file', '/tmp/tmpil1a0oyq']
[2023-03-29 15:50:59,703] {standard_task_runner.py:80} INFO - Job 582: Subtask start_task
[2023-03-29 15:50:59,761] {task_command.py:369} INFO - Running <TaskInstance: currency_dag.start_task manual__2023-03-29T15:50:58.955171+00:00 [running]> on host 5d8703454903
[2023-03-29 15:50:59,835] {taskinstance.py:1571} INFO - Exporting the following env vars:
AIRFLOW_CTX_DAG_OWNER=kartaca
AIRFLOW_CTX_DAG_ID=currency_dag
AIRFLOW_CTX_TASK_ID=start_task
AIRFLOW_CTX_EXECUTION_DATE=2023-03-29T15:50:58.955171+00:00
AIRFLOW_CTX_TRY_NUMBER=1
AIRFLOW_CTX_DAG_RUN_ID=manual__2023-03-29T15:50:58.955171+00:00
[2023-03-29 15:50:59,835] {logging_mixin.py:115} INFO - DAG has been started...
[2023-03-29 15:50:59,836] {python.py:173} INFO - Done. Returned value was: DAG has been started...
[2023-03-29 15:50:59,947] {taskinstance.py:1400} INFO - Marking task as SUCCESS. dag_id=currency_dag, task_id=start_task, execution_date=20230329T155058, start_date=20230329T155059, end_date=20230329T155059
[2023-03-29 15:50:59,996] {local_task_job.py:156} INFO - Task exited with return code 0
[2023-03-29 15:51:00,039] {local_task_job.py:273} INFO - 1 downstream tasks scheduled from follow-on schedule check
