[2023-03-29 15:51:04,983] {taskinstance.py:1159} INFO - Dependencies all met for <TaskInstance: currency_dag.end_task manual__2023-03-29T15:50:58.955171+00:00 [queued]>
[2023-03-29 15:51:04,993] {taskinstance.py:1159} INFO - Dependencies all met for <TaskInstance: currency_dag.end_task manual__2023-03-29T15:50:58.955171+00:00 [queued]>
[2023-03-29 15:51:04,993] {taskinstance.py:1356} INFO - 
--------------------------------------------------------------------------------
[2023-03-29 15:51:04,993] {taskinstance.py:1357} INFO - Starting attempt 1 of 4
[2023-03-29 15:51:04,993] {taskinstance.py:1358} INFO - 
--------------------------------------------------------------------------------
[2023-03-29 15:51:05,013] {taskinstance.py:1377} INFO - Executing <Task(PythonOperator): end_task> on 2023-03-29 15:50:58.955171+00:00
[2023-03-29 15:51:05,018] {standard_task_runner.py:52} INFO - Started process 97 to run task
[2023-03-29 15:51:05,021] {standard_task_runner.py:79} INFO - Running: ['***', 'tasks', 'run', 'currency_dag', 'end_task', 'manual__2023-03-29T15:50:58.955171+00:00', '--job-id', '587', '--raw', '--subdir', 'DAGS_FOLDER/currency_dag.py', '--cfg-path', '/tmp/tmpmc0a8k9j', '--error-file', '/tmp/tmpr7mcsmpy']
[2023-03-29 15:51:05,022] {standard_task_runner.py:80} INFO - Job 587: Subtask end_task
[2023-03-29 15:51:05,151] {task_command.py:369} INFO - Running <TaskInstance: currency_dag.end_task manual__2023-03-29T15:50:58.955171+00:00 [running]> on host 5d8703454903
[2023-03-29 15:51:05,233] {taskinstance.py:1571} INFO - Exporting the following env vars:
AIRFLOW_CTX_DAG_OWNER=kartaca
AIRFLOW_CTX_DAG_ID=currency_dag
AIRFLOW_CTX_TASK_ID=end_task
AIRFLOW_CTX_EXECUTION_DATE=2023-03-29T15:50:58.955171+00:00
AIRFLOW_CTX_TRY_NUMBER=1
AIRFLOW_CTX_DAG_RUN_ID=manual__2023-03-29T15:50:58.955171+00:00
[2023-03-29 15:51:05,234] {logging_mixin.py:115} INFO - DAG is completed...
[2023-03-29 15:51:05,234] {python.py:173} INFO - Done. Returned value was: DAG is completed...
[2023-03-29 15:51:05,265] {taskinstance.py:1400} INFO - Marking task as SUCCESS. dag_id=currency_dag, task_id=end_task, execution_date=20230329T155058, start_date=20230329T155104, end_date=20230329T155105
[2023-03-29 15:51:05,315] {local_task_job.py:156} INFO - Task exited with return code 0
[2023-03-29 15:51:05,345] {local_task_job.py:273} INFO - 0 downstream tasks scheduled from follow-on schedule check
